Computing Integrals
Basis Set                                            = def2-qzvp
Auxiliary Basis Set                                  = def2-universal-jkfit
Gaussian Type                                        = Spherical
Elapsed time:    1.66 Seconds

Number of basis functions                   (NBF)    = 57
Number of auxiliary basis functions         (NBFAUX) = 77
Inactive Doubly occupied orbitals up to     (NO1)    = 0
No. considered Strongly Doubly occupied MOs (NDOC)   = 5
No. considered Strongly Singly occupied MOs (NSOC)   = 0
NO. of Weakly occ. per St. Doubly occ.  MOs (NCWO)   = 10
Dimension of the Nat. Orb. subspace         (NBF5)   = 55
No. of electrons                                     = 10
    No. of alpha electrons                           = 5
    No. of beta electrons                            = 5
Multiplicity                                         = 1

Geometry
========
 F      -0.2051159       1.1919457      -0.6962901

No violations of the orthonormality
No violations of the orthonormality
 
PNOF8/ADABelief Calculation
==================
 
  Nitext  Nit_orb  Time   Nit_occ  Time         Eelec          Etot           Ediff      maxdiff    MaxGrad_orb  Grad_occ
     1      10    9.0e+00    0    1.2e+01   -99.77087957   -99.77087957 -10098.77087957   0.000803   3.2e-03   9.7e-05 0.02
 
RESULTS OF THE OCCUPATION OPTIMIZATION
========================================
   1    1.9999390  -25.86050352
   2    1.9854456  -1.11096356
   3    1.9768257  -0.22617379
   4    1.9774710  -0.22611930
   5    1.9775158  -0.22587444
   6    0.0158194  -0.02181421
   7    0.0154499  -0.02164535
   8    0.0137718  -0.02084505
   9    0.0089771  -0.02443781
  10    0.0000379  -0.00174103
  11    0.0045092  -0.00894769
  12    0.0044847  -0.00894865
  13    0.0041424  -0.00876082
  14    0.0033860  -0.00895376
  15    0.0000040  -0.00010186
  16    0.0011084  -0.00341648
  17    0.0011099  -0.00347950
  18    0.0041064  -0.00870936
  19    0.0009694  -0.00363689
  20    0.0000030  -0.00008800
  21    0.0003383  -0.00118527
  22    0.0003317  -0.00117797
  23    0.0006997  -0.00542480
  24    0.0003175  -0.00166914
  25    0.0000029  -0.00008405
  26    0.0003210  -0.00108633
  27    0.0003220  -0.00108445
  28    0.0003082  -0.00106020
  29    0.0002875  -0.00117120
  30    0.0000027  -0.00007644
  31    0.0003165  -0.00108755
  32    0.0003150  -0.00109646
  33    0.0000735  -0.00017722
  34    0.0002861  -0.00116128
  35    0.0000026  -0.00007466
  36    0.0000202  -0.00016055
  37    0.0003059  -0.00107061
  38    0.0000197  -0.00016080
  39    0.0002761  -0.00111108
  40    0.0000024  -0.00007419
  41    0.0000179  -0.00012791
  42    0.0001035  -0.00022141
  43    0.0000187  -0.00014610
  44    0.0000205  -0.00016779
  45    0.0000023  -0.00007055
  46    0.0000171  -0.00012065
  47    0.0000879  -0.00018824
  48    0.0000172  -0.00012723
  49    0.0000176  -0.00012445
  50    0.0000019  -0.00006602
  51    0.0000163  -0.00012354
  52    0.0000185  -0.00013326
  53    0.0000167  -0.00012340
  54    0.0000166  -0.00013247
  55    0.0000013  -0.00011376
 
----------------
 Final Energies 
----------------
Final NOF Total Energy =     -99.7708796
 
Total Orbital Internal Iterations = 10
Total Occupation Internal Iterations = 0
 
Elapsed time:   26.66 Seconds

---------------------------------
   Lowdin Population Analysis    
---------------------------------
 Idx  Atom   Population   Charge 
---------------------------------
  1     F    10.000      -1.000

---------------------------------
   M Diagnostic: 0.02
---------------------------------

