Computing Integrals
Basis Set                                            = def2-qzvp
Auxiliary Basis Set                                  = def2-universal-jkfit
Gaussian Type                                        = Spherical
Elapsed time:    1.57 Seconds

Number of basis functions                   (NBF)    = 56
Number of auxiliary basis functions         (NBFAUX) = 160
Inactive Doubly occupied orbitals up to     (NO1)    = 0
No. considered Strongly Doubly occupied MOs (NDOC)   = 9
No. considered Strongly Singly occupied MOs (NSOC)   = 1
NO. of Weakly occ. per St. Doubly occ.  MOs (NCWO)   = 5
Dimension of the Nat. Orb. subspace         (NBF5)   = 55
No. of electrons                                     = 19
    No. of alpha electrons                           = 10
    No. of beta electrons                            = 9
Multiplicity                                         = 2

Geometry
========
 K       0.0000000       0.0000000       0.0000000

No violations of the orthonormality
No violations of the orthonormality
 
PNOF8/ADABelief Calculation
==================
 
  Nitext  Nit_orb  Time   Nit_occ  Time         Eelec          Etot           Ediff      maxdiff    MaxGrad_orb  Grad_occ
     1      10    9.1e+00    0    1.2e+01  -599.49337722  -599.49337722 -10598.49337722   0.000497   2.0e-03   2.0e-04 0.02
 
RESULTS OF THE OCCUPATION OPTIMIZATION
========================================
   1    1.9999996  -133.48937582
   2    1.9999920  -14.59311163
   3    1.9999782  -11.53228785
   4    1.9999784  -11.53221985
   5    1.9998904  -11.53173668
   6    1.9839765  -1.77175245
   7    1.9759543  -0.97989462
   8    1.9747198  -0.97860463
   9    1.9708425  -0.97807799
  10    1.0000000  -0.07710879
  11    0.0144656  -0.02565367
  12    0.0158350  -0.02692684
  13    0.0176820  -0.02842582
  14    0.0088093  -0.02163751
  15    0.0000950  -0.00488831
  16    0.0000187  -0.00089524
  17    0.0000169  -0.00085657
  18    0.0000079  -0.00057165
  19    0.0000002  -0.00000202
  20    0.0138797  -0.02486775
  21    0.0042062  -0.00738039
  22    0.0047234  -0.00788369
  23    0.0063474  -0.03177915
  24    0.0000086  -0.00007481
  25    0.0000011  -0.00001615
  26    0.0000025  -0.00002428
  27    0.0000001  -0.00000132
  28    0.0000001  -0.00000132
  29    0.0006203  -0.00167124
  30    0.0038368  -0.00683670
  31    0.0007724  -0.00275919
  32    0.0007148  -0.00885892
  33    0.0000042  -0.00003136
  34    0.0000008  -0.00001318
  35    0.0000012  -0.00001634
  36    0.0000000  -0.00000015
  37    0.0000001  -0.00000063
  38    0.0001071  -0.00021842
  39    0.0007247  -0.00191894
  40    0.0007495  -0.00195346
  41    0.0000780  -0.00020130
  42    0.0000011  -0.00001532
  43    0.0000005  -0.00000371
  44    0.0000007  -0.00001193
  45    0.0000000  -0.00000003
  46    0.0000000  -0.00000056
  47    0.0000848  -0.00019745
  48    0.0006775  -0.00180656
  49    0.0001185  -0.00022716
  50    0.0000740  -0.00019520
  51    0.0000007  -0.00001220
  52    0.0000004  -0.00000287
  53    0.0000006  -0.00000496
  54    0.0000000  -0.00000001
  55    0.0000000  -0.00000046
 
----------------
 Final Energies 
----------------
Final NOF Total Energy =    -599.4933772
 
Total Orbital Internal Iterations = 10
Total Occupation Internal Iterations = 0
 
Elapsed time:   26.91 Seconds

---------------------------------
   Lowdin Population Analysis    
---------------------------------
 Idx  Atom   Population   Charge 
---------------------------------
  1     K    19.000      -0.000

---------------------------------
   M Diagnostic: 0.02
---------------------------------

