Computing Integrals
Basis Set                                            = def2-qzvp
Auxiliary Basis Set                                  = def2-universal-jkfit
Gaussian Type                                        = Spherical
Elapsed time:    1.62 Seconds

Number of basis functions                   (NBF)    = 57
Number of auxiliary basis functions         (NBFAUX) = 77
Inactive Doubly occupied orbitals up to     (NO1)    = 0
No. considered Strongly Doubly occupied MOs (NDOC)   = 4
No. considered Strongly Singly occupied MOs (NSOC)   = 1
NO. of Weakly occ. per St. Doubly occ.  MOs (NCWO)   = 13
Dimension of the Nat. Orb. subspace         (NBF5)   = 57
No. of electrons                                     = 9
    No. of alpha electrons                           = 5
    No. of beta electrons                            = 4
Multiplicity                                         = 2

Geometry
========
 F       0.0000000       0.0000000       0.0000000

No violations of the orthonormality
No violations of the orthonormality
 
PNOF8/ADABelief Calculation
==================
 
  Nitext  Nit_orb  Time   Nit_occ  Time         Eelec          Etot           Ediff      maxdiff    MaxGrad_orb  Grad_occ
     1      10    9.0e+00    5    1.2e+01   -99.68426667   -99.68426667 -10098.68426667   0.002757   1.1e-02   1.7e-04 0.02
     2      20    2.9e-02    0    2.9e-03   -99.68491839   -99.68491839    -0.00065172   0.002757   1.1e-02   1.7e-04 0.02
     3      40    4.0e-02    3    3.7e-03   -99.68516573   -99.68516573    -0.00024734   0.002583   1.0e-02   1.6e-04 0.02
     4      40    4.0e-02    1    2.8e-03   -99.68525309   -99.68525309    -0.00008736   0.002255   9.0e-03   1.9e-04 0.02
     5      40    3.8e-02    2    3.2e-03   -99.68526677   -99.68526677    -0.00001368   0.002123   8.5e-03   2.1e-04 0.02
     6      40    3.7e-02    2    3.2e-03   -99.68528333   -99.68528333    -0.00001656   0.002158   8.6e-03   1.8e-04 0.02
     7      40    3.9e-02    2    3.1e-03   -99.68529236   -99.68529236    -0.00000903   0.002120   8.5e-03   1.4e-04 0.02
     8      40    4.0e-02    0    9.7e-04   -99.68529659   -99.68529659    -0.00000423   0.002176   8.7e-03   1.3e-04 0.02
     9      50    4.9e-02    0    2.2e-03   -99.68530469   -99.68530469    -0.00000810   0.001611   6.4e-03   1.5e-04 0.02
    10      60    6.1e-02    0    2.3e-03   -99.68530929   -99.68530929    -0.00000461   0.001337   5.3e-03   1.3e-04 0.02
    11      70    6.3e-02    0    1.0e-03   -99.68531284   -99.68531284    -0.00000354   0.001166   4.7e-03   1.5e-04 0.02
    12      80    6.9e-02    0    2.9e-03   -99.68531566   -99.68531566    -0.00000282   0.000982   3.9e-03   1.4e-04 0.02
 
RESULTS OF THE OCCUPATION OPTIMIZATION
========================================
   1    1.9999506  -26.42659184
   2    1.9831079  -1.61910126
   3    1.9789164  -0.75528379
   4    1.9775858  -0.75504559
   5    1.0000000  -0.45471178
   6    0.0110020  -0.02045974
   7    0.0110403  -0.02053786
   8    0.0088654  -0.02457164
   9    0.0000312  -0.00148383
  10    0.0051116  -0.01095280
  11    0.0049103  -0.01088540
  12    0.0029619  -0.00782443
  13    0.0000043  -0.00008785
  14    0.0045446  -0.01059329
  15    0.0034627  -0.00801422
  16    0.0027327  -0.00717036
  17    0.0000025  -0.00006917
  18    0.0007683  -0.00273959
  19    0.0005947  -0.00580764
  20    0.0007357  -0.00285549
  21    0.0000021  -0.00006320
  22    0.0002559  -0.00094790
  23    0.0003081  -0.00116843
  24    0.0004453  -0.00167423
  25    0.0000020  -0.00006075
  26    0.0002255  -0.00086227
  27    0.0002501  -0.00094737
  28    0.0002999  -0.00119443
  29    0.0000013  -0.00004774
  30    0.0002172  -0.00084213
  31    0.0002183  -0.00081213
  32    0.0002920  -0.00123090
  33    0.0000013  -0.00004646
  34    0.0002097  -0.00082629
  35    0.0002083  -0.00076074
  36    0.0002884  -0.00125961
  37    0.0000011  -0.00004402
  38    0.0000177  -0.00011866
  39    0.0000207  -0.00014752
  40    0.0001941  -0.00085599
  41    0.0000010  -0.00007413
  42    0.0000166  -0.00011980
  43    0.0000195  -0.00014869
  44    0.0000210  -0.00013752
  45    0.0000009  -0.00001353
  46    0.0000162  -0.00011214
  47    0.0000180  -0.00012989
  48    0.0000202  -0.00013615
  49    0.0000008  -0.00001239
  50    0.0000147  -0.00010855
  51    0.0000170  -0.00012351
  52    0.0000180  -0.00012041
  53    0.0000006  -0.00000650
  54    0.0000142  -0.00010676
  55    0.0000154  -0.00011090
  56    0.0000173  -0.00011723
  57    0.0000003  -0.00003092
 
----------------
 Final Energies 
----------------
Final NOF Total Energy =     -99.6853157
 
Total Orbital Internal Iterations = 530
Total Occupation Internal Iterations = 15
 
Elapsed time:   27.29 Seconds

---------------------------------
   Lowdin Population Analysis    
---------------------------------
 Idx  Atom   Population   Charge 
---------------------------------
  1     F     9.000      -0.000

---------------------------------
   M Diagnostic: 0.02
---------------------------------

