Computing Integrals
Basis Set                                            = def2-qzvp
Auxiliary Basis Set                                  = def2-universal-jkfit
Gaussian Type                                        = Spherical
Elapsed time:    1.98 Seconds

Number of basis functions                   (NBF)    = 113
Number of auxiliary basis functions         (NBFAUX) = 237
Inactive Doubly occupied orbitals up to     (NO1)    = 0
No. considered Strongly Doubly occupied MOs (NDOC)   = 14
No. considered Strongly Singly occupied MOs (NSOC)   = 0
NO. of Weakly occ. per St. Doubly occ.  MOs (NCWO)   = 7
Dimension of the Nat. Orb. subspace         (NBF5)   = 112
No. of electrons                                     = 28
    No. of alpha electrons                           = 14
    No. of beta electrons                            = 14
Multiplicity                                         = 1

Geometry
========
 K       0.0000000       0.0000000      -1.0888710
 F       0.0000000       0.0000000       1.0888710

No violations of the orthonormality
No violations of the orthonormality
 
PNOF8/ADABelief Calculation
==================
 
  Nitext  Nit_orb  Time   Nit_occ  Time         Eelec          Etot           Ediff      maxdiff    MaxGrad_orb  Grad_occ
     1      10    1.0e+01    0    1.2e+01  -740.89765419  -699.34584617 -10739.89765419   0.000494   2.0e-03   2.6e-04 0.02
 
RESULTS OF THE OCCUPATION OPTIMIZATION
========================================
   1    1.9999998  -133.51359357
   2    1.9999709  -16.69732207
   3    1.9999578  -16.53351369
   4    1.9999652  -15.40929450
   5    1.9999700  -14.95095957
   6    1.9998793  -11.49506366
   7    1.9875778  -1.70325797
   8    1.9864559  -1.39458037
   9    1.9764096  -0.89179133
  10    1.9714945  -0.89001697
  11    1.9761995  -0.86925771
  12    1.9756179  -0.67690492
  13    1.9757768  -0.47194383
  14    1.9752605  -0.47184057
  15    0.0147548  -0.02334981
  16    0.0136310  -0.02256052
  17    0.0182559  -0.03062115
  18    0.0149776  -0.02467547
  19    0.0141907  -0.02466805
  20    0.0179202  -0.02733185
  21    0.0084436  -0.02377543
  22    0.0090206  -0.03253269
  23    0.0000928  -0.00468704
  24    0.0000155  -0.00156768
  25    0.0000094  -0.00033865
  26    0.0000402  -0.00158859
  27    0.0000075  -0.00012122
  28    0.0000002  -0.00000015
  29    0.0045842  -0.00977667
  30    0.0044263  -0.00971532
  31    0.0035797  -0.00647867
  32    0.0070950  -0.01507509
  33    0.0138948  -0.02421256
  34    0.0044034  -0.00723055
  35    0.0032193  -0.00902564
  36    0.0023172  -0.00888441
  37    0.0000061  -0.00010968
  38    0.0000054  -0.00010474
  39    0.0000069  -0.00011788
  40    0.0000005  -0.00000259
  41    0.0000065  -0.00011469
  42    0.0000000  -0.00000001
  43    0.0044266  -0.00940115
  44    0.0042064  -0.00928406
  45    0.0009058  -0.00285105
  46    0.0007160  -0.00193240
  47    0.0001173  -0.00022871
  48    0.0007562  -0.00219632
  49    0.0009689  -0.00972157
  50    0.0005845  -0.00691016
  51    0.0000060  -0.00010188
  52    0.0000046  -0.00009047
  53    0.0000060  -0.00014640
  54    0.0000004  -0.00000073
  55    0.0000062  -0.00011154
  56    0.0000000  -0.00000001
  57    0.0003655  -0.00120368
  58    0.0010304  -0.00337512
  59    0.0006878  -0.00193736
  60    0.0006900  -0.00218414
  61    0.0001125  -0.00023767
  62    0.0002591  -0.00088999
  63    0.0005396  -0.00280462
  64    0.0002202  -0.00111764
  65    0.0000057  -0.00009962
  66    0.0000024  -0.00003701
  67    0.0000054  -0.00009639
  68    0.0000004  -0.00000046
  69    0.0000059  -0.00019312
  70    0.0000000  -0.00000000
  71    0.0002951  -0.00106356
  72    0.0003581  -0.00120676
  73    0.0006755  -0.00209486
  74    0.0002294  -0.00082182
  75    0.0000977  -0.00027088
  76    0.0002160  -0.00065210
  77    0.0002904  -0.00118309
  78    0.0001638  -0.00079327
  79    0.0000053  -0.00009403
  80    0.0000011  -0.00001123
  81    0.0000049  -0.00009560
  82    0.0000003  -0.00000037
  83    0.0000016  -0.00001542
  84    0.0000000  -0.00000000
  85    0.0002884  -0.00105511
  86    0.0002857  -0.00105523
  87    0.0002590  -0.00102475
  88    0.0000673  -0.00020320
  89    0.0000788  -0.00017189
  90    0.0000180  -0.00015458
  91    0.0000647  -0.00022538
  92    0.0000983  -0.00063338
  93    0.0000035  -0.00011775
  94    0.0000005  -0.00000730
  95    0.0000017  -0.00001592
  96    0.0000002  -0.00000013
  97    0.0000011  -0.00001173
  98    0.0000000  -0.00000000
  99    0.0000249  -0.00016094
 100    0.0002853  -0.00104757
 101    0.0000186  -0.00011264
 102    0.0000251  -0.00010830
 103    0.0000138  -0.00012502
 104    0.0000174  -0.00014640
 105    0.0000177  -0.00012856
 106    0.0000176  -0.00017009
 107    0.0000013  -0.00001309
 108    0.0000005  -0.00000246
 109    0.0000005  -0.00002470
 110    0.0000001  -0.00000006
 111    0.0000004  -0.00002664
 112    0.0000000  -0.00000000
 
----------------
 Final Energies 
----------------
Final NOF Total Energy =    -699.3458462
 
Total Orbital Internal Iterations = 10
Total Occupation Internal Iterations = 0
 
Elapsed time:   28.34 Seconds

---------------------------------
   Lowdin Population Analysis    
---------------------------------
 Idx  Atom   Population   Charge 
---------------------------------
  1     K    18.432       0.568
  2     F     9.568      -0.568

---------------------------------
   M Diagnostic: 0.02
---------------------------------

