Computing Integrals
Basis Set                                            = def2-qzvp
Auxiliary Basis Set                                  = def2-universal-jkfit
Gaussian Type                                        = Spherical
Elapsed time:    1.71 Seconds

Number of basis functions                   (NBF)    = 87
Number of auxiliary basis functions         (NBFAUX) = 95
Inactive Doubly occupied orbitals up to     (NO1)    = 0
No. considered Strongly Doubly occupied MOs (NDOC)   = 5
No. considered Strongly Singly occupied MOs (NSOC)   = 0
NO. of Weakly occ. per St. Doubly occ.  MOs (NCWO)   = 16
Dimension of the Nat. Orb. subspace         (NBF5)   = 85
No. of electrons                                     = 10
    No. of alpha electrons                           = 5
    No. of beta electrons                            = 5
Multiplicity                                         = 1

Geometry
========
 F       0.0000000       0.0000000       0.4576912
 H       0.0000000       0.0000000      -0.4576912

No violations of the orthonormality
No violations of the orthonormality
 
PNOF8/ADABelief Calculation
==================
 
  Nitext  Nit_orb  Time   Nit_occ  Time         Eelec          Etot           Ediff      maxdiff    MaxGrad_orb  Grad_occ
     1      10    9.1e+00    0    1.2e+01  -105.59628754  -100.39345108 -10104.59628754   0.000984   3.9e-03   2.0e-04 0.02
 
RESULTS OF THE OCCUPATION OPTIMIZATION
========================================
   1    1.9999861  -26.34055439
   2    1.9853576  -1.60281050
   3    1.9729714  -0.86102720
   4    1.9803556  -0.70128902
   5    1.9801626  -0.70111974
   6    0.0117486  -0.02171435
   7    0.0120410  -0.02192636
   8    0.0222508  -0.03752185
   9    0.0069814  -0.02280285
  10    0.0000123  -0.00052181
  11    0.0044254  -0.01031867
  12    0.0045795  -0.01020463
  13    0.0038017  -0.00916190
  14    0.0032539  -0.00977083
  15    0.0000008  -0.00001551
  16    0.0013968  -0.00500167
  17    0.0008840  -0.00313328
  18    0.0002937  -0.00112928
  19    0.0032457  -0.00994311
  20    0.0000004  -0.00005319
  21    0.0008687  -0.00310458
  22    0.0006683  -0.00404004
  23    0.0002926  -0.00112295
  24    0.0004407  -0.00199125
  25    0.0000001  -0.00000122
  26    0.0005405  -0.00243974
  27    0.0004676  -0.00150632
  28    0.0002259  -0.00093161
  29    0.0002422  -0.00110250
  30    0.0000000  -0.00000108
  31    0.0002913  -0.00106502
  32    0.0003295  -0.00120395
  33    0.0000538  -0.00014277
  34    0.0001882  -0.00122661
  35    0.0000000  -0.00000097
  36    0.0002873  -0.00103874
  37    0.0003210  -0.00118168
  38    0.0000363  -0.00013934
  39    0.0000880  -0.00099254
  40    0.0000000  -0.00000109
  41    0.0000914  -0.00047173
  42    0.0002178  -0.00093162
  43    0.0000182  -0.00014759
  44    0.0000661  -0.00037312
  45    0.0000000  -0.00000084
  46    0.0000578  -0.00030405
  47    0.0000269  -0.00016052
  48    0.0000158  -0.00012156
  49    0.0000360  -0.00018545
  50    0.0000000  -0.00000069
  51    0.0000375  -0.00017775
  52    0.0000212  -0.00013231
  53    0.0000133  -0.00008378
  54    0.0000248  -0.00016207
  55    0.0000000  -0.00000069
  56    0.0000200  -0.00012391
  57    0.0000183  -0.00012588
  58    0.0000104  -0.00004466
  59    0.0000177  -0.00015332
  60    0.0000000  -0.00000076
  61    0.0000181  -0.00012360
  62    0.0000182  -0.00012565
  63    0.0000066  -0.00000962
  64    0.0000161  -0.00012918
  65    0.0000000  -0.00000078
  66    0.0000176  -0.00012792
  67    0.0000170  -0.00011840
  68    0.0000033  -0.00001620
  69    0.0000152  -0.00012429
  70    0.0000000  -0.00000061
  71    0.0000161  -0.00012456
  72    0.0000152  -0.00008686
  73    0.0000029  -0.00001143
  74    0.0000104  -0.00006622
  75    0.0000000  -0.00000049
  76    0.0000128  -0.00008277
  77    0.0000100  -0.00005745
  78    0.0000017  -0.00000564
  79    0.0000098  -0.00005392
  80    0.0000000  -0.00000043
  81    0.0000076  -0.00004267
  82    0.0000089  -0.00004903
  83    0.0000015  -0.00000564
  84    0.0000063  -0.00004179
  85    0.0000000  -0.00000034
 
----------------
 Final Energies 
----------------
Final NOF Total Energy =    -100.3934511
 
Total Orbital Internal Iterations = 10
Total Occupation Internal Iterations = 0
 
Elapsed time:   27.13 Seconds

---------------------------------
   Lowdin Population Analysis    
---------------------------------
 Idx  Atom   Population   Charge 
---------------------------------
  1     F     8.510       0.490
  2     H     1.490      -0.490

---------------------------------
   M Diagnostic: 0.02
---------------------------------

