Computing Integrals
Basis Set                                            = def2-qzvp
Auxiliary Basis Set                                  = def2-universal-jkfit
Gaussian Type                                        = Spherical
Elapsed time:    2.67 Seconds

Number of basis functions                   (NBF)    = 147
Number of auxiliary basis functions         (NBFAUX) = 129
Inactive Doubly occupied orbitals up to     (NO1)    = 0
No. considered Strongly Doubly occupied MOs (NDOC)   = 4
No. considered Strongly Singly occupied MOs (NSOC)   = 1
NO. of Weakly occ. per St. Doubly occ.  MOs (NCWO)   = 35
Dimension of the Nat. Orb. subspace         (NBF5)   = 145
No. of electrons                                     = 9
    No. of alpha electrons                           = 5
    No. of beta electrons                            = 4
Multiplicity                                         = 2

Geometry
========
 C       0.0000000       0.0000000       0.0000000
 H       0.5386581       0.9329832       0.0000000
 H       0.5386581      -0.9329832       0.0000000
 H      -1.0773162       0.0000000       0.0000000

No violations of the orthonormality
No violations of the orthonormality
 
PNOF8/ADABelief Calculation
==================
 
  Nitext  Nit_orb  Time   Nit_occ  Time         Eelec          Etot           Ediff      maxdiff    MaxGrad_orb  Grad_occ
     1      10    2.1e+01    0    2.6e+01   -49.49099833   -39.79864448 -10048.49099833   0.000471   1.9e-03   1.8e-04 0.02
 
RESULTS OF THE OCCUPATION OPTIMIZATION
========================================
   1    1.9998808  -11.23348962
   2    1.9754023  -0.88632379
   3    1.9699708  -0.62152987
   4    1.9698448  -0.61925632
   5    1.0000000  -0.20721337
   6    0.0171761  -0.02030311
   7    0.0168835  -0.02023305
   8    0.0129471  -0.01872873
   9    0.0001055  -0.00206556
  10    0.0053554  -0.00720777
  11    0.0052461  -0.00715776
  12    0.0040985  -0.00686098
  13    0.0000067  -0.00017941
  14    0.0041209  -0.00582953
  15    0.0040417  -0.00573981
  16    0.0034548  -0.00578172
  17    0.0000028  -0.00002344
  18    0.0011444  -0.00226213
  19    0.0011407  -0.00226298
  20    0.0011684  -0.00501695
  21    0.0000018  -0.00001128
  22    0.0006915  -0.00141448
  23    0.0007665  -0.00156701
  24    0.0010770  -0.00260365
  25    0.0000015  -0.00006079
  26    0.0004377  -0.00088773
  27    0.0005204  -0.00096652
  28    0.0006245  -0.00144217
  29    0.0000001  -0.00000290
  30    0.0002970  -0.00063460
  31    0.0004309  -0.00089249
  32    0.0004170  -0.00092463
  33    0.0000001  -0.00000088
  34    0.0001993  -0.00042990
  35    0.0002914  -0.00063311
  36    0.0001648  -0.00042668
  37    0.0000000  -0.00000083
  38    0.0001710  -0.00039189
  39    0.0001980  -0.00043144
  40    0.0001032  -0.00030262
  41    0.0000000  -0.00000086
  42    0.0000954  -0.00027216
  43    0.0001530  -0.00040997
  44    0.0000893  -0.00023753
  45    0.0000000  -0.00000084
  46    0.0000743  -0.00018828
  47    0.0000777  -0.00019483
  48    0.0000734  -0.00020813
  49    0.0000000  -0.00000081
  50    0.0000740  -0.00018913
  51    0.0000660  -0.00018135
  52    0.0000666  -0.00019362
  53    0.0000000  -0.00000057
  54    0.0000645  -0.00017420
  55    0.0000352  -0.00011202
  56    0.0000606  -0.00017575
  57    0.0000000  -0.00000058
  58    0.0000570  -0.00017031
  59    0.0000288  -0.00010141
  60    0.0000512  -0.00017309
  61    0.0000000  -0.00000056
  62    0.0000388  -0.00011661
  63    0.0000262  -0.00008829
  64    0.0000358  -0.00010772
  65    0.0000000  -0.00000055
  66    0.0000282  -0.00010062
  67    0.0000202  -0.00007530
  68    0.0000282  -0.00009710
  69    0.0000000  -0.00000053
  70    0.0000214  -0.00006579
  71    0.0000167  -0.00005782
  72    0.0000240  -0.00009507
  73    0.0000000  -0.00000041
  74    0.0000172  -0.00004933
  75    0.0000132  -0.00004982
  76    0.0000152  -0.00004835
  77    0.0000000  -0.00000048
  78    0.0000134  -0.00004108
  79    0.0000129  -0.00004066
  80    0.0000136  -0.00004662
  81    0.0000000  -0.00000039
  82    0.0000120  -0.00004027
  83    0.0000102  -0.00003690
  84    0.0000124  -0.00004396
  85    0.0000000  -0.00000037
  86    0.0000105  -0.00003782
  87    0.0000084  -0.00003322
  88    0.0000101  -0.00004002
  89    0.0000000  -0.00000026
  90    0.0000079  -0.00003344
  91    0.0000077  -0.00002823
  92    0.0000087  -0.00003982
  93    0.0000000  -0.00000026
  94    0.0000061  -0.00002546
  95    0.0000053  -0.00001993
  96    0.0000078  -0.00003752
  97    0.0000000  -0.00000027
  98    0.0000061  -0.00002735
  99    0.0000045  -0.00001344
 100    0.0000070  -0.00002882
 101    0.0000000  -0.00000020
 102    0.0000054  -0.00002227
 103    0.0000036  -0.00000895
 104    0.0000059  -0.00002652
 105    0.0000000  -0.00000025
 106    0.0000050  -0.00001775
 107    0.0000032  -0.00000927
 108    0.0000054  -0.00002671
 109    0.0000000  -0.00000021
 110    0.0000047  -0.00001423
 111    0.0000029  -0.00000402
 112    0.0000049  -0.00002055
 113    0.0000000  -0.00000021
 114    0.0000040  -0.00000964
 115    0.0000025  -0.00000557
 116    0.0000041  -0.00001667
 117    0.0000000  -0.00000017
 118    0.0000030  -0.00000749
 119    0.0000021  -0.00000300
 120    0.0000035  -0.00001006
 121    0.0000000  -0.00000013
 122    0.0000028  -0.00000411
 123    0.0000019  -0.00000314
 124    0.0000033  -0.00001113
 125    0.0000000  -0.00000019
 126    0.0000026  -0.00000608
 127    0.0000018  -0.00000311
 128    0.0000027  -0.00000787
 129    0.0000000  -0.00000014
 130    0.0000023  -0.00000405
 131    0.0000017  -0.00000178
 132    0.0000025  -0.00000603
 133    0.0000000  -0.00000010
 134    0.0000020  -0.00000358
 135    0.0000016  -0.00000103
 136    0.0000022  -0.00000463
 137    0.0000000  -0.00000009
 138    0.0000017  -0.00000167
 139    0.0000015  -0.00000120
 140    0.0000021  -0.00000383
 141    0.0000000  -0.00000009
 142    0.0000015  -0.00000098
 143    0.0000013  -0.00000133
 144    0.0000019  -0.00000249
 145    0.0000000  -0.00000009
 
----------------
 Final Energies 
----------------
Final NOF Total Energy =     -39.7986445
 
Total Orbital Internal Iterations = 10
Total Occupation Internal Iterations = 0
 
Elapsed time:   61.30 Seconds

---------------------------------
   Lowdin Population Analysis    
---------------------------------
 Idx  Atom   Population   Charge 
---------------------------------
  1     C     5.579       0.421
  2     H     1.141      -0.141
  3     H     1.139      -0.139
  4     H     1.141      -0.141

---------------------------------
   M Diagnostic: 0.02
---------------------------------

