Computing Integrals
Basis Set                                            = def2-qzvp
Auxiliary Basis Set                                  = def2-universal-jkfit
Gaussian Type                                        = Spherical
Elapsed time:    2.69 Seconds

Number of basis functions                   (NBF)    = 117
Number of auxiliary basis functions         (NBFAUX) = 113
Inactive Doubly occupied orbitals up to     (NO1)    = 0
No. considered Strongly Doubly occupied MOs (NDOC)   = 4
No. considered Strongly Singly occupied MOs (NSOC)   = 1
NO. of Weakly occ. per St. Doubly occ.  MOs (NCWO)   = 28
Dimension of the Nat. Orb. subspace         (NBF5)   = 117
No. of electrons                                     = 9
    No. of alpha electrons                           = 5
    No. of beta electrons                            = 4
Multiplicity                                         = 2

Geometry
========
 N       0.0000000       0.0000000       0.4242463
 H      -0.8023121       0.0000000      -0.2121232
 H       0.8023121       0.0000000      -0.2121232

No violations of the orthonormality
No violations of the orthonormality
 
PNOF8/ADABelief Calculation
==================
 
  Nitext  Nit_orb  Time   Nit_occ  Time         Eelec          Etot           Ediff      maxdiff    MaxGrad_orb  Grad_occ
     1      10    2.2e+01    0    2.5e+01   -63.40328313   -55.83899849 -10062.40328313   0.000688   2.8e-03   1.2e-04 0.03
 
RESULTS OF THE OCCUPATION OPTIMIZATION
========================================
   1    1.9999261  -15.59486422
   2    1.9790877  -1.04980238
   3    1.9679122  -0.63468057
   4    1.9680203  -0.63386715
   5    1.0000000  -0.27768820
   6    0.0216269  -0.02689686
   7    0.0218143  -0.02701076
   8    0.0077501  -0.01579032
   9    0.0000641  -0.00182585
  10    0.0041965  -0.00671225
  11    0.0043532  -0.00695029
  12    0.0044858  -0.00836025
  13    0.0000029  -0.00013523
  14    0.0040000  -0.00641216
  15    0.0039774  -0.00636971
  16    0.0032324  -0.00622274
  17    0.0000023  -0.00002915
  18    0.0006551  -0.00192521
  19    0.0006368  -0.00186144
  20    0.0011997  -0.00484574
  21    0.0000019  -0.00001747
  22    0.0004434  -0.00112660
  23    0.0002774  -0.00069230
  24    0.0011638  -0.00354681
  25    0.0000018  -0.00001829
  26    0.0003618  -0.00089658
  27    0.0002515  -0.00064628
  28    0.0007812  -0.00192613
  29    0.0000002  -0.00002667
  30    0.0002106  -0.00053891
  31    0.0001998  -0.00051888
  32    0.0005935  -0.00146890
  33    0.0000002  -0.00000143
  34    0.0001240  -0.00038208
  35    0.0001694  -0.00045855
  36    0.0005108  -0.00137484
  37    0.0000001  -0.00000085
  38    0.0000781  -0.00026136
  39    0.0000864  -0.00028114
  40    0.0004115  -0.00111105
  41    0.0000000  -0.00000084
  42    0.0000639  -0.00023279
  43    0.0000699  -0.00022651
  44    0.0002289  -0.00064495
  45    0.0000000  -0.00000078
  46    0.0000467  -0.00014309
  47    0.0000515  -0.00017741
  48    0.0001879  -0.00055877
  49    0.0000000  -0.00000064
  50    0.0000418  -0.00012992
  51    0.0000453  -0.00014722
  52    0.0001014  -0.00032944
  53    0.0000000  -0.00000050
  54    0.0000350  -0.00013587
  55    0.0000405  -0.00014291
  56    0.0000484  -0.00017616
  57    0.0000000  -0.00000053
  58    0.0000148  -0.00007187
  59    0.0000206  -0.00008149
  60    0.0000402  -0.00015090
  61    0.0000000  -0.00000052
  62    0.0000144  -0.00006802
  63    0.0000150  -0.00006080
  64    0.0000362  -0.00012575
  65    0.0000000  -0.00000049
  66    0.0000119  -0.00005518
  67    0.0000149  -0.00006265
  68    0.0000260  -0.00011926
  69    0.0000000  -0.00000041
  70    0.0000100  -0.00004382
  71    0.0000133  -0.00006277
  72    0.0000191  -0.00007841
  73    0.0000000  -0.00000046
  74    0.0000091  -0.00004468
  75    0.0000112  -0.00004522
  76    0.0000178  -0.00007495
  77    0.0000000  -0.00000041
  78    0.0000083  -0.00003841
  79    0.0000077  -0.00003697
  80    0.0000168  -0.00007403
  81    0.0000000  -0.00000037
  82    0.0000065  -0.00003094
  83    0.0000071  -0.00003134
  84    0.0000143  -0.00006870
  85    0.0000000  -0.00000037
  86    0.0000053  -0.00002291
  87    0.0000063  -0.00003205
  88    0.0000114  -0.00005288
  89    0.0000000  -0.00000037
  90    0.0000033  -0.00000958
  91    0.0000048  -0.00001783
  92    0.0000092  -0.00004996
  93    0.0000000  -0.00000029
  94    0.0000031  -0.00000840
  95    0.0000034  -0.00000995
  96    0.0000082  -0.00004239
  97    0.0000000  -0.00000022
  98    0.0000026  -0.00000567
  99    0.0000029  -0.00000506
 100    0.0000050  -0.00003242
 101    0.0000000  -0.00000025
 102    0.0000022  -0.00000431
 103    0.0000025  -0.00000668
 104    0.0000037  -0.00001953
 105    0.0000000  -0.00000024
 106    0.0000021  -0.00000257
 107    0.0000018  -0.00000406
 108    0.0000033  -0.00001619
 109    0.0000000  -0.00000023
 110    0.0000014  -0.00000317
 111    0.0000016  -0.00000328
 112    0.0000032  -0.00001556
 113    0.0000000  -0.00000019
 114    0.0000008  -0.00000193
 115    0.0000012  -0.00000328
 116    0.0000024  -0.00000662
 117    0.0000000  -0.00000021
 
----------------
 Final Energies 
----------------
Final NOF Total Energy =     -55.8389985
 
Total Orbital Internal Iterations = 10
Total Occupation Internal Iterations = 0
 
Elapsed time:   61.05 Seconds

---------------------------------
   Lowdin Population Analysis    
---------------------------------
 Idx  Atom   Population   Charge 
---------------------------------
  1     N     6.508       0.492
  2     H     1.246      -0.246
  3     H     1.246      -0.246

---------------------------------
   M Diagnostic: 0.03
---------------------------------

