Computing Integrals
Basis Set                                            = def2-qzvp
Auxiliary Basis Set                                  = def2-universal-jkfit
Gaussian Type                                        = Spherical
Elapsed time:    1.63 Seconds

Number of basis functions                   (NBF)    = 87
Number of auxiliary basis functions         (NBFAUX) = 95
Inactive Doubly occupied orbitals up to     (NO1)    = 0
No. considered Strongly Doubly occupied MOs (NDOC)   = 4
No. considered Strongly Singly occupied MOs (NSOC)   = 1
NO. of Weakly occ. per St. Doubly occ.  MOs (NCWO)   = 20
Dimension of the Nat. Orb. subspace         (NBF5)   = 85
No. of electrons                                     = 9
    No. of alpha electrons                           = 5
    No. of beta electrons                            = 4
Multiplicity                                         = 2

Geometry
========
 O       0.0000000       0.0000000       0.4844483
 H       0.0000000       0.0000000      -0.4844483

Orthonormality violations 1699, Maximum Violation 0.000065
Trying to orthonormalize
No violations of the orthonormality
No violations of the orthonormality
 
PNOF8/ADABelief Calculation
==================
 
  Nitext  Nit_orb  Time   Nit_occ  Time         Eelec          Etot           Ediff      maxdiff    MaxGrad_orb  Grad_occ
     1      10    9.2e+00    6    1.2e+01   -80.06105147   -75.69174190 -10079.06105147   0.001913   7.7e-03   1.2e-04 0.03
     2      20    8.2e-02    0    4.6e-03   -80.06156928   -75.69225971    -0.00051781   0.001913   7.7e-03   1.2e-04 0.03
     3      40    2.0e-01    3    1.3e-02   -80.06185102   -75.69254146    -0.00028175   0.002286   9.1e-03   1.5e-04 0.03
     4      40    1.8e-01    1    1.1e-02   -80.06192939   -75.69261982    -0.00007836   0.003243   1.3e-02   1.7e-04 0.03
     5      40    2.1e-01    0    4.9e-03   -80.06193187   -75.69262231    -0.00000248   0.002010   8.0e-03   1.9e-04 0.03
     6      50    2.4e-01    0    6.0e-03   -80.06194221   -75.69263264    -0.00001033   0.002054   8.2e-03   1.8e-04 0.03
     7      60    3.1e-01    0    6.3e-03   -80.06194333   -75.69263377    -0.00000112   0.001670   6.7e-03   1.8e-04 0.03
     8      70    3.3e-01    0    4.9e-03   -80.06195027   -75.69264070    -0.00000694   0.001434   5.7e-03   1.7e-04 0.03
     9      80    3.5e-01    0    5.6e-03   -80.06195228   -75.69264272    -0.00000202   0.001192   4.8e-03   1.8e-04 0.03
    10      90    3.6e-01    0    5.7e-03   -80.06194757   -75.69263800     0.00000471   0.001594   6.4e-03   1.8e-04 0.03
    11      37    1.9e-01    0    5.9e-03   -80.06195791   -75.69264834    -0.00001034   0.000497   2.0e-03   1.8e-04 0.03
 
RESULTS OF THE OCCUPATION OPTIMIZATION
========================================
   1    1.9999667  -20.64763032
   2    1.9810391  -1.29516917
   3    1.9678715  -0.75347148
   4    1.9748604  -0.57898042
   5    1.0000000  -0.35571491
   6    0.0117913  -0.01861418
   7    0.0245176  -0.03377644
   8    0.0082224  -0.01999955
   9    0.0000281  -0.00107880
  10    0.0055707  -0.00972830
  11    0.0032320  -0.00632857
  12    0.0042797  -0.00909605
  13    0.0000022  -0.00005025
  14    0.0044080  -0.00839614
  15    0.0031949  -0.00626357
  16    0.0030585  -0.00680392
  17    0.0000015  -0.00001466
  18    0.0013968  -0.00430675
  19    0.0004180  -0.00114495
  20    0.0008281  -0.00269974
  21    0.0000008  -0.00003273
  22    0.0006106  -0.00340408
  23    0.0002752  -0.00084050
  24    0.0005913  -0.00277104
  25    0.0000001  -0.00001596
  26    0.0003157  -0.00098660
  27    0.0002048  -0.00069376
  28    0.0005062  -0.00159333
  29    0.0000001  -0.00000215
  30    0.0002772  -0.00081023
  31    0.0000890  -0.00032389
  32    0.0004222  -0.00122226
  33    0.0000001  -0.00000181
  34    0.0002659  -0.00079548
  35    0.0000415  -0.00013237
  36    0.0002841  -0.00115476
  37    0.0000001  -0.00000163
  38    0.0002518  -0.00075662
  39    0.0000336  -0.00011964
  40    0.0001990  -0.00065152
  41    0.0000000  -0.00000140
  42    0.0000738  -0.00024778
  43    0.0000286  -0.00010316
  44    0.0001870  -0.00089927
  45    0.0000000  -0.00000102
  46    0.0000406  -0.00014285
  47    0.0000186  -0.00010999
  48    0.0001555  -0.00073996
  49    0.0000000  -0.00000085
  50    0.0000281  -0.00012740
  51    0.0000166  -0.00010119
  52    0.0000776  -0.00031199
  53    0.0000000  -0.00000077
  54    0.0000175  -0.00008776
  55    0.0000128  -0.00006694
  56    0.0000367  -0.00018469
  57    0.0000000  -0.00000071
  58    0.0000169  -0.00009015
  59    0.0000110  -0.00007324
  60    0.0000215  -0.00012069
  61    0.0000000  -0.00000069
  62    0.0000162  -0.00008181
  63    0.0000087  -0.00004965
  64    0.0000195  -0.00011245
  65    0.0000000  -0.00000052
  66    0.0000154  -0.00007293
  67    0.0000068  -0.00003680
  68    0.0000181  -0.00009851
  69    0.0000000  -0.00000053
  70    0.0000137  -0.00007097
  71    0.0000064  -0.00003327
  72    0.0000165  -0.00009349
  73    0.0000000  -0.00000051
  74    0.0000125  -0.00006422
  75    0.0000047  -0.00001897
  76    0.0000149  -0.00008350
  77    0.0000000  -0.00000039
  78    0.0000104  -0.00004809
  79    0.0000043  -0.00001794
  80    0.0000138  -0.00007669
  81    0.0000000  -0.00000043
  82    0.0000063  -0.00003673
  83    0.0000033  -0.00001097
  84    0.0000084  -0.00005008
  85    0.0000000  -0.00000036
 
----------------
 Final Energies 
----------------
Final NOF Total Energy =     -75.6926483
 
Total Orbital Internal Iterations = 537
Total Occupation Internal Iterations = 10
 
Elapsed time:   30.99 Seconds

---------------------------------
   Lowdin Population Analysis    
---------------------------------
 Idx  Atom   Population   Charge 
---------------------------------
  1     O     7.589       0.411
  2     H     1.411      -0.411

---------------------------------
   M Diagnostic: 0.03
---------------------------------

