Computing Integrals
Basis Set                                            = def2-qzvp
Auxiliary Basis Set                                  = def2-universal-jkfit
Gaussian Type                                        = Spherical
Elapsed time:    2.18 Seconds

Number of basis functions                   (NBF)    = 140
Number of auxiliary basis functions         (NBFAUX) = 256
Inactive Doubly occupied orbitals up to     (NO1)    = 0
No. considered Strongly Doubly occupied MOs (NDOC)   = 17
No. considered Strongly Singly occupied MOs (NSOC)   = 0
NO. of Weakly occ. per St. Doubly occ.  MOs (NCWO)   = 7
Dimension of the Nat. Orb. subspace         (NBF5)   = 136
No. of electrons                                     = 34
    No. of alpha electrons                           = 17
    No. of beta electrons                            = 17
Multiplicity                                         = 1

Geometry
========
Cl       0.0000000       0.0000000       1.0211660
Cl       0.0000000       0.0000000      -1.0211660

Orthonormality violations 2024, Maximum Violation 0.000077
Trying to orthonormalize
No violations of the orthonormality
No violations of the orthonormality
 
PNOF8/ADABelief Calculation
==================
 
  Nitext  Nit_orb  Time   Nit_occ  Time         Eelec          Etot           Ediff      maxdiff    MaxGrad_orb  Grad_occ
     1      10    1.1e+01   17    1.2e+01  -994.98079625  -920.09977920 -10993.98079625   0.000882   3.5e-03   2.0e-04 0.03
 
RESULTS OF THE OCCUPATION OPTIMIZATION
========================================
   1    1.9999987  -104.95184256
   2    1.9999989  -104.95033500
   3    1.9999018  -10.64893206
   4    1.9998748  -10.64708972
   5    1.9993306  -8.11615592
   6    1.9990701  -8.11493047
   7    1.9993371  -8.11160708
   8    1.9993841  -8.11083823
   9    1.9993834  -8.11056956
  10    1.9990931  -8.11055467
  11    1.9829975  -1.12473178
  12    1.9834770  -1.12386434
  13    1.9650381  -0.63584747
  14    1.9714897  -0.52800663
  15    1.9713874  -0.52789199
  16    1.9702176  -0.52610900
  17    1.9701755  -0.52584491
  18    0.0084224  -0.01675866
  19    0.0084522  -0.01681674
  20    0.0100036  -0.01954492
  21    0.0098982  -0.01959593
  22    0.0335508  -0.05985546
  23    0.0060443  -0.02996004
  24    0.0052727  -0.02745296
  25    0.0004649  -0.01110307
  26    0.0005094  -0.01173365
  27    0.0004560  -0.01061409
  28    0.0004714  -0.01089356
  29    0.0004400  -0.01051919
  30    0.0004708  -0.01089979
  31    0.0000755  -0.00069155
  32    0.0000741  -0.00094655
  33    0.0000004  -0.00001609
  34    0.0000010  -0.00006998
  35    0.0078635  -0.01640873
  36    0.0081317  -0.01683219
  37    0.0090670  -0.01748644
  38    0.0090002  -0.01755949
  39    0.0005927  -0.00152200
  40    0.0019186  -0.01140404
  41    0.0035231  -0.01745654
  42    0.0003183  -0.00798013
  43    0.0000195  -0.00016712
  44    0.0000699  -0.00163126
  45    0.0000735  -0.00219851
  46    0.0002893  -0.00708294
  47    0.0000720  -0.00169693
  48    0.0000111  -0.00011279
  49    0.0000074  -0.00011656
  50    0.0000002  -0.00001033
  51    0.0000001  -0.00000920
  52    0.0067955  -0.01512118
  53    0.0067907  -0.01523919
  54    0.0071141  -0.01847298
  55    0.0071015  -0.01846818
  56    0.0003211  -0.00095385
  57    0.0018474  -0.01029168
  58    0.0017552  -0.00999031
  59    0.0000731  -0.00086872
  60    0.0000188  -0.00016417
  61    0.0000464  -0.00064072
  62    0.0000712  -0.00077185
  63    0.0000706  -0.00091669
  64    0.0000716  -0.00080173
  65    0.0000105  -0.00009165
  66    0.0000069  -0.00006838
  67    0.0000001  -0.00000804
  68    0.0000001  -0.00000657
  69    0.0055677  -0.01643912
  70    0.0055996  -0.01642349
  71    0.0006595  -0.00163095
  72    0.0006611  -0.00163332
  73    0.0001692  -0.00075203
  74    0.0018366  -0.01019249
  75    0.0017448  -0.00994447
  76    0.0000159  -0.00013827
  77    0.0000181  -0.00015873
  78    0.0000162  -0.00042703
  79    0.0000149  -0.00054918
  80    0.0000652  -0.00137757
  81    0.0000177  -0.00015498
  82    0.0000097  -0.00011702
  83    0.0000068  -0.00006416
  84    0.0000001  -0.00000764
  85    0.0000001  -0.00000386
  86    0.0005544  -0.00152551
  87    0.0003355  -0.00101936
  88    0.0006582  -0.00163482
  89    0.0006563  -0.00162942
  90    0.0001624  -0.00073341
  91    0.0018307  -0.01016785
  92    0.0017381  -0.00990082
  93    0.0000141  -0.00013097
  94    0.0000179  -0.00015708
  95    0.0000103  -0.00012950
  96    0.0000144  -0.00013180
  97    0.0000439  -0.00064703
  98    0.0000150  -0.00051185
  99    0.0000078  -0.00013684
 100    0.0000028  -0.00056646
 101    0.0000001  -0.00000672
 102    0.0000000  -0.00000042
 103    0.0004278  -0.00120183
 104    0.0002814  -0.00090414
 105    0.0005983  -0.00155382
 106    0.0006016  -0.00146833
 107    0.0001001  -0.00037066
 108    0.0018197  -0.01014214
 109    0.0014954  -0.00872421
 110    0.0000107  -0.00010730
 111    0.0000172  -0.00015377
 112    0.0000087  -0.00008362
 113    0.0000093  -0.00008994
 114    0.0000119  -0.00031401
 115    0.0000126  -0.00019890
 116    0.0000072  -0.00006563
 117    0.0000001  -0.00000684
 118    0.0000001  -0.00000613
 119    0.0000000  -0.00000041
 120    0.0001932  -0.00085431
 121    0.0001912  -0.00085129
 122    0.0005119  -0.00130722
 123    0.0005914  -0.00146003
 124    0.0000655  -0.00021424
 125    0.0012258  -0.00864961
 126    0.0014734  -0.00861526
 127    0.0000098  -0.00009312
 128    0.0000158  -0.00027191
 129    0.0000084  -0.00008287
 130    0.0000082  -0.00008199
 131    0.0000089  -0.00008645
 132    0.0000097  -0.00009567
 133    0.0000034  -0.00060437
 134    0.0000001  -0.00000367
 135    0.0000001  -0.00000333
 136    0.0000000  -0.00000027
 
----------------
 Final Energies 
----------------
Final NOF Total Energy =    -920.0997792
 
Total Orbital Internal Iterations = 10
Total Occupation Internal Iterations = 17
 
Elapsed time:   30.40 Seconds

---------------------------------
   Lowdin Population Analysis    
---------------------------------
 Idx  Atom   Population   Charge 
---------------------------------
  1    Cl    17.001      -0.001
  2    Cl    16.999       0.001

---------------------------------
   M Diagnostic: 0.03
---------------------------------

