Computing Integrals
Basis Set                                            = def2-qzvp
Auxiliary Basis Set                                  = def2-universal-jkfit
Gaussian Type                                        = Spherical
Elapsed time:    2.31 Seconds

Number of basis functions                   (NBF)    = 157
Number of auxiliary basis functions         (NBFAUX) = 221
Inactive Doubly occupied orbitals up to     (NO1)    = 0
No. considered Strongly Doubly occupied MOs (NDOC)   = 11
No. considered Strongly Singly occupied MOs (NSOC)   = 0
NO. of Weakly occ. per St. Doubly occ.  MOs (NCWO)   = 13
Dimension of the Nat. Orb. subspace         (NBF5)   = 154
No. of electrons                                     = 22
    No. of alpha electrons                           = 11
    No. of beta electrons                            = 11
Multiplicity                                         = 1

Geometry
========
 P       0.0000000       0.0000000       0.5341990
 C       0.0000000       0.0000000      -0.9915770
 H       0.0000000       0.0000000      -2.0635260

Orthonormality violations 5052, Maximum Violation 0.000089
Trying to orthonormalize
No violations of the orthonormality
No violations of the orthonormality
 
PNOF8/ADABelief Calculation
==================
 
  Nitext  Nit_orb  Time   Nit_occ  Time         Eelec          Etot           Ediff      maxdiff    MaxGrad_orb  Grad_occ
     1      10    1.0e+01    6    1.2e+01  -417.00940232  -379.77765886 -10416.00940232   0.001345   5.4e-03   1.9e-04 0.03
     2      20    2.6e+00    0    4.1e-02  -417.00957015  -379.77782670    -0.00016783   0.001345   5.4e-03   1.9e-04 0.03
     3      40    5.9e+00    5    1.7e-01  -417.00993206  -379.77818860    -0.00036191   0.005904   2.4e-02   1.7e-04 0.03
     4      40    5.8e+00    5    1.2e-01  -417.01071232  -379.77896887    -0.00078026   0.004417   1.8e-02   1.9e-04 0.03
     5      40    5.5e+00    3    1.0e-01  -417.01085892  -379.77911546    -0.00014660   0.005018   2.0e-02   2.0e-04 0.03
     6      40    5.6e+00    3    1.4e-01  -417.01107003  -379.77932658    -0.00021111   0.004836   1.9e-02   2.0e-04 0.03
     7      40    5.8e+00    3    1.5e-01  -417.01116099  -379.77941753    -0.00009096   0.004908   2.0e-02   1.7e-04 0.03
     8      40    5.8e+00    1    8.9e-02  -417.01127749  -379.77953404    -0.00011650   0.004888   2.0e-02   2.2e-04 0.03
     9      40    5.7e+00    3    1.5e-01  -417.01136219  -379.77961874    -0.00008470   0.005105   2.0e-02   1.9e-04 0.03
    10      40    6.0e+00    3    1.5e-01  -417.01141752  -379.77967406    -0.00005532   0.005112   2.0e-02   2.0e-04 0.03
    11      40    5.7e+00    3    1.0e-01  -417.01147630  -379.77973284    -0.00005878   0.006594   2.6e-02   2.4e-04 0.03
    12      40    5.8e+00    7    2.2e-01  -417.01151576  -379.77977230    -0.00003946   0.006547   2.6e-02   2.7e-04 0.03
    13      40    6.3e+00    3    1.5e-01  -417.01159014  -379.77984668    -0.00007438   0.006311   2.5e-02   1.9e-04 0.03
    14      40    5.6e+00    4    1.7e-01  -417.01163806  -379.77989460    -0.00004792   0.006519   2.6e-02   2.6e-04 0.03
    15      40    6.2e+00    4    1.6e-01  -417.01169730  -379.77995385    -0.00005924   0.006946   2.8e-02   2.2e-04 0.03
    16      40    5.6e+00    4    1.7e-01  -417.01173241  -379.77998896    -0.00003511   0.006551   2.6e-02   2.1e-04 0.03
    17      40    5.8e+00    4    1.6e-01  -417.01176148  -379.78001802    -0.00002906   0.006993   2.8e-02   2.0e-04 0.03
    18      40    5.7e+00    1    9.1e-02  -417.01177554  -379.78003209    -0.00001406   0.006846   2.7e-02   1.9e-04 0.03
    19      40    5.8e+00    4    1.6e-01  -417.01179001  -379.78004656    -0.00001447   0.006779   2.7e-02   1.9e-04 0.03
    20      40    5.9e+00    1    9.2e-02  -417.01180560  -379.78006215    -0.00001559   0.006573   2.6e-02   1.8e-04 0.03
    21      40    5.7e+00    0    5.8e-02  -417.01181707  -379.78007361    -0.00001146   0.006664   2.7e-02   2.0e-04 0.03
    22      50    7.1e+00    0    5.2e-02  -417.01193899  -379.78019554    -0.00012193   0.004339   1.7e-02   2.2e-04 0.03
    23      60    8.4e+00    6    2.0e-01  -417.01199706  -379.78025361    -0.00005807   0.003853   1.5e-02   1.5e-04 0.03
    24      60    8.4e+00    2    1.3e-01  -417.01203190  -379.78028844    -0.00003483   0.003968   1.6e-02   1.0e-04 0.03
    25      60    8.8e+00    2    1.6e-01  -417.01207245  -379.78032899    -0.00004055   0.003919   1.6e-02   1.5e-04 0.03
    26      60    8.6e+00    1    1.2e-01  -417.01210871  -379.78036526    -0.00003626   0.003947   1.6e-02   2.4e-04 0.03
    27      60    9.0e+00    2    7.1e-02  -417.01213801  -379.78039456    -0.00002930   0.003798   1.5e-02   2.0e-04 0.03
    28      60    8.5e+00    2    1.5e-01  -417.01215386  -379.78041040    -0.00001585   0.003714   1.5e-02   2.0e-04 0.03
    29      60    9.2e+00    2    1.4e-01  -417.01218020  -379.78043674    -0.00002634   0.003866   1.5e-02   2.2e-04 0.03
    30      60    8.5e+00    3    1.5e-01  -417.01219812  -379.78045466    -0.00001792   0.003531   1.4e-02   1.7e-04 0.03
    31      60    8.6e+00    1    1.2e-01  -417.01220758  -379.78046412    -0.00000946   0.004002   1.6e-02   1.6e-04 0.03
    32      60    9.2e+00    0    9.9e-02  -417.01220915  -379.78046569    -0.00000157   0.003502   1.4e-02   1.5e-04 0.03
    33      70    1.0e+01    0    7.8e-02  -417.01224864  -379.78050519    -0.00003949   0.003517   1.4e-02   1.4e-04 0.03
    34      80    1.1e+01    0    7.1e-02  -417.01227229  -379.78052883    -0.00002365   0.002755   1.1e-02   1.5e-04 0.03
    35      90    1.3e+01    0    7.1e-02  -417.01228212  -379.78053867    -0.00000983   0.002720   1.1e-02   1.4e-04 0.03
    36     100    1.5e+01    0    7.4e-02  -417.01229855  -379.78055510    -0.00001643   0.002202   8.8e-03   1.5e-04 0.03
    37     110    1.6e+01    0    5.3e-02  -417.01230259  -379.78055914    -0.00000404   0.002064   8.3e-03   1.6e-04 0.03
    38     120    1.7e+01    0    5.6e-02  -417.01231048  -379.78056703    -0.00000789   0.001900   7.6e-03   1.6e-04 0.03
    39     130    1.9e+01    0    1.0e-01  -417.01231543  -379.78057198    -0.00000495   0.001652   6.6e-03   1.5e-04 0.03
    40     140    2.0e+01    0    4.0e-02  -417.01231871  -379.78057526    -0.00000328   0.001645   6.6e-03   1.6e-04 0.03
 
RESULTS OF THE OCCUPATION OPTIMIZATION
========================================
   1    1.9999993  -79.99489973
   2    1.9999663  -11.27490921
   3    1.9998545  -7.50764451
   4    1.9987771  -5.40883646
   5    1.9989919  -5.40680949
   6    1.9983331  -5.40591746
   7    1.9812249  -0.92460474
   8    1.9797303  -0.69970112
   9    1.9705347  -0.62168262
  10    1.9651803  -0.40744828
  11    1.9622181  -0.40546302
  12    0.0233739  -0.03194775
  13    0.0308432  -0.03713794
  14    0.0144757  -0.02989095
  15    0.0051776  -0.01648761
  16    0.0059758  -0.02228505
  17    0.0015857  -0.01512864
  18    0.0006469  -0.00682235
  19    0.0006417  -0.00977432
  20    0.0001438  -0.00269523
  21    0.0000174  -0.00040286
  22    0.0000006  -0.00002906
  23    0.0053626  -0.00868664
  24    0.0009719  -0.00179030
  25    0.0073997  -0.01345493
  26    0.0042392  -0.01439219
  27    0.0039816  -0.01522802
  28    0.0000114  -0.00007856
  29    0.0002061  -0.00253038
  30    0.0005065  -0.00542482
  31    0.0000003  -0.00000497
  32    0.0000065  -0.00005446
  33    0.0000001  -0.00000063
  34    0.0045690  -0.00702304
  35    0.0005729  -0.00119568
  36    0.0044265  -0.00902114
  37    0.0030174  -0.01006224
  38    0.0022969  -0.00866209
  39    0.0000102  -0.00006807
  40    0.0000842  -0.00196093
  41    0.0000163  -0.00047886
  42    0.0000002  -0.00000324
  43    0.0000029  -0.00010450
  44    0.0000000  -0.00000048
  45    0.0041576  -0.00636491
  46    0.0004452  -0.00108313
  47    0.0007461  -0.00199651
  48    0.0024931  -0.00793431
  49    0.0021604  -0.00877978
  50    0.0000096  -0.00007037
  51    0.0000281  -0.00065770
  52    0.0000126  -0.00008093
  53    0.0000002  -0.00000292
  54    0.0000026  -0.00002751
  55    0.0000000  -0.00000045
  56    0.0000538  -0.00015204
  57    0.0004011  -0.00076936
  58    0.0005840  -0.00163377
  59    0.0024152  -0.00819078
  60    0.0015675  -0.00593245
  61    0.0000084  -0.00018684
  62    0.0000179  -0.00017725
  63    0.0000093  -0.00006713
  64    0.0000002  -0.00000262
  65    0.0000021  -0.00005810
  66    0.0000000  -0.00000020
  67    0.0000407  -0.00012278
  68    0.0003623  -0.00065634
  69    0.0005677  -0.00161887
  70    0.0016320  -0.00579062
  71    0.0013256  -0.00621572
  72    0.0000073  -0.00005204
  73    0.0000066  -0.00004655
  74    0.0000073  -0.00005351
  75    0.0000002  -0.00000261
  76    0.0000006  -0.00001471
  77    0.0000000  -0.00000010
  78    0.0000372  -0.00009736
  79    0.0003614  -0.00065191
  80    0.0003596  -0.00100553
  81    0.0007115  -0.00268242
  82    0.0007406  -0.00288883
  83    0.0000067  -0.00004492
  84    0.0000043  -0.00011532
  85    0.0000057  -0.00004438
  86    0.0000001  -0.00000203
  87    0.0000004  -0.00000704
  88    0.0000000  -0.00000006
  89    0.0000349  -0.00009455
  90    0.0003390  -0.00069752
  91    0.0003134  -0.00075644
  92    0.0001579  -0.00049909
  93    0.0001654  -0.00057868
  94    0.0000056  -0.00004986
  95    0.0000033  -0.00002959
  96    0.0000053  -0.00004481
  97    0.0000001  -0.00000197
  98    0.0000004  -0.00000574
  99    0.0000000  -0.00000005
 100    0.0000341  -0.00009469
 101    0.0001792  -0.00044297
 102    0.0001681  -0.00049952
 103    0.0001388  -0.00041744
 104    0.0001323  -0.00044551
 105    0.0000053  -0.00018019
 106    0.0000030  -0.00002813
 107    0.0000047  -0.00004517
 108    0.0000001  -0.00000187
 109    0.0000002  -0.00000453
 110    0.0000000  -0.00000004
 111    0.0000325  -0.00008837
 112    0.0001438  -0.00035176
 113    0.0001369  -0.00038817
 114    0.0001331  -0.00042157
 115    0.0001240  -0.00042654
 116    0.0000047  -0.00003634
 117    0.0000025  -0.00004813
 118    0.0000045  -0.00003746
 119    0.0000001  -0.00000177
 120    0.0000002  -0.00000334
 121    0.0000000  -0.00000004
 122    0.0000301  -0.00010175
 123    0.0000772  -0.00021061
 124    0.0001355  -0.00037497
 125    0.0000679  -0.00024719
 126    0.0001230  -0.00045014
 127    0.0000044  -0.00023768
 128    0.0000021  -0.00001533
 129    0.0000042  -0.00003831
 130    0.0000001  -0.00000159
 131    0.0000002  -0.00000292
 132    0.0000000  -0.00000004
 133    0.0000293  -0.00007870
 134    0.0000670  -0.00019076
 135    0.0000877  -0.00029405
 136    0.0000459  -0.00016638
 137    0.0001214  -0.00050397
 138    0.0000039  -0.00006140
 139    0.0000017  -0.00001387
 140    0.0000030  -0.00002825
 141    0.0000001  -0.00000097
 142    0.0000001  -0.00000088
 143    0.0000000  -0.00000003
 144    0.0000261  -0.00007534
 145    0.0000555  -0.00014539
 146    0.0000644  -0.00021963
 147    0.0000400  -0.00014844
 148    0.0000608  -0.00027213
 149    0.0000035  -0.00003369
 150    0.0000014  -0.00001147
 151    0.0000019  -0.00001431
 152    0.0000001  -0.00000093
 153    0.0000001  -0.00000082
 154    0.0000000  -0.00000003
 
----------------
 Final Energies 
----------------
Final NOF Total Energy =    -379.7805753
 
Total Orbital Internal Iterations = 2280
Total Occupation Internal Iterations = 88
 
Elapsed time:  370.95 Seconds

---------------------------------
   Lowdin Population Analysis    
---------------------------------
 Idx  Atom   Population   Charge 
---------------------------------
  1     P    14.608       0.392
  2     C     6.215      -0.215
  3     H     1.176      -0.176

---------------------------------
   M Diagnostic: 0.03
---------------------------------

