Computing Integrals
Basis Set                                            = def2-qzvp
Auxiliary Basis Set                                  = def2-universal-jkfit
Gaussian Type                                        = Spherical
Elapsed time:    2.89 Seconds

Number of basis functions                   (NBF)    = 160
Number of auxiliary basis functions         (NBFAUX) = 182
Inactive Doubly occupied orbitals up to     (NO1)    = 0
No. considered Strongly Doubly occupied MOs (NDOC)   = 8
No. considered Strongly Singly occupied MOs (NSOC)   = 0
NO. of Weakly occ. per St. Doubly occ.  MOs (NCWO)   = 19
Dimension of the Nat. Orb. subspace         (NBF5)   = 160
No. of electrons                                     = 16
    No. of alpha electrons                           = 8
    No. of beta electrons                            = 8
Multiplicity                                         = 1

Geometry
========
Al      -0.0000000       0.0000000       0.0000000
 H      -0.7926514       1.3729124       0.0000000
 H      -0.7926514      -1.3729124       0.0000000
 H       1.5853027       0.0000000       0.0000000

No violations of the orthonormality
No violations of the orthonormality
 
PNOF8/ADABelief Calculation
==================
 
  Nitext  Nit_orb  Time   Nit_occ  Time         Eelec          Etot           Ediff      maxdiff    MaxGrad_orb  Grad_occ
     1      10    2.1e+01    0    2.5e+01  -257.59958196  -244.00316993 -10256.59958196   0.000493   2.0e-03   2.1e-04 0.02
 
RESULTS OF THE OCCUPATION OPTIMIZATION
========================================
   1    1.9999987  -58.53809532
   2    1.9988383  -4.91450734
   3    1.9968543  -3.23409394
   4    1.9973209  -3.22120773
   5    1.9935076  -3.20403309
   6    1.9729640  -0.51493414
   7    1.9761359  -0.50573065
   8    1.9770049  -0.49721591
   9    0.0105317  -0.01933470
  10    0.0113452  -0.01969302
  11    0.0155051  -0.02371787
  12    0.0050742  -0.02366322
  13    0.0022288  -0.01049905
  14    0.0029527  -0.02050600
  15    0.0011060  -0.00652724
  16    0.0000011  -0.00000703
  17    0.0034581  -0.00670365
  18    0.0040155  -0.00673940
  19    0.0041940  -0.00634557
  20    0.0012580  -0.00738980
  21    0.0002966  -0.00540852
  22    0.0000663  -0.00032319
  23    0.0000225  -0.00076410
  24    0.0000001  -0.00000035
  25    0.0032204  -0.00638183
  26    0.0032042  -0.00625086
  27    0.0020171  -0.00342970
  28    0.0000650  -0.00139506
  29    0.0000372  -0.00017241
  30    0.0000359  -0.00018907
  31    0.0000075  -0.00025856
  32    0.0000000  -0.00000013
  33    0.0022673  -0.00508401
  34    0.0020151  -0.00423577
  35    0.0017869  -0.00332142
  36    0.0000267  -0.00013975
  37    0.0000213  -0.00009874
  38    0.0000298  -0.00016619
  39    0.0000064  -0.00024041
  40    0.0000000  -0.00000013
  41    0.0018934  -0.00391801
  42    0.0019028  -0.00389155
  43    0.0014492  -0.00271228
  44    0.0000176  -0.00008453
  45    0.0000197  -0.00009299
  46    0.0000179  -0.00009726
  47    0.0000036  -0.00002039
  48    0.0000000  -0.00000012
  49    0.0004051  -0.00110401
  50    0.0003533  -0.00082973
  51    0.0013155  -0.00229544
  52    0.0000106  -0.00006087
  53    0.0000190  -0.00009289
  54    0.0000092  -0.00005849
  55    0.0000028  -0.00001334
  56    0.0000000  -0.00000008
  57    0.0002933  -0.00059726
  58    0.0002929  -0.00063539
  59    0.0002496  -0.00046199
  60    0.0000082  -0.00004684
  61    0.0000163  -0.00007409
  62    0.0000075  -0.00005101
  63    0.0000026  -0.00001299
  64    0.0000000  -0.00000010
  65    0.0002493  -0.00049725
  66    0.0001927  -0.00049405
  67    0.0001278  -0.00022888
  68    0.0000078  -0.00004293
  69    0.0000135  -0.00007179
  70    0.0000068  -0.00004334
  71    0.0000024  -0.00001051
  72    0.0000000  -0.00000006
  73    0.0001993  -0.00054436
  74    0.0001423  -0.00026036
  75    0.0001170  -0.00021726
  76    0.0000058  -0.00003317
  77    0.0000054  -0.00011049
  78    0.0000051  -0.00005780
  79    0.0000021  -0.00000829
  80    0.0000000  -0.00000006
  81    0.0001717  -0.00033923
  82    0.0001208  -0.00023269
  83    0.0000889  -0.00017584
  84    0.0000054  -0.00002908
  85    0.0000051  -0.00003174
  86    0.0000041  -0.00002465
  87    0.0000015  -0.00000644
  88    0.0000000  -0.00000003
  89    0.0001265  -0.00024618
  90    0.0000961  -0.00019765
  91    0.0000803  -0.00017056
  92    0.0000044  -0.00002192
  93    0.0000046  -0.00002779
  94    0.0000035  -0.00004024
  95    0.0000014  -0.00000518
  96    0.0000000  -0.00000002
  97    0.0000907  -0.00018549
  98    0.0000837  -0.00018595
  99    0.0000585  -0.00015189
 100    0.0000037  -0.00001837
 101    0.0000041  -0.00001967
 102    0.0000024  -0.00001044
 103    0.0000010  -0.00000385
 104    0.0000000  -0.00000002
 105    0.0000664  -0.00016901
 106    0.0000785  -0.00017467
 107    0.0000284  -0.00008488
 108    0.0000024  -0.00000839
 109    0.0000025  -0.00001031
 110    0.0000021  -0.00000603
 111    0.0000009  -0.00000349
 112    0.0000000  -0.00000001
 113    0.0000061  -0.00002508
 114    0.0000054  -0.00001940
 115    0.0000042  -0.00000904
 116    0.0000005  -0.00000166
 117    0.0000014  -0.00000456
 118    0.0000006  -0.00000211
 119    0.0000003  -0.00000085
 120    0.0000000  -0.00000001
 121    0.0000053  -0.00001828
 122    0.0000041  -0.00001032
 123    0.0000040  -0.00000671
 124    0.0000005  -0.00000155
 125    0.0000010  -0.00000332
 126    0.0000004  -0.00000154
 127    0.0000002  -0.00000065
 128    0.0000000  -0.00000002
 129    0.0000040  -0.00001431
 130    0.0000038  -0.00000900
 131    0.0000028  -0.00000374
 132    0.0000005  -0.00000127
 133    0.0000008  -0.00000313
 134    0.0000004  -0.00000112
 135    0.0000002  -0.00000068
 136    0.0000000  -0.00000001
 137    0.0000027  -0.00000419
 138    0.0000028  -0.00000426
 139    0.0000024  -0.00000113
 140    0.0000004  -0.00000111
 141    0.0000008  -0.00000223
 142    0.0000003  -0.00000080
 143    0.0000001  -0.00000039
 144    0.0000000  -0.00000001
 145    0.0000018  -0.00000219
 146    0.0000025  -0.00000343
 147    0.0000021  -0.00000036
 148    0.0000003  -0.00000092
 149    0.0000004  -0.00000092
 150    0.0000003  -0.00000083
 151    0.0000001  -0.00000036
 152    0.0000000  -0.00000001
 153    0.0000017  -0.00000070
 154    0.0000023  -0.00000160
 155    0.0000020  -0.00000060
 156    0.0000003  -0.00000077
 157    0.0000004  -0.00000107
 158    0.0000002  -0.00000067
 159    0.0000001  -0.00000028
 160    0.0000000  -0.00000000
 
----------------
 Final Energies 
----------------
Final NOF Total Energy =    -244.0031699
 
Total Orbital Internal Iterations = 10
Total Occupation Internal Iterations = 0
 
Elapsed time:   61.03 Seconds

---------------------------------
   Lowdin Population Analysis    
---------------------------------
 Idx  Atom   Population   Charge 
---------------------------------
  1    Al    12.549       0.451
  2     H     1.150      -0.150
  3     H     1.150      -0.150
  4     H     1.151      -0.151

---------------------------------
   M Diagnostic: 0.02
---------------------------------

