Computing Integrals
Basis Set                                            = def2-qzvp
Auxiliary Basis Set                                  = def2-universal-jkfit
Gaussian Type                                        = Spherical
Elapsed time:    6.10 Seconds

Number of basis functions                   (NBF)    = 140
Number of auxiliary basis functions         (NBFAUX) = 256
Inactive Doubly occupied orbitals up to     (NO1)    = 0
No. considered Strongly Doubly occupied MOs (NDOC)   = 15
No. considered Strongly Singly occupied MOs (NSOC)   = 0
NO. of Weakly occ. per St. Doubly occ.  MOs (NCWO)   = 8
Dimension of the Nat. Orb. subspace         (NBF5)   = 135
No. of electrons                                     = 30
    No. of alpha electrons                           = 15
    No. of beta electrons                            = 15
Multiplicity                                         = 1

Geometry
========
 P       0.0000000       0.0000000      -0.9491313
 P       0.0000000       0.0000000       0.9491313

Orthonormality violations 1653, Maximum Violation 0.000040
Trying to orthonormalize
No violations of the orthonormality
No violations of the orthonormality
 
PNOF8/ADABelief Calculation
==================
 
  Nitext  Nit_orb  Time   Nit_occ  Time         Eelec          Etot           Ediff      maxdiff    MaxGrad_orb  Grad_occ
     1      10    3.8e+01   15    2.6e+01  -745.06522983  -682.34228081 -10744.06522983   0.000960   3.8e-03   2.4e-04 0.03
 
RESULTS OF THE OCCUPATION OPTIMIZATION
========================================
   1    1.9999991  -80.02282388
   2    1.9999988  -80.02210848
   3    1.9999030  -7.53766098
   4    1.9998036  -7.53238066
   5    1.9982182  -5.42855262
   6    1.9979800  -5.42798997
   7    1.9978630  -5.42771805
   8    1.9978772  -5.42739685
   9    1.9976975  -5.42686232
  10    1.9973246  -5.42667349
  11    1.9799279  -0.74375531
  12    1.9795625  -0.73868939
  13    1.9665745  -0.48184976
  14    1.9652829  -0.38655553
  15    1.9657530  -0.38638639
  16    0.0259268  -0.03827262
  17    0.0262054  -0.03831577
  18    0.0156968  -0.03275016
  19    0.0057906  -0.02597144
  20    0.0053110  -0.02463487
  21    0.0012436  -0.00985614
  22    0.0016136  -0.01577013
  23    0.0013053  -0.01191799
  24    0.0013139  -0.01088294
  25    0.0013378  -0.01243091
  26    0.0016397  -0.01520160
  27    0.0000802  -0.00240409
  28    0.0000916  -0.00189662
  29    0.0000003  -0.00000701
  30    0.0000007  -0.00001782
  31    0.0053228  -0.00845451
  32    0.0056493  -0.00919365
  33    0.0057658  -0.01078324
  34    0.0042442  -0.01880616
  35    0.0043434  -0.01909201
  36    0.0011829  -0.00986612
  37    0.0004747  -0.00538430
  38    0.0005573  -0.00934034
  39    0.0004986  -0.00560506
  40    0.0005825  -0.00960370
  41    0.0000562  -0.00048790
  42    0.0000698  -0.00035309
  43    0.0000042  -0.00058061
  44    0.0000002  -0.00000608
  45    0.0000001  -0.00000441
  46    0.0009591  -0.00228722
  47    0.0009688  -0.00225156
  48    0.0056726  -0.01063380
  49    0.0032208  -0.01465334
  50    0.0029166  -0.01213591
  51    0.0001589  -0.00148971
  52    0.0001082  -0.00234347
  53    0.0001586  -0.00149929
  54    0.0002140  -0.00282794
  55    0.0000387  -0.00026682
  56    0.0000305  -0.00022609
  57    0.0000109  -0.00006762
  58    0.0000006  -0.00001499
  59    0.0000002  -0.00000538
  60    0.0000000  -0.00000139
  61    0.0007018  -0.00165386
  62    0.0005731  -0.00112578
  63    0.0055794  -0.01054905
  64    0.0027590  -0.01093504
  65    0.0027975  -0.01110864
  66    0.0000300  -0.00021258
  67    0.0000494  -0.00035735
  68    0.0000394  -0.00028160
  69    0.0000545  -0.00036581
  70    0.0000177  -0.00013769
  71    0.0000170  -0.00079343
  72    0.0000093  -0.00006230
  73    0.0000002  -0.00000641
  74    0.0000001  -0.00000502
  75    0.0000000  -0.00000075
  76    0.0005473  -0.00108118
  77    0.0004779  -0.00094373
  78    0.0001789  -0.00043895
  79    0.0026349  -0.01070798
  80    0.0026815  -0.01083381
  81    0.0000176  -0.00021840
  82    0.0000274  -0.00020755
  83    0.0000273  -0.00021477
  84    0.0000256  -0.00019365
  85    0.0000160  -0.00010741
  86    0.0000113  -0.00007785
  87    0.0000079  -0.00005400
  88    0.0000002  -0.00000614
  89    0.0000001  -0.00000471
  90    0.0000000  -0.00000046
  91    0.0004504  -0.00090866
  92    0.0003337  -0.00063515
  93    0.0001789  -0.00043893
  94    0.0006350  -0.00249648
  95    0.0017438  -0.00808516
  96    0.0000169  -0.00070291
  97    0.0000141  -0.00018537
  98    0.0000169  -0.00011217
  99    0.0000161  -0.00017447
 100    0.0000096  -0.00006299
 101    0.0000106  -0.00010798
 102    0.0000071  -0.00004831
 103    0.0000001  -0.00000310
 104    0.0000001  -0.00000386
 105    0.0000000  -0.00000043
 106    0.0001823  -0.00046638
 107    0.0003266  -0.00061814
 108    0.0001768  -0.00045278
 109    0.0006289  -0.00241137
 110    0.0001549  -0.00057835
 111    0.0000167  -0.00011059
 112    0.0000093  -0.00006396
 113    0.0000093  -0.00006690
 114    0.0000092  -0.00006615
 115    0.0000091  -0.00006103
 116    0.0000090  -0.00006342
 117    0.0000064  -0.00004201
 118    0.0000001  -0.00000211
 119    0.0000001  -0.00000373
 120    0.0000000  -0.00000026
 121    0.0001565  -0.00038020
 122    0.0001824  -0.00046125
 123    0.0001762  -0.00045183
 124    0.0005241  -0.00225966
 125    0.0001234  -0.00047114
 126    0.0000088  -0.00006047
 127    0.0000060  -0.00004489
 128    0.0000087  -0.00006077
 129    0.0000051  -0.00020317
 130    0.0000085  -0.00006084
 131    0.0000075  -0.00005393
 132    0.0000047  -0.00045732
 133    0.0000001  -0.00000172
 134    0.0000001  -0.00000328
 135    0.0000000  -0.00000023
 
----------------
 Final Energies 
----------------
Final NOF Total Energy =    -682.3422808
 
Total Orbital Internal Iterations = 10
Total Occupation Internal Iterations = 15
 
Elapsed time:   83.59 Seconds

---------------------------------
   Lowdin Population Analysis    
---------------------------------
 Idx  Atom   Population   Charge 
---------------------------------
  1     P    15.000       0.000
  2     P    15.000      -0.000

---------------------------------
   M Diagnostic: 0.03
---------------------------------

