Computing Integrals
Basis Set                                            = def2-qzvp
Auxiliary Basis Set                                  = def2-universal-jkfit
Gaussian Type                                        = Spherical
Elapsed time:    2.85 Seconds

Number of basis functions                   (NBF)    = 114
Number of auxiliary basis functions         (NBFAUX) = 154
Inactive Doubly occupied orbitals up to     (NO1)    = 0
No. considered Strongly Doubly occupied MOs (NDOC)   = 7
No. considered Strongly Singly occupied MOs (NSOC)   = 2
NO. of Weakly occ. per St. Doubly occ.  MOs (NCWO)   = 15
Dimension of the Nat. Orb. subspace         (NBF5)   = 114
No. of electrons                                     = 16
    No. of alpha electrons                           = 9
    No. of beta electrons                            = 7
Multiplicity                                         = 3

Geometry
========
 O       0.0000000       0.0000000      -0.6096935
 O       0.0000000       0.0000000       0.6096935

No violations of the orthonormality
No violations of the orthonormality
 
PNOF8/ADABelief Calculation
==================
 
  Nitext  Nit_orb  Time   Nit_occ  Time         Eelec          Etot           Ediff      maxdiff    MaxGrad_orb  Grad_occ
     1      10    3.6e+01    0    2.6e+01  -177.97157936  -150.19756500 -10176.97157936   0.000942   3.8e-03   2.2e-04 0.03
 
RESULTS OF THE OCCUPATION OPTIMIZATION
========================================
   1    1.9999391  -20.74553279
   2    1.9999473  -20.74522810
   3    1.9845419  -1.61211916
   4    1.9795799  -1.14010650
   5    1.9647335  -0.83605975
   6    1.9731567  -0.73980032
   7    1.9722218  -0.73955234
   8    1.0000000  -0.31081363
   9    1.0000000  -0.31079107
  10    0.0103116  -0.01586754
  11    0.0113504  -0.01635898
  12    0.0328004  -0.05947085
  13    0.0090369  -0.02082429
  14    0.0056231  -0.01732304
  15    0.0000318  -0.00104708
  16    0.0000396  -0.00142356
  17    0.0056479  -0.00929895
  18    0.0060969  -0.00958278
  19    0.0016929  -0.00492583
  20    0.0043210  -0.00952588
  21    0.0037121  -0.00895147
  22    0.0000045  -0.00007618
  23    0.0000051  -0.00009435
  24    0.0054424  -0.00885669
  25    0.0059004  -0.00912182
  26    0.0002256  -0.00077830
  27    0.0040593  -0.00862978
  28    0.0024691  -0.00837924
  29    0.0000041  -0.00006595
  30    0.0000047  -0.00007682
  31    0.0029255  -0.00594024
  32    0.0014042  -0.00357644
  33    0.0002065  -0.00076212
  34    0.0007036  -0.00224792
  35    0.0018383  -0.00561541
  36    0.0000031  -0.00006236
  37    0.0000035  -0.00006238
  38    0.0013410  -0.00350405
  39    0.0004622  -0.00131053
  40    0.0001029  -0.00049852
  41    0.0006335  -0.00509011
  42    0.0004905  -0.00482217
  43    0.0000027  -0.00010067
  44    0.0000020  -0.00005005
  45    0.0008011  -0.00228179
  46    0.0004440  -0.00120949
  47    0.0000935  -0.00045118
  48    0.0004415  -0.00199568
  49    0.0003905  -0.00136530
  50    0.0000017  -0.00006054
  51    0.0000014  -0.00005641
  52    0.0003091  -0.00081991
  53    0.0004425  -0.00118454
  54    0.0000215  -0.00013353
  55    0.0004166  -0.00135368
  56    0.0002544  -0.00086459
  57    0.0000013  -0.00004104
  58    0.0000011  -0.00004679
  59    0.0002750  -0.00072832
  60    0.0003258  -0.00087318
  61    0.0000208  -0.00012508
  62    0.0002349  -0.00092567
  63    0.0002306  -0.00084407
  64    0.0000010  -0.00003650
  65    0.0000010  -0.00003579
  66    0.0002362  -0.00071728
  67    0.0002514  -0.00074927
  68    0.0000195  -0.00012092
  69    0.0002171  -0.00086165
  70    0.0001802  -0.00072250
  71    0.0000008  -0.00002371
  72    0.0000007  -0.00002213
  73    0.0002163  -0.00067454
  74    0.0000632  -0.00033716
  75    0.0000172  -0.00011692
  76    0.0001595  -0.00060971
  77    0.0001487  -0.00062607
  78    0.0000004  -0.00000952
  79    0.0000006  -0.00000973
  80    0.0001710  -0.00058444
  81    0.0000283  -0.00015379
  82    0.0000147  -0.00009267
  83    0.0001036  -0.00055402
  84    0.0000450  -0.00026819
  85    0.0000004  -0.00000670
  86    0.0000004  -0.00000753
  87    0.0000475  -0.00024898
  88    0.0000196  -0.00010999
  89    0.0000136  -0.00008578
  90    0.0000280  -0.00014374
  91    0.0000227  -0.00013905
  92    0.0000004  -0.00000697
  93    0.0000003  -0.00003299
  94    0.0000188  -0.00011656
  95    0.0000188  -0.00010500
  96    0.0000129  -0.00008488
  97    0.0000245  -0.00012868
  98    0.0000204  -0.00013986
  99    0.0000003  -0.00002553
 100    0.0000002  -0.00000314
 101    0.0000179  -0.00010658
 102    0.0000184  -0.00009823
 103    0.0000125  -0.00007903
 104    0.0000202  -0.00009739
 105    0.0000164  -0.00010527
 106    0.0000002  -0.00000275
 107    0.0000002  -0.00000259
 108    0.0000170  -0.00009346
 109    0.0000172  -0.00009605
 110    0.0000120  -0.00007625
 111    0.0000198  -0.00009816
 112    0.0000161  -0.00010471
 113    0.0000001  -0.00000041
 114    0.0000001  -0.00000097
 
----------------
 Final Energies 
----------------
Final NOF Total Energy =    -150.1975650
 
Total Orbital Internal Iterations = 10
Total Occupation Internal Iterations = 0
 
Elapsed time:   76.16 Seconds

---------------------------------
   Lowdin Population Analysis    
---------------------------------
 Idx  Atom   Population   Charge 
---------------------------------
  1     O     8.000      -0.000
  2     O     8.000       0.000

---------------------------------
   M Diagnostic: 0.03
---------------------------------

