Computing Integrals
Basis Set                                            = def2-qzvp
Auxiliary Basis Set                                  = def2-universal-jkfit
Gaussian Type                                        = Spherical
Elapsed time:    3.64 Seconds

Number of basis functions                   (NBF)    = 234
Number of auxiliary basis functions         (NBFAUX) = 226
Inactive Doubly occupied orbitals up to     (NO1)    = 0
No. considered Strongly Doubly occupied MOs (NDOC)   = 10
No. considered Strongly Singly occupied MOs (NSOC)   = 0
NO. of Weakly occ. per St. Doubly occ.  MOs (NCWO)   = 22
Dimension of the Nat. Orb. subspace         (NBF5)   = 230
No. of electrons                                     = 20
    No. of alpha electrons                           = 10
    No. of beta electrons                            = 10
Multiplicity                                         = 1

Geometry
========
 O       0.0007560       1.5232520       0.0000000
 H      -0.0863650       0.5574930       0.0000000
 H      -0.8987880       1.8606430       0.0000000
 O       0.0007560      -1.3961260       0.0000000
 H       0.4865270      -1.7175730       0.7661990
 H       0.4865270      -1.7175730      -0.7661990

Orthonormality violations 26324, Maximum Violation 0.000085
Trying to orthonormalize
No violations of the orthonormality
No violations of the orthonormality
 
PNOF8/ADABelief Calculation
==================
 
  Nitext  Nit_orb  Time   Nit_occ  Time         Eelec          Etot           Ediff      maxdiff    MaxGrad_orb  Grad_occ
     1      10    2.3e+01    7    2.7e+01  -189.25229641  -152.75950470 -10188.25229641   0.001583   6.3e-03   2.5e-04 0.03
     2      20    1.1e+01    0    1.2e-01  -189.25279566  -152.76000395    -0.00049925   0.001583   6.3e-03   2.5e-04 0.03
     3      40    1.1e+01    4    4.5e-01  -189.25375132  -152.76095960    -0.00095566   0.002613   1.0e-02   2.2e-04 0.03
     4      40    1.6e+01    1    2.0e-01  -189.25384640  -152.76105469    -0.00009509   0.002961   1.2e-02   2.4e-04 0.03
     5      40    1.5e+01    8    7.4e-01  -189.25386801  -152.76107629    -0.00002160   0.002878   1.2e-02   1.7e-04 0.03
     6      40    1.2e+01    0    1.1e-01  -189.25389235  -152.76110063    -0.00002434   0.002878   1.2e-02   1.7e-04 0.03
     7      44    1.4e+01    0    1.6e-01  -189.25397671  -152.76118500    -0.00008436   0.000484   1.9e-03   1.9e-04 0.03
 
RESULTS OF THE OCCUPATION OPTIMIZATION
========================================
   1    1.9999844  -20.60874524
   2    1.9999839  -20.57698765
   3    1.9854021  -1.34379336
   4    1.9864629  -1.30780615
   5    1.9713141  -0.74792647
   6    1.9715500  -0.74740858
   7    1.9727558  -0.70034088
   8    1.9700038  -0.67426698
   9    1.9804914  -0.58769606
  10    1.9778628  -0.52648175
  11    0.0129450  -0.01938703
  12    0.0132678  -0.01987522
  13    0.0181384  -0.02953403
  14    0.0217304  -0.03178595
  15    0.0198119  -0.03062843
  16    0.0194727  -0.03037420
  17    0.0082846  -0.01978226
  18    0.0072714  -0.01882343
  19    0.0000141  -0.00050566
  20    0.0000132  -0.00047350
  21    0.0053473  -0.00962911
  22    0.0013697  -0.00394733
  23    0.0039785  -0.00817531
  24    0.0041210  -0.00834761
  25    0.0039956  -0.00826597
  26    0.0046321  -0.00909913
  27    0.0012580  -0.00558086
  28    0.0037521  -0.00875160
  29    0.0000008  -0.00000615
  30    0.0000010  -0.00000533
  31    0.0012855  -0.00377843
  32    0.0011795  -0.00329197
  33    0.0036925  -0.00793606
  34    0.0004471  -0.00120220
  35    0.0039799  -0.00833380
  36    0.0038854  -0.00814281
  37    0.0009097  -0.00308939
  38    0.0010663  -0.00428933
  39    0.0000006  -0.00001245
  40    0.0000007  -0.00001241
  41    0.0007369  -0.00292208
  42    0.0007063  -0.00193001
  43    0.0036497  -0.00789320
  44    0.0003210  -0.00096852
  45    0.0002689  -0.00090053
  46    0.0002581  -0.00084060
  47    0.0007033  -0.00258579
  48    0.0008273  -0.00300692
  49    0.0000003  -0.00003448
  50    0.0000003  -0.00003156
  51    0.0005952  -0.00153963
  52    0.0006865  -0.00344332
  53    0.0002436  -0.00083186
  54    0.0002606  -0.00083306
  55    0.0000996  -0.00039345
  56    0.0000921  -0.00033491
  57    0.0006133  -0.00192458
  58    0.0005322  -0.00247239
  59    0.0000001  -0.00000106
  60    0.0000003  -0.00000190
  61    0.0003772  -0.00104009
  62    0.0005588  -0.00137499
  63    0.0000714  -0.00028530
  64    0.0000894  -0.00033422
  65    0.0000793  -0.00029858
  66    0.0000792  -0.00032102
  67    0.0004677  -0.00143951
  68    0.0003057  -0.00107121
  69    0.0000000  -0.00000093
  70    0.0000001  -0.00000109
  71    0.0001706  -0.00062651
  72    0.0005209  -0.00135114
  73    0.0000648  -0.00025750
  74    0.0000753  -0.00029908
  75    0.0000488  -0.00018221
  76    0.0000681  -0.00028452
  77    0.0004205  -0.00156337
  78    0.0002846  -0.00103368
  79    0.0000000  -0.00000087
  80    0.0000000  -0.00000065
  81    0.0001534  -0.00066278
  82    0.0004694  -0.00132217
  83    0.0000503  -0.00015837
  84    0.0000413  -0.00016846
  85    0.0000367  -0.00015298
  86    0.0000420  -0.00015808
  87    0.0003118  -0.00104415
  88    0.0002655  -0.00092103
  89    0.0000000  -0.00000060
  90    0.0000000  -0.00000051
  91    0.0001248  -0.00042562
  92    0.0003829  -0.00105521
  93    0.0000291  -0.00013042
  94    0.0000384  -0.00016047
  95    0.0000362  -0.00016758
  96    0.0000341  -0.00015688
  97    0.0002888  -0.00097359
  98    0.0001533  -0.00147779
  99    0.0000000  -0.00000051
 100    0.0000000  -0.00000052
 101    0.0001034  -0.00038989
 102    0.0001241  -0.00048250
 103    0.0000219  -0.00008801
 104    0.0000334  -0.00015163
 105    0.0000308  -0.00013420
 106    0.0000259  -0.00011105
 107    0.0001152  -0.00141682
 108    0.0000555  -0.00036819
 109    0.0000000  -0.00000040
 110    0.0000000  -0.00000039
 111    0.0000625  -0.00025074
 112    0.0000441  -0.00017756
 113    0.0000124  -0.00004737
 114    0.0000272  -0.00012838
 115    0.0000176  -0.00008990
 116    0.0000169  -0.00009107
 117    0.0000529  -0.00023389
 118    0.0000210  -0.00013456
 119    0.0000000  -0.00000039
 120    0.0000000  -0.00000034
 121    0.0000467  -0.00019498
 122    0.0000374  -0.00016828
 123    0.0000089  -0.00004710
 124    0.0000162  -0.00009381
 125    0.0000109  -0.00004971
 126    0.0000148  -0.00007187
 127    0.0000241  -0.00013370
 128    0.0000176  -0.00011225
 129    0.0000000  -0.00000037
 130    0.0000000  -0.00000031
 131    0.0000398  -0.00017152
 132    0.0000307  -0.00015172
 133    0.0000077  -0.00003599
 134    0.0000139  -0.00006391
 135    0.0000090  -0.00004180
 136    0.0000116  -0.00005266
 137    0.0000212  -0.00012634
 138    0.0000114  -0.00007243
 139    0.0000000  -0.00000032
 140    0.0000000  -0.00000028
 141    0.0000307  -0.00015374
 142    0.0000250  -0.00012462
 143    0.0000061  -0.00002496
 144    0.0000073  -0.00003827
 145    0.0000067  -0.00003166
 146    0.0000100  -0.00004935
 147    0.0000162  -0.00011271
 148    0.0000080  -0.00005479
 149    0.0000000  -0.00000028
 150    0.0000000  -0.00000026
 151    0.0000248  -0.00012194
 152    0.0000228  -0.00012713
 153    0.0000059  -0.00002167
 154    0.0000053  -0.00002057
 155    0.0000054  -0.00001826
 156    0.0000091  -0.00004478
 157    0.0000130  -0.00007821
 158    0.0000053  -0.00003830
 159    0.0000000  -0.00000024
 160    0.0000000  -0.00000025
 161    0.0000231  -0.00011599
 162    0.0000208  -0.00011858
 163    0.0000030  -0.00000912
 164    0.0000042  -0.00001535
 165    0.0000028  -0.00000919
 166    0.0000078  -0.00003862
 167    0.0000101  -0.00007245
 168    0.0000048  -0.00002962
 169    0.0000000  -0.00000024
 170    0.0000000  -0.00000024
 171    0.0000200  -0.00011198
 172    0.0000180  -0.00010645
 173    0.0000026  -0.00000735
 174    0.0000032  -0.00001370
 175    0.0000023  -0.00000756
 176    0.0000065  -0.00003200
 177    0.0000092  -0.00005765
 178    0.0000040  -0.00002296
 179    0.0000000  -0.00000020
 180    0.0000000  -0.00000023
 181    0.0000141  -0.00007187
 182    0.0000149  -0.00007967
 183    0.0000023  -0.00000624
 184    0.0000026  -0.00000888
 185    0.0000021  -0.00000514
 186    0.0000062  -0.00002813
 187    0.0000045  -0.00002994
 188    0.0000033  -0.00002227
 189    0.0000000  -0.00000018
 190    0.0000000  -0.00000018
 191    0.0000123  -0.00006433
 192    0.0000107  -0.00006728
 193    0.0000021  -0.00000493
 194    0.0000022  -0.00000558
 195    0.0000020  -0.00000419
 196    0.0000040  -0.00001207
 197    0.0000040  -0.00002427
 198    0.0000029  -0.00001688
 199    0.0000000  -0.00000017
 200    0.0000000  -0.00000017
 201    0.0000106  -0.00006329
 202    0.0000087  -0.00005326
 203    0.0000018  -0.00000339
 204    0.0000017  -0.00000433
 205    0.0000014  -0.00000383
 206    0.0000036  -0.00001237
 207    0.0000037  -0.00002361
 208    0.0000021  -0.00000815
 209    0.0000000  -0.00000017
 210    0.0000000  -0.00000018
 211    0.0000074  -0.00004476
 212    0.0000056  -0.00003905
 213    0.0000015  -0.00000358
 214    0.0000014  -0.00000374
 215    0.0000011  -0.00000322
 216    0.0000031  -0.00000879
 217    0.0000028  -0.00001621
 218    0.0000020  -0.00000738
 219    0.0000000  -0.00000012
 220    0.0000000  -0.00000018
 221    0.0000058  -0.00003873
 222    0.0000041  -0.00002205
 223    0.0000014  -0.00000319
 224    0.0000012  -0.00000267
 225    0.0000009  -0.00000206
 226    0.0000027  -0.00000929
 227    0.0000024  -0.00000966
 228    0.0000015  -0.00000504
 229    0.0000000  -0.00000011
 230    0.0000000  -0.00000014
 
----------------
 Final Energies 
----------------
Final NOF Total Energy =    -152.7611850
 
Total Orbital Internal Iterations = 234
Total Occupation Internal Iterations = 20
 
Elapsed time:  152.97 Seconds

---------------------------------
   Lowdin Population Analysis    
---------------------------------
 Idx  Atom   Population   Charge 
---------------------------------
  1     O     7.375       0.625
  2     H     1.369      -0.369
  3     H     1.338      -0.338
  4     O     7.295       0.705
  5     H     1.312      -0.312
  6     H     1.312      -0.312

---------------------------------
   M Diagnostic: 0.03
---------------------------------

