Computing Integrals
Basis Set                                            = def2-qzvp
Auxiliary Basis Set                                  = def2-universal-jkfit
Gaussian Type                                        = Spherical
Elapsed time:    1.69 Seconds

Number of basis functions                   (NBF)    = 70
Number of auxiliary basis functions         (NBFAUX) = 128
Inactive Doubly occupied orbitals up to     (NO1)    = 0
No. considered Strongly Doubly occupied MOs (NDOC)   = 9
No. considered Strongly Singly occupied MOs (NSOC)   = 0
NO. of Weakly occ. per St. Doubly occ.  MOs (NCWO)   = 6
Dimension of the Nat. Orb. subspace         (NBF5)   = 63
No. of electrons                                     = 18
    No. of alpha electrons                           = 9
    No. of beta electrons                            = 9
Multiplicity                                         = 1

Geometry
========
Ar       0.0000000       0.0000000       0.0000000

No violations of the orthonormality
No violations of the orthonormality
 
PNOF8/ADABelief Calculation
==================
 
  Nitext  Nit_orb  Time   Nit_occ  Time         Eelec          Etot           Ediff      maxdiff    MaxGrad_orb  Grad_occ
     1      10    9.0e+00    7    1.2e+01  -527.40078380  -527.40078380 -10526.40078380   0.000907   3.6e-03   2.1e-04 0.02
 
RESULTS OF THE OCCUPATION OPTIMIZATION
========================================
   1    1.9999986  -118.66190439
   2    1.9998965  -12.36014612
   3    1.9991738  -9.60256001
   4    1.9993856  -9.60186603
   5    1.9987558  -9.60065908
   6    1.9849493  -1.30409748
   7    1.9755189  -0.61840932
   8    1.9719395  -0.61775483
   9    1.9716622  -0.61708072
  10    0.0104888  -0.02136465
  11    0.0103760  -0.02121075
  12    0.0133232  -0.02351626
  13    0.0067173  -0.03228514
  14    0.0008150  -0.01051012
  15    0.0004907  -0.01292069
  16    0.0003485  -0.01023881
  17    0.0000686  -0.00243479
  18    0.0000007  -0.00002988
  19    0.0102316  -0.02087007
  20    0.0100362  -0.02086241
  21    0.0080857  -0.02157891
  22    0.0019488  -0.01116611
  23    0.0003304  -0.01013446
  24    0.0000685  -0.00102876
  25    0.0003386  -0.01012657
  26    0.0000146  -0.00015992
  27    0.0000002  -0.00001514
  28    0.0065829  -0.01970265
  29    0.0065873  -0.01974990
  30    0.0008133  -0.00207261
  31    0.0019441  -0.01116041
  32    0.0000590  -0.00168616
  33    0.0000147  -0.00015993
  34    0.0000600  -0.00089001
  35    0.0000096  -0.00010167
  36    0.0000001  -0.00001376
  37    0.0006175  -0.00177226
  38    0.0006468  -0.00184830
  39    0.0008114  -0.00207429
  40    0.0019375  -0.01109827
  41    0.0000135  -0.00015500
  42    0.0000145  -0.00015914
  43    0.0000544  -0.00074802
  44    0.0000076  -0.00009115
  45    0.0000001  -0.00001252
  46    0.0002130  -0.00109962
  47    0.0002078  -0.00109349
  48    0.0007277  -0.00191044
  49    0.0019358  -0.01109600
  50    0.0000133  -0.00015357
  51    0.0000137  -0.00015514
  52    0.0000137  -0.00015559
  53    0.0000028  -0.00059243
  54    0.0000001  -0.00001039
  55    0.0002040  -0.00107790
  56    0.0002064  -0.00108570
  57    0.0007197  -0.00190019
  58    0.0005671  -0.00193426
  59    0.0000130  -0.00039219
  60    0.0000123  -0.00014797
  61    0.0000110  -0.00074940
  62    0.0000004  -0.00002191
  63    0.0000001  -0.00000962
 
----------------
 Final Energies 
----------------
Final NOF Total Energy =    -527.4007838
 
Total Orbital Internal Iterations = 10
Total Occupation Internal Iterations = 7
 
Elapsed time:   26.91 Seconds

---------------------------------
   Lowdin Population Analysis    
---------------------------------
 Idx  Atom   Population   Charge 
---------------------------------
  1    Ar    18.000      -0.000

---------------------------------
   M Diagnostic: 0.02
---------------------------------

