Computing Integrals
Basis Set                                            = def2-qzvp
Auxiliary Basis Set                                  = def2-universal-jkfit
Gaussian Type                                        = Spherical
Elapsed time:    1.79 Seconds

Number of basis functions                   (NBF)    = 70
Number of auxiliary basis functions         (NBFAUX) = 128
Inactive Doubly occupied orbitals up to     (NO1)    = 0
No. considered Strongly Doubly occupied MOs (NDOC)   = 6
No. considered Strongly Singly occupied MOs (NSOC)   = 2
NO. of Weakly occ. per St. Doubly occ.  MOs (NCWO)   = 10
Dimension of the Nat. Orb. subspace         (NBF5)   = 68
No. of electrons                                     = 14
    No. of alpha electrons                           = 8
    No. of beta electrons                            = 6
Multiplicity                                         = 3

Geometry
========
Si       0.0000000       0.0000000       0.0000000

No violations of the orthonormality
No violations of the orthonormality
 
PNOF8/ADABelief Calculation
==================
 
  Nitext  Nit_orb  Time   Nit_occ  Time         Eelec          Etot           Ediff      maxdiff    MaxGrad_orb  Grad_occ
     1      10    9.2e+00    0    1.2e+01  -289.16672997  -289.16672997 -10288.16672997   0.000498   2.0e-03   1.2e-04 0.04
 
RESULTS OF THE OCCUPATION OPTIMIZATION
========================================
   1    1.9999954  -68.87793948
   2    1.9976907  -6.18084101
   3    1.9945480  -4.28096726
   4    1.9940698  -4.27869097
   5    1.9922495  -4.27427597
   6    1.9460862  -0.55835523
   7    1.0000000  -0.16286957
   8    1.0000000  -0.16276214
   9    0.0332599  -0.02587782
  10    0.0031543  -0.02182430
  11    0.0039167  -0.03151055
  12    0.0034452  -0.02260951
  13    0.0018977  -0.01561990
  14    0.0000041  -0.00046802
  15    0.0068550  -0.00630992
  16    0.0016179  -0.01013400
  17    0.0015614  -0.00963517
  18    0.0016950  -0.01031992
  19    0.0003006  -0.00652382
  20    0.0000001  -0.00000261
  21    0.0067341  -0.00612295
  22    0.0015597  -0.00979527
  23    0.0002317  -0.00179101
  24    0.0001661  -0.00128943
  25    0.0000270  -0.00017545
  26    0.0000001  -0.00000214
  27    0.0021979  -0.00202064
  28    0.0013339  -0.00856216
  29    0.0001184  -0.00086685
  30    0.0000624  -0.00176536
  31    0.0000238  -0.00015676
  32    0.0000001  -0.00000217
  33    0.0019712  -0.00188806
  34    0.0000318  -0.00018845
  35    0.0000495  -0.00024022
  36    0.0000332  -0.00019759
  37    0.0000177  -0.00024709
  38    0.0000001  -0.00000182
  39    0.0011513  -0.00118428
  40    0.0000240  -0.00032723
  41    0.0000260  -0.00014573
  42    0.0000202  -0.00032669
  43    0.0000168  -0.00016931
  44    0.0000000  -0.00000103
  45    0.0006304  -0.00084548
  46    0.0000086  -0.00006333
  47    0.0000105  -0.00006203
  48    0.0000090  -0.00004528
  49    0.0000113  -0.00014847
  50    0.0000000  -0.00000105
  51    0.0003935  -0.00051713
  52    0.0000081  -0.00003988
  53    0.0000066  -0.00003324
  54    0.0000082  -0.00004591
  55    0.0000057  -0.00002901
  56    0.0000000  -0.00000104
  57    0.0003933  -0.00051667
  58    0.0000069  -0.00003547
  59    0.0000054  -0.00002444
  60    0.0000074  -0.00003594
  61    0.0000051  -0.00002202
  62    0.0000000  -0.00000077
  63    0.0003272  -0.00042898
  64    0.0000053  -0.00002825
  65    0.0000040  -0.00001691
  66    0.0000052  -0.00002430
  67    0.0000036  -0.00014694
  68    0.0000000  -0.00000076
 
----------------
 Final Energies 
----------------
Final NOF Total Energy =    -289.1667300
 
Total Orbital Internal Iterations = 10
Total Occupation Internal Iterations = 0
 
Elapsed time:   27.22 Seconds

---------------------------------
   Lowdin Population Analysis    
---------------------------------
 Idx  Atom   Population   Charge 
---------------------------------
  1    Si    14.000      -0.000

---------------------------------
   M Diagnostic: 0.04
---------------------------------

