Computing Integrals
Basis Set                                            = def2-qzvp
Auxiliary Basis Set                                  = def2-universal-jkfit
Gaussian Type                                        = Spherical
Elapsed time:    4.23 Seconds

Number of basis functions                   (NBF)    = 241
Number of auxiliary basis functions         (NBFAUX) = 359
Inactive Doubly occupied orbitals up to     (NO1)    = 0
No. considered Strongly Doubly occupied MOs (NDOC)   = 20
No. considered Strongly Singly occupied MOs (NSOC)   = 0
NO. of Weakly occ. per St. Doubly occ.  MOs (NCWO)   = 11
Dimension of the Nat. Orb. subspace         (NBF5)   = 240
No. of electrons                                     = 40
    No. of alpha electrons                           = 20
    No. of beta electrons                            = 20
Multiplicity                                         = 1

Geometry
========
Al       0.0000000       0.0000000       0.0000000
 F       0.0000000       1.6317660       0.0000000
 F       1.4131500      -0.8158830       0.0000000
 F      -1.4131500      -0.8158830       0.0000000

No violations of the orthonormality
No violations of the orthonormality
 
PNOF8/ADABelief Calculation
==================
 
  Nitext  Nit_orb  Time   Nit_occ  Time         Eelec          Etot           Ediff      maxdiff    MaxGrad_orb  Grad_occ
     1      10    2.3e+01    0    2.6e+01  -701.17335923  -541.84766588 -10700.17335923   0.000485   1.9e-03   2.0e-04 0.02
 
RESULTS OF THE OCCUPATION OPTIMIZATION
========================================
   1    1.9999976  -58.60259815
   2    1.9999890  -26.32841254
   3    1.9999871  -26.32832333
   4    1.9999884  -26.32817885
   5    1.9981344  -4.97503003
   6    1.9953638  -3.29363661
   7    1.9961128  -3.28804031
   8    1.9937552  -3.26660943
   9    1.9864094  -1.57754636
  10    1.9843866  -1.57300493
  11    1.9855520  -1.57068163
  12    1.9767437  -0.81834778
  13    1.9765168  -0.80063252
  14    1.9757423  -0.79009887
  15    1.9779702  -0.70841209
  16    1.9779669  -0.70345464
  17    1.9780927  -0.70091684
  18    1.9773318  -0.70039875
  19    1.9759281  -0.70038118
  20    1.9777439  -0.69936374
  21    0.0114497  -0.02153468
  22    0.0142193  -0.02495599
  23    0.0124842  -0.02265708
  24    0.0107030  -0.02080673
  25    0.0150440  -0.02536530
  26    0.0145118  -0.02516742
  27    0.0195179  -0.03851942
  28    0.0190064  -0.03787537
  29    0.0192638  -0.03874763
  30    0.0073305  -0.02263291
  31    0.0067190  -0.02189976
  32    0.0076318  -0.02269381
  33    0.0039275  -0.01995161
  34    0.0030574  -0.01576424
  35    0.0035761  -0.02442126
  36    0.0015733  -0.00865911
  37    0.0000092  -0.00031430
  38    0.0000083  -0.00029176
  39    0.0000088  -0.00029661
  40    0.0000021  -0.00003950
  41    0.0044458  -0.01066660
  42    0.0044078  -0.01007619
  43    0.0046558  -0.01100552
  44    0.0042129  -0.01009068
  45    0.0046377  -0.01076728
  46    0.0044802  -0.01059859
  47    0.0035100  -0.00930553
  48    0.0030223  -0.00923825
  49    0.0027759  -0.00836886
  50    0.0032972  -0.00952561
  51    0.0030400  -0.00921700
  52    0.0034367  -0.01060955
  53    0.0017615  -0.00890701
  54    0.0005008  -0.00638609
  55    0.0004421  -0.00583999
  56    0.0001626  -0.00303189
  57    0.0000004  -0.00003113
  58    0.0000015  -0.00001870
  59    0.0000004  -0.00003534
  60    0.0000000  -0.00000025
  61    0.0043546  -0.01009078
  62    0.0043044  -0.01003703
  63    0.0044376  -0.01012698
  64    0.0041768  -0.01015937
  65    0.0007564  -0.00289323
  66    0.0010616  -0.00419305
  67    0.0003040  -0.00115092
  68    0.0006881  -0.00284112
  69    0.0007207  -0.00284760
  70    0.0025781  -0.00929704
  71    0.0027418  -0.00915656
  72    0.0007984  -0.00383051
  73    0.0003936  -0.00554034
  74    0.0001526  -0.00089630
  75    0.0004169  -0.00517180
  76    0.0000528  -0.00108309
  77    0.0000004  -0.00003245
  78    0.0000006  -0.00001281
  79    0.0000004  -0.00002968
  80    0.0000000  -0.00000050
  81    0.0010175  -0.00364326
  82    0.0003816  -0.00135655
  83    0.0003985  -0.00134995
  84    0.0009935  -0.00379802
  85    0.0004431  -0.00149129
  86    0.0009000  -0.00341832
  87    0.0002771  -0.00106347
  88    0.0002800  -0.00108256
  89    0.0002744  -0.00108558
  90    0.0004041  -0.00197614
  91    0.0022061  -0.00883007
  92    0.0004174  -0.00213712
  93    0.0000657  -0.00121084
  94    0.0000591  -0.00113290
  95    0.0001047  -0.00076035
  96    0.0000141  -0.00030551
  97    0.0000003  -0.00000557
  98    0.0000005  -0.00001178
  99    0.0000003  -0.00000523
 100    0.0000000  -0.00000033
 101    0.0004297  -0.00152421
 102    0.0002965  -0.00110274
 103    0.0003013  -0.00111233
 104    0.0009766  -0.00377844
 105    0.0003396  -0.00117961
 106    0.0004049  -0.00143478
 107    0.0002761  -0.00106067
 108    0.0002788  -0.00107012
 109    0.0000786  -0.00031615
 110    0.0003436  -0.00139147
 111    0.0003339  -0.00137456
 112    0.0003640  -0.00140142
 113    0.0000329  -0.00026331
 114    0.0000410  -0.00122864
 115    0.0000172  -0.00017221
 116    0.0000128  -0.00013420
 117    0.0000003  -0.00000536
 118    0.0000004  -0.00004585
 119    0.0000003  -0.00000452
 120    0.0000000  -0.00000021
 121    0.0002886  -0.00107679
 122    0.0002927  -0.00108957
 123    0.0002878  -0.00106981
 124    0.0004146  -0.00145579
 125    0.0003113  -0.00110146
 126    0.0002990  -0.00109667
 127    0.0002629  -0.00106284
 128    0.0000762  -0.00025744
 129    0.0000420  -0.00016808
 130    0.0002661  -0.00112860
 131    0.0002474  -0.00109882
 132    0.0003299  -0.00131649
 133    0.0000143  -0.00017465
 134    0.0000191  -0.00027025
 135    0.0000164  -0.00016756
 136    0.0000121  -0.00013124
 137    0.0000003  -0.00000510
 138    0.0000003  -0.00001075
 139    0.0000002  -0.00000375
 140    0.0000000  -0.00000021
 141    0.0001351  -0.00049371
 142    0.0000796  -0.00031325
 143    0.0000357  -0.00014866
 144    0.0002763  -0.00104753
 145    0.0002868  -0.00104976
 146    0.0002987  -0.00109536
 147    0.0000433  -0.00016116
 148    0.0000642  -0.00024910
 149    0.0000348  -0.00013047
 150    0.0001174  -0.00068877
 151    0.0002450  -0.00109481
 152    0.0002759  -0.00113216
 153    0.0000128  -0.00012836
 154    0.0000132  -0.00013633
 155    0.0000129  -0.00013235
 156    0.0000105  -0.00016865
 157    0.0000002  -0.00000323
 158    0.0000003  -0.00000551
 159    0.0000002  -0.00000191
 160    0.0000000  -0.00000019
 161    0.0000548  -0.00022928
 162    0.0000354  -0.00009356
 163    0.0000212  -0.00015514
 164    0.0000960  -0.00035461
 165    0.0001040  -0.00036465
 166    0.0000200  -0.00013908
 167    0.0000182  -0.00013953
 168    0.0000177  -0.00012988
 169    0.0000171  -0.00012361
 170    0.0000494  -0.00023878
 171    0.0000252  -0.00018974
 172    0.0002696  -0.00112989
 173    0.0000121  -0.00012689
 174    0.0000132  -0.00013226
 175    0.0000129  -0.00013020
 176    0.0000082  -0.00008521
 177    0.0000002  -0.00000280
 178    0.0000003  -0.00000574
 179    0.0000001  -0.00000178
 180    0.0000000  -0.00000017
 181    0.0000343  -0.00013181
 182    0.0000203  -0.00015984
 183    0.0000173  -0.00012389
 184    0.0000226  -0.00012260
 185    0.0000484  -0.00020010
 186    0.0000183  -0.00013508
 187    0.0000165  -0.00012025
 188    0.0000171  -0.00012698
 189    0.0000167  -0.00012383
 190    0.0000217  -0.00017660
 191    0.0000210  -0.00017558
 192    0.0000232  -0.00018475
 193    0.0000089  -0.00008274
 194    0.0000130  -0.00013114
 195    0.0000126  -0.00012637
 196    0.0000078  -0.00008055
 197    0.0000002  -0.00000214
 198    0.0000002  -0.00000338
 199    0.0000001  -0.00000135
 200    0.0000000  -0.00000003
 201    0.0000269  -0.00013282
 202    0.0000176  -0.00012333
 203    0.0000161  -0.00011740
 204    0.0000180  -0.00013247
 205    0.0000397  -0.00016750
 206    0.0000181  -0.00012907
 207    0.0000163  -0.00011849
 208    0.0000165  -0.00011958
 209    0.0000163  -0.00011744
 210    0.0000208  -0.00016799
 211    0.0000171  -0.00015271
 212    0.0000223  -0.00017962
 213    0.0000080  -0.00008022
 214    0.0000119  -0.00012625
 215    0.0000124  -0.00012658
 216    0.0000070  -0.00030845
 217    0.0000001  -0.00000097
 218    0.0000002  -0.00000243
 219    0.0000001  -0.00000131
 220    0.0000000  -0.00000004
 221    0.0000190  -0.00012569
 222    0.0000167  -0.00011835
 223    0.0000127  -0.00007369
 224    0.0000170  -0.00012031
 225    0.0000221  -0.00015752
 226    0.0000171  -0.00012517
 227    0.0000153  -0.00011365
 228    0.0000160  -0.00011897
 229    0.0000160  -0.00011694
 230    0.0000191  -0.00015509
 231    0.0000169  -0.00013438
 232    0.0000213  -0.00016900
 233    0.0000076  -0.00007113
 234    0.0000059  -0.00026612
 235    0.0000120  -0.00012361
 236    0.0000043  -0.00004789
 237    0.0000001  -0.00000098
 238    0.0000001  -0.00000151
 239    0.0000001  -0.00000079
 240    0.0000000  -0.00000003
 
----------------
 Final Energies 
----------------
Final NOF Total Energy =    -541.8476659
 
Total Orbital Internal Iterations = 10
Total Occupation Internal Iterations = 0
 
Elapsed time:   64.62 Seconds

---------------------------------
   Lowdin Population Analysis    
---------------------------------
 Idx  Atom   Population   Charge 
---------------------------------
  1    Al    13.793      -0.793
  2     F     8.736       0.264
  3     F     8.736       0.264
  4     F     8.734       0.266

---------------------------------
   M Diagnostic: 0.02
---------------------------------

