Computing Integrals
Basis Set                                            = def2-qzvp
Auxiliary Basis Set                                  = def2-universal-jkfit
Gaussian Type                                        = Spherical
Elapsed time:    2.50 Seconds

Number of basis functions                   (NBF)    = 70
Number of auxiliary basis functions         (NBFAUX) = 128
Inactive Doubly occupied orbitals up to     (NO1)    = 0
No. considered Strongly Doubly occupied MOs (NDOC)   = 6
No. considered Strongly Singly occupied MOs (NSOC)   = 3
NO. of Weakly occ. per St. Doubly occ.  MOs (NCWO)   = 10
Dimension of the Nat. Orb. subspace         (NBF5)   = 69
No. of electrons                                     = 15
    No. of alpha electrons                           = 9
    No. of beta electrons                            = 6
Multiplicity                                         = 4

Geometry
========
 P       0.0000000       0.0000000       0.0000000

No violations of the orthonormality
No violations of the orthonormality
 
PNOF8/ADABelief Calculation
==================
 
  Nitext  Nit_orb  Time   Nit_occ  Time         Eelec          Etot           Ediff      maxdiff    MaxGrad_orb  Grad_occ
     1      10    2.0e+01    0    2.5e+01  -341.07072859  -341.07072859 -10340.07072859   0.000493   2.0e-03   1.4e-04 0.03
 
RESULTS OF THE OCCUPATION OPTIMIZATION
========================================
   1    1.9999965  -80.01976773
   2    1.9996440  -7.54966240
   3    1.9947439  -5.42037945
   4    1.9947131  -5.42028161
   5    1.9947064  -5.42025229
   6    1.9575368  -0.71870940
   7    1.0000000  -0.21163373
   8    1.0000000  -0.21162083
   9    1.0000000  -0.21157941
  10    0.0099740  -0.01850474
  11    0.0026576  -0.02305752
  12    0.0026513  -0.02304756
  13    0.0026531  -0.02305148
  14    0.0001273  -0.00396546
  15    0.0000031  -0.00049738
  16    0.0062960  -0.00842930
  17    0.0011494  -0.01172967
  18    0.0011483  -0.01178802
  19    0.0011492  -0.01172742
  20    0.0001120  -0.00050382
  21    0.0000003  -0.00000786
  22    0.0062338  -0.00832378
  23    0.0010781  -0.00852139
  24    0.0010749  -0.00850062
  25    0.0010754  -0.00849986
  26    0.0000351  -0.00023546
  27    0.0000000  -0.00000184
  28    0.0062170  -0.00832503
  29    0.0002661  -0.00281449
  30    0.0002678  -0.00282331
  31    0.0002642  -0.00280404
  32    0.0000222  -0.00114470
  33    0.0000000  -0.00000119
  34    0.0062087  -0.00829636
  35    0.0000562  -0.00037105
  36    0.0000608  -0.00038404
  37    0.0000339  -0.00022906
  38    0.0000168  -0.00008234
  39    0.0000000  -0.00000105
  40    0.0061643  -0.00823497
  41    0.0000328  -0.00022774
  42    0.0000308  -0.00022350
  43    0.0000329  -0.00021939
  44    0.0000126  -0.00007238
  45    0.0000000  -0.00000104
  46    0.0003503  -0.00061650
  47    0.0000299  -0.00020866
  48    0.0000298  -0.00020667
  49    0.0000282  -0.00022152
  50    0.0000095  -0.00006443
  51    0.0000000  -0.00000094
  52    0.0003406  -0.00061102
  53    0.0000081  -0.00006064
  54    0.0000080  -0.00005941
  55    0.0000073  -0.00005862
  56    0.0000086  -0.00005909
  57    0.0000000  -0.00000061
  58    0.0003401  -0.00061065
  59    0.0000078  -0.00005757
  60    0.0000079  -0.00005931
  61    0.0000067  -0.00013152
  62    0.0000074  -0.00004071
  63    0.0000000  -0.00000099
  64    0.0003384  -0.00060787
  65    0.0000076  -0.00008126
  66    0.0000073  -0.00009345
  67    0.0000050  -0.00003290
  68    0.0000045  -0.00003170
  69    0.0000000  -0.00000050
 
----------------
 Final Energies 
----------------
Final NOF Total Energy =    -341.0707286
 
Total Orbital Internal Iterations = 10
Total Occupation Internal Iterations = 0
 
Elapsed time:   59.18 Seconds

---------------------------------
   Lowdin Population Analysis    
---------------------------------
 Idx  Atom   Population   Charge 
---------------------------------
  1     P    15.000      -0.000

---------------------------------
   M Diagnostic: 0.03
---------------------------------

