Computing Integrals
Basis Set                                            = def2-qzvp
Auxiliary Basis Set                                  = def2-universal-jkfit
Gaussian Type                                        = Spherical
Elapsed time:    1.68 Seconds

Number of basis functions                   (NBF)    = 70
Number of auxiliary basis functions         (NBFAUX) = 128
Inactive Doubly occupied orbitals up to     (NO1)    = 0
No. considered Strongly Doubly occupied MOs (NDOC)   = 6
No. considered Strongly Singly occupied MOs (NSOC)   = 1
NO. of Weakly occ. per St. Doubly occ.  MOs (NCWO)   = 10
Dimension of the Nat. Orb. subspace         (NBF5)   = 67
No. of electrons                                     = 13
    No. of alpha electrons                           = 7
    No. of beta electrons                            = 6
Multiplicity                                         = 2

Geometry
========
Al       0.0000000       0.0000000       0.0000000

No violations of the orthonormality
No violations of the orthonormality
 
PNOF8/ADABelief Calculation
==================
 
  Nitext  Nit_orb  Time   Nit_occ  Time         Eelec          Etot           Ediff      maxdiff    MaxGrad_orb  Grad_occ
     1      10    9.0e+00    7    1.2e+01  -242.14911817  -242.14911817 -10241.14911817   0.001520   6.1e-03   1.4e-04 0.02
     2      20    7.3e-02    0    3.4e-03  -242.14933413  -242.14933413    -0.00021596   0.001520   6.1e-03   1.4e-04 0.02
     3      40    1.7e-01    4    8.6e-03  -242.14945045  -242.14945045    -0.00011632   0.003584   1.4e-02   1.7e-04 0.02
     4      40    1.4e-01    4    9.4e-03  -242.14953407  -242.14953407    -0.00008362   0.003553   1.4e-02   1.6e-04 0.02
     5      40    1.4e-01    2    6.3e-03  -242.14958115  -242.14958115    -0.00004708   0.003041   1.2e-02   1.9e-04 0.02
     6      40    1.3e-01    2    6.5e-03  -242.14961314  -242.14961314    -0.00003199   0.003048   1.2e-02   1.3e-04 0.02
     7      40    1.3e-01    1    4.5e-03  -242.14962825  -242.14962825    -0.00001511   0.003112   1.2e-02   2.0e-04 0.02
     8      40    1.3e-01    2    5.2e-03  -242.14963954  -242.14963954    -0.00001129   0.003246   1.3e-02   1.3e-04 0.02
     9      40    1.3e-01    1    4.1e-03  -242.14964677  -242.14964677    -0.00000723   0.003314   1.3e-02   1.6e-04 0.02
    10      40    1.2e-01    2    3.6e-03  -242.14965532  -242.14965532    -0.00000855   0.003377   1.4e-02   1.1e-04 0.02
    11      40    1.3e-01    1    4.4e-03  -242.14965728  -242.14965728    -0.00000196   0.003445   1.4e-02   1.2e-04 0.02
    12      40    1.4e-01    0    2.0e-03  -242.14965987  -242.14965987    -0.00000259   0.003443   1.4e-02   1.2e-04 0.02
    13      50    1.4e-01    0    3.8e-03  -242.14968452  -242.14968452    -0.00002465   0.002564   1.0e-02   1.2e-04 0.02
    14      60    1.7e-01    0    4.7e-03  -242.14969742  -242.14969742    -0.00001290   0.002268   9.1e-03   1.2e-04 0.02
    15      70    1.9e-01    0    2.0e-03  -242.14970595  -242.14970595    -0.00000853   0.001751   7.0e-03   1.3e-04 0.02
    16      80    2.1e-01    0    1.9e-03  -242.14971265  -242.14971265    -0.00000670   0.001543   6.2e-03   1.3e-04 0.02
    17      90    2.2e-01    0    4.8e-03  -242.14971729  -242.14971729    -0.00000464   0.001148   4.6e-03   1.3e-04 0.02
    18     100    2.5e-01    0    2.0e-03  -242.14972164  -242.14972164    -0.00000435   0.000973   3.9e-03   1.4e-04 0.02
 
RESULTS OF THE OCCUPATION OPTIMIZATION
========================================
   1    1.9999990  -58.56761306
   2    1.9981723  -4.93822195
   3    1.9953878  -3.24732457
   4    1.9929140  -3.24265469
   5    1.9919857  -3.24165392
   6    1.9669183  -0.41178125
   7    1.0000000  -0.11358069
   8    0.0133589  -0.01879680
   9    0.0041833  -0.02147664
  10    0.0050106  -0.03136647
  11    0.0021099  -0.00936338
  12    0.0016387  -0.00945277
  13    0.0000008  -0.00000598
  14    0.0130343  -0.01878408
  15    0.0018430  -0.00887058
  16    0.0018504  -0.00932499
  17    0.0019602  -0.01066466
  18    0.0000832  -0.00063257
  19    0.0000001  -0.00000182
  20    0.0028644  -0.00637983
  21    0.0018426  -0.00886529
  22    0.0000937  -0.00048779
  23    0.0004335  -0.00673748
  24    0.0000826  -0.00198814
  25    0.0000000  -0.00000085
  26    0.0010062  -0.00192296
  27    0.0000351  -0.00015151
  28    0.0000421  -0.00015867
  29    0.0000573  -0.00030475
  30    0.0000095  -0.00041344
  31    0.0000000  -0.00000040
  32    0.0007483  -0.00104447
  33    0.0000304  -0.00045000
  34    0.0000295  -0.00012525
  35    0.0000186  -0.00009034
  36    0.0000039  -0.00002734
  37    0.0000000  -0.00000035
  38    0.0007417  -0.00105126
  39    0.0000270  -0.00012495
  40    0.0000280  -0.00012128
  41    0.0000109  -0.00006640
  42    0.0000028  -0.00001593
  43    0.0000000  -0.00000030
  44    0.0005729  -0.00131133
  45    0.0000246  -0.00011660
  46    0.0000131  -0.00006708
  47    0.0000063  -0.00002673
  48    0.0000027  -0.00001351
  49    0.0000000  -0.00000028
  50    0.0003014  -0.00042835
  51    0.0000147  -0.00032263
  52    0.0000072  -0.00002987
  53    0.0000058  -0.00005884
  54    0.0000016  -0.00001058
  55    0.0000000  -0.00000023
  56    0.0002678  -0.00040888
  57    0.0000078  -0.00003132
  58    0.0000067  -0.00002942
  59    0.0000052  -0.00024245
  60    0.0000014  -0.00000739
  61    0.0000000  -0.00000016
  62    0.0001857  -0.00029164
  63    0.0000058  -0.00003954
  64    0.0000047  -0.00002205
  65    0.0000045  -0.00002158
  66    0.0000013  -0.00000716
  67    0.0000000  -0.00000012
 
----------------
 Final Energies 
----------------
Final NOF Total Energy =    -242.1497216
 
Total Orbital Internal Iterations = 880
Total Occupation Internal Iterations = 26
 
Elapsed time:   29.86 Seconds

---------------------------------
   Lowdin Population Analysis    
---------------------------------
 Idx  Atom   Population   Charge 
---------------------------------
  1    Al    13.000      -0.000

---------------------------------
   M Diagnostic: 0.02
---------------------------------

