W4-11-n
/software/eb2024/easybuild/software/common/software/Julia/1.11.3-linux-x86_64/bin/julia
Job runing on nh040
Choosing scratch ...
Automatic scratch folder selection
/scratch/pobleyef/284279
/scratch/pobleyef/284279 directory
cp W4-11-n.jl W4-11-n.jld2 to  /scratch/pobleyef/284279/.
Computing Integrals
Basis Set                                            = def2-qzvp
Auxiliary Basis Set                                  = def2-universal-jkfit
Gaussian Type                                        = Spherical
Elapsed time:    3.41 Seconds

Number of basis functions                   (NBF)    = 57
Number of auxiliary basis functions         (NBFAUX) = 77
Inactive Doubly occupied orbitals up to     (NO1)    = 0
No. considered Strongly Doubly occupied MOs (NDOC)   = 2
No. considered Strongly Singly occupied MOs (NSOC)   = 3
NO. of Weakly occ. per St. Doubly occ.  MOs (NCWO)   = 26
Dimension of the Nat. Orb. subspace         (NBF5)   = 57
No. of electrons                                     = 7
    No. of alpha electrons                           = 5
    No. of beta electrons                            = 2
Multiplicity                                         = 4

Geometry
========
 N       0.0000000       0.0000000       0.0000000

No violations of the orthonormality
No violations of the orthonormality
 
PNOF8/ADABelief Calculation
==================
 
  Nitext  Nit_orb  Time   Nit_occ  Time         Eelec          Etot           Ediff      maxdiff    MaxGrad_orb  Grad_occ
     1      10    2.7e+01   10    3.4e+01   -54.55412378   -54.55412378 -10053.55412378   0.022051   8.8e-02   1.1e-04 0.03
     2      20    1.0e-01   13    5.6e-02   -54.56047772   -54.56047772    -0.00635394   0.005294   2.1e-02   1.0e-04 0.03
     3      20    1.6e-01    8    3.3e-02   -54.56386637   -54.56386637    -0.00338866   0.003036   1.2e-02   1.6e-04 0.03
     4      20    6.1e-02    9    3.3e-02   -54.56556861   -54.56556861    -0.00170224   0.002589   1.0e-02   1.5e-04 0.03
     5      20    6.0e-02    8    3.2e-02   -54.56619782   -54.56619782    -0.00062920   0.004063   1.6e-02   1.7e-04 0.03
     6      20    5.8e-02    0    7.7e-03   -54.56630370   -54.56630370    -0.00010589   0.004061   1.6e-02   1.7e-04 0.03
     7      40    1.2e-01    2    1.2e-02   -54.56662552   -54.56662552    -0.00032182   0.001393   5.6e-03   1.5e-04 0.03
     8      40    1.1e-01    2    1.2e-02   -54.56673053   -54.56673053    -0.00010500   0.001750   7.0e-03   2.1e-04 0.03
     9      40    1.2e-01    4    1.8e-02   -54.56679825   -54.56679825    -0.00006772   0.001314   5.3e-03   1.7e-04 0.03
    10      40    1.2e-01    7    2.8e-02   -54.56688244   -54.56688244    -0.00008419   0.001683   6.7e-03   1.7e-04 0.03
    11      40    1.3e-01    2    1.2e-02   -54.56695026   -54.56695026    -0.00006783   0.001264   5.1e-03   1.8e-04 0.03
    12      40    1.2e-01    0    4.3e-03   -54.56698196   -54.56698196    -0.00003170   0.001981   7.9e-03   1.6e-04 0.03
    13      50    1.5e-01    0    3.9e-03   -54.56700257   -54.56700257    -0.00002061   0.001362   5.4e-03   1.8e-04 0.03
    14      60    1.7e-01   11    4.3e-02   -54.56701472   -54.56701472    -0.00001215   0.001336   5.3e-03   1.2e-04 0.02
    15      60    1.8e-01    2    8.6e-03   -54.56717167   -54.56717167    -0.00015694   0.001346   5.4e-03   1.1e-04 0.02
    16      60    1.7e-01    0    3.8e-03   -54.56718882   -54.56718882    -0.00001715   0.001262   5.0e-03   1.1e-04 0.02
    17      70    1.9e-01    0    4.0e-03   -54.56719454   -54.56719454    -0.00000573   0.001178   4.7e-03   9.8e-05 0.02
    18      80    2.2e-01    0    4.1e-03   -54.56719454   -54.56719454     0.00000000   0.001178   4.7e-03   9.8e-05 0.02
    19      43    1.2e-01    0    8.6e-03   -54.56720371   -54.56720371    -0.00000917   0.000496   2.0e-03   1.1e-04 0.02
 
RESULTS OF THE OCCUPATION OPTIMIZATION
========================================
   1    1.9996768  -15.63960338
   2    1.9591025  -0.98619226
   3    1.0000000  -0.30794676
   4    1.0000000  -0.30791889
   5    1.0000000  -0.30789183
   6    0.0090667  -0.01455913
   7    0.0002614  -0.00635789
   8    0.0049691  -0.00667537
   9    0.0000142  -0.00024434
  10    0.0049306  -0.00664178
  11    0.0000098  -0.00037180
  12    0.0048963  -0.00662121
  13    0.0000064  -0.00008701
  14    0.0028334  -0.00423665
  15    0.0000044  -0.00006188
  16    0.0028331  -0.00423919
  17    0.0000022  -0.00004290
  18    0.0028306  -0.00423396
  19    0.0000021  -0.00004044
  20    0.0027864  -0.00422316
  21    0.0000018  -0.00003572
  22    0.0027459  -0.00422854
  23    0.0000017  -0.00003528
  24    0.0004315  -0.00099683
  25    0.0000016  -0.00003415
  26    0.0004252  -0.00099355
  27    0.0000015  -0.00003332
  28    0.0004197  -0.00098705
  29    0.0000014  -0.00003276
  30    0.0001740  -0.00043172
  31    0.0000014  -0.00003260
  32    0.0001737  -0.00043051
  33    0.0000014  -0.00003219
  34    0.0001724  -0.00042801
  35    0.0000014  -0.00003172
  36    0.0001724  -0.00042812
  37    0.0000013  -0.00003125
  38    0.0001724  -0.00042854
  39    0.0000013  -0.00003118
  40    0.0001722  -0.00042803
  41    0.0000013  -0.00003105
  42    0.0001683  -0.00042647
  43    0.0000012  -0.00003038
  44    0.0001339  -0.00032576
  45    0.0000012  -0.00002957
  46    0.0001312  -0.00032442
  47    0.0000010  -0.00003894
  48    0.0001267  -0.00032571
  49    0.0000010  -0.00001564
  50    0.0000940  -0.00030491
  51    0.0000008  -0.00000600
  52    0.0000129  -0.00004905
  53    0.0000006  -0.00000518
  54    0.0000128  -0.00004902
  55    0.0000005  -0.00001628
  56    0.0000121  -0.00004887
  57    0.0000003  -0.00001564
 
----------------
 Final Energies 
----------------
Final NOF Total Energy =     -54.5672037
 
Total Orbital Internal Iterations = 773
Total Occupation Internal Iterations = 78
 
Elapsed time:   83.23 Seconds

---------------------------------
   Lowdin Population Analysis    
---------------------------------
 Idx  Atom   Population   Charge 
---------------------------------
  1     N     7.000       0.000

---------------------------------
   M Diagnostic: 0.02
---------------------------------

Recovering execution output...
Moving from /scratch/pobleyef/284279 to /home-nas/pobleyef/Poison-NOF/ncwomax/P30-5/GNOFm/arina.284279
mkdir -p /home-nas/pobleyef/Poison-NOF/ncwomax/P30-5/GNOFm/arina.284279
mv /scratch/pobleyef/284279/* /home-nas/pobleyef/Poison-NOF/ncwomax/P30-5/GNOFm/arina.284279
