Computing Integrals
Basis Set                                            = def2-qzvp
Auxiliary Basis Set                                  = def2-universal-jkfit
Gaussian Type                                        = Spherical
Elapsed time:    1.71 Seconds

Number of basis functions                   (NBF)    = 117
Number of auxiliary basis functions         (NBFAUX) = 113
Inactive Doubly occupied orbitals up to     (NO1)    = 0
No. considered Strongly Doubly occupied MOs (NDOC)   = 5
No. considered Strongly Singly occupied MOs (NSOC)   = 0
NO. of Weakly occ. per St. Doubly occ.  MOs (NCWO)   = 22
Dimension of the Nat. Orb. subspace         (NBF5)   = 115
No. of electrons                                     = 10
    No. of alpha electrons                           = 5
    No. of beta electrons                            = 5
Multiplicity                                         = 1

Geometry
========
 O       0.0000000       0.0000000      -0.3893611
 H       0.7629844       0.0000000       0.1946806
 H      -0.7629844       0.0000000       0.1946806

Orthonormality violations 6547, Maximum Violation 0.000093
Trying to orthonormalize
No violations of the orthonormality
No violations of the orthonormality
 
PNOF8/ADABelief Calculation
==================
 
  Nitext  Nit_orb  Time   Nit_occ  Time         Eelec          Etot           Ediff      maxdiff    MaxGrad_orb  Grad_occ
     1      10    9.8e+00    4    1.2e+01   -85.53581221   -76.37731378 -10084.53581221   0.001722   6.9e-03   1.6e-04 0.02
     2      20    1.5e+00    0    4.4e-02   -85.53607147   -76.37757304    -0.00025926   0.001722   6.9e-03   1.6e-04 0.02
     3      40    3.4e+00    3    1.1e-01   -85.53630177   -76.37780333    -0.00023030   0.001725   6.9e-03   1.7e-04 0.02
     4      40    3.6e+00    1    5.0e-02   -85.53634322   -76.37784479    -0.00004146   0.001732   6.9e-03   1.7e-04 0.02
     5      40    3.4e+00    0    6.4e-02   -85.53634395   -76.37784552    -0.00000073   0.001732   6.9e-03   1.7e-04 0.02
     6      33    3.2e+00    0    3.5e-02   -85.53636526   -76.37786682    -0.00002130   0.000473   1.9e-03   1.6e-04 0.02
 
RESULTS OF THE OCCUPATION OPTIMIZATION
========================================
   1    1.9999865  -20.59516432
   2    1.9865848  -1.33169860
   3    1.9714587  -0.71920775
   4    1.9715154  -0.71769178
   5    1.9778821  -0.55064114
   6    0.0123344  -0.01947219
   7    0.0199203  -0.03051548
   8    0.0197999  -0.03040781
   9    0.0083369  -0.01998719
  10    0.0000113  -0.00043542
  11    0.0055782  -0.01032276
  12    0.0039852  -0.00822599
  13    0.0039669  -0.00818293
  14    0.0012707  -0.00528045
  15    0.0000008  -0.00000453
  16    0.0012666  -0.00375695
  17    0.0039059  -0.00816406
  18    0.0038680  -0.00814214
  19    0.0008935  -0.00303506
  20    0.0000007  -0.00001226
  21    0.0007021  -0.00333477
  22    0.0002728  -0.00087410
  23    0.0003992  -0.00109746
  24    0.0006885  -0.00225632
  25    0.0000003  -0.00003133
  26    0.0006652  -0.00173150
  27    0.0000927  -0.00035216
  28    0.0001430  -0.00052250
  29    0.0005463  -0.00222515
  30    0.0000002  -0.00000178
  31    0.0004763  -0.00136143
  32    0.0000712  -0.00028843
  33    0.0000980  -0.00034754
  34    0.0004856  -0.00150036
  35    0.0000000  -0.00000073
  36    0.0003592  -0.00102137
  37    0.0000659  -0.00022659
  38    0.0000732  -0.00028734
  39    0.0003456  -0.00124906
  40    0.0000000  -0.00000049
  41    0.0002996  -0.00087962
  42    0.0000368  -0.00015236
  43    0.0000448  -0.00016227
  44    0.0002836  -0.00098428
  45    0.0000000  -0.00000042
  46    0.0001723  -0.00084536
  47    0.0000344  -0.00015482
  48    0.0000369  -0.00016048
  49    0.0002776  -0.00101555
  50    0.0000000  -0.00000038
  51    0.0000963  -0.00036922
  52    0.0000317  -0.00014567
  53    0.0000286  -0.00013029
  54    0.0000824  -0.00103605
  55    0.0000000  -0.00000034
  56    0.0000403  -0.00016115
  57    0.0000166  -0.00008089
  58    0.0000207  -0.00010551
  59    0.0000455  -0.00019278
  60    0.0000000  -0.00000033
  61    0.0000288  -0.00014397
  62    0.0000139  -0.00005044
  63    0.0000156  -0.00010151
  64    0.0000349  -0.00017047
  65    0.0000000  -0.00000032
  66    0.0000194  -0.00010064
  67    0.0000091  -0.00004224
  68    0.0000096  -0.00003900
  69    0.0000236  -0.00012766
  70    0.0000000  -0.00000026
  71    0.0000178  -0.00009792
  72    0.0000074  -0.00003463
  73    0.0000081  -0.00003638
  74    0.0000221  -0.00012335
  75    0.0000000  -0.00000031
  76    0.0000138  -0.00006719
  77    0.0000045  -0.00001107
  78    0.0000073  -0.00002926
  79    0.0000184  -0.00010203
  80    0.0000000  -0.00000027
  81    0.0000115  -0.00006311
  82    0.0000034  -0.00000855
  83    0.0000061  -0.00001655
  84    0.0000147  -0.00007897
  85    0.0000000  -0.00000020
  86    0.0000099  -0.00005330
  87    0.0000030  -0.00000814
  88    0.0000045  -0.00001245
  89    0.0000115  -0.00006872
  90    0.0000000  -0.00000025
  91    0.0000078  -0.00003975
  92    0.0000025  -0.00000511
  93    0.0000028  -0.00000751
  94    0.0000096  -0.00006426
  95    0.0000000  -0.00000019
  96    0.0000069  -0.00003592
  97    0.0000022  -0.00000445
  98    0.0000025  -0.00000622
  99    0.0000082  -0.00005047
 100    0.0000000  -0.00000018
 101    0.0000045  -0.00002183
 102    0.0000020  -0.00000328
 103    0.0000023  -0.00000483
 104    0.0000061  -0.00004213
 105    0.0000000  -0.00000019
 106    0.0000040  -0.00001723
 107    0.0000016  -0.00000339
 108    0.0000020  -0.00000388
 109    0.0000051  -0.00002905
 110    0.0000000  -0.00000018
 111    0.0000032  -0.00001220
 112    0.0000015  -0.00000314
 113    0.0000014  -0.00000305
 114    0.0000046  -0.00002185
 115    0.0000000  -0.00000018
 
----------------
 Final Energies 
----------------
Final NOF Total Energy =     -76.3778668
 
Total Orbital Internal Iterations = 183
Total Occupation Internal Iterations = 8
 
Elapsed time:   45.05 Seconds

---------------------------------
   Lowdin Population Analysis    
---------------------------------
 Idx  Atom   Population   Charge 
---------------------------------
  1     O     7.350       0.650
  2     H     1.325      -0.325
  3     H     1.325      -0.325

---------------------------------
   M Diagnostic: 0.02
---------------------------------

