Computing Integrals
Basis Set                                            = def2-qzvp
Auxiliary Basis Set                                  = def2-universal-jkfit
Gaussian Type                                        = Spherical
Elapsed time:    3.40 Seconds

Number of basis functions                   (NBF)    = 231
Number of auxiliary basis functions         (NBFAUX) = 265
Inactive Doubly occupied orbitals up to     (NO1)    = 0
No. considered Strongly Doubly occupied MOs (NDOC)   = 12
No. considered Strongly Singly occupied MOs (NSOC)   = 0
NO. of Weakly occ. per St. Doubly occ.  MOs (NCWO)   = 18
Dimension of the Nat. Orb. subspace         (NBF5)   = 228
No. of electrons                                     = 24
    No. of alpha electrons                           = 12
    No. of beta electrons                            = 12
Multiplicity                                         = 1

Geometry
========
 C       0.0000000       0.4210350       0.0000000
 H      -0.3830630       1.4480420       0.0000000
 H      -0.6595560      -1.3436440       0.0000000
 O       1.1585180       0.1170880       0.0000000
 O      -1.0281910      -0.4459140       0.0000000

Orthonormality violations 28150, Maximum Violation 0.000124
Trying to orthonormalize
No violations of the orthonormality
No violations of the orthonormality
 
PNOF8/ADABelief Calculation
==================
 
  Nitext  Nit_orb  Time   Nit_occ  Time         Eelec          Etot           Ediff      maxdiff    MaxGrad_orb  Grad_occ
     1      10    1.1e+01    6    1.3e+01  -259.85119624  -189.61641990 -10258.85119624   0.001137   4.5e-03   2.9e-04 0.03
     2      20    3.9e+00    0    1.7e-01  -259.85171347  -189.61693712    -0.00051723   0.001137   4.5e-03   2.9e-04 0.03
     3      40    8.9e+00    4    5.7e-01  -259.85408284  -189.61930650    -0.00236937   0.003270   1.3e-02   2.6e-04 0.03
     4      40    1.0e+01    7    7.7e-01  -259.85494609  -189.62016975    -0.00086325   0.004116   1.6e-02   2.0e-04 0.03
     5      40    9.1e+00    4    5.3e-01  -259.85529370  -189.62051735    -0.00034761   0.003944   1.6e-02   2.2e-04 0.03
     6      40    9.0e+00    4    5.2e-01  -259.85540224  -189.62062590    -0.00010855   0.003944   1.6e-02   2.5e-04 0.03
     7      40    9.3e+00    6    6.6e-01  -259.85545951  -189.62068317    -0.00005727   0.003645   1.5e-02   1.5e-04 0.03
     8      40    9.0e+00    1    2.9e-01  -259.85551029  -189.62073394    -0.00005077   0.003429   1.4e-02   1.7e-04 0.03
     9      40    9.3e+00    1    2.9e-01  -259.85552881  -189.62075247    -0.00001852   0.003511   1.4e-02   1.8e-04 0.03
    10      40    9.4e+00    4    5.2e-01  -259.85556071  -189.62078437    -0.00003190   0.003645   1.5e-02   1.9e-04 0.03
    11      40    9.4e+00    2    3.5e-01  -259.85567849  -189.62090214    -0.00011778   0.003201   1.3e-02   1.8e-04 0.03
    12      40    8.9e+00    4    6.4e-01  -259.85580581  -189.62102946    -0.00012732   0.005089   2.0e-02   2.2e-04 0.03
    13      40    9.1e+00    2    3.5e-01  -259.85593219  -189.62115585    -0.00012638   0.003459   1.4e-02   2.3e-04 0.03
    14      40    9.4e+00    4    5.3e-01  -259.85600484  -189.62122850    -0.00007265   0.004409   1.8e-02   2.1e-04 0.03
    15      40    9.4e+00    1    3.1e-01  -259.85603771  -189.62126136    -0.00003286   0.003652   1.5e-02   1.9e-04 0.03
    16      40    8.9e+00    1    3.0e-01  -259.85605838  -189.62128204    -0.00002068   0.003943   1.6e-02   1.7e-04 0.03
    17      40    9.2e+00    0    2.3e-01  -259.85606009  -189.62128375    -0.00000171   0.003943   1.6e-02   1.7e-04 0.03
    18      43    9.5e+00    1    3.1e-01  -259.85622440  -189.62144806    -0.00016430   0.000493   2.0e-03   2.2e-04 0.03
 
RESULTS OF THE OCCUPATION OPTIMIZATION
========================================
   1    1.9999847  -20.56378460
   2    1.9999830  -19.57734826
   3    1.9999667  -12.49426699
   4    1.9857299  -1.42323170
   5    1.9836128  -1.32718920
   6    1.9783892  -0.84355615
   7    1.9741696  -0.76421570
   8    1.9708358  -0.76032643
   9    1.9701539  -0.69029787
  10    1.9794589  -0.68469706
  11    1.9823114  -0.67245405
  12    1.9636611  -0.55301600
  13    0.0326535  -0.04850631
  14    0.0088878  -0.01535884
  15    0.0068294  -0.01301473
  16    0.0256247  -0.04397933
  17    0.0179926  -0.02959801
  18    0.0214969  -0.03779225
  19    0.0144788  -0.02263836
  20    0.0067755  -0.01882913
  21    0.0069054  -0.01847887
  22    0.0000222  -0.00051010
  23    0.0000146  -0.00050412
  24    0.0000129  -0.00045553
  25    0.0031906  -0.00684845
  26    0.0023366  -0.00726457
  27    0.0057511  -0.01126468
  28    0.0035129  -0.00795644
  29    0.0037257  -0.00817039
  30    0.0030917  -0.00716065
  31    0.0020138  -0.00414771
  32    0.0033696  -0.00840356
  33    0.0036765  -0.00898841
  34    0.0000032  -0.00004652
  35    0.0000010  -0.00004210
  36    0.0000008  -0.00002715
  37    0.0002180  -0.00070139
  38    0.0014031  -0.00428711
  39    0.0043789  -0.00883482
  40    0.0002443  -0.00080232
  41    0.0036637  -0.00805149
  42    0.0003822  -0.00118559
  43    0.0018100  -0.00442689
  44    0.0029536  -0.00745599
  45    0.0010537  -0.00483987
  46    0.0000030  -0.00004751
  47    0.0000008  -0.00001182
  48    0.0000007  -0.00000794
  49    0.0002014  -0.00065245
  50    0.0009797  -0.00266545
  51    0.0007975  -0.00264564
  52    0.0002037  -0.00066960
  53    0.0033426  -0.00799078
  54    0.0003057  -0.00101242
  55    0.0017083  -0.00421947
  56    0.0014433  -0.00595526
  57    0.0007058  -0.00247182
  58    0.0000025  -0.00003159
  59    0.0000004  -0.00003241
  60    0.0000004  -0.00001149
  61    0.0000269  -0.00007381
  62    0.0009272  -0.00295429
  63    0.0007187  -0.00205902
  64    0.0000689  -0.00026990
  65    0.0002024  -0.00071528
  66    0.0002113  -0.00070149
  67    0.0004338  -0.00139023
  68    0.0005885  -0.00226538
  69    0.0004963  -0.00274340
  70    0.0000018  -0.00002585
  71    0.0000001  -0.00000211
  72    0.0000004  -0.00003882
  73    0.0000161  -0.00007170
  74    0.0007326  -0.00320720
  75    0.0005413  -0.00156610
  76    0.0000593  -0.00022163
  77    0.0000625  -0.00024714
  78    0.0000901  -0.00033217
  79    0.0002761  -0.00090272
  80    0.0004342  -0.00188111
  81    0.0004086  -0.00216585
  82    0.0000002  -0.00000967
  83    0.0000000  -0.00000144
  84    0.0000000  -0.00000088
  85    0.0000077  -0.00004039
  86    0.0006019  -0.00201926
  87    0.0003060  -0.00118191
  88    0.0000422  -0.00016427
  89    0.0000327  -0.00012365
  90    0.0000576  -0.00022501
  91    0.0002062  -0.00075121
  92    0.0002803  -0.00111044
  93    0.0002863  -0.00135874
  94    0.0000001  -0.00000287
  95    0.0000000  -0.00000078
  96    0.0000000  -0.00000050
  97    0.0000060  -0.00003358
  98    0.0005673  -0.00228844
  99    0.0002936  -0.00092492
 100    0.0000231  -0.00011007
 101    0.0000322  -0.00012681
 102    0.0000446  -0.00018265
 103    0.0001439  -0.00054356
 104    0.0002354  -0.00097089
 105    0.0002735  -0.00096922
 106    0.0000001  -0.00000237
 107    0.0000000  -0.00000062
 108    0.0000000  -0.00000037
 109    0.0000044  -0.00002580
 110    0.0005473  -0.00182571
 111    0.0002715  -0.00100434
 112    0.0000143  -0.00007468
 113    0.0000254  -0.00011645
 114    0.0000331  -0.00014742
 115    0.0001291  -0.00045306
 116    0.0001355  -0.00107156
 117    0.0001275  -0.00104187
 118    0.0000000  -0.00000147
 119    0.0000000  -0.00000046
 120    0.0000000  -0.00000029
 121    0.0000041  -0.00001988
 122    0.0003809  -0.00110167
 123    0.0001954  -0.00069215
 124    0.0000130  -0.00007333
 125    0.0000224  -0.00011202
 126    0.0000286  -0.00013118
 127    0.0001149  -0.00037631
 128    0.0000339  -0.00019473
 129    0.0001067  -0.00095191
 130    0.0000000  -0.00000107
 131    0.0000000  -0.00000030
 132    0.0000000  -0.00000026
 133    0.0000028  -0.00001842
 134    0.0000987  -0.00046752
 135    0.0001442  -0.00055678
 136    0.0000078  -0.00004310
 137    0.0000156  -0.00007635
 138    0.0000195  -0.00011244
 139    0.0000847  -0.00035684
 140    0.0000298  -0.00016397
 141    0.0000843  -0.00062203
 142    0.0000000  -0.00000094
 143    0.0000000  -0.00000031
 144    0.0000000  -0.00000018
 145    0.0000021  -0.00001005
 146    0.0000626  -0.00032523
 147    0.0000906  -0.00046689
 148    0.0000066  -0.00004062
 149    0.0000111  -0.00005580
 150    0.0000159  -0.00008944
 151    0.0000779  -0.00033038
 152    0.0000206  -0.00012097
 153    0.0000282  -0.00015786
 154    0.0000000  -0.00000089
 155    0.0000000  -0.00000030
 156    0.0000000  -0.00000012
 157    0.0000014  -0.00000938
 158    0.0000432  -0.00019214
 159    0.0000577  -0.00027471
 160    0.0000055  -0.00003721
 161    0.0000094  -0.00004579
 162    0.0000154  -0.00008772
 163    0.0000578  -0.00025752
 164    0.0000186  -0.00011661
 165    0.0000251  -0.00014759
 166    0.0000000  -0.00000084
 167    0.0000000  -0.00000028
 168    0.0000000  -0.00000012
 169    0.0000013  -0.00000875
 170    0.0000348  -0.00017972
 171    0.0000469  -0.00019543
 172    0.0000053  -0.00003783
 173    0.0000086  -0.00003722
 174    0.0000095  -0.00006175
 175    0.0000219  -0.00012375
 176    0.0000181  -0.00010880
 177    0.0000214  -0.00013098
 178    0.0000000  -0.00000062
 179    0.0000000  -0.00000023
 180    0.0000000  -0.00000014
 181    0.0000010  -0.00000720
 182    0.0000250  -0.00012789
 183    0.0000377  -0.00017165
 184    0.0000044  -0.00003033
 185    0.0000066  -0.00003722
 186    0.0000083  -0.00005077
 187    0.0000173  -0.00010797
 188    0.0000160  -0.00010695
 189    0.0000202  -0.00012286
 190    0.0000000  -0.00000054
 191    0.0000000  -0.00000020
 192    0.0000000  -0.00000010
 193    0.0000007  -0.00000538
 194    0.0000231  -0.00012586
 195    0.0000325  -0.00015158
 196    0.0000038  -0.00002670
 197    0.0000046  -0.00002826
 198    0.0000072  -0.00004778
 199    0.0000167  -0.00010625
 200    0.0000136  -0.00009051
 201    0.0000186  -0.00012078
 202    0.0000000  -0.00000050
 203    0.0000000  -0.00000015
 204    0.0000000  -0.00000008
 205    0.0000006  -0.00000451
 206    0.0000206  -0.00011623
 207    0.0000260  -0.00013849
 208    0.0000035  -0.00002377
 209    0.0000035  -0.00002417
 210    0.0000066  -0.00004155
 211    0.0000114  -0.00006846
 212    0.0000111  -0.00007327
 213    0.0000175  -0.00011038
 214    0.0000000  -0.00000047
 215    0.0000000  -0.00000018
 216    0.0000000  -0.00000008
 217    0.0000004  -0.00000370
 218    0.0000163  -0.00010639
 219    0.0000219  -0.00012393
 220    0.0000027  -0.00001687
 221    0.0000028  -0.00001749
 222    0.0000061  -0.00003906
 223    0.0000081  -0.00005130
 224    0.0000098  -0.00006709
 225    0.0000143  -0.00010317
 226    0.0000000  -0.00000040
 227    0.0000000  -0.00000011
 228    0.0000000  -0.00000008
 
----------------
 Final Energies 
----------------
Final NOF Total Energy =    -189.6214481
 
Total Orbital Internal Iterations = 673
Total Occupation Internal Iterations = 52
 
Elapsed time:  201.12 Seconds

---------------------------------
   Lowdin Population Analysis    
---------------------------------
 Idx  Atom   Population   Charge 
---------------------------------
  1     C     6.499      -0.499
  2     H     1.089      -0.089
  3     H     1.283      -0.283
  4     O     7.747       0.253
  5     O     7.382       0.618

---------------------------------
   M Diagnostic: 0.03
---------------------------------

