Computing Integrals
Basis Set                                            = def2-qzvp
Auxiliary Basis Set                                  = def2-universal-jkfit
Gaussian Type                                        = Spherical
Elapsed time:    3.25 Seconds

Number of basis functions                   (NBF)    = 231
Number of auxiliary basis functions         (NBFAUX) = 265
Inactive Doubly occupied orbitals up to     (NO1)    = 0
No. considered Strongly Doubly occupied MOs (NDOC)   = 12
No. considered Strongly Singly occupied MOs (NSOC)   = 0
NO. of Weakly occ. per St. Doubly occ.  MOs (NCWO)   = 18
Dimension of the Nat. Orb. subspace         (NBF5)   = 228
No. of electrons                                     = 24
    No. of alpha electrons                           = 12
    No. of beta electrons                            = 12
Multiplicity                                         = 1

Geometry
========
 C       0.0000000       0.0000000       0.4897580
 H       0.0000000       0.0000000       1.5767760
 H       0.0000000       0.0000000      -1.0189300
 O       0.0000000       1.0474770      -0.2185250
 O       0.0000000      -1.0474770      -0.2185250

No violations of the orthonormality
No violations of the orthonormality
 
PNOF8/ADABelief Calculation
==================
 
  Nitext  Nit_orb  Time   Nit_occ  Time         Eelec          Etot           Ediff      maxdiff    MaxGrad_orb  Grad_occ
     1      10    1.1e+01    0    1.2e+01  -261.61751903  -189.55024826 -10260.61751903   0.000499   2.0e-03   2.3e-04 0.03
 
RESULTS OF THE OCCUPATION OPTIMIZATION
========================================
   1    1.9999836  -20.60841264
   2    1.9999824  -20.10565352
   3    1.9999613  -11.93883262
   4    1.9866229  -1.47952731
   5    1.9842534  -1.29786421
   6    1.9825923  -0.81902853
   7    1.9782830  -0.80457678
   8    1.9809338  -0.73607040
   9    1.9717177  -0.72653482
  10    1.9716641  -0.72377866
  11    1.9670869  -0.53997144
  12    1.9664822  -0.53630390
  13    0.0302438  -0.04718810
  14    0.0269939  -0.04446332
  15    0.0240207  -0.04016682
  16    0.0239386  -0.04008169
  17    0.0077487  -0.01708097
  18    0.0100402  -0.01850068
  19    0.0078496  -0.01684765
  20    0.0048682  -0.01154675
  21    0.0052469  -0.01411344
  22    0.0000269  -0.00057940
  23    0.0000148  -0.00049824
  24    0.0000137  -0.00048095
  25    0.0027925  -0.00668239
  26    0.0028087  -0.00678735
  27    0.0034211  -0.00756082
  28    0.0033852  -0.00750874
  29    0.0056932  -0.01115051
  30    0.0045619  -0.00877598
  31    0.0020570  -0.00627965
  32    0.0034385  -0.00841101
  33    0.0041369  -0.00981351
  34    0.0000038  -0.00004679
  35    0.0000012  -0.00001305
  36    0.0000017  -0.00002105
  37    0.0002189  -0.00073689
  38    0.0026584  -0.00668695
  39    0.0003089  -0.00095493
  40    0.0003531  -0.00105902
  41    0.0018625  -0.00634293
  42    0.0040734  -0.00907867
  43    0.0020273  -0.00436781
  44    0.0033512  -0.00811977
  45    0.0009045  -0.00310489
  46    0.0000033  -0.00004395
  47    0.0000007  -0.00003039
  48    0.0000006  -0.00003947
  49    0.0001625  -0.00055610
  50    0.0001953  -0.00063774
  51    0.0002635  -0.00086323
  52    0.0002622  -0.00085895
  53    0.0008775  -0.00249881
  54    0.0015167  -0.00410705
  55    0.0019465  -0.00562796
  56    0.0014577  -0.00452050
  57    0.0007030  -0.00280801
  58    0.0000031  -0.00006729
  59    0.0000005  -0.00004083
  60    0.0000001  -0.00000874
  61    0.0000344  -0.00013140
  62    0.0001131  -0.00042834
  63    0.0000969  -0.00032601
  64    0.0000827  -0.00030074
  65    0.0006389  -0.00166971
  66    0.0002573  -0.00080580
  67    0.0010423  -0.00354147
  68    0.0006480  -0.00446633
  69    0.0006553  -0.00489126
  70    0.0000012  -0.00003282
  71    0.0000002  -0.00001404
  72    0.0000000  -0.00000133
  73    0.0000162  -0.00009226
  74    0.0000386  -0.00013309
  75    0.0000630  -0.00022519
  76    0.0000756  -0.00028743
  77    0.0005903  -0.00156443
  78    0.0002543  -0.00084348
  79    0.0007495  -0.00213643
  80    0.0005149  -0.00212107
  81    0.0004668  -0.00169037
  82    0.0000001  -0.00000247
  83    0.0000000  -0.00000143
  84    0.0000000  -0.00000086
  85    0.0000118  -0.00006271
  86    0.0000255  -0.00007478
  87    0.0000373  -0.00014916
  88    0.0000659  -0.00023964
  89    0.0005680  -0.00161850
  90    0.0002443  -0.00083554
  91    0.0005466  -0.00172524
  92    0.0003289  -0.00125875
  93    0.0003914  -0.00242146
  94    0.0000001  -0.00000202
  95    0.0000000  -0.00000135
  96    0.0000000  -0.00000067
  97    0.0000082  -0.00004265
  98    0.0000206  -0.00010174
  99    0.0000255  -0.00011113
 100    0.0000224  -0.00010485
 101    0.0003624  -0.00112049
 102    0.0002383  -0.00079001
 103    0.0004165  -0.00116076
 104    0.0003150  -0.00116364
 105    0.0002911  -0.00098915
 106    0.0000001  -0.00000176
 107    0.0000000  -0.00000091
 108    0.0000000  -0.00000065
 109    0.0000061  -0.00003685
 110    0.0000169  -0.00008934
 111    0.0000196  -0.00010038
 112    0.0000175  -0.00009962
 113    0.0002484  -0.00082835
 114    0.0001464  -0.00055855
 115    0.0002342  -0.00082743
 116    0.0002924  -0.00106742
 117    0.0002485  -0.00088440
 118    0.0000001  -0.00000176
 119    0.0000000  -0.00000078
 120    0.0000000  -0.00000066
 121    0.0000053  -0.00002874
 122    0.0000096  -0.00005336
 123    0.0000160  -0.00009613
 124    0.0000162  -0.00009837
 125    0.0001602  -0.00059409
 126    0.0001045  -0.00038021
 127    0.0001744  -0.00066681
 128    0.0002029  -0.00112277
 129    0.0001324  -0.00116250
 130    0.0000000  -0.00000140
 131    0.0000000  -0.00000060
 132    0.0000000  -0.00000047
 133    0.0000034  -0.00002157
 134    0.0000074  -0.00003940
 135    0.0000139  -0.00008633
 136    0.0000146  -0.00008895
 137    0.0000828  -0.00043411
 138    0.0000957  -0.00044089
 139    0.0001000  -0.00079788
 140    0.0001323  -0.00086583
 141    0.0000450  -0.00026712
 142    0.0000000  -0.00000127
 143    0.0000000  -0.00000037
 144    0.0000000  -0.00000041
 145    0.0000030  -0.00001675
 146    0.0000057  -0.00003620
 147    0.0000120  -0.00006673
 148    0.0000119  -0.00006768
 149    0.0000543  -0.00022962
 150    0.0000664  -0.00029464
 151    0.0000831  -0.00045802
 152    0.0000590  -0.00032942
 153    0.0000360  -0.00018660
 154    0.0000000  -0.00000108
 155    0.0000000  -0.00000035
 156    0.0000000  -0.00000032
 157    0.0000025  -0.00001169
 158    0.0000052  -0.00003113
 159    0.0000098  -0.00005270
 160    0.0000082  -0.00004510
 161    0.0000463  -0.00019159
 162    0.0000431  -0.00018128
 163    0.0000458  -0.00022471
 164    0.0000295  -0.00015567
 165    0.0000259  -0.00014522
 166    0.0000000  -0.00000092
 167    0.0000000  -0.00000021
 168    0.0000000  -0.00000032
 169    0.0000024  -0.00001177
 170    0.0000042  -0.00002710
 171    0.0000085  -0.00004713
 172    0.0000069  -0.00004196
 173    0.0000350  -0.00016045
 174    0.0000195  -0.00011269
 175    0.0000356  -0.00016786
 176    0.0000270  -0.00015128
 177    0.0000233  -0.00014081
 178    0.0000000  -0.00000083
 179    0.0000000  -0.00000020
 180    0.0000000  -0.00000026
 181    0.0000020  -0.00000946
 182    0.0000030  -0.00001671
 183    0.0000068  -0.00004203
 184    0.0000064  -0.00004075
 185    0.0000294  -0.00014096
 186    0.0000182  -0.00010600
 187    0.0000291  -0.00014547
 188    0.0000246  -0.00013432
 189    0.0000210  -0.00012437
 190    0.0000000  -0.00000065
 191    0.0000000  -0.00000022
 192    0.0000000  -0.00000011
 193    0.0000017  -0.00000835
 194    0.0000027  -0.00001505
 195    0.0000052  -0.00003038
 196    0.0000058  -0.00003483
 197    0.0000245  -0.00012046
 198    0.0000154  -0.00009761
 199    0.0000278  -0.00013775
 200    0.0000214  -0.00011939
 201    0.0000197  -0.00012039
 202    0.0000000  -0.00000060
 203    0.0000000  -0.00000017
 204    0.0000000  -0.00000013
 205    0.0000016  -0.00000669
 206    0.0000023  -0.00001129
 207    0.0000042  -0.00002708
 208    0.0000047  -0.00002782
 209    0.0000230  -0.00012081
 210    0.0000129  -0.00008842
 211    0.0000219  -0.00011429
 212    0.0000197  -0.00011635
 213    0.0000175  -0.00011193
 214    0.0000000  -0.00000032
 215    0.0000000  -0.00000013
 216    0.0000000  -0.00000012
 217    0.0000015  -0.00000712
 218    0.0000020  -0.00000924
 219    0.0000030  -0.00001968
 220    0.0000046  -0.00003078
 221    0.0000208  -0.00011340
 222    0.0000085  -0.00005628
 223    0.0000205  -0.00011190
 224    0.0000153  -0.00009806
 225    0.0000121  -0.00008338
 226    0.0000000  -0.00000026
 227    0.0000000  -0.00000013
 228    0.0000000  -0.00000012
 
----------------
 Final Energies 
----------------
Final NOF Total Energy =    -189.5502483
 
Total Orbital Internal Iterations = 10
Total Occupation Internal Iterations = 0
 
Elapsed time:   30.25 Seconds

---------------------------------
   Lowdin Population Analysis    
---------------------------------
 Idx  Atom   Population   Charge 
---------------------------------
  1     C     6.491      -0.491
  2     H     1.079      -0.079
  3     H     1.194      -0.194
  4     O     7.619       0.381
  5     O     7.618       0.382

---------------------------------
   M Diagnostic: 0.03
---------------------------------

