Computing Integrals
Basis Set                                            = def2-qzvp
Auxiliary Basis Set                                  = def2-universal-jkfit
Gaussian Type                                        = Spherical
Elapsed time:    1.72 Seconds

Number of basis functions                   (NBF)    = 100
Number of auxiliary basis functions         (NBFAUX) = 146
Inactive Doubly occupied orbitals up to     (NO1)    = 0
No. considered Strongly Doubly occupied MOs (NDOC)   = 9
No. considered Strongly Singly occupied MOs (NSOC)   = 0
NO. of Weakly occ. per St. Doubly occ.  MOs (NCWO)   = 1
Dimension of the Nat. Orb. subspace         (NBF5)   = 18
No. of electrons                                     = 18
    No. of alpha electrons                           = 9
    No. of beta electrons                            = 9
Multiplicity                                         = 1

Geometry
========
Cl       0.0000000       0.0000000       0.6372241
 H       0.0000000       0.0000000      -0.6372241

Orthonormality violations 3368, Maximum Violation 0.000089
Trying to orthonormalize
No violations of the orthonormality
No violations of the orthonormality
 
PNOF8/ADABelief Calculation
==================
 
  Nitext  Nit_orb  Time   Nit_occ  Time         Eelec          Etot           Ediff      maxdiff    MaxGrad_orb  Grad_occ
     1      10    9.4e+00    0    1.2e+01  -467.49562382  -460.43688756 -10466.49562382   0.000019   7.4e-05   2.4e-04 0.03
 
RESULTS OF THE OCCUPATION OPTIMIZATION
========================================
   1    1.9999656  -104.89160015
   2    1.9993548  -10.57271888
   3    1.9985896  -8.05028561
   4    1.9989400  -8.04719475
   5    1.9989438  -8.04400943
   6    1.9912196  -1.12806447
   7    1.9695005  -0.63404550
   8    1.9795136  -0.48913575
   9    1.9795037  -0.48911904
  10    0.0204963  -0.02398341
  11    0.0204864  -0.02398131
  12    0.0304995  -0.04020237
  13    0.0087804  -0.02906366
  14    0.0010562  -0.01910292
  15    0.0010600  -0.01914273
  16    0.0014104  -0.02087789
  17    0.0006452  -0.01511497
  18    0.0000344  -0.00624525
 
----------------
 Final Energies 
----------------
Final NOF Total Energy =    -460.4368876
 
Total Orbital Internal Iterations = 10
Total Occupation Internal Iterations = 0
 
Elapsed time:   28.52 Seconds

---------------------------------
   Lowdin Population Analysis    
---------------------------------
 Idx  Atom   Population   Charge 
---------------------------------
  1    Cl    16.618       0.382
  2     H     1.382      -0.382

---------------------------------
   M Diagnostic: 0.03
---------------------------------

