Computing Integrals
Basis Set                                            = def2-qzvp
Auxiliary Basis Set                                  = def2-universal-jkfit
Gaussian Type                                        = Spherical
Elapsed time:   10.17 Seconds

Number of basis functions                   (NBF)    = 595
Number of auxiliary basis functions         (NBFAUX) = 651
Inactive Doubly occupied orbitals up to     (NO1)    = 0
No. considered Strongly Doubly occupied MOs (NDOC)   = 28
No. considered Strongly Singly occupied MOs (NSOC)   = 0
NO. of Weakly occ. per St. Doubly occ.  MOs (NCWO)   = 1
Dimension of the Nat. Orb. subspace         (NBF5)   = 56
No. of electrons                                     = 56
    No. of alpha electrons                           = 28
    No. of beta electrons                            = 28
Multiplicity                                         = 1

Geometry
========
 S       0.6667756       2.0543737       0.1497769
 N      -1.6208143       0.8029236      -0.0255457
 N       0.2449572      -0.5242493      -0.4713313
 C      -0.2803360       0.7522508      -0.1204862
 H      -2.1841745      -0.0203276      -0.1168586
 H      -2.0547292       1.6577096       0.2662196
 H      -0.0281872      -0.7636030      -1.4152348
 C      -0.0786670      -1.5992779       0.4590026
 C       0.5126049      -2.9092094      -0.0100574
 H       0.3455546      -1.3217094       1.4217956
 H      -1.1576888      -1.7300771       0.6165865
 H       1.5947639      -2.8506008      -0.0718052
 H       0.2444810      -3.7087085       0.6744280
 H       0.1276498      -3.1776847      -0.9930000

Orthonormality violations 217410, Maximum Violation 0.000143
Trying to orthonormalize
No violations of the orthonormality
No violations of the orthonormality
 
PNOF8/ADABelief Calculation
==================
 
  Nitext  Nit_orb  Time   Nit_occ  Time         Eelec          Etot           Ediff      maxdiff    MaxGrad_orb  Grad_occ
     1      10    1.4e+01    0    1.2e+01  -918.67570059  -625.83772224 -10917.67570059   0.000236   9.4e-04   1.2e-04 0.04
 
RESULTS OF THE OCCUPATION OPTIMIZATION
========================================
   1    1.9999633  -91.94975724
   2    1.9996539  -15.41311257
   3    1.9995761  -14.53904375
   4    1.9994955  -12.04018635
   5    1.9995257  -11.72245578
   6    1.9991507  -10.23321670
   7    1.9990764  -9.91525248
   8    1.9985675  -6.61777224
   9    1.9985042  -6.60785275
  10    1.9985206  -6.60596861
  11    1.9936375  -1.26694703
  12    1.9912948  -1.05197167
  13    1.9895116  -1.01405970
  14    1.9826126  -0.92425774
  15    1.9798050  -0.84030609
  16    1.9765925  -0.77748101
  17    1.9757856  -0.76781956
  18    1.9727688  -0.64011639
  19    1.9692492  -0.62624679
  20    1.9744107  -0.60522114
  21    1.9681880  -0.59548181
  22    1.9745720  -0.59425948
  23    1.9740224  -0.58651913
  24    1.9723506  -0.57997718
  25    1.9707994  -0.57937067
  26    1.9710797  -0.56818175
  27    1.9815263  -0.41232203
  28    1.9610595  -0.36210296
  29    0.0389405  -0.04508771
  30    0.0184737  -0.02049932
  31    0.0289203  -0.04149222
  32    0.0292006  -0.03386404
  33    0.0276494  -0.03749042
  34    0.0259776  -0.02529000
  35    0.0254280  -0.02502908
  36    0.0318120  -0.03933233
  37    0.0255893  -0.02600943
  38    0.0307508  -0.04056617
  39    0.0272312  -0.03020093
  40    0.0242144  -0.02933862
  41    0.0234075  -0.02878603
  42    0.0201950  -0.02442894
  43    0.0173874  -0.02285342
  44    0.0104884  -0.01848315
  45    0.0087052  -0.02138413
  46    0.0063625  -0.02205084
  47    0.0014794  -0.01749683
  48    0.0014958  -0.01739060
  49    0.0014325  -0.01800426
  50    0.0009236  -0.01323838
  51    0.0008493  -0.01261096
  52    0.0004743  -0.00835096
  53    0.0005045  -0.01050227
  54    0.0004239  -0.00968345
  55    0.0003461  -0.00883838
  56    0.0000367  -0.00576021
 
----------------
 Final Energies 
----------------
Final NOF Total Energy =    -625.8377222
 
Total Orbital Internal Iterations = 10
Total Occupation Internal Iterations = 0
 
Elapsed time:   36.10 Seconds

---------------------------------
   Lowdin Population Analysis    
---------------------------------
 Idx  Atom   Population   Charge 
---------------------------------
  1     S    15.696       0.304
  2     N     6.353       0.647
  3     N     6.552       0.448
  4     C     6.793      -0.793
  5     H     1.165      -0.165
  6     H     1.155      -0.155
  7     H     1.178      -0.178
  8     C     6.033      -0.033
  9     C     5.779       0.221
 10     H     1.050      -0.050
 11     H     1.068      -0.068
 12     H     1.054      -0.054
 13     H     1.060      -0.060
 14     H     1.063      -0.063

---------------------------------
   M Diagnostic: 0.04
---------------------------------

