Computing Integrals
Basis Set                                            = def2-qzvp
Auxiliary Basis Set                                  = def2-universal-jkfit
Gaussian Type                                        = Spherical
Elapsed time:   11.74 Seconds

Number of basis functions                   (NBF)    = 642
Number of auxiliary basis functions         (NBFAUX) = 634
Inactive Doubly occupied orbitals up to     (NO1)    = 0
No. considered Strongly Doubly occupied MOs (NDOC)   = 25
No. considered Strongly Singly occupied MOs (NSOC)   = 0
NO. of Weakly occ. per St. Doubly occ.  MOs (NCWO)   = 1
Dimension of the Nat. Orb. subspace         (NBF5)   = 50
No. of electrons                                     = 50
    No. of alpha electrons                           = 25
    No. of beta electrons                            = 25
Multiplicity                                         = 1

Geometry
========
 C       1.5783850       0.1476900       0.3438090
 H       1.3947500       0.0129680       1.4135450
 O       1.3599290      -1.0862030      -0.3597820
 C       0.6538450       1.2150990      -0.2213220
 H       1.0578270       2.1802830       0.0939240
 H       0.7296930       1.1848640      -1.3114380
 C      -0.8173340       1.1521270       0.2081560
 H      -1.3035250       2.0657380      -0.1458280
 H      -0.8837650       1.1597620       1.2992600
 H       1.9841200      -1.7344460      -0.0213850
 H       2.6162860       0.4589480       0.2065440
 C      -1.6277250      -0.0340520      -0.3113010
 H      -2.6842290       0.1510150      -0.1185660
 H      -1.5018680      -0.1181460      -1.3975060
 O      -1.3242620      -1.2601540       0.3333770
 H      -0.4176510      -1.4753140       0.0766370

No violations of the orthonormality
No violations of the orthonormality
 
PNOF8/ADABelief Calculation
==================
 
  Nitext  Nit_orb  Time   Nit_occ  Time         Eelec          Etot           Ediff      maxdiff    MaxGrad_orb  Grad_occ
     1      10    1.4e+01    0    1.2e+01  -571.64754021  -308.07167855 -10570.64754021   0.000699   2.8e-03   2.4e-04 0.03
 
RESULTS OF THE OCCUPATION OPTIMIZATION
========================================
   1    1.9997904  -20.59564748
   2    1.9997987  -20.56241761
   3    1.9995191  -11.26462631
   4    1.9995264  -11.24243528
   5    1.9995585  -11.22532053
   6    1.9995575  -11.22110990
   7    1.9906951  -1.30709716
   8    1.9903118  -1.28189983
   9    1.9810266  -0.90426951
  10    1.9799935  -0.86449483
  11    1.9803632  -0.85927624
  12    1.9799658  -0.84765364
  13    1.9711099  -0.73144491
  14    1.9653817  -0.66279826
  15    1.9704840  -0.65681758
  16    1.9835238  -0.64994961
  17    1.9655432  -0.62994777
  18    1.9741314  -0.59442256
  19    1.9743416  -0.59117235
  20    1.9740765  -0.58720676
  21    1.9735232  -0.58211941
  22    1.9819766  -0.57870645
  23    1.9699681  -0.56899990
  24    1.9696390  -0.54629882
  25    1.9694870  -0.52271363
  26    0.0305130  -0.03435403
  27    0.0303610  -0.03426641
  28    0.0300319  -0.03461094
  29    0.0180234  -0.02148864
  30    0.0264768  -0.02597386
  31    0.0259235  -0.02521529
  32    0.0256584  -0.02557326
  33    0.0258686  -0.02532035
  34    0.0344568  -0.04611528
  35    0.0164762  -0.02091734
  36    0.0295160  -0.03738357
  37    0.0346183  -0.04655667
  38    0.0288901  -0.03606284
  39    0.0200342  -0.02378351
  40    0.0196368  -0.02364081
  41    0.0200065  -0.02386213
  42    0.0189734  -0.02344531
  43    0.0096882  -0.02115255
  44    0.0093049  -0.02029091
  45    0.0004425  -0.00779701
  46    0.0004415  -0.00775519
  47    0.0004736  -0.00817122
  48    0.0004809  -0.00827643
  49    0.0002013  -0.00667378
  50    0.0002096  -0.00686537
 
----------------
 Final Energies 
----------------
Final NOF Total Energy =    -308.0716785
 
Total Orbital Internal Iterations = 10
Total Occupation Internal Iterations = 0
 
Elapsed time:   34.31 Seconds

---------------------------------
   Lowdin Population Analysis    
---------------------------------
 Idx  Atom   Population   Charge 
---------------------------------
  1     C     6.083      -0.083
  2     H     1.060      -0.060
  3     O     7.375       0.625
  4     C     5.919       0.081
  5     H     1.044      -0.044
  6     H     1.042      -0.042
  7     C     5.919       0.081
  8     H     1.045      -0.045
  9     H     1.046      -0.046
 10     H     1.334      -0.334
 11     H     1.065      -0.065
 12     C     6.118      -0.118
 13     H     1.063      -0.063
 14     H     1.061      -0.061
 15     O     7.429       0.571
 16     H     1.398      -0.398

---------------------------------
   M Diagnostic: 0.03
---------------------------------

