Computing Integrals
Basis Set                                            = def2-qzvp
Auxiliary Basis Set                                  = def2-universal-jkfit
Gaussian Type                                        = Spherical
Elapsed time:    1.77 Seconds

Number of basis functions                   (NBF)    = 130
Number of auxiliary basis functions         (NBFAUX) = 164
Inactive Doubly occupied orbitals up to     (NO1)    = 0
No. considered Strongly Doubly occupied MOs (NDOC)   = 8
No. considered Strongly Singly occupied MOs (NSOC)   = 0
NO. of Weakly occ. per St. Doubly occ.  MOs (NCWO)   = 1
Dimension of the Nat. Orb. subspace         (NBF5)   = 16
No. of electrons                                     = 16
    No. of alpha electrons                           = 8
    No. of beta electrons                            = 8
Multiplicity                                         = 1

Geometry
========
 S       0.0000000       0.0000000      -0.6478378
 H       1.0565968       0.0000000       0.3239189
 H      -1.0565968       0.0000000       0.3239189

Orthonormality violations 4762, Maximum Violation 0.000062
Trying to orthonormalize
No violations of the orthonormality
No violations of the orthonormality
 
PNOF8/ADABelief Calculation
==================
 
  Nitext  Nit_orb  Time   Nit_occ  Time         Eelec          Etot           Ediff      maxdiff    MaxGrad_orb  Grad_occ
     1      10    9.4e+00    0    1.2e+01  -409.96565125  -397.91903957 -10408.96565125   0.000014   5.5e-05   1.3e-04 0.03
 
RESULTS OF THE OCCUPATION OPTIMIZATION
========================================
   1    1.9999738  -92.88385501
   2    1.9992517  -9.80214154
   3    1.9990186  -7.51685534
   4    1.9989117  -7.50562632
   5    1.9980015  -7.49596370
   6    1.9729306  -1.63328210
   7    1.9703636  -1.23644445
   8    1.9703419  -1.23641589
   9    0.0296581  -0.04605697
  10    0.0296364  -0.04604427
  11    0.0270694  -0.04942664
  12    0.0019985  -0.02973230
  13    0.0010883  -0.01731546
  14    0.0009814  -0.01669626
  15    0.0007483  -0.01433523
  16    0.0000262  -0.00478634
 
----------------
 Final Energies 
----------------
Final NOF Total Energy =    -397.9190396
 
Total Orbital Internal Iterations = 10
Total Occupation Internal Iterations = 0
 
Elapsed time:   28.66 Seconds

---------------------------------
   Lowdin Population Analysis    
---------------------------------
 Idx  Atom   Population   Charge 
---------------------------------
  1     S    14.045       1.955
  2     H     0.978       0.022
  3     H     0.978       0.022

---------------------------------
   M Diagnostic: 0.03
---------------------------------

