Computing Integrals
Basis Set                                            = def2-qzvp
Auxiliary Basis Set                                  = def2-universal-jkfit
Gaussian Type                                        = Spherical
Elapsed time:    1.73 Seconds

Number of basis functions                   (NBF)    = 130
Number of auxiliary basis functions         (NBFAUX) = 164
Inactive Doubly occupied orbitals up to     (NO1)    = 0
No. considered Strongly Doubly occupied MOs (NDOC)   = 9
No. considered Strongly Singly occupied MOs (NSOC)   = 0
NO. of Weakly occ. per St. Doubly occ.  MOs (NCWO)   = 1
Dimension of the Nat. Orb. subspace         (NBF5)   = 18
No. of electrons                                     = 18
    No. of alpha electrons                           = 9
    No. of beta electrons                            = 9
Multiplicity                                         = 1

Geometry
========
 S       0.0000000       0.0000000      -0.6214606
 H       0.9696567       0.0000000       0.3107303
 H      -0.9696567       0.0000000       0.3107303

Orthonormality violations 3902, Maximum Violation 0.000038
Trying to orthonormalize
No violations of the orthonormality
No violations of the orthonormality
 
PNOF8/ADABelief Calculation
==================
 
  Nitext  Nit_orb  Time   Nit_occ  Time         Eelec          Etot           Ediff      maxdiff    MaxGrad_orb  Grad_occ
     1      10    9.4e+00    0    1.2e+01  -411.90860530  -399.04633132 -10410.90860530   0.000012   5.0e-05   1.8e-04 0.03
 
RESULTS OF THE OCCUPATION OPTIMIZATION
========================================
   1    1.9999656  -92.01622376
   2    1.9991340  -8.96552431
   3    1.9988851  -6.66160195
   4    1.9983330  -6.65876243
   5    1.9985715  -6.65737071
   6    1.9908501  -0.99227159
   7    1.9702236  -0.55705775
   8    1.9703220  -0.55688585
   9    1.9800427  -0.39730891
  10    0.0199573  -0.02191734
  11    0.0296780  -0.03623889
  12    0.0297764  -0.03626904
  13    0.0091499  -0.02641726
  14    0.0014285  -0.01976974
  15    0.0016670  -0.02092330
  16    0.0011149  -0.01704027
  17    0.0008660  -0.01592462
  18    0.0000344  -0.00568893
 
----------------
 Final Energies 
----------------
Final NOF Total Energy =    -399.0463313
 
Total Orbital Internal Iterations = 10
Total Occupation Internal Iterations = 0
 
Elapsed time:   28.66 Seconds

---------------------------------
   Lowdin Population Analysis    
---------------------------------
 Idx  Atom   Population   Charge 
---------------------------------
  1     S    15.493       0.507
  2     H     1.254      -0.254
  3     H     1.254      -0.254

---------------------------------
   M Diagnostic: 0.03
---------------------------------

