Computing Integrals
Basis Set                                            = def2-qzvp
Auxiliary Basis Set                                  = def2-universal-jkfit
Gaussian Type                                        = Spherical
Elapsed time:    1.73 Seconds

Number of basis functions                   (NBF)    = 100
Number of auxiliary basis functions         (NBFAUX) = 146
Inactive Doubly occupied orbitals up to     (NO1)    = 0
No. considered Strongly Doubly occupied MOs (NDOC)   = 7
No. considered Strongly Singly occupied MOs (NSOC)   = 2
NO. of Weakly occ. per St. Doubly occ.  MOs (NCWO)   = 1
Dimension of the Nat. Orb. subspace         (NBF5)   = 16
No. of electrons                                     = 16
    No. of alpha electrons                           = 9
    No. of beta electrons                            = 7
Multiplicity                                         = 3

Geometry
========
Si       0.0000000       0.0000000       0.7829904
 H       0.0000000       0.0000000      -0.7829904

Orthonormality violations 166, Maximum Violation 0.000012
Trying to orthonormalize
No violations of the orthonormality
No violations of the orthonormality
 
PNOF8/ADABelief Calculation
==================
 
  Nitext  Nit_orb  Time   Nit_occ  Time         Eelec          Etot           Ediff      maxdiff    MaxGrad_orb  Grad_occ
     1      10    9.3e+00    0    1.2e+01  -294.42209819  -289.69121914 -10293.42209819   0.000013   5.1e-05   9.2e-05 0.04
 
RESULTS OF THE OCCUPATION OPTIMIZATION
========================================
   1    1.9999578  -68.58760717
   2    1.9987858  -5.88647475
   3    1.9974769  -3.99719565
   4    1.9965713  -3.99590299
   5    1.9965781  -3.99502881
   6    1.9859121  -0.38707390
   7    1.9633087  -0.15743709
   8    1.0000000  -0.02860345
   9    1.0000000  -0.02851546
  10    0.0366913  -0.02396363
  11    0.0140879  -0.02514844
  12    0.0034219  -0.02251956
  13    0.0034287  -0.02248691
  14    0.0025231  -0.01761914
  15    0.0012142  -0.01483952
  16    0.0000422  -0.00525237
 
----------------
 Final Energies 
----------------
Final NOF Total Energy =    -289.6912191
 
Total Orbital Internal Iterations = 10
Total Occupation Internal Iterations = 0
 
Elapsed time:   28.52 Seconds

---------------------------------
   Lowdin Population Analysis    
---------------------------------
 Idx  Atom   Population   Charge 
---------------------------------
  1    Si    14.724      -0.724
  2     H     1.276      -0.276

---------------------------------
   M Diagnostic: 0.04
---------------------------------

