Computing Integrals
Basis Set                                            = def2-qzvp
Auxiliary Basis Set                                  = def2-universal-jkfit
Gaussian Type                                        = Spherical
Elapsed time:    1.76 Seconds

Number of basis functions                   (NBF)    = 117
Number of auxiliary basis functions         (NBFAUX) = 113
Inactive Doubly occupied orbitals up to     (NO1)    = 0
No. considered Strongly Doubly occupied MOs (NDOC)   = 5
No. considered Strongly Singly occupied MOs (NSOC)   = 0
NO. of Weakly occ. per St. Doubly occ.  MOs (NCWO)   = 1
Dimension of the Nat. Orb. subspace         (NBF5)   = 10
No. of electrons                                     = 10
    No. of alpha electrons                           = 5
    No. of beta electrons                            = 5
Multiplicity                                         = 1

Geometry
========
 O       0.0000000       0.0000000       0.3921953
 H      -0.7561000       0.0000000      -0.1960977
 H       0.7561000       0.0000000      -0.1960977

Orthonormality violations 8614, Maximum Violation 0.000109
Trying to orthonormalize
No violations of the orthonormality
No violations of the orthonormality
 
PNOF8/ADABelief Calculation
==================
 
  Nitext  Nit_orb  Time   Nit_occ  Time         Eelec          Etot           Ediff      maxdiff    MaxGrad_orb  Grad_occ
     1      10    9.1e+00    0    1.2e+01   -85.44479387   -76.25689844 -10084.44479387   0.000013   5.1e-05   1.1e-04 0.03
 
RESULTS OF THE OCCUPATION OPTIMIZATION
========================================
   1    1.9998028  -20.59286741
   2    1.9902343  -1.29992758
   3    1.9709873  -0.71682159
   4    1.9709891  -0.71682105
   5    1.9802015  -0.53778254
   6    0.0197985  -0.02306942
   7    0.0290109  -0.03581308
   8    0.0290127  -0.03581360
   9    0.0097657  -0.02176848
  10    0.0001972  -0.00668029
 
----------------
 Final Energies 
----------------
Final NOF Total Energy =     -76.2568984
 
Total Orbital Internal Iterations = 10
Total Occupation Internal Iterations = 0
 
Elapsed time:   28.16 Seconds

---------------------------------
   Lowdin Population Analysis    
---------------------------------
 Idx  Atom   Population   Charge 
---------------------------------
  1     O     7.335       0.665
  2     H     1.333      -0.333
  3     H     1.333      -0.333

---------------------------------
   M Diagnostic: 0.03
---------------------------------

