Computing Integrals
Basis Set                                            = def2-qzvp
Auxiliary Basis Set                                  = def2-universal-jkfit
Gaussian Type                                        = Spherical
Elapsed time:    2.58 Seconds

Number of basis functions                   (NBF)    = 190
Number of auxiliary basis functions         (NBFAUX) = 200
Inactive Doubly occupied orbitals up to     (NO1)    = 0
No. considered Strongly Doubly occupied MOs (NDOC)   = 9
No. considered Strongly Singly occupied MOs (NSOC)   = 0
NO. of Weakly occ. per St. Doubly occ.  MOs (NCWO)   = 1
Dimension of the Nat. Orb. subspace         (NBF5)   = 18
No. of electrons                                     = 18
    No. of alpha electrons                           = 9
    No. of beta electrons                            = 9
Multiplicity                                         = 1

Geometry
========
Si       0.0000000      -0.0000000       0.0000000
 H       0.8560414       0.8560414      -0.8560414
 H      -0.8560414      -0.8560414      -0.8560414
 H       0.8560414      -0.8560414       0.8560414
 H      -0.8560414       0.8560414       0.8560414

No violations of the orthonormality
No violations of the orthonormality
 
PNOF8/ADABelief Calculation
==================
 
  Nitext  Nit_orb  Time   Nit_occ  Time         Eelec          Etot           Ediff      maxdiff    MaxGrad_orb  Grad_occ
     1      10    9.6e+00    0    1.2e+01  -312.84837493  -291.55072404 -10311.84837493   0.000492   2.0e-03   1.5e-04 0.03
 
RESULTS OF THE OCCUPATION OPTIMIZATION
========================================
   1    1.9999700  -68.81534131
   2    1.9986068  -6.10747885
   3    1.9980705  -4.23682863
   4    1.9979203  -4.23486975
   5    1.9978969  -4.23442796
   6    1.9862057  -0.73973694
   7    1.9751760  -0.49722983
   8    1.9746153  -0.49705719
   9    1.9746684  -0.49705004
  10    0.0253316  -0.02776579
  11    0.0253847  -0.02778153
  12    0.0248240  -0.02784759
  13    0.0137943  -0.02548331
  14    0.0021031  -0.01516786
  15    0.0020797  -0.01532573
  16    0.0019295  -0.02004044
  17    0.0013932  -0.01272647
  18    0.0000300  -0.00430103
 
----------------
 Final Energies 
----------------
Final NOF Total Energy =    -291.5507240
 
Total Orbital Internal Iterations = 10
Total Occupation Internal Iterations = 0
 
Elapsed time:   27.71 Seconds

---------------------------------
   Lowdin Population Analysis    
---------------------------------
 Idx  Atom   Population   Charge 
---------------------------------
  1    Si    13.489       0.511
  2     H     1.128      -0.128
  3     H     1.128      -0.128
  4     H     1.126      -0.126
  5     H     1.128      -0.128

---------------------------------
   M Diagnostic: 0.03
---------------------------------

