Computing Integrals
Basis Set                                            = def2-qzvp
Auxiliary Basis Set                                  = def2-universal-jkfit
Gaussian Type                                        = Spherical
Elapsed time:    1.73 Seconds

Number of basis functions                   (NBF)    = 177
Number of auxiliary basis functions         (NBFAUX) = 147
Inactive Doubly occupied orbitals up to     (NO1)    = 0
No. considered Strongly Doubly occupied MOs (NDOC)   = 5
No. considered Strongly Singly occupied MOs (NSOC)   = 0
NO. of Weakly occ. per St. Doubly occ.  MOs (NCWO)   = 1
Dimension of the Nat. Orb. subspace         (NBF5)   = 10
No. of electrons                                     = 10
    No. of alpha electrons                           = 5
    No. of beta electrons                            = 5
Multiplicity                                         = 1

Geometry
========
 C       0.0000000      -0.0000000       0.0000000
 H      -0.6308893       0.6308893       0.6308893
 H       0.6308893      -0.6308893       0.6308893
 H      -0.6308893      -0.6308893      -0.6308893
 H       0.6308893       0.6308893      -0.6308893

Orthonormality violations 4527, Maximum Violation 0.000030
Trying to orthonormalize
No violations of the orthonormality
No violations of the orthonormality
 
PNOF8/ADABelief Calculation
==================
 
  Nitext  Nit_orb  Time   Nit_occ  Time         Eelec          Etot           Ediff      maxdiff    MaxGrad_orb  Grad_occ
     1      10    9.3e+00    0    1.2e+01   -53.77244742   -40.37068015 -10052.77244742   0.000014   5.5e-05   5.7e-05 0.03
 
RESULTS OF THE OCCUPATION OPTIMIZATION
========================================
   1    1.9996144  -11.20460539
   2    1.9814052  -0.89530352
   3    1.9739241  -0.57415893
   4    1.9738845  -0.57396556
   5    1.9738749  -0.57391518
   6    0.0261251  -0.02482001
   7    0.0261155  -0.02481788
   8    0.0260759  -0.02480913
   9    0.0185948  -0.02285440
  10    0.0003856  -0.00725140
 
----------------
 Final Energies 
----------------
Final NOF Total Energy =     -40.3706802
 
Total Orbital Internal Iterations = 10
Total Occupation Internal Iterations = 0
 
Elapsed time:   28.44 Seconds

---------------------------------
   Lowdin Population Analysis    
---------------------------------
 Idx  Atom   Population   Charge 
---------------------------------
  1     C     5.701       0.299
  2     H     1.073      -0.073
  3     H     1.075      -0.075
  4     H     1.075      -0.075
  5     H     1.075      -0.075

---------------------------------
   M Diagnostic: 0.03
---------------------------------

