Computing Integrals
Basis Set                                            = def2-qzvp
Auxiliary Basis Set                                  = def2-universal-jkfit
Gaussian Type                                        = Spherical
Elapsed time:    1.72 Seconds

Number of basis functions                   (NBF)    = 70
Number of auxiliary basis functions         (NBFAUX) = 128
Inactive Doubly occupied orbitals up to     (NO1)    = 0
No. considered Strongly Doubly occupied MOs (NDOC)   = 8
No. considered Strongly Singly occupied MOs (NSOC)   = 1
NO. of Weakly occ. per St. Doubly occ.  MOs (NCWO)   = 1
Dimension of the Nat. Orb. subspace         (NBF5)   = 17
No. of electrons                                     = 17
    No. of alpha electrons                           = 9
    No. of beta electrons                            = 8
Multiplicity                                         = 2

Geometry
========
Cl       0.0000000       0.0000000       0.0000000

No violations of the orthonormality
No violations of the orthonormality
 
PNOF8/ADABelief Calculation
==================
 
  Nitext  Nit_orb  Time   Nit_occ  Time         Eelec          Etot           Ediff      maxdiff    MaxGrad_orb  Grad_occ
     1      10    9.2e+00    0    1.2e+01  -459.76452830  -459.76452830 -10458.76452830   0.000012   5.0e-05   2.2e-04 0.02
 
RESULTS OF THE OCCUPATION OPTIMIZATION
========================================
   1    1.9999670  -104.92726042
   2    1.9992036  -10.61149461
   3    1.9984931  -8.07762551
   4    1.9989441  -8.07691668
   5    1.9989547  -8.07483899
   6    1.9887210  -1.08181683
   7    1.9771946  -0.50283276
   8    1.9773868  -0.50251028
   9    1.0000000  -0.29252623
  10    0.0226132  -0.02504599
  11    0.0228054  -0.02510197
  12    0.0112790  -0.02903060
  13    0.0010453  -0.01906140
  14    0.0010559  -0.01908876
  15    0.0015069  -0.02237561
  16    0.0007964  -0.01728521
  17    0.0000330  -0.00617412
 
----------------
 Final Energies 
----------------
Final NOF Total Energy =    -459.7645283
 
Total Orbital Internal Iterations = 10
Total Occupation Internal Iterations = 0
 
Elapsed time:   27.23 Seconds

---------------------------------
   Lowdin Population Analysis    
---------------------------------
 Idx  Atom   Population   Charge 
---------------------------------
  1    Cl    17.000      -0.000

---------------------------------
   M Diagnostic: 0.02
---------------------------------

