Computing Integrals
Basis Set                                            = def2-qzvp
Auxiliary Basis Set                                  = def2-universal-jkfit
Gaussian Type                                        = Spherical
Elapsed time:    1.73 Seconds

Number of basis functions                   (NBF)    = 117
Number of auxiliary basis functions         (NBFAUX) = 113
Inactive Doubly occupied orbitals up to     (NO1)    = 0
No. considered Strongly Doubly occupied MOs (NDOC)   = 5
No. considered Strongly Singly occupied MOs (NSOC)   = 0
NO. of Weakly occ. per St. Doubly occ.  MOs (NCWO)   = 1
Dimension of the Nat. Orb. subspace         (NBF5)   = 10
No. of electrons                                     = 10
    No. of alpha electrons                           = 5
    No. of beta electrons                            = 5
Multiplicity                                         = 1

Geometry
========
 O       0.0000000       0.0000000       0.1169610
 H       0.0000000       0.7635680      -0.4678450
 H       0.0000000      -0.7635680      -0.4678450

Orthonormality violations 6024, Maximum Violation 0.000064
Trying to orthonormalize
No violations of the orthonormality
No violations of the orthonormality
 
PNOF8/ADABelief Calculation
==================
 
  Nitext  Nit_orb  Time   Nit_occ  Time         Eelec          Etot           Ediff      maxdiff    MaxGrad_orb  Grad_occ
     1      10    9.2e+00    0    1.2e+01   -85.40664505   -76.25691398 -10084.40664505   0.000016   6.4e-05   9.5e-05 0.03
 
RESULTS OF THE OCCUPATION OPTIMIZATION
========================================
   1    1.9998026  -20.59321338
   2    1.9901532  -1.29763562
   3    1.9708530  -0.71542651
   4    1.9708491  -0.71542240
   5    1.9801560  -0.53732985
   6    0.0198440  -0.02308157
   7    0.0291509  -0.03590693
   8    0.0291470  -0.03590591
   9    0.0098468  -0.02179078
  10    0.0001974  -0.00669800
 
----------------
 Final Energies 
----------------
Final NOF Total Energy =     -76.2569140
 
Total Orbital Internal Iterations = 10
Total Occupation Internal Iterations = 0
 
Elapsed time:   28.17 Seconds

---------------------------------
   Lowdin Population Analysis    
---------------------------------
 Idx  Atom   Population   Charge 
---------------------------------
  1     O     7.344       0.656
  2     H     1.328      -0.328
  3     H     1.328      -0.328

---------------------------------
   M Diagnostic: 0.03
---------------------------------

