Computing Integrals
Basis Set                                            = def2-qzvp
Auxiliary Basis Set                                  = def2-universal-jkfit
Gaussian Type                                        = Spherical
Elapsed time:    1.71 Seconds

Number of basis functions                   (NBF)    = 147
Number of auxiliary basis functions         (NBFAUX) = 131
Inactive Doubly occupied orbitals up to     (NO1)    = 0
No. considered Strongly Doubly occupied MOs (NDOC)   = 5
No. considered Strongly Singly occupied MOs (NSOC)   = 0
NO. of Weakly occ. per St. Doubly occ.  MOs (NCWO)   = 28
Dimension of the Nat. Orb. subspace         (NBF5)   = 145
No. of electrons                                     = 10
    No. of alpha electrons                           = 5
    No. of beta electrons                            = 5
Multiplicity                                         = 1

Geometry
========
 N      -1.0714682      -0.0091258       1.5027946
 H      -0.6175728      -0.9169838       1.4741486
 H      -0.6009001       0.4868762       2.2535558
 H      -0.7630722       0.4831850       0.6081727

Orthonormality violations 16340, Maximum Violation 0.000192
Trying to orthonormalize
No violations of the orthonormality
No violations of the orthonormality
 
PNOF8/ADABelief Calculation
==================
 
  Nitext  Nit_orb  Time   Nit_occ  Time         Eelec          Etot           Ediff      maxdiff    MaxGrad_orb  Grad_occ
     1      10    1.0e+01    0    1.2e+01   -68.24036276   -56.50195020 -10067.24036276   0.000094   3.8e-04   1.2e-04 0.02
 
RESULTS OF THE OCCUPATION OPTIMIZATION
========================================
   1    1.9999660  -15.56560871
   2    1.9860098  -1.02323143
   3    1.9723642  -0.63521685
   4    1.9721650  -0.63345509
   5    1.9725693  -0.62997650
   6    0.0206123  -0.02732062
   7    0.0172582  -0.02459653
   8    0.0170733  -0.02465079
   9    0.0076954  -0.01598867
  10    0.0000286  -0.00089944
  11    0.0044342  -0.00762626
  12    0.0045763  -0.00783709
  13    0.0044835  -0.00780981
  14    0.0012521  -0.00495613
  15    0.0000016  -0.00001445
  16    0.0006838  -0.00150829
  17    0.0041871  -0.00757662
  18    0.0042120  -0.00764720
  19    0.0011295  -0.00385299
  20    0.0000014  -0.00000521
  21    0.0006006  -0.00159814
  22    0.0005921  -0.00137391
  23    0.0009749  -0.00225121
  24    0.0010778  -0.00332895
  25    0.0000011  -0.00000405
  26    0.0003661  -0.00090426
  27    0.0003248  -0.00087653
  28    0.0001793  -0.00053521
  29    0.0006745  -0.00181583
  30    0.0000008  -0.00005818
  31    0.0002787  -0.00073428
  32    0.0002671  -0.00073628
  33    0.0001667  -0.00065416
  34    0.0006426  -0.00168437
  35    0.0000001  -0.00000201
  36    0.0001041  -0.00033571
  37    0.0001573  -0.00054519
  38    0.0001370  -0.00047924
  39    0.0006065  -0.00282836
  40    0.0000000  -0.00000079
  41    0.0000810  -0.00026762
  42    0.0001002  -0.00034567
  43    0.0001039  -0.00033499
  44    0.0003304  -0.00122266
  45    0.0000000  -0.00000069
  46    0.0000543  -0.00018045
  47    0.0000796  -0.00026370
  48    0.0000818  -0.00027083
  49    0.0003276  -0.00102866
  50    0.0000000  -0.00000044
  51    0.0000515  -0.00017650
  52    0.0000603  -0.00020229
  53    0.0000527  -0.00017233
  54    0.0000642  -0.00023024
  55    0.0000000  -0.00000044
  56    0.0000408  -0.00014895
  57    0.0000526  -0.00017408
  58    0.0000405  -0.00015026
  59    0.0000415  -0.00016233
  60    0.0000000  -0.00000041
  61    0.0000257  -0.00010922
  62    0.0000358  -0.00013655
  63    0.0000272  -0.00011974
  64    0.0000305  -0.00013756
  65    0.0000000  -0.00000036
  66    0.0000201  -0.00009360
  67    0.0000323  -0.00011884
  68    0.0000248  -0.00010915
  69    0.0000196  -0.00009180
  70    0.0000000  -0.00000038
  71    0.0000132  -0.00006188
  72    0.0000294  -0.00011225
  73    0.0000126  -0.00005307
  74    0.0000175  -0.00008632
  75    0.0000000  -0.00000034
  76    0.0000120  -0.00005460
  77    0.0000173  -0.00007438
  78    0.0000109  -0.00005207
  79    0.0000166  -0.00008451
  80    0.0000000  -0.00000029
  81    0.0000110  -0.00004828
  82    0.0000134  -0.00004996
  83    0.0000101  -0.00004291
  84    0.0000125  -0.00006858
  85    0.0000000  -0.00000029
  86    0.0000084  -0.00004212
  87    0.0000093  -0.00004347
  88    0.0000099  -0.00003909
  89    0.0000102  -0.00005862
  90    0.0000000  -0.00000030
  91    0.0000077  -0.00003771
  92    0.0000072  -0.00003625
  93    0.0000076  -0.00003606
  94    0.0000093  -0.00005129
  95    0.0000000  -0.00000024
  96    0.0000057  -0.00003090
  97    0.0000066  -0.00003178
  98    0.0000042  -0.00001654
  99    0.0000058  -0.00004907
 100    0.0000000  -0.00000025
 101    0.0000040  -0.00001681
 102    0.0000050  -0.00002342
 103    0.0000035  -0.00000960
 104    0.0000043  -0.00002949
 105    0.0000000  -0.00000019
 106    0.0000035  -0.00001311
 107    0.0000048  -0.00002022
 108    0.0000034  -0.00000883
 109    0.0000042  -0.00002732
 110    0.0000000  -0.00000019
 111    0.0000027  -0.00000486
 112    0.0000042  -0.00001579
 113    0.0000029  -0.00000672
 114    0.0000034  -0.00001872
 115    0.0000000  -0.00000020
 116    0.0000021  -0.00000251
 117    0.0000036  -0.00000940
 118    0.0000028  -0.00000409
 119    0.0000028  -0.00001732
 120    0.0000000  -0.00000022
 121    0.0000019  -0.00000244
 122    0.0000027  -0.00000374
 123    0.0000026  -0.00000458
 124    0.0000027  -0.00001410
 125    0.0000000  -0.00000019
 126    0.0000017  -0.00000189
 127    0.0000025  -0.00000430
 128    0.0000024  -0.00000416
 129    0.0000024  -0.00000896
 130    0.0000000  -0.00000013
 131    0.0000015  -0.00000113
 132    0.0000021  -0.00000186
 133    0.0000023  -0.00000312
 134    0.0000023  -0.00000849
 135    0.0000000  -0.00000017
 136    0.0000013  -0.00000094
 137    0.0000018  -0.00000190
 138    0.0000018  -0.00000221
 139    0.0000021  -0.00000614
 140    0.0000000  -0.00000017
 141    0.0000012  -0.00000086
 142    0.0000014  -0.00000075
 143    0.0000015  -0.00000062
 144    0.0000021  -0.00000550
 145    0.0000000  -0.00000012
 
----------------
 Final Energies 
----------------
Final NOF Total Energy =     -56.5019502
 
Total Orbital Internal Iterations = 10
Total Occupation Internal Iterations = 0
 
Elapsed time:   29.31 Seconds

---------------------------------
   Lowdin Population Analysis    
---------------------------------
 Idx  Atom   Population   Charge 
---------------------------------
  1     N     6.471       0.529
  2     H     1.198      -0.198
  3     H     1.198      -0.198
  4     H     1.133      -0.133

---------------------------------
   M Diagnostic: 0.02
---------------------------------

