Computing Integrals
Basis Set                                            = def2-qzvp
Auxiliary Basis Set                                  = def2-universal-jkfit
Gaussian Type                                        = Spherical
Elapsed time:    2.11 Seconds

Number of basis functions                   (NBF)    = 113
Number of auxiliary basis functions         (NBFAUX) = 237
Inactive Doubly occupied orbitals up to     (NO1)    = 0
No. considered Strongly Doubly occupied MOs (NDOC)   = 14
No. considered Strongly Singly occupied MOs (NSOC)   = 0
NO. of Weakly occ. per St. Doubly occ.  MOs (NCWO)   = 7
Dimension of the Nat. Orb. subspace         (NBF5)   = 112
No. of electrons                                     = 28
    No. of alpha electrons                           = 14
    No. of beta electrons                            = 14
Multiplicity                                         = 1

Geometry
========
 K       0.0000000       0.0000000      -1.0888710
 F       0.0000000       0.0000000       1.0888710

Orthonormality violations 105, Maximum Violation 0.000004
Trying to orthonormalize
No violations of the orthonormality
No violations of the orthonormality
 
PNOF8/ADABelief Calculation
==================
 
  Nitext  Nit_orb  Time   Nit_occ  Time         Eelec          Etot           Ediff      maxdiff    MaxGrad_orb  Grad_occ
     1      10    9.8e+00    0    1.2e+01  -740.87389561  -699.32208759 -10739.87389561   0.000100   4.0e-04   1.6e-04 0.02
 
RESULTS OF THE OCCUPATION OPTIMIZATION
========================================
   1    1.9999996  -133.49493167
   2    1.9999872  -25.05744217
   3    1.9999733  -15.56634932
   4    1.9999354  -11.49766876
   5    1.9999680  -11.49761244
   6    1.9999560  -11.49759031
   7    1.9918397  -1.73814770
   8    1.9888142  -1.30572105
   9    1.9780350  -0.94893338
  10    1.9715335  -0.94754813
  11    1.9726728  -0.92601471
  12    1.9780446  -0.54410004
  13    1.9783550  -0.46824524
  14    1.9750656  -0.46805195
  15    0.0124288  -0.02197520
  16    0.0145620  -0.02372363
  17    0.0164820  -0.02996281
  18    0.0122424  -0.02355007
  19    0.0126936  -0.02410528
  20    0.0168503  -0.02761615
  21    0.0082454  -0.02330567
  22    0.0073331  -0.03258609
  23    0.0000097  -0.00117050
  24    0.0000064  -0.00015517
  25    0.0000549  -0.00373862
  26    0.0000070  -0.00011896
  27    0.0000120  -0.00054641
  28    0.0000002  -0.00001603
  29    0.0039813  -0.00926808
  30    0.0044661  -0.00983884
  31    0.0039464  -0.00943632
  32    0.0116715  -0.02287868
  33    0.0121028  -0.02313277
  34    0.0040540  -0.00713549
  35    0.0009246  -0.00874120
  36    0.0006188  -0.00902648
  37    0.0000070  -0.00011635
  38    0.0000057  -0.00010259
  39    0.0000033  -0.00006728
  40    0.0000047  -0.00009410
  41    0.0000007  -0.00002612
  42    0.0000001  -0.00000017
  43    0.0038879  -0.00912693
  44    0.0010219  -0.00344297
  45    0.0005956  -0.00212690
  46    0.0021960  -0.00573002
  47    0.0028380  -0.00574894
  48    0.0007045  -0.00186415
  49    0.0009122  -0.00372972
  50    0.0001258  -0.00246660
  51    0.0000068  -0.00011536
  52    0.0000056  -0.00009874
  53    0.0000020  -0.00001675
  54    0.0000046  -0.00009052
  55    0.0000000  -0.00000012
  56    0.0000000  -0.00000001
  57    0.0037393  -0.00887927
  58    0.0007948  -0.00292566
  59    0.0003077  -0.00118133
  60    0.0005619  -0.00164241
  61    0.0006136  -0.00175666
  62    0.0001173  -0.00032555
  63    0.0002948  -0.00126403
  64    0.0000254  -0.00034449
  65    0.0000064  -0.00011072
  66    0.0000048  -0.00009207
  67    0.0000017  -0.00001368
  68    0.0000044  -0.00008904
  69    0.0000000  -0.00000006
  70    0.0000000  -0.00000001
  71    0.0003451  -0.00114263
  72    0.0003537  -0.00122373
  73    0.0003036  -0.00114582
  74    0.0005539  -0.00165613
  75    0.0000863  -0.00019317
  76    0.0001104  -0.00022902
  77    0.0002748  -0.00117446
  78    0.0000210  -0.00017728
  79    0.0000063  -0.00010443
  80    0.0000045  -0.00008907
  81    0.0000013  -0.00001154
  82    0.0000040  -0.00008602
  83    0.0000000  -0.00000004
  84    0.0000000  -0.00000000
  85    0.0002826  -0.00106287
  86    0.0003133  -0.00113889
  87    0.0003006  -0.00113453
  88    0.0000788  -0.00016989
  89    0.0000799  -0.00017418
  90    0.0001069  -0.00028282
  91    0.0002671  -0.00115580
  92    0.0000186  -0.00017319
  93    0.0000060  -0.00010267
  94    0.0000033  -0.00006743
  95    0.0000009  -0.00000325
  96    0.0000011  -0.00000467
  97    0.0000000  -0.00000005
  98    0.0000000  -0.00000000
  99    0.0002694  -0.00102386
 100    0.0001333  -0.00036182
 101    0.0000196  -0.00016182
 102    0.0000226  -0.00009917
 103    0.0000522  -0.00014545
 104    0.0000215  -0.00013811
 105    0.0002669  -0.00128246
 106    0.0000177  -0.00017086
 107    0.0000018  -0.00001669
 108    0.0000017  -0.00001383
 109    0.0000006  -0.00001851
 110    0.0000010  -0.00000413
 111    0.0000000  -0.00000002
 112    0.0000000  -0.00000000
 
----------------
 Final Energies 
----------------
Final NOF Total Energy =    -699.3220876
 
Total Orbital Internal Iterations = 10
Total Occupation Internal Iterations = 0
 
Elapsed time:   28.89 Seconds

---------------------------------
   Lowdin Population Analysis    
---------------------------------
 Idx  Atom   Population   Charge 
---------------------------------
  1     K    18.424       0.576
  2     F     9.576      -0.576

---------------------------------
   M Diagnostic: 0.02
---------------------------------

