Computing Integrals
Basis Set                                            = def2-qzvp
Auxiliary Basis Set                                  = def2-universal-jkfit
Gaussian Type                                        = Spherical
Elapsed time:    1.51 Seconds

Number of basis functions                   (NBF)    = 57
Number of auxiliary basis functions         (NBFAUX) = 77
Inactive Doubly occupied orbitals up to     (NO1)    = 0
No. considered Strongly Doubly occupied MOs (NDOC)   = 4
No. considered Strongly Singly occupied MOs (NSOC)   = 1
NO. of Weakly occ. per St. Doubly occ.  MOs (NCWO)   = 13
Dimension of the Nat. Orb. subspace         (NBF5)   = 57
No. of electrons                                     = 9
    No. of alpha electrons                           = 5
    No. of beta electrons                            = 4
Multiplicity                                         = 2

Geometry
========
 F       0.0000000       0.0000000       0.0000000

No violations of the orthonormality
No violations of the orthonormality
 
PNOF8/ADABelief Calculation
==================
 
  Nitext  Nit_orb  Time   Nit_occ  Time         Eelec          Etot           Ediff      maxdiff    MaxGrad_orb  Grad_occ
     1      10    8.9e+00    0    1.2e+01   -99.66504485   -99.66504485 -10098.66504485   0.000100   4.0e-04   1.4e-04 0.02
 
RESULTS OF THE OCCUPATION OPTIMIZATION
========================================
   1    1.9999575  -26.42971931
   2    1.9856569  -1.59459601
   3    1.9792916  -0.75921757
   4    1.9804005  -0.75921652
   5    1.0000000  -0.44633638
   6    0.0101404  -0.02027498
   7    0.0100278  -0.02018535
   8    0.0073768  -0.02370631
   9    0.0000266  -0.00133430
  10    0.0046440  -0.01087446
  11    0.0047075  -0.01086065
  12    0.0025600  -0.00762848
  13    0.0000039  -0.00008310
  14    0.0032489  -0.00795855
  15    0.0042961  -0.01059856
  16    0.0023342  -0.00693759
  17    0.0000022  -0.00006470
  18    0.0005427  -0.00517000
  19    0.0007314  -0.00274148
  20    0.0006302  -0.00309095
  21    0.0000018  -0.00005916
  22    0.0002854  -0.00113322
  23    0.0002480  -0.00096040
  24    0.0003966  -0.00159276
  25    0.0000017  -0.00005700
  26    0.0002383  -0.00093697
  27    0.0002160  -0.00086251
  28    0.0002808  -0.00122058
  29    0.0000011  -0.00004479
  30    0.0002154  -0.00080775
  31    0.0002100  -0.00084485
  32    0.0002750  -0.00129147
  33    0.0000011  -0.00004345
  34    0.0001987  -0.00077716
  35    0.0001947  -0.00077995
  36    0.0002626  -0.00118065
  37    0.0000010  -0.00004126
  38    0.0000198  -0.00014192
  39    0.0000173  -0.00011974
  40    0.0001567  -0.00081061
  41    0.0000009  -0.00006727
  42    0.0000184  -0.00014158
  43    0.0000161  -0.00011581
  44    0.0000193  -0.00015173
  45    0.0000008  -0.00001213
  46    0.0000170  -0.00012764
  47    0.0000158  -0.00011120
  48    0.0000185  -0.00014548
  49    0.0000007  -0.00001079
  50    0.0000160  -0.00012919
  51    0.0000142  -0.00010756
  52    0.0000165  -0.00011278
  53    0.0000006  -0.00000583
  54    0.0000145  -0.00012257
  55    0.0000136  -0.00009589
  56    0.0000158  -0.00011075
  57    0.0000002  -0.00002768
 
----------------
 Final Energies 
----------------
Final NOF Total Energy =     -99.6650449
 
Total Orbital Internal Iterations = 10
Total Occupation Internal Iterations = 0
 
Elapsed time:   26.57 Seconds

---------------------------------
   Lowdin Population Analysis    
---------------------------------
 Idx  Atom   Population   Charge 
---------------------------------
  1     F     9.000      -0.000

---------------------------------
   M Diagnostic: 0.02
---------------------------------

