Computing Integrals
Basis Set                                            = def2-qzvp
Auxiliary Basis Set                                  = def2-universal-jkfit
Gaussian Type                                        = Spherical
Elapsed time:    1.64 Seconds

Number of basis functions                   (NBF)    = 56
Number of auxiliary basis functions         (NBFAUX) = 160
Inactive Doubly occupied orbitals up to     (NO1)    = 0
No. considered Strongly Doubly occupied MOs (NDOC)   = 9
No. considered Strongly Singly occupied MOs (NSOC)   = 1
NO. of Weakly occ. per St. Doubly occ.  MOs (NCWO)   = 5
Dimension of the Nat. Orb. subspace         (NBF5)   = 55
No. of electrons                                     = 19
    No. of alpha electrons                           = 10
    No. of beta electrons                            = 9
Multiplicity                                         = 2

Geometry
========
 K       0.0000000       0.0000000       0.0000000

No violations of the orthonormality
No violations of the orthonormality
 
PNOF8/ADABelief Calculation
==================
 
  Nitext  Nit_orb  Time   Nit_occ  Time         Eelec          Etot           Ediff      maxdiff    MaxGrad_orb  Grad_occ
     1      10    8.9e+00    0    1.2e+01  -599.48060996  -599.48060996 -10598.48060996   0.000966   3.9e-03   1.5e-04 0.02
 
RESULTS OF THE OCCUPATION OPTIMIZATION
========================================
   1    1.9999996  -133.30495331
   2    1.9999968  -14.77983700
   3    1.9999793  -11.53357893
   4    1.9999862  -11.53345634
   5    1.9998835  -11.53304478
   6    1.9851925  -1.76903473
   7    1.9793046  -0.97924892
   8    1.9756812  -0.97669029
   9    1.9721298  -0.97656637
  10    1.0000000  -0.07647224
  11    0.0137300  -0.02530804
  12    0.0153437  -0.02688303
  13    0.0145856  -0.02642899
  14    0.0083933  -0.02134407
  15    0.0000992  -0.00537723
  16    0.0000121  -0.00080411
  17    0.0000175  -0.00126006
  18    0.0000031  -0.00002689
  19    0.0000002  -0.00000210
  20    0.0133252  -0.02470250
  21    0.0039786  -0.00720994
  22    0.0039293  -0.00729540
  23    0.0062080  -0.03249020
  24    0.0000099  -0.00008025
  25    0.0000006  -0.00001127
  26    0.0000014  -0.00001819
  27    0.0000000  -0.00000064
  28    0.0000000  -0.00000097
  29    0.0006125  -0.00168094
  30    0.0036537  -0.00672296
  31    0.0007922  -0.00888892
  32    0.0000816  -0.00020681
  33    0.0000040  -0.00015560
  34    0.0000005  -0.00001006
  35    0.0000008  -0.00001273
  36    0.0000000  -0.00000012
  37    0.0000000  -0.00000088
  38    0.0001035  -0.00021509
  39    0.0006844  -0.00186233
  40    0.0006958  -0.00191982
  41    0.0000625  -0.00018254
  42    0.0000022  -0.00002274
  43    0.0000004  -0.00000271
  44    0.0000005  -0.00001059
  45    0.0000000  -0.00000001
  46    0.0000000  -0.00000051
  47    0.0000989  -0.00021114
  48    0.0006584  -0.00192968
  49    0.0006925  -0.00189891
  50    0.0000622  -0.00018225
  51    0.0000011  -0.00001540
  52    0.0000003  -0.00000244
  53    0.0000005  -0.00000456
  54    0.0000000  -0.00000001
  55    0.0000000  -0.00000044
 
----------------
 Final Energies 
----------------
Final NOF Total Energy =    -599.4806100
 
Total Orbital Internal Iterations = 10
Total Occupation Internal Iterations = 0
 
Elapsed time:   26.64 Seconds

---------------------------------
   Lowdin Population Analysis    
---------------------------------
 Idx  Atom   Population   Charge 
---------------------------------
  1     K    19.000      -0.000

---------------------------------
   M Diagnostic: 0.02
---------------------------------

