Computing Integrals
Basis Set                                            = def2-qzvp
Auxiliary Basis Set                                  = def2-universal-jkfit
Gaussian Type                                        = Spherical
Elapsed time:    2.76 Seconds

Number of basis functions                   (NBF)    = 117
Number of auxiliary basis functions         (NBFAUX) = 113
Inactive Doubly occupied orbitals up to     (NO1)    = 0
No. considered Strongly Doubly occupied MOs (NDOC)   = 4
No. considered Strongly Singly occupied MOs (NSOC)   = 1
NO. of Weakly occ. per St. Doubly occ.  MOs (NCWO)   = 28
Dimension of the Nat. Orb. subspace         (NBF5)   = 117
No. of electrons                                     = 9
    No. of alpha electrons                           = 5
    No. of beta electrons                            = 4
Multiplicity                                         = 2

Geometry
========
 N       0.0000000       0.0000000       0.4242463
 H      -0.8023121       0.0000000      -0.2121232
 H       0.8023121       0.0000000      -0.2121232

Orthonormality violations 3694, Maximum Violation 0.000030
Trying to orthonormalize
No violations of the orthonormality
No violations of the orthonormality
 
PNOF8/ADABelief Calculation
==================
 
  Nitext  Nit_orb  Time   Nit_occ  Time         Eelec          Etot           Ediff      maxdiff    MaxGrad_orb  Grad_occ
     1      10    2.2e+01    0    2.6e+01   -63.38809187   -55.82380723 -10062.38809187   0.000097   3.9e-04   1.7e-04 0.03
 
RESULTS OF THE OCCUPATION OPTIMIZATION
========================================
   1    1.9999599  -15.59917044
   2    1.9807167  -0.91551228
   3    1.9698219  -0.69836404
   4    1.9697666  -0.69517602
   5    1.0000000  -0.27246527
   6    0.0200346  -0.02690512
   7    0.0202328  -0.02708339
   8    0.0077043  -0.01606340
   9    0.0000338  -0.00096889
  10    0.0040609  -0.00683054
  11    0.0043643  -0.00729202
  12    0.0033441  -0.00663904
  13    0.0000023  -0.00005406
  14    0.0038227  -0.00661301
  15    0.0039184  -0.00678866
  16    0.0030429  -0.00619720
  17    0.0000015  -0.00000836
  18    0.0005946  -0.00177495
  19    0.0006422  -0.00191225
  20    0.0011570  -0.00349290
  21    0.0000012  -0.00000531
  22    0.0003973  -0.00102806
  23    0.0002496  -0.00067461
  24    0.0011154  -0.00523138
  25    0.0000008  -0.00005111
  26    0.0003357  -0.00086598
  27    0.0001906  -0.00052692
  28    0.0007118  -0.00190888
  29    0.0000000  -0.00000134
  30    0.0002655  -0.00069211
  31    0.0001438  -0.00044768
  32    0.0005998  -0.00181544
  33    0.0000000  -0.00000070
  34    0.0001855  -0.00052048
  35    0.0000841  -0.00028708
  36    0.0004869  -0.00126576
  37    0.0000000  -0.00000060
  38    0.0001733  -0.00051247
  39    0.0000721  -0.00023415
  40    0.0003837  -0.00103455
  41    0.0000000  -0.00000060
  42    0.0000933  -0.00033132
  43    0.0000600  -0.00020566
  44    0.0002371  -0.00081546
  45    0.0000000  -0.00000057
  46    0.0000489  -0.00016572
  47    0.0000484  -0.00015733
  48    0.0001553  -0.00085223
  49    0.0000000  -0.00000050
  50    0.0000427  -0.00014030
  51    0.0000392  -0.00014267
  52    0.0000942  -0.00033462
  53    0.0000000  -0.00000043
  54    0.0000379  -0.00013591
  55    0.0000269  -0.00011246
  56    0.0000565  -0.00021121
  57    0.0000000  -0.00000047
  58    0.0000311  -0.00012011
  59    0.0000159  -0.00006788
  60    0.0000387  -0.00014295
  61    0.0000000  -0.00000038
  62    0.0000160  -0.00006608
  63    0.0000134  -0.00006569
  64    0.0000373  -0.00014162
  65    0.0000000  -0.00000038
  66    0.0000139  -0.00006944
  67    0.0000133  -0.00006821
  68    0.0000196  -0.00009032
  69    0.0000000  -0.00000039
  70    0.0000133  -0.00005707
  71    0.0000105  -0.00005445
  72    0.0000164  -0.00007661
  73    0.0000000  -0.00000035
  74    0.0000111  -0.00005112
  75    0.0000090  -0.00004063
  76    0.0000151  -0.00007577
  77    0.0000000  -0.00000034
  78    0.0000105  -0.00004413
  79    0.0000078  -0.00003502
  80    0.0000140  -0.00007002
  81    0.0000000  -0.00000031
  82    0.0000088  -0.00004068
  83    0.0000062  -0.00003041
  84    0.0000118  -0.00006816
  85    0.0000000  -0.00000032
  86    0.0000087  -0.00003808
  87    0.0000056  -0.00002952
  88    0.0000102  -0.00005045
  89    0.0000000  -0.00000023
  90    0.0000069  -0.00003287
  91    0.0000055  -0.00002111
  92    0.0000094  -0.00004732
  93    0.0000000  -0.00000023
  94    0.0000045  -0.00001711
  95    0.0000042  -0.00001364
  96    0.0000054  -0.00003300
  97    0.0000000  -0.00000021
  98    0.0000038  -0.00000986
  99    0.0000039  -0.00001190
 100    0.0000043  -0.00002271
 101    0.0000000  -0.00000021
 102    0.0000037  -0.00000822
 103    0.0000036  -0.00000797
 104    0.0000039  -0.00001681
 105    0.0000000  -0.00000017
 106    0.0000031  -0.00000563
 107    0.0000029  -0.00000656
 108    0.0000033  -0.00001511
 109    0.0000000  -0.00000017
 110    0.0000028  -0.00000577
 111    0.0000026  -0.00000486
 112    0.0000028  -0.00000776
 113    0.0000000  -0.00000014
 114    0.0000022  -0.00000300
 115    0.0000012  -0.00000284
 116    0.0000021  -0.00000449
 117    0.0000000  -0.00000019
 
----------------
 Final Energies 
----------------
Final NOF Total Energy =     -55.8238072
 
Total Orbital Internal Iterations = 10
Total Occupation Internal Iterations = 0
 
Elapsed time:   65.88 Seconds

---------------------------------
   Lowdin Population Analysis    
---------------------------------
 Idx  Atom   Population   Charge 
---------------------------------
  1     N     6.510       0.490
  2     H     1.245      -0.245
  3     H     1.245      -0.245

---------------------------------
   M Diagnostic: 0.03
---------------------------------

