Computing Integrals
Basis Set                                            = def2-qzvp
Auxiliary Basis Set                                  = def2-universal-jkfit
Gaussian Type                                        = Spherical
Elapsed time:    2.88 Seconds

Number of basis functions                   (NBF)    = 177
Number of auxiliary basis functions         (NBFAUX) = 147
Inactive Doubly occupied orbitals up to     (NO1)    = 0
No. considered Strongly Doubly occupied MOs (NDOC)   = 5
No. considered Strongly Singly occupied MOs (NSOC)   = 0
NO. of Weakly occ. per St. Doubly occ.  MOs (NCWO)   = 34
Dimension of the Nat. Orb. subspace         (NBF5)   = 175
No. of electrons                                     = 10
    No. of alpha electrons                           = 5
    No. of beta electrons                            = 5
Multiplicity                                         = 1

Geometry
========
 C       0.0000000       0.0000000       0.0000000
 H       0.6278371      -0.6278371       0.6278371
 H      -0.6278371       0.6278371       0.6278371
 H      -0.6278371      -0.6278371      -0.6278371
 H       0.6278371       0.6278371      -0.6278371

No violations of the orthonormality
No violations of the orthonormality
 
PNOF8/ADABelief Calculation
==================
 
  Nitext  Nit_orb  Time   Nit_occ  Time         Eelec          Etot           Ediff      maxdiff    MaxGrad_orb  Grad_occ
     1      10    2.4e+01    0    2.5e+01   -53.93484252   -40.46792213 -10052.93484252   0.000628   2.5e-03   1.2e-04 0.02
 
RESULTS OF THE OCCUPATION OPTIMIZATION
========================================
   1    1.9999084  -11.21573005
   2    1.9766137  -0.69447460
   3    1.9745376  -0.66710545
   4    1.9744656  -0.66546487
   5    1.9723775  -0.64821746
   6    0.0157613  -0.02056363
   7    0.0164704  -0.02126442
   8    0.0163615  -0.02133959
   9    0.0146521  -0.02040846
  10    0.0000857  -0.00184684
  11    0.0047729  -0.00706761
  12    0.0048810  -0.00717740
  13    0.0045077  -0.00687694
  14    0.0042875  -0.00681476
  15    0.0000021  -0.00006762
  16    0.0043059  -0.00658241
  17    0.0012058  -0.00250048
  18    0.0019805  -0.00385906
  19    0.0011421  -0.00494433
  20    0.0000012  -0.00000408
  21    0.0010995  -0.00235555
  22    0.0011437  -0.00240958
  23    0.0011325  -0.00231286
  24    0.0011175  -0.00269155
  25    0.0000012  -0.00000466
  26    0.0005432  -0.00116811
  27    0.0005916  -0.00124300
  28    0.0005417  -0.00122103
  29    0.0010802  -0.00240218
  30    0.0000011  -0.00003837
  31    0.0002995  -0.00071986
  32    0.0003209  -0.00075243
  33    0.0002632  -0.00062184
  34    0.0003151  -0.00077866
  35    0.0000000  -0.00000065
  36    0.0002533  -0.00060533
  37    0.0002755  -0.00068058
  38    0.0001136  -0.00030100
  39    0.0002855  -0.00072054
  40    0.0000000  -0.00000042
  41    0.0001017  -0.00027308
  42    0.0002324  -0.00057155
  43    0.0001064  -0.00028104
  44    0.0001103  -0.00028527
  45    0.0000000  -0.00000041
  46    0.0000994  -0.00026950
  47    0.0001005  -0.00026769
  48    0.0001051  -0.00028617
  49    0.0001017  -0.00027928
  50    0.0000000  -0.00000037
  51    0.0000932  -0.00026814
  52    0.0000621  -0.00017498
  53    0.0000676  -0.00017878
  54    0.0000532  -0.00016624
  55    0.0000000  -0.00000036
  56    0.0000572  -0.00016487
  57    0.0000526  -0.00016714
  58    0.0000547  -0.00016820
  59    0.0000492  -0.00016397
  60    0.0000000  -0.00000033
  61    0.0000505  -0.00013929
  62    0.0000411  -0.00013844
  63    0.0000485  -0.00015524
  64    0.0000451  -0.00014698
  65    0.0000000  -0.00000034
  66    0.0000314  -0.00010432
  67    0.0000274  -0.00009838
  68    0.0000413  -0.00013788
  69    0.0000302  -0.00011047
  70    0.0000000  -0.00000033
  71    0.0000311  -0.00010553
  72    0.0000253  -0.00009316
  73    0.0000311  -0.00010764
  74    0.0000227  -0.00008834
  75    0.0000000  -0.00000034
  76    0.0000243  -0.00009011
  77    0.0000240  -0.00010098
  78    0.0000186  -0.00007586
  79    0.0000180  -0.00007737
  80    0.0000000  -0.00000025
  81    0.0000195  -0.00007946
  82    0.0000119  -0.00004499
  83    0.0000128  -0.00004776
  84    0.0000119  -0.00004758
  85    0.0000000  -0.00000021
  86    0.0000109  -0.00004045
  87    0.0000104  -0.00004272
  88    0.0000114  -0.00004236
  89    0.0000103  -0.00004210
  90    0.0000000  -0.00000021
  91    0.0000095  -0.00003839
  92    0.0000094  -0.00003987
  93    0.0000111  -0.00004435
  94    0.0000089  -0.00003928
  95    0.0000000  -0.00000022
  96    0.0000080  -0.00003570
  97    0.0000076  -0.00005307
  98    0.0000079  -0.00004190
  99    0.0000089  -0.00003920
 100    0.0000000  -0.00000020
 101    0.0000068  -0.00003103
 102    0.0000058  -0.00002892
 103    0.0000061  -0.00003012
 104    0.0000055  -0.00002963
 105    0.0000000  -0.00000021
 106    0.0000065  -0.00002819
 107    0.0000053  -0.00002546
 108    0.0000056  -0.00002923
 109    0.0000051  -0.00002470
 110    0.0000000  -0.00000012
 111    0.0000060  -0.00002702
 112    0.0000042  -0.00001985
 113    0.0000045  -0.00002125
 114    0.0000038  -0.00001731
 115    0.0000000  -0.00000013
 116    0.0000049  -0.00001867
 117    0.0000035  -0.00001061
 118    0.0000042  -0.00001697
 119    0.0000029  -0.00000984
 120    0.0000000  -0.00000013
 121    0.0000044  -0.00001554
 122    0.0000033  -0.00001111
 123    0.0000039  -0.00001070
 124    0.0000026  -0.00000761
 125    0.0000000  -0.00000012
 126    0.0000036  -0.00000860
 127    0.0000033  -0.00000968
 128    0.0000032  -0.00001059
 129    0.0000024  -0.00000683
 130    0.0000000  -0.00000012
 131    0.0000036  -0.00000742
 132    0.0000030  -0.00000876
 133    0.0000031  -0.00000671
 134    0.0000022  -0.00000730
 135    0.0000000  -0.00000012
 136    0.0000025  -0.00000363
 137    0.0000022  -0.00000674
 138    0.0000026  -0.00000623
 139    0.0000021  -0.00000641
 140    0.0000000  -0.00000011
 141    0.0000024  -0.00000602
 142    0.0000018  -0.00000404
 143    0.0000025  -0.00000641
 144    0.0000017  -0.00000277
 145    0.0000000  -0.00000012
 146    0.0000019  -0.00000263
 147    0.0000017  -0.00000125
 148    0.0000020  -0.00000622
 149    0.0000015  -0.00000170
 150    0.0000000  -0.00000010
 151    0.0000018  -0.00000153
 152    0.0000016  -0.00000126
 153    0.0000020  -0.00000483
 154    0.0000015  -0.00000141
 155    0.0000000  -0.00000008
 156    0.0000015  -0.00000118
 157    0.0000015  -0.00000089
 158    0.0000016  -0.00000169
 159    0.0000014  -0.00000070
 160    0.0000000  -0.00000006
 161    0.0000015  -0.00000136
 162    0.0000014  -0.00000141
 163    0.0000015  -0.00000149
 164    0.0000013  -0.00000121
 165    0.0000000  -0.00000008
 166    0.0000014  -0.00000051
 167    0.0000012  -0.00000065
 168    0.0000013  -0.00000114
 169    0.0000012  -0.00000106
 170    0.0000000  -0.00000006
 171    0.0000013  -0.00000046
 172    0.0000009  -0.00000090
 173    0.0000012  -0.00000084
 174    0.0000011  -0.00000068
 175    0.0000000  -0.00000007
 
----------------
 Final Energies 
----------------
Final NOF Total Energy =     -40.4679221
 
Total Orbital Internal Iterations = 10
Total Occupation Internal Iterations = 0
 
Elapsed time:   64.62 Seconds

---------------------------------
   Lowdin Population Analysis    
---------------------------------
 Idx  Atom   Population   Charge 
---------------------------------
  1     C     5.695       0.305
  2     H     1.076      -0.076
  3     H     1.076      -0.076
  4     H     1.076      -0.076
  5     H     1.076      -0.076

---------------------------------
   M Diagnostic: 0.02
---------------------------------

