Computing Integrals
Basis Set                                            = def2-qzvp
Auxiliary Basis Set                                  = def2-universal-jkfit
Gaussian Type                                        = Spherical
Elapsed time:    1.71 Seconds

Number of basis functions                   (NBF)    = 87
Number of auxiliary basis functions         (NBFAUX) = 95
Inactive Doubly occupied orbitals up to     (NO1)    = 0
No. considered Strongly Doubly occupied MOs (NDOC)   = 5
No. considered Strongly Singly occupied MOs (NSOC)   = 0
NO. of Weakly occ. per St. Doubly occ.  MOs (NCWO)   = 16
Dimension of the Nat. Orb. subspace         (NBF5)   = 85
No. of electrons                                     = 10
    No. of alpha electrons                           = 5
    No. of beta electrons                            = 5
Multiplicity                                         = 1

Geometry
========
 F       0.0000000       0.0000000       0.4576912
 H       0.0000000       0.0000000      -0.4576912

Orthonormality violations 1321, Maximum Violation 0.000049
Trying to orthonormalize
No violations of the orthonormality
No violations of the orthonormality
 
PNOF8/ADABelief Calculation
==================
 
  Nitext  Nit_orb  Time   Nit_occ  Time         Eelec          Etot           Ediff      maxdiff    MaxGrad_orb  Grad_occ
     1      10    9.1e+00    0    1.2e+01  -105.58657754  -100.38374109 -10104.58657754   0.000098   3.9e-04   1.3e-04 0.02
 
RESULTS OF THE OCCUPATION OPTIMIZATION
========================================
   1    1.9999891  -26.34100843
   2    1.9878779  -1.57593884
   3    1.9743480  -0.88070137
   4    1.9816741  -0.69881021
   5    1.9793409  -0.69788146
   6    0.0105076  -0.02090393
   7    0.0111927  -0.02153257
   8    0.0209438  -0.03698399
   9    0.0066865  -0.02281498
  10    0.0000095  -0.00043738
  11    0.0040924  -0.01026601
  12    0.0043725  -0.01018965
  13    0.0036510  -0.00911345
  14    0.0031031  -0.00961052
  15    0.0000006  -0.00000525
  16    0.0040542  -0.01018865
  17    0.0008359  -0.00303670
  18    0.0002809  -0.00111014
  19    0.0007042  -0.00309042
  20    0.0000005  -0.00005282
  21    0.0012569  -0.00489822
  22    0.0006380  -0.00494118
  23    0.0002771  -0.00109839
  24    0.0004833  -0.00202775
  25    0.0000001  -0.00000201
  26    0.0002676  -0.00104254
  27    0.0004323  -0.00144527
  28    0.0002430  -0.00091739
  29    0.0003702  -0.00149036
  30    0.0000000  -0.00000114
  31    0.0002574  -0.00098717
  32    0.0003217  -0.00121724
  33    0.0001067  -0.00045097
  34    0.0002562  -0.00119206
  35    0.0000000  -0.00000090
  36    0.0000744  -0.00031555
  37    0.0003105  -0.00117879
  38    0.0000354  -0.00011891
  39    0.0002529  -0.00118379
  40    0.0000000  -0.00000063
  41    0.0000374  -0.00017430
  42    0.0000957  -0.00042501
  43    0.0000269  -0.00012847
  44    0.0001010  -0.00169641
  45    0.0000000  -0.00000058
  46    0.0000299  -0.00016914
  47    0.0000270  -0.00017126
  48    0.0000225  -0.00015377
  49    0.0000615  -0.00032467
  50    0.0000000  -0.00000049
  51    0.0000190  -0.00011013
  52    0.0000263  -0.00015927
  53    0.0000179  -0.00015429
  54    0.0000188  -0.00013070
  55    0.0000000  -0.00000054
  56    0.0000164  -0.00011447
  57    0.0000186  -0.00012890
  58    0.0000146  -0.00012505
  59    0.0000187  -0.00013066
  60    0.0000000  -0.00000048
  61    0.0000134  -0.00009122
  62    0.0000171  -0.00012657
  63    0.0000135  -0.00012137
  64    0.0000169  -0.00012503
  65    0.0000000  -0.00000039
  66    0.0000121  -0.00004664
  67    0.0000145  -0.00010312
  68    0.0000070  -0.00003491
  69    0.0000168  -0.00012987
  70    0.0000000  -0.00000041
  71    0.0000079  -0.00004218
  72    0.0000101  -0.00006948
  73    0.0000055  -0.00000937
  74    0.0000157  -0.00012810
  75    0.0000000  -0.00000038
  76    0.0000073  -0.00003642
  77    0.0000087  -0.00004675
  78    0.0000034  -0.00001265
  79    0.0000098  -0.00007111
  80    0.0000000  -0.00000036
  81    0.0000051  -0.00002105
  82    0.0000043  -0.00002069
  83    0.0000027  -0.00000595
  84    0.0000065  -0.00004621
  85    0.0000000  -0.00000029
 
----------------
 Final Energies 
----------------
Final NOF Total Energy =    -100.3837411
 
Total Orbital Internal Iterations = 10
Total Occupation Internal Iterations = 0
 
Elapsed time:   27.91 Seconds

---------------------------------
   Lowdin Population Analysis    
---------------------------------
 Idx  Atom   Population   Charge 
---------------------------------
  1     F     8.511       0.489
  2     H     1.489      -0.489

---------------------------------
   M Diagnostic: 0.02
---------------------------------

