Computing Integrals
Basis Set                                            = def2-qzvp
Auxiliary Basis Set                                  = def2-universal-jkfit
Gaussian Type                                        = Spherical
Elapsed time:    5.13 Seconds

Number of basis functions                   (NBF)    = 234
Number of auxiliary basis functions         (NBFAUX) = 224
Inactive Doubly occupied orbitals up to     (NO1)    = 0
No. considered Strongly Doubly occupied MOs (NDOC)   = 8
No. considered Strongly Singly occupied MOs (NSOC)   = 2
NO. of Weakly occ. per St. Doubly occ.  MOs (NCWO)   = 28
Dimension of the Nat. Orb. subspace         (NBF5)   = 234
No. of electrons                                     = 18
    No. of alpha electrons                           = 10
    No. of beta electrons                            = 8
Multiplicity                                         = 3

Geometry
========
 C       0.0008704      -0.5056106       0.0000000
 H      -1.0553769      -0.7480585       0.0000000
 H       0.5207479      -0.7707125       0.9124497
 H       0.5207479      -0.7707125      -0.9124497
 H       0.0121404       0.7967756       0.0000000
 O       0.0008704       1.9983186       0.0000000

Orthonormality violations 20111, Maximum Violation 0.000060
Trying to orthonormalize
No violations of the orthonormality
No violations of the orthonormality
 
PNOF8/ADABelief Calculation
==================
 
  Nitext  Nit_orb  Time   Nit_occ  Time         Eelec          Etot           Ediff      maxdiff    MaxGrad_orb  Grad_occ
     1      10    6.7e+01    0    2.5e+01  -146.33746828  -115.42720123 -10145.33746828   0.000099   4.0e-04   1.9e-04 0.03
 
RESULTS OF THE OCCUPATION OPTIMIZATION
========================================
   1    1.9999733  -20.64323860
   2    1.9999384  -11.26921074
   3    1.9831563  -1.23146099
   4    1.9732647  -0.73278429
   5    1.9730514  -0.73021288
   6    1.9728945  -0.72800224
   7    1.9685860  -0.69285285
   8    1.9732695  -0.55429829
   9    1.0000000  -0.34361339
  10    1.0000000  -0.25048192
  11    0.0114704  -0.01855253
  12    0.0245932  -0.03154017
  13    0.0160980  -0.02118382
  14    0.0158712  -0.02107943
  15    0.0157912  -0.02107478
  16    0.0070191  -0.01905434
  17    0.0000520  -0.00117800
  18    0.0000249  -0.00095110
  19    0.0049871  -0.00914754
  20    0.0031188  -0.00558865
  21    0.0045781  -0.00693277
  22    0.0044737  -0.00684805
  23    0.0044945  -0.00688009
  24    0.0034622  -0.00824314
  25    0.0000035  -0.00011286
  26    0.0000009  -0.00003288
  27    0.0041693  -0.00827551
  28    0.0020536  -0.00429165
  29    0.0034426  -0.00568413
  30    0.0033911  -0.00568120
  31    0.0032731  -0.00556638
  32    0.0025571  -0.00705094
  33    0.0000022  -0.00003627
  34    0.0000008  -0.00002668
  35    0.0033614  -0.00687013
  36    0.0007549  -0.00153884
  37    0.0011346  -0.00243089
  38    0.0011344  -0.00244123
  39    0.0011340  -0.00244619
  40    0.0009201  -0.00561169
  41    0.0000021  -0.00001568
  42    0.0000000  -0.00000065
  43    0.0005854  -0.00208442
  44    0.0002449  -0.00068724
  45    0.0005634  -0.00120270
  46    0.0007590  -0.00200391
  47    0.0007883  -0.00215554
  48    0.0007745  -0.00269237
  49    0.0000012  -0.00001529
  50    0.0000000  -0.00000039
  51    0.0004523  -0.00120730
  52    0.0002325  -0.00066951
  53    0.0002988  -0.00073503
  54    0.0004982  -0.00106767
  55    0.0003561  -0.00085695
  56    0.0005245  -0.00403079
  57    0.0000002  -0.00002012
  58    0.0000000  -0.00000026
  59    0.0003864  -0.00104899
  60    0.0001727  -0.00051338
  61    0.0002590  -0.00063580
  62    0.0002597  -0.00064927
  63    0.0002334  -0.00059593
  64    0.0003979  -0.00139970
  65    0.0000001  -0.00000145
  66    0.0000000  -0.00000020
  67    0.0002716  -0.00092069
  68    0.0000803  -0.00021621
  69    0.0002164  -0.00064771
  70    0.0001020  -0.00029671
  71    0.0001602  -0.00051986
  72    0.0002371  -0.00085060
  73    0.0000000  -0.00000107
  74    0.0000000  -0.00000019
  75    0.0002387  -0.00076041
  76    0.0000396  -0.00011640
  77    0.0001028  -0.00033971
  78    0.0000963  -0.00029394
  79    0.0001467  -0.00045671
  80    0.0002329  -0.00082551
  81    0.0000000  -0.00000083
  82    0.0000000  -0.00000014
  83    0.0002261  -0.00067104
  84    0.0000320  -0.00010099
  85    0.0000935  -0.00028227
  86    0.0000838  -0.00025981
  87    0.0000666  -0.00022618
  88    0.0002318  -0.00080980
  89    0.0000000  -0.00000080
  90    0.0000000  -0.00000013
  91    0.0001936  -0.00060937
  92    0.0000233  -0.00009767
  93    0.0000752  -0.00022576
  94    0.0000568  -0.00016488
  95    0.0000572  -0.00017088
  96    0.0002058  -0.00102164
  97    0.0000000  -0.00000058
  98    0.0000000  -0.00000011
  99    0.0000997  -0.00035932
 100    0.0000134  -0.00006394
 101    0.0000602  -0.00016980
 102    0.0000537  -0.00016281
 103    0.0000421  -0.00014867
 104    0.0000721  -0.00028834
 105    0.0000000  -0.00000057
 106    0.0000000  -0.00000012
 107    0.0000464  -0.00016326
 108    0.0000110  -0.00005069
 109    0.0000412  -0.00013842
 110    0.0000349  -0.00012272
 111    0.0000317  -0.00012167
 112    0.0000499  -0.00018853
 113    0.0000000  -0.00000049
 114    0.0000000  -0.00000013
 115    0.0000375  -0.00013349
 116    0.0000074  -0.00002855
 117    0.0000347  -0.00013217
 118    0.0000216  -0.00009974
 119    0.0000295  -0.00010689
 120    0.0000215  -0.00011676
 121    0.0000000  -0.00000048
 122    0.0000000  -0.00000011
 123    0.0000293  -0.00010914
 124    0.0000056  -0.00002737
 125    0.0000208  -0.00010500
 126    0.0000161  -0.00009073
 127    0.0000275  -0.00010884
 128    0.0000203  -0.00010224
 129    0.0000000  -0.00000040
 130    0.0000000  -0.00000010
 131    0.0000267  -0.00010901
 132    0.0000049  -0.00001890
 133    0.0000148  -0.00008052
 134    0.0000138  -0.00008019
 135    0.0000188  -0.00009798
 136    0.0000194  -0.00009987
 137    0.0000000  -0.00000042
 138    0.0000000  -0.00000009
 139    0.0000214  -0.00007882
 140    0.0000034  -0.00000945
 141    0.0000124  -0.00006967
 142    0.0000133  -0.00008097
 143    0.0000176  -0.00009601
 144    0.0000153  -0.00008758
 145    0.0000000  -0.00000037
 146    0.0000000  -0.00000008
 147    0.0000207  -0.00008131
 148    0.0000030  -0.00000786
 149    0.0000110  -0.00006071
 150    0.0000127  -0.00007195
 151    0.0000122  -0.00006784
 152    0.0000146  -0.00008465
 153    0.0000000  -0.00000036
 154    0.0000000  -0.00000008
 155    0.0000198  -0.00008079
 156    0.0000028  -0.00000681
 157    0.0000095  -0.00005171
 158    0.0000118  -0.00006580
 159    0.0000116  -0.00006387
 160    0.0000134  -0.00007989
 161    0.0000000  -0.00000029
 162    0.0000000  -0.00000008
 163    0.0000193  -0.00007821
 164    0.0000024  -0.00000575
 165    0.0000077  -0.00003815
 166    0.0000110  -0.00006021
 167    0.0000093  -0.00004383
 168    0.0000119  -0.00006479
 169    0.0000000  -0.00000030
 170    0.0000000  -0.00000008
 171    0.0000167  -0.00006664
 172    0.0000023  -0.00000555
 173    0.0000063  -0.00002800
 174    0.0000092  -0.00004842
 175    0.0000082  -0.00003880
 176    0.0000105  -0.00005712
 177    0.0000000  -0.00000029
 178    0.0000000  -0.00000007
 179    0.0000145  -0.00005705
 180    0.0000020  -0.00000568
 181    0.0000053  -0.00002317
 182    0.0000061  -0.00003069
 183    0.0000058  -0.00002795
 184    0.0000075  -0.00003838
 185    0.0000000  -0.00000029
 186    0.0000000  -0.00000007
 187    0.0000130  -0.00005130
 188    0.0000019  -0.00000521
 189    0.0000046  -0.00002224
 190    0.0000040  -0.00001737
 191    0.0000051  -0.00002437
 192    0.0000062  -0.00003595
 193    0.0000000  -0.00000028
 194    0.0000000  -0.00000006
 195    0.0000102  -0.00004202
 196    0.0000018  -0.00000422
 197    0.0000042  -0.00001756
 198    0.0000035  -0.00001334
 199    0.0000040  -0.00001491
 200    0.0000057  -0.00003104
 201    0.0000000  -0.00000026
 202    0.0000000  -0.00000006
 203    0.0000050  -0.00002603
 204    0.0000017  -0.00000366
 205    0.0000040  -0.00001536
 206    0.0000034  -0.00001295
 207    0.0000035  -0.00001248
 208    0.0000050  -0.00002746
 209    0.0000000  -0.00000022
 210    0.0000000  -0.00000006
 211    0.0000040  -0.00001771
 212    0.0000016  -0.00000293
 213    0.0000027  -0.00000738
 214    0.0000029  -0.00000927
 215    0.0000030  -0.00000918
 216    0.0000037  -0.00002310
 217    0.0000000  -0.00000020
 218    0.0000000  -0.00000005
 219    0.0000034  -0.00001138
 220    0.0000015  -0.00000226
 221    0.0000020  -0.00000543
 222    0.0000025  -0.00000749
 223    0.0000025  -0.00000684
 224    0.0000029  -0.00001271
 225    0.0000000  -0.00000019
 226    0.0000000  -0.00000005
 227    0.0000007  -0.00000285
 228    0.0000014  -0.00000256
 229    0.0000018  -0.00000517
 230    0.0000018  -0.00000535
 231    0.0000016  -0.00000422
 232    0.0000010  -0.00000316
 233    0.0000000  -0.00000014
 234    0.0000000  -0.00000005
 
----------------
 Final Energies 
----------------
Final NOF Total Energy =    -115.4272012
 
Total Orbital Internal Iterations = 10
Total Occupation Internal Iterations = 0
 
Elapsed time:  114.28 Seconds

---------------------------------
   Lowdin Population Analysis    
---------------------------------
 Idx  Atom   Population   Charge 
---------------------------------
  1     C     5.581       0.419
  2     H     1.082      -0.082
  3     H     1.083      -0.083
  4     H     1.083      -0.083
  5     H     1.380      -0.380
  6     O     7.791       0.209

---------------------------------
   M Diagnostic: 0.03
---------------------------------

