Computing Integrals
Basis Set                                            = def2-qzvp
Auxiliary Basis Set                                  = def2-universal-jkfit
Gaussian Type                                        = Spherical
Elapsed time:    2.64 Seconds

Number of basis functions                   (NBF)    = 147
Number of auxiliary basis functions         (NBFAUX) = 129
Inactive Doubly occupied orbitals up to     (NO1)    = 0
No. considered Strongly Doubly occupied MOs (NDOC)   = 4
No. considered Strongly Singly occupied MOs (NSOC)   = 1
NO. of Weakly occ. per St. Doubly occ.  MOs (NCWO)   = 35
Dimension of the Nat. Orb. subspace         (NBF5)   = 145
No. of electrons                                     = 9
    No. of alpha electrons                           = 5
    No. of beta electrons                            = 4
Multiplicity                                         = 2

Geometry
========
 C       0.0000000       0.0000000       0.0000000
 H       0.5386581       0.9329832       0.0000000
 H       0.5386581      -0.9329832       0.0000000
 H      -1.0773162       0.0000000       0.0000000

Orthonormality violations 9790, Maximum Violation 0.000110
Trying to orthonormalize
No violations of the orthonormality
No violations of the orthonormality
 
PNOF8/ADABelief Calculation
==================
 
  Nitext  Nit_orb  Time   Nit_occ  Time         Eelec          Etot           Ediff      maxdiff    MaxGrad_orb  Grad_occ
     1      10    2.1e+01    0    2.5e+01   -49.48002852   -39.78767467 -10048.48002852   0.000097   3.9e-04   1.7e-04 0.02
 
RESULTS OF THE OCCUPATION OPTIMIZATION
========================================
   1    1.9999018  -11.23668842
   2    1.9734546  -0.71477697
   3    1.9715684  -0.70462816
   4    1.9713096  -0.70359700
   5    1.0000000  -0.20290720
   6    0.0162841  -0.02088014
   7    0.0160607  -0.02075361
   8    0.0145583  -0.01983802
   9    0.0000848  -0.00181544
  10    0.0049793  -0.00722708
  11    0.0049243  -0.00721181
  12    0.0045729  -0.00704584
  13    0.0000053  -0.00014791
  14    0.0036943  -0.00554935
  15    0.0035880  -0.00553406
  16    0.0034077  -0.00548226
  17    0.0000033  -0.00002577
  18    0.0011905  -0.00243754
  19    0.0011936  -0.00244461
  20    0.0011438  -0.00241924
  21    0.0000028  -0.00002210
  22    0.0007538  -0.00181950
  23    0.0007252  -0.00172821
  24    0.0010837  -0.00487608
  25    0.0000012  -0.00005472
  26    0.0004378  -0.00087513
  27    0.0006428  -0.00135615
  28    0.0006597  -0.00146372
  29    0.0000001  -0.00000171
  30    0.0004203  -0.00087354
  31    0.0003858  -0.00083182
  32    0.0002836  -0.00065367
  33    0.0000001  -0.00000143
  34    0.0002287  -0.00053417
  35    0.0002058  -0.00048647
  36    0.0002091  -0.00049401
  37    0.0000001  -0.00000111
  38    0.0001718  -0.00043236
  39    0.0001812  -0.00043950
  40    0.0001635  -0.00042663
  41    0.0000000  -0.00000082
  42    0.0000900  -0.00024443
  43    0.0000902  -0.00025184
  44    0.0000765  -0.00020703
  45    0.0000000  -0.00000075
  46    0.0000777  -0.00021321
  47    0.0000793  -0.00021764
  48    0.0000704  -0.00018627
  49    0.0000000  -0.00000062
  50    0.0000680  -0.00018283
  51    0.0000689  -0.00019823
  52    0.0000675  -0.00018558
  53    0.0000000  -0.00000056
  54    0.0000636  -0.00017456
  55    0.0000629  -0.00017747
  56    0.0000401  -0.00012033
  57    0.0000000  -0.00000049
  58    0.0000516  -0.00016937
  59    0.0000535  -0.00017067
  60    0.0000324  -0.00011128
  61    0.0000000  -0.00000049
  62    0.0000356  -0.00011114
  63    0.0000286  -0.00010416
  64    0.0000285  -0.00010288
  65    0.0000000  -0.00000047
  66    0.0000238  -0.00008813
  67    0.0000255  -0.00009532
  68    0.0000203  -0.00008410
  69    0.0000000  -0.00000046
  70    0.0000150  -0.00006438
  71    0.0000202  -0.00008200
  72    0.0000182  -0.00006941
  73    0.0000000  -0.00000038
  74    0.0000129  -0.00004164
  75    0.0000163  -0.00005932
  76    0.0000145  -0.00005116
  77    0.0000000  -0.00000033
  78    0.0000125  -0.00004162
  79    0.0000120  -0.00004041
  80    0.0000140  -0.00004181
  81    0.0000000  -0.00000035
  82    0.0000112  -0.00004039
  83    0.0000104  -0.00003834
  84    0.0000118  -0.00004145
  85    0.0000000  -0.00000029
  86    0.0000106  -0.00003949
  87    0.0000100  -0.00003884
  88    0.0000106  -0.00004113
  89    0.0000000  -0.00000024
  90    0.0000088  -0.00003645
  91    0.0000064  -0.00002706
  92    0.0000091  -0.00003505
  93    0.0000000  -0.00000023
  94    0.0000076  -0.00002780
  95    0.0000061  -0.00002653
  96    0.0000077  -0.00003379
  97    0.0000000  -0.00000027
  98    0.0000073  -0.00002827
  99    0.0000059  -0.00002459
 100    0.0000067  -0.00002914
 101    0.0000000  -0.00000023
 102    0.0000061  -0.00002497
 103    0.0000052  -0.00001462
 104    0.0000056  -0.00002543
 105    0.0000000  -0.00000021
 106    0.0000037  -0.00001085
 107    0.0000046  -0.00001300
 108    0.0000045  -0.00001608
 109    0.0000000  -0.00000016
 110    0.0000036  -0.00001061
 111    0.0000033  -0.00000907
 112    0.0000044  -0.00001296
 113    0.0000000  -0.00000014
 114    0.0000033  -0.00000611
 115    0.0000030  -0.00000608
 116    0.0000038  -0.00001191
 117    0.0000000  -0.00000014
 118    0.0000033  -0.00000489
 119    0.0000023  -0.00000502
 120    0.0000030  -0.00000930
 121    0.0000000  -0.00000014
 122    0.0000027  -0.00000838
 123    0.0000020  -0.00000307
 124    0.0000028  -0.00000599
 125    0.0000000  -0.00000010
 126    0.0000024  -0.00000314
 127    0.0000018  -0.00000231
 128    0.0000026  -0.00000538
 129    0.0000000  -0.00000012
 130    0.0000023  -0.00000356
 131    0.0000017  -0.00000173
 132    0.0000024  -0.00000558
 133    0.0000000  -0.00000010
 134    0.0000021  -0.00000296
 135    0.0000015  -0.00000118
 136    0.0000022  -0.00000508
 137    0.0000000  -0.00000008
 138    0.0000021  -0.00000334
 139    0.0000013  -0.00000153
 140    0.0000018  -0.00000311
 141    0.0000000  -0.00000007
 142    0.0000020  -0.00000192
 143    0.0000011  -0.00000153
 144    0.0000015  -0.00000135
 145    0.0000000  -0.00000007
 
----------------
 Final Energies 
----------------
Final NOF Total Energy =     -39.7876747
 
Total Orbital Internal Iterations = 10
Total Occupation Internal Iterations = 0
 
Elapsed time:   63.75 Seconds

---------------------------------
   Lowdin Population Analysis    
---------------------------------
 Idx  Atom   Population   Charge 
---------------------------------
  1     C     5.582       0.418
  2     H     1.139      -0.139
  3     H     1.139      -0.139
  4     H     1.139      -0.139

---------------------------------
   M Diagnostic: 0.02
---------------------------------

