Computing Integrals
Basis Set                                            = def2-qzvp
Auxiliary Basis Set                                  = def2-universal-jkfit
Gaussian Type                                        = Spherical
Elapsed time:    1.72 Seconds

Number of basis functions                   (NBF)    = 87
Number of auxiliary basis functions         (NBFAUX) = 95
Inactive Doubly occupied orbitals up to     (NO1)    = 0
No. considered Strongly Doubly occupied MOs (NDOC)   = 4
No. considered Strongly Singly occupied MOs (NSOC)   = 1
NO. of Weakly occ. per St. Doubly occ.  MOs (NCWO)   = 20
Dimension of the Nat. Orb. subspace         (NBF5)   = 85
No. of electrons                                     = 9
    No. of alpha electrons                           = 5
    No. of beta electrons                            = 4
Multiplicity                                         = 2

Geometry
========
 O       0.0000000       0.0000000       0.4844483
 H       0.0000000       0.0000000      -0.4844483

Orthonormality violations 1699, Maximum Violation 0.000065
Trying to orthonormalize
No violations of the orthonormality
No violations of the orthonormality
 
PNOF8/ADABelief Calculation
==================
 
  Nitext  Nit_orb  Time   Nit_occ  Time         Eelec          Etot           Ediff      maxdiff    MaxGrad_orb  Grad_occ
     1      10    9.0e+00    0    1.2e+01   -80.04375567   -75.67444610 -10079.04375567   0.000100   4.0e-04   1.9e-04 0.03
 
RESULTS OF THE OCCUPATION OPTIMIZATION
========================================
   1    1.9999682  -20.65161717
   2    1.9833793  -1.24808483
   3    1.9700509  -0.79040429
   4    1.9763424  -0.57614339
   5    1.0000000  -0.34881278
   6    0.0109356  -0.01829765
   7    0.0227481  -0.03352347
   8    0.0072087  -0.01968235
   9    0.0000266  -0.00100184
  10    0.0053057  -0.00972493
  11    0.0030305  -0.00629436
  12    0.0036457  -0.00880077
  13    0.0000022  -0.00004411
  14    0.0041940  -0.00842614
  15    0.0030171  -0.00616460
  16    0.0026556  -0.00661827
  17    0.0000015  -0.00001411
  18    0.0013200  -0.00436901
  19    0.0004115  -0.00118491
  20    0.0007522  -0.00262956
  21    0.0000008  -0.00003500
  22    0.0005901  -0.00315950
  23    0.0002665  -0.00085110
  24    0.0005556  -0.00293716
  25    0.0000001  -0.00001473
  26    0.0002977  -0.00093026
  27    0.0001980  -0.00067606
  28    0.0004617  -0.00156467
  29    0.0000001  -0.00000209
  30    0.0002685  -0.00081831
  31    0.0000871  -0.00032615
  32    0.0003838  -0.00122003
  33    0.0000001  -0.00000175
  34    0.0002578  -0.00079530
  35    0.0000399  -0.00013322
  36    0.0002628  -0.00113495
  37    0.0000000  -0.00000157
  38    0.0002433  -0.00075791
  39    0.0000326  -0.00011807
  40    0.0001826  -0.00064018
  41    0.0000000  -0.00000130
  42    0.0000728  -0.00024942
  43    0.0000278  -0.00009896
  44    0.0001729  -0.00090326
  45    0.0000000  -0.00000098
  46    0.0000399  -0.00014500
  47    0.0000180  -0.00010802
  48    0.0001337  -0.00069663
  49    0.0000000  -0.00000084
  50    0.0000268  -0.00012813
  51    0.0000160  -0.00010065
  52    0.0000701  -0.00031168
  53    0.0000000  -0.00000076
  54    0.0000170  -0.00008765
  55    0.0000123  -0.00007164
  56    0.0000329  -0.00017996
  57    0.0000000  -0.00000070
  58    0.0000164  -0.00009032
  59    0.0000106  -0.00007061
  60    0.0000196  -0.00012007
  61    0.0000000  -0.00000067
  62    0.0000158  -0.00008233
  63    0.0000084  -0.00004944
  64    0.0000176  -0.00011156
  65    0.0000000  -0.00000050
  66    0.0000149  -0.00007332
  67    0.0000065  -0.00003710
  68    0.0000165  -0.00009830
  69    0.0000000  -0.00000052
  70    0.0000132  -0.00007067
  71    0.0000062  -0.00003331
  72    0.0000150  -0.00009237
  73    0.0000000  -0.00000050
  74    0.0000121  -0.00006332
  75    0.0000045  -0.00001818
  76    0.0000135  -0.00008325
  77    0.0000000  -0.00000036
  78    0.0000100  -0.00004704
  79    0.0000041  -0.00001888
  80    0.0000125  -0.00007576
  81    0.0000000  -0.00000042
  82    0.0000061  -0.00003627
  83    0.0000032  -0.00001083
  84    0.0000076  -0.00004865
  85    0.0000000  -0.00000036
 
----------------
 Final Energies 
----------------
Final NOF Total Energy =     -75.6744461
 
Total Orbital Internal Iterations = 10
Total Occupation Internal Iterations = 0
 
Elapsed time:   28.02 Seconds

---------------------------------
   Lowdin Population Analysis    
---------------------------------
 Idx  Atom   Population   Charge 
---------------------------------
  1     O     7.589       0.411
  2     H     1.411      -0.411

---------------------------------
   M Diagnostic: 0.03
---------------------------------

