Computing Integrals
Basis Set                                            = def2-qzvp
Auxiliary Basis Set                                  = def2-universal-jkfit
Gaussian Type                                        = Spherical
Elapsed time:    4.12 Seconds

Number of basis functions                   (NBF)    = 294
Number of auxiliary basis functions         (NBFAUX) = 260
Inactive Doubly occupied orbitals up to     (NO1)    = 0
No. considered Strongly Doubly occupied MOs (NDOC)   = 9
No. considered Strongly Singly occupied MOs (NSOC)   = 1
NO. of Weakly occ. per St. Doubly occ.  MOs (NCWO)   = 31
Dimension of the Nat. Orb. subspace         (NBF5)   = 289
No. of electrons                                     = 19
    No. of alpha electrons                           = 10
    No. of beta electrons                            = 9
Multiplicity                                         = 2

Geometry
========
 C      -1.0637767      -0.0000137      -0.0826135
 N       1.5102261      -0.0000127      -0.2316868
 H      -1.3870141       0.9085314      -0.5796489
 H      -1.2667003      -0.0045807       0.9823998
 H      -1.3877761      -0.9038901      -0.5876045
 H       0.2400802      -0.0000717      -0.2465964
 H       1.6774302       0.8055694       0.3728469
 H       1.6775308      -0.8055319       0.3729035

Orthonormality violations 53933, Maximum Violation 0.000116
Trying to orthonormalize
No violations of the orthonormality
No violations of the orthonormality
 
PNOF8/ADABelief Calculation
==================
 
  Nitext  Nit_orb  Time   Nit_occ  Time         Eelec          Etot           Ediff      maxdiff    MaxGrad_orb  Grad_occ
     1      10    2.6e+01    0    2.6e+01  -135.67342798   -96.24509531 -10134.67342798   0.000098   3.9e-04   1.2e-04 0.03
 
RESULTS OF THE OCCUPATION OPTIMIZATION
========================================
   1    1.9999763  -15.57857222
   2    1.9999195  -11.23763011
   3    1.9826784  -0.96617555
   4    1.9729261  -0.69979239
   5    1.9727494  -0.69755157
   6    1.9726310  -0.69674089
   7    1.9706594  -0.65948460
   8    1.9707224  -0.65827286
   9    1.9730970  -0.63290820
  10    1.0000000  -0.20893670
  11    0.0211801  -0.02731763
  12    0.0192141  -0.02614220
  13    0.0193250  -0.02620148
  14    0.0163609  -0.02113853
  15    0.0159898  -0.02091210
  16    0.0158645  -0.02088198
  17    0.0070026  -0.01507070
  18    0.0000689  -0.00154446
  19    0.0000202  -0.00063981
  20    0.0011665  -0.00423633
  21    0.0043908  -0.00741957
  22    0.0042912  -0.00729854
  23    0.0046863  -0.00695492
  24    0.0045907  -0.00687658
  25    0.0045073  -0.00680414
  26    0.0036931  -0.00815498
  27    0.0000040  -0.00012447
  28    0.0000012  -0.00000851
  29    0.0010246  -0.00216463
  30    0.0041445  -0.00703043
  31    0.0041688  -0.00706341
  32    0.0036133  -0.00577099
  33    0.0034941  -0.00567951
  34    0.0034264  -0.00564781
  35    0.0018695  -0.00535302
  36    0.0000028  -0.00003084
  37    0.0000008  -0.00003506
  38    0.0009630  -0.00191262
  39    0.0005973  -0.00161879
  40    0.0005981  -0.00159953
  41    0.0011706  -0.00243757
  42    0.0011278  -0.00239345
  43    0.0011360  -0.00241157
  44    0.0011464  -0.00504891
  45    0.0000026  -0.00002129
  46    0.0000007  -0.00002903
  47    0.0007121  -0.00160071
  48    0.0002812  -0.00074920
  49    0.0003282  -0.00084266
  50    0.0005024  -0.00111584
  51    0.0006826  -0.00154200
  52    0.0005318  -0.00116216
  53    0.0010722  -0.00489664
  54    0.0000016  -0.00002428
  55    0.0000006  -0.00002264
  56    0.0006549  -0.00190349
  57    0.0001870  -0.00052816
  58    0.0001617  -0.00048961
  59    0.0002575  -0.00066501
  60    0.0002900  -0.00074611
  61    0.0004143  -0.00102487
  62    0.0005845  -0.00171700
  63    0.0000002  -0.00000146
  64    0.0000000  -0.00000081
  65    0.0002819  -0.00070889
  66    0.0000982  -0.00031104
  67    0.0001016  -0.00032073
  68    0.0002482  -0.00060553
  69    0.0002810  -0.00067338
  70    0.0003157  -0.00078686
  71    0.0005726  -0.00155821
  72    0.0000001  -0.00000099
  73    0.0000000  -0.00000058
  74    0.0002343  -0.00063269
  75    0.0000787  -0.00026687
  76    0.0000857  -0.00027482
  77    0.0001067  -0.00029245
  78    0.0002362  -0.00057579
  79    0.0002762  -0.00067142
  80    0.0005134  -0.00148186
  81    0.0000000  -0.00000061
  82    0.0000000  -0.00000037
  83    0.0001890  -0.00051156
  84    0.0000639  -0.00021034
  85    0.0000691  -0.00022539
  86    0.0000937  -0.00026617
  87    0.0001464  -0.00044582
  88    0.0001309  -0.00043369
  89    0.0002887  -0.00103974
  90    0.0000000  -0.00000059
  91    0.0000000  -0.00000028
  92    0.0001055  -0.00028275
  93    0.0000430  -0.00015174
  94    0.0000467  -0.00016309
  95    0.0000662  -0.00020279
  96    0.0000962  -0.00026383
  97    0.0000994  -0.00028608
  98    0.0001967  -0.00153806
  99    0.0000000  -0.00000046
 100    0.0000000  -0.00000019
 101    0.0000844  -0.00025886
 102    0.0000409  -0.00014641
 103    0.0000364  -0.00014142
 104    0.0000572  -0.00018229
 105    0.0000622  -0.00017948
 106    0.0000606  -0.00017485
 107    0.0000945  -0.00033895
 108    0.0000000  -0.00000044
 109    0.0000000  -0.00000016
 110    0.0000640  -0.00020770
 111    0.0000377  -0.00014394
 112    0.0000340  -0.00013464
 113    0.0000486  -0.00015654
 114    0.0000559  -0.00017090
 115    0.0000548  -0.00017300
 116    0.0000808  -0.00030044
 117    0.0000000  -0.00000038
 118    0.0000000  -0.00000015
 119    0.0000534  -0.00017089
 120    0.0000219  -0.00008700
 121    0.0000241  -0.00010018
 122    0.0000398  -0.00013581
 123    0.0000394  -0.00014718
 124    0.0000326  -0.00011501
 125    0.0000454  -0.00017084
 126    0.0000000  -0.00000036
 127    0.0000000  -0.00000016
 128    0.0000432  -0.00014317
 129    0.0000148  -0.00006027
 130    0.0000111  -0.00004632
 131    0.0000251  -0.00010395
 132    0.0000339  -0.00011978
 133    0.0000271  -0.00010023
 134    0.0000319  -0.00013232
 135    0.0000000  -0.00000035
 136    0.0000000  -0.00000011
 137    0.0000298  -0.00010919
 138    0.0000115  -0.00005305
 139    0.0000091  -0.00004092
 140    0.0000183  -0.00008097
 141    0.0000285  -0.00010332
 142    0.0000266  -0.00009966
 143    0.0000296  -0.00012155
 144    0.0000000  -0.00000032
 145    0.0000000  -0.00000012
 146    0.0000241  -0.00009295
 147    0.0000108  -0.00004597
 148    0.0000084  -0.00003761
 149    0.0000125  -0.00005867
 150    0.0000214  -0.00008694
 151    0.0000229  -0.00008936
 152    0.0000204  -0.00009751
 153    0.0000000  -0.00000029
 154    0.0000000  -0.00000011
 155    0.0000158  -0.00007001
 156    0.0000093  -0.00003879
 157    0.0000074  -0.00003114
 158    0.0000115  -0.00004932
 159    0.0000167  -0.00007221
 160    0.0000193  -0.00007658
 161    0.0000168  -0.00008613
 162    0.0000000  -0.00000031
 163    0.0000000  -0.00000011
 164    0.0000126  -0.00005518
 165    0.0000073  -0.00003192
 166    0.0000061  -0.00002528
 167    0.0000085  -0.00004077
 168    0.0000104  -0.00004888
 169    0.0000167  -0.00007367
 170    0.0000124  -0.00007186
 171    0.0000000  -0.00000028
 172    0.0000000  -0.00000011
 173    0.0000111  -0.00004915
 174    0.0000035  -0.00001187
 175    0.0000049  -0.00002027
 176    0.0000063  -0.00002854
 177    0.0000083  -0.00004128
 178    0.0000160  -0.00007144
 179    0.0000102  -0.00005425
 180    0.0000000  -0.00000029
 181    0.0000000  -0.00000010
 182    0.0000078  -0.00003853
 183    0.0000032  -0.00001102
 184    0.0000046  -0.00001471
 185    0.0000060  -0.00002855
 186    0.0000077  -0.00003691
 187    0.0000129  -0.00005651
 188    0.0000085  -0.00004496
 189    0.0000000  -0.00000027
 190    0.0000000  -0.00000010
 191    0.0000074  -0.00003573
 192    0.0000029  -0.00000819
 193    0.0000037  -0.00001188
 194    0.0000060  -0.00002516
 195    0.0000063  -0.00003038
 196    0.0000113  -0.00005487
 197    0.0000066  -0.00003434
 198    0.0000000  -0.00000028
 199    0.0000000  -0.00000009
 200    0.0000067  -0.00003211
 201    0.0000025  -0.00000789
 202    0.0000027  -0.00000830
 203    0.0000046  -0.00002026
 204    0.0000047  -0.00001897
 205    0.0000107  -0.00004656
 206    0.0000062  -0.00003294
 207    0.0000000  -0.00000025
 208    0.0000000  -0.00000009
 209    0.0000065  -0.00003021
 210    0.0000022  -0.00000564
 211    0.0000021  -0.00000553
 212    0.0000039  -0.00001611
 213    0.0000040  -0.00001589
 214    0.0000100  -0.00004753
 215    0.0000040  -0.00002106
 216    0.0000000  -0.00000026
 217    0.0000000  -0.00000008
 218    0.0000050  -0.00002135
 219    0.0000019  -0.00000583
 220    0.0000016  -0.00000268
 221    0.0000029  -0.00001081
 222    0.0000033  -0.00001153
 223    0.0000086  -0.00004158
 224    0.0000028  -0.00001454
 225    0.0000000  -0.00000026
 226    0.0000000  -0.00000007
 227    0.0000042  -0.00001502
 228    0.0000019  -0.00000396
 229    0.0000015  -0.00000276
 230    0.0000025  -0.00000830
 231    0.0000028  -0.00000959
 232    0.0000077  -0.00003657
 233    0.0000028  -0.00001411
 234    0.0000000  -0.00000024
 235    0.0000000  -0.00000007
 236    0.0000034  -0.00001401
 237    0.0000013  -0.00000259
 238    0.0000013  -0.00000256
 239    0.0000024  -0.00000701
 240    0.0000024  -0.00000719
 241    0.0000070  -0.00003528
 242    0.0000019  -0.00000952
 243    0.0000000  -0.00000021
 244    0.0000000  -0.00000007
 245    0.0000027  -0.00000839
 246    0.0000013  -0.00000233
 247    0.0000013  -0.00000261
 248    0.0000020  -0.00000614
 249    0.0000021  -0.00000651
 250    0.0000064  -0.00003112
 251    0.0000017  -0.00000748
 252    0.0000000  -0.00000023
 253    0.0000000  -0.00000007
 254    0.0000026  -0.00000880
 255    0.0000012  -0.00000240
 256    0.0000012  -0.00000214
 257    0.0000015  -0.00000305
 258    0.0000017  -0.00000306
 259    0.0000060  -0.00002485
 260    0.0000016  -0.00000643
 261    0.0000000  -0.00000021
 262    0.0000000  -0.00000007
 263    0.0000023  -0.00000616
 264    0.0000012  -0.00000206
 265    0.0000012  -0.00000240
 266    0.0000014  -0.00000348
 267    0.0000015  -0.00000291
 268    0.0000051  -0.00002108
 269    0.0000015  -0.00000554
 270    0.0000000  -0.00000022
 271    0.0000000  -0.00000007
 272    0.0000021  -0.00000544
 273    0.0000009  -0.00000184
 274    0.0000011  -0.00000191
 275    0.0000012  -0.00000261
 276    0.0000013  -0.00000239
 277    0.0000047  -0.00001949
 278    0.0000012  -0.00000313
 279    0.0000000  -0.00000017
 280    0.0000000  -0.00000007
 281    0.0000020  -0.00000455
 282    0.0000008  -0.00000210
 283    0.0000010  -0.00000182
 284    0.0000012  -0.00000214
 285    0.0000011  -0.00000151
 286    0.0000044  -0.00001618
 287    0.0000010  -0.00000271
 288    0.0000000  -0.00000017
 289    0.0000000  -0.00000005
 
----------------
 Final Energies 
----------------
Final NOF Total Energy =     -96.2450953
 
Total Orbital Internal Iterations = 10
Total Occupation Internal Iterations = 0
 
Elapsed time:   71.27 Seconds

---------------------------------
   Lowdin Population Analysis    
---------------------------------
 Idx  Atom   Population   Charge 
---------------------------------
  1     C     5.627       0.373
  2     N     6.459       0.541
  3     H     1.092      -0.092
  4     H     1.097      -0.097
  5     H     1.092      -0.092
  6     H     1.219      -0.219
  7     H     1.207      -0.207
  8     H     1.207      -0.207

---------------------------------
   M Diagnostic: 0.03
---------------------------------

