Computing Integrals
Basis Set                                            = def2-qzvp
Auxiliary Basis Set                                  = def2-universal-jkfit
Gaussian Type                                        = Spherical
Elapsed time:    1.78 Seconds

Number of basis functions                   (NBF)    = 117
Number of auxiliary basis functions         (NBFAUX) = 113
Inactive Doubly occupied orbitals up to     (NO1)    = 0
No. considered Strongly Doubly occupied MOs (NDOC)   = 5
No. considered Strongly Singly occupied MOs (NSOC)   = 1
NO. of Weakly occ. per St. Doubly occ.  MOs (NCWO)   = 22
Dimension of the Nat. Orb. subspace         (NBF5)   = 116
No. of electrons                                     = 11
    No. of alpha electrons                           = 6
    No. of beta electrons                            = 5
Multiplicity                                         = 2

Geometry
========
 H       0.1465678      -0.2472646       0.0000000
 F       0.0000000       1.2115485       0.0000000
 H      -0.1465678      -0.9642839       0.0000000

Orthonormality violations 4371, Maximum Violation 0.000207
Trying to orthonormalize
No violations of the orthonormality
No violations of the orthonormality
 
PNOF8/ADABelief Calculation
==================
 
  Nitext  Nit_orb  Time   Nit_occ  Time         Eelec          Etot           Ediff      maxdiff    MaxGrad_orb  Grad_occ
     1      10    9.7e+00    0    1.2e+01  -106.93900186  -100.82361187 -10105.93900186   0.000097   3.9e-04   2.5e-04 0.03
 
RESULTS OF THE OCCUPATION OPTIMIZATION
========================================
   1    1.9999876  -26.42587144
   2    1.9864621  -1.60720766
   3    1.9798953  -0.75531365
   4    1.9792210  -0.75394945
   5    1.9662102  -0.65996854
   6    1.0000000  -0.41330797
   7    0.0221019  -0.02015965
   8    0.0108159  -0.02076675
   9    0.0103869  -0.02055363
  10    0.0067761  -0.02216171
  11    0.0000116  -0.00048298
  12    0.0041914  -0.00468547
  13    0.0041475  -0.00979266
  14    0.0041087  -0.01000819
  15    0.0033560  -0.01024624
  16    0.0000005  -0.00005554
  17    0.0033914  -0.00357299
  18    0.0034637  -0.00825883
  19    0.0033457  -0.00815313
  20    0.0019097  -0.00636188
  21    0.0000001  -0.00000121
  22    0.0031580  -0.00335495
  23    0.0007765  -0.00282576
  24    0.0007730  -0.00283431
  25    0.0003456  -0.00162740
  26    0.0000000  -0.00000073
  27    0.0002615  -0.00056579
  28    0.0003105  -0.00117208
  29    0.0005998  -0.00474309
  30    0.0002527  -0.00113945
  31    0.0000000  -0.00000050
  32    0.0001908  -0.00034813
  33    0.0003020  -0.00113937
  34    0.0002702  -0.00097177
  35    0.0002333  -0.00102160
  36    0.0000000  -0.00000036
  37    0.0000840  -0.00020584
  38    0.0002744  -0.00094763
  39    0.0002329  -0.00090510
  40    0.0002257  -0.00098461
  41    0.0000000  -0.00000035
  42    0.0000756  -0.00015984
  43    0.0002451  -0.00093356
  44    0.0002303  -0.00086961
  45    0.0002031  -0.00086680
  46    0.0000000  -0.00000022
  47    0.0000637  -0.00015732
  48    0.0001701  -0.00063708
  49    0.0000224  -0.00011811
  50    0.0001006  -0.00142572
  51    0.0000000  -0.00000018
  52    0.0000620  -0.00013783
  53    0.0001065  -0.00042881
  54    0.0000183  -0.00012160
  55    0.0000221  -0.00016880
  56    0.0000000  -0.00000010
  57    0.0000608  -0.00013429
  58    0.0000249  -0.00014989
  59    0.0000183  -0.00012411
  60    0.0000191  -0.00016350
  61    0.0000000  -0.00000011
  62    0.0000392  -0.00006686
  63    0.0000206  -0.00010229
  64    0.0000166  -0.00011714
  65    0.0000164  -0.00012031
  66    0.0000000  -0.00000017
  67    0.0000294  -0.00005875
  68    0.0000195  -0.00010779
  69    0.0000159  -0.00010931
  70    0.0000155  -0.00010640
  71    0.0000000  -0.00000004
  72    0.0000170  -0.00006941
  73    0.0000178  -0.00010459
  74    0.0000154  -0.00009641
  75    0.0000142  -0.00011028
  76    0.0000000  -0.00000009
  77    0.0000146  -0.00007927
  78    0.0000170  -0.00009897
  79    0.0000138  -0.00008557
  80    0.0000136  -0.00010388
  81    0.0000000  -0.00000004
  82    0.0000116  -0.00006425
  83    0.0000160  -0.00010541
  84    0.0000117  -0.00008560
  85    0.0000107  -0.00008464
  86    0.0000000  -0.00000002
  87    0.0000109  -0.00003028
  88    0.0000149  -0.00008859
  89    0.0000099  -0.00006691
  90    0.0000071  -0.00004547
  91    0.0000000  -0.00000002
  92    0.0000088  -0.00003963
  93    0.0000145  -0.00009227
  94    0.0000048  -0.00002223
  95    0.0000046  -0.00001961
  96    0.0000000  0.00000000
  97    0.0000054  -0.00000256
  98    0.0000088  -0.00004645
  99    0.0000028  -0.00000491
 100    0.0000041  -0.00001929
 101    0.0000000  0.00000000
 102    0.0000054  -0.00000341
 103    0.0000051  -0.00001947
 104    0.0000027  -0.00000440
 105    0.0000033  -0.00000930
 106    0.0000000  0.00000001
 107    0.0000043  -0.00000219
 108    0.0000042  -0.00001243
 109    0.0000026  -0.00000251
 110    0.0000026  -0.00000391
 111    0.0000000  -0.00000002
 112    0.0000021  0.00000041
 113    0.0000036  -0.00001087
 114    0.0000019  -0.00000216
 115    0.0000017  -0.00000208
 116    0.0000000  -0.00000000
 
----------------
 Final Energies 
----------------
Final NOF Total Energy =    -100.8236119
 
Total Orbital Internal Iterations = 10
Total Occupation Internal Iterations = 0
 
Elapsed time:   28.86 Seconds

---------------------------------
   Lowdin Population Analysis    
---------------------------------
 Idx  Atom   Population   Charge 
---------------------------------
  1     H     1.148      -0.148
  2     F     8.895       0.105
  3     H     0.957       0.043

---------------------------------
   M Diagnostic: 0.03
---------------------------------

