Computing Integrals
Basis Set                                            = def2-qzvp
Auxiliary Basis Set                                  = def2-universal-jkfit
Gaussian Type                                        = Spherical
Elapsed time:   16.52 Seconds

Number of basis functions                   (NBF)    = 642
Number of auxiliary basis functions         (NBFAUX) = 634
Inactive Doubly occupied orbitals up to     (NO1)    = 0
No. considered Strongly Doubly occupied MOs (NDOC)   = 25
No. considered Strongly Singly occupied MOs (NSOC)   = 0
NO. of Weakly occ. per St. Doubly occ.  MOs (NCWO)   = 24
Dimension of the Nat. Orb. subspace         (NBF5)   = 625
No. of electrons                                     = 50
    No. of alpha electrons                           = 25
    No. of beta electrons                            = 25
Multiplicity                                         = 1

Geometry
========
 C      -1.4389280      -0.1098150       0.5320710
 H      -2.4723350       0.0745730       0.8248840
 O      -1.4725270      -1.0835520      -0.5024510
 C      -0.7982190       1.2040860       0.0870420
 H      -1.4570380       1.6941530      -0.6322070
 H      -0.7309590       1.8612060       0.9598960
 C       0.5916280       1.0561430      -0.5438030
 H       1.0126080       2.0524650      -0.6999240
 H       0.5035310       0.5962270      -1.5304770
 H      -0.5860970      -1.4623720      -0.5039450
 H      -0.9167790      -0.5057240       1.4080120
 C       1.5807110       0.2380840       0.2816880
 H       2.6061380       0.4720480      -0.0111360
 H       1.4811300       0.4692730       1.3425220
 O       1.3607170      -1.1796070       0.1661890
 H       1.8431270      -1.4775620      -0.6095270

Orthonormality violations 220896, Maximum Violation 0.000137
Trying to orthonormalize
No violations of the orthonormality
No violations of the orthonormality
 
PNOF8/ADABelief Calculation
==================
 
  Nitext  Nit_orb  Time   Nit_occ  Time         Eelec          Etot           Ediff      maxdiff    MaxGrad_orb  Grad_occ
     1      10    7.3e+01    0    3.2e+01  -572.99580189  -308.57732247 -10571.99580189   0.000099   3.9e-04   2.2e-04 0.03
 
RESULTS OF THE OCCUPATION OPTIMIZATION
========================================
   1    1.9999880  -20.60290245
   2    1.9999875  -20.56900378
   3    1.9999663  -11.28689123
   4    1.9999649  -11.26523941
   5    1.9999623  -11.23839328
   6    1.9999642  -11.23082341
   7    1.9873548  -1.28646770
   8    1.9872321  -1.25079896
   9    1.9732748  -0.75660743
  10    1.9748133  -0.74092959
  11    1.9701699  -0.73405153
  12    1.9746462  -0.72086389
  13    1.9730249  -0.71866742
  14    1.9744826  -0.71776617
  15    1.9741613  -0.71457363
  16    1.9702948  -0.70515322
  17    1.9732417  -0.69187075
  18    1.9742707  -0.68950981
  19    1.9747298  -0.67947145
  20    1.9734055  -0.67898846
  21    1.9733802  -0.67561195
  22    1.9730353  -0.66800915
  23    1.9726276  -0.66519033
  24    1.9779004  -0.57180661
  25    1.9773752  -0.53171200
  26    0.0097275  -0.01773389
  27    0.0094024  -0.01756877
  28    0.0153659  -0.02094397
  29    0.0157707  -0.02166461
  30    0.0152480  -0.02095405
  31    0.0156255  -0.02135258
  32    0.0155878  -0.02140580
  33    0.0158459  -0.02190285
  34    0.0157009  -0.02178793
  35    0.0253815  -0.04273944
  36    0.0160931  -0.02206027
  37    0.0200300  -0.03127149
  38    0.0201278  -0.03234476
  39    0.0205450  -0.03211868
  40    0.0254310  -0.04303912
  41    0.0205865  -0.03226668
  42    0.0197290  -0.03140704
  43    0.0065000  -0.01879696
  44    0.0064138  -0.01885040
  45    0.0000286  -0.00068290
  46    0.0000290  -0.00068368
  47    0.0000262  -0.00061701
  48    0.0000254  -0.00058633
  49    0.0000109  -0.00040952
  50    0.0000105  -0.00039052
  51    0.0044428  -0.00928658
  52    0.0045401  -0.00953249
  53    0.0042224  -0.00677486
  54    0.0043849  -0.00730830
  55    0.0044073  -0.00723882
  56    0.0043296  -0.00684520
  57    0.0042566  -0.00706958
  58    0.0044712  -0.00727811
  59    0.0043310  -0.00731150
  60    0.0035299  -0.00811264
  61    0.0044748  -0.00720528
  62    0.0018111  -0.00467868
  63    0.0039390  -0.00840114
  64    0.0014384  -0.00364622
  65    0.0035157  -0.00817016
  66    0.0012349  -0.00315931
  67    0.0039968  -0.00851645
  68    0.0019199  -0.00733401
  69    0.0019254  -0.00738708
  70    0.0000022  -0.00003111
  71    0.0000030  -0.00006537
  72    0.0000029  -0.00005751
  73    0.0000027  -0.00004951
  74    0.0000004  -0.00000881
  75    0.0000005  -0.00001361
  76    0.0042741  -0.00888158
  77    0.0043013  -0.00900724
  78    0.0039993  -0.00662513
  79    0.0041340  -0.00679186
  80    0.0041215  -0.00689256
  81    0.0032169  -0.00577790
  82    0.0025256  -0.00509946
  83    0.0021754  -0.00422045
  84    0.0041330  -0.00695530
  85    0.0003577  -0.00108022
  86    0.0021782  -0.00422175
  87    0.0009814  -0.00263674
  88    0.0019650  -0.00497949
  89    0.0010179  -0.00277659
  90    0.0004413  -0.00128791
  91    0.0010220  -0.00282003
  92    0.0020427  -0.00505560
  93    0.0011560  -0.00596879
  94    0.0011732  -0.00607600
  95    0.0000018  -0.00001267
  96    0.0000020  -0.00001463
  97    0.0000024  -0.00002056
  98    0.0000021  -0.00002110
  99    0.0000004  -0.00000651
 100    0.0000005  -0.00001196
 101    0.0013662  -0.00521833
 102    0.0014412  -0.00541105
 103    0.0021527  -0.00418579
 104    0.0011600  -0.00252027
 105    0.0010696  -0.00232678
 106    0.0020702  -0.00408271
 107    0.0011305  -0.00243842
 108    0.0013767  -0.00297111
 109    0.0011396  -0.00247488
 110    0.0002856  -0.00092348
 111    0.0014219  -0.00292409
 112    0.0009042  -0.00231394
 113    0.0004258  -0.00124176
 114    0.0009689  -0.00257156
 115    0.0003007  -0.00097925
 116    0.0009740  -0.00260213
 117    0.0004234  -0.00125434
 118    0.0008551  -0.00582274
 119    0.0008892  -0.00569349
 120    0.0000018  -0.00001438
 121    0.0000018  -0.00001135
 122    0.0000019  -0.00001190
 123    0.0000019  -0.00001428
 124    0.0000004  -0.00003788
 125    0.0000004  -0.00003647
 126    0.0006404  -0.00205744
 127    0.0006673  -0.00202520
 128    0.0003806  -0.00104655
 129    0.0003514  -0.00091569
 130    0.0004227  -0.00120907
 131    0.0002798  -0.00091891
 132    0.0003920  -0.00106899
 133    0.0005193  -0.00159644
 134    0.0003613  -0.00101569
 135    0.0000467  -0.00017934
 136    0.0005453  -0.00148908
 137    0.0006205  -0.00144623
 138    0.0001718  -0.00067489
 139    0.0005672  -0.00137764
 140    0.0000455  -0.00017855
 141    0.0005089  -0.00132474
 142    0.0001725  -0.00066831
 143    0.0006724  -0.00263622
 144    0.0006454  -0.00262056
 145    0.0000012  -0.00006016
 146    0.0000014  -0.00003914
 147    0.0000013  -0.00005553
 148    0.0000013  -0.00005288
 149    0.0000002  -0.00000246
 150    0.0000000  -0.00000074
 151    0.0006074  -0.00215344
 152    0.0005611  -0.00210344
 153    0.0003790  -0.00106436
 154    0.0002584  -0.00073514
 155    0.0003260  -0.00090454
 156    0.0002584  -0.00076078
 157    0.0003123  -0.00103382
 158    0.0002919  -0.00084982
 159    0.0002654  -0.00077647
 160    0.0000296  -0.00012025
 161    0.0002441  -0.00072988
 162    0.0005976  -0.00140527
 163    0.0000722  -0.00028213
 164    0.0003917  -0.00118100
 165    0.0000239  -0.00010667
 166    0.0004468  -0.00128981
 167    0.0001039  -0.00036761
 168    0.0005103  -0.00379090
 169    0.0004646  -0.00329497
 170    0.0000001  -0.00000143
 171    0.0000002  -0.00000269
 172    0.0000001  -0.00000176
 173    0.0000001  -0.00000130
 174    0.0000000  -0.00000075
 175    0.0000000  -0.00000033
 176    0.0005667  -0.00170329
 177    0.0004324  -0.00160386
 178    0.0001848  -0.00052024
 179    0.0002404  -0.00072265
 180    0.0002934  -0.00079990
 181    0.0002053  -0.00060941
 182    0.0002788  -0.00079436
 183    0.0002484  -0.00083829
 184    0.0002402  -0.00072043
 185    0.0000176  -0.00008236
 186    0.0001831  -0.00054491
 187    0.0001115  -0.00039552
 188    0.0000667  -0.00024820
 189    0.0001133  -0.00042075
 190    0.0000176  -0.00007887
 191    0.0001034  -0.00034687
 192    0.0000591  -0.00023022
 193    0.0003142  -0.00145684
 194    0.0003151  -0.00144797
 195    0.0000001  -0.00000103
 196    0.0000001  -0.00000143
 197    0.0000001  -0.00000117
 198    0.0000001  -0.00000110
 199    0.0000000  -0.00000035
 200    0.0000000  -0.00000015
 201    0.0004313  -0.00163117
 202    0.0002299  -0.00083817
 203    0.0001797  -0.00047821
 204    0.0001822  -0.00056266
 205    0.0001867  -0.00054088
 206    0.0001457  -0.00044381
 207    0.0001949  -0.00058363
 208    0.0001796  -0.00053755
 209    0.0001353  -0.00042414
 210    0.0000162  -0.00006960
 211    0.0001576  -0.00048875
 212    0.0000731  -0.00024779
 213    0.0000490  -0.00019180
 214    0.0000933  -0.00030878
 215    0.0000156  -0.00007269
 216    0.0000735  -0.00025402
 217    0.0000553  -0.00020419
 218    0.0002707  -0.00109588
 219    0.0002800  -0.00136966
 220    0.0000000  -0.00000058
 221    0.0000000  -0.00000065
 222    0.0000000  -0.00000091
 223    0.0000000  -0.00000058
 224    0.0000000  -0.00000019
 225    0.0000000  -0.00000013
 226    0.0002781  -0.00097398
 227    0.0001428  -0.00070335
 228    0.0001463  -0.00045451
 229    0.0001469  -0.00045672
 230    0.0001664  -0.00048715
 231    0.0001279  -0.00042774
 232    0.0001666  -0.00065021
 233    0.0001642  -0.00053149
 234    0.0001037  -0.00031964
 235    0.0000102  -0.00004748
 236    0.0001293  -0.00041977
 237    0.0000614  -0.00021516
 238    0.0000349  -0.00014171
 239    0.0000403  -0.00015771
 240    0.0000113  -0.00005194
 241    0.0000484  -0.00018085
 242    0.0000357  -0.00014515
 243    0.0001405  -0.00109512
 244    0.0002583  -0.00123847
 245    0.0000000  -0.00000055
 246    0.0000000  -0.00000050
 247    0.0000000  -0.00000080
 248    0.0000000  -0.00000043
 249    0.0000000  -0.00000011
 250    0.0000000  -0.00000012
 251    0.0001273  -0.00062794
 252    0.0001392  -0.00074390
 253    0.0000930  -0.00029350
 254    0.0000768  -0.00026962
 255    0.0000893  -0.00028324
 256    0.0000810  -0.00027767
 257    0.0000948  -0.00030000
 258    0.0000956  -0.00032281
 259    0.0000803  -0.00027227
 260    0.0000089  -0.00004159
 261    0.0000891  -0.00031205
 262    0.0000457  -0.00016979
 263    0.0000315  -0.00012550
 264    0.0000359  -0.00014256
 265    0.0000092  -0.00004197
 266    0.0000397  -0.00014812
 267    0.0000312  -0.00013740
 268    0.0000723  -0.00085751
 269    0.0000931  -0.00120694
 270    0.0000000  -0.00000051
 271    0.0000000  -0.00000043
 272    0.0000000  -0.00000072
 273    0.0000000  -0.00000035
 274    0.0000000  -0.00000011
 275    0.0000000  -0.00000011
 276    0.0000396  -0.00016475
 277    0.0000602  -0.00025507
 278    0.0000734  -0.00025017
 279    0.0000662  -0.00021975
 280    0.0000686  -0.00024130
 281    0.0000660  -0.00023496
 282    0.0000812  -0.00028074
 283    0.0000898  -0.00030185
 284    0.0000618  -0.00020906
 285    0.0000056  -0.00002716
 286    0.0000803  -0.00028955
 287    0.0000425  -0.00015663
 288    0.0000241  -0.00011072
 289    0.0000303  -0.00012459
 290    0.0000040  -0.00001417
 291    0.0000340  -0.00013190
 292    0.0000199  -0.00009758
 293    0.0000451  -0.00023759
 294    0.0000340  -0.00017626
 295    0.0000000  -0.00000033
 296    0.0000000  -0.00000036
 297    0.0000000  -0.00000068
 298    0.0000000  -0.00000034
 299    0.0000000  -0.00000009
 300    0.0000000  -0.00000010
 301    0.0000260  -0.00012320
 302    0.0000423  -0.00017240
 303    0.0000585  -0.00019526
 304    0.0000518  -0.00018414
 305    0.0000580  -0.00019544
 306    0.0000496  -0.00017808
 307    0.0000684  -0.00024026
 308    0.0000676  -0.00025112
 309    0.0000522  -0.00018366
 310    0.0000031  -0.00001048
 311    0.0000701  -0.00024052
 312    0.0000387  -0.00014883
 313    0.0000155  -0.00008192
 314    0.0000253  -0.00010316
 315    0.0000034  -0.00001164
 316    0.0000329  -0.00012584
 317    0.0000164  -0.00008340
 318    0.0000417  -0.00020921
 319    0.0000327  -0.00017624
 320    0.0000000  -0.00000026
 321    0.0000000  -0.00000035
 322    0.0000000  -0.00000059
 323    0.0000000  -0.00000032
 324    0.0000000  -0.00000008
 325    0.0000000  -0.00000010
 326    0.0000204  -0.00010388
 327    0.0000304  -0.00013770
 328    0.0000440  -0.00016047
 329    0.0000396  -0.00014868
 330    0.0000483  -0.00016790
 331    0.0000423  -0.00015396
 332    0.0000679  -0.00022150
 333    0.0000526  -0.00018669
 334    0.0000368  -0.00014402
 335    0.0000028  -0.00000853
 336    0.0000462  -0.00016761
 337    0.0000377  -0.00014566
 338    0.0000146  -0.00006795
 339    0.0000182  -0.00008694
 340    0.0000022  -0.00000694
 341    0.0000180  -0.00008533
 342    0.0000097  -0.00004665
 343    0.0000362  -0.00017986
 344    0.0000224  -0.00013771
 345    0.0000000  -0.00000026
 346    0.0000000  -0.00000029
 347    0.0000000  -0.00000052
 348    0.0000000  -0.00000029
 349    0.0000000  -0.00000008
 350    0.0000000  -0.00000009
 351    0.0000172  -0.00009321
 352    0.0000223  -0.00011227
 353    0.0000249  -0.00010049
 354    0.0000287  -0.00011913
 355    0.0000288  -0.00012098
 356    0.0000279  -0.00011889
 357    0.0000285  -0.00012312
 358    0.0000362  -0.00014740
 359    0.0000316  -0.00013190
 360    0.0000021  -0.00000639
 361    0.0000363  -0.00014642
 362    0.0000331  -0.00013180
 363    0.0000094  -0.00004426
 364    0.0000158  -0.00007009
 365    0.0000016  -0.00000532
 366    0.0000135  -0.00006509
 367    0.0000066  -0.00003322
 368    0.0000315  -0.00017953
 369    0.0000202  -0.00012288
 370    0.0000000  -0.00000024
 371    0.0000000  -0.00000028
 372    0.0000000  -0.00000049
 373    0.0000000  -0.00000027
 374    0.0000000  -0.00000007
 375    0.0000000  -0.00000009
 376    0.0000140  -0.00007194
 377    0.0000201  -0.00009657
 378    0.0000129  -0.00005678
 379    0.0000171  -0.00007536
 380    0.0000249  -0.00009853
 381    0.0000144  -0.00006588
 382    0.0000255  -0.00011297
 383    0.0000237  -0.00010726
 384    0.0000206  -0.00009391
 385    0.0000014  -0.00000486
 386    0.0000269  -0.00011223
 387    0.0000260  -0.00010276
 388    0.0000061  -0.00003082
 389    0.0000108  -0.00005224
 390    0.0000012  -0.00000453
 391    0.0000112  -0.00005641
 392    0.0000057  -0.00003064
 393    0.0000284  -0.00015565
 394    0.0000178  -0.00011585
 395    0.0000000  -0.00000019
 396    0.0000000  -0.00000028
 397    0.0000000  -0.00000047
 398    0.0000000  -0.00000027
 399    0.0000000  -0.00000007
 400    0.0000000  -0.00000009
 401    0.0000126  -0.00006290
 402    0.0000168  -0.00009235
 403    0.0000111  -0.00004855
 404    0.0000127  -0.00005786
 405    0.0000120  -0.00005719
 406    0.0000121  -0.00005539
 407    0.0000110  -0.00005317
 408    0.0000218  -0.00009736
 409    0.0000167  -0.00007893
 410    0.0000010  -0.00000392
 411    0.0000157  -0.00007935
 412    0.0000188  -0.00008345
 413    0.0000050  -0.00002307
 414    0.0000095  -0.00004834
 415    0.0000010  -0.00000374
 416    0.0000081  -0.00004312
 417    0.0000042  -0.00001721
 418    0.0000255  -0.00014331
 419    0.0000137  -0.00009272
 420    0.0000000  -0.00000019
 421    0.0000000  -0.00000022
 422    0.0000000  -0.00000042
 423    0.0000000  -0.00000026
 424    0.0000000  -0.00000005
 425    0.0000000  -0.00000008
 426    0.0000072  -0.00004002
 427    0.0000137  -0.00007035
 428    0.0000084  -0.00004091
 429    0.0000110  -0.00005066
 430    0.0000109  -0.00005191
 431    0.0000091  -0.00004355
 432    0.0000099  -0.00004926
 433    0.0000181  -0.00008593
 434    0.0000121  -0.00005505
 435    0.0000010  -0.00000358
 436    0.0000093  -0.00004315
 437    0.0000141  -0.00006283
 438    0.0000042  -0.00001733
 439    0.0000075  -0.00003834
 440    0.0000009  -0.00000333
 441    0.0000059  -0.00003278
 442    0.0000025  -0.00000925
 443    0.0000237  -0.00013426
 444    0.0000112  -0.00007341
 445    0.0000000  -0.00000017
 446    0.0000000  -0.00000021
 447    0.0000000  -0.00000039
 448    0.0000000  -0.00000026
 449    0.0000000  -0.00000005
 450    0.0000000  -0.00000008
 451    0.0000051  -0.00002887
 452    0.0000100  -0.00005062
 453    0.0000080  -0.00003805
 454    0.0000088  -0.00004127
 455    0.0000084  -0.00004000
 456    0.0000073  -0.00003786
 457    0.0000090  -0.00004514
 458    0.0000112  -0.00005434
 459    0.0000088  -0.00004209
 460    0.0000009  -0.00000340
 461    0.0000084  -0.00004261
 462    0.0000126  -0.00005964
 463    0.0000029  -0.00001082
 464    0.0000049  -0.00002622
 465    0.0000008  -0.00000327
 466    0.0000055  -0.00003015
 467    0.0000023  -0.00000784
 468    0.0000215  -0.00012865
 469    0.0000095  -0.00006231
 470    0.0000000  -0.00000014
 471    0.0000000  -0.00000019
 472    0.0000000  -0.00000036
 473    0.0000000  -0.00000024
 474    0.0000000  -0.00000005
 475    0.0000000  -0.00000008
 476    0.0000047  -0.00002638
 477    0.0000093  -0.00004733
 478    0.0000066  -0.00003169
 479    0.0000063  -0.00003220
 480    0.0000073  -0.00003832
 481    0.0000063  -0.00003250
 482    0.0000074  -0.00003866
 483    0.0000098  -0.00004881
 484    0.0000069  -0.00003354
 485    0.0000008  -0.00000326
 486    0.0000082  -0.00004144
 487    0.0000121  -0.00005497
 488    0.0000023  -0.00000830
 489    0.0000045  -0.00002237
 490    0.0000007  -0.00000297
 491    0.0000046  -0.00002409
 492    0.0000019  -0.00000649
 493    0.0000207  -0.00012441
 494    0.0000092  -0.00006048
 495    0.0000000  -0.00000013
 496    0.0000000  -0.00000018
 497    0.0000000  -0.00000038
 498    0.0000000  -0.00000025
 499    0.0000000  -0.00000005
 500    0.0000000  -0.00000008
 501    0.0000042  -0.00002159
 502    0.0000049  -0.00002938
 503    0.0000057  -0.00002864
 504    0.0000043  -0.00001842
 505    0.0000059  -0.00003003
 506    0.0000050  -0.00002355
 507    0.0000067  -0.00003548
 508    0.0000091  -0.00004501
 509    0.0000053  -0.00002482
 510    0.0000006  -0.00000306
 511    0.0000057  -0.00002868
 512    0.0000109  -0.00005208
 513    0.0000021  -0.00000697
 514    0.0000039  -0.00001787
 515    0.0000006  -0.00000291
 516    0.0000040  -0.00002043
 517    0.0000016  -0.00000619
 518    0.0000192  -0.00011838
 519    0.0000054  -0.00005396
 520    0.0000000  -0.00000013
 521    0.0000000  -0.00000016
 522    0.0000000  -0.00000035
 523    0.0000000  -0.00000023
 524    0.0000000  -0.00000005
 525    0.0000000  -0.00000009
 526    0.0000037  -0.00001827
 527    0.0000040  -0.00002178
 528    0.0000052  -0.00002324
 529    0.0000037  -0.00001428
 530    0.0000056  -0.00002830
 531    0.0000046  -0.00002104
 532    0.0000048  -0.00002417
 533    0.0000081  -0.00004088
 534    0.0000047  -0.00002092
 535    0.0000006  -0.00000277
 536    0.0000046  -0.00002171
 537    0.0000096  -0.00004829
 538    0.0000015  -0.00000595
 539    0.0000034  -0.00001519
 540    0.0000005  -0.00000262
 541    0.0000035  -0.00001596
 542    0.0000013  -0.00000492
 543    0.0000184  -0.00011351
 544    0.0000036  -0.00002503
 545    0.0000000  -0.00000012
 546    0.0000000  -0.00000016
 547    0.0000000  -0.00000033
 548    0.0000000  -0.00000023
 549    0.0000000  -0.00000005
 550    0.0000000  -0.00000008
 551    0.0000032  -0.00001604
 552    0.0000032  -0.00001595
 553    0.0000043  -0.00001711
 554    0.0000034  -0.00001298
 555    0.0000037  -0.00001473
 556    0.0000037  -0.00001500
 557    0.0000042  -0.00001893
 558    0.0000050  -0.00002541
 559    0.0000044  -0.00001692
 560    0.0000006  -0.00000270
 561    0.0000040  -0.00001821
 562    0.0000089  -0.00004453
 563    0.0000015  -0.00000519
 564    0.0000027  -0.00001191
 565    0.0000005  -0.00000255
 566    0.0000029  -0.00001256
 567    0.0000012  -0.00000465
 568    0.0000172  -0.00011044
 569    0.0000032  -0.00002228
 570    0.0000000  -0.00000012
 571    0.0000000  -0.00000016
 572    0.0000000  -0.00000032
 573    0.0000000  -0.00000023
 574    0.0000000  -0.00000005
 575    0.0000000  -0.00000008
 576    0.0000027  -0.00001305
 577    0.0000026  -0.00001196
 578    0.0000030  -0.00001175
 579    0.0000031  -0.00001174
 580    0.0000036  -0.00001444
 581    0.0000032  -0.00001339
 582    0.0000034  -0.00001583
 583    0.0000045  -0.00002084
 584    0.0000033  -0.00001318
 585    0.0000005  -0.00000237
 586    0.0000036  -0.00001569
 587    0.0000081  -0.00004305
 588    0.0000013  -0.00000446
 589    0.0000026  -0.00001023
 590    0.0000005  -0.00000247
 591    0.0000024  -0.00000933
 592    0.0000011  -0.00000432
 593    0.0000144  -0.00009229
 594    0.0000023  -0.00001368
 595    0.0000000  -0.00000012
 596    0.0000000  -0.00000016
 597    0.0000000  -0.00000032
 598    0.0000000  -0.00000023
 599    0.0000000  -0.00000005
 600    0.0000000  -0.00000008
 601    0.0000023  -0.00000916
 602    0.0000023  -0.00000895
 603    0.0000029  -0.00000983
 604    0.0000023  -0.00000767
 605    0.0000031  -0.00001236
 606    0.0000027  -0.00000940
 607    0.0000022  -0.00000770
 608    0.0000035  -0.00001512
 609    0.0000025  -0.00000932
 610    0.0000005  -0.00000256
 611    0.0000026  -0.00000963
 612    0.0000078  -0.00003811
 613    0.0000010  -0.00000409
 614    0.0000025  -0.00000999
 615    0.0000005  -0.00000246
 616    0.0000021  -0.00000686
 617    0.0000011  -0.00000424
 618    0.0000133  -0.00008157
 619    0.0000020  -0.00000972
 620    0.0000000  -0.00000011
 621    0.0000000  -0.00000014
 622    0.0000000  -0.00000026
 623    0.0000000  -0.00000021
 624    0.0000000  -0.00000005
 625    0.0000000  -0.00000007
 
----------------
 Final Energies 
----------------
Final NOF Total Energy =    -308.5773225
 
Total Orbital Internal Iterations = 10
Total Occupation Internal Iterations = 0
 
Elapsed time:  139.84 Seconds

---------------------------------
   Lowdin Population Analysis    
---------------------------------
 Idx  Atom   Population   Charge 
---------------------------------
  1     C     6.108      -0.108
  2     H     1.061      -0.061
  3     O     7.435       0.565
  4     C     5.919       0.081
  5     H     1.047      -0.047
  6     H     1.045      -0.045
  7     C     5.919       0.081
  8     H     1.046      -0.046
  9     H     1.047      -0.047
 10     H     1.365      -0.365
 11     H     1.060      -0.060
 12     C     6.081      -0.081
 13     H     1.063      -0.063
 14     H     1.054      -0.054
 15     O     7.413       0.587
 16     H     1.338      -0.338

---------------------------------
   M Diagnostic: 0.03
---------------------------------

