Computing Integrals
Basis Set                                            = def2-qzvp
Auxiliary Basis Set                                  = def2-universal-jkfit
Gaussian Type                                        = Spherical
Elapsed time:    3.11 Seconds

Number of basis functions                   (NBF)    = 257
Number of auxiliary basis functions         (NBFAUX) = 367
Inactive Doubly occupied orbitals up to     (NO1)    = 0
No. considered Strongly Doubly occupied MOs (NDOC)   = 21
No. considered Strongly Singly occupied MOs (NSOC)   = 0
NO. of Weakly occ. per St. Doubly occ.  MOs (NCWO)   = 11
Dimension of the Nat. Orb. subspace         (NBF5)   = 252
No. of electrons                                     = 42
    No. of alpha electrons                           = 21
    No. of beta electrons                            = 21
Multiplicity                                         = 1

Geometry
========
Cl       0.0000000       1.4939925       0.8346445
 C       0.0000000       0.0000000      -0.1555982
Cl       0.0000000      -1.4939925       0.8346445
 H       0.8986495       0.0000000      -0.7568453
 H      -0.8986495       0.0000000      -0.7568453

Orthonormality violations 15973, Maximum Violation 0.000051
Trying to orthonormalize
No violations of the orthonormality
No violations of the orthonormality
 
PNOF8/ADABelief Calculation
==================
 
  Nitext  Nit_orb  Time   Nit_occ  Time         Eelec          Etot           Ediff      maxdiff    MaxGrad_orb  Grad_occ
     1      10    1.4e+01    0    1.2e+01 -1092.19676189  -959.37488960 -11091.19676189   0.000100   4.0e-04   1.7e-04 0.03
 
RESULTS OF THE OCCUPATION OPTIMIZATION
========================================
   1    1.9999995  -104.90261033
   2    1.9999996  -104.89307773
   3    1.9999660  -11.25300525
   4    1.9999619  -10.71604118
   5    1.9999242  -10.61903852
   6    1.9991280  -8.07191383
   7    1.9991307  -8.06954175
   8    1.9995150  -8.06948282
   9    1.9994481  -8.06928156
  10    1.9994691  -8.06677727
  11    1.9994260  -8.06660351
  12    1.9830432  -1.09889415
  13    1.9829091  -1.09378079
  14    1.9785267  -0.83196495
  15    1.9762861  -0.73964932
  16    1.9708526  -0.66031765
  17    1.9693264  -0.65823524
  18    1.9778785  -0.50476409
  19    1.9699553  -0.50035761
  20    1.9725897  -0.49792445
  21    1.9691351  -0.49711963
  22    0.0081693  -0.01633302
  23    0.0093470  -0.01772414
  24    0.0096472  -0.01737632
  25    0.0075408  -0.01742674
  26    0.0281458  -0.04718813
  27    0.0251013  -0.04520428
  28    0.0113691  -0.01935577
  29    0.0101892  -0.01878553
  30    0.0055159  -0.02736653
  31    0.0059625  -0.02806914
  32    0.0005139  -0.01186617
  33    0.0003708  -0.00892511
  34    0.0004436  -0.01031854
  35    0.0004437  -0.01030366
  36    0.0004520  -0.01063204
  37    0.0004889  -0.01169531
  38    0.0000151  -0.00021735
  39    0.0000270  -0.00046952
  40    0.0000308  -0.00060451
  41    0.0000003  -0.00000472
  42    0.0000001  -0.00000176
  43    0.0081464  -0.01632256
  44    0.0088826  -0.01750440
  45    0.0094719  -0.01738415
  46    0.0064320  -0.01981946
  47    0.0007495  -0.00190908
  48    0.0022884  -0.00761193
  49    0.0036567  -0.01211800
  50    0.0030435  -0.01221372
  51    0.0045026  -0.01928002
  52    0.0051370  -0.01748386
  53    0.0000104  -0.00009087
  54    0.0000709  -0.00308822
  55    0.0000697  -0.00304556
  56    0.0000169  -0.00087941
  57    0.0003928  -0.00954142
  58    0.0003201  -0.00785329
  59    0.0000134  -0.00011229
  60    0.0000055  -0.00022640
  61    0.0000016  -0.00003582
  62    0.0000000  -0.00000043
  63    0.0000001  -0.00000155
  64    0.0078253  -0.01579403
  65    0.0071958  -0.01895287
  66    0.0092330  -0.01690577
  67    0.0020164  -0.00950152
  68    0.0006884  -0.00166067
  69    0.0006835  -0.00183936
  70    0.0029256  -0.00689946
  71    0.0027594  -0.00716785
  72    0.0017511  -0.00994543
  73    0.0017776  -0.00963690
  74    0.0000094  -0.00008847
  75    0.0000576  -0.00065634
  76    0.0000144  -0.00011628
  77    0.0000104  -0.00009898
  78    0.0000129  -0.00061990
  79    0.0000083  -0.00008185
  80    0.0000122  -0.00011089
  81    0.0000025  -0.00018833
  82    0.0000006  -0.00000798
  83    0.0000000  -0.00000021
  84    0.0000001  -0.00000137
  85    0.0064385  -0.01649621
  86    0.0006846  -0.00165124
  87    0.0006328  -0.00152473
  88    0.0019234  -0.00938162
  89    0.0006450  -0.00162570
  90    0.0006563  -0.00164393
  91    0.0025847  -0.00595607
  92    0.0024081  -0.00618343
  93    0.0017383  -0.00984754
  94    0.0016805  -0.00908996
  95    0.0000082  -0.00009755
  96    0.0000160  -0.00011572
  97    0.0000108  -0.00009263
  98    0.0000083  -0.00009466
  99    0.0000060  -0.00006480
 100    0.0000082  -0.00007917
 101    0.0000109  -0.00020340
 102    0.0000016  -0.00003978
 103    0.0000005  -0.00000664
 104    0.0000000  -0.00000019
 105    0.0000000  -0.00000112
 106    0.0000496  -0.00018353
 107    0.0006713  -0.00163860
 108    0.0004317  -0.00118500
 109    0.0018760  -0.00855501
 110    0.0000848  -0.00026556
 111    0.0000916  -0.00030496
 112    0.0011306  -0.00345072
 113    0.0010367  -0.00400026
 114    0.0016155  -0.00903116
 115    0.0010399  -0.00737024
 116    0.0000067  -0.00006862
 117    0.0000060  -0.00007837
 118    0.0000056  -0.00006394
 119    0.0000030  -0.00013920
 120    0.0000021  -0.00015546
 121    0.0000078  -0.00008471
 122    0.0000103  -0.00010813
 123    0.0000014  -0.00002302
 124    0.0000004  -0.00000581
 125    0.0000000  -0.00000020
 126    0.0000000  -0.00000104
 127    0.0000461  -0.00016755
 128    0.0002122  -0.00077487
 129    0.0002339  -0.00084252
 130    0.0006156  -0.00167810
 131    0.0000730  -0.00023560
 132    0.0000645  -0.00022864
 133    0.0006801  -0.00201417
 134    0.0008319  -0.00284755
 135    0.0014798  -0.00823386
 136    0.0004737  -0.00156073
 137    0.0000056  -0.00007402
 138    0.0000039  -0.00007699
 139    0.0000029  -0.00006488
 140    0.0000017  -0.00009689
 141    0.0000014  -0.00001996
 142    0.0000075  -0.00007246
 143    0.0000044  -0.00035746
 144    0.0000000  -0.00000108
 145    0.0000000  -0.00000052
 146    0.0000000  -0.00000018
 147    0.0000000  -0.00000098
 148    0.0000420  -0.00015429
 149    0.0001190  -0.00047171
 150    0.0001743  -0.00061018
 151    0.0006146  -0.00166625
 152    0.0000627  -0.00020970
 153    0.0000608  -0.00020457
 154    0.0003806  -0.00113984
 155    0.0003574  -0.00113999
 156    0.0001605  -0.00118877
 157    0.0002442  -0.00126447
 158    0.0000051  -0.00005361
 159    0.0000024  -0.00004144
 160    0.0000015  -0.00002081
 161    0.0000003  -0.00000408
 162    0.0000006  -0.00001496
 163    0.0000071  -0.00007662
 164    0.0000036  -0.00015286
 165    0.0000000  -0.00000062
 166    0.0000000  -0.00000036
 167    0.0000000  -0.00000013
 168    0.0000000  -0.00000090
 169    0.0000396  -0.00014729
 170    0.0000922  -0.00033917
 171    0.0000904  -0.00032165
 172    0.0004989  -0.00143669
 173    0.0000608  -0.00019340
 174    0.0000577  -0.00019464
 175    0.0003147  -0.00098301
 176    0.0003064  -0.00096060
 177    0.0001297  -0.00090067
 178    0.0002177  -0.00113553
 179    0.0000044  -0.00004469
 180    0.0000020  -0.00007409
 181    0.0000012  -0.00001894
 182    0.0000002  -0.00000354
 183    0.0000005  -0.00000665
 184    0.0000065  -0.00006984
 185    0.0000029  -0.00008640
 186    0.0000000  -0.00000048
 187    0.0000000  -0.00000018
 188    0.0000000  -0.00000015
 189    0.0000000  -0.00000087
 190    0.0000380  -0.00014703
 191    0.0000850  -0.00029701
 192    0.0000471  -0.00015537
 193    0.0002969  -0.00100112
 194    0.0000584  -0.00019204
 195    0.0000549  -0.00018893
 196    0.0002913  -0.00101801
 197    0.0002403  -0.00094127
 198    0.0000970  -0.00063600
 199    0.0001800  -0.00096458
 200    0.0000040  -0.00005253
 201    0.0000006  -0.00001141
 202    0.0000009  -0.00001382
 203    0.0000002  -0.00000289
 204    0.0000004  -0.00000533
 205    0.0000064  -0.00006540
 206    0.0000016  -0.00003423
 207    0.0000000  -0.00000028
 208    0.0000000  -0.00000009
 209    0.0000000  -0.00000012
 210    0.0000000  -0.00000080
 211    0.0000358  -0.00013404
 212    0.0000644  -0.00023806
 213    0.0000422  -0.00014279
 214    0.0001859  -0.00080377
 215    0.0000549  -0.00018328
 216    0.0000451  -0.00016320
 217    0.0002099  -0.00074658
 218    0.0001772  -0.00069301
 219    0.0000511  -0.00022572
 220    0.0001252  -0.00089545
 221    0.0000035  -0.00005085
 222    0.0000004  -0.00000512
 223    0.0000007  -0.00001117
 224    0.0000002  -0.00000277
 225    0.0000004  -0.00000473
 226    0.0000059  -0.00006667
 227    0.0000007  -0.00001188
 228    0.0000000  -0.00000028
 229    0.0000000  -0.00000007
 230    0.0000000  -0.00000013
 231    0.0000000  -0.00000071
 232    0.0000344  -0.00013311
 233    0.0000563  -0.00019600
 234    0.0000401  -0.00014061
 235    0.0001209  -0.00063918
 236    0.0000503  -0.00017920
 237    0.0000433  -0.00014855
 238    0.0001704  -0.00057273
 239    0.0001230  -0.00063989
 240    0.0000495  -0.00020701
 241    0.0001185  -0.00082371
 242    0.0000028  -0.00005159
 243    0.0000003  -0.00000407
 244    0.0000006  -0.00001606
 245    0.0000001  -0.00000231
 246    0.0000004  -0.00000445
 247    0.0000053  -0.00005496
 248    0.0000005  -0.00000584
 249    0.0000000  -0.00000021
 250    0.0000000  -0.00000007
 251    0.0000000  -0.00000011
 252    0.0000000  -0.00000069
 
----------------
 Final Energies 
----------------
Final NOF Total Energy =    -959.3748896
 
Total Orbital Internal Iterations = 10
Total Occupation Internal Iterations = 0
 
Elapsed time:   35.17 Seconds

---------------------------------
   Lowdin Population Analysis    
---------------------------------
 Idx  Atom   Population   Charge 
---------------------------------
  1    Cl    16.624       0.376
  2     C     6.528      -0.528
  3    Cl    16.619       0.381
  4     H     1.115      -0.115
  5     H     1.114      -0.114

---------------------------------
   M Diagnostic: 0.03
---------------------------------

