Computing Integrals
Basis Set                                            = def2-qzvp
Auxiliary Basis Set                                  = def2-universal-jkfit
Gaussian Type                                        = Spherical
Elapsed time:    2.64 Seconds

Number of basis functions                   (NBF)    = 140
Number of auxiliary basis functions         (NBFAUX) = 256
Inactive Doubly occupied orbitals up to     (NO1)    = 0
No. considered Strongly Doubly occupied MOs (NDOC)   = 17
No. considered Strongly Singly occupied MOs (NSOC)   = 0
NO. of Weakly occ. per St. Doubly occ.  MOs (NCWO)   = 7
Dimension of the Nat. Orb. subspace         (NBF5)   = 136
No. of electrons                                     = 34
    No. of alpha electrons                           = 17
    No. of beta electrons                            = 17
Multiplicity                                         = 1

Geometry
========
Cl       0.0000000       0.0000000       1.0211660
Cl       0.0000000       0.0000000      -1.0211660

Orthonormality violations 2024, Maximum Violation 0.000077
Trying to orthonormalize
No violations of the orthonormality
No violations of the orthonormality
 
PNOF8/ADABelief Calculation
==================
 
  Nitext  Nit_orb  Time   Nit_occ  Time         Eelec          Etot           Ediff      maxdiff    MaxGrad_orb  Grad_occ
     1      10    1.0e+01    0    1.2e+01  -994.96050306  -920.07948600 -10993.96050306   0.000099   4.0e-04   1.9e-04 0.03
 
RESULTS OF THE OCCUPATION OPTIMIZATION
========================================
   1    1.9999987  -104.95216897
   2    1.9999989  -104.95066025
   3    1.9999206  -10.64899472
   4    1.9999061  -10.64718591
   5    1.9993483  -8.11617991
   6    1.9990875  -8.11495921
   7    1.9993553  -8.11170793
   8    1.9993995  -8.11092967
   9    1.9994032  -8.11069402
  10    1.9991182  -8.11059507
  11    1.9835008  -1.12133520
  12    1.9839860  -1.12052613
  13    1.9662292  -0.63303607
  14    1.9721729  -0.52587188
  15    1.9720719  -0.52580308
  16    1.9708934  -0.52396277
  17    1.9708304  -0.52370856
  18    0.0081824  -0.01665423
  19    0.0082036  -0.01670953
  20    0.0097439  -0.01945665
  21    0.0096472  -0.01951514
  22    0.0323755  -0.05928248
  23    0.0058279  -0.02981428
  24    0.0051012  -0.02735208
  25    0.0004549  -0.01106776
  26    0.0004984  -0.01169603
  27    0.0004463  -0.01058373
  28    0.0004624  -0.01086499
  29    0.0004325  -0.01049313
  30    0.0004608  -0.01086774
  31    0.0000553  -0.00063833
  32    0.0000595  -0.00090938
  33    0.0000004  -0.00001578
  34    0.0000010  -0.00007078
  35    0.0076548  -0.01631845
  36    0.0079093  -0.01673475
  37    0.0087861  -0.01736726
  38    0.0087354  -0.01745296
  39    0.0005714  -0.00151764
  40    0.0018601  -0.01137940
  41    0.0034080  -0.01738103
  42    0.0003118  -0.00795782
  43    0.0000182  -0.00016279
  44    0.0000686  -0.00162719
  45    0.0000736  -0.00219912
  46    0.0002840  -0.00706419
  47    0.0000706  -0.00169268
  48    0.0000084  -0.00010292
  49    0.0000059  -0.00011075
  50    0.0000002  -0.00001007
  51    0.0000001  -0.00000925
  52    0.0066507  -0.01508463
  53    0.0066499  -0.01521109
  54    0.0070011  -0.01849914
  55    0.0069674  -0.01847901
  56    0.0003123  -0.00095722
  57    0.0018084  -0.01028441
  58    0.0017077  -0.00997260
  59    0.0000671  -0.00084697
  60    0.0000174  -0.00015961
  61    0.0000444  -0.00063400
  62    0.0000653  -0.00075119
  63    0.0000666  -0.00090196
  64    0.0000678  -0.00078926
  65    0.0000078  -0.00008161
  66    0.0000055  -0.00006222
  67    0.0000001  -0.00000784
  68    0.0000001  -0.00000662
  69    0.0055125  -0.01649201
  70    0.0055469  -0.01648239
  71    0.0006498  -0.00163354
  72    0.0006503  -0.00163495
  73    0.0001759  -0.00076967
  74    0.0017828  -0.01016880
  75    0.0016976  -0.00992710
  76    0.0000155  -0.00013692
  77    0.0000165  -0.00015340
  78    0.0000159  -0.00042633
  79    0.0000143  -0.00054715
  80    0.0000643  -0.00137455
  81    0.0000168  -0.00015212
  82    0.0000073  -0.00010852
  83    0.0000053  -0.00005812
  84    0.0000001  -0.00000745
  85    0.0000001  -0.00000389
  86    0.0005530  -0.00153726
  87    0.0003394  -0.00103134
  88    0.0006492  -0.00163814
  89    0.0006458  -0.00163147
  90    0.0001684  -0.00075016
  91    0.0017684  -0.01013469
  92    0.0016942  -0.00988639
  93    0.0000132  -0.00012775
  94    0.0000163  -0.00015164
  95    0.0000096  -0.00012687
  96    0.0000132  -0.00012757
  97    0.0000452  -0.00065235
  98    0.0000145  -0.00051042
  99    0.0000060  -0.00013028
 100    0.0000030  -0.00056678
 101    0.0000001  -0.00000657
 102    0.0000000  -0.00000042
 103    0.0004287  -0.00121161
 104    0.0002694  -0.00090148
 105    0.0005949  -0.00156547
 106    0.0005945  -0.00147355
 107    0.0000999  -0.00037535
 108    0.0017640  -0.01011599
 109    0.0014555  -0.00870990
 110    0.0000100  -0.00010498
 111    0.0000154  -0.00014756
 112    0.0000080  -0.00008087
 113    0.0000085  -0.00008683
 114    0.0000115  -0.00031284
 115    0.0000120  -0.00019704
 116    0.0000054  -0.00005837
 117    0.0000001  -0.00000632
 118    0.0000001  -0.00000599
 119    0.0000000  -0.00000041
 120    0.0001875  -0.00085588
 121    0.0001880  -0.00085526
 122    0.0005031  -0.00130966
 123    0.0005865  -0.00146851
 124    0.0000675  -0.00021828
 125    0.0012024  -0.00865580
 126    0.0014349  -0.00860278
 127    0.0000092  -0.00009104
 128    0.0000146  -0.00026829
 129    0.0000078  -0.00008011
 130    0.0000075  -0.00007893
 131    0.0000085  -0.00008494
 132    0.0000091  -0.00009317
 133    0.0000037  -0.00060426
 134    0.0000001  -0.00000340
 135    0.0000001  -0.00000326
 136    0.0000000  -0.00000028
 
----------------
 Final Energies 
----------------
Final NOF Total Energy =    -920.0794860
 
Total Orbital Internal Iterations = 10
Total Occupation Internal Iterations = 0
 
Elapsed time:   29.58 Seconds

---------------------------------
   Lowdin Population Analysis    
---------------------------------
 Idx  Atom   Population   Charge 
---------------------------------
  1    Cl    17.000      -0.000
  2    Cl    17.000       0.000

---------------------------------
   M Diagnostic: 0.03
---------------------------------

