Computing Integrals
Basis Set                                            = def2-qzvp
Auxiliary Basis Set                                  = def2-universal-jkfit
Gaussian Type                                        = Spherical
Elapsed time:    1.72 Seconds

Number of basis functions                   (NBF)    = 177
Number of auxiliary basis functions         (NBFAUX) = 147
Inactive Doubly occupied orbitals up to     (NO1)    = 0
No. considered Strongly Doubly occupied MOs (NDOC)   = 5
No. considered Strongly Singly occupied MOs (NSOC)   = 0
NO. of Weakly occ. per St. Doubly occ.  MOs (NCWO)   = 34
Dimension of the Nat. Orb. subspace         (NBF5)   = 175
No. of electrons                                     = 10
    No. of alpha electrons                           = 5
    No. of beta electrons                            = 5
Multiplicity                                         = 1

Geometry
========
 C       0.0000000       0.0000000       0.0000000
 H       0.6285100      -0.6285100       0.6285100
 H      -0.6285100       0.6285100       0.6285100
 H      -0.6285100      -0.6285100      -0.6285100
 H       0.6285100       0.6285100      -0.6285100

No violations of the orthonormality
No violations of the orthonormality
 
PNOF8/ADABelief Calculation
==================
 
  Nitext  Nit_orb  Time   Nit_occ  Time         Eelec          Etot           Ediff      maxdiff    MaxGrad_orb  Grad_occ
     1      10    1.0e+01    0    1.2e+01   -53.92041289   -40.46791078 -10052.92041289   0.000998   4.0e-03   1.5e-04 0.02
 
RESULTS OF THE OCCUPATION OPTIMIZATION
========================================
   1    1.9999108  -11.21616581
   2    1.9759352  -0.68269915
   3    1.9749467  -0.67235030
   4    1.9745638  -0.66926490
   5    1.9722920  -0.64957904
   6    0.0163037  -0.02095366
   7    0.0164849  -0.02133913
   8    0.0160632  -0.02116361
   9    0.0144984  -0.02021506
  10    0.0000822  -0.00179840
  11    0.0049442  -0.00718857
  12    0.0048465  -0.00714333
  13    0.0046862  -0.00703678
  14    0.0040756  -0.00663298
  15    0.0000019  -0.00005664
  16    0.0044659  -0.00669558
  17    0.0012275  -0.00257833
  18    0.0012379  -0.00287094
  19    0.0017158  -0.00347805
  20    0.0000018  -0.00001325
  21    0.0011314  -0.00234366
  22    0.0011284  -0.00236193
  23    0.0011263  -0.00245576
  24    0.0010881  -0.00471676
  25    0.0000014  -0.00000988
  26    0.0002310  -0.00055237
  27    0.0005565  -0.00121127
  28    0.0006272  -0.00126454
  29    0.0010697  -0.00242852
  30    0.0000013  -0.00004643
  31    0.0001046  -0.00028906
  32    0.0003219  -0.00077655
  33    0.0003180  -0.00080796
  34    0.0005488  -0.00122667
  35    0.0000001  -0.00000199
  36    0.0001029  -0.00027670
  37    0.0002653  -0.00061024
  38    0.0003121  -0.00078174
  39    0.0002826  -0.00070684
  40    0.0000000  -0.00000062
  41    0.0000978  -0.00026653
  42    0.0001092  -0.00027952
  43    0.0002549  -0.00060105
  44    0.0002792  -0.00066291
  45    0.0000000  -0.00000047
  46    0.0000696  -0.00017371
  47    0.0001071  -0.00028447
  48    0.0001006  -0.00026905
  49    0.0001081  -0.00029996
  50    0.0000000  -0.00000043
  51    0.0000582  -0.00015758
  52    0.0000955  -0.00027079
  53    0.0000580  -0.00017160
  54    0.0000970  -0.00027415
  55    0.0000000  -0.00000036
  56    0.0000433  -0.00014118
  57    0.0000589  -0.00016777
  58    0.0000502  -0.00016348
  59    0.0000599  -0.00017396
  60    0.0000000  -0.00000037
  61    0.0000311  -0.00010686
  62    0.0000545  -0.00016623
  63    0.0000481  -0.00014312
  64    0.0000513  -0.00016641
  65    0.0000000  -0.00000033
  66    0.0000290  -0.00010685
  67    0.0000458  -0.00013825
  68    0.0000322  -0.00010786
  69    0.0000418  -0.00014796
  70    0.0000000  -0.00000030
  71    0.0000226  -0.00008397
  72    0.0000305  -0.00010608
  73    0.0000241  -0.00009813
  74    0.0000305  -0.00010703
  75    0.0000000  -0.00000025
  76    0.0000120  -0.00004330
  77    0.0000228  -0.00008725
  78    0.0000219  -0.00008988
  79    0.0000224  -0.00008667
  80    0.0000000  -0.00000029
  81    0.0000108  -0.00004152
  82    0.0000167  -0.00007541
  83    0.0000125  -0.00004903
  84    0.0000159  -0.00007323
  85    0.0000000  -0.00000018
  86    0.0000092  -0.00003626
  87    0.0000121  -0.00004711
  88    0.0000108  -0.00004061
  89    0.0000111  -0.00004133
  90    0.0000000  -0.00000018
  91    0.0000080  -0.00003183
  92    0.0000109  -0.00004273
  93    0.0000101  -0.00004179
  94    0.0000110  -0.00004263
  95    0.0000000  -0.00000017
  96    0.0000062  -0.00002902
  97    0.0000065  -0.00003207
  98    0.0000094  -0.00004054
  99    0.0000087  -0.00003798
 100    0.0000000  -0.00000016
 101    0.0000054  -0.00002580
 102    0.0000055  -0.00002682
 103    0.0000081  -0.00005269
 104    0.0000081  -0.00003865
 105    0.0000000  -0.00000016
 106    0.0000031  -0.00001379
 107    0.0000049  -0.00002013
 108    0.0000075  -0.00004177
 109    0.0000076  -0.00003316
 110    0.0000000  -0.00000010
 111    0.0000028  -0.00001010
 112    0.0000041  -0.00001842
 113    0.0000055  -0.00002919
 114    0.0000053  -0.00002796
 115    0.0000000  -0.00000009
 116    0.0000022  -0.00000579
 117    0.0000030  -0.00001059
 118    0.0000051  -0.00002224
 119    0.0000038  -0.00002218
 120    0.0000000  -0.00000009
 121    0.0000020  -0.00000643
 122    0.0000026  -0.00000830
 123    0.0000048  -0.00002086
 124    0.0000035  -0.00001516
 125    0.0000000  -0.00000009
 126    0.0000016  -0.00000223
 127    0.0000022  -0.00000674
 128    0.0000026  -0.00000995
 129    0.0000029  -0.00001036
 130    0.0000000  -0.00000009
 131    0.0000015  -0.00000156
 132    0.0000020  -0.00000488
 133    0.0000025  -0.00000932
 134    0.0000029  -0.00001038
 135    0.0000000  -0.00000008
 136    0.0000012  -0.00000165
 137    0.0000016  -0.00000143
 138    0.0000022  -0.00000557
 139    0.0000024  -0.00000757
 140    0.0000000  -0.00000007
 141    0.0000011  -0.00000129
 142    0.0000015  -0.00000158
 143    0.0000022  -0.00000711
 144    0.0000024  -0.00000765
 145    0.0000000  -0.00000007
 146    0.0000010  -0.00000170
 147    0.0000014  -0.00000179
 148    0.0000019  -0.00000480
 149    0.0000023  -0.00000632
 150    0.0000000  -0.00000007
 151    0.0000010  -0.00000068
 152    0.0000013  -0.00000159
 153    0.0000018  -0.00000474
 154    0.0000020  -0.00000556
 155    0.0000000  -0.00000004
 156    0.0000010  -0.00000099
 157    0.0000013  -0.00000187
 158    0.0000015  -0.00000152
 159    0.0000016  -0.00000352
 160    0.0000000  -0.00000007
 161    0.0000009  -0.00000070
 162    0.0000011  -0.00000107
 163    0.0000014  -0.00000117
 164    0.0000015  -0.00000134
 165    0.0000000  -0.00000006
 166    0.0000008  -0.00000066
 167    0.0000010  -0.00000083
 168    0.0000014  -0.00000134
 169    0.0000012  -0.00000161
 170    0.0000000  -0.00000005
 171    0.0000008  -0.00000050
 172    0.0000010  -0.00000072
 173    0.0000013  -0.00000085
 174    0.0000011  -0.00000115
 175    0.0000000  -0.00000004
 
----------------
 Final Energies 
----------------
Final NOF Total Energy =     -40.4679108
 
Total Orbital Internal Iterations = 10
Total Occupation Internal Iterations = 0
 
Elapsed time:   28.50 Seconds

---------------------------------
   Lowdin Population Analysis    
---------------------------------
 Idx  Atom   Population   Charge 
---------------------------------
  1     C     5.697       0.303
  2     H     1.075      -0.075
  3     H     1.076      -0.076
  4     H     1.076      -0.076
  5     H     1.076      -0.076

---------------------------------
   M Diagnostic: 0.02
---------------------------------

