Computing Integrals
Basis Set                                            = def2-qzvp
Auxiliary Basis Set                                  = def2-universal-jkfit
Gaussian Type                                        = Spherical
Elapsed time:    2.54 Seconds

Number of basis functions                   (NBF)    = 157
Number of auxiliary basis functions         (NBFAUX) = 221
Inactive Doubly occupied orbitals up to     (NO1)    = 0
No. considered Strongly Doubly occupied MOs (NDOC)   = 11
No. considered Strongly Singly occupied MOs (NSOC)   = 0
NO. of Weakly occ. per St. Doubly occ.  MOs (NCWO)   = 13
Dimension of the Nat. Orb. subspace         (NBF5)   = 154
No. of electrons                                     = 22
    No. of alpha electrons                           = 11
    No. of beta electrons                            = 11
Multiplicity                                         = 1

Geometry
========
 P       0.0000000       0.0000000       0.5341990
 C       0.0000000       0.0000000      -0.9915770
 H       0.0000000       0.0000000      -2.0635260

Orthonormality violations 5052, Maximum Violation 0.000089
Trying to orthonormalize
No violations of the orthonormality
No violations of the orthonormality
 
PNOF8/ADABelief Calculation
==================
 
  Nitext  Nit_orb  Time   Nit_occ  Time         Eelec          Etot           Ediff      maxdiff    MaxGrad_orb  Grad_occ
     1      10    1.0e+01    0    1.2e+01  -416.99767548  -379.76593202 -10415.99767548   0.000099   4.0e-04   1.7e-04 0.03
 
RESULTS OF THE OCCUPATION OPTIMIZATION
========================================
   1    1.9999993  -79.99411532
   2    1.9999726  -11.27571513
   3    1.9998966  -7.51085123
   4    1.9991975  -5.40870683
   5    1.9984013  -5.40620769
   6    1.9987029  -5.40602181
   7    1.9797194  -0.84738326
   8    1.9808767  -0.78023376
   9    1.9743750  -0.60849783
  10    1.9662677  -0.40495893
  11    1.9638430  -0.40330911
  12    0.0218131  -0.03140439
  13    0.0298173  -0.03679479
  14    0.0135220  -0.03053473
  15    0.0057091  -0.02351122
  16    0.0074678  -0.01616198
  17    0.0006199  -0.01000308
  18    0.0015259  -0.01529397
  19    0.0004675  -0.00512943
  20    0.0001020  -0.00254119
  21    0.0000138  -0.00029182
  22    0.0000005  -0.00002969
  23    0.0052756  -0.00908660
  24    0.0009784  -0.00186811
  25    0.0046847  -0.01237017
  26    0.0037480  -0.01522960
  27    0.0039118  -0.01281910
  28    0.0006021  -0.00653568
  29    0.0000104  -0.00007795
  30    0.0001889  -0.00240232
  31    0.0000002  -0.00000437
  32    0.0000056  -0.00015613
  33    0.0000001  -0.00000069
  34    0.0046528  -0.00751854
  35    0.0006708  -0.00134545
  36    0.0040857  -0.01033885
  37    0.0027565  -0.01063122
  38    0.0023612  -0.00686551
  39    0.0000168  -0.00038247
  40    0.0000092  -0.00006721
  41    0.0000764  -0.00162002
  42    0.0000001  -0.00000284
  43    0.0000024  -0.00003140
  44    0.0000000  -0.00000047
  45    0.0041007  -0.00656285
  46    0.0004192  -0.00082637
  47    0.0007513  -0.00204010
  48    0.0021506  -0.00894900
  49    0.0022367  -0.00650148
  50    0.0000132  -0.00008180
  51    0.0000086  -0.00006822
  52    0.0000314  -0.00045691
  53    0.0000001  -0.00000237
  54    0.0000021  -0.00002575
  55    0.0000000  -0.00000044
  56    0.0000533  -0.00015492
  57    0.0003997  -0.00077437
  58    0.0007025  -0.00249034
  59    0.0020545  -0.00882773
  60    0.0015695  -0.00543492
  61    0.0000092  -0.00006628
  62    0.0000076  -0.00013532
  63    0.0000167  -0.00045185
  64    0.0000001  -0.00000236
  65    0.0000018  -0.00005641
  66    0.0000000  -0.00000019
  67    0.0000404  -0.00012904
  68    0.0003628  -0.00066256
  69    0.0005812  -0.00163886
  70    0.0015887  -0.00681401
  71    0.0012328  -0.00588834
  72    0.0000074  -0.00005401
  73    0.0000067  -0.00004974
  74    0.0000057  -0.00004492
  75    0.0000001  -0.00000234
  76    0.0000005  -0.00000778
  77    0.0000000  -0.00000009
  78    0.0000364  -0.00012139
  79    0.0003601  -0.00065734
  80    0.0003742  -0.00138091
  81    0.0005706  -0.00230336
  82    0.0007640  -0.00235923
  83    0.0000056  -0.00004767
  84    0.0000060  -0.00004434
  85    0.0000037  -0.00011405
  86    0.0000001  -0.00000185
  87    0.0000003  -0.00000649
  88    0.0000000  -0.00000006
  89    0.0000347  -0.00009696
  90    0.0002597  -0.00063914
  91    0.0003304  -0.00102752
  92    0.0001476  -0.00052483
  93    0.0001679  -0.00050460
  94    0.0000052  -0.00004537
  95    0.0000049  -0.00010465
  96    0.0000028  -0.00002718
  97    0.0000001  -0.00000175
  98    0.0000003  -0.00000524
  99    0.0000000  -0.00000005
 100    0.0000335  -0.00009679
 101    0.0001490  -0.00036683
 102    0.0001679  -0.00054944
 103    0.0001415  -0.00047802
 104    0.0001311  -0.00042869
 105    0.0000046  -0.00003932
 106    0.0000047  -0.00013313
 107    0.0000026  -0.00002551
 108    0.0000001  -0.00000166
 109    0.0000002  -0.00000415
 110    0.0000000  -0.00000004
 111    0.0000321  -0.00008813
 112    0.0001248  -0.00033958
 113    0.0001362  -0.00041306
 114    0.0001188  -0.00052325
 115    0.0001289  -0.00044297
 116    0.0000044  -0.00003893
 117    0.0000042  -0.00004376
 118    0.0000021  -0.00004057
 119    0.0000001  -0.00000154
 120    0.0000001  -0.00000315
 121    0.0000000  -0.00000004
 122    0.0000297  -0.00010360
 123    0.0000784  -0.00022869
 124    0.0001344  -0.00041216
 125    0.0000616  -0.00025198
 126    0.0001256  -0.00037116
 127    0.0000041  -0.00003552
 128    0.0000039  -0.00020949
 129    0.0000018  -0.00001434
 130    0.0000001  -0.00000143
 131    0.0000001  -0.00000281
 132    0.0000000  -0.00000004
 133    0.0000287  -0.00008524
 134    0.0000613  -0.00020251
 135    0.0000916  -0.00031614
 136    0.0000417  -0.00015438
 137    0.0001244  -0.00037881
 138    0.0000029  -0.00003463
 139    0.0000034  -0.00003345
 140    0.0000015  -0.00001232
 141    0.0000001  -0.00000084
 142    0.0000001  -0.00000087
 143    0.0000000  -0.00000003
 144    0.0000260  -0.00007606
 145    0.0000507  -0.00014335
 146    0.0000630  -0.00023435
 147    0.0000341  -0.00011720
 148    0.0000589  -0.00021849
 149    0.0000019  -0.00001450
 150    0.0000031  -0.00003870
 151    0.0000012  -0.00001111
 152    0.0000001  -0.00000081
 153    0.0000001  -0.00000066
 154    0.0000000  -0.00000003
 
----------------
 Final Energies 
----------------
Final NOF Total Energy =    -379.7659320
 
Total Orbital Internal Iterations = 10
Total Occupation Internal Iterations = 0
 
Elapsed time:   29.80 Seconds

---------------------------------
   Lowdin Population Analysis    
---------------------------------
 Idx  Atom   Population   Charge 
---------------------------------
  1     P    14.609       0.391
  2     C     6.214      -0.214
  3     H     1.177      -0.177

---------------------------------
   M Diagnostic: 0.03
---------------------------------

