Computing Integrals
Basis Set                                            = def2-qzvp
Auxiliary Basis Set                                  = def2-universal-jkfit
Gaussian Type                                        = Spherical
Elapsed time:    3.06 Seconds

Number of basis functions                   (NBF)    = 172
Number of auxiliary basis functions         (NBFAUX) = 305
Inactive Doubly occupied orbitals up to     (NO1)    = 0
No. considered Strongly Doubly occupied MOs (NDOC)   = 43
No. considered Strongly Singly occupied MOs (NSOC)   = 0
NO. of Weakly occ. per St. Doubly occ.  MOs (NCWO)   = 3
Dimension of the Nat. Orb. subspace         (NBF5)   = 172
No. of electrons                                     = 86
    No. of alpha electrons                           = 43
    No. of beta electrons                            = 43
Multiplicity                                         = 1

Geometry
========
Bi       0.0000000       0.7652138       0.0000000
 H       1.4364560      -0.2550713       0.0000000
 H      -0.7182280      -0.2550713       1.2440070
 H      -0.7182280      -0.2550713      -1.2440070

No violations of the orthonormality
No violations of the orthonormality
 
PNOF8/ADABelief Calculation
==================
 
  Nitext  Nit_orb  Time   Nit_occ  Time         Eelec          Etot           Ediff      maxdiff    MaxGrad_orb  Grad_occ
     1      10    2.3e+01    0    2.6e+01 -4547.59469556 -4472.17210973 -14546.59469556   0.000654   2.6e-03   3.2e-04 0.03
 
RESULTS OF THE OCCUPATION OPTIMIZATION
========================================
   1    2.0000000  -236.83432927
   2    1.9999999  -112.81806088
   3    1.9999999  -112.81155692
   4    1.9999999  -112.81151966
   5    1.9999999  -60.47713914
   6    1.9999993  -27.56090776
   7    1.9999992  -27.54473634
   8    1.9999992  -27.43726634
   9    1.9999992  -24.04995083
  10    1.9999991  -23.91582633
  11    1.9999989  -23.84029262
  12    1.9999988  -23.73488444
  13    1.9999990  -23.73192166
  14    1.9999989  -23.72486847
  15    1.9999990  -23.71597499
  16    1.9999987  -23.14806506
  17    1.9999987  -23.14630495
  18    1.9999984  -22.55555959
  19    1.9999981  -22.52963163
  20    1.9999979  -22.48608689
  21    1.9999979  -20.66667502
  22    1.9999406  -5.34795207
  23    1.9999344  -5.34197946
  24    1.9999419  -5.34023161
  25    1.9999276  -5.00210026
  26    1.9994545  -3.23494627
  27    1.9993652  -3.23281996
  28    1.9994392  -3.22579583
  29    1.9993963  -3.21432811
  30    1.9993914  -3.21102852
  31    1.9993456  -3.20429855
  32    1.9992913  -3.20118886
  33    1.9975738  -2.61459842
  34    1.9969249  -2.61311721
  35    1.9959596  -2.43591357
  36    1.9955449  -2.42770360
  37    1.9953392  -2.42640714
  38    1.9756125  -0.74072955
  39    1.9756456  -0.73573762
  40    1.9675646  -0.54378301
  41    1.9727548  -0.51724118
  42    1.9718772  -0.47246799
  43    1.9705573  -0.46647039
  44    0.0106133  -0.01350115
  45    0.0099292  -0.01283580
  46    0.0094946  -0.01271081
  47    0.0191574  -0.02579866
  48    0.0091596  -0.01344600
  49    0.0089252  -0.01334436
  50    0.0029881  -0.00807912
  51    0.0029415  -0.00803177
  52    0.0029385  -0.00789598
  53    0.0026501  -0.00769820
  54    0.0013912  -0.00415138
  55    0.0005418  -0.00215398
  56    0.0005515  -0.00217161
  57    0.0004914  -0.00190457
  58    0.0004764  -0.00186298
  59    0.0004048  -0.00157358
  60    0.0003487  -0.00138759
  61    0.0003682  -0.00141748
  62    0.0000425  -0.00022014
  63    0.0000303  -0.00017687
  64    0.0000322  -0.00018214
  65    0.0000269  -0.00016259
  66    0.0000019  -0.00003998
  67    0.0000017  -0.00003817
  68    0.0000015  -0.00003477
  69    0.0000012  -0.00002530
  70    0.0000011  -0.00002361
  71    0.0000011  -0.00002427
  72    0.0000008  -0.00001971
  73    0.0000008  -0.00002120
  74    0.0000007  -0.00001947
  75    0.0000008  -0.00001977
  76    0.0000008  -0.00002123
  77    0.0000006  -0.00001645
  78    0.0000006  -0.00001667
  79    0.0000005  -0.00001470
  80    0.0000004  -0.00001186
  81    0.0000005  -0.00001452
  82    0.0000001  -0.00000131
  83    0.0000000  -0.00000060
  84    0.0000000  -0.00000037
  85    0.0000000  -0.00000066
  86    0.0000000  -0.00000010
  87    0.0098412  -0.01275937
  88    0.0093848  -0.01262388
  89    0.0089336  -0.01272915
  90    0.0080468  -0.01154325
  91    0.0088327  -0.01307618
  92    0.0085191  -0.01281717
  93    0.0013423  -0.00381112
  94    0.0013314  -0.00379119
  95    0.0008132  -0.00257586
  96    0.0002545  -0.00085210
  97    0.0008174  -0.00269013
  98    0.0001137  -0.00046381
  99    0.0000554  -0.00026785
 100    0.0000709  -0.00034813
 101    0.0000772  -0.00036391
 102    0.0001166  -0.00047904
 103    0.0002151  -0.00079380
 104    0.0001248  -0.00048401
 105    0.0000155  -0.00011399
 106    0.0000151  -0.00011341
 107    0.0000218  -0.00014471
 108    0.0000202  -0.00013562
 109    0.0000002  -0.00000565
 110    0.0000002  -0.00000760
 111    0.0000003  -0.00000811
 112    0.0000003  -0.00001004
 113    0.0000001  -0.00000308
 114    0.0000001  -0.00000218
 115    0.0000001  -0.00000276
 116    0.0000001  -0.00000274
 117    0.0000001  -0.00000247
 118    0.0000002  -0.00000770
 119    0.0000002  -0.00000465
 120    0.0000002  -0.00000448
 121    0.0000001  -0.00000215
 122    0.0000002  -0.00000543
 123    0.0000002  -0.00000556
 124    0.0000001  -0.00000254
 125    0.0000000  -0.00000086
 126    0.0000000  -0.00000017
 127    0.0000000  -0.00000017
 128    0.0000000  -0.00000018
 129    0.0000000  -0.00000007
 130    0.0089882  -0.01196019
 131    0.0088089  -0.01205906
 132    0.0088170  -0.01206853
 133    0.0052312  -0.00810096
 134    0.0063621  -0.01035845
 135    0.0069432  -0.01142350
 136    0.0003304  -0.00115500
 137    0.0001823  -0.00057023
 138    0.0002887  -0.00092546
 139    0.0001705  -0.00055415
 140    0.0002176  -0.00065500
 141    0.0000533  -0.00025393
 142    0.0000475  -0.00024096
 143    0.0000463  -0.00023843
 144    0.0000501  -0.00024772
 145    0.0000393  -0.00019592
 146    0.0000710  -0.00035023
 147    0.0000525  -0.00026387
 148    0.0000144  -0.00011113
 149    0.0000127  -0.00010329
 150    0.0000116  -0.00010209
 151    0.0000122  -0.00010409
 152    0.0000001  -0.00000148
 153    0.0000002  -0.00000644
 154    0.0000002  -0.00000392
 155    0.0000001  -0.00000282
 156    0.0000001  -0.00000119
 157    0.0000001  -0.00000118
 158    0.0000001  -0.00000150
 159    0.0000001  -0.00000153
 160    0.0000001  -0.00000180
 161    0.0000001  -0.00000298
 162    0.0000001  -0.00000167
 163    0.0000001  -0.00000262
 164    0.0000001  -0.00000164
 165    0.0000001  -0.00000178
 166    0.0000001  -0.00000285
 167    0.0000001  -0.00000185
 168    0.0000000  -0.00000074
 169    0.0000000  -0.00000018
 170    0.0000000  -0.00000016
 171    0.0000000  -0.00000014
 172    0.0000000  -0.00000006
 
----------------
 Final Energies 
----------------
Final NOF Total Energy =   -4472.1721097
 
Total Orbital Internal Iterations = 10
Total Occupation Internal Iterations = 0
 
Elapsed time:   63.57 Seconds

---------------------------------
   Lowdin Population Analysis    
---------------------------------
 Idx  Atom   Population   Charge 
---------------------------------
  1    Bi    80.910       2.090
  2     H     1.697      -0.697
  3     H     1.699      -0.699
  4     H     1.695      -0.695

---------------------------------
   M Diagnostic: 0.03
---------------------------------

