Computing Integrals
Basis Set                                            = def2-qzvp
Auxiliary Basis Set                                  = def2-universal-jkfit
Gaussian Type                                        = Spherical
Elapsed time:    2.87 Seconds

Number of basis functions                   (NBF)    = 140
Number of auxiliary basis functions         (NBFAUX) = 256
Inactive Doubly occupied orbitals up to     (NO1)    = 0
No. considered Strongly Doubly occupied MOs (NDOC)   = 15
No. considered Strongly Singly occupied MOs (NSOC)   = 0
NO. of Weakly occ. per St. Doubly occ.  MOs (NCWO)   = 8
Dimension of the Nat. Orb. subspace         (NBF5)   = 135
No. of electrons                                     = 30
    No. of alpha electrons                           = 15
    No. of beta electrons                            = 15
Multiplicity                                         = 1

Geometry
========
 P       0.0000000       0.0000000      -0.9491313
 P       0.0000000       0.0000000       0.9491313

Orthonormality violations 1653, Maximum Violation 0.000040
Trying to orthonormalize
No violations of the orthonormality
No violations of the orthonormality
 
PNOF8/ADABelief Calculation
==================
 
  Nitext  Nit_orb  Time   Nit_occ  Time         Eelec          Etot           Ediff      maxdiff    MaxGrad_orb  Grad_occ
     1      10    2.1e+01    0    2.5e+01  -745.05018517  -682.32723615 -10744.05018517   0.000099   4.0e-04   2.5e-04 0.03
 
RESULTS OF THE OCCUPATION OPTIMIZATION
========================================
   1    1.9999992  -80.02273740
   2    1.9999989  -80.02201991
   3    1.9999159  -7.53743249
   4    1.9998438  -7.53217265
   5    1.9982993  -5.42825272
   6    1.9980353  -5.42763973
   7    1.9979360  -5.42705940
   8    1.9979720  -5.42704008
   9    1.9977770  -5.42645637
  10    1.9974793  -5.42611750
  11    1.9803188  -0.74159715
  12    1.9799330  -0.73654482
  13    1.9674911  -0.47919220
  14    1.9661731  -0.38463328
  15    1.9666462  -0.38447886
  16    0.0251573  -0.03800365
  17    0.0254400  -0.03805265
  18    0.0153415  -0.03271402
  19    0.0056884  -0.02593114
  20    0.0052127  -0.02459763
  21    0.0011693  -0.00966866
  22    0.0015504  -0.01560356
  23    0.0012393  -0.01069982
  24    0.0012680  -0.01181675
  25    0.0012943  -0.01231579
  26    0.0015615  -0.01500394
  27    0.0000771  -0.00239741
  28    0.0000787  -0.00188046
  29    0.0000003  -0.00000686
  30    0.0000007  -0.00001738
  31    0.0051820  -0.00842885
  32    0.0055248  -0.00917970
  33    0.0055749  -0.01070348
  34    0.0041816  -0.01878800
  35    0.0042639  -0.01905816
  36    0.0011171  -0.00970039
  37    0.0004600  -0.00534630
  38    0.0004767  -0.00555147
  39    0.0005516  -0.00932370
  40    0.0005773  -0.00958910
  41    0.0000578  -0.00049250
  42    0.0000445  -0.00030106
  43    0.0000042  -0.00058079
  44    0.0000002  -0.00000595
  45    0.0000001  -0.00000431
  46    0.0009608  -0.00231040
  47    0.0009593  -0.00226713
  48    0.0054885  -0.01056157
  49    0.0031672  -0.01463288
  50    0.0028637  -0.01210861
  51    0.0001504  -0.00146879
  52    0.0001088  -0.00234534
  53    0.0002042  -0.00280446
  54    0.0001487  -0.00147372
  55    0.0000361  -0.00025997
  56    0.0000281  -0.00021956
  57    0.0000080  -0.00005967
  58    0.0000005  -0.00001427
  59    0.0000002  -0.00000526
  60    0.0000000  -0.00000137
  61    0.0007126  -0.00167740
  62    0.0005773  -0.00113875
  63    0.0054029  -0.01048299
  64    0.0026979  -0.01089365
  65    0.0027396  -0.01107300
  66    0.0000269  -0.00020430
  67    0.0000495  -0.00035800
  68    0.0000562  -0.00037058
  69    0.0000375  -0.00027680
  70    0.0000163  -0.00013411
  71    0.0000169  -0.00079318
  72    0.0000068  -0.00005481
  73    0.0000002  -0.00000612
  74    0.0000001  -0.00000491
  75    0.0000000  -0.00000073
  76    0.0005442  -0.00108865
  77    0.0004732  -0.00094942
  78    0.0001764  -0.00044135
  79    0.0025817  -0.01067540
  80    0.0026236  -0.01079873
  81    0.0000168  -0.00070284
  82    0.0000265  -0.00020573
  83    0.0000231  -0.00018689
  84    0.0000254  -0.00020984
  85    0.0000150  -0.00010504
  86    0.0000108  -0.00007657
  87    0.0000058  -0.00004740
  88    0.0000002  -0.00000587
  89    0.0000001  -0.00000461
  90    0.0000000  -0.00000045
  91    0.0004559  -0.00092093
  92    0.0003511  -0.00065136
  93    0.0001761  -0.00044108
  94    0.0006249  -0.00249317
  95    0.0017128  -0.00807448
  96    0.0000166  -0.00021616
  97    0.0000132  -0.00018290
  98    0.0000150  -0.00017186
  99    0.0000159  -0.00010976
 100    0.0000091  -0.00006172
 101    0.0000101  -0.00010690
 102    0.0000052  -0.00004241
 103    0.0000001  -0.00000298
 104    0.0000001  -0.00000378
 105    0.0000000  -0.00000043
 106    0.0001815  -0.00047101
 107    0.0003358  -0.00062921
 108    0.0001748  -0.00045545
 109    0.0006148  -0.00240367
 110    0.0001435  -0.00056793
 111    0.0000155  -0.00010767
 112    0.0000089  -0.00006310
 113    0.0000085  -0.00006421
 114    0.0000087  -0.00006545
 115    0.0000085  -0.00005964
 116    0.0000085  -0.00006211
 117    0.0000048  -0.00003705
 118    0.0000001  -0.00000203
 119    0.0000001  -0.00000365
 120    0.0000000  -0.00000026
 121    0.0001595  -0.00038514
 122    0.0001654  -0.00045485
 123    0.0001737  -0.00045418
 124    0.0005106  -0.00225210
 125    0.0001213  -0.00047065
 126    0.0000081  -0.00005861
 127    0.0000056  -0.00004392
 128    0.0000050  -0.00020289
 129    0.0000082  -0.00005940
 130    0.0000080  -0.00005937
 131    0.0000070  -0.00005259
 132    0.0000041  -0.00045806
 133    0.0000001  -0.00000165
 134    0.0000001  -0.00000321
 135    0.0000000  -0.00000023
 
----------------
 Final Energies 
----------------
Final NOF Total Energy =    -682.3272362
 
Total Orbital Internal Iterations = 10
Total Occupation Internal Iterations = 0
 
Elapsed time:   64.21 Seconds

---------------------------------
   Lowdin Population Analysis    
---------------------------------
 Idx  Atom   Population   Charge 
---------------------------------
  1     P    15.000       0.000
  2     P    15.000      -0.000

---------------------------------
   M Diagnostic: 0.03
---------------------------------

