Computing Integrals
Basis Set                                            = def2-qzvp
Auxiliary Basis Set                                  = def2-universal-jkfit
Gaussian Type                                        = Spherical
Elapsed time:    2.66 Seconds

Number of basis functions                   (NBF)    = 114
Number of auxiliary basis functions         (NBFAUX) = 154
Inactive Doubly occupied orbitals up to     (NO1)    = 0
No. considered Strongly Doubly occupied MOs (NDOC)   = 7
No. considered Strongly Singly occupied MOs (NSOC)   = 2
NO. of Weakly occ. per St. Doubly occ.  MOs (NCWO)   = 15
Dimension of the Nat. Orb. subspace         (NBF5)   = 114
No. of electrons                                     = 16
    No. of alpha electrons                           = 9
    No. of beta electrons                            = 7
Multiplicity                                         = 3

Geometry
========
 O       0.0000000       0.0000000      -0.6096935
 O       0.0000000       0.0000000       0.6096935

Orthonormality violations 2205, Maximum Violation 0.000144
Trying to orthonormalize
No violations of the orthonormality
No violations of the orthonormality
 
PNOF8/ADABelief Calculation
==================
 
  Nitext  Nit_orb  Time   Nit_occ  Time         Eelec          Etot           Ediff      maxdiff    MaxGrad_orb  Grad_occ
     1      10    2.1e+01    0    2.5e+01  -177.91339193  -150.13937757 -10176.91339193   0.000100   4.0e-04   1.7e-04 0.03
 
RESULTS OF THE OCCUPATION OPTIMIZATION
========================================
   1    1.9999709  -20.75266193
   2    1.9999557  -20.75174375
   3    1.9850472  -1.35659773
   4    1.9848354  -1.34418229
   5    1.9670284  -0.86899161
   6    1.9764197  -0.73104998
   7    1.9755234  -0.73068647
   8    1.0000000  -0.30091200
   9    1.0000000  -0.30070495
  10    0.0084589  -0.01535037
  11    0.0085131  -0.01541033
  12    0.0305855  -0.05888468
  13    0.0068269  -0.01957644
  14    0.0068666  -0.01960310
  15    0.0000215  -0.00087819
  16    0.0000132  -0.00048743
  17    0.0048598  -0.00954562
  18    0.0049014  -0.00954849
  19    0.0016549  -0.00504560
  20    0.0036534  -0.00922233
  21    0.0036142  -0.00917420
  22    0.0000049  -0.00009218
  23    0.0000037  -0.00006767
  24    0.0044594  -0.00861017
  25    0.0045304  -0.00870113
  26    0.0002130  -0.00076648
  27    0.0017773  -0.00588293
  28    0.0022398  -0.00728631
  29    0.0000045  -0.00007473
  30    0.0000032  -0.00005950
  31    0.0041940  -0.00813706
  32    0.0026276  -0.00658075
  33    0.0001824  -0.00067307
  34    0.0006156  -0.00217172
  35    0.0006191  -0.00218626
  36    0.0000042  -0.00007148
  37    0.0000030  -0.00005764
  38    0.0012439  -0.00359552
  39    0.0012650  -0.00364502
  40    0.0000989  -0.00048980
  41    0.0005334  -0.00478450
  42    0.0004936  -0.00464181
  43    0.0000022  -0.00005120
  44    0.0000021  -0.00005175
  45    0.0004083  -0.00121446
  46    0.0004248  -0.00125400
  47    0.0000920  -0.00045906
  48    0.0004174  -0.00215333
  49    0.0003671  -0.00176018
  50    0.0000016  -0.00004904
  51    0.0000013  -0.00004113
  52    0.0002756  -0.00081507
  53    0.0002814  -0.00084451
  54    0.0000239  -0.00013727
  55    0.0003424  -0.00125255
  56    0.0002012  -0.00083779
  57    0.0000013  -0.00004088
  58    0.0000008  -0.00005159
  59    0.0001937  -0.00066435
  60    0.0002752  -0.00084811
  61    0.0000204  -0.00012530
  62    0.0003394  -0.00126020
  63    0.0001854  -0.00080677
  64    0.0000010  -0.00003680
  65    0.0000005  -0.00001861
  66    0.0001896  -0.00067156
  67    0.0002464  -0.00076448
  68    0.0000192  -0.00012248
  69    0.0002088  -0.00082820
  70    0.0001434  -0.00063626
  71    0.0000009  -0.00003335
  72    0.0000003  -0.00002463
  73    0.0001067  -0.00059397
  74    0.0002378  -0.00075652
  75    0.0000155  -0.00010972
  76    0.0002028  -0.00083836
  77    0.0001021  -0.00110943
  78    0.0000007  -0.00002147
  79    0.0000003  -0.00000722
  80    0.0000201  -0.00012589
  81    0.0001699  -0.00061719
  82    0.0000142  -0.00008907
  83    0.0001467  -0.00063836
  84    0.0000428  -0.00026318
  85    0.0000004  -0.00002762
  86    0.0000002  -0.00001176
  87    0.0000176  -0.00011072
  88    0.0000440  -0.00027113
  89    0.0000135  -0.00009069
  90    0.0000434  -0.00026541
  91    0.0000223  -0.00013642
  92    0.0000004  -0.00000682
  93    0.0000002  -0.00000233
  94    0.0000167  -0.00009526
  95    0.0000270  -0.00015161
  96    0.0000131  -0.00008290
  97    0.0000229  -0.00014211
  98    0.0000209  -0.00013257
  99    0.0000003  -0.00000600
 100    0.0000001  -0.00000210
 101    0.0000164  -0.00009953
 102    0.0000184  -0.00010443
 103    0.0000127  -0.00008228
 104    0.0000181  -0.00011840
 105    0.0000187  -0.00012250
 106    0.0000002  -0.00001595
 107    0.0000001  -0.00000109
 108    0.0000160  -0.00008639
 109    0.0000179  -0.00009917
 110    0.0000124  -0.00007944
 111    0.0000161  -0.00010254
 112    0.0000156  -0.00010477
 113    0.0000001  -0.00000181
 114    0.0000001  -0.00000053
 
----------------
 Final Energies 
----------------
Final NOF Total Energy =    -150.1393776
 
Total Orbital Internal Iterations = 10
Total Occupation Internal Iterations = 0
 
Elapsed time:   63.93 Seconds

---------------------------------
   Lowdin Population Analysis    
---------------------------------
 Idx  Atom   Population   Charge 
---------------------------------
  1     O     7.999       0.001
  2     O     8.001      -0.001

---------------------------------
   M Diagnostic: 0.03
---------------------------------

