Computing Integrals
Basis Set                                            = def2-qzvp
Auxiliary Basis Set                                  = def2-universal-jkfit
Gaussian Type                                        = Spherical
Elapsed time:    2.65 Seconds

Number of basis functions                   (NBF)    = 160
Number of auxiliary basis functions         (NBFAUX) = 182
Inactive Doubly occupied orbitals up to     (NO1)    = 0
No. considered Strongly Doubly occupied MOs (NDOC)   = 8
No. considered Strongly Singly occupied MOs (NSOC)   = 0
NO. of Weakly occ. per St. Doubly occ.  MOs (NCWO)   = 19
Dimension of the Nat. Orb. subspace         (NBF5)   = 160
No. of electrons                                     = 16
    No. of alpha electrons                           = 8
    No. of beta electrons                            = 8
Multiplicity                                         = 1

Geometry
========
Al      -0.0000000       0.0000000       0.0000000
 H      -0.7926514       1.3729124       0.0000000
 H      -0.7926514      -1.3729124       0.0000000
 H       1.5853027       0.0000000       0.0000000

No violations of the orthonormality
No violations of the orthonormality
 
PNOF8/ADABelief Calculation
==================
 
  Nitext  Nit_orb  Time   Nit_occ  Time         Eelec          Etot           Ediff      maxdiff    MaxGrad_orb  Grad_occ
     1      10    2.1e+01    0    2.5e+01  -257.59314018  -243.99672816 -10256.59314018   0.000864   3.5e-03   1.9e-04 0.02
 
RESULTS OF THE OCCUPATION OPTIMIZATION
========================================
   1    1.9999987  -58.53848680
   2    1.9990121  -4.91315943
   3    1.9967621  -3.23205158
   4    1.9973919  -3.22959418
   5    1.9936577  -3.22338576
   6    1.9757380  -0.49989250
   7    1.9722537  -0.49132303
   8    1.9714888  -0.49062025
   9    0.0142730  -0.02098531
  10    0.0150130  -0.02168256
  11    0.0120694  -0.02091810
  12    0.0046782  -0.02312692
  13    0.0022040  -0.01117596
  14    0.0030083  -0.02189365
  15    0.0009399  -0.00623427
  16    0.0000011  -0.00000613
  17    0.0039662  -0.00603750
  18    0.0038155  -0.00585975
  19    0.0030620  -0.00503509
  20    0.0015124  -0.00919390
  21    0.0002827  -0.00551831
  22    0.0001072  -0.00054647
  23    0.0000194  -0.00070850
  24    0.0000001  -0.00000035
  25    0.0036776  -0.00510830
  26    0.0035974  -0.00488806
  27    0.0024074  -0.00504908
  28    0.0000576  -0.00135354
  29    0.0000359  -0.00017641
  30    0.0000308  -0.00016662
  31    0.0000067  -0.00029609
  32    0.0000000  -0.00000011
  33    0.0032591  -0.00443596
  34    0.0021776  -0.00470212
  35    0.0020127  -0.00574285
  36    0.0000258  -0.00013499
  37    0.0000174  -0.00009090
  38    0.0000258  -0.00014851
  39    0.0000062  -0.00018030
  40    0.0000000  -0.00000010
  41    0.0018967  -0.00396534
  42    0.0020046  -0.00323103
  43    0.0019761  -0.00444750
  44    0.0000209  -0.00009752
  45    0.0000168  -0.00008855
  46    0.0000175  -0.00009160
  47    0.0000033  -0.00001719
  48    0.0000000  -0.00000010
  49    0.0003881  -0.00105406
  50    0.0002461  -0.00047485
  51    0.0018826  -0.00399918
  52    0.0000103  -0.00006273
  53    0.0000129  -0.00007079
  54    0.0000134  -0.00006696
  55    0.0000022  -0.00001066
  56    0.0000000  -0.00000008
  57    0.0002922  -0.00065001
  58    0.0002220  -0.00043755
  59    0.0002960  -0.00067393
  60    0.0000080  -0.00004761
  61    0.0000095  -0.00005867
  62    0.0000090  -0.00005698
  63    0.0000019  -0.00000946
  64    0.0000000  -0.00000007
  65    0.0002210  -0.00043394
  66    0.0001508  -0.00033471
  67    0.0001482  -0.00042508
  68    0.0000068  -0.00004061
  69    0.0000073  -0.00008790
  70    0.0000068  -0.00005362
  71    0.0000018  -0.00000773
  72    0.0000000  -0.00000008
  73    0.0001671  -0.00037195
  74    0.0001338  -0.00025203
  75    0.0001334  -0.00026707
  76    0.0000051  -0.00003281
  77    0.0000046  -0.00002888
  78    0.0000054  -0.00006057
  79    0.0000017  -0.00000585
  80    0.0000000  -0.00000005
  81    0.0001104  -0.00020193
  82    0.0001220  -0.00022484
  83    0.0000956  -0.00020889
  84    0.0000047  -0.00002624
  85    0.0000039  -0.00002467
  86    0.0000038  -0.00002447
  87    0.0000011  -0.00000483
  88    0.0000000  -0.00000004
  89    0.0001079  -0.00020306
  90    0.0000933  -0.00018889
  91    0.0000794  -0.00018945
  92    0.0000043  -0.00002420
  93    0.0000036  -0.00004285
  94    0.0000032  -0.00001629
  95    0.0000010  -0.00000415
  96    0.0000000  -0.00000002
  97    0.0000824  -0.00016597
  98    0.0000792  -0.00016968
  99    0.0000541  -0.00015606
 100    0.0000033  -0.00001579
 101    0.0000036  -0.00002350
 102    0.0000025  -0.00001245
 103    0.0000009  -0.00000322
 104    0.0000000  -0.00000001
 105    0.0000502  -0.00014471
 106    0.0000709  -0.00016538
 107    0.0000253  -0.00008725
 108    0.0000024  -0.00001075
 109    0.0000018  -0.00000595
 110    0.0000016  -0.00000628
 111    0.0000009  -0.00000350
 112    0.0000000  -0.00000001
 113    0.0000052  -0.00001820
 114    0.0000050  -0.00001856
 115    0.0000050  -0.00002036
 116    0.0000006  -0.00000152
 117    0.0000011  -0.00000432
 118    0.0000007  -0.00000257
 119    0.0000002  -0.00000070
 120    0.0000000  -0.00000001
 121    0.0000046  -0.00001445
 122    0.0000039  -0.00000933
 123    0.0000046  -0.00001549
 124    0.0000005  -0.00000150
 125    0.0000008  -0.00000294
 126    0.0000005  -0.00000149
 127    0.0000002  -0.00000064
 128    0.0000000  -0.00000001
 129    0.0000034  -0.00000732
 130    0.0000036  -0.00000867
 131    0.0000031  -0.00000737
 132    0.0000005  -0.00000103
 133    0.0000007  -0.00000177
 134    0.0000005  -0.00000096
 135    0.0000002  -0.00000067
 136    0.0000000  -0.00000001
 137    0.0000027  -0.00000238
 138    0.0000027  -0.00000378
 139    0.0000027  -0.00000568
 140    0.0000004  -0.00000076
 141    0.0000007  -0.00000173
 142    0.0000003  -0.00000103
 143    0.0000001  -0.00000032
 144    0.0000000  -0.00000001
 145    0.0000018  -0.00000026
 146    0.0000025  -0.00000215
 147    0.0000023  -0.00000412
 148    0.0000003  -0.00000090
 149    0.0000004  -0.00000101
 150    0.0000003  -0.00000092
 151    0.0000001  -0.00000029
 152    0.0000000  -0.00000001
 153    0.0000017  -0.00000027
 154    0.0000023  -0.00000097
 155    0.0000022  -0.00000227
 156    0.0000003  -0.00000064
 157    0.0000004  -0.00000109
 158    0.0000002  -0.00000058
 159    0.0000001  -0.00000023
 160    0.0000000  -0.00000000
 
----------------
 Final Energies 
----------------
Final NOF Total Energy =    -243.9967282
 
Total Orbital Internal Iterations = 10
Total Occupation Internal Iterations = 0
 
Elapsed time:   60.23 Seconds

---------------------------------
   Lowdin Population Analysis    
---------------------------------
 Idx  Atom   Population   Charge 
---------------------------------
  1    Al    12.548       0.452
  2     H     1.150      -0.150
  3     H     1.151      -0.151
  4     H     1.151      -0.151

---------------------------------
   M Diagnostic: 0.02
---------------------------------

