Computing Integrals
Basis Set                                            = def2-qzvp
Auxiliary Basis Set                                  = def2-universal-jkfit
Gaussian Type                                        = Spherical
Elapsed time:    1.66 Seconds

Number of basis functions                   (NBF)    = 70
Number of auxiliary basis functions         (NBFAUX) = 128
Inactive Doubly occupied orbitals up to     (NO1)    = 0
No. considered Strongly Doubly occupied MOs (NDOC)   = 9
No. considered Strongly Singly occupied MOs (NSOC)   = 0
NO. of Weakly occ. per St. Doubly occ.  MOs (NCWO)   = 6
Dimension of the Nat. Orb. subspace         (NBF5)   = 63
No. of electrons                                     = 18
    No. of alpha electrons                           = 9
    No. of beta electrons                            = 9
Multiplicity                                         = 1

Geometry
========
Ar       0.0000000       0.0000000       0.0000000

No violations of the orthonormality
No violations of the orthonormality
 
PNOF8/ADABelief Calculation
==================
 
  Nitext  Nit_orb  Time   Nit_occ  Time         Eelec          Etot           Ediff      maxdiff    MaxGrad_orb  Grad_occ
     1      10    8.9e+00    0    1.2e+01  -527.38883889  -527.38883889 -10526.38883889   0.000099   4.0e-04   1.5e-04 0.02
 
RESULTS OF THE OCCUPATION OPTIMIZATION
========================================
   1    1.9999986  -118.66207892
   2    1.9999059  -12.36002077
   3    1.9991951  -9.60253272
   4    1.9993991  -9.60179899
   5    1.9987969  -9.60055704
   6    1.9855604  -1.30032187
   7    1.9762936  -0.61613370
   8    1.9726353  -0.61537542
   9    1.9723911  -0.61473225
  10    0.0101659  -0.02120843
  11    0.0100759  -0.02107117
  12    0.0127827  -0.02327676
  13    0.0064127  -0.03209397
  14    0.0007776  -0.01034484
  15    0.0004807  -0.01288018
  16    0.0003379  -0.01019731
  17    0.0000618  -0.00241271
  18    0.0000007  -0.00003001
  19    0.0099199  -0.02073124
  20    0.0097402  -0.02073769
  21    0.0079086  -0.02158261
  22    0.0018828  -0.01114961
  23    0.0003285  -0.01012623
  24    0.0000666  -0.00102104
  25    0.0003309  -0.01009722
  26    0.0000134  -0.00015470
  27    0.0000002  -0.00001514
  28    0.0064994  -0.01975972
  29    0.0065011  -0.01979852
  30    0.0007980  -0.00207200
  31    0.0018765  -0.01114281
  32    0.0000579  -0.00168185
  33    0.0000143  -0.00015846
  34    0.0000582  -0.00088259
  35    0.0000088  -0.00009846
  36    0.0000001  -0.00001376
  37    0.0006098  -0.00177884
  38    0.0006375  -0.00185115
  39    0.0007949  -0.00207300
  40    0.0018701  -0.01108204
  41    0.0000133  -0.00015402
  42    0.0000141  -0.00015765
  43    0.0000538  -0.00074652
  44    0.0000070  -0.00008812
  45    0.0000001  -0.00001252
  46    0.0002130  -0.00110978
  47    0.0002060  -0.00110170
  48    0.0007165  -0.00191925
  49    0.0018615  -0.01107241
  50    0.0000130  -0.00015254
  51    0.0000133  -0.00015357
  52    0.0000133  -0.00015431
  53    0.0000026  -0.00059347
  54    0.0000001  -0.00001040
  55    0.0002010  -0.00108492
  56    0.0002040  -0.00109320
  57    0.0007057  -0.00190742
  58    0.0005360  -0.00190925
  59    0.0000128  -0.00039161
  60    0.0000119  -0.00014627
  61    0.0000107  -0.00074829
  62    0.0000004  -0.00002114
  63    0.0000001  -0.00000963
 
----------------
 Final Energies 
----------------
Final NOF Total Energy =    -527.3888389
 
Total Orbital Internal Iterations = 10
Total Occupation Internal Iterations = 0
 
Elapsed time:   26.56 Seconds

---------------------------------
   Lowdin Population Analysis    
---------------------------------
 Idx  Atom   Population   Charge 
---------------------------------
  1    Ar    18.000      -0.000

---------------------------------
   M Diagnostic: 0.02
---------------------------------

