Computing Integrals
Basis Set                                            = def2-qzvp
Auxiliary Basis Set                                  = def2-universal-jkfit
Gaussian Type                                        = Spherical
Elapsed time:    3.37 Seconds

Number of basis functions                   (NBF)    = 244
Number of auxiliary basis functions         (NBFAUX) = 314
Inactive Doubly occupied orbitals up to     (NO1)    = 0
No. considered Strongly Doubly occupied MOs (NDOC)   = 16
No. considered Strongly Singly occupied MOs (NSOC)   = 0
NO. of Weakly occ. per St. Doubly occ.  MOs (NCWO)   = 14
Dimension of the Nat. Orb. subspace         (NBF5)   = 240
No. of electrons                                     = 32
    No. of alpha electrons                           = 16
    No. of beta electrons                            = 16
Multiplicity                                         = 1

Geometry
========
 H      -1.6666499       0.0000000      -0.7937658
 C      -0.6032500       0.0000000      -0.7937658
 C       0.6032500       0.0000000      -0.7937658
 H       1.6666499       0.0000000      -0.7937658
Ar       0.0000000       0.0000000       3.1750633

Orthonormality violations 72, Maximum Violation 0.000003
Trying to orthonormalize
No violations of the orthonormality
No violations of the orthonormality
 
PNOF8/ADABelief Calculation
==================
 
  Nitext  Nit_orb  Time   Nit_occ  Time         Eelec          Etot           Ediff      maxdiff    MaxGrad_orb  Grad_occ
     1      10    1.1e+01    0    1.2e+01  -662.24117673  -604.62509569 -10661.24117673   0.000100   4.0e-04   2.0e-04 0.03
 
RESULTS OF THE OCCUPATION OPTIMIZATION
========================================
   1    1.9999995  -118.62189658
   2    1.9999787  -12.20511756
   3    1.9999265  -11.34815918
   4    1.9999361  -11.33533696
   5    1.9995855  -9.59844495
   6    1.9995157  -9.59811446
   7    1.9991820  -9.59707009
   8    1.9855362  -1.29460904
   9    1.9833758  -1.03846453
  10    1.9760349  -0.74770243
  11    1.9765833  -0.74517585
  12    1.9770601  -0.61176150
  13    1.9721382  -0.61044686
  14    1.9721118  -0.61022981
  15    1.9639375  -0.43533123
  16    1.9645750  -0.43527787
  17    0.0260012  -0.02954042
  18    0.0268844  -0.03001712
  19    0.0101603  -0.02100971
  20    0.0102430  -0.02114629
  21    0.0110896  -0.02223367
  22    0.0146436  -0.02363346
  23    0.0150478  -0.02381860
  24    0.0059283  -0.01405238
  25    0.0065050  -0.03210622
  26    0.0004744  -0.01286211
  27    0.0003463  -0.01009762
  28    0.0003484  -0.01013498
  29    0.0000451  -0.00097759
  30    0.0000484  -0.00101864
  31    0.0000161  -0.00098040
  32    0.0000004  -0.00000575
  33    0.0048946  -0.00727519
  34    0.0050357  -0.00741839
  35    0.0100638  -0.02076538
  36    0.0100431  -0.02062500
  37    0.0071866  -0.02115519
  38    0.0022024  -0.00451530
  39    0.0022565  -0.00462142
  40    0.0048215  -0.01306322
  41    0.0019339  -0.01113308
  42    0.0003327  -0.01003795
  43    0.0000686  -0.00104145
  44    0.0000645  -0.00223473
  45    0.0000055  -0.00011886
  46    0.0000118  -0.00012722
  47    0.0000031  -0.00030693
  48    0.0000000  -0.00000063
  49    0.0032492  -0.00488802
  50    0.0033684  -0.00507631
  51    0.0065108  -0.01960895
  52    0.0065640  -0.01970692
  53    0.0021486  -0.01009191
  54    0.0019972  -0.00579336
  55    0.0021513  -0.00503792
  56    0.0018963  -0.00778104
  57    0.0019279  -0.01110531
  58    0.0000039  -0.00005888
  59    0.0000643  -0.00194695
  60    0.0000003  -0.00000491
  61    0.0000038  -0.00015256
  62    0.0000045  -0.00019300
  63    0.0000009  -0.00002370
  64    0.0000000  -0.00000026
  65    0.0005952  -0.00143539
  66    0.0003007  -0.00065476
  67    0.0006524  -0.00184528
  68    0.0006572  -0.00185165
  69    0.0007378  -0.00202602
  70    0.0018920  -0.00457803
  71    0.0020841  -0.00531097
  72    0.0007831  -0.00416766
  73    0.0018977  -0.01108650
  74    0.0000018  -0.00006710
  75    0.0000013  -0.00008973
  76    0.0000002  -0.00000360
  77    0.0000032  -0.00005642
  78    0.0000031  -0.00006872
  79    0.0000006  -0.00002879
  80    0.0000000  -0.00000026
  81    0.0002766  -0.00058209
  82    0.0002395  -0.00051384
  83    0.0002241  -0.00094361
  84    0.0000592  -0.00022609
  85    0.0007375  -0.00202851
  86    0.0007488  -0.00217289
  87    0.0007656  -0.00219774
  88    0.0007441  -0.00382655
  89    0.0005730  -0.00229513
  90    0.0000008  -0.00001762
  91    0.0000010  -0.00002099
  92    0.0000001  -0.00000209
  93    0.0000029  -0.00007971
  94    0.0000027  -0.00008384
  95    0.0000005  -0.00001195
  96    0.0000000  -0.00000017
  97    0.0001296  -0.00037672
  98    0.0000423  -0.00014504
  99    0.0000588  -0.00022274
 100    0.0000573  -0.00021789
 101    0.0006707  -0.00188246
 102    0.0006656  -0.00180510
 103    0.0006973  -0.00150166
 104    0.0007003  -0.00208705
 105    0.0005695  -0.00226724
 106    0.0000007  -0.00002437
 107    0.0000007  -0.00003166
 108    0.0000001  -0.00000205
 109    0.0000016  -0.00002407
 110    0.0000010  -0.00001892
 111    0.0000000  -0.00000026
 112    0.0000000  -0.00000016
 113    0.0001115  -0.00025956
 114    0.0000396  -0.00014002
 115    0.0000532  -0.00020798
 116    0.0000567  -0.00021767
 117    0.0000662  -0.00024938
 118    0.0003114  -0.00122743
 119    0.0002561  -0.00078351
 120    0.0005867  -0.00183498
 121    0.0002922  -0.00174902
 122    0.0000006  -0.00001267
 123    0.0000004  -0.00000715
 124    0.0000001  -0.00000202
 125    0.0000006  -0.00001359
 126    0.0000005  -0.00001055
 127    0.0000000  -0.00000011
 128    0.0000000  -0.00000013
 129    0.0000401  -0.00014379
 130    0.0000353  -0.00010946
 131    0.0000375  -0.00014281
 132    0.0000388  -0.00014851
 133    0.0000647  -0.00024764
 134    0.0002634  -0.00066782
 135    0.0002323  -0.00070120
 136    0.0004018  -0.00182341
 137    0.0002636  -0.00150453
 138    0.0000005  -0.00001037
 139    0.0000003  -0.00000506
 140    0.0000001  -0.00000204
 141    0.0000003  -0.00000541
 142    0.0000005  -0.00001063
 143    0.0000000  -0.00000009
 144    0.0000000  -0.00000013
 145    0.0000276  -0.00011301
 146    0.0000285  -0.00008557
 147    0.0000364  -0.00014040
 148    0.0000377  -0.00014413
 149    0.0000618  -0.00024221
 150    0.0002343  -0.00079479
 151    0.0001293  -0.00054184
 152    0.0002554  -0.00102617
 153    0.0002295  -0.00132622
 154    0.0000005  -0.00001013
 155    0.0000003  -0.00000480
 156    0.0000001  -0.00000163
 157    0.0000002  -0.00000393
 158    0.0000003  -0.00000523
 159    0.0000000  -0.00000006
 160    0.0000000  -0.00000014
 161    0.0000256  -0.00007965
 162    0.0000263  -0.00009277
 163    0.0000343  -0.00013007
 164    0.0000369  -0.00013825
 165    0.0000532  -0.00020037
 166    0.0002139  -0.00067894
 167    0.0001102  -0.00031931
 168    0.0001127  -0.00045721
 169    0.0000554  -0.00024677
 170    0.0000005  -0.00001042
 171    0.0000003  -0.00000382
 172    0.0000001  -0.00000108
 173    0.0000002  -0.00000359
 174    0.0000003  -0.00000479
 175    0.0000000  -0.00000004
 176    0.0000000  -0.00000014
 177    0.0000221  -0.00008719
 178    0.0000177  -0.00007261
 179    0.0000286  -0.00011871
 180    0.0000334  -0.00012689
 181    0.0000428  -0.00015411
 182    0.0000928  -0.00028438
 183    0.0000991  -0.00028537
 184    0.0001116  -0.00099060
 185    0.0000549  -0.00024568
 186    0.0000005  -0.00001275
 187    0.0000002  -0.00000361
 188    0.0000001  -0.00000098
 189    0.0000002  -0.00000318
 190    0.0000003  -0.00000410
 191    0.0000000  -0.00000004
 192    0.0000000  -0.00000010
 193    0.0000213  -0.00007278
 194    0.0000162  -0.00005950
 195    0.0000115  -0.00005597
 196    0.0000172  -0.00008246
 197    0.0000400  -0.00016676
 198    0.0000676  -0.00024362
 199    0.0000554  -0.00023048
 200    0.0001099  -0.00037519
 201    0.0000542  -0.00024168
 202    0.0000005  -0.00001042
 203    0.0000002  -0.00000293
 204    0.0000001  -0.00000098
 205    0.0000001  -0.00000204
 206    0.0000001  -0.00000164
 207    0.0000000  -0.00000003
 208    0.0000000  -0.00000009
 209    0.0000169  -0.00007226
 210    0.0000150  -0.00006058
 211    0.0000091  -0.00004903
 212    0.0000089  -0.00005075
 213    0.0000284  -0.00012331
 214    0.0000429  -0.00016665
 215    0.0000417  -0.00014617
 216    0.0000863  -0.00027940
 217    0.0000535  -0.00024027
 218    0.0000004  -0.00001223
 219    0.0000002  -0.00000291
 220    0.0000001  -0.00000101
 221    0.0000001  -0.00000090
 222    0.0000001  -0.00000143
 223    0.0000000  -0.00000003
 224    0.0000000  -0.00000010
 225    0.0000135  -0.00004817
 226    0.0000126  -0.00005479
 227    0.0000074  -0.00004458
 228    0.0000084  -0.00004772
 229    0.0000120  -0.00006204
 230    0.0000406  -0.00014347
 231    0.0000382  -0.00014046
 232    0.0000862  -0.00027499
 233    0.0000534  -0.00023408
 234    0.0000004  -0.00000552
 235    0.0000002  -0.00000258
 236    0.0000001  -0.00000098
 237    0.0000001  -0.00000079
 238    0.0000001  -0.00000080
 239    0.0000000  -0.00000004
 240    0.0000000  -0.00000009
 
----------------
 Final Energies 
----------------
Final NOF Total Energy =    -604.6250957
 
Total Orbital Internal Iterations = 10
Total Occupation Internal Iterations = 0
 
Elapsed time:   31.70 Seconds

---------------------------------
   Lowdin Population Analysis    
---------------------------------
 Idx  Atom   Population   Charge 
---------------------------------
  1     H     1.134      -0.134
  2     C     5.868       0.132
  3     C     5.869       0.131
  4     H     1.134      -0.134
  5    Ar    17.996       0.004

---------------------------------
   M Diagnostic: 0.03
---------------------------------

