Computing Integrals
Basis Set                                            = def2-qzvp
Auxiliary Basis Set                                  = def2-universal-jkfit
Gaussian Type                                        = Spherical
Elapsed time:    1.89 Seconds

Number of basis functions                   (NBF)    = 174
Number of auxiliary basis functions         (NBFAUX) = 186
Inactive Doubly occupied orbitals up to     (NO1)    = 0
No. considered Strongly Doubly occupied MOs (NDOC)   = 7
No. considered Strongly Singly occupied MOs (NSOC)   = 0
NO. of Weakly occ. per St. Doubly occ.  MOs (NCWO)   = 23
Dimension of the Nat. Orb. subspace         (NBF5)   = 168
No. of electrons                                     = 14
    No. of alpha electrons                           = 7
    No. of beta electrons                            = 7
Multiplicity                                         = 1

Geometry
========
 H       0.0000000       0.0000000       1.6666499
 C       0.0000000       0.0000000       0.6032500
 C       0.0000000       0.0000000      -0.6032500
 H       0.0000000       0.0000000      -1.6666499

No violations of the orthonormality
No violations of the orthonormality
 
PNOF8/ADABelief Calculation
==================
 
  Nitext  Nit_orb  Time   Nit_occ  Time         Eelec          Etot           Ediff      maxdiff    MaxGrad_orb  Grad_occ
     1      10    1.0e+01    0    1.2e+01  -101.94599882   -77.22843851 -10100.94599882   0.000863   3.5e-03   2.0e-04 0.03
 
RESULTS OF THE OCCUPATION OPTIMIZATION
========================================
   1    1.9999167  -11.24976318
   2    1.9999156  -11.24801267
   3    1.9830512  -1.03218293
   4    1.9754795  -0.75073474
   5    1.9751866  -0.75023437
   6    1.9641875  -0.43546557
   7    1.9637734  -0.43523473
   8    0.0271466  -0.03008225
   9    0.0266153  -0.02981060
  10    0.0155893  -0.02389099
  11    0.0157104  -0.02406753
  12    0.0065028  -0.01483160
  13    0.0000699  -0.00146850
  14    0.0000688  -0.00144176
  15    0.0050424  -0.00728086
  16    0.0050054  -0.00724655
  17    0.0023347  -0.00451754
  18    0.0023207  -0.00450924
  19    0.0050508  -0.01314529
  20    0.0000059  -0.00016067
  21    0.0000061  -0.00015726
  22    0.0034444  -0.00512929
  23    0.0033078  -0.00489112
  24    0.0023071  -0.00448126
  25    0.0022611  -0.00440053
  26    0.0008542  -0.00450826
  27    0.0000031  -0.00003993
  28    0.0000031  -0.00003950
  29    0.0003129  -0.00068701
  30    0.0003041  -0.00068839
  31    0.0021025  -0.00477673
  32    0.0020427  -0.00464680
  33    0.0007904  -0.00385043
  34    0.0000030  -0.00003544
  35    0.0000028  -0.00002893
  36    0.0001080  -0.00027578
  37    0.0002551  -0.00056629
  38    0.0007626  -0.00217394
  39    0.0007660  -0.00216115
  40    0.0007541  -0.00260725
  41    0.0000018  -0.00005687
  42    0.0000017  -0.00005596
  43    0.0000993  -0.00024840
  44    0.0001459  -0.00045487
  45    0.0006949  -0.00150436
  46    0.0006010  -0.00163983
  47    0.0007397  -0.00214662
  48    0.0000001  -0.00001341
  49    0.0000001  -0.00001278
  50    0.0000127  -0.00005107
  51    0.0000437  -0.00014596
  52    0.0002286  -0.00064447
  53    0.0001272  -0.00040143
  54    0.0005729  -0.00176400
  55    0.0000001  -0.00000145
  56    0.0000001  -0.00000172
  57    0.0000089  -0.00003518
  58    0.0000403  -0.00012958
  59    0.0001998  -0.00054977
  60    0.0001199  -0.00039092
  61    0.0004065  -0.00166685
  62    0.0000001  -0.00000103
  63    0.0000001  -0.00000184
  64    0.0000071  -0.00003044
  65    0.0000189  -0.00006371
  66    0.0001181  -0.00040276
  67    0.0001146  -0.00034347
  68    0.0002872  -0.00084309
  69    0.0000001  -0.00000104
  70    0.0000001  -0.00000169
  71    0.0000063  -0.00002389
  72    0.0000107  -0.00003505
  73    0.0001112  -0.00030403
  74    0.0000976  -0.00026523
  75    0.0002657  -0.00073610
  76    0.0000000  -0.00000061
  77    0.0000001  -0.00000122
  78    0.0000048  -0.00001643
  79    0.0000088  -0.00003391
  80    0.0000930  -0.00026798
  81    0.0000878  -0.00025751
  82    0.0001944  -0.00060487
  83    0.0000000  -0.00000063
  84    0.0000000  -0.00000102
  85    0.0000040  -0.00002098
  86    0.0000083  -0.00002993
  87    0.0000607  -0.00023425
  88    0.0000675  -0.00024296
  89    0.0001035  -0.00031947
  90    0.0000000  -0.00000046
  91    0.0000000  -0.00000096
  92    0.0000034  -0.00001332
  93    0.0000076  -0.00002524
  94    0.0000432  -0.00014833
  95    0.0000434  -0.00016132
  96    0.0000941  -0.00028266
  97    0.0000000  -0.00000039
  98    0.0000000  -0.00000094
  99    0.0000033  -0.00001030
 100    0.0000066  -0.00002413
 101    0.0000287  -0.00010827
 102    0.0000296  -0.00010064
 103    0.0000871  -0.00027057
 104    0.0000000  -0.00000036
 105    0.0000000  -0.00000082
 106    0.0000031  -0.00000985
 107    0.0000054  -0.00001830
 108    0.0000263  -0.00009939
 109    0.0000286  -0.00010663
 110    0.0000501  -0.00021666
 111    0.0000000  -0.00000024
 112    0.0000000  -0.00000083
 113    0.0000029  -0.00000814
 114    0.0000050  -0.00001868
 115    0.0000223  -0.00008554
 116    0.0000222  -0.00008440
 117    0.0000398  -0.00015011
 118    0.0000000  -0.00000028
 119    0.0000000  -0.00000052
 120    0.0000028  -0.00000890
 121    0.0000041  -0.00001616
 122    0.0000189  -0.00007820
 123    0.0000152  -0.00005682
 124    0.0000386  -0.00015387
 125    0.0000000  -0.00000035
 126    0.0000000  -0.00000060
 127    0.0000026  -0.00000914
 128    0.0000037  -0.00001192
 129    0.0000155  -0.00006288
 130    0.0000150  -0.00005343
 131    0.0000273  -0.00012559
 132    0.0000000  -0.00000019
 133    0.0000000  -0.00000037
 134    0.0000026  -0.00000741
 135    0.0000036  -0.00001095
 136    0.0000145  -0.00005169
 137    0.0000134  -0.00005078
 138    0.0000240  -0.00010801
 139    0.0000000  -0.00000026
 140    0.0000000  -0.00000033
 141    0.0000024  -0.00000740
 142    0.0000035  -0.00001017
 143    0.0000126  -0.00004986
 144    0.0000114  -0.00003848
 145    0.0000225  -0.00010662
 146    0.0000000  -0.00000018
 147    0.0000000  -0.00000020
 148    0.0000023  -0.00001033
 149    0.0000032  -0.00001001
 150    0.0000108  -0.00003877
 151    0.0000099  -0.00003638
 152    0.0000168  -0.00007920
 153    0.0000000  -0.00000020
 154    0.0000000  -0.00000019
 155    0.0000021  -0.00000842
 156    0.0000031  -0.00000938
 157    0.0000100  -0.00003634
 158    0.0000089  -0.00003542
 159    0.0000147  -0.00006473
 160    0.0000000  -0.00000019
 161    0.0000000  -0.00000016
 162    0.0000016  -0.00000547
 163    0.0000023  -0.00000836
 164    0.0000081  -0.00003514
 165    0.0000066  -0.00002580
 166    0.0000118  -0.00005790
 167    0.0000000  -0.00000019
 168    0.0000000  -0.00000019
 
----------------
 Final Energies 
----------------
Final NOF Total Energy =     -77.2284385
 
Total Orbital Internal Iterations = 10
Total Occupation Internal Iterations = 0
 
Elapsed time:   28.56 Seconds

---------------------------------
   Lowdin Population Analysis    
---------------------------------
 Idx  Atom   Population   Charge 
---------------------------------
  1     H     1.134      -0.134
  2     C     5.866       0.134
  3     C     5.866       0.134
  4     H     1.134      -0.134

---------------------------------
   M Diagnostic: 0.03
---------------------------------

