Computing Integrals
Basis Set                                            = def2-qzvp
Auxiliary Basis Set                                  = def2-universal-jkfit
Gaussian Type                                        = Spherical
Elapsed time:    4.09 Seconds

Number of basis functions                   (NBF)    = 241
Number of auxiliary basis functions         (NBFAUX) = 359
Inactive Doubly occupied orbitals up to     (NO1)    = 0
No. considered Strongly Doubly occupied MOs (NDOC)   = 20
No. considered Strongly Singly occupied MOs (NSOC)   = 0
NO. of Weakly occ. per St. Doubly occ.  MOs (NCWO)   = 11
Dimension of the Nat. Orb. subspace         (NBF5)   = 240
No. of electrons                                     = 40
    No. of alpha electrons                           = 20
    No. of beta electrons                            = 20
Multiplicity                                         = 1

Geometry
========
Al       0.0000000       0.0000000       0.0000000
 F       0.0000000       1.6317660       0.0000000
 F       1.4131500      -0.8158830       0.0000000
 F      -1.4131500      -0.8158830       0.0000000

No violations of the orthonormality
No violations of the orthonormality
 
PNOF8/ADABelief Calculation
==================
 
  Nitext  Nit_orb  Time   Nit_occ  Time         Eelec          Etot           Ediff      maxdiff    MaxGrad_orb  Grad_occ
     1      10    2.4e+01    0    2.7e+01  -701.13406621  -541.80837285 -10700.13406621   0.000724   2.9e-03   2.0e-04 0.02
 
RESULTS OF THE OCCUPATION OPTIMIZATION
========================================
   1    1.9999983  -58.60355073
   2    1.9999916  -26.33072207
   3    1.9999907  -26.33046783
   4    1.9999915  -26.33024086
   5    1.9985208  -4.97157243
   6    1.9963396  -3.29449610
   7    1.9956021  -3.29362022
   8    1.9941386  -3.28845213
   9    1.9869362  -1.53912246
  10    1.9882561  -1.53783233
  11    1.9881094  -1.53191378
  12    1.9780941  -0.82350607
  13    1.9773512  -0.81702545
  14    1.9766485  -0.81539061
  15    1.9782760  -0.70077420
  16    1.9788714  -0.70038672
  17    1.9785659  -0.70010810
  18    1.9770201  -0.69970636
  19    1.9771759  -0.69953212
  20    1.9773247  -0.69902569
  21    0.0131227  -0.02487964
  22    0.0100931  -0.02118897
  23    0.0135087  -0.02518895
  24    0.0109520  -0.02205975
  25    0.0138030  -0.02574247
  26    0.0113610  -0.02240004
  27    0.0186363  -0.03935357
  28    0.0182250  -0.03905196
  29    0.0182404  -0.03948225
  30    0.0070795  -0.02326442
  31    0.0070082  -0.02303432
  32    0.0067637  -0.02292583
  33    0.0036855  -0.01973379
  34    0.0034501  -0.02433146
  35    0.0028489  -0.01538646
  36    0.0012879  -0.00800058
  37    0.0000067  -0.00028079
  38    0.0000063  -0.00026571
  39    0.0000067  -0.00027051
  40    0.0000014  -0.00002543
  41    0.0044533  -0.01165157
  42    0.0039967  -0.01088362
  43    0.0042232  -0.01019706
  44    0.0040465  -0.01030940
  45    0.0043655  -0.01092683
  46    0.0042854  -0.01096216
  47    0.0035111  -0.00955354
  48    0.0028926  -0.00893917
  49    0.0024305  -0.00810904
  50    0.0027330  -0.01115045
  51    0.0026754  -0.00947886
  52    0.0030223  -0.00965856
  53    0.0016739  -0.00868239
  54    0.0004365  -0.00609016
  55    0.0004959  -0.00604914
  56    0.0000965  -0.00088089
  57    0.0000003  -0.00003382
  58    0.0000010  -0.00001482
  59    0.0000004  -0.00004891
  60    0.0000000  -0.00000046
  61    0.0040096  -0.01001704
  62    0.0039068  -0.00990807
  63    0.0041641  -0.01021957
  64    0.0039397  -0.00987075
  65    0.0010120  -0.00423237
  66    0.0042007  -0.01019933
  67    0.0002855  -0.00114579
  68    0.0007653  -0.00309125
  69    0.0007245  -0.00295378
  70    0.0008381  -0.00362638
  71    0.0005899  -0.00596455
  72    0.0022349  -0.00927389
  73    0.0003280  -0.00490753
  74    0.0003249  -0.00304837
  75    0.0001683  -0.00269899
  76    0.0000342  -0.00121754
  77    0.0000003  -0.00000934
  78    0.0000004  -0.00002897
  79    0.0000002  -0.00000480
  80    0.0000000  -0.00000034
  81    0.0003938  -0.00142272
  82    0.0034857  -0.00944321
  83    0.0003610  -0.00131035
  84    0.0009248  -0.00345651
  85    0.0008832  -0.00333204
  86    0.0009472  -0.00351792
  87    0.0002806  -0.00110885
  88    0.0002925  -0.00116204
  89    0.0002789  -0.00112111
  90    0.0003231  -0.00137430
  91    0.0003259  -0.00138833
  92    0.0003446  -0.00147860
  93    0.0000578  -0.00114277
  94    0.0000953  -0.00085621
  95    0.0000581  -0.00117397
  96    0.0000110  -0.00012707
  97    0.0000003  -0.00000552
  98    0.0000004  -0.00004875
  99    0.0000002  -0.00000391
 100    0.0000000  -0.00000020
 101    0.0002928  -0.00112157
 102    0.0005817  -0.00235784
 103    0.0002779  -0.00108401
 104    0.0007029  -0.00299991
 105    0.0003860  -0.00141912
 106    0.0003644  -0.00137140
 107    0.0002760  -0.00109955
 108    0.0002835  -0.00113232
 109    0.0000852  -0.00033228
 110    0.0002856  -0.00123069
 111    0.0002931  -0.00128057
 112    0.0002908  -0.00129906
 113    0.0000525  -0.00106888
 114    0.0000165  -0.00017102
 115    0.0000203  -0.00019699
 116    0.0000108  -0.00012635
 117    0.0000002  -0.00000455
 118    0.0000003  -0.00000763
 119    0.0000002  -0.00000372
 120    0.0000000  -0.00000019
 121    0.0002851  -0.00110257
 122    0.0004026  -0.00144916
 123    0.0002636  -0.00102297
 124    0.0004073  -0.00147393
 125    0.0003055  -0.00114869
 126    0.0002948  -0.00112808
 127    0.0002572  -0.00107503
 128    0.0000732  -0.00025928
 129    0.0000454  -0.00018752
 130    0.0002563  -0.00114189
 131    0.0002689  -0.00120209
 132    0.0002440  -0.00112785
 133    0.0000139  -0.00014132
 134    0.0000159  -0.00016576
 135    0.0000167  -0.00036831
 136    0.0000100  -0.00019761
 137    0.0000002  -0.00000390
 138    0.0000002  -0.00000461
 139    0.0000002  -0.00000323
 140    0.0000000  -0.00000019
 141    0.0000438  -0.00021591
 142    0.0002599  -0.00102352
 143    0.0000827  -0.00032734
 144    0.0002963  -0.00122157
 145    0.0002982  -0.00113173
 146    0.0001427  -0.00069740
 147    0.0000381  -0.00016304
 148    0.0000481  -0.00020477
 149    0.0000317  -0.00014756
 150    0.0002486  -0.00112368
 151    0.0002649  -0.00117748
 152    0.0000649  -0.00034773
 153    0.0000132  -0.00013092
 154    0.0000126  -0.00013153
 155    0.0000127  -0.00013167
 156    0.0000073  -0.00008089
 157    0.0000001  -0.00000250
 158    0.0000002  -0.00000442
 159    0.0000001  -0.00000213
 160    0.0000000  -0.00000015
 161    0.0000210  -0.00015573
 162    0.0000375  -0.00015302
 163    0.0000412  -0.00015901
 164    0.0001100  -0.00042827
 165    0.0000219  -0.00014318
 166    0.0000503  -0.00019469
 167    0.0000178  -0.00013443
 168    0.0000181  -0.00013201
 169    0.0000177  -0.00012997
 170    0.0000638  -0.00037239
 171    0.0002579  -0.00118215
 172    0.0000435  -0.00024873
 173    0.0000124  -0.00012761
 174    0.0000125  -0.00012946
 175    0.0000124  -0.00013080
 176    0.0000068  -0.00007236
 177    0.0000001  -0.00000213
 178    0.0000002  -0.00000368
 179    0.0000001  -0.00000159
 180    0.0000000  -0.00000013
 181    0.0000193  -0.00010462
 182    0.0000243  -0.00011937
 183    0.0000221  -0.00012767
 184    0.0000199  -0.00014036
 185    0.0000186  -0.00013417
 186    0.0000302  -0.00011964
 187    0.0000168  -0.00012493
 188    0.0000172  -0.00012876
 189    0.0000173  -0.00012867
 190    0.0000237  -0.00018043
 191    0.0000210  -0.00017552
 192    0.0000200  -0.00017538
 193    0.0000088  -0.00008739
 194    0.0000120  -0.00012784
 195    0.0000116  -0.00012738
 196    0.0000060  -0.00034938
 197    0.0000001  -0.00000191
 198    0.0000002  -0.00000284
 199    0.0000001  -0.00000120
 200    0.0000000  -0.00000004
 201    0.0000172  -0.00012666
 202    0.0000188  -0.00011165
 203    0.0000179  -0.00012378
 204    0.0000176  -0.00012891
 205    0.0000178  -0.00013298
 206    0.0000279  -0.00016067
 207    0.0000161  -0.00011722
 208    0.0000168  -0.00012390
 209    0.0000172  -0.00012515
 210    0.0000203  -0.00016195
 211    0.0000199  -0.00017119
 212    0.0000176  -0.00014293
 213    0.0000079  -0.00007466
 214    0.0000113  -0.00012449
 215    0.0000096  -0.00010958
 216    0.0000052  -0.00005525
 217    0.0000001  -0.00000093
 218    0.0000001  -0.00000162
 219    0.0000001  -0.00000110
 220    0.0000000  -0.00000003
 221    0.0000168  -0.00012210
 222    0.0000172  -0.00012492
 223    0.0000175  -0.00012319
 224    0.0000172  -0.00012398
 225    0.0000171  -0.00012482
 226    0.0000194  -0.00013461
 227    0.0000160  -0.00011695
 228    0.0000166  -0.00012464
 229    0.0000170  -0.00012310
 230    0.0000186  -0.00014952
 231    0.0000187  -0.00015577
 232    0.0000174  -0.00014592
 233    0.0000075  -0.00006686
 234    0.0000104  -0.00011456
 235    0.0000057  -0.00016040
 236    0.0000035  -0.00003855
 237    0.0000001  -0.00000066
 238    0.0000001  -0.00000097
 239    0.0000001  -0.00000084
 240    0.0000000  -0.00000003
 
----------------
 Final Energies 
----------------
Final NOF Total Energy =    -541.8083729
 
Total Orbital Internal Iterations = 10
Total Occupation Internal Iterations = 0
 
Elapsed time:   67.46 Seconds

---------------------------------
   Lowdin Population Analysis    
---------------------------------
 Idx  Atom   Population   Charge 
---------------------------------
  1    Al    13.793      -0.793
  2     F     8.736       0.264
  3     F     8.736       0.264
  4     F     8.736       0.264

---------------------------------
   M Diagnostic: 0.02
---------------------------------

