Computing Integrals
Basis Set                                            = def2-qzvp
Auxiliary Basis Set                                  = def2-universal-jkfit
Gaussian Type                                        = Spherical
Elapsed time:    1.73 Seconds

Number of basis functions                   (NBF)    = 70
Number of auxiliary basis functions         (NBFAUX) = 128
Inactive Doubly occupied orbitals up to     (NO1)    = 0
No. considered Strongly Doubly occupied MOs (NDOC)   = 6
No. considered Strongly Singly occupied MOs (NSOC)   = 2
NO. of Weakly occ. per St. Doubly occ.  MOs (NCWO)   = 10
Dimension of the Nat. Orb. subspace         (NBF5)   = 68
No. of electrons                                     = 14
    No. of alpha electrons                           = 8
    No. of beta electrons                            = 6
Multiplicity                                         = 3

Geometry
========
Si       0.0000000       0.0000000       0.0000000

No violations of the orthonormality
No violations of the orthonormality
 
PNOF8/ADABelief Calculation
==================
 
  Nitext  Nit_orb  Time   Nit_occ  Time         Eelec          Etot           Ediff      maxdiff    MaxGrad_orb  Grad_occ
     1      10    9.0e+00    0    1.2e+01  -289.15046185  -289.15046185 -10288.15046185   0.000793   3.2e-03   1.0e-04 0.02
 
RESULTS OF THE OCCUPATION OPTIMIZATION
========================================
   1    1.9999990  -68.88192215
   2    1.9994182  -6.18687914
   3    1.9960785  -4.28807520
   4    1.9943302  -4.28179624
   5    1.9935446  -4.27975555
   6    1.9719790  -0.55428990
   7    1.0000000  -0.15578455
   8    1.0000000  -0.15578003
   9    0.0131475  -0.02359655
  10    0.0031967  -0.02204096
  11    0.0037781  -0.03139347
  12    0.0034384  -0.02272468
  13    0.0003058  -0.00658035
  14    0.0000008  -0.00000761
  15    0.0036185  -0.00839145
  16    0.0016368  -0.01021662
  17    0.0016406  -0.01025124
  18    0.0002702  -0.00202964
  19    0.0001980  -0.00145819
  20    0.0000000  -0.00000188
  21    0.0036138  -0.00832961
  22    0.0013078  -0.01047819
  23    0.0000942  -0.00066695
  24    0.0000628  -0.00189065
  25    0.0000172  -0.00012754
  26    0.0000000  -0.00000159
  27    0.0029193  -0.00845765
  28    0.0002313  -0.00162053
  29    0.0000486  -0.00028799
  30    0.0000469  -0.00024184
  31    0.0000164  -0.00012269
  32    0.0000000  -0.00000145
  33    0.0013643  -0.00382340
  34    0.0000395  -0.00022982
  35    0.0000430  -0.00024365
  36    0.0000402  -0.00022193
  37    0.0000160  -0.00012084
  38    0.0000000  -0.00000128
  39    0.0013494  -0.00383247
  40    0.0000172  -0.00031927
  41    0.0000334  -0.00020367
  42    0.0000300  -0.00015990
  43    0.0000136  -0.00048277
  44    0.0000000  -0.00000078
  45    0.0007782  -0.00139437
  46    0.0000087  -0.00004770
  47    0.0000137  -0.00009323
  48    0.0000109  -0.00007980
  49    0.0000054  -0.00003132
  50    0.0000000  -0.00000071
  51    0.0007133  -0.00150521
  52    0.0000068  -0.00004188
  53    0.0000074  -0.00003933
  54    0.0000089  -0.00005589
  55    0.0000036  -0.00016646
  56    0.0000000  -0.00000068
  57    0.0002584  -0.00049789
  58    0.0000059  -0.00003082
  59    0.0000059  -0.00003117
  60    0.0000073  -0.00003888
  61    0.0000029  -0.00001574
  62    0.0000000  -0.00000051
  63    0.0002583  -0.00049787
  64    0.0000048  -0.00023242
  65    0.0000048  -0.00002876
  66    0.0000059  -0.00017284
  67    0.0000029  -0.00001568
  68    0.0000000  -0.00000048
 
----------------
 Final Energies 
----------------
Final NOF Total Energy =    -289.1504618
 
Total Orbital Internal Iterations = 10
Total Occupation Internal Iterations = 0
 
Elapsed time:   26.64 Seconds

---------------------------------
   Lowdin Population Analysis    
---------------------------------
 Idx  Atom   Population   Charge 
---------------------------------
  1    Si    14.000      -0.000

---------------------------------
   M Diagnostic: 0.02
---------------------------------

