Computing Integrals
Basis Set                                            = def2-qzvp
Auxiliary Basis Set                                  = def2-universal-jkfit
Gaussian Type                                        = Spherical
Elapsed time:    3.34 Seconds

Number of basis functions                   (NBF)    = 70
Number of auxiliary basis functions         (NBFAUX) = 128
Inactive Doubly occupied orbitals up to     (NO1)    = 0
No. considered Strongly Doubly occupied MOs (NDOC)   = 6
No. considered Strongly Singly occupied MOs (NSOC)   = 3
NO. of Weakly occ. per St. Doubly occ.  MOs (NCWO)   = 10
Dimension of the Nat. Orb. subspace         (NBF5)   = 69
No. of electrons                                     = 15
    No. of alpha electrons                           = 9
    No. of beta electrons                            = 6
Multiplicity                                         = 4

Geometry
========
 P       0.0000000       0.0000000       0.0000000

No violations of the orthonormality
No violations of the orthonormality
 
PNOF8/ADABelief Calculation
==================
 
  Nitext  Nit_orb  Time   Nit_occ  Time         Eelec          Etot           Ediff      maxdiff    MaxGrad_orb  Grad_occ
     1      10    2.2e+01    0    2.9e+01  -341.04772956  -341.04772956 -10340.04772956   0.000790   3.2e-03   1.4e-04 0.02
 
RESULTS OF THE OCCUPATION OPTIMIZATION
========================================
   1    1.9999975  -80.03717346
   2    1.9992166  -7.53784551
   3    1.9967127  -5.42943283
   4    1.9964638  -5.42911454
   5    1.9961709  -5.42807706
   6    1.9735238  -0.71135323
   7    1.0000000  -0.20433030
   8    1.0000000  -0.20429045
   9    1.0000000  -0.20427558
  10    0.0062763  -0.02429506
  11    0.0026388  -0.02311464
  12    0.0026647  -0.02319180
  13    0.0026998  -0.02333621
  14    0.0004918  -0.00651487
  15    0.0000017  -0.00012427
  16    0.0034817  -0.00950360
  17    0.0006743  -0.00720832
  18    0.0006903  -0.00813044
  19    0.0002746  -0.00291484
  20    0.0002248  -0.00271591
  21    0.0000004  -0.00000815
  22    0.0033949  -0.00958057
  23    0.0002695  -0.00288194
  24    0.0000650  -0.00048710
  25    0.0000761  -0.00250145
  26    0.0000253  -0.00020751
  27    0.0000001  -0.00000284
  28    0.0032764  -0.00958127
  29    0.0000679  -0.00078871
  30    0.0000455  -0.00031677
  31    0.0000630  -0.00039602
  32    0.0000164  -0.00028558
  33    0.0000001  -0.00000231
  34    0.0032276  -0.00960077
  35    0.0000599  -0.00038699
  36    0.0000336  -0.00026529
  37    0.0000626  -0.00039562
  38    0.0000064  -0.00011673
  39    0.0000001  -0.00000231
  40    0.0032228  -0.00960133
  41    0.0000441  -0.00031105
  42    0.0000083  -0.00008382
  43    0.0000569  -0.00037832
  44    0.0000044  -0.00017071
  45    0.0000000  -0.00000198
  46    0.0011335  -0.00417544
  47    0.0000273  -0.00020246
  48    0.0000079  -0.00007538
  49    0.0000309  -0.00021604
  50    0.0000039  -0.00008865
  51    0.0000000  -0.00000183
  52    0.0011267  -0.00414020
  53    0.0000246  -0.00018700
  54    0.0000078  -0.00006333
  55    0.0000105  -0.00013751
  56    0.0000038  -0.00008759
  57    0.0000000  -0.00000166
  58    0.0011150  -0.00411818
  59    0.0000140  -0.00059051
  60    0.0000077  -0.00006169
  61    0.0000070  -0.00005758
  62    0.0000037  -0.00003387
  63    0.0000000  -0.00000109
  64    0.0002213  -0.00058045
  65    0.0000086  -0.00006297
  66    0.0000054  -0.00011498
  67    0.0000061  -0.00005348
  68    0.0000031  -0.00002347
  69    0.0000000  -0.00000097
 
----------------
 Final Energies 
----------------
Final NOF Total Energy =    -341.0477296
 
Total Orbital Internal Iterations = 10
Total Occupation Internal Iterations = 0
 
Elapsed time:   66.67 Seconds

---------------------------------
   Lowdin Population Analysis    
---------------------------------
 Idx  Atom   Population   Charge 
---------------------------------
  1     P    15.000      -0.000

---------------------------------
   M Diagnostic: 0.02
---------------------------------

