Computing Integrals
Basis Set                                            = def2-qzvp
Auxiliary Basis Set                                  = def2-universal-jkfit
Gaussian Type                                        = Spherical
Elapsed time:    1.91 Seconds

Number of basis functions                   (NBF)    = 117
Number of auxiliary basis functions         (NBFAUX) = 113
Inactive Doubly occupied orbitals up to     (NO1)    = 0
No. considered Strongly Doubly occupied MOs (NDOC)   = 5
No. considered Strongly Singly occupied MOs (NSOC)   = 0
NO. of Weakly occ. per St. Doubly occ.  MOs (NCWO)   = 22
Dimension of the Nat. Orb. subspace         (NBF5)   = 115
No. of electrons                                     = 10
    No. of alpha electrons                           = 5
    No. of beta electrons                            = 5
Multiplicity                                         = 1

Geometry
========
 O       0.0000000       0.0000000      -0.3893611
 H       0.7629844       0.0000000       0.1946806
 H      -0.7629844       0.0000000       0.1946806

Orthonormality violations 6547, Maximum Violation 0.000093
Trying to orthonormalize
No violations of the orthonormality
No violations of the orthonormality
 
PNOF8/ADABelief Calculation
==================
 
  Nitext  Nit_orb  Time   Nit_occ  Time         Eelec          Etot           Ediff      maxdiff    MaxGrad_orb  Grad_occ
     1      10    9.7e+00    0    1.2e+01   -85.52684262   -76.36834419 -10084.52684262   0.000098   3.9e-04   1.8e-04 0.02
 
RESULTS OF THE OCCUPATION OPTIMIZATION
========================================
   1    1.9999868  -20.59602584
   2    1.9878874  -1.28583017
   3    1.9725848  -0.73794414
   4    1.9726847  -0.73628883
   5    1.9789347  -0.54851367
   6    0.0115872  -0.01916466
   7    0.0190655  -0.03045233
   8    0.0189918  -0.03036765
   9    0.0074170  -0.01944533
  10    0.0000110  -0.00041643
  11    0.0053668  -0.01030265
  12    0.0038302  -0.00817631
  13    0.0038147  -0.00813536
  14    0.0011816  -0.00535129
  15    0.0000008  -0.00000418
  16    0.0012413  -0.00377977
  17    0.0037574  -0.00815425
  18    0.0037235  -0.00812672
  19    0.0008234  -0.00296312
  20    0.0000007  -0.00001293
  21    0.0006844  -0.00318845
  22    0.0002705  -0.00087291
  23    0.0003902  -0.00112173
  24    0.0006349  -0.00237825
  25    0.0000003  -0.00003093
  26    0.0006530  -0.00176097
  27    0.0000909  -0.00035247
  28    0.0001393  -0.00051952
  29    0.0005078  -0.00209794
  30    0.0000002  -0.00000177
  31    0.0004658  -0.00136698
  32    0.0000694  -0.00028920
  33    0.0000961  -0.00035413
  34    0.0004473  -0.00147603
  35    0.0000000  -0.00000073
  36    0.0003500  -0.00102597
  37    0.0000649  -0.00023003
  38    0.0000713  -0.00028831
  39    0.0003160  -0.00120177
  40    0.0000000  -0.00000049
  41    0.0002928  -0.00087470
  42    0.0000359  -0.00015429
  43    0.0000436  -0.00015735
  44    0.0002626  -0.00095345
  45    0.0000000  -0.00000042
  46    0.0001680  -0.00088620
  47    0.0000335  -0.00015344
  48    0.0000359  -0.00016279
  49    0.0002581  -0.00098475
  50    0.0000000  -0.00000038
  51    0.0000930  -0.00037324
  52    0.0000310  -0.00014309
  53    0.0000278  -0.00012655
  54    0.0000747  -0.00095143
  55    0.0000000  -0.00000034
  56    0.0000392  -0.00015975
  57    0.0000162  -0.00008115
  58    0.0000202  -0.00010871
  59    0.0000422  -0.00018818
  60    0.0000000  -0.00000033
  61    0.0000278  -0.00014284
  62    0.0000136  -0.00005081
  63    0.0000152  -0.00010203
  64    0.0000321  -0.00016809
  65    0.0000000  -0.00000031
  66    0.0000189  -0.00010330
  67    0.0000089  -0.00004350
  68    0.0000093  -0.00003847
  69    0.0000219  -0.00012555
  70    0.0000000  -0.00000026
  71    0.0000173  -0.00009809
  72    0.0000072  -0.00003391
  73    0.0000079  -0.00003823
  74    0.0000205  -0.00012239
  75    0.0000000  -0.00000030
  76    0.0000135  -0.00006712
  77    0.0000044  -0.00001022
  78    0.0000071  -0.00002863
  79    0.0000170  -0.00009727
  80    0.0000000  -0.00000026
  81    0.0000112  -0.00006274
  82    0.0000034  -0.00000863
  83    0.0000059  -0.00001621
  84    0.0000136  -0.00007517
  85    0.0000000  -0.00000020
  86    0.0000096  -0.00005346
  87    0.0000029  -0.00000809
  88    0.0000044  -0.00001190
  89    0.0000106  -0.00006766
  90    0.0000000  -0.00000024
  91    0.0000076  -0.00003919
  92    0.0000025  -0.00000488
  93    0.0000027  -0.00000716
  94    0.0000088  -0.00006231
  95    0.0000000  -0.00000019
  96    0.0000068  -0.00003625
  97    0.0000021  -0.00000438
  98    0.0000024  -0.00000615
  99    0.0000076  -0.00004899
 100    0.0000000  -0.00000018
 101    0.0000044  -0.00002154
 102    0.0000019  -0.00000326
 103    0.0000023  -0.00000442
 104    0.0000057  -0.00004039
 105    0.0000000  -0.00000019
 106    0.0000039  -0.00001638
 107    0.0000015  -0.00000330
 108    0.0000020  -0.00000384
 109    0.0000048  -0.00002768
 110    0.0000000  -0.00000017
 111    0.0000031  -0.00001215
 112    0.0000014  -0.00000313
 113    0.0000014  -0.00000291
 114    0.0000043  -0.00002119
 115    0.0000000  -0.00000018
 
----------------
 Final Energies 
----------------
Final NOF Total Energy =     -76.3683442
 
Total Orbital Internal Iterations = 10
Total Occupation Internal Iterations = 0
 
Elapsed time:   28.68 Seconds

---------------------------------
   Lowdin Population Analysis    
---------------------------------
 Idx  Atom   Population   Charge 
---------------------------------
  1     O     7.350       0.650
  2     H     1.325      -0.325
  3     H     1.325      -0.325

---------------------------------
   M Diagnostic: 0.02
---------------------------------

