Computing Integrals
Basis Set                                            = def2-qzvp
Auxiliary Basis Set                                  = def2-universal-jkfit
Gaussian Type                                        = Spherical
Elapsed time:    3.57 Seconds

Number of basis functions                   (NBF)    = 231
Number of auxiliary basis functions         (NBFAUX) = 265
Inactive Doubly occupied orbitals up to     (NO1)    = 0
No. considered Strongly Doubly occupied MOs (NDOC)   = 12
No. considered Strongly Singly occupied MOs (NSOC)   = 0
NO. of Weakly occ. per St. Doubly occ.  MOs (NCWO)   = 18
Dimension of the Nat. Orb. subspace         (NBF5)   = 228
No. of electrons                                     = 24
    No. of alpha electrons                           = 12
    No. of beta electrons                            = 12
Multiplicity                                         = 1

Geometry
========
 C       0.0000000       0.0000000       0.4897580
 H       0.0000000       0.0000000       1.5767760
 H       0.0000000       0.0000000      -1.0189300
 O       0.0000000       1.0474770      -0.2185250
 O       0.0000000      -1.0474770      -0.2185250

Orthonormality violations 17694, Maximum Violation 0.000067
Trying to orthonormalize
No violations of the orthonormality
No violations of the orthonormality
 
PNOF8/ADABelief Calculation
==================
 
  Nitext  Nit_orb  Time   Nit_occ  Time         Eelec          Etot           Ediff      maxdiff    MaxGrad_orb  Grad_occ
     1      10    1.1e+01    0    1.2e+01  -261.58755390  -189.52028313 -10260.58755390   0.000099   4.0e-04   1.9e-04 0.03
 
RESULTS OF THE OCCUPATION OPTIMIZATION
========================================
   1    1.9999879  -20.62813211
   2    1.9999878  -20.62369650
   3    1.9999695  -11.40761624
   4    1.9859541  -1.37463098
   5    1.9864790  -1.30946187
   6    1.9736301  -0.83379017
   7    1.9769819  -0.81563178
   8    1.9733433  -0.78390820
   9    1.9798081  -0.68570679
  10    1.9690769  -0.62517542
  11    1.9814340  -0.61602753
  12    1.9672801  -0.59428645
  13    0.0286208  -0.04664094
  14    0.0074293  -0.01448641
  15    0.0234372  -0.04002116
  16    0.0082971  -0.01895973
  17    0.0228845  -0.04066076
  18    0.0153071  -0.02200114
  19    0.0216415  -0.04133476
  20    0.0067638  -0.01950857
  21    0.0045182  -0.01348581
  22    0.0000204  -0.00047238
  23    0.0000108  -0.00041443
  24    0.0000106  -0.00040972
  25    0.0034483  -0.00773124
  26    0.0050191  -0.01008564
  27    0.0034827  -0.00788095
  28    0.0042319  -0.00957165
  29    0.0028310  -0.00690342
  30    0.0023337  -0.00431453
  31    0.0034860  -0.00870902
  32    0.0033101  -0.00870788
  33    0.0031732  -0.00864439
  34    0.0000033  -0.00005616
  35    0.0000008  -0.00002285
  36    0.0000008  -0.00002557
  37    0.0002889  -0.00091161
  38    0.0019739  -0.00652442
  39    0.0034170  -0.00763412
  40    0.0036891  -0.00850630
  41    0.0003405  -0.00108349
  42    0.0018865  -0.00405585
  43    0.0004929  -0.00156939
  44    0.0010920  -0.00524387
  45    0.0027146  -0.00815300
  46    0.0000026  -0.00003187
  47    0.0000004  -0.00004135
  48    0.0000004  -0.00003945
  49    0.0002399  -0.00078690
  50    0.0008530  -0.00284438
  51    0.0002280  -0.00077067
  52    0.0012921  -0.00428131
  53    0.0002561  -0.00088255
  54    0.0018307  -0.00388105
  55    0.0002576  -0.00089392
  56    0.0007298  -0.00273501
  57    0.0016094  -0.00698680
  58    0.0000023  -0.00002209
  59    0.0000000  -0.00000095
  60    0.0000001  -0.00000257
  61    0.0000340  -0.00013782
  62    0.0006990  -0.00258198
  63    0.0001829  -0.00063511
  64    0.0006766  -0.00217644
  65    0.0000931  -0.00033991
  66    0.0003939  -0.00117421
  67    0.0002265  -0.00077953
  68    0.0004852  -0.00202033
  69    0.0005833  -0.00418382
  70    0.0000013  -0.00003242
  71    0.0000000  -0.00000084
  72    0.0000000  -0.00000123
  73    0.0000225  -0.00009683
  74    0.0006778  -0.00188349
  75    0.0000454  -0.00016814
  76    0.0005544  -0.00168604
  77    0.0000787  -0.00028717
  78    0.0002568  -0.00091484
  79    0.0000752  -0.00031924
  80    0.0003517  -0.00224666
  81    0.0004154  -0.00201509
  82    0.0000001  -0.00000430
  83    0.0000000  -0.00000053
  84    0.0000000  -0.00000087
  85    0.0000185  -0.00008386
  86    0.0006716  -0.00370738
  87    0.0000343  -0.00012345
  88    0.0005002  -0.00172252
  89    0.0000406  -0.00018099
  90    0.0002343  -0.00076846
  91    0.0000633  -0.00025293
  92    0.0002704  -0.00103196
  93    0.0002459  -0.00098711
  94    0.0000001  -0.00000357
  95    0.0000000  -0.00000040
  96    0.0000000  -0.00000060
  97    0.0000123  -0.00005793
  98    0.0003756  -0.00112974
  99    0.0000179  -0.00009164
 100    0.0003319  -0.00129885
 101    0.0000295  -0.00012537
 102    0.0001615  -0.00057388
 103    0.0000313  -0.00014686
 104    0.0001460  -0.00065857
 105    0.0002138  -0.00093539
 106    0.0000001  -0.00000181
 107    0.0000000  -0.00000031
 108    0.0000000  -0.00000051
 109    0.0000096  -0.00004565
 110    0.0003265  -0.00105750
 111    0.0000158  -0.00007607
 112    0.0002567  -0.00088572
 113    0.0000212  -0.00011069
 114    0.0001470  -0.00048934
 115    0.0000210  -0.00010898
 116    0.0001312  -0.00099871
 117    0.0001940  -0.00106613
 118    0.0000000  -0.00000162
 119    0.0000000  -0.00000023
 120    0.0000000  -0.00000046
 121    0.0000065  -0.00002982
 122    0.0002890  -0.00094984
 123    0.0000137  -0.00007002
 124    0.0001220  -0.00050917
 125    0.0000166  -0.00009765
 126    0.0001257  -0.00046133
 127    0.0000172  -0.00010286
 128    0.0000948  -0.00111112
 129    0.0001087  -0.00099741
 130    0.0000000  -0.00000151
 131    0.0000000  -0.00000019
 132    0.0000000  -0.00000042
 133    0.0000040  -0.00002322
 134    0.0000648  -0.00030603
 135    0.0000112  -0.00005309
 136    0.0000605  -0.00028018
 137    0.0000155  -0.00009226
 138    0.0000928  -0.00034115
 139    0.0000156  -0.00008910
 140    0.0000336  -0.00019099
 141    0.0000752  -0.00072145
 142    0.0000000  -0.00000129
 143    0.0000000  -0.00000019
 144    0.0000000  -0.00000036
 145    0.0000031  -0.00001474
 146    0.0000465  -0.00020341
 147    0.0000079  -0.00004200
 148    0.0000485  -0.00022637
 149    0.0000135  -0.00007805
 150    0.0000852  -0.00030527
 151    0.0000107  -0.00006358
 152    0.0000247  -0.00013997
 153    0.0000551  -0.00027894
 154    0.0000000  -0.00000121
 155    0.0000000  -0.00000015
 156    0.0000000  -0.00000033
 157    0.0000027  -0.00001177
 158    0.0000377  -0.00017483
 159    0.0000072  -0.00003806
 160    0.0000292  -0.00014209
 161    0.0000084  -0.00004847
 162    0.0000663  -0.00026998
 163    0.0000072  -0.00004137
 164    0.0000231  -0.00013762
 165    0.0000339  -0.00018653
 166    0.0000000  -0.00000109
 167    0.0000000  -0.00000010
 168    0.0000000  -0.00000029
 169    0.0000022  -0.00001046
 170    0.0000298  -0.00015360
 171    0.0000057  -0.00003663
 172    0.0000277  -0.00013675
 173    0.0000072  -0.00004443
 174    0.0000296  -0.00013893
 175    0.0000065  -0.00004011
 176    0.0000196  -0.00012661
 177    0.0000255  -0.00016195
 178    0.0000000  -0.00000095
 179    0.0000000  -0.00000011
 180    0.0000000  -0.00000021
 181    0.0000020  -0.00001047
 182    0.0000228  -0.00012848
 183    0.0000050  -0.00002843
 184    0.0000205  -0.00011769
 185    0.0000064  -0.00003980
 186    0.0000208  -0.00011314
 187    0.0000055  -0.00003322
 188    0.0000180  -0.00011644
 189    0.0000224  -0.00012847
 190    0.0000000  -0.00000089
 191    0.0000000  -0.00000012
 192    0.0000000  -0.00000023
 193    0.0000017  -0.00000907
 194    0.0000192  -0.00011626
 195    0.0000041  -0.00002450
 196    0.0000190  -0.00011118
 197    0.0000053  -0.00003325
 198    0.0000177  -0.00011141
 199    0.0000046  -0.00002837
 200    0.0000107  -0.00007270
 201    0.0000210  -0.00012527
 202    0.0000000  -0.00000086
 203    0.0000000  -0.00000009
 204    0.0000000  -0.00000019
 205    0.0000016  -0.00000741
 206    0.0000166  -0.00010372
 207    0.0000037  -0.00001940
 208    0.0000177  -0.00010921
 209    0.0000046  -0.00002962
 210    0.0000164  -0.00010378
 211    0.0000043  -0.00002785
 212    0.0000086  -0.00005904
 213    0.0000183  -0.00011634
 214    0.0000000  -0.00000070
 215    0.0000000  -0.00000007
 216    0.0000000  -0.00000015
 217    0.0000012  -0.00000710
 218    0.0000140  -0.00008976
 219    0.0000034  -0.00001577
 220    0.0000166  -0.00010344
 221    0.0000041  -0.00002534
 222    0.0000119  -0.00008020
 223    0.0000029  -0.00001583
 224    0.0000076  -0.00005229
 225    0.0000180  -0.00011357
 226    0.0000000  -0.00000069
 227    0.0000000  -0.00000007
 228    0.0000000  -0.00000013
 
----------------
 Final Energies 
----------------
Final NOF Total Energy =    -189.5202831
 
Total Orbital Internal Iterations = 10
Total Occupation Internal Iterations = 0
 
Elapsed time:   31.18 Seconds

---------------------------------
   Lowdin Population Analysis    
---------------------------------
 Idx  Atom   Population   Charge 
---------------------------------
  1     C     6.490      -0.490
  2     H     1.080      -0.080
  3     H     1.191      -0.191
  4     O     7.612       0.388
  5     O     7.627       0.373

---------------------------------
   M Diagnostic: 0.03
---------------------------------

