Computing Integrals
Basis Set                                            = def2-qzvp
Auxiliary Basis Set                                  = def2-universal-jkfit
Gaussian Type                                        = Spherical
Elapsed time:    3.28 Seconds

Number of basis functions                   (NBF)    = 234
Number of auxiliary basis functions         (NBFAUX) = 222
Inactive Doubly occupied orbitals up to     (NO1)    = 0
No. considered Strongly Doubly occupied MOs (NDOC)   = 8
No. considered Strongly Singly occupied MOs (NSOC)   = 0
NO. of Weakly occ. per St. Doubly occ.  MOs (NCWO)   = 1
Dimension of the Nat. Orb. subspace         (NBF5)   = 16
No. of electrons                                     = 16
    No. of alpha electrons                           = 8
    No. of beta electrons                            = 8
Multiplicity                                         = 1

Geometry
========
 C      -0.6634720       0.0000000       0.0000000
 C       0.6634720       0.0000000       0.0000000
 H      -1.2345990      -0.9225180       0.0000000
 H      -1.2345990       0.9225180       0.0000000
 H       1.2345990       0.9225180       0.0000000
 H       1.2345990      -0.9225180       0.0000000

No violations of the orthonormality
No violations of the orthonormality
 
PNOF7/ADABelief Calculation
==================
 
  Nitext  Nit_orb  Time   Nit_occ  Time         Eelec          Etot           Ediff      maxdiff    MaxGrad_orb  Grad_occ
     1      10    9.7e+00    0    1.2e+01  -111.64043430   -78.21503327 -10110.64043430   0.000470   1.9e-03   1.1e-04 0.14
 
RESULTS OF THE OCCUPATION OPTIMIZATION
========================================
   1    1.9995566  -11.20127569
   2    1.9995590  -11.20123646
   3    1.9859220  -0.85948210
   4    1.9766548  -0.68276423
   5    1.9766499  -0.68273908
   6    1.9766194  -0.68269846
   7    1.9766155  -0.68269324
   8    1.8613456  -0.38881867
   9    0.1386544  -0.04414283
  10    0.0233845  -0.01690392
  11    0.0233806  -0.01690291
  12    0.0233501  -0.01689329
  13    0.0233452  -0.01689040
  14    0.0140780  -0.01274169
  15    0.0004410  -0.00831331
  16    0.0004434  -0.00832685
 
----------------
 Final Energies 
----------------
Final NOF Total Energy =     -78.2150333
 
Total Orbital Internal Iterations = 10
Total Occupation Internal Iterations = 0
 
Elapsed time:   27.87 Seconds

---------------------------------
   Lowdin Population Analysis    
---------------------------------
 Idx  Atom   Population   Charge 
---------------------------------
  1     C     5.818       0.182
  2     C     5.818       0.182
  3     H     1.091      -0.091
  4     H     1.091      -0.091
  5     H     1.091      -0.091
  6     H     1.091      -0.091

---------------------------------
   M Diagnostic: 0.14
---------------------------------

