Computing Integrals
Basis Set                                            = def2-qzvp
Auxiliary Basis Set                                  = def2-universal-jkfit
Gaussian Type                                        = Spherical
Elapsed time:   12.34 Seconds

Number of basis functions                   (NBF)    = 642
Number of auxiliary basis functions         (NBFAUX) = 634
Inactive Doubly occupied orbitals up to     (NO1)    = 0
No. considered Strongly Doubly occupied MOs (NDOC)   = 25
No. considered Strongly Singly occupied MOs (NSOC)   = 0
NO. of Weakly occ. per St. Doubly occ.  MOs (NCWO)   = 1
Dimension of the Nat. Orb. subspace         (NBF5)   = 50
No. of electrons                                     = 50
    No. of alpha electrons                           = 25
    No. of beta electrons                            = 25
Multiplicity                                         = 1

Geometry
========
 C       1.5783850       0.1476900       0.3438090
 H       1.3947500       0.0129680       1.4135450
 O       1.3599290      -1.0862030      -0.3597820
 C       0.6538450       1.2150990      -0.2213220
 H       1.0578270       2.1802830       0.0939240
 H       0.7296930       1.1848640      -1.3114380
 C      -0.8173340       1.1521270       0.2081560
 H      -1.3035250       2.0657380      -0.1458280
 H      -0.8837650       1.1597620       1.2992600
 H       1.9841200      -1.7344460      -0.0213850
 H       2.6162860       0.4589480       0.2065440
 C      -1.6277250      -0.0340520      -0.3113010
 H      -2.6842290       0.1510150      -0.1185660
 H      -1.5018680      -0.1181460      -1.3975060
 O      -1.3242620      -1.2601540       0.3333770
 H      -0.4176510      -1.4753140       0.0766370

Orthonormality violations 241226, Maximum Violation 0.000259
Trying to orthonormalize
No violations of the orthonormality
No violations of the orthonormality
 
PNOF7/ADABelief Calculation
==================
 
  Nitext  Nit_orb  Time   Nit_occ  Time         Eelec          Etot           Ediff      maxdiff    MaxGrad_orb  Grad_occ
     1      10    1.5e+01    0    1.2e+01  -571.14720114  -307.57133948 -10570.14720114   0.000096   3.8e-04   1.1e-04 0.03
 
RESULTS OF THE OCCUPATION OPTIMIZATION
========================================
   1    1.9997811  -20.56322818
   2    1.9997808  -20.51689079
   3    1.9995645  -11.26593493
   4    1.9995639  -11.23844831
   5    1.9995681  -11.20894118
   6    1.9995678  -11.19965446
   7    1.9752695  -0.87597343
   8    1.9791498  -0.85704757
   9    1.9900038  -0.83093376
  10    1.9673625  -0.81917136
  11    1.9682309  -0.79047624
  12    1.9879911  -0.77970725
  13    1.9879517  -0.73493123
  14    1.9876090  -0.73450585
  15    1.9750895  -0.71874585
  16    1.9776441  -0.69926312
  17    1.9777854  -0.69848439
  18    1.9751116  -0.69788542
  19    1.9745654  -0.69221751
  20    1.9775947  -0.67266551
  21    1.9778262  -0.67050555
  22    1.9774649  -0.67000076
  23    1.9773398  -0.66859293
  24    1.9776705  -0.66459471
  25    1.9777704  -0.66204666
  26    0.0222296  -0.01621435
  27    0.0223295  -0.01628131
  28    0.0226602  -0.01673576
  29    0.0225351  -0.01662661
  30    0.0221738  -0.01627986
  31    0.0224053  -0.01641776
  32    0.0254346  -0.01840885
  33    0.0248884  -0.01834912
  34    0.0222146  -0.01678981
  35    0.0223559  -0.01689280
  36    0.0249105  -0.01865052
  37    0.0123910  -0.01215805
  38    0.0120483  -0.01193759
  39    0.0120089  -0.01216873
  40    0.0317691  -0.02577502
  41    0.0326375  -0.02675130
  42    0.0099962  -0.01090786
  43    0.0208502  -0.01985987
  44    0.0247305  -0.02253361
  45    0.0004322  -0.00821454
  46    0.0004319  -0.00821166
  47    0.0004361  -0.00827207
  48    0.0004355  -0.00827120
  49    0.0002192  -0.00761870
  50    0.0002189  -0.00761876
 
----------------
 Final Energies 
----------------
Final NOF Total Energy =    -307.5713395
 
Total Orbital Internal Iterations = 10
Total Occupation Internal Iterations = 0
 
Elapsed time:   36.65 Seconds

---------------------------------
   Lowdin Population Analysis    
---------------------------------
 Idx  Atom   Population   Charge 
---------------------------------
  1     C     6.073      -0.073
  2     H     1.061      -0.061
  3     O     7.384       0.616
  4     C     5.913       0.087
  5     H     1.046      -0.046
  6     H     1.045      -0.045
  7     C     5.912       0.088
  8     H     1.047      -0.047
  9     H     1.049      -0.049
 10     H     1.333      -0.333
 11     H     1.064      -0.064
 12     C     6.109      -0.109
 13     H     1.062      -0.062
 14     H     1.063      -0.063
 15     O     7.443       0.557
 16     H     1.395      -0.395

---------------------------------
   M Diagnostic: 0.03
---------------------------------

