Computing Integrals
Basis Set                                            = def2-qzvp
Auxiliary Basis Set                                  = def2-universal-jkfit
Gaussian Type                                        = Spherical
Elapsed time:    1.66 Seconds

Number of basis functions                   (NBF)    = 130
Number of auxiliary basis functions         (NBFAUX) = 164
Inactive Doubly occupied orbitals up to     (NO1)    = 0
No. considered Strongly Doubly occupied MOs (NDOC)   = 9
No. considered Strongly Singly occupied MOs (NSOC)   = 0
NO. of Weakly occ. per St. Doubly occ.  MOs (NCWO)   = 1
Dimension of the Nat. Orb. subspace         (NBF5)   = 18
No. of electrons                                     = 18
    No. of alpha electrons                           = 9
    No. of beta electrons                            = 9
Multiplicity                                         = 1

Geometry
========
 S       0.0000000       0.0000000      -0.6214606
 H       0.9696567       0.0000000       0.3107303
 H      -0.9696567       0.0000000       0.3107303

Orthonormality violations 3648, Maximum Violation 0.000051
Trying to orthonormalize
No violations of the orthonormality
No violations of the orthonormality
 
PNOF7/ADABelief Calculation
==================
 
  Nitext  Nit_orb  Time   Nit_occ  Time         Eelec          Etot           Ediff      maxdiff    MaxGrad_orb  Grad_occ
     1      10    9.6e+00    0    1.2e+01  -411.66420122  -398.80192724 -10410.66420122   0.000099   4.0e-04   1.1e-04 0.03
 
RESULTS OF THE OCCUPATION OPTIMIZATION
========================================
   1    1.9999701  -91.20961103
   2    1.9996358  -7.44862679
   3    1.9996115  -7.43303996
   4    1.9996236  -7.39351061
   5    1.9996124  -7.39000253
   6    1.9852623  -0.74312348
   7    1.9852702  -0.74308882
   8    1.9706359  -0.60981913
   9    1.9660324  -0.39500063
  10    0.0339676  -0.01329175
  11    0.0293641  -0.01561701
  12    0.0147298  -0.01131324
  13    0.0147377  -0.01131280
  14    0.0003876  -0.00429977
  15    0.0003764  -0.00424119
  16    0.0003885  -0.00433670
  17    0.0003642  -0.00414847
  18    0.0000299  -0.00563513
 
----------------
 Final Energies 
----------------
Final NOF Total Energy =    -398.8019272
 
Total Orbital Internal Iterations = 10
Total Occupation Internal Iterations = 0
 
Elapsed time:   28.59 Seconds

---------------------------------
   Lowdin Population Analysis    
---------------------------------
 Idx  Atom   Population   Charge 
---------------------------------
  1     S    15.502       0.498
  2     H     1.249      -0.249
  3     H     1.249      -0.249

---------------------------------
   M Diagnostic: 0.03
---------------------------------

