Computing Integrals
Basis Set                                            = def2-qzvp
Auxiliary Basis Set                                  = def2-universal-jkfit
Gaussian Type                                        = Spherical
Elapsed time:    1.71 Seconds

Number of basis functions                   (NBF)    = 130
Number of auxiliary basis functions         (NBFAUX) = 164
Inactive Doubly occupied orbitals up to     (NO1)    = 0
No. considered Strongly Doubly occupied MOs (NDOC)   = 8
No. considered Strongly Singly occupied MOs (NSOC)   = 0
NO. of Weakly occ. per St. Doubly occ.  MOs (NCWO)   = 1
Dimension of the Nat. Orb. subspace         (NBF5)   = 16
No. of electrons                                     = 16
    No. of alpha electrons                           = 8
    No. of beta electrons                            = 8
Multiplicity                                         = 1

Geometry
========
 S       0.0000000       0.0000000      -0.6478378
 H       1.0565968       0.0000000       0.3239189
 H      -1.0565968       0.0000000       0.3239189

No violations of the orthonormality
No violations of the orthonormality
 
PNOF7/ADABelief Calculation
==================
 
  Nitext  Nit_orb  Time   Nit_occ  Time         Eelec          Etot           Ediff      maxdiff    MaxGrad_orb  Grad_occ
     1      10    9.4e+00    0    1.2e+01  -409.75767497  -397.71106328 -10408.75767497   0.000497   2.0e-03   6.4e-05 0.09
 
RESULTS OF THE OCCUPATION OPTIMIZATION
========================================
   1    1.9999698  -92.07415786
   2    1.9996563  -8.27410812
   3    1.9996457  -8.26595819
   4    1.9995818  -8.25213484
   5    1.9996145  -8.24805054
   6    1.9720814  -1.36747006
   7    1.9705011  -1.35273989
   8    1.9096311  -1.33920011
   9    0.0903689  -0.07677526
  10    0.0294989  -0.02955349
  11    0.0279186  -0.02843596
  12    0.0003855  -0.00436432
  13    0.0004182  -0.00464644
  14    0.0003543  -0.00412148
  15    0.0003437  -0.00403734
  16    0.0000302  -0.00568607
 
----------------
 Final Energies 
----------------
Final NOF Total Energy =    -397.7110633
 
Total Orbital Internal Iterations = 10
Total Occupation Internal Iterations = 0
 
Elapsed time:   27.29 Seconds

---------------------------------
   Lowdin Population Analysis    
---------------------------------
 Idx  Atom   Population   Charge 
---------------------------------
  1     S    14.045       1.955
  2     H     0.978       0.022
  3     H     0.978       0.022

---------------------------------
   M Diagnostic: 0.09
---------------------------------

