Computing Integrals
Basis Set                                            = def2-qzvp
Auxiliary Basis Set                                  = def2-universal-jkfit
Gaussian Type                                        = Spherical
Elapsed time:    1.77 Seconds

Number of basis functions                   (NBF)    = 117
Number of auxiliary basis functions         (NBFAUX) = 113
Inactive Doubly occupied orbitals up to     (NO1)    = 0
No. considered Strongly Doubly occupied MOs (NDOC)   = 5
No. considered Strongly Singly occupied MOs (NSOC)   = 0
NO. of Weakly occ. per St. Doubly occ.  MOs (NCWO)   = 1
Dimension of the Nat. Orb. subspace         (NBF5)   = 10
No. of electrons                                     = 10
    No. of alpha electrons                           = 5
    No. of beta electrons                            = 5
Multiplicity                                         = 1

Geometry
========
 O      -1.0998903      -0.3612231       0.0000000
 H      -0.1296488      -0.3179231       0.0000000
 H      -1.3829483       0.5678219       0.0000000

No violations of the orthonormality
No violations of the orthonormality
 
PNOF7/ADABelief Calculation
==================
 
  Nitext  Nit_orb  Time   Nit_occ  Time         Eelec          Etot           Ediff      maxdiff    MaxGrad_orb  Grad_occ
     1      10    9.3e+00    0    1.2e+01   -85.21718212   -76.15455288 -10084.21718212   0.000777   3.1e-03   1.1e-04 0.03
 
RESULTS OF THE OCCUPATION OPTIMIZATION
========================================
   1    1.9997798  -20.55870083
   2    1.9745299  -0.85587387
   3    1.9744918  -0.85569337
   4    1.9875415  -0.76416665
   5    1.9875367  -0.76409313
   6    0.0124633  -0.01241569
   7    0.0124585  -0.01241379
   8    0.0255082  -0.02277884
   9    0.0254701  -0.02276575
  10    0.0002202  -0.00763361
 
----------------
 Final Energies 
----------------
Final NOF Total Energy =     -76.1545529
 
Total Orbital Internal Iterations = 10
Total Occupation Internal Iterations = 0
 
Elapsed time:   27.15 Seconds

---------------------------------
   Lowdin Population Analysis    
---------------------------------
 Idx  Atom   Population   Charge 
---------------------------------
  1     O     7.374       0.626
  2     H     1.313      -0.313
  3     H     1.313      -0.313

---------------------------------
   M Diagnostic: 0.03
---------------------------------

