Computing Integrals
Basis Set                                            = def2-qzvp
Auxiliary Basis Set                                  = def2-universal-jkfit
Gaussian Type                                        = Spherical
Elapsed time:    2.42 Seconds

Number of basis functions                   (NBF)    = 140
Number of auxiliary basis functions         (NBFAUX) = 256
Inactive Doubly occupied orbitals up to     (NO1)    = 0
No. considered Strongly Doubly occupied MOs (NDOC)   = 17
No. considered Strongly Singly occupied MOs (NSOC)   = 0
NO. of Weakly occ. per St. Doubly occ.  MOs (NCWO)   = 1
Dimension of the Nat. Orb. subspace         (NBF5)   = 34
No. of electrons                                     = 34
    No. of alpha electrons                           = 17
    No. of beta electrons                            = 17
Multiplicity                                         = 1

Geometry
========
Cl       0.0000000       0.0000000       1.0210496
Cl       0.0000000       0.0000000      -1.0210496

Orthonormality violations 128, Maximum Violation 0.000009
Trying to orthonormalize
No violations of the orthonormality
No violations of the orthonormality
 
PNOF7/ADABelief Calculation
==================
 
  Nitext  Nit_orb  Time   Nit_occ  Time         Eelec          Etot           Ediff      maxdiff    MaxGrad_orb  Grad_occ
     1      10    9.6e+00    0    1.2e+01  -994.03903316  -919.14947524 -10993.03903316   0.000099   4.0e-04   2.1e-04 0.11
 
RESULTS OF THE OCCUPATION OPTIMIZATION
========================================
   1    1.9999518  -97.44504685
   2    1.9999517  -97.28554586
   3    1.9999693  -17.88150575
   4    1.9999676  -17.69300119
   5    1.9997469  -8.32056277
   6    1.9997458  -8.30432643
   7    1.9997652  -8.18871392
   8    1.9997607  -8.17559722
   9    1.9997659  -8.05909422
  10    1.9997703  -8.05898087
  11    1.9880190  -0.73421421
  12    1.9878583  -0.73052998
  13    1.9876704  -0.72415753
  14    1.9876321  -0.72306191
  15    1.9876159  -0.72278647
  16    1.9874748  -0.72027285
  17    1.8872845  -0.60217283
  18    0.1127155  -0.05026539
  19    0.0125252  -0.00902126
  20    0.0123841  -0.00897152
  21    0.0123679  -0.00897032
  22    0.0123296  -0.00895948
  23    0.0121417  -0.00888773
  24    0.0119810  -0.00883153
  25    0.0002297  -0.00317966
  26    0.0002341  -0.00319835
  27    0.0002393  -0.00326412
  28    0.0002348  -0.00324784
  29    0.0002542  -0.00334600
  30    0.0002531  -0.00334540
  31    0.0000324  -0.00066498
  32    0.0000307  -0.00064453
  33    0.0000483  -0.00845815
  34    0.0000482  -0.00844599
 
----------------
 Final Energies 
----------------
Final NOF Total Energy =    -919.1494752
 
Total Orbital Internal Iterations = 10
Total Occupation Internal Iterations = 0
 
Elapsed time:   29.01 Seconds

---------------------------------
   Lowdin Population Analysis    
---------------------------------
 Idx  Atom   Population   Charge 
---------------------------------
  1    Cl    17.000       0.000
  2    Cl    17.000      -0.000

---------------------------------
   M Diagnostic: 0.11
---------------------------------

