Computing Integrals
Basis Set                                            = def2-qzvp
Auxiliary Basis Set                                  = def2-universal-jkfit
Gaussian Type                                        = Spherical
Elapsed time:    1.63 Seconds

Number of basis functions                   (NBF)    = 100
Number of auxiliary basis functions         (NBFAUX) = 146
Inactive Doubly occupied orbitals up to     (NO1)    = 0
No. considered Strongly Doubly occupied MOs (NDOC)   = 7
No. considered Strongly Singly occupied MOs (NSOC)   = 2
NO. of Weakly occ. per St. Doubly occ.  MOs (NCWO)   = 1
Dimension of the Nat. Orb. subspace         (NBF5)   = 16
No. of electrons                                     = 16
    No. of alpha electrons                           = 9
    No. of beta electrons                            = 7
Multiplicity                                         = 3

Geometry
========
Si       0.0000000       0.0000000       0.7829904
 H       0.0000000       0.0000000      -0.7829904

Orthonormality violations 173, Maximum Violation 0.000007
Trying to orthonormalize
No violations of the orthonormality
No violations of the orthonormality
 
PNOF7/ADABelief Calculation
==================
 
  Nitext  Nit_orb  Time   Nit_occ  Time         Eelec          Etot           Ediff      maxdiff    MaxGrad_orb  Grad_occ
     1      10    9.4e+00    0    1.2e+01  -294.28144685  -289.55056780 -10293.28144685   0.000098   3.9e-04   6.4e-05 0.09
 
RESULTS OF THE OCCUPATION OPTIMIZATION
========================================
   1    1.9999573  -68.27008549
   2    1.9989647  -4.53386781
   3    1.9989369  -4.52514430
   4    1.9989235  -4.52069802
   5    1.9989977  -4.50312811
   6    1.9739106  -0.36494355
   7    1.9073747  -0.16740836
   8    1.0000000  -0.03323695
   9    1.0000000  -0.03323621
  10    0.0926253  -0.01367960
  11    0.0260894  -0.00837562
  12    0.0010023  -0.00637059
  13    0.0010765  -0.00671877
  14    0.0010631  -0.00666247
  15    0.0010353  -0.00652473
  16    0.0000427  -0.00583138
 
----------------
 Final Energies 
----------------
Final NOF Total Energy =    -289.5505678
 
Total Orbital Internal Iterations = 10
Total Occupation Internal Iterations = 0
 
Elapsed time:   28.51 Seconds

---------------------------------
   Lowdin Population Analysis    
---------------------------------
 Idx  Atom   Population   Charge 
---------------------------------
  1    Si    14.713      -0.713
  2     H     1.287      -0.287

---------------------------------
   M Diagnostic: 0.09
---------------------------------

