Computing Integrals
Basis Set                                            = def2-qzvp
Auxiliary Basis Set                                  = def2-universal-jkfit
Gaussian Type                                        = Spherical
Elapsed time:    3.26 Seconds

Number of basis functions                   (NBF)    = 229
Number of auxiliary basis functions         (NBFAUX) = 347
Inactive Doubly occupied orbitals up to     (NO1)    = 0
No. considered Strongly Doubly occupied MOs (NDOC)   = 31
No. considered Strongly Singly occupied MOs (NSOC)   = 0
NO. of Weakly occ. per St. Doubly occ.  MOs (NCWO)   = 1
Dimension of the Nat. Orb. subspace         (NBF5)   = 62
No. of electrons                                     = 62
    No. of alpha electrons                           = 31
    No. of beta electrons                            = 31
Multiplicity                                         = 1

Geometry
========
 I       0.0000000       0.0000000       0.3252620
 C       0.0000000       0.0000000      -1.8032450
 H       0.0000000       1.0301960      -2.1397970
 H      -0.8921760      -0.5150980      -2.1397970
 H       0.8921760      -0.5150980      -2.1397970

Orthonormality violations 34033, Maximum Violation 0.000153
Trying to orthonormalize
No violations of the orthonormality
No violations of the orthonormality
 
PNOF7/ADABelief Calculation
==================
 
  Nitext  Nit_orb  Time   Nit_occ  Time         Eelec          Etot           Ediff      maxdiff    MaxGrad_orb  Grad_occ
     1      10    1.1e+01    0    1.2e+01 -2598.68209541 -2478.45131520 -12597.68209541   0.000243   9.7e-04   2.3e-04 0.99
 
RESULTS OF THE OCCUPATION OPTIMIZATION
========================================
   1    2.0000000  -149.07249991
   2    2.0000000  -64.60027129
   3    2.0000000  -64.58983192
   4    2.0000000  -64.52949125
   5    1.9999994  -26.05835630
   6    1.9995531  -11.22384038
   7    1.9999751  -10.66211812
   8    1.9999715  -10.44766923
   9    1.9999736  -10.25031316
  10    1.9999676  -10.16128023
  11    1.9999731  -9.98994831
  12    1.9999587  -9.92000854
  13    1.9999527  -9.72573927
  14    1.9999516  -9.47265374
  15    1.9999160  -8.32633033
  16    1.9996882  -4.48016726
  17    1.9997094  -4.45624550
  18    1.9996989  -4.44078359
  19    1.9996999  -4.33587727
  20    1.9997072  -4.33532978
  21    1.9996719  -4.26159242
  22    1.9996446  -4.09159978
  23    1.9289297  -0.90124241
  24    1.9287247  -0.90104119
  25    1.9795646  -0.83776476
  26    1.9755180  -0.80739295
  27    1.9763387  -0.70910891
  28    1.9763226  -0.70888795
  29    1.9758429  -0.70060046
  30    1.8372263  -0.40201767
  31    1.0119959  -0.16842987
  32    0.9880041  -0.16066797
  33    0.1627737  -0.05054278
  34    0.0241571  -0.01737738
  35    0.0236774  -0.01716209
  36    0.0236613  -0.01715573
  37    0.0244820  -0.01114354
  38    0.0204354  -0.00912796
  39    0.0712753  -0.04021752
  40    0.0710703  -0.04008467
  41    0.0003554  -0.00172248
  42    0.0003281  -0.00163584
  43    0.0002928  -0.00152892
  44    0.0003001  -0.00157348
  45    0.0003011  -0.00156528
  46    0.0002906  -0.00154387
  47    0.0003118  -0.00161860
  48    0.0000840  -0.00066692
  49    0.0000484  -0.00046798
  50    0.0000473  -0.00045824
  51    0.0000413  -0.00042206
  52    0.0000269  -0.00026939
  53    0.0000324  -0.00031822
  54    0.0000264  -0.00025050
  55    0.0000285  -0.00028276
  56    0.0000249  -0.00027114
  57    0.0004469  -0.00841613
  58    0.0000006  -0.00003278
  59    0.0000000  -0.00000664
  60    0.0000000  -0.00000653
  61    0.0000000  -0.00000673
  62    0.0000000  -0.00000339
 
----------------
 Final Energies 
----------------
Final NOF Total Energy =   -2478.4513152
 
Total Orbital Internal Iterations = 10
Total Occupation Internal Iterations = 0
 
Elapsed time:   30.01 Seconds

---------------------------------
   Lowdin Population Analysis    
---------------------------------
 Idx  Atom   Population   Charge 
---------------------------------
  1     I    52.644       0.356
  2     C     6.037      -0.037
  3     H     1.106      -0.106
  4     H     1.107      -0.107
  5     H     1.106      -0.106

---------------------------------
   M Diagnostic: 0.99
---------------------------------

