Computing Integrals
Basis Set                                            = def2-qzvp
Auxiliary Basis Set                                  = def2-universal-jkfit
Gaussian Type                                        = Spherical
Elapsed time:    1.81 Seconds

Number of basis functions                   (NBF)    = 117
Number of auxiliary basis functions         (NBFAUX) = 113
Inactive Doubly occupied orbitals up to     (NO1)    = 0
No. considered Strongly Doubly occupied MOs (NDOC)   = 5
No. considered Strongly Singly occupied MOs (NSOC)   = 0
NO. of Weakly occ. per St. Doubly occ.  MOs (NCWO)   = 1
Dimension of the Nat. Orb. subspace         (NBF5)   = 10
No. of electrons                                     = 10
    No. of alpha electrons                           = 5
    No. of beta electrons                            = 5
Multiplicity                                         = 1

Geometry
========
 O       0.0000000       0.0000000       0.3921953
 H      -0.7561000       0.0000000      -0.1960977
 H       0.7561000       0.0000000      -0.1960977

Orthonormality violations 9360, Maximum Violation 0.000094
Trying to orthonormalize
No violations of the orthonormality
No violations of the orthonormality
 
PNOF7/ADABelief Calculation
==================
 
  Nitext  Nit_orb  Time   Nit_occ  Time         Eelec          Etot           Ediff      maxdiff    MaxGrad_orb  Grad_occ
     1      10    9.3e+00    0    1.2e+01   -85.34249876   -76.15460334 -10084.34249876   0.000099   3.9e-04   8.3e-05 0.02
 
RESULTS OF THE OCCUPATION OPTIMIZATION
========================================
   1    1.9997813  -20.55624803
   2    1.9759540  -0.86945903
   3    1.9759324  -0.86933347
   4    1.9877234  -0.76002420
   5    1.9875742  -0.75789578
   6    0.0124258  -0.01239029
   7    0.0122766  -0.01233185
   8    0.0240676  -0.02202584
   9    0.0240460  -0.02201803
  10    0.0002187  -0.00761115
 
----------------
 Final Energies 
----------------
Final NOF Total Energy =     -76.1546033
 
Total Orbital Internal Iterations = 10
Total Occupation Internal Iterations = 0
 
Elapsed time:   28.23 Seconds

---------------------------------
   Lowdin Population Analysis    
---------------------------------
 Idx  Atom   Population   Charge 
---------------------------------
  1     O     7.341       0.659
  2     H     1.329      -0.329
  3     H     1.329      -0.329

---------------------------------
   M Diagnostic: 0.02
---------------------------------

