Computing Integrals
Basis Set                                            = def2-qzvp
Auxiliary Basis Set                                  = def2-universal-jkfit
Gaussian Type                                        = Spherical
Elapsed time:    1.73 Seconds

Number of basis functions                   (NBF)    = 114
Number of auxiliary basis functions         (NBFAUX) = 154
Inactive Doubly occupied orbitals up to     (NO1)    = 0
No. considered Strongly Doubly occupied MOs (NDOC)   = 9
No. considered Strongly Singly occupied MOs (NSOC)   = 0
NO. of Weakly occ. per St. Doubly occ.  MOs (NCWO)   = 1
Dimension of the Nat. Orb. subspace         (NBF5)   = 18
No. of electrons                                     = 18
    No. of alpha electrons                           = 9
    No. of beta electrons                            = 9
Multiplicity                                         = 1

Geometry
========
 F       0.0000000       0.0000000      -0.7075955
 F       0.0000000       0.0000000       0.7075955

Orthonormality violations 3800, Maximum Violation 0.000051
Trying to orthonormalize
No violations of the orthonormality
No violations of the orthonormality
 
PNOF7/ADABelief Calculation
==================
 
  Nitext  Nit_orb  Time   Nit_occ  Time         Eelec          Etot           Ediff      maxdiff    MaxGrad_orb  Grad_occ
     1      10    9.3e+00    0    1.2e+01  -229.25712515  -198.96915259 -10228.25712515   0.000096   3.8e-04   1.0e-04 0.18
 
RESULTS OF THE OCCUPATION OPTIMIZATION
========================================
   1    1.9998419  -26.38328162
   2    1.9998420  -26.38327337
   3    1.9912997  -1.05490204
   4    1.9912941  -1.05482964
   5    1.9912875  -1.05468674
   6    1.9912857  -1.05468491
   7    1.9912292  -1.05372195
   8    1.9912276  -1.05365330
   9    1.8165973  -0.79860921
  10    0.1834027  -0.11377584
  11    0.0087724  -0.01170912
  12    0.0087708  -0.01170812
  13    0.0087143  -0.01168301
  14    0.0087125  -0.01168191
  15    0.0087059  -0.01167920
  16    0.0087003  -0.01167633
  17    0.0001580  -0.00706860
  18    0.0001581  -0.00706996
 
----------------
 Final Energies 
----------------
Final NOF Total Energy =    -198.9691526
 
Total Orbital Internal Iterations = 10
Total Occupation Internal Iterations = 0
 
Elapsed time:   28.39 Seconds

---------------------------------
   Lowdin Population Analysis    
---------------------------------
 Idx  Atom   Population   Charge 
---------------------------------
  1     F     9.000       0.000
  2     F     9.000      -0.000

---------------------------------
   M Diagnostic: 0.18
---------------------------------

