Computing Integrals
Basis Set                                            = def2-qzvp
Auxiliary Basis Set                                  = def2-universal-jkfit
Gaussian Type                                        = Spherical
Elapsed time:    1.74 Seconds

Number of basis functions                   (NBF)    = 114
Number of auxiliary basis functions         (NBFAUX) = 154
Inactive Doubly occupied orbitals up to     (NO1)    = 0
No. considered Strongly Doubly occupied MOs (NDOC)   = 7
No. considered Strongly Singly occupied MOs (NSOC)   = 0
NO. of Weakly occ. per St. Doubly occ.  MOs (NCWO)   = 1
Dimension of the Nat. Orb. subspace         (NBF5)   = 14
No. of electrons                                     = 14
    No. of alpha electrons                           = 7
    No. of beta electrons                            = 7
Multiplicity                                         = 1

Geometry
========
 N       0.0000000       0.0000000      -0.5500458
 N       0.0000000       0.0000000       0.5500458

Orthonormality violations 4395, Maximum Violation 0.000210
Trying to orthonormalize
No violations of the orthonormality
No violations of the orthonormality
 
PNOF7/ADABelief Calculation
==================
 
  Nitext  Nit_orb  Time   Nit_occ  Time         Eelec          Etot           Ediff      maxdiff    MaxGrad_orb  Grad_occ
     1      10    9.3e+00    0    1.2e+01  -132.70828694  -109.13785866 -10131.70828694   0.000099   4.0e-04   1.5e-04 0.11
 
RESULTS OF THE OCCUPATION OPTIMIZATION
========================================
   1    1.9997091  -15.64754753
   2    1.9997093  -15.64749337
   3    1.9890490  -1.37929827
   4    1.9843328  -0.76380677
   5    1.9842506  -0.76355562
   6    1.8926733  -0.62447677
   7    1.8925601  -0.62446417
   8    0.1074399  -0.05346446
   9    0.1073267  -0.05343326
  10    0.0157494  -0.01174671
  11    0.0156672  -0.01171978
  12    0.0109510  -0.01470155
  13    0.0002907  -0.00772316
  14    0.0002909  -0.00772548
 
----------------
 Final Energies 
----------------
Final NOF Total Energy =    -109.1378587
 
Total Orbital Internal Iterations = 10
Total Occupation Internal Iterations = 0
 
Elapsed time:   28.39 Seconds

---------------------------------
   Lowdin Population Analysis    
---------------------------------
 Idx  Atom   Population   Charge 
---------------------------------
  1     N     7.000       0.000
  2     N     7.000      -0.000

---------------------------------
   M Diagnostic: 0.11
---------------------------------

