Computing Integrals
Basis Set                                            = def2-qzvp
Auxiliary Basis Set                                  = def2-universal-jkfit
Gaussian Type                                        = Spherical
Elapsed time:    1.57 Seconds

Number of basis functions                   (NBF)    = 60
Number of auxiliary basis functions         (NBFAUX) = 36
Inactive Doubly occupied orbitals up to     (NO1)    = 0
No. considered Strongly Doubly occupied MOs (NDOC)   = 1
No. considered Strongly Singly occupied MOs (NSOC)   = 0
NO. of Weakly occ. per St. Doubly occ.  MOs (NCWO)   = 1
Dimension of the Nat. Orb. subspace         (NBF5)   = 2
No. of electrons                                     = 2
    No. of alpha electrons                           = 1
    No. of beta electrons                            = 1
Multiplicity                                         = 1

Geometry
========
 H       0.0000000       0.0000000      -0.3717625
 H       0.0000000       0.0000000       0.3717625

Orthonormality violations 924, Maximum Violation 0.000307
Trying to orthonormalize
No violations of the orthonormality
No violations of the orthonormality
 
PNOF7/ADABelief Calculation
==================
 
  Nitext  Nit_orb  Time   Nit_occ  Time         Eelec          Etot           Ediff      maxdiff    MaxGrad_orb  Grad_occ
     1      10    9.1e+00    0    1.2e+01    -1.86384097    -1.15212835 -10000.86384097   0.000048   1.9e-04   1.4e-05 0.02
 
RESULTS OF THE OCCUPATION OPTIMIZATION
========================================
   1    1.9756958  -0.60317039
   2    0.0243042  -0.01643680
 
----------------
 Final Energies 
----------------
Final NOF Total Energy =      -1.1521283
 
Total Orbital Internal Iterations = 10
Total Occupation Internal Iterations = 0
 
Elapsed time:   28.05 Seconds

---------------------------------
   Lowdin Population Analysis    
---------------------------------
 Idx  Atom   Population   Charge 
---------------------------------
  1     H     1.000       0.000
  2     H     1.000      -0.000

---------------------------------
   M Diagnostic: 0.02
---------------------------------

