Computing Integrals
Basis Set                                            = def2-qzvp
Auxiliary Basis Set                                  = def2-universal-jkfit
Gaussian Type                                        = Spherical
Elapsed time:    2.47 Seconds

Number of basis functions                   (NBF)    = 190
Number of auxiliary basis functions         (NBFAUX) = 200
Inactive Doubly occupied orbitals up to     (NO1)    = 0
No. considered Strongly Doubly occupied MOs (NDOC)   = 9
No. considered Strongly Singly occupied MOs (NSOC)   = 0
NO. of Weakly occ. per St. Doubly occ.  MOs (NCWO)   = 1
Dimension of the Nat. Orb. subspace         (NBF5)   = 18
No. of electrons                                     = 18
    No. of alpha electrons                           = 9
    No. of beta electrons                            = 9
Multiplicity                                         = 1

Geometry
========
Si       0.0000000      -0.0000000       0.0000000
 H       0.8560414       0.8560414      -0.8560414
 H      -0.8560414      -0.8560414      -0.8560414
 H       0.8560414      -0.8560414       0.8560414
 H      -0.8560414       0.8560414       0.8560414

Orthonormality violations 5635, Maximum Violation 0.000040
Trying to orthonormalize
No violations of the orthonormality
No violations of the orthonormality
 
PNOF7/ADABelief Calculation
==================
 
  Nitext  Nit_orb  Time   Nit_occ  Time         Eelec          Etot           Ediff      maxdiff    MaxGrad_orb  Grad_occ
     1      10    9.7e+00    0    1.2e+01  -312.65823820  -291.36058732 -10311.65823820   0.000096   3.8e-04   7.6e-05 0.02
 
RESULTS OF THE OCCUPATION OPTIMIZATION
========================================
   1    1.9999583  -68.43290359
   2    1.9991892  -4.78723211
   3    1.9991853  -4.78582538
   4    1.9991842  -4.78528392
   5    1.9991830  -4.78475822
   6    1.9786108  -0.55259257
   7    1.9784888  -0.55241949
   8    1.9784828  -0.55236590
   9    1.9784734  -0.55234919
  10    0.0215266  -0.01322288
  11    0.0215172  -0.01322033
  12    0.0215112  -0.01321969
  13    0.0213892  -0.01318460
  14    0.0008170  -0.00561711
  15    0.0008158  -0.00561411
  16    0.0008147  -0.00561140
  17    0.0008108  -0.00560188
  18    0.0000417  -0.00576408
 
----------------
 Final Energies 
----------------
Final NOF Total Energy =    -291.3605873
 
Total Orbital Internal Iterations = 10
Total Occupation Internal Iterations = 0
 
Elapsed time:   29.15 Seconds

---------------------------------
   Lowdin Population Analysis    
---------------------------------
 Idx  Atom   Population   Charge 
---------------------------------
  1    Si    13.477       0.523
  2     H     1.131      -0.131
  3     H     1.131      -0.131
  4     H     1.131      -0.131
  5     H     1.131      -0.131

---------------------------------
   M Diagnostic: 0.02
---------------------------------

