Computing Integrals
Basis Set                                            = def2-qzvp
Auxiliary Basis Set                                  = def2-universal-jkfit
Gaussian Type                                        = Spherical
Elapsed time:    1.61 Seconds

Number of basis functions                   (NBF)    = 111
Number of auxiliary basis functions         (NBFAUX) = 148
Inactive Doubly occupied orbitals up to     (NO1)    = 0
No. considered Strongly Doubly occupied MOs (NDOC)   = 7
No. considered Strongly Singly occupied MOs (NSOC)   = 0
NO. of Weakly occ. per St. Doubly occ.  MOs (NCWO)   = 1
Dimension of the Nat. Orb. subspace         (NBF5)   = 14
No. of electrons                                     = 14
    No. of alpha electrons                           = 7
    No. of beta electrons                            = 7
Multiplicity                                         = 1

Geometry
========
Mg       0.0000000       0.0000000       0.0000000
 H      -0.0000000      -0.0000000      -1.7069341
 H      -0.0000000       0.0000000       1.7069341

Orthonormality violations 2091, Maximum Violation 0.000020
Trying to orthonormalize
No violations of the orthonormality
No violations of the orthonormality
 
PNOF7/ADABelief Calculation
==================
 
  Nitext  Nit_orb  Time   Nit_occ  Time         Eelec          Etot           Ediff      maxdiff    MaxGrad_orb  Grad_occ
     1      10    9.3e+00    0    1.2e+01  -208.40045608  -200.80507493 -10207.40045608   0.000100   4.0e-04   8.2e-05 0.03
 
RESULTS OF THE OCCUPATION OPTIMIZATION
========================================
   1    1.9999302  -48.77481618
   2    1.9986347  -2.73876901
   3    1.9986250  -2.73824124
   4    1.9987171  -2.73793224
   5    1.9986047  -2.73606676
   6    1.9717669  -0.40777104
   7    1.9718879  -0.40769461
   8    0.0281121  -0.01329515
   9    0.0282331  -0.01333592
  10    0.0013953  -0.00526066
  11    0.0012829  -0.00508468
  12    0.0013750  -0.00523138
  13    0.0013653  -0.00521582
  14    0.0000698  -0.00663740
 
----------------
 Final Energies 
----------------
Final NOF Total Energy =    -200.8050749
 
Total Orbital Internal Iterations = 10
Total Occupation Internal Iterations = 0
 
Elapsed time:   28.36 Seconds

---------------------------------
   Lowdin Population Analysis    
---------------------------------
 Idx  Atom   Population   Charge 
---------------------------------
  1    Mg    11.622       0.378
  2     H     1.189      -0.189
  3     H     1.189      -0.189

---------------------------------
   M Diagnostic: 0.03
---------------------------------

