Computing Integrals
Basis Set                                            = def2-qzvp
Auxiliary Basis Set                                  = def2-universal-jkfit
Gaussian Type                                        = Spherical
Elapsed time:    1.58 Seconds

Number of basis functions                   (NBF)    = 57
Number of auxiliary basis functions         (NBFAUX) = 77
Inactive Doubly occupied orbitals up to     (NO1)    = 0
No. considered Strongly Doubly occupied MOs (NDOC)   = 4
No. considered Strongly Singly occupied MOs (NSOC)   = 1
NO. of Weakly occ. per St. Doubly occ.  MOs (NCWO)   = 1
Dimension of the Nat. Orb. subspace         (NBF5)   = 9
No. of electrons                                     = 9
    No. of alpha electrons                           = 5
    No. of beta electrons                            = 4
Multiplicity                                         = 2

Geometry
========
 F       0.0000000       0.0000000       0.0000000

No violations of the orthonormality
No violations of the orthonormality
 
PNOF7/ADABelief Calculation
==================
 
  Nitext  Nit_orb  Time   Nit_occ  Time         Eelec          Etot           Ediff      maxdiff    MaxGrad_orb  Grad_occ
     1      10    9.1e+00    0    1.2e+01   -99.48627265   -99.48627265 -10098.48627265   0.000094   3.8e-04   7.2e-05 0.01
 
RESULTS OF THE OCCUPATION OPTIMIZATION
========================================
   1    1.9998337  -26.37667305
   2    1.9880077  -1.02753419
   3    1.9879600  -1.02703086
   4    1.9879234  -1.02665092
   5    1.0000000  -0.43892043
   6    0.0120766  -0.01407100
   7    0.0120400  -0.01405605
   8    0.0119923  -0.01403593
   9    0.0001663  -0.00727150
 
----------------
 Final Energies 
----------------
Final NOF Total Energy =     -99.4862726
 
Total Orbital Internal Iterations = 10
Total Occupation Internal Iterations = 0
 
Elapsed time:   26.83 Seconds

---------------------------------
   Lowdin Population Analysis    
---------------------------------
 Idx  Atom   Population   Charge 
---------------------------------
  1     F     9.000      -0.000

---------------------------------
   M Diagnostic: 0.01
---------------------------------

