Computing Integrals
Basis Set                                            = def2-qzvp
Auxiliary Basis Set                                  = def2-universal-jkfit
Gaussian Type                                        = Spherical
Elapsed time:    1.81 Seconds

Number of basis functions                   (NBF)    = 147
Number of auxiliary basis functions         (NBFAUX) = 131
Inactive Doubly occupied orbitals up to     (NO1)    = 0
No. considered Strongly Doubly occupied MOs (NDOC)   = 5
No. considered Strongly Singly occupied MOs (NSOC)   = 0
NO. of Weakly occ. per St. Doubly occ.  MOs (NCWO)   = 1
Dimension of the Nat. Orb. subspace         (NBF5)   = 10
No. of electrons                                     = 10
    No. of alpha electrons                           = 5
    No. of beta electrons                            = 5
Multiplicity                                         = 1

Geometry
========
 N      -1.1495506      -0.0399443       1.5977359
 H      -0.7993897      -0.9919745       1.5888383
 H      -0.7131478       0.3976979       2.4021449
 H      -0.7006725       0.4080986       0.7846342

Orthonormality violations 15937, Maximum Violation 0.000223
Trying to orthonormalize
No violations of the orthonormality
No violations of the orthonormality
 
PNOF8/ADABelief Calculation
==================
 
  Nitext  Nit_orb  Time   Nit_occ  Time         Eelec          Etot           Ediff      maxdiff    MaxGrad_orb  Grad_occ
     1      10    9.3e+00    0    1.2e+01   -68.27145486   -56.39370550 -10067.27145486   0.000242   9.7e-04   1.2e-04 0.03
 
RESULTS OF THE OCCUPATION OPTIMIZATION
========================================
   1    1.9997213  -15.55319887
   2    1.9899079  -0.97872549
   3    1.9733465  -0.63801577
   4    1.9733612  -0.63800223
   5    1.9725709  -0.63126911
   6    0.0274291  -0.03041657
   7    0.0266388  -0.02991514
   8    0.0266535  -0.02991924
   9    0.0100921  -0.01803526
  10    0.0002787  -0.00719063
 
----------------
 Final Energies 
----------------
Final NOF Total Energy =     -56.3937055
 
Total Orbital Internal Iterations = 10
Total Occupation Internal Iterations = 0
 
Elapsed time:   28.39 Seconds

---------------------------------
   Lowdin Population Analysis    
---------------------------------
 Idx  Atom   Population   Charge 
---------------------------------
  1     N     6.439       0.561
  2     H     1.194      -0.194
  3     H     1.194      -0.194
  4     H     1.172      -0.172

---------------------------------
   M Diagnostic: 0.03
---------------------------------

