Computing Integrals
Basis Set                                            = def2-qzvp
Auxiliary Basis Set                                  = def2-universal-jkfit
Gaussian Type                                        = Spherical
Elapsed time:    4.13 Seconds

Number of basis functions                   (NBF)    = 247
Number of auxiliary basis functions         (NBFAUX) = 277
Inactive Doubly occupied orbitals up to     (NO1)    = 0
No. considered Strongly Doubly occupied MOs (NDOC)   = 14
No. considered Strongly Singly occupied MOs (NSOC)   = 0
NO. of Weakly occ. per St. Doubly occ.  MOs (NCWO)   = 1
Dimension of the Nat. Orb. subspace         (NBF5)   = 28
No. of electrons                                     = 28
    No. of alpha electrons                           = 14
    No. of beta electrons                            = 14
Multiplicity                                         = 1

Geometry
========
 S       0.7716119       1.3262688      -0.9387166
 H      -0.1907513       1.8427406      -1.7174752
 N      -1.1495506      -0.0399443       1.5977359
 H      -0.7993897      -0.9919745       1.5888383
 H      -0.7131478       0.3976979       2.4021449
 H      -0.7006725       0.4080986       0.7846342

No violations of the orthonormality
No violations of the orthonormality
 
PNOF8/ADABelief Calculation
==================
 
  Nitext  Nit_orb  Time   Nit_occ  Time         Eelec          Etot           Ediff      maxdiff    MaxGrad_orb  Grad_occ
     1      10    1.0e+01    0    1.2e+01  -499.47758126  -454.85750378 -10498.47758126   0.000657   2.6e-03   1.2e-04 0.03
 
RESULTS OF THE OCCUPATION OPTIMIZATION
========================================
   1    1.9999621  -91.72232094
   2    1.9996759  -15.38290234
   3    1.9992696  -8.66843866
   4    1.9989362  -6.37924870
   5    1.9988489  -6.37264868
   6    1.9985956  -6.37122784
   7    1.9919728  -0.85815997
   8    1.9921228  -0.64982437
   9    1.9727088  -0.46042243
  10    1.9726958  -0.46030522
  11    1.9733524  -0.44737246
  12    1.9712159  -0.29033144
  13    1.9819672  -0.12362546
  14    1.9824254  -0.12305812
  15    0.0175746  -0.02123174
  16    0.0180328  -0.02211503
  17    0.0287841  -0.03236140
  18    0.0266476  -0.02939396
  19    0.0273042  -0.02788498
  20    0.0272912  -0.02788503
  21    0.0078772  -0.02762533
  22    0.0080272  -0.01741042
  23    0.0014044  -0.01699673
  24    0.0011511  -0.01682110
  25    0.0010638  -0.01657392
  26    0.0007304  -0.01372702
  27    0.0003241  -0.00792457
  28    0.0000379  -0.00623393
 
----------------
 Final Energies 
----------------
Final NOF Total Energy =    -454.8575038
 
Total Orbital Internal Iterations = 10
Total Occupation Internal Iterations = 0
 
Elapsed time:   28.38 Seconds

---------------------------------
   Lowdin Population Analysis    
---------------------------------
 Idx  Atom   Population   Charge 
---------------------------------
  1     S    16.438      -0.438
  2     H     1.416      -0.416
  3     N     6.467       0.533
  4     H     1.216      -0.216
  5     H     1.216      -0.216
  6     H     1.247      -0.247

---------------------------------
   M Diagnostic: 0.03
---------------------------------

