Computing Integrals
Basis Set                                            = def2-qzvp
Auxiliary Basis Set                                  = def2-universal-jkfit
Gaussian Type                                        = Spherical
Elapsed time:    1.71 Seconds

Number of basis functions                   (NBF)    = 70
Number of auxiliary basis functions         (NBFAUX) = 128
Inactive Doubly occupied orbitals up to     (NO1)    = 0
No. considered Strongly Doubly occupied MOs (NDOC)   = 9
No. considered Strongly Singly occupied MOs (NSOC)   = 0
NO. of Weakly occ. per St. Doubly occ.  MOs (NCWO)   = 1
Dimension of the Nat. Orb. subspace         (NBF5)   = 18
No. of electrons                                     = 18
    No. of alpha electrons                           = 9
    No. of beta electrons                            = 9
Multiplicity                                         = 1

Geometry
========
Cl       0.0000000       0.0000000       0.0000000

No violations of the orthonormality
No violations of the orthonormality
 
PNOF8/ADABelief Calculation
==================
 
  Nitext  Nit_orb  Time   Nit_occ  Time         Eelec          Etot           Ediff      maxdiff    MaxGrad_orb  Grad_occ
     1      10    9.0e+00    0    1.2e+01  -459.87164226  -459.87164226 -10458.87164226   0.000124   5.0e-04   1.3e-04 0.02
 
RESULTS OF THE OCCUPATION OPTIMIZATION
========================================
   1    1.9999617  -104.53360115
   2    1.9991791  -10.13017308
   3    1.9988330  -7.78335587
   4    1.9989477  -7.69144251
   5    1.9989538  -7.69017216
   6    1.9923508  -0.73305490
   7    1.9811143  -0.15399987
   8    1.9809424  -0.15283120
   9    1.9805965  -0.15102785
  10    0.0194035  -0.01983423
  11    0.0190576  -0.01976890
  12    0.0188857  -0.01974053
  13    0.0076492  -0.03149877
  14    0.0010462  -0.01861594
  15    0.0010523  -0.01858957
  16    0.0011670  -0.01775102
  17    0.0008209  -0.01716834
  18    0.0000383  -0.00698572
 
----------------
 Final Energies 
----------------
Final NOF Total Energy =    -459.8716423
 
Total Orbital Internal Iterations = 10
Total Occupation Internal Iterations = 0
 
Elapsed time:   26.72 Seconds

---------------------------------
   Lowdin Population Analysis    
---------------------------------
 Idx  Atom   Population   Charge 
---------------------------------
  1    Cl    18.000      -1.000

---------------------------------
   M Diagnostic: 0.02
---------------------------------

