Computing Integrals
Basis Set                                            = def2-qzvp
Auxiliary Basis Set                                  = def2-universal-jkfit
Gaussian Type                                        = Spherical
Elapsed time:    2.41 Seconds

Number of basis functions                   (NBF)    = 217
Number of auxiliary basis functions         (NBFAUX) = 257
Inactive Doubly occupied orbitals up to     (NO1)    = 0
No. considered Strongly Doubly occupied MOs (NDOC)   = 13
No. considered Strongly Singly occupied MOs (NSOC)   = 0
NO. of Weakly occ. per St. Doubly occ.  MOs (NCWO)   = 1
Dimension of the Nat. Orb. subspace         (NBF5)   = 26
No. of electrons                                     = 26
    No. of alpha electrons                           = 13
    No. of beta electrons                            = 13
Multiplicity                                         = 1

Geometry
========
 C       0.0000000       0.0000000      -0.1499170
Cl       0.0000000       0.0000000       1.6328018
 H      -0.5139978      -0.8902703      -0.4942949
 H      -0.5139978       0.8902703      -0.4942949
 H       1.0279956       0.0000000      -0.4942949

No violations of the orthonormality
No violations of the orthonormality
 
PNOF8/ADABelief Calculation
==================
 
  Nitext  Nit_orb  Time   Nit_occ  Time         Eelec          Etot           Ediff      maxdiff    MaxGrad_orb  Grad_occ
     1      10    1.0e+01    0    1.2e+01  -550.98480829  -499.60642213 -10549.98480829   0.000782   3.1e-03   5.5e-05 0.03
 
RESULTS OF THE OCCUPATION OPTIMIZATION
========================================
   1    1.9999654  -104.86992083
   2    1.9994550  -10.96081204
   3    1.9993002  -10.74242647
   4    1.9989851  -8.14105641
   5    1.9987275  -8.04379184
   6    1.9988843  -8.04320833
   7    1.9929628  -1.09006866
   8    1.9796453  -0.71838420
   9    1.9786745  -0.70360877
  10    1.9784844  -0.69859806
  11    1.9675239  -0.59547236
  12    1.9808064  -0.47335027
  13    1.9808285  -0.47064545
  14    0.0191715  -0.02363955
  15    0.0191936  -0.02367543
  16    0.0324761  -0.04731183
  17    0.0215156  -0.02633445
  18    0.0213255  -0.02632366
  19    0.0203547  -0.02616467
  20    0.0070372  -0.03047798
  21    0.0011157  -0.01618661
  22    0.0012725  -0.01799197
  23    0.0010149  -0.01634003
  24    0.0006998  -0.01555440
  25    0.0005450  -0.01414237
  26    0.0000346  -0.00646956
 
----------------
 Final Energies 
----------------
Final NOF Total Energy =    -499.6064221
 
Total Orbital Internal Iterations = 10
Total Occupation Internal Iterations = 0
 
Elapsed time:   28.43 Seconds

---------------------------------
   Lowdin Population Analysis    
---------------------------------
 Idx  Atom   Population   Charge 
---------------------------------
  1     C     6.085      -0.085
  2    Cl    16.631       0.369
  3     H     1.094      -0.094
  4     H     1.095      -0.095
  5     H     1.094      -0.094

---------------------------------
   M Diagnostic: 0.03
---------------------------------

