Computing Integrals
Basis Set                                            = def2-qzvp
Auxiliary Basis Set                                  = def2-universal-jkfit
Gaussian Type                                        = Spherical
Elapsed time:    3.20 Seconds

Number of basis functions                   (NBF)    = 200
Number of auxiliary basis functions         (NBFAUX) = 292
Inactive Doubly occupied orbitals up to     (NO1)    = 0
No. considered Strongly Doubly occupied MOs (NDOC)   = 17
No. considered Strongly Singly occupied MOs (NSOC)   = 0
NO. of Weakly occ. per St. Doubly occ.  MOs (NCWO)   = 1
Dimension of the Nat. Orb. subspace         (NBF5)   = 34
No. of electrons                                     = 34
    No. of alpha electrons                           = 17
    No. of beta electrons                            = 17
Multiplicity                                         = 1

Geometry
========
 S      -0.0687310       1.0220312      -0.4834061
 S       0.0687310      -1.0220312      -0.4834061
 H       0.8386269       1.2863190       0.4675986
 H      -0.8386269      -1.2863190       0.4675986

No violations of the orthonormality
No violations of the orthonormality
 
PNOF8/ADABelief Calculation
==================
 
  Nitext  Nit_orb  Time   Nit_occ  Time         Eelec          Etot           Ediff      maxdiff    MaxGrad_orb  Grad_occ
     1      10    1.0e+01    0    1.2e+01  -882.30111720  -796.89201349 -10881.30111720   0.000995   4.0e-03   2.1e-04 0.03
 
RESULTS OF THE OCCUPATION OPTIMIZATION
========================================
   1    1.9999636  -92.03719814
   2    1.9999647  -92.03687605
   3    1.9991974  -8.99171981
   4    1.9991956  -8.98372992
   5    1.9989052  -6.68920804
   6    1.9987179  -6.68463290
   7    1.9987088  -6.68455524
   8    1.9986895  -6.68292227
   9    1.9985726  -6.68243686
  10    1.9986901  -6.68132506
  11    1.9924890  -0.96091941
  12    1.9927767  -0.95799422
  13    1.9715738  -0.56075482
  14    1.9715954  -0.56074609
  15    1.9673118  -0.53090431
  16    1.9794510  -0.41629157
  17    1.9794590  -0.41589876
  18    0.0205410  -0.02519440
  19    0.0205490  -0.02521531
  20    0.0326882  -0.04994506
  21    0.0284046  -0.03682718
  22    0.0284262  -0.03680175
  23    0.0072233  -0.02800393
  24    0.0075110  -0.02932045
  25    0.0013099  -0.01828904
  26    0.0014274  -0.01800165
  27    0.0013105  -0.01770233
  28    0.0012912  -0.01903174
  29    0.0012821  -0.01892972
  30    0.0010948  -0.01741393
  31    0.0008044  -0.01520496
  32    0.0008026  -0.01517146
  33    0.0000353  -0.00591992
  34    0.0000364  -0.00605905
 
----------------
 Final Energies 
----------------
Final NOF Total Energy =    -796.8920135
 
Total Orbital Internal Iterations = 10
Total Occupation Internal Iterations = 0
 
Elapsed time:   28.11 Seconds

---------------------------------
   Lowdin Population Analysis    
---------------------------------
 Idx  Atom   Population   Charge 
---------------------------------
  1     S    15.723       0.277
  2     S    15.724       0.276
  3     H     1.276      -0.276
  4     H     1.276      -0.276

---------------------------------
   M Diagnostic: 0.03
---------------------------------

