Computing Integrals
Basis Set                                            = def2-qzvp
Auxiliary Basis Set                                  = def2-universal-jkfit
Gaussian Type                                        = Spherical
Elapsed time:    1.68 Seconds

Number of basis functions                   (NBF)    = 114
Number of auxiliary basis functions         (NBFAUX) = 154
Inactive Doubly occupied orbitals up to     (NO1)    = 0
No. considered Strongly Doubly occupied MOs (NDOC)   = 7
No. considered Strongly Singly occupied MOs (NSOC)   = 1
NO. of Weakly occ. per St. Doubly occ.  MOs (NCWO)   = 1
Dimension of the Nat. Orb. subspace         (NBF5)   = 15
No. of electrons                                     = 15
    No. of alpha electrons                           = 8
    No. of beta electrons                            = 7
Multiplicity                                         = 2

Geometry
========
 N       0.0000000       0.0000000       0.5729836
 O       0.0000000       0.0000000      -0.5729836

Orthonormality violations 2997, Maximum Violation 0.000151
Trying to orthonormalize
No violations of the orthonormality
No violations of the orthonormality
 
PNOF8/ADABelief Calculation
==================
 
  Nitext  Nit_orb  Time   Nit_occ  Time         Eelec          Etot           Ediff      maxdiff    MaxGrad_orb  Grad_occ
     1      10    9.1e+00    0    1.2e+01  -155.44241478  -129.58315633 -10154.44241478   0.000186   7.4e-04   1.9e-04 0.05
 
RESULTS OF THE OCCUPATION OPTIMIZATION
========================================
   1    1.9998174  -20.71428806
   2    1.9997501  -15.70534416
   3    1.9940173  -1.59796796
   4    1.9890051  -0.87099775
   5    1.9871056  -0.77972597
   6    1.9732705  -0.70765991
   7    1.9542568  -0.67108585
   8    1.0000000  -0.21998282
   9    0.0457432  -0.06008715
  10    0.0267295  -0.04399834
  11    0.0128944  -0.02056698
  12    0.0109949  -0.02217010
  13    0.0059827  -0.01456234
  14    0.0002499  -0.00671072
  15    0.0001826  -0.00647199
 
----------------
 Final Energies 
----------------
Final NOF Total Energy =    -129.5831563
 
Total Orbital Internal Iterations = 10
Total Occupation Internal Iterations = 0
 
Elapsed time:   28.12 Seconds

---------------------------------
   Lowdin Population Analysis    
---------------------------------
 Idx  Atom   Population   Charge 
---------------------------------
  1     N     7.136      -0.136
  2     O     7.864       0.136

---------------------------------
   M Diagnostic: 0.05
---------------------------------

