Computing Integrals
Basis Set                                            = def2-qzvp
Auxiliary Basis Set                                  = def2-universal-jkfit
Gaussian Type                                        = Spherical
Elapsed time:    1.67 Seconds

Number of basis functions                   (NBF)    = 114
Number of auxiliary basis functions         (NBFAUX) = 154
Inactive Doubly occupied orbitals up to     (NO1)    = 0
No. considered Strongly Doubly occupied MOs (NDOC)   = 7
No. considered Strongly Singly occupied MOs (NSOC)   = 0
NO. of Weakly occ. per St. Doubly occ.  MOs (NCWO)   = 1
Dimension of the Nat. Orb. subspace         (NBF5)   = 14
No. of electrons                                     = 14
    No. of alpha electrons                           = 7
    No. of beta electrons                            = 7
Multiplicity                                         = 1

Geometry
========
 N       0.0000000       0.0000000      -0.5454291
 N       0.0000000       0.0000000       0.5454291

Orthonormality violations 873, Maximum Violation 0.000059
Trying to orthonormalize
No violations of the orthonormality
No violations of the orthonormality
 
PNOF8/ADABelief Calculation
==================
 
  Nitext  Nit_orb  Time   Nit_occ  Time         Eelec          Etot           Ediff      maxdiff    MaxGrad_orb  Grad_occ
     1      10    9.3e+00    0    1.2e+01  -133.05031322  -109.28037801 -10132.05031322   0.000124   5.0e-04   1.4e-04 0.04
 
RESULTS OF THE OCCUPATION OPTIMIZATION
========================================
   1    1.9997762  -15.66891210
   2    1.9997956  -15.66886165
   3    1.9918270  -1.08360001
   4    1.9902838  -0.97918829
   5    1.9788075  -0.84553375
   6    1.9583219  -0.62711449
   7    1.9582818  -0.62711343
   8    0.0417182  -0.05108540
   9    0.0416781  -0.05107270
  10    0.0211925  -0.03620341
  11    0.0097162  -0.01951008
  12    0.0081730  -0.01820208
  13    0.0002044  -0.00570069
  14    0.0002238  -0.00609391
 
----------------
 Final Energies 
----------------
Final NOF Total Energy =    -109.2803780
 
Total Orbital Internal Iterations = 10
Total Occupation Internal Iterations = 0
 
Elapsed time:   28.23 Seconds

---------------------------------
   Lowdin Population Analysis    
---------------------------------
 Idx  Atom   Population   Charge 
---------------------------------
  1     N     7.000      -0.000
  2     N     7.000       0.000

---------------------------------
   M Diagnostic: 0.04
---------------------------------

