Computing Integrals
Basis Set                                            = def2-qzvp
Auxiliary Basis Set                                  = def2-universal-jkfit
Gaussian Type                                        = Spherical
Elapsed time:    1.78 Seconds

Number of basis functions                   (NBF)    = 144
Number of auxiliary basis functions         (NBFAUX) = 170
Inactive Doubly occupied orbitals up to     (NO1)    = 0
No. considered Strongly Doubly occupied MOs (NDOC)   = 7
No. considered Strongly Singly occupied MOs (NSOC)   = 0
NO. of Weakly occ. per St. Doubly occ.  MOs (NCWO)   = 1
Dimension of the Nat. Orb. subspace         (NBF5)   = 14
No. of electrons                                     = 14
    No. of alpha electrons                           = 7
    No. of beta electrons                            = 7
Multiplicity                                         = 1

Geometry
========
 N       0.0000000       0.0000000       0.6477730
 C       0.0000000       0.0000000      -0.4953480
 H       0.0000000       0.0000000      -1.5623240

Orthonormality violations 4416, Maximum Violation 0.000194
Trying to orthonormalize
No violations of the orthonormality
No violations of the orthonormality
 
PNOF8/ADABelief Calculation
==================
 
  Nitext  Nit_orb  Time   Nit_occ  Time         Eelec          Etot           Ediff      maxdiff    MaxGrad_orb  Grad_occ
     1      10    9.3e+00    0    1.2e+01  -117.27485954   -93.18032311 -10116.27485954   0.000238   9.5e-04   1.4e-04 0.04
 
RESULTS OF THE OCCUPATION OPTIMIZATION
========================================
   1    1.9997780  -15.59241236
   2    1.9995317  -11.27166182
   3    1.9906435  -1.00232852
   4    1.9823523  -0.83835327
   5    1.9786610  -0.81258616
   6    1.9588461  -0.51164463
   7    1.9588212  -0.51164351
   8    0.0411788  -0.04298738
   9    0.0411539  -0.04297929
  10    0.0213390  -0.02629973
  11    0.0176477  -0.02966488
  12    0.0093565  -0.01939224
  13    0.0004683  -0.00855806
  14    0.0002220  -0.00602236
 
----------------
 Final Energies 
----------------
Final NOF Total Energy =     -93.1803231
 
Total Orbital Internal Iterations = 10
Total Occupation Internal Iterations = 0
 
Elapsed time:   28.50 Seconds

---------------------------------
   Lowdin Population Analysis    
---------------------------------
 Idx  Atom   Population   Charge 
---------------------------------
  1     N     6.888       0.112
  2     C     5.965       0.035
  3     H     1.147      -0.147

---------------------------------
   M Diagnostic: 0.04
---------------------------------

