Computing Integrals
Basis Set                                            = def2-qzvp
Auxiliary Basis Set                                  = def2-universal-jkfit
Gaussian Type                                        = Spherical
Elapsed time:   26.96 Seconds

Number of basis functions                   (NBF)    = 718
Number of auxiliary basis functions         (NBFAUX) = 928
Inactive Doubly occupied orbitals up to     (NO1)    = 0
No. considered Strongly Doubly occupied MOs (NDOC)   = 54
No. considered Strongly Singly occupied MOs (NSOC)   = 0
NO. of Weakly occ. per St. Doubly occ.  MOs (NCWO)   = 1
Dimension of the Nat. Orb. subspace         (NBF5)   = 108
No. of electrons                                     = 108
    No. of alpha electrons                           = 54
    No. of beta electrons                            = 54
Multiplicity                                         = 1

Geometry
========
 N       0.0000000       0.0000000       4.0966500
 C       0.0000000       0.0000000       5.2389330
 H       0.0000000       0.0000000       6.3063400
 I       0.0000000       0.0000000       0.8379080
 C       0.0000000       0.0000000      -1.2574380
 C       0.0000000       1.2035120      -1.9485380
 C       0.0000000       1.1986190      -3.3357790
 C       0.0000000       0.0000000      -4.0323620
 C       0.0000000      -1.1986190      -3.3357790
 C       0.0000000      -1.2035120      -1.9485380
 H       0.0000000       2.1411600      -1.4086920
 H       0.0000000       2.1394520      -3.8714410
 H       0.0000000       0.0000000      -5.1147180
 H       0.0000000      -2.1394520      -3.8714410
 H       0.0000000      -2.1411600      -1.4086920

No violations of the orthonormality
No violations of the orthonormality
 
PNOF8/ADABelief Calculation
==================
 
  Nitext  Nit_orb  Time   Nit_occ  Time         Eelec          Etot           Ediff      maxdiff    MaxGrad_orb  Grad_occ
     1      10    3.4e+01    0    1.3e+01 -3466.14038769 -2764.93677553 -13465.14038769   0.000915   3.7e-03   2.6e-04 0.04
 
RESULTS OF THE OCCUPATION OPTIMIZATION
========================================
   1    1.9999983  -149.65005657
   2    1.9999928  -64.72075288
   3    1.9999926  -64.71832766
   4    1.9999925  -64.71153032
   5    1.9999531  -26.25917674
   6    1.9997636  -14.43582323
   7    1.9998159  -12.14133273
   8    1.9995192  -11.27381590
   9    1.9995058  -11.24647133
  10    1.9995543  -11.23992799
  11    1.9995617  -11.23903755
  12    1.9995597  -11.23473136
  13    1.9995478  -11.23302662
  14    1.9995490  -11.23260808
  15    1.9998160  -11.23193176
  16    1.9998107  -11.05199240
  17    1.9997975  -10.95378464
  18    1.9998012  -10.93984276
  19    1.9996348  -9.93779335
  20    1.9997201  -9.91522766
  21    1.9997411  -9.91467553
  22    1.9987834  -5.19507289
  23    1.9981218  -4.05445083
  24    1.9981968  -4.05393684
  25    1.9982239  -4.05273551
  26    1.9980798  -4.05203184
  27    1.9980596  -4.05006178
  28    1.9982570  -4.04987849
  29    1.9979410  -4.04525146
  30    1.9904655  -1.00437669
  31    1.9898620  -0.91598320
  32    1.9869249  -0.89152467
  33    1.9723020  -0.87970392
  34    1.9792261  -0.84818253
  35    1.9826223  -0.84501139
  36    1.9791812  -0.84430775
  37    1.9786252  -0.82515075
  38    1.9785900  -0.82305354
  39    1.9785384  -0.82241816
  40    1.9784904  -0.82051110
  41    1.9782697  -0.81206886
  42    1.9775958  -0.70509197
  43    1.9774900  -0.70444342
  44    1.9775876  -0.70388598
  45    1.9774856  -0.70191193
  46    1.9774642  -0.70172791
  47    1.9692332  -0.58125084
  48    1.9592280  -0.51357061
  49    1.9591654  -0.51338984
  50    1.9628720  -0.50395157
  51    1.9643688  -0.42065207
  52    1.9637036  -0.41271240
  53    1.9639849  -0.41263085
  54    1.9617690  -0.31550571
  55    0.0382310  -0.04010668
  56    0.0360151  -0.03620816
  57    0.0362964  -0.03652150
  58    0.0356312  -0.03701019
  59    0.0371280  -0.04885461
  60    0.0408346  -0.04295448
  61    0.0407720  -0.04293722
  62    0.0307668  -0.03645824
  63    0.0225358  -0.02590427
  64    0.0225144  -0.02589981
  65    0.0224124  -0.02603435
  66    0.0225100  -0.02593870
  67    0.0224042  -0.02603774
  68    0.0217303  -0.02674304
  69    0.0215096  -0.03180403
  70    0.0214616  -0.03177360
  71    0.0214100  -0.03168280
  72    0.0213748  -0.03167949
  73    0.0208188  -0.03119875
  74    0.0173777  -0.02944875
  75    0.0207739  -0.03114042
  76    0.0276980  -0.03877897
  77    0.0130751  -0.02325137
  78    0.0101380  -0.01763057
  79    0.0095345  -0.01962729
  80    0.0020590  -0.01261566
  81    0.0017430  -0.01037832
  82    0.0019404  -0.01202953
  83    0.0019202  -0.01180488
  84    0.0017761  -0.01096937
  85    0.0018032  -0.01140799
  86    0.0018782  -0.01176666
  87    0.0012166  -0.00702403
  88    0.0002589  -0.00312338
  89    0.0002799  -0.00332025
  90    0.0003652  -0.00414253
  91    0.0001988  -0.00256767
  92    0.0002025  -0.00256479
  93    0.0001893  -0.00257473
  94    0.0001840  -0.00258137
  95    0.0004510  -0.00825875
  96    0.0004522  -0.00825979
  97    0.0004403  -0.00815142
  98    0.0004383  -0.00810288
  99    0.0004457  -0.00815594
 100    0.0004942  -0.00884430
 101    0.0004808  -0.00852056
 102    0.0001841  -0.00243472
 103    0.0002364  -0.00581576
 104    0.0000469  -0.00133247
 105    0.0000075  -0.00061655
 106    0.0000074  -0.00061222
 107    0.0000072  -0.00060103
 108    0.0000017  -0.00032675
 
----------------
 Final Energies 
----------------
Final NOF Total Energy =   -2764.9367755
 
Total Orbital Internal Iterations = 10
Total Occupation Internal Iterations = 0
 
Elapsed time:   61.23 Seconds

---------------------------------
   Lowdin Population Analysis    
---------------------------------
 Idx  Atom   Population   Charge 
---------------------------------
  1     N     6.889       0.111
  2     C     5.953       0.047
  3     H     1.139      -0.139
  4     I    52.613       0.387
  5     C     6.385      -0.385
  6     C     5.968       0.032
  7     C     5.933       0.067
  8     C     5.928       0.072
  9     C     5.933       0.067
 10     C     5.963       0.037
 11     H     1.060      -0.060
 12     H     1.060      -0.060
 13     H     1.058      -0.058
 14     H     1.060      -0.060
 15     H     1.058      -0.058

---------------------------------
   M Diagnostic: 0.04
---------------------------------

