Computing Integrals
Basis Set                                            = def2-qzvp
Auxiliary Basis Set                                  = def2-universal-jkfit
Gaussian Type                                        = Spherical
Elapsed time:    1.80 Seconds

Number of basis functions                   (NBF)    = 147
Number of auxiliary basis functions         (NBFAUX) = 131
Inactive Doubly occupied orbitals up to     (NO1)    = 0
No. considered Strongly Doubly occupied MOs (NDOC)   = 5
No. considered Strongly Singly occupied MOs (NSOC)   = 0
NO. of Weakly occ. per St. Doubly occ.  MOs (NCWO)   = 1
Dimension of the Nat. Orb. subspace         (NBF5)   = 10
No. of electrons                                     = 10
    No. of alpha electrons                           = 5
    No. of beta electrons                            = 5
Multiplicity                                         = 1

Geometry
========
 N       0.0000000       0.0000000       0.1103420
 H       0.0000000       0.9410820      -0.2574640
 H      -0.8150010      -0.4705410      -0.2574640
 H       0.8150010      -0.4705410      -0.2574640

Orthonormality violations 9626, Maximum Violation 0.000137
Trying to orthonormalize
No violations of the orthonormality
No violations of the orthonormality
 
PNOF8/ADABelief Calculation
==================
 
  Nitext  Nit_orb  Time   Nit_occ  Time         Eelec          Etot           Ediff      maxdiff    MaxGrad_orb  Grad_occ
     1      10    9.4e+00    0    1.1e+01   -68.36557034   -56.39335740 -10067.36557034   0.000122   4.9e-04   9.3e-05 0.03
 
RESULTS OF THE OCCUPATION OPTIMIZATION
========================================
   1    1.9997175  -15.54827431
   2    1.9898298  -0.97340824
   3    1.9738091  -0.64018003
   4    1.9738492  -0.64017759
   5    1.9738069  -0.64015297
   6    0.0261931  -0.02967765
   7    0.0261508  -0.02966432
   8    0.0261909  -0.02967659
   9    0.0101702  -0.01790450
  10    0.0002825  -0.00729834
 
----------------
 Final Energies 
----------------
Final NOF Total Energy =     -56.3933574
 
Total Orbital Internal Iterations = 10
Total Occupation Internal Iterations = 0
 
Elapsed time:   28.17 Seconds

---------------------------------
   Lowdin Population Analysis    
---------------------------------
 Idx  Atom   Population   Charge 
---------------------------------
  1     N     6.415       0.585
  2     H     1.195      -0.195
  3     H     1.195      -0.195
  4     H     1.195      -0.195

---------------------------------
   M Diagnostic: 0.03
---------------------------------

