Computing Integrals
Basis Set                                            = def2-qzvp
Auxiliary Basis Set                                  = def2-universal-jkfit
Gaussian Type                                        = Spherical
Elapsed time:    2.59 Seconds

Number of basis functions                   (NBF)    = 150
Number of auxiliary basis functions         (NBFAUX) = 532
Inactive Doubly occupied orbitals up to     (NO1)    = 0
No. considered Strongly Doubly occupied MOs (NDOC)   = 35
No. considered Strongly Singly occupied MOs (NSOC)   = 0
NO. of Weakly occ. per St. Doubly occ.  MOs (NCWO)   = 1
Dimension of the Nat. Orb. subspace         (NBF5)   = 70
No. of electrons                                     = 70
    No. of alpha electrons                           = 35
    No. of beta electrons                            = 35
Multiplicity                                         = 1

Geometry
========
Br       0.0000000       0.0000000       1.1379300
Br       0.0000000       0.0000000      -1.1379300

No violations of the orthonormality
No violations of the orthonormality
 
PNOF8/ADABelief Calculation
==================
 
  Nitext  Nit_orb  Time   Nit_occ  Time         Eelec          Etot           Ediff      maxdiff    MaxGrad_orb  Grad_occ
     1      10    1.0e+01    0    1.2e+01 -5431.11540544 -5146.28208794 -15430.11540544   0.000668   2.7e-03   2.0e-04 0.03
 
RESULTS OF THE OCCUPATION OPTIMIZATION
========================================
   1    1.9999993  -490.16500894
   2    1.9999993  -489.93761399
   3    1.9999951  -65.52682102
   4    1.9999953  -65.30462287
   5    1.9999675  -58.64744864
   6    1.9999833  -58.64738676
   7    1.9999843  -58.64710155
   8    1.9999831  -58.64548778
   9    1.9999830  -58.64466837
  10    1.9999671  -58.64452421
  11    1.9996162  -9.91314324
  12    1.9996238  -9.91283228
  13    1.9973501  -7.52596923
  14    1.9994696  -7.52315108
  15    1.9983429  -7.52249927
  16    1.9994505  -7.52103288
  17    1.9993858  -7.51951894
  18    1.9993618  -7.51766309
  19    1.9932115  -3.25949681
  20    1.9936190  -3.25747085
  21    1.9934668  -3.25713941
  22    1.9930486  -3.25709906
  23    1.9930288  -3.25637383
  24    1.9935694  -3.25618465
  25    1.9931150  -3.25473977
  26    1.9930056  -3.25280156
  27    1.9935055  -3.25191152
  28    1.9934347  -3.25153040
  29    1.9850151  -1.03366801
  30    1.9850214  -1.03295227
  31    1.9675087  -0.56614760
  32    1.9792084  -0.47138092
  33    1.9790677  -0.47120378
  34    1.9790487  -0.47035225
  35    1.9792534  -0.46942591
  36    0.0207466  -0.04139614
  37    0.0209513  -0.04136535
  38    0.0209323  -0.04096083
  39    0.0207916  -0.04087036
  40    0.0324913  -0.06868142
  41    0.0149786  -0.03960285
  42    0.0149849  -0.03946201
  43    0.0065653  -0.04411808
  44    0.0064945  -0.04327213
  45    0.0069944  -0.04369824
  46    0.0068850  -0.04403228
  47    0.0064306  -0.04337702
  48    0.0069712  -0.04586016
  49    0.0069514  -0.04528651
  50    0.0065332  -0.04162446
  51    0.0063810  -0.03741746
  52    0.0067885  -0.03965709
  53    0.0006382  -0.00629079
  54    0.0006142  -0.00668560
  55    0.0005495  -0.01114757
  56    0.0016571  -0.02089655
  57    0.0005304  -0.01111766
  58    0.0026499  -0.03049249
  59    0.0003762  -0.01327899
  60    0.0003838  -0.01344970
  61    0.0000329  -0.00660168
  62    0.0000170  -0.00094966
  63    0.0000169  -0.00094707
  64    0.0000157  -0.00085523
  65    0.0000167  -0.00093827
  66    0.0000325  -0.00657426
  67    0.0000047  -0.00182836
  68    0.0000049  -0.00183391
  69    0.0000007  -0.00068688
  70    0.0000007  -0.00066842
 
----------------
 Final Energies 
----------------
Final NOF Total Energy =   -5146.2820879
 
Total Orbital Internal Iterations = 10
Total Occupation Internal Iterations = 0
 
Elapsed time:   28.66 Seconds

---------------------------------
   Lowdin Population Analysis    
---------------------------------
 Idx  Atom   Population   Charge 
---------------------------------
  1    Br    35.004      -0.004
  2    Br    34.996       0.004

---------------------------------
   M Diagnostic: 0.03
---------------------------------

