Computing Integrals
Basis Set                                            = def2-qzvp
Auxiliary Basis Set                                  = def2-universal-jkfit
Gaussian Type                                        = Spherical
Elapsed time:   11.48 Seconds

Number of basis functions                   (NBF)    = 574
Number of auxiliary basis functions         (NBFAUX) = 758
Inactive Doubly occupied orbitals up to     (NO1)    = 0
No. considered Strongly Doubly occupied MOs (NDOC)   = 47
No. considered Strongly Singly occupied MOs (NSOC)   = 0
NO. of Weakly occ. per St. Doubly occ.  MOs (NCWO)   = 1
Dimension of the Nat. Orb. subspace         (NBF5)   = 94
No. of electrons                                     = 94
    No. of alpha electrons                           = 47
    No. of beta electrons                            = 47
Multiplicity                                         = 1

Geometry
========
 I       0.0000000       0.0000000       1.5420400
 C       0.0000000       0.0000000      -0.5530040
 C       0.0000000       1.2055670      -1.2382030
 C       0.0000000       1.1991150      -2.6254240
 C       0.0000000       0.0000000      -3.3209690
 C       0.0000000      -1.1991150      -2.6254240
 C       0.0000000      -1.2055670      -1.2382030
 H       0.0000000       2.1423770      -0.6975470
 H       0.0000000       2.1396780      -3.1612290
 H       0.0000000       0.0000000      -4.4031950
 H       0.0000000      -2.1396780      -3.1612290
 H       0.0000000      -2.1423770      -0.6975470

No violations of the orthonormality
No violations of the orthonormality
 
PNOF8/ADABelief Calculation
==================
 
  Nitext  Nit_orb  Time   Nit_occ  Time         Eelec          Etot           Ediff      maxdiff    MaxGrad_orb  Grad_occ
     1      10    2.0e+01    0    1.2e+01 -3203.48452799 -2671.05108881 -13202.48452799   0.000900   3.6e-03   1.8e-04 0.04
 
RESULTS OF THE OCCUPATION OPTIMIZATION
========================================
   1    1.9999980  -149.45304154
   2    1.9999941  -64.75047951
   3    1.9999936  -64.74232206
   4    1.9999939  -64.73999583
   5    1.9999621  -26.22883599
   6    1.9995036  -11.26005086
   7    1.9995506  -11.25048751
   8    1.9995499  -11.24956551
   9    1.9995501  -11.24367174
  10    1.9995483  -11.24199378
  11    1.9995495  -11.24196493
  12    1.9998213  -11.22250904
  13    1.9998164  -11.02059545
  14    1.9998095  -11.01212949
  15    1.9998084  -10.99469578
  16    1.9997893  -10.95759325
  17    1.9996402  -9.95713369
  18    1.9997187  -9.93459523
  19    1.9997373  -9.93403008
  20    1.9987777  -5.20237427
  21    1.9981878  -4.07766542
  22    1.9982214  -4.07554240
  23    1.9981035  -4.07542776
  24    1.9980499  -4.07370490
  25    1.9980739  -4.07308177
  26    1.9983252  -4.07165965
  27    1.9979479  -4.06795504
  28    1.9898550  -0.93016251
  29    1.9869415  -0.90682552
  30    1.9723026  -0.89548728
  31    1.9792823  -0.86052080
  32    1.9791858  -0.85660437
  33    1.9785947  -0.83344569
  34    1.9785677  -0.83144418
  35    1.9785557  -0.83143186
  36    1.9785146  -0.82944942
  37    1.9777002  -0.71571014
  38    1.9776955  -0.71487022
  39    1.9775984  -0.71279434
  40    1.9775493  -0.71030762
  41    1.9775522  -0.71024645
  42    1.9692558  -0.59422687
  43    1.9630451  -0.52108821
  44    1.9644381  -0.43158274
  45    1.9637871  -0.42191849
  46    1.9641044  -0.42090271
  47    1.9617297  -0.33116954
  48    0.0382703  -0.04043154
  49    0.0358956  -0.03625797
  50    0.0362129  -0.03665975
  51    0.0355619  -0.03719004
  52    0.0369549  -0.04880375
  53    0.0307442  -0.03672661
  54    0.0224478  -0.02595938
  55    0.0224507  -0.02596198
  56    0.0224016  -0.02596974
  57    0.0223045  -0.02608477
  58    0.0222998  -0.02609695
  59    0.0214854  -0.03191675
  60    0.0214443  -0.03189112
  61    0.0214323  -0.03183048
  62    0.0214053  -0.03182700
  63    0.0208142  -0.03134058
  64    0.0207177  -0.03123811
  65    0.0276974  -0.03897455
  66    0.0130585  -0.02317160
  67    0.0101450  -0.01783740
  68    0.0020521  -0.01261061
  69    0.0016748  -0.00991588
  70    0.0019261  -0.01204840
  71    0.0019501  -0.01209613
  72    0.0018965  -0.01178090
  73    0.0017786  -0.01113102
  74    0.0018122  -0.01130554
  75    0.0012223  -0.00701319
  76    0.0002627  -0.00315681
  77    0.0002813  -0.00333443
  78    0.0003598  -0.00395030
  79    0.0002107  -0.00259978
  80    0.0001916  -0.00250108
  81    0.0001905  -0.00246542
  82    0.0001836  -0.00238074
  83    0.0001787  -0.00238971
  84    0.0004505  -0.00822903
  85    0.0004517  -0.00823932
  86    0.0004499  -0.00822035
  87    0.0004501  -0.00818282
  88    0.0004494  -0.00817861
  89    0.0004964  -0.00884982
  90    0.0000379  -0.00110507
  91    0.0000061  -0.00054538
  92    0.0000064  -0.00055333
  93    0.0000059  -0.00053407
  94    0.0000020  -0.00035250
 
----------------
 Final Energies 
----------------
Final NOF Total Energy =   -2671.0510888
 
Total Orbital Internal Iterations = 10
Total Occupation Internal Iterations = 0
 
Elapsed time:   41.01 Seconds

---------------------------------
   Lowdin Population Analysis    
---------------------------------
 Idx  Atom   Population   Charge 
---------------------------------
  1     I    52.613       0.387
  2     C     6.388      -0.388
  3     C     5.960       0.040
  4     C     5.930       0.070
  5     C     5.924       0.076
  6     C     5.930       0.070
  7     C     5.965       0.035
  8     H     1.056      -0.056
  9     H     1.059      -0.059
 10     H     1.057      -0.057
 11     H     1.059      -0.059
 12     H     1.059      -0.059

---------------------------------
   M Diagnostic: 0.04
---------------------------------

