Computing Integrals
Basis Set                                            = def2-qzvp
Auxiliary Basis Set                                  = def2-universal-jkfit
Gaussian Type                                        = Spherical
Elapsed time:    2.33 Seconds

Number of basis functions                   (NBF)    = 142
Number of auxiliary basis functions         (NBFAUX) = 254
Inactive Doubly occupied orbitals up to     (NO1)    = 0
No. considered Strongly Doubly occupied MOs (NDOC)   = 27
No. considered Strongly Singly occupied MOs (NSOC)   = 0
NO. of Weakly occ. per St. Doubly occ.  MOs (NCWO)   = 1
Dimension of the Nat. Orb. subspace         (NBF5)   = 54
No. of electrons                                     = 54
    No. of alpha electrons                           = 27
    No. of beta electrons                            = 27
Multiplicity                                         = 1

Geometry
========
Te       0.0000000       0.0000000       0.7695493
 H      -1.1553660       0.0000000      -0.3847747
 H       1.1553660       0.0000000      -0.3847747

No violations of the orthonormality
No violations of the orthonormality
 
PNOF8/ADABelief Calculation
==================
 
  Nitext  Nit_orb  Time   Nit_occ  Time         Eelec          Etot           Ediff      maxdiff    MaxGrad_orb  Grad_occ
     1      10    9.9e+00    0    1.2e+01 -2326.08446922 -2292.15818163 -12325.08446922   0.000433   1.7e-03   1.4e-04 0.04
 
RESULTS OF THE OCCUPATION OPTIMIZATION
========================================
   1    1.9999998  -141.02671272
   2    1.9999968  -61.92909289
   3    1.9999965  -61.91906030
   4    1.9999961  -61.80771229
   5    1.9999824  -24.94988002
   6    1.9998828  -9.97228345
   7    1.9998706  -9.75232295
   8    1.9998686  -9.66181060
   9    1.9998488  -9.65851069
  10    1.9998440  -9.64852270
  11    1.9996358  -9.64659964
  12    1.9998439  -9.64657849
  13    1.9996487  -9.64077293
  14    1.9986916  -4.95509386
  15    1.9980249  -3.82106007
  16    1.9980681  -3.81974628
  17    1.9980655  -3.81963076
  18    1.9980763  -3.81839390
  19    1.9980190  -3.81766473
  20    1.9980121  -3.81700426
  21    1.9980429  -3.81683229
  22    1.9874078  -0.89927867
  23    1.9756983  -0.87547337
  24    1.9756985  -0.87546544
  25    1.9727111  -0.63725652
  26    1.9648501  -0.44573002
  27    1.9648228  -0.44555825
  28    0.0351772  -0.03567665
  29    0.0351499  -0.03567073
  30    0.0272889  -0.03115313
  31    0.0243015  -0.03092537
  32    0.0243017  -0.03092551
  33    0.0125922  -0.02102313
  34    0.0019571  -0.01129113
  35    0.0019879  -0.01141217
  36    0.0019810  -0.01139000
  37    0.0019237  -0.01119312
  38    0.0019345  -0.01119377
  39    0.0019319  -0.01118687
  40    0.0019751  -0.01136647
  41    0.0013084  -0.00713369
  42    0.0003513  -0.00370563
  43    0.0001561  -0.00175119
  44    0.0003642  -0.00381270
  45    0.0001560  -0.00174073
  46    0.0001512  -0.00169812
  47    0.0001314  -0.00143987
  48    0.0001294  -0.00143345
  49    0.0001172  -0.00133976
  50    0.0000176  -0.00044963
  51    0.0000039  -0.00019604
  52    0.0000035  -0.00018015
  53    0.0000032  -0.00016865
  54    0.0000002  -0.00004123
 
----------------
 Final Energies 
----------------
Final NOF Total Energy =   -2292.1581816
 
Total Orbital Internal Iterations = 10
Total Occupation Internal Iterations = 0
 
Elapsed time:   28.03 Seconds

---------------------------------
   Lowdin Population Analysis    
---------------------------------
 Idx  Atom   Population   Charge 
---------------------------------
  1    Te    51.367       0.633
  2     H     1.317      -0.317
  3     H     1.316      -0.316

---------------------------------
   M Diagnostic: 0.04
---------------------------------

