Computing Integrals
Basis Set                                            = def2-qzvp
Auxiliary Basis Set                                  = def2-universal-jkfit
Gaussian Type                                        = Spherical
Elapsed time:    3.51 Seconds

Number of basis functions                   (NBF)    = 294
Number of auxiliary basis functions         (NBFAUX) = 258
Inactive Doubly occupied orbitals up to     (NO1)    = 0
No. considered Strongly Doubly occupied MOs (NDOC)   = 9
No. considered Strongly Singly occupied MOs (NSOC)   = 0
NO. of Weakly occ. per St. Doubly occ.  MOs (NCWO)   = 1
Dimension of the Nat. Orb. subspace         (NBF5)   = 18
No. of electrons                                     = 18
    No. of alpha electrons                           = 9
    No. of beta electrons                            = 9
Multiplicity                                         = 1

Geometry
========
 C      -0.0000000       0.0000000       0.7632579
 C      -0.0000000      -0.0000000      -0.7632579
 H      -0.8806855       0.5084640       1.1578428
 H       0.0000000      -1.0169281       1.1578428
 H       0.8806855       0.5084640       1.1578428
 H       0.8806855      -0.5084640      -1.1578428
 H      -0.8806855      -0.5084640      -1.1578428
 H       0.0000000       1.0169281      -1.1578428

Orthonormality violations 43473, Maximum Violation 0.000159
Trying to orthonormalize
No violations of the orthonormality
No violations of the orthonormality
 
PNOF8/ADABelief Calculation
==================
 
  Nitext  Nit_orb  Time   Nit_occ  Time         Eelec          Etot           Ediff      maxdiff    MaxGrad_orb  Grad_occ
     1      10    1.0e+01    0    1.2e+01  -121.83103134   -79.54952762 -10120.83103134   0.000236   9.5e-04   1.5e-04 0.03
 
RESULTS OF THE OCCUPATION OPTIMIZATION
========================================
   1    1.9995994  -11.20620931
   2    1.9996031  -11.20618969
   3    1.9766453  -0.66113764
   4    1.9765208  -0.65972693
   5    1.9764696  -0.65909775
   6    1.9764627  -0.65901942
   7    1.9764324  -0.65854070
   8    1.9764089  -0.65826197
   9    1.9723353  -0.64509153
  10    0.0276647  -0.03435278
  11    0.0235911  -0.02545602
  12    0.0235676  -0.02544799
  13    0.0235373  -0.02544017
  14    0.0235304  -0.02543753
  15    0.0234792  -0.02542134
  16    0.0233547  -0.02538135
  17    0.0003969  -0.00757126
  18    0.0004006  -0.00759770
 
----------------
 Final Energies 
----------------
Final NOF Total Energy =     -79.5495276
 
Total Orbital Internal Iterations = 10
Total Occupation Internal Iterations = 0
 
Elapsed time:   29.50 Seconds

---------------------------------
   Lowdin Population Analysis    
---------------------------------
 Idx  Atom   Population   Charge 
---------------------------------
  1     C     5.802       0.198
  2     C     5.802       0.198
  3     H     1.066      -0.066
  4     H     1.066      -0.066
  5     H     1.066      -0.066
  6     H     1.066      -0.066
  7     H     1.066      -0.066
  8     H     1.066      -0.066

---------------------------------
   M Diagnostic: 0.03
---------------------------------

