Computing Integrals
Basis Set                                            = def2-qzvp
Auxiliary Basis Set                                  = def2-universal-jkfit
Gaussian Type                                        = Spherical
Elapsed time:    1.77 Seconds

Number of basis functions                   (NBF)    = 147
Number of auxiliary basis functions         (NBFAUX) = 129
Inactive Doubly occupied orbitals up to     (NO1)    = 0
No. considered Strongly Doubly occupied MOs (NDOC)   = 4
No. considered Strongly Singly occupied MOs (NSOC)   = 1
NO. of Weakly occ. per St. Doubly occ.  MOs (NCWO)   = 1
Dimension of the Nat. Orb. subspace         (NBF5)   = 9
No. of electrons                                     = 9
    No. of alpha electrons                           = 5
    No. of beta electrons                            = 4
Multiplicity                                         = 2

Geometry
========
 C       0.0000000       0.0000000       0.0000000
 H       0.5398798      -0.9350993       0.0000000
 H       0.5398798       0.9350993       0.0000000
 H      -1.0797597       0.0000000       0.0000000

Orthonormality violations 1182, Maximum Violation 0.000013
Trying to orthonormalize
No violations of the orthonormality
No violations of the orthonormality
 
PNOF8/ADABelief Calculation
==================
 
  Nitext  Nit_orb  Time   Nit_occ  Time         Eelec          Etot           Ediff      maxdiff    MaxGrad_orb  Grad_occ
     1      10    9.2e+00    0    1.2e+01   -49.36659387   -39.69617328 -10048.36659387   0.000118   4.7e-04   1.6e-04 0.02
 
RESULTS OF THE OCCUPATION OPTIMIZATION
========================================
   1    1.9995891  -11.22391467
   2    1.9756502  -0.69295970
   3    1.9754665  -0.69185710
   4    1.9754299  -0.69168258
   5    1.0000000  -0.19303574
   6    0.0245701  -0.02551795
   7    0.0245335  -0.02550628
   8    0.0243498  -0.02544015
   9    0.0004109  -0.00776022
 
----------------
 Final Energies 
----------------
Final NOF Total Energy =     -39.6961733
 
Total Orbital Internal Iterations = 10
Total Occupation Internal Iterations = 0
 
Elapsed time:   28.20 Seconds

---------------------------------
   Lowdin Population Analysis    
---------------------------------
 Idx  Atom   Population   Charge 
---------------------------------
  1     C     5.580       0.420
  2     H     1.140      -0.140
  3     H     1.140      -0.140
  4     H     1.140      -0.140

---------------------------------
   M Diagnostic: 0.02
---------------------------------

