Computing Integrals
Basis Set                                            = def2-qzvp
Auxiliary Basis Set                                  = def2-universal-jkfit
Gaussian Type                                        = Spherical
Elapsed time:    1.74 Seconds

Number of basis functions                   (NBF)    = 147
Number of auxiliary basis functions         (NBFAUX) = 131
Inactive Doubly occupied orbitals up to     (NO1)    = 0
No. considered Strongly Doubly occupied MOs (NDOC)   = 4
No. considered Strongly Singly occupied MOs (NSOC)   = 1
NO. of Weakly occ. per St. Doubly occ.  MOs (NCWO)   = 1
Dimension of the Nat. Orb. subspace         (NBF5)   = 9
No. of electrons                                     = 9
    No. of alpha electrons                           = 5
    No. of beta electrons                            = 4
Multiplicity                                         = 2

Geometry
========
 N       0.0000000       0.0000000       0.0000000
 H       0.5094001      -0.8823069       0.0000000
 H       0.5094001       0.8823069       0.0000000
 H      -1.0188002       0.0000000       0.0000000

No violations of the orthonormality
No violations of the orthonormality
 
PNOF8/ADABelief Calculation
==================
 
  Nitext  Nit_orb  Time   Nit_occ  Time         Eelec          Etot           Ediff      maxdiff    MaxGrad_orb  Grad_occ
     1      10    9.5e+00    0    1.2e+01   -67.84736514   -56.04008585 -10066.84736514   0.000762   3.0e-03   1.2e-04 0.02
 
RESULTS OF THE OCCUPATION OPTIMIZATION
========================================
   1    1.9997055  -16.00345044
   2    1.9767314  -1.21769841
   3    1.9766797  -1.21720458
   4    1.9766650  -1.21709933
   5    1.0000000  -0.46583671
   6    0.0233350  -0.03380453
   7    0.0233203  -0.03379761
   8    0.0232686  -0.03377226
   9    0.0002945  -0.00775798
 
----------------
 Final Energies 
----------------
Final NOF Total Energy =     -56.0400859
 
Total Orbital Internal Iterations = 10
Total Occupation Internal Iterations = 0
 
Elapsed time:   27.62 Seconds

---------------------------------
   Lowdin Population Analysis    
---------------------------------
 Idx  Atom   Population   Charge 
---------------------------------
  1     N     5.806       1.194
  2     H     1.064      -0.064
  3     H     1.065      -0.065
  4     H     1.065      -0.065

---------------------------------
   M Diagnostic: 0.02
---------------------------------

