Computing Integrals
Basis Set                                            = def2-qzvp
Auxiliary Basis Set                                  = def2-universal-jkfit
Gaussian Type                                        = Spherical
Elapsed time:    1.82 Seconds

Number of basis functions                   (NBF)    = 147
Number of auxiliary basis functions         (NBFAUX) = 131
Inactive Doubly occupied orbitals up to     (NO1)    = 0
No. considered Strongly Doubly occupied MOs (NDOC)   = 5
No. considered Strongly Singly occupied MOs (NSOC)   = 0
NO. of Weakly occ. per St. Doubly occ.  MOs (NCWO)   = 1
Dimension of the Nat. Orb. subspace         (NBF5)   = 10
No. of electrons                                     = 10
    No. of alpha electrons                           = 5
    No. of beta electrons                            = 5
Multiplicity                                         = 1

Geometry
========
 N       0.0000000       0.0000000      -0.2890945
 H      -0.4675891      -0.8098881       0.0963648
 H      -0.4675891       0.8098881       0.0963648
 H       0.9351782       0.0000000       0.0963648

Orthonormality violations 11219, Maximum Violation 0.000216
Trying to orthonormalize
No violations of the orthonormality
No violations of the orthonormality
 
PNOF8/ADABelief Calculation
==================
 
  Nitext  Nit_orb  Time   Nit_occ  Time         Eelec          Etot           Ediff      maxdiff    MaxGrad_orb  Grad_occ
     1      10    9.4e+00    0    1.2e+01   -68.36000633   -56.39358563 -10067.36000633   0.000120   4.8e-04   1.4e-04 0.03
 
RESULTS OF THE OCCUPATION OPTIMIZATION
========================================
   1    1.9997243  -15.54935246
   2    1.9899649  -0.97822820
   3    1.9736443  -0.63880935
   4    1.9736139  -0.63873819
   5    1.9736224  -0.63871044
   6    0.0263776  -0.02976995
   7    0.0263861  -0.02977327
   8    0.0263557  -0.02976393
   9    0.0100351  -0.01791442
  10    0.0002757  -0.00719997
 
----------------
 Final Energies 
----------------
Final NOF Total Energy =     -56.3935856
 
Total Orbital Internal Iterations = 10
Total Occupation Internal Iterations = 0
 
Elapsed time:   28.34 Seconds

---------------------------------
   Lowdin Population Analysis    
---------------------------------
 Idx  Atom   Population   Charge 
---------------------------------
  1     N     6.418       0.582
  2     H     1.194      -0.194
  3     H     1.194      -0.194
  4     H     1.194      -0.194

---------------------------------
   M Diagnostic: 0.03
---------------------------------

