Computing Integrals
Basis Set                                            = def2-qzvp
Auxiliary Basis Set                                  = def2-universal-jkfit
Gaussian Type                                        = Spherical
Elapsed time:    6.60 Seconds

Number of basis functions                   (NBF)    = 171
Number of auxiliary basis functions         (NBFAUX) = 231
Inactive Doubly occupied orbitals up to     (NO1)    = 0
No. considered Strongly Doubly occupied MOs (NDOC)   = 12
No. considered Strongly Singly occupied MOs (NSOC)   = 0
NO. of Weakly occ. per St. Doubly occ.  MOs (NCWO)   = 1
Dimension of the Nat. Orb. subspace         (NBF5)   = 24
No. of electrons                                     = 24
    No. of alpha electrons                           = 12
    No. of beta electrons                            = 12
Multiplicity                                         = 1

Geometry
========
 O       0.0000000       0.0000000       0.4412240
 O       0.0000000       1.0825250      -0.2206120
 O       0.0000000      -1.0825250      -0.2206120

Orthonormality violations 8007, Maximum Violation 0.000159
Trying to orthonormalize
No violations of the orthonormality
No violations of the orthonormality
 
PNOF8/ADABelief Calculation
==================
 
  Nitext  Nit_orb  Time   Nit_occ  Time         Eelec          Etot           Ediff      maxdiff    MaxGrad_orb  Grad_occ
     1      10    6.0e+01    0    2.4e+01  -293.93708758  -224.91019897 -10292.93708758   0.000121   4.8e-04   9.5e-05 0.05
 
RESULTS OF THE OCCUPATION OPTIMIZATION
========================================
   1    1.9998135  -20.90308268
   2    1.9998407  -20.71503650
   3    1.9998419  -20.71473609
   4    1.9935906  -1.43827136
   5    1.9926176  -1.29024091
   6    1.9919802  -1.27853867
   7    1.9632733  -0.84239701
   8    1.9633896  -0.82184545
   9    1.9898367  -0.80491761
  10    1.9869493  -0.73476101
  11    1.9856711  -0.70744478
  12    1.9510517  -0.50576554
  13    0.0489483  -0.08233399
  14    0.0143289  -0.02284795
  15    0.0130507  -0.02204308
  16    0.0101633  -0.01548692
  17    0.0366104  -0.06317910
  18    0.0367267  -0.06372715
  19    0.0080198  -0.02133664
  20    0.0073824  -0.01966986
  21    0.0064094  -0.01898908
  22    0.0001581  -0.00572618
  23    0.0001593  -0.00575793
  24    0.0001865  -0.00633511
 
----------------
 Final Energies 
----------------
Final NOF Total Energy =    -224.9101990
 
Total Orbital Internal Iterations = 10
Total Occupation Internal Iterations = 0
 
Elapsed time:  107.65 Seconds

---------------------------------
   Lowdin Population Analysis    
---------------------------------
 Idx  Atom   Population   Charge 
---------------------------------
  1     O     7.930       0.070
  2     O     8.034      -0.034
  3     O     8.036      -0.036

---------------------------------
   M Diagnostic: 0.05
---------------------------------

