Computing Integrals
Basis Set                                            = def2-qzvp
Auxiliary Basis Set                                  = def2-universal-jkfit
Gaussian Type                                        = Spherical
Elapsed time:    6.79 Seconds

Number of basis functions                   (NBF)    = 184
Number of auxiliary basis functions         (NBFAUX) = 282
Inactive Doubly occupied orbitals up to     (NO1)    = 0
No. considered Strongly Doubly occupied MOs (NDOC)   = 16
No. considered Strongly Singly occupied MOs (NSOC)   = 1
NO. of Weakly occ. per St. Doubly occ.  MOs (NCWO)   = 1
Dimension of the Nat. Orb. subspace         (NBF5)   = 33
No. of electrons                                     = 33
    No. of alpha electrons                           = 17
    No. of beta electrons                            = 16
Multiplicity                                         = 2

Geometry
========
Cl      -0.5609740      -0.9946370       0.0000000
 O       0.0000000       0.9587120       0.0000000
 O       1.1920690       1.1548920       0.0000000

Orthonormality violations 1277, Maximum Violation 0.000019
Trying to orthonormalize
No violations of the orthonormality
No violations of the orthonormality
 
PNOF8/ADABelief Calculation
==================
 
  Nitext  Nit_orb  Time   Nit_occ  Time         Eelec          Etot           Ediff      maxdiff    MaxGrad_orb  Grad_occ
     1      10    5.4e+01    0    2.3e+01  -699.07688389  -609.68531557 -10698.07688389   0.000127   5.1e-04   2.1e-04 0.05
 
RESULTS OF THE OCCUPATION OPTIMIZATION
========================================
   1    1.9999693  -104.90438265
   2    1.9997048  -20.76931578
   3    1.9997170  -20.76912685
   4    1.9992697  -10.58794678
   5    1.9989192  -8.06921020
   6    1.9988428  -8.06758743
   7    1.9987043  -8.06580710
   8    1.9949467  -1.48830570
   9    1.9925393  -1.25036826
  10    1.9915211  -1.07503492
  11    1.9648233  -0.84834071
  12    1.9871690  -0.71335075
  13    1.9503207  -0.70832720
  14    1.9832378  -0.66340242
  15    1.9802014  -0.49543253
  16    1.9798675  -0.49010275
  17    1.0000000  -0.24222024
  18    0.0201325  -0.02429110
  19    0.0197986  -0.02417347
  20    0.0167622  -0.02560360
  21    0.0496793  -0.07534801
  22    0.0128310  -0.02224886
  23    0.0351767  -0.06012251
  24    0.0084789  -0.02923030
  25    0.0074607  -0.02312496
  26    0.0050533  -0.02057442
  27    0.0012957  -0.01874606
  28    0.0011572  -0.01659393
  29    0.0010808  -0.01733094
  30    0.0007303  -0.01669124
  31    0.0002830  -0.01013785
  32    0.0002952  -0.01023970
  33    0.0000307  -0.00564740
 
----------------
 Final Energies 
----------------
Final NOF Total Energy =    -609.6853156
 
Total Orbital Internal Iterations = 10
Total Occupation Internal Iterations = 0
 
Elapsed time:   98.65 Seconds

---------------------------------
   Lowdin Population Analysis    
---------------------------------
 Idx  Atom   Population   Charge 
---------------------------------
  1    Cl    17.037      -0.037
  2     O     8.011      -0.011
  3     O     7.952       0.048

---------------------------------
   M Diagnostic: 0.05
---------------------------------

