Computing Integrals
Basis Set                                            = def2-qzvp
Auxiliary Basis Set                                  = def2-universal-jkfit
Gaussian Type                                        = Spherical
Elapsed time:    2.53 Seconds

Number of basis functions                   (NBF)    = 204
Number of auxiliary basis functions         (NBFAUX) = 208
Inactive Doubly occupied orbitals up to     (NO1)    = 0
No. considered Strongly Doubly occupied MOs (NDOC)   = 10
No. considered Strongly Singly occupied MOs (NSOC)   = 0
NO. of Weakly occ. per St. Doubly occ.  MOs (NCWO)   = 1
Dimension of the Nat. Orb. subspace         (NBF5)   = 20
No. of electrons                                     = 20
    No. of alpha electrons                           = 10
    No. of beta electrons                            = 10
Multiplicity                                         = 1

Geometry
========
 H      -0.0913883      -0.2448128       0.0130826
 H       1.5272733       0.3383121       0.6525543
 O      -1.2208378      -0.2356182       0.0613147
 O       1.2462132      -0.2206110      -0.0771381
 H      -1.4612604       0.3627299      -0.6498135

Orthonormality violations 22636, Maximum Violation 0.000142
Trying to orthonormalize
No violations of the orthonormality
No violations of the orthonormality
 
PNOF8/ADABelief Calculation
==================
 
  Nitext  Nit_orb  Time   Nit_occ  Time         Eelec          Etot           Ediff      maxdiff    MaxGrad_orb  Grad_occ
     1      10    9.6e+00    0    1.2e+01  -185.05052943  -151.88218151 -10184.05052943   0.000248   9.9e-04   1.4e-04 0.03
 
RESULTS OF THE OCCUPATION OPTIMIZATION
========================================
   1    1.9998241  -20.30896244
   2    1.9998207  -20.27479860
   3    1.9936405  -0.97227246
   4    1.9906155  -0.90397480
   5    1.9711339  -0.45784964
   6    1.9703752  -0.41550540
   7    1.9846299  -0.40860594
   8    1.9708194  -0.27419796
   9    1.9788599  -0.25706088
  10    1.9775840  -0.21563739
  11    0.0224160  -0.02217761
  12    0.0211401  -0.02199851
  13    0.0291806  -0.03676479
  14    0.0153701  -0.02103838
  15    0.0296248  -0.03267888
  16    0.0288661  -0.03274509
  17    0.0093845  -0.02092703
  18    0.0063595  -0.01655972
  19    0.0001793  -0.00630889
  20    0.0001759  -0.00619338
 
----------------
 Final Energies 
----------------
Final NOF Total Energy =    -151.8821815
 
Total Orbital Internal Iterations = 10
Total Occupation Internal Iterations = 0
 
Elapsed time:   29.06 Seconds

---------------------------------
   Lowdin Population Analysis    
---------------------------------
 Idx  Atom   Population   Charge 
---------------------------------
  1     H     1.484      -0.484
  2     H     1.515      -0.515
  3     O     7.663       0.337
  4     O     7.886       0.114
  5     H     1.452      -0.452

---------------------------------
   M Diagnostic: 0.03
---------------------------------

