Computing Integrals
Basis Set                                            = def2-qzvp
Auxiliary Basis Set                                  = def2-universal-jkfit
Gaussian Type                                        = Spherical
Elapsed time:    1.76 Seconds

Number of basis functions                   (NBF)    = 87
Number of auxiliary basis functions         (NBFAUX) = 95
Inactive Doubly occupied orbitals up to     (NO1)    = 0
No. considered Strongly Doubly occupied MOs (NDOC)   = 5
No. considered Strongly Singly occupied MOs (NSOC)   = 0
NO. of Weakly occ. per St. Doubly occ.  MOs (NCWO)   = 1
Dimension of the Nat. Orb. subspace         (NBF5)   = 10
No. of electrons                                     = 10
    No. of alpha electrons                           = 5
    No. of beta electrons                            = 5
Multiplicity                                         = 1

Geometry
========
 O       0.0000000       0.0000000      -0.4822198
 H       0.0000000       0.0000000       0.4822198

Orthonormality violations 156, Maximum Violation 0.000010
Trying to orthonormalize
No violations of the orthonormality
No violations of the orthonormality
 
PNOF8/ADABelief Calculation
==================
 
  Nitext  Nit_orb  Time   Nit_occ  Time         Eelec          Etot           Ediff      maxdiff    MaxGrad_orb  Grad_occ
     1      10    9.0e+00    0    1.2e+01   -79.98385963   -75.59435820 -10078.98385963   0.000124   5.0e-04   1.3e-04 0.03
 
RESULTS OF THE OCCUPATION OPTIMIZATION
========================================
   1    1.9998267  -20.20001565
   2    1.9907940  -0.85892933
   3    1.9691565  -0.33113015
   4    1.9758190  -0.12949472
   5    1.9757951  -0.12949073
   6    0.0242049  -0.02197133
   7    0.0241810  -0.02196770
   8    0.0308435  -0.03214842
   9    0.0092060  -0.02165960
  10    0.0001733  -0.00603816
 
----------------
 Final Energies 
----------------
Final NOF Total Energy =     -75.5943582
 
Total Orbital Internal Iterations = 10
Total Occupation Internal Iterations = 0
 
Elapsed time:   27.88 Seconds

---------------------------------
   Lowdin Population Analysis    
---------------------------------
 Idx  Atom   Population   Charge 
---------------------------------
  1     O     8.378      -0.378
  2     H     1.622      -0.622

---------------------------------
   M Diagnostic: 0.03
---------------------------------

