Computing Integrals
Basis Set                                            = def2-qzvp
Auxiliary Basis Set                                  = def2-universal-jkfit
Gaussian Type                                        = Spherical
Elapsed time:    7.60 Seconds

Number of basis functions                   (NBF)    = 475
Number of auxiliary basis functions         (NBFAUX) = 579
Inactive Doubly occupied orbitals up to     (NO1)    = 0
No. considered Strongly Doubly occupied MOs (NDOC)   = 27
No. considered Strongly Singly occupied MOs (NSOC)   = 0
NO. of Weakly occ. per St. Doubly occ.  MOs (NCWO)   = 1
Dimension of the Nat. Orb. subspace         (NBF5)   = 54
No. of electrons                                     = 54
    No. of alpha electrons                           = 27
    No. of beta electrons                            = 27
Multiplicity                                         = 1

Geometry
========
 C      -0.1499300      -1.0366670       0.0000000
 S       0.5689550       0.4243550       0.0000000
 F      -0.1499300       1.3095180       1.1445480
 F      -0.1499300       1.3095180      -1.1445480
 B      -1.6788000      -1.2010680       0.0000000
 H      -2.1250400      -2.3021090       0.0000000
 H      -2.3960060      -0.2526020       0.0000000
 B       0.9394340      -2.1060630       0.0000000
 H       0.6194520      -3.2503040       0.0000000
 H       2.0934610      -1.8003310       0.0000000

No violations of the orthonormality
No violations of the orthonormality
 
PNOF8/ADABelief Calculation
==================
 
  Nitext  Nit_orb  Time   Nit_occ  Time         Eelec          Etot           Ediff      maxdiff    MaxGrad_orb  Grad_occ
     1      10    1.2e+01    0    1.2e+01  -976.90378691  -686.99291543 -10975.90378691   0.000498   2.0e-03   1.5e-04 0.03
 
RESULTS OF THE OCCUPATION OPTIMIZATION
========================================
   1    1.9999661  -92.21325938
   2    1.9998720  -26.39774184
   3    1.9998632  -26.39441061
   4    1.9995417  -11.22330063
   5    1.9991224  -8.35684082
   6    1.9991548  -8.30741331
   7    1.9989053  -7.12537641
   8    1.9988741  -7.06592890
   9    1.9987783  -7.01369581
  10    1.9986527  -7.00858275
  11    1.9927980  -1.60318487
  12    1.9935237  -1.53983527
  13    1.9939138  -1.13566991
  14    1.9871250  -0.81774038
  15    1.9657192  -0.76428441
  16    1.9821851  -0.74297084
  17    1.9825175  -0.74296383
  18    1.9824438  -0.73553274
  19    1.9655997  -0.71551484
  20    1.9794973  -0.68937556
  21    1.9788644  -0.66309688
  22    1.9833743  -0.62754816
  23    1.9854350  -0.60382469
  24    1.9726893  -0.58294075
  25    1.9800148  -0.57684166
  26    1.9799119  -0.57358072
  27    1.9815032  -0.53676891
  28    0.0184968  -0.02118758
  29    0.0200881  -0.02031984
  30    0.0199852  -0.02055635
  31    0.0273107  -0.04173523
  32    0.0145650  -0.02160211
  33    0.0166257  -0.02089890
  34    0.0211356  -0.02731319
  35    0.0205027  -0.02678833
  36    0.0344003  -0.06151091
  37    0.0175562  -0.02891345
  38    0.0174825  -0.02844443
  39    0.0178149  -0.02878006
  40    0.0342808  -0.06247559
  41    0.0128750  -0.02659259
  42    0.0060862  -0.02566232
  43    0.0064763  -0.02087217
  44    0.0072020  -0.02550896
  45    0.0013473  -0.01838889
  46    0.0012217  -0.01511167
  47    0.0011259  -0.01504827
  48    0.0010947  -0.01386545
  49    0.0008452  -0.01264912
  50    0.0008776  -0.01289923
  51    0.0004583  -0.00870593
  52    0.0001368  -0.00619109
  53    0.0001280  -0.00583245
  54    0.0000339  -0.00567131
 
----------------
 Final Energies 
----------------
Final NOF Total Energy =    -686.9929154
 
Total Orbital Internal Iterations = 10
Total Occupation Internal Iterations = 0
 
Elapsed time:   30.52 Seconds

---------------------------------
   Lowdin Population Analysis    
---------------------------------
 Idx  Atom   Population   Charge 
---------------------------------
  1     C     6.261      -0.261
  2     S    15.521       0.479
  3     F     8.908       0.092
  4     F     8.912       0.088
  5     B     5.045      -0.045
  6     H     1.051      -0.051
  7     H     1.061      -0.061
  8     B     5.135      -0.135
  9     H     1.049      -0.049
 10     H     1.057      -0.057

---------------------------------
   M Diagnostic: 0.03
---------------------------------

