Computing Integrals
Basis Set                                            = def2-qzvp
Auxiliary Basis Set                                  = def2-universal-jkfit
Gaussian Type                                        = Spherical
Elapsed time:    1.61 Seconds

Number of basis functions                   (NBF)    = 100
Number of auxiliary basis functions         (NBFAUX) = 146
Inactive Doubly occupied orbitals up to     (NO1)    = 0
No. considered Strongly Doubly occupied MOs (NDOC)   = 9
No. considered Strongly Singly occupied MOs (NSOC)   = 0
NO. of Weakly occ. per St. Doubly occ.  MOs (NCWO)   = 10
Dimension of the Nat. Orb. subspace         (NBF5)   = 99
No. of electrons                                     = 18
    No. of alpha electrons                           = 9
    No. of beta electrons                            = 9
Multiplicity                                         = 1

Geometry
========
 S       0.7716119       1.3262688      -0.9387166
 H      -0.1907513       1.8427406      -1.7174752

Orthonormality violations 2110, Maximum Violation 0.000046
Trying to orthonormalize
No violations of the orthonormality
No violations of the orthonormality
 
PNOF7/ADABelief Calculation
==================
 
  Nitext  Nit_orb  Time   Nit_occ  Time         Eelec          Etot           Ediff      maxdiff    MaxGrad_orb  Grad_occ
     1      10    9.9e+00    0    1.1e+01  -404.60199379  -398.29006210 -10403.60199379   0.000097   3.9e-04   1.5e-04 0.04
 
RESULTS OF THE OCCUPATION OPTIMIZATION
========================================
   1    1.9999456  -90.64892737
   2    1.9996549  -7.91106268
   3    1.9996230  -7.81596863
   4    1.9992270  -6.55757998
   5    1.9990695  -6.41955914
   6    1.9759537  -0.45550952
   7    1.9569391  -0.25510479
   8    1.9479867  -0.23783036
   9    1.9454357  -0.21715324
  10    0.0222796  -0.00750312
  11    0.0202767  -0.00730297
  12    0.0208671  -0.00753218
  13    0.0153810  -0.00873931
  14    0.0003621  -0.00375772
  15    0.0003893  -0.00387462
  16    0.0003679  -0.00380375
  17    0.0003404  -0.00357037
  18    0.0000356  -0.00615220
  19    0.0188862  -0.00671046
  20    0.0183766  -0.00693664
  21    0.0190353  -0.00712620
  22    0.0039950  -0.00323999
  23    0.0002447  -0.00224221
  24    0.0002293  -0.00222849
  25    0.0000023  -0.00002327
  26    0.0000011  -0.00001208
  27    0.0000069  -0.00072650
  28    0.0120802  -0.00464640
  29    0.0122643  -0.00490807
  30    0.0010110  -0.00086095
  31    0.0019166  -0.00178773
  32    0.0001581  -0.00144943
  33    0.0001451  -0.00137533
  34    0.0000013  -0.00001649
  35    0.0000008  -0.00000744
  36    0.0000052  -0.00053746
  37    0.0006127  -0.00050181
  38    0.0006170  -0.00050821
  39    0.0006676  -0.00059291
  40    0.0017276  -0.00167593
  41    0.0001547  -0.00142066
  42    0.0000038  -0.00003092
  43    0.0000013  -0.00001328
  44    0.0000006  -0.00000634
  45    0.0000051  -0.00052668
  46    0.0004242  -0.00034174
  47    0.0001982  -0.00022773
  48    0.0004303  -0.00039054
  49    0.0003334  -0.00038912
  50    0.0000027  -0.00002703
  51    0.0000015  -0.00001613
  52    0.0000010  -0.00001000
  53    0.0000005  -0.00000177
  54    0.0000011  -0.00029335
  55    0.0000949  -0.00011487
  56    0.0001088  -0.00012951
  57    0.0003634  -0.00031668
  58    0.0002630  -0.00035501
  59    0.0000023  -0.00002418
  60    0.0000014  -0.00001239
  61    0.0000009  -0.00000913
  62    0.0000004  -0.00000137
  63    0.0000001  -0.00000060
  64    0.0000608  -0.00007934
  65    0.0000649  -0.00008848
  66    0.0003293  -0.00031884
  67    0.0001500  -0.00021590
  68    0.0000021  -0.00002004
  69    0.0000007  -0.00000426
  70    0.0000008  -0.00000459
  71    0.0000004  -0.00000111
  72    0.0000001  -0.00000057
  73    0.0000500  -0.00006971
  74    0.0000420  -0.00006962
  75    0.0002282  -0.00024375
  76    0.0001030  -0.00018463
  77    0.0000016  -0.00001325
  78    0.0000007  -0.00000374
  79    0.0000006  -0.00000429
  80    0.0000004  -0.00000108
  81    0.0000001  -0.00000056
  82    0.0000412  -0.00005978
  83    0.0000399  -0.00006732
  84    0.0000770  -0.00009625
  85    0.0000892  -0.00016410
  86    0.0000011  -0.00001008
  87    0.0000006  -0.00000248
  88    0.0000005  -0.00000183
  89    0.0000003  -0.00000094
  90    0.0000001  -0.00000040
  91    0.0000344  -0.00005304
  92    0.0000250  -0.00004954
  93    0.0000517  -0.00006270
  94    0.0000875  -0.00015325
  95    0.0000010  -0.00000912
  96    0.0000006  -0.00000174
  97    0.0000005  -0.00000168
  98    0.0000002  -0.00000093
  99    0.0000001  -0.00000040
 
----------------
 Final Energies 
----------------
Final NOF Total Energy =    -398.2900621
 
Total Orbital Internal Iterations = 10
Total Occupation Internal Iterations = 0
 
Elapsed time:   28.73 Seconds

---------------------------------
   Lowdin Population Analysis    
---------------------------------
 Idx  Atom   Population   Charge 
---------------------------------
  1     S    16.578      -0.578
  2     H     1.422      -0.422

---------------------------------
   M Diagnostic: 0.04
---------------------------------

