Computing Integrals
Basis Set                                            = def2-qzvp
Auxiliary Basis Set                                  = def2-universal-jkfit
Gaussian Type                                        = Spherical
Elapsed time:    3.18 Seconds

Number of basis functions                   (NBF)    = 247
Number of auxiliary basis functions         (NBFAUX) = 277
Inactive Doubly occupied orbitals up to     (NO1)    = 0
No. considered Strongly Doubly occupied MOs (NDOC)   = 14
No. considered Strongly Singly occupied MOs (NSOC)   = 0
NO. of Weakly occ. per St. Doubly occ.  MOs (NCWO)   = 16
Dimension of the Nat. Orb. subspace         (NBF5)   = 238
No. of electrons                                     = 28
    No. of alpha electrons                           = 14
    No. of beta electrons                            = 14
Multiplicity                                         = 1

Geometry
========
 S       0.7716119       1.3262688      -0.9387166
 H      -0.1907513       1.8427406      -1.7174752
 N      -1.1495506      -0.0399443       1.5977359
 H      -0.7993897      -0.9919745       1.5888383
 H      -0.7131478       0.3976979       2.4021449
 H      -0.7006725       0.4080986       0.7846342

Orthonormality violations 25429, Maximum Violation 0.000202
Trying to orthonormalize
No violations of the orthonormality
No violations of the orthonormality
 
PNOF7/ADABelief Calculation
==================
 
  Nitext  Nit_orb  Time   Nit_occ  Time         Eelec          Etot           Ediff      maxdiff    MaxGrad_orb  Grad_occ
     1      10    1.2e+01    0    1.2e+01  -499.28692576  -454.66684828 -10498.28692576   0.000099   3.9e-04   2.1e-04 0.04
 
RESULTS OF THE OCCUPATION OPTIMIZATION
========================================
   1    1.9999249  -82.94360911
   2    1.9999910  -17.40267536
   3    1.9995374  -15.38340089
   4    1.9992701  -6.35823775
   5    1.9991296  -6.35692295
   6    1.9993992  -6.35456708
   7    1.9683277  -0.63311176
   8    1.9683501  -0.63296329
   9    1.9716407  -0.62427351
  10    1.9752622  -0.46717749
  11    1.9740133  -0.40938241
  12    1.9578160  -0.28129752
  13    1.9577860  -0.28057432
  14    1.9354866  -0.20223040
  15    0.0241425  -0.00782287
  16    0.0207759  -0.00778296
  17    0.0208204  -0.00777736
  18    0.0207994  -0.01226741
  19    0.0158876  -0.00908648
  20    0.0211900  -0.01616135
  21    0.0242207  -0.01775835
  22    0.0242662  -0.01776898
  23    0.0003586  -0.00376292
  24    0.0003467  -0.00367033
  25    0.0003501  -0.00368947
  26    0.0003124  -0.00794050
  27    0.0000036  -0.00006203
  28    0.0000580  -0.00842752
  29    0.0185358  -0.00626856
  30    0.0183180  -0.00718922
  31    0.0182329  -0.00715976
  32    0.0019425  -0.00200211
  33    0.0039751  -0.00321460
  34    0.0035186  -0.00388800
  35    0.0039619  -0.00420242
  36    0.0040003  -0.00421961
  37    0.0002353  -0.00204615
  38    0.0002129  -0.00192826
  39    0.0002197  -0.00196281
  40    0.0000511  -0.00094947
  41    0.0000005  -0.00000433
  42    0.0000052  -0.00050060
  43    0.0141463  -0.00503311
  44    0.0010402  -0.00087892
  45    0.0009823  -0.00086728
  46    0.0010112  -0.00122401
  47    0.0019643  -0.00183430
  48    0.0015759  -0.00199380
  49    0.0015457  -0.00194998
  50    0.0015527  -0.00194651
  51    0.0000023  -0.00000697
  52    0.0001534  -0.00142045
  53    0.0001565  -0.00143017
  54    0.0000502  -0.00093912
  55    0.0000005  -0.00000836
  56    0.0000052  -0.00049102
  57    0.0074372  -0.00322871
  58    0.0007691  -0.00068356
  59    0.0007942  -0.00068421
  60    0.0009700  -0.00116136
  61    0.0016875  -0.00162813
  62    0.0015112  -0.00193457
  63    0.0014415  -0.00182209
  64    0.0013430  -0.00175926
  65    0.0000006  -0.00000427
  66    0.0001516  -0.00141083
  67    0.0000011  -0.00000538
  68    0.0000371  -0.00069509
  69    0.0000004  -0.00000340
  70    0.0000046  -0.00046131
  71    0.0000609  -0.00007214
  72    0.0004017  -0.00035270
  73    0.0003842  -0.00035183
  74    0.0003192  -0.00046717
  75    0.0003316  -0.00038571
  76    0.0001217  -0.00026253
  77    0.0001025  -0.00021488
  78    0.0001326  -0.00025237
  79    0.0000005  -0.00000300
  80    0.0000021  -0.00000624
  81    0.0000004  -0.00000223
  82    0.0000050  -0.00028841
  83    0.0000004  -0.00000246
  84    0.0000017  -0.00044102
  85    0.0000479  -0.00005591
  86    0.0003702  -0.00032382
  87    0.0003470  -0.00031442
  88    0.0002630  -0.00044480
  89    0.0003177  -0.00037740
  90    0.0001185  -0.00022793
  91    0.0000819  -0.00019018
  92    0.0000837  -0.00018813
  93    0.0000005  -0.00000283
  94    0.0000011  -0.00000533
  95    0.0000004  -0.00000209
  96    0.0000022  -0.00002147
  97    0.0000004  -0.00000226
  98    0.0000002  -0.00000084
  99    0.0000329  -0.00005199
 100    0.0002877  -0.00027831
 101    0.0002742  -0.00025915
 102    0.0002368  -0.00037004
 103    0.0001201  -0.00019794
 104    0.0000879  -0.00020997
 105    0.0000672  -0.00017458
 106    0.0000805  -0.00018845
 107    0.0000004  -0.00000242
 108    0.0000005  -0.00000309
 109    0.0000003  -0.00000137
 110    0.0000015  -0.00001791
 111    0.0000004  -0.00000224
 112    0.0000001  -0.00000045
 113    0.0000279  -0.00003713
 114    0.0000612  -0.00008979
 115    0.0001186  -0.00014766
 116    0.0002135  -0.00032994
 117    0.0001107  -0.00017920
 118    0.0000625  -0.00015135
 119    0.0000568  -0.00013589
 120    0.0000587  -0.00013647
 121    0.0000004  -0.00000215
 122    0.0000004  -0.00000208
 123    0.0000002  -0.00000089
 124    0.0000007  -0.00000995
 125    0.0000004  -0.00000201
 126    0.0000001  -0.00000046
 127    0.0000263  -0.00003199
 128    0.0000516  -0.00008401
 129    0.0000620  -0.00009134
 130    0.0001370  -0.00029937
 131    0.0000919  -0.00014622
 132    0.0000443  -0.00014484
 133    0.0000499  -0.00012437
 134    0.0000372  -0.00011564
 135    0.0000003  -0.00000172
 136    0.0000003  -0.00000158
 137    0.0000002  -0.00000077
 138    0.0000006  -0.00000791
 139    0.0000004  -0.00000185
 140    0.0000000  -0.00000041
 141    0.0000141  -0.00001856
 142    0.0000439  -0.00006506
 143    0.0000406  -0.00007573
 144    0.0000243  -0.00006099
 145    0.0000865  -0.00013832
 146    0.0000316  -0.00010837
 147    0.0000347  -0.00011480
 148    0.0000366  -0.00011481
 149    0.0000003  -0.00000172
 150    0.0000002  -0.00000117
 151    0.0000002  -0.00000074
 152    0.0000004  -0.00000631
 153    0.0000003  -0.00000167
 154    0.0000000  -0.00000038
 155    0.0000111  -0.00001405
 156    0.0000277  -0.00005383
 157    0.0000354  -0.00006539
 158    0.0000184  -0.00005427
 159    0.0000485  -0.00009844
 160    0.0000276  -0.00007809
 161    0.0000232  -0.00007151
 162    0.0000213  -0.00006752
 163    0.0000003  -0.00000155
 164    0.0000002  -0.00000108
 165    0.0000002  -0.00000071
 166    0.0000004  -0.00000824
 167    0.0000003  -0.00000171
 168    0.0000000  -0.00000034
 169    0.0000084  -0.00000750
 170    0.0000243  -0.00004934
 171    0.0000271  -0.00005552
 172    0.0000150  -0.00003991
 173    0.0000467  -0.00009637
 174    0.0000186  -0.00005960
 175    0.0000219  -0.00005997
 176    0.0000174  -0.00005438
 177    0.0000003  -0.00000146
 178    0.0000002  -0.00000107
 179    0.0000002  -0.00000072
 180    0.0000003  -0.00000740
 181    0.0000003  -0.00000168
 182    0.0000000  -0.00000032
 183    0.0000070  -0.00000530
 184    0.0000154  -0.00003662
 185    0.0000199  -0.00004414
 186    0.0000141  -0.00004061
 187    0.0000356  -0.00006313
 188    0.0000152  -0.00005276
 189    0.0000135  -0.00004693
 190    0.0000137  -0.00004663
 191    0.0000003  -0.00000131
 192    0.0000002  -0.00000086
 193    0.0000002  -0.00000065
 194    0.0000002  -0.00000739
 195    0.0000003  -0.00000148
 196    0.0000000  -0.00000030
 197    0.0000064  -0.00000647
 198    0.0000132  -0.00002949
 199    0.0000187  -0.00003928
 200    0.0000091  -0.00003354
 201    0.0000136  -0.00004008
 202    0.0000140  -0.00003778
 203    0.0000117  -0.00003511
 204    0.0000113  -0.00003533
 205    0.0000003  -0.00000119
 206    0.0000002  -0.00000075
 207    0.0000002  -0.00000066
 208    0.0000002  -0.00000460
 209    0.0000003  -0.00000142
 210    0.0000000  -0.00000029
 211    0.0000057  -0.00000684
 212    0.0000075  -0.00001865
 213    0.0000148  -0.00003290
 214    0.0000075  -0.00002929
 215    0.0000106  -0.00003499
 216    0.0000117  -0.00003393
 217    0.0000098  -0.00003328
 218    0.0000089  -0.00003259
 219    0.0000002  -0.00000088
 220    0.0000002  -0.00000078
 221    0.0000001  -0.00000055
 222    0.0000002  -0.00000095
 223    0.0000003  -0.00000135
 224    0.0000000  -0.00000027
 225    0.0000029  -0.00000796
 226    0.0000064  -0.00001157
 227    0.0000119  -0.00002362
 228    0.0000056  -0.00002417
 229    0.0000097  -0.00002703
 230    0.0000100  -0.00003062
 231    0.0000071  -0.00002568
 232    0.0000083  -0.00002611
 233    0.0000002  -0.00000084
 234    0.0000002  -0.00000075
 235    0.0000001  -0.00000053
 236    0.0000001  -0.00000066
 237    0.0000002  -0.00000100
 238    0.0000000  -0.00000026
 
----------------
 Final Energies 
----------------
Final NOF Total Energy =    -454.6668483
 
Total Orbital Internal Iterations = 10
Total Occupation Internal Iterations = 0
 
Elapsed time:   31.91 Seconds

---------------------------------
   Lowdin Population Analysis    
---------------------------------
 Idx  Atom   Population   Charge 
---------------------------------
  1     S    16.451      -0.451
  2     H     1.413      -0.413
  3     N     6.472       0.528
  4     H     1.214      -0.214
  5     H     1.214      -0.214
  6     H     1.236      -0.236

---------------------------------
   M Diagnostic: 0.04
---------------------------------

