Computing Integrals
Basis Set                                            = def2-qzvp
Auxiliary Basis Set                                  = def2-universal-jkfit
Gaussian Type                                        = Spherical
Elapsed time:    1.75 Seconds

Number of basis functions                   (NBF)    = 147
Number of auxiliary basis functions         (NBFAUX) = 131
Inactive Doubly occupied orbitals up to     (NO1)    = 0
No. considered Strongly Doubly occupied MOs (NDOC)   = 5
No. considered Strongly Singly occupied MOs (NSOC)   = 0
NO. of Weakly occ. per St. Doubly occ.  MOs (NCWO)   = 28
Dimension of the Nat. Orb. subspace         (NBF5)   = 145
No. of electrons                                     = 10
    No. of alpha electrons                           = 5
    No. of beta electrons                            = 5
Multiplicity                                         = 1

Geometry
========
 N      -1.1495506      -0.0399443       1.5977359
 H      -0.7993897      -0.9919745       1.5888383
 H      -0.7131478       0.3976979       2.4021449
 H      -0.7006725       0.4080986       0.7846342

Orthonormality violations 14984, Maximum Violation 0.000162
Trying to orthonormalize
No violations of the orthonormality
No violations of the orthonormality
 
PNOF7/ADABelief Calculation
==================
 
  Nitext  Nit_orb  Time   Nit_occ  Time         Eelec          Etot           Ediff      maxdiff    MaxGrad_orb  Grad_occ
     1      10    1.0e+01    0    1.2e+01   -68.24562138   -56.36787202 -10067.24562138   0.000092   3.7e-04   2.1e-04 0.03
 
RESULTS OF THE OCCUPATION OPTIMIZATION
========================================
   1    1.9995476  -15.54867275
   2    1.9694017  -0.79393610
   3    1.9692003  -0.79343474
   4    1.9674621  -0.77952239
   5    1.9757976  -0.57152288
   6    0.0188992  -0.01306289
   7    0.0251941  -0.02010570
   8    0.0233962  -0.01925191
   9    0.0233061  -0.01921436
  10    0.0003078  -0.00794584
  11    0.0019263  -0.00218723
  12    0.0038574  -0.00435805
  13    0.0036948  -0.00434732
  14    0.0037241  -0.00435134
  15    0.0000510  -0.00095077
  16    0.0010602  -0.00133713
  17    0.0015671  -0.00205994
  18    0.0017567  -0.00222199
  19    0.0015082  -0.00206060
  20    0.0000492  -0.00092991
  21    0.0010000  -0.00130361
  22    0.0013267  -0.00184333
  23    0.0014068  -0.00194373
  24    0.0014878  -0.00199090
  25    0.0000357  -0.00067820
  26    0.0003155  -0.00050939
  27    0.0001190  -0.00024552
  28    0.0000926  -0.00022074
  29    0.0001109  -0.00024121
  30    0.0000048  -0.00028544
  31    0.0003094  -0.00050921
  32    0.0001189  -0.00022717
  33    0.0000858  -0.00019732
  34    0.0000850  -0.00019791
  35    0.0000009  -0.00000945
  36    0.0002407  -0.00038380
  37    0.0000859  -0.00019696
  38    0.0000772  -0.00019016
  39    0.0000848  -0.00019935
  40    0.0000003  -0.00001807
  41    0.0001638  -0.00033522
  42    0.0000808  -0.00017025
  43    0.0000643  -0.00015396
  44    0.0000598  -0.00014911
  45    0.0000002  -0.00000150
  46    0.0001347  -0.00031147
  47    0.0000511  -0.00012630
  48    0.0000474  -0.00012289
  49    0.0000577  -0.00013329
  50    0.0000002  -0.00000096
  51    0.0000345  -0.00006642
  52    0.0000340  -0.00011533
  53    0.0000399  -0.00012407
  54    0.0000439  -0.00012723
  55    0.0000002  -0.00000089
  56    0.0000230  -0.00005798
  57    0.0000223  -0.00006812
  58    0.0000266  -0.00007583
  59    0.0000293  -0.00007737
  60    0.0000002  -0.00000072
  61    0.0000145  -0.00004239
  62    0.0000193  -0.00005433
  63    0.0000265  -0.00006605
  64    0.0000206  -0.00005697
  65    0.0000001  -0.00000067
  66    0.0000133  -0.00004216
  67    0.0000113  -0.00004027
  68    0.0000231  -0.00005814
  69    0.0000132  -0.00004734
  70    0.0000001  -0.00000065
  71    0.0000095  -0.00003273
  72    0.0000092  -0.00003169
  73    0.0000114  -0.00003470
  74    0.0000114  -0.00003564
  75    0.0000001  -0.00000069
  76    0.0000092  -0.00002872
  77    0.0000065  -0.00002620
  78    0.0000083  -0.00002419
  79    0.0000088  -0.00003026
  80    0.0000001  -0.00000056
  81    0.0000090  -0.00002590
  82    0.0000050  -0.00001977
  83    0.0000073  -0.00002734
  84    0.0000070  -0.00002257
  85    0.0000001  -0.00000059
  86    0.0000069  -0.00002442
  87    0.0000042  -0.00001505
  88    0.0000055  -0.00002204
  89    0.0000066  -0.00002350
  90    0.0000001  -0.00000056
  91    0.0000051  -0.00002507
  92    0.0000041  -0.00001369
  93    0.0000053  -0.00001790
  94    0.0000055  -0.00001622
  95    0.0000001  -0.00000056
  96    0.0000044  -0.00001866
  97    0.0000037  -0.00001278
  98    0.0000039  -0.00001186
  99    0.0000049  -0.00001584
 100    0.0000001  -0.00000052
 101    0.0000042  -0.00001429
 102    0.0000032  -0.00001116
 103    0.0000030  -0.00001065
 104    0.0000040  -0.00001193
 105    0.0000001  -0.00000052
 106    0.0000040  -0.00001176
 107    0.0000024  -0.00000864
 108    0.0000029  -0.00001032
 109    0.0000033  -0.00001051
 110    0.0000001  -0.00000048
 111    0.0000030  -0.00000601
 112    0.0000020  -0.00000779
 113    0.0000028  -0.00000795
 114    0.0000031  -0.00000802
 115    0.0000001  -0.00000049
 116    0.0000024  -0.00000525
 117    0.0000018  -0.00000462
 118    0.0000025  -0.00000623
 119    0.0000028  -0.00000717
 120    0.0000001  -0.00000047
 121    0.0000023  -0.00000393
 122    0.0000018  -0.00000221
 123    0.0000020  -0.00000401
 124    0.0000024  -0.00000519
 125    0.0000001  -0.00000045
 126    0.0000019  -0.00000249
 127    0.0000016  -0.00000149
 128    0.0000020  -0.00000335
 129    0.0000023  -0.00000403
 130    0.0000001  -0.00000042
 131    0.0000019  -0.00000198
 132    0.0000015  -0.00000065
 133    0.0000018  -0.00000166
 134    0.0000020  -0.00000190
 135    0.0000001  -0.00000039
 136    0.0000018  -0.00000192
 137    0.0000014  0.00000005
 138    0.0000017  -0.00000005
 139    0.0000017  -0.00000122
 140    0.0000001  -0.00000082
 141    0.0000015  -0.00000137
 142    0.0000013  -0.00000014
 143    0.0000013  -0.00000024
 144    0.0000012  -0.00000047
 145    0.0000001  -0.00000057
 
----------------
 Final Energies 
----------------
Final NOF Total Energy =     -56.3678720
 
Total Orbital Internal Iterations = 10
Total Occupation Internal Iterations = 0
 
Elapsed time:   29.36 Seconds

---------------------------------
   Lowdin Population Analysis    
---------------------------------
 Idx  Atom   Population   Charge 
---------------------------------
  1     N     6.441       0.559
  2     H     1.193      -0.193
  3     H     1.194      -0.194
  4     H     1.172      -0.172

---------------------------------
   M Diagnostic: 0.03
---------------------------------

