Computing Integrals
Basis Set                                            = def2-qzvp
Auxiliary Basis Set                                  = def2-universal-jkfit
Gaussian Type                                        = Spherical
Elapsed time:    4.63 Seconds

Number of basis functions                   (NBF)    = 287
Number of auxiliary basis functions         (NBFAUX) = 385
Inactive Doubly occupied orbitals up to     (NO1)    = 0
No. considered Strongly Doubly occupied MOs (NDOC)   = 22
No. considered Strongly Singly occupied MOs (NSOC)   = 0
NO. of Weakly occ. per St. Doubly occ.  MOs (NCWO)   = 12
Dimension of the Nat. Orb. subspace         (NBF5)   = 286
No. of electrons                                     = 44
    No. of alpha electrons                           = 22
    No. of beta electrons                            = 22
Multiplicity                                         = 1

Geometry
========
Cl      -0.0002746       0.0192429       2.3225374
 C       0.0002134       0.0002029      -0.0000524
 H       0.7609800      -0.7510163       0.0064136
 H      -1.0307506      -0.2830071       0.0021836
 H       0.2704285       1.0346447      -0.0086604
Cl      -0.0005966      -0.0200671      -2.3224218

Orthonormality violations 27761, Maximum Violation 0.000151
Trying to orthonormalize
No violations of the orthonormality
No violations of the orthonormality
 
PNOF7/ADABelief Calculation
==================
 
  Nitext  Nit_orb  Time   Nit_occ  Time         Eelec          Etot           Ediff      maxdiff    MaxGrad_orb  Grad_occ
     1      10    1.5e+01    0    1.2e+01 -1069.36899446  -959.08965650 -11068.36899446   0.000099   4.0e-04   1.8e-04 0.11
 
RESULTS OF THE OCCUPATION OPTIMIZATION
========================================
   1    1.9999245  -98.48244789
   2    1.9999240  -94.78098253
   3    1.9999955  -20.09593840
   4    1.9999608  -15.61340556
   5    1.9992959  -11.14135863
   6    1.9997420  -8.70650781
   7    1.9993407  -7.82496527
   8    1.9992768  -7.82191773
   9    1.9994332  -7.76436489
  10    1.9993138  -7.76415829
  11    1.9995558  -7.76328573
  12    1.9832803  -0.64409910
  13    1.9703756  -0.59020806
  14    1.9703088  -0.58903732
  15    1.9703203  -0.58892798
  16    1.9819994  -0.49028256
  17    1.9625176  -0.43546322
  18    1.9721160  -0.41124565
  19    1.9717338  -0.40553795
  20    1.9498679  -0.36832866
  21    1.8924464  -0.29335560
  22    1.9467694  -0.27415140
  23    0.0184042  -0.00767663
  24    0.1049439  -0.02836977
  25    0.0162059  -0.00830795
  26    0.0165462  -0.00816104
  27    0.0164406  -0.00819047
  28    0.0149101  -0.00832423
  29    0.0138983  -0.00722600
  30    0.0209443  -0.01452249
  31    0.0209204  -0.01451005
  32    0.0209205  -0.01450690
  33    0.0127614  -0.00758421
  34    0.0002325  -0.00273599
  35    0.0002264  -0.00268632
  36    0.0002298  -0.00267820
  37    0.0002238  -0.00248546
  38    0.0002899  -0.00326247
  39    0.0002569  -0.00291558
  40    0.0004339  -0.00806614
  41    0.0000373  -0.00061177
  42    0.0000010  -0.00003230
  43    0.0000494  -0.00826856
  44    0.0000452  -0.00791720
  45    0.0132870  -0.00553594
  46    0.0008395  -0.00074402
  47    0.0136769  -0.00688978
  48    0.0096608  -0.00529405
  49    0.0091815  -0.00512134
  50    0.0127083  -0.00704313
  51    0.0011217  -0.00113842
  52    0.0035716  -0.00376250
  53    0.0036318  -0.00379981
  54    0.0036224  -0.00378721
  55    0.0008432  -0.00099809
  56    0.0002028  -0.00215704
  57    0.0001862  -0.00207100
  58    0.0001918  -0.00212709
  59    0.0002186  -0.00257573
  60    0.0002226  -0.00243709
  61    0.0000002  -0.00000129
  62    0.0000886  -0.00113073
  63    0.0000006  -0.00001563
  64    0.0000006  -0.00000498
  65    0.0000084  -0.00095239
  66    0.0000113  -0.00136971
  67    0.0120870  -0.00526982
  68    0.0005893  -0.00053867
  69    0.0116780  -0.00587496
  70    0.0008674  -0.00089870
  71    0.0008253  -0.00087929
  72    0.0087519  -0.00502862
  73    0.0009119  -0.00092389
  74    0.0024306  -0.00272829
  75    0.0023841  -0.00269797
  76    0.0022832  -0.00261984
  77    0.0008210  -0.00099796
  78    0.0000013  -0.00001160
  79    0.0001383  -0.00154780
  80    0.0001412  -0.00156349
  81    0.0001401  -0.00156433
  82    0.0001432  -0.00157096
  83    0.0000002  -0.00000088
  84    0.0000830  -0.00114764
  85    0.0000002  -0.00000150
  86    0.0000004  -0.00000351
  87    0.0000083  -0.00094571
  88    0.0000090  -0.00106232
  89    0.0092690  -0.00425121
  90    0.0004952  -0.00043904
  91    0.0083996  -0.00454150
  92    0.0006649  -0.00073908
  93    0.0006258  -0.00073686
  94    0.0005764  -0.00067592
  95    0.0007680  -0.00083222
  96    0.0018595  -0.00216955
  97    0.0018596  -0.00217008
  98    0.0018596  -0.00217314
  99    0.0006837  -0.00085499
 100    0.0000011  -0.00000864
 101    0.0001305  -0.00148296
 102    0.0000010  -0.00000727
 103    0.0001357  -0.00152339
 104    0.0000010  -0.00000887
 105    0.0000001  -0.00000061
 106    0.0000829  -0.00114488
 107    0.0000001  -0.00000090
 108    0.0000003  -0.00000632
 109    0.0000082  -0.00093557
 110    0.0000085  -0.00099170
 111    0.0000396  -0.00005545
 112    0.0002815  -0.00026125
 113    0.0000445  -0.00006953
 114    0.0002878  -0.00033839
 115    0.0003252  -0.00036607
 116    0.0003159  -0.00037167
 117    0.0004257  -0.00050026
 118    0.0001844  -0.00031955
 119    0.0001999  -0.00033643
 120    0.0002201  -0.00036468
 121    0.0006439  -0.00081010
 122    0.0000009  -0.00000742
 123    0.0000022  -0.00001953
 124    0.0000007  -0.00000571
 125    0.0000015  -0.00001492
 126    0.0000004  -0.00000368
 127    0.0000001  -0.00000041
 128    0.0000088  -0.00035018
 129    0.0000001  -0.00000072
 130    0.0000003  -0.00000294
 131    0.0000014  -0.00044243
 132    0.0000012  -0.00038968
 133    0.0000360  -0.00004952
 134    0.0002179  -0.00021622
 135    0.0000295  -0.00005948
 136    0.0000849  -0.00014072
 137    0.0002077  -0.00025371
 138    0.0000536  -0.00011903
 139    0.0004200  -0.00048459
 140    0.0001572  -0.00029312
 141    0.0001649  -0.00029058
 142    0.0001722  -0.00030285
 143    0.0005576  -0.00069242
 144    0.0000009  -0.00000759
 145    0.0000007  -0.00000594
 146    0.0000005  -0.00000439
 147    0.0000011  -0.00000902
 148    0.0000004  -0.00000333
 149    0.0000001  -0.00000047
 150    0.0000016  -0.00002246
 151    0.0000001  -0.00000083
 152    0.0000003  -0.00000226
 153    0.0000001  -0.00000060
 154    0.0000001  -0.00000052
 155    0.0000291  -0.00004474
 156    0.0000515  -0.00006897
 157    0.0000277  -0.00005636
 158    0.0000428  -0.00009485
 159    0.0001033  -0.00014513
 160    0.0000468  -0.00008877
 161    0.0001601  -0.00021875
 162    0.0001553  -0.00028350
 163    0.0001566  -0.00029549
 164    0.0001622  -0.00030368
 165    0.0001001  -0.00017786
 166    0.0000009  -0.00000701
 167    0.0000005  -0.00000452
 168    0.0000005  -0.00000448
 169    0.0000007  -0.00000555
 170    0.0000004  -0.00000325
 171    0.0000001  -0.00000044
 172    0.0000016  -0.00002210
 173    0.0000001  -0.00000069
 174    0.0000003  -0.00000178
 175    0.0000001  -0.00000032
 176    0.0000001  -0.00000035
 177    0.0000215  -0.00004353
 178    0.0000372  -0.00006502
 179    0.0000221  -0.00005100
 180    0.0000390  -0.00008529
 181    0.0000563  -0.00010039
 182    0.0000394  -0.00007903
 183    0.0001203  -0.00018212
 184    0.0001440  -0.00026123
 185    0.0001443  -0.00026086
 186    0.0001469  -0.00026140
 187    0.0000962  -0.00015336
 188    0.0000009  -0.00000716
 189    0.0000004  -0.00000339
 190    0.0000003  -0.00000242
 191    0.0000004  -0.00000392
 192    0.0000003  -0.00000258
 193    0.0000001  -0.00000045
 194    0.0000010  -0.00001810
 195    0.0000001  -0.00000064
 196    0.0000003  -0.00000224
 197    0.0000000  -0.00000028
 198    0.0000000  -0.00000030
 199    0.0000180  -0.00003820
 200    0.0000336  -0.00005893
 201    0.0000163  -0.00003630
 202    0.0000279  -0.00007677
 203    0.0000383  -0.00008430
 204    0.0000340  -0.00007107
 205    0.0000691  -0.00012171
 206    0.0000945  -0.00021220
 207    0.0000937  -0.00021037
 208    0.0000970  -0.00021383
 209    0.0000697  -0.00012420
 210    0.0000008  -0.00000653
 211    0.0000003  -0.00000270
 212    0.0000003  -0.00000216
 213    0.0000004  -0.00000288
 214    0.0000003  -0.00000267
 215    0.0000001  -0.00000044
 216    0.0000009  -0.00001658
 217    0.0000001  -0.00000064
 218    0.0000003  -0.00000129
 219    0.0000000  -0.00000022
 220    0.0000000  -0.00000025
 221    0.0000143  -0.00003374
 222    0.0000257  -0.00005338
 223    0.0000142  -0.00003459
 224    0.0000188  -0.00004757
 225    0.0000342  -0.00007230
 226    0.0000172  -0.00004699
 227    0.0000393  -0.00008187
 228    0.0000550  -0.00012706
 229    0.0000548  -0.00012602
 230    0.0000580  -0.00012936
 231    0.0000571  -0.00011692
 232    0.0000007  -0.00000595
 233    0.0000003  -0.00000161
 234    0.0000003  -0.00000151
 235    0.0000003  -0.00000242
 236    0.0000003  -0.00000224
 237    0.0000001  -0.00000043
 238    0.0000007  -0.00001317
 239    0.0000001  -0.00000067
 240    0.0000002  -0.00000116
 241    0.0000000  -0.00000017
 242    0.0000000  -0.00000025
 243    0.0000136  -0.00002147
 244    0.0000212  -0.00004569
 245    0.0000100  -0.00002154
 246    0.0000137  -0.00003702
 247    0.0000241  -0.00005708
 248    0.0000158  -0.00004484
 249    0.0000371  -0.00007841
 250    0.0000441  -0.00011991
 251    0.0000449  -0.00012217
 252    0.0000442  -0.00012130
 253    0.0000503  -0.00010523
 254    0.0000007  -0.00000545
 255    0.0000002  -0.00000118
 256    0.0000002  -0.00000117
 257    0.0000003  -0.00000145
 258    0.0000003  -0.00000162
 259    0.0000001  -0.00000038
 260    0.0000006  -0.00003397
 261    0.0000001  -0.00000054
 262    0.0000002  -0.00000105
 263    0.0000000  -0.00000013
 264    0.0000000  -0.00000023
 265    0.0000112  -0.00002067
 266    0.0000170  -0.00004105
 267    0.0000075  -0.00001779
 268    0.0000120  -0.00003241
 269    0.0000216  -0.00004704
 270    0.0000130  -0.00003681
 271    0.0000290  -0.00005852
 272    0.0000391  -0.00010021
 273    0.0000362  -0.00009653
 274    0.0000381  -0.00009756
 275    0.0000353  -0.00007321
 276    0.0000007  -0.00000559
 277    0.0000002  -0.00000107
 278    0.0000002  -0.00000104
 279    0.0000003  -0.00000146
 280    0.0000003  -0.00000143
 281    0.0000001  -0.00000034
 282    0.0000004  -0.00000575
 283    0.0000001  -0.00000050
 284    0.0000002  -0.00000098
 285    0.0000000  -0.00000012
 286    0.0000000  -0.00000016
 
----------------
 Final Energies 
----------------
Final NOF Total Energy =    -959.0896565
 
Total Orbital Internal Iterations = 10
Total Occupation Internal Iterations = 0
 
Elapsed time:   36.71 Seconds

---------------------------------
   Lowdin Population Analysis    
---------------------------------
 Idx  Atom   Population   Charge 
---------------------------------
  1    Cl    17.466      -0.466
  2     C     5.896       0.104
  3     H     1.115      -0.115
  4     H     1.116      -0.116
  5     H     1.116      -0.116
  6    Cl    17.291      -0.291

---------------------------------
   M Diagnostic: 0.11
---------------------------------

