Computing Integrals
Basis Set                                            = def2-qzvp
Auxiliary Basis Set                                  = def2-universal-jkfit
Gaussian Type                                        = Spherical
Elapsed time:    1.75 Seconds

Number of basis functions                   (NBF)    = 117
Number of auxiliary basis functions         (NBFAUX) = 113
Inactive Doubly occupied orbitals up to     (NO1)    = 0
No. considered Strongly Doubly occupied MOs (NDOC)   = 5
No. considered Strongly Singly occupied MOs (NSOC)   = 0
NO. of Weakly occ. per St. Doubly occ.  MOs (NCWO)   = 22
Dimension of the Nat. Orb. subspace         (NBF5)   = 115
No. of electrons                                     = 10
    No. of alpha electrons                           = 5
    No. of beta electrons                            = 5
Multiplicity                                         = 1

Geometry
========
 O       0.0000000       0.0000000       0.3904848
 H      -0.7567076       0.0000000      -0.1952424
 H       0.7567076       0.0000000      -0.1952424

Orthonormality violations 13689, Maximum Violation 556.888076
Trying to orthonormalize
No violations of the orthonormality
No violations of the orthonormality
 
PNOF7/ADABelief Calculation
==================
 
  Nitext  Nit_orb  Time   Nit_occ  Time         Eelec          Etot           Ediff      maxdiff    MaxGrad_orb  Grad_occ
     1      10    9.6e+00   15    1.2e+01   -83.87614628   -74.67843666 -10082.87614628   0.266612   1.1e+00   2.5e-04 0.05
     2      10    7.6e-01   19    2.6e-01   -84.32617417   -75.12846455    -0.45002789   0.262628   1.1e+00   2.0e-04 0.05
     3      10    9.5e-01   19    1.6e-01   -84.73997920   -75.54226958    -0.41380503   0.290448   1.2e+00   1.6e-04 0.03
     4      10    9.0e-01   10    8.4e-02   -85.12688692   -75.92917730    -0.38690772   0.214689   8.6e-01   2.1e-04 0.03
     5      10    8.7e-01   14    1.6e-01   -85.15829881   -75.96058919    -0.03141189   0.172023   6.9e-01   1.7e-04 0.03
     6      10    8.0e-01   15    1.1e-01   -85.18017099   -75.98246137    -0.02187218   0.123095   4.9e-01   2.1e-04 0.03
     7      10    8.4e-01    4    1.0e-01   -85.26487322   -76.06716360    -0.08470223   0.183799   7.4e-01   2.2e-04 0.03
     8      10    8.0e-01   12    1.1e-01   -85.31811817   -76.12040855    -0.05324495   0.434729   1.7e+00   1.9e-04 0.03
     9      10    8.2e-01   12    1.4e-01   -85.32144162   -76.12373200    -0.00332345   0.114077   4.6e-01   1.3e-04 0.03
    10      10    9.4e-01    7    1.5e-01   -85.34388253   -76.14617291    -0.02244091   0.193981   7.8e-01   1.9e-04 0.03
    11      10    1.4e+00    0    6.5e-02   -85.34410683   -76.14639721    -0.00022429   0.193981   7.8e-01   1.9e-04 0.03
    12      30    2.4e+00   12    1.5e-01   -85.39723250   -76.19952288    -0.05312568   0.004089   1.6e-02   1.1e-04 0.03
    13      30    2.5e+00    6    1.4e-01   -85.39862735   -76.20091773    -0.00139485   0.008661   3.5e-02   1.9e-04 0.03
    14      30    2.8e+00    1    8.2e-02   -85.39909660   -76.20138698    -0.00046925   0.008184   3.3e-02   2.6e-04 0.03
    15      30    2.9e+00    1    2.1e-02   -85.39916997   -76.20146035    -0.00007338   0.010134   4.1e-02   2.3e-04 0.03
    16      30    3.0e+00    6    1.5e-01   -85.39925708   -76.20154746    -0.00008711   0.009674   3.9e-02   1.5e-04 0.03
    17      30    2.6e+00    0    5.8e-02   -85.39929397   -76.20158435    -0.00003689   0.009674   3.9e-02   1.5e-04 0.03
    18      50    4.6e+00    1    6.5e-02   -85.39941662   -76.20170700    -0.00012264   0.000750   3.0e-03   1.9e-04 0.03
 
RESULTS OF THE OCCUPATION OPTIMIZATION
========================================
   1    1.9997091  -20.56958774
   2    1.9701052  -0.90143287
   3    1.9699394  -0.90060806
   4    1.9828817  -0.75353482
   5    1.9823755  -0.73961423
   6    0.0138164  -0.01299690
   7    0.0135770  -0.01290893
   8    0.0247289  -0.02270321
   9    0.0247106  -0.02269789
  10    0.0002234  -0.00757992
  11    0.0013652  -0.00213320
  12    0.0013337  -0.00212963
  13    0.0028654  -0.00391047
  14    0.0028381  -0.00388578
  15    0.0000307  -0.00074631
  16    0.0010633  -0.00166076
  17    0.0007698  -0.00136279
  18    0.0011648  -0.00182552
  19    0.0010244  -0.00169158
  20    0.0000224  -0.00055493
  21    0.0008158  -0.00142036
  22    0.0006280  -0.00121771
  23    0.0009748  -0.00163631
  24    0.0009663  -0.00162116
  25    0.0000093  -0.00021468
  26    0.0001370  -0.00034023
  27    0.0002373  -0.00043688
  28    0.0000930  -0.00020945
  29    0.0000869  -0.00020526
  30    0.0000036  -0.00023580
  31    0.0001264  -0.00033900
  32    0.0001658  -0.00038835
  33    0.0000579  -0.00017456
  34    0.0000786  -0.00018447
  35    0.0000002  -0.00000426
  36    0.0001075  -0.00030924
  37    0.0001413  -0.00036492
  38    0.0000478  -0.00011442
  39    0.0000520  -0.00012191
  40    0.0000001  -0.00001155
  41    0.0000792  -0.00028217
  42    0.0001073  -0.00030872
  43    0.0000341  -0.00010846
  44    0.0000372  -0.00010989
  45    0.0000001  -0.00000071
  46    0.0000512  -0.00018357
  47    0.0000509  -0.00017090
  48    0.0000280  -0.00008226
  49    0.0000314  -0.00008748
  50    0.0000001  -0.00000075
  51    0.0000165  -0.00004809
  52    0.0000349  -0.00006683
  53    0.0000143  -0.00005819
  54    0.0000172  -0.00005952
  55    0.0000001  -0.00000059
  56    0.0000092  -0.00003041
  57    0.0000182  -0.00005558
  58    0.0000105  -0.00004657
  59    0.0000137  -0.00005689
  60    0.0000001  -0.00000052
  61    0.0000074  -0.00003271
  62    0.0000118  -0.00003573
  63    0.0000070  -0.00003395
  64    0.0000083  -0.00003814
  65    0.0000001  -0.00000057
  66    0.0000059  -0.00002738
  67    0.0000077  -0.00003307
  68    0.0000067  -0.00003677
  69    0.0000057  -0.00003277
  70    0.0000001  -0.00000049
  71    0.0000051  -0.00002279
  72    0.0000067  -0.00003201
  73    0.0000059  -0.00002311
  74    0.0000051  -0.00002141
  75    0.0000001  -0.00000053
  76    0.0000044  -0.00002342
  77    0.0000061  -0.00002554
  78    0.0000048  -0.00002038
  79    0.0000042  -0.00002009
  80    0.0000001  -0.00000051
  81    0.0000031  -0.00001707
  82    0.0000048  -0.00002457
  83    0.0000040  -0.00001713
  84    0.0000037  -0.00001722
  85    0.0000001  -0.00000044
  86    0.0000026  -0.00001078
  87    0.0000045  -0.00001947
  88    0.0000031  -0.00001278
  89    0.0000035  -0.00001050
  90    0.0000001  -0.00000048
  91    0.0000022  -0.00000596
  92    0.0000038  -0.00001180
  93    0.0000025  -0.00000915
  94    0.0000021  -0.00000800
  95    0.0000001  -0.00000045
  96    0.0000020  -0.00000639
  97    0.0000029  -0.00001393
  98    0.0000022  -0.00000687
  99    0.0000017  -0.00000618
 100    0.0000001  -0.00000046
 101    0.0000015  -0.00000231
 102    0.0000023  -0.00000689
 103    0.0000018  -0.00000607
 104    0.0000016  -0.00000493
 105    0.0000001  -0.00000042
 106    0.0000014  -0.00000081
 107    0.0000020  -0.00000469
 108    0.0000016  -0.00000443
 109    0.0000015  -0.00000317
 110    0.0000001  -0.00000050
 111    0.0000011  -0.00000112
 112    0.0000016  -0.00000210
 113    0.0000014  -0.00000232
 114    0.0000010  -0.00000233
 115    0.0000001  -0.00000040
 
----------------
 Final Energies 
----------------
Final NOF Total Energy =     -76.2017070
 
Total Orbital Internal Iterations = 340
Total Occupation Internal Iterations = 154
 
Elapsed time:   62.21 Seconds

---------------------------------
   Lowdin Population Analysis    
---------------------------------
 Idx  Atom   Population   Charge 
---------------------------------
  1     O     7.338       0.662
  2     H     1.331      -0.331
  3     H     1.331      -0.331

---------------------------------
   M Diagnostic: 0.03
---------------------------------

