Computing Integrals
Basis Set                                            = def2-qzvp
Auxiliary Basis Set                                  = def2-universal-jkfit
Gaussian Type                                        = Spherical
Elapsed time:    1.67 Seconds

Number of basis functions                   (NBF)    = 70
Number of auxiliary basis functions         (NBFAUX) = 128
Inactive Doubly occupied orbitals up to     (NO1)    = 0
No. considered Strongly Doubly occupied MOs (NDOC)   = 9
No. considered Strongly Singly occupied MOs (NSOC)   = 0
NO. of Weakly occ. per St. Doubly occ.  MOs (NCWO)   = 6
Dimension of the Nat. Orb. subspace         (NBF5)   = 63
No. of electrons                                     = 18
    No. of alpha electrons                           = 9
    No. of beta electrons                            = 9
Multiplicity                                         = 1

Geometry
========
Cl       0.0000000       0.0000000       0.0000000

No violations of the orthonormality
No violations of the orthonormality
 
PNOF7/ADABelief Calculation
==================
 
  Nitext  Nit_orb  Time   Nit_occ  Time         Eelec          Etot           Ediff      maxdiff    MaxGrad_orb  Grad_occ
     1      10    9.0e+00    0    1.2e+01  -459.69879758  -459.69879758 -10458.69879758   0.000094   3.7e-04   1.4e-04 0.03
 
RESULTS OF THE OCCUPATION OPTIMIZATION
========================================
   1    1.9999232  -96.86040405
   2    1.9999691  -17.83483313
   3    1.9995467  -7.72124110
   4    1.9994182  -7.72012252
   5    1.9993985  -7.69789677
   6    1.9796461  -0.38379280
   7    1.9705873  -0.32468369
   8    1.9631994  -0.30210820
   9    1.9593837  -0.25887657
  10    0.0175075  -0.00738826
  11    0.0152002  -0.00711190
  12    0.0166399  -0.00764825
  13    0.0171202  -0.00813571
  14    0.0002404  -0.00271821
  15    0.0002381  -0.00275181
  16    0.0002414  -0.00276872
  17    0.0000274  -0.00038914
  18    0.0000490  -0.00835102
  19    0.0118973  -0.00515744
  20    0.0107900  -0.00525881
  21    0.0108838  -0.00527254
  22    0.0009283  -0.00098880
  23    0.0002108  -0.00236626
  24    0.0001940  -0.00211009
  25    0.0002019  -0.00216600
  26    0.0000013  -0.00001590
  27    0.0000092  -0.00104057
  28    0.0102218  -0.00458634
  29    0.0099733  -0.00490127
  30    0.0007860  -0.00083392
  31    0.0007482  -0.00082724
  32    0.0001429  -0.00155905
  33    0.0001408  -0.00155139
  34    0.0000039  -0.00004353
  35    0.0000007  -0.00001131
  36    0.0000088  -0.00100766
  37    0.0005323  -0.00053939
  38    0.0005823  -0.00057759
  39    0.0006083  -0.00064002
  40    0.0006212  -0.00066738
  41    0.0000032  -0.00004211
  42    0.0000048  -0.00004640
  43    0.0000031  -0.00002846
  44    0.0000005  -0.00000969
  45    0.0000084  -0.00097334
  46    0.0003188  -0.00033352
  47    0.0002083  -0.00023314
  48    0.0003547  -0.00038299
  49    0.0004791  -0.00055898
  50    0.0000024  -0.00002550
  51    0.0000025  -0.00002523
  52    0.0000016  -0.00001774
  53    0.0000005  -0.00000927
  54    0.0000012  -0.00041886
  55    0.0001386  -0.00013657
  56    0.0000465  -0.00008005
  57    0.0001400  -0.00021329
  58    0.0004569  -0.00052117
  59    0.0000019  -0.00001843
  60    0.0000016  -0.00001675
  61    0.0000013  -0.00001536
  62    0.0000005  -0.00001613
  63    0.0000002  -0.00000574
 
----------------
 Final Energies 
----------------
Final NOF Total Energy =    -459.6987976
 
Total Orbital Internal Iterations = 10
Total Occupation Internal Iterations = 0
 
Elapsed time:   26.62 Seconds

---------------------------------
   Lowdin Population Analysis    
---------------------------------
 Idx  Atom   Population   Charge 
---------------------------------
  1    Cl    18.000      -1.000

---------------------------------
   M Diagnostic: 0.03
---------------------------------

