Computing Integrals
Basis Set                                            = def2-qzvp
Auxiliary Basis Set                                  = def2-universal-jkfit
Gaussian Type                                        = Spherical
Elapsed time:    2.66 Seconds

Number of basis functions                   (NBF)    = 217
Number of auxiliary basis functions         (NBFAUX) = 257
Inactive Doubly occupied orbitals up to     (NO1)    = 0
No. considered Strongly Doubly occupied MOs (NDOC)   = 13
No. considered Strongly Singly occupied MOs (NSOC)   = 0
NO. of Weakly occ. per St. Doubly occ.  MOs (NCWO)   = 15
Dimension of the Nat. Orb. subspace         (NBF5)   = 208
No. of electrons                                     = 26
    No. of alpha electrons                           = 13
    No. of beta electrons                            = 13
Multiplicity                                         = 1

Geometry
========
 C       0.0000000       0.0000000      -0.1499170
Cl       0.0000000       0.0000000       1.6328018
 H      -0.5139978      -0.8902703      -0.4942949
 H      -0.5139978       0.8902703      -0.4942949
 H       1.0279956       0.0000000      -0.4942949

Orthonormality violations 23398, Maximum Violation 0.000159
Trying to orthonormalize
No violations of the orthonormality
No violations of the orthonormality
 
PNOF7/ADABelief Calculation
==================
 
  Nitext  Nit_orb  Time   Nit_occ  Time         Eelec          Etot           Ediff      maxdiff    MaxGrad_orb  Grad_occ
     1      10    1.1e+01    0    1.2e+01  -550.78806539  -499.40967923 -10549.78806539   0.000100   4.0e-04   2.2e-04 0.06
 
RESULTS OF THE OCCUPATION OPTIMIZATION
========================================
   1    1.9999335  -101.96789817
   2    1.9998598  -11.79674748
   3    1.9992995  -11.27673821
   4    1.9997201  -9.66022048
   5    1.9994038  -8.02469055
   6    1.9992843  -8.02288531
   7    1.9864227  -0.83943717
   8    1.9688541  -0.72160926
   9    1.9687707  -0.72074599
  10    1.9687036  -0.72052136
  11    1.9373221  -0.67468777
  12    1.9673055  -0.62398036
  13    1.9558343  -0.55763440
  14    0.0137738  -0.00874454
  15    0.0124109  -0.00844053
  16    0.0601768  -0.03333733
  17    0.0216563  -0.01636140
  18    0.0215758  -0.01632295
  19    0.0214662  -0.01624654
  20    0.0095341  -0.00713629
  21    0.0002288  -0.00254271
  22    0.0002335  -0.00258286
  23    0.0002774  -0.00326936
  24    0.0004499  -0.00828397
  25    0.0001383  -0.00181202
  26    0.0000371  -0.00701983
  27    0.0124979  -0.00772652
  28    0.0118139  -0.00784538
  29    0.0009166  -0.00116876
  30    0.0044813  -0.00460328
  31    0.0044417  -0.00458400
  32    0.0044405  -0.00457707
  33    0.0011774  -0.00130049
  34    0.0002032  -0.00249158
  35    0.0002129  -0.00253878
  36    0.0000013  -0.00000763
  37    0.0000795  -0.00109339
  38    0.0000004  -0.00001195
  39    0.0000118  -0.00145130
  40    0.0110853  -0.00685556
  41    0.0071857  -0.00507097
  42    0.0006645  -0.00088377
  43    0.0024001  -0.00277073
  44    0.0024412  -0.00279527
  45    0.0024306  -0.00277942
  46    0.0007851  -0.00103659
  47    0.0001412  -0.00157674
  48    0.0001437  -0.00160289
  49    0.0000001  -0.00000212
  50    0.0000795  -0.00109312
  51    0.0000004  -0.00000340
  52    0.0000080  -0.00096792
  53    0.0065197  -0.00444632
  54    0.0005549  -0.00070906
  55    0.0006570  -0.00085472
  56    0.0019009  -0.00227990
  57    0.0019004  -0.00227733
  58    0.0019288  -0.00230112
  59    0.0006002  -0.00081891
  60    0.0001384  -0.00156648
  61    0.0000036  -0.00002015
  62    0.0000001  -0.00000092
  63    0.0000745  -0.00100788
  64    0.0000002  -0.00000179
  65    0.0000080  -0.00097456
  66    0.0000924  -0.00014562
  67    0.0003076  -0.00045134
  68    0.0000764  -0.00012231
  69    0.0001906  -0.00033138
  70    0.0001705  -0.00031277
  71    0.0001959  -0.00033850
  72    0.0005703  -0.00077869
  73    0.0000010  -0.00000630
  74    0.0000005  -0.00000421
  75    0.0000001  -0.00000080
  76    0.0000091  -0.00036337
  77    0.0000002  -0.00000143
  78    0.0000011  -0.00034067
  79    0.0000420  -0.00006579
  80    0.0001833  -0.00029745
  81    0.0000540  -0.00009696
  82    0.0001391  -0.00026244
  83    0.0001624  -0.00028679
  84    0.0001576  -0.00028586
  85    0.0003623  -0.00058602
  86    0.0000005  -0.00000464
  87    0.0000003  -0.00000298
  88    0.0000001  -0.00000073
  89    0.0000021  -0.00002294
  90    0.0000001  -0.00000105
  91    0.0000001  -0.00000106
  92    0.0000414  -0.00006941
  93    0.0000756  -0.00014211
  94    0.0000318  -0.00005482
  95    0.0001323  -0.00025457
  96    0.0001360  -0.00025610
  97    0.0001280  -0.00024544
  98    0.0001402  -0.00023526
  99    0.0000005  -0.00000456
 100    0.0000003  -0.00000266
 101    0.0000001  -0.00000071
 102    0.0000018  -0.00002116
 103    0.0000001  -0.00000097
 104    0.0000001  -0.00000076
 105    0.0000348  -0.00006005
 106    0.0000528  -0.00010107
 107    0.0000262  -0.00005287
 108    0.0001181  -0.00022716
 109    0.0001296  -0.00023404
 110    0.0001125  -0.00022237
 111    0.0001139  -0.00020899
 112    0.0000004  -0.00000373
 113    0.0000003  -0.00000253
 114    0.0000001  -0.00000072
 115    0.0000009  -0.00001378
 116    0.0000001  -0.00000076
 117    0.0000000  -0.00000039
 118    0.0000260  -0.00005365
 119    0.0000371  -0.00007519
 120    0.0000186  -0.00003693
 121    0.0000932  -0.00020192
 122    0.0000936  -0.00020298
 123    0.0000937  -0.00020001
 124    0.0000684  -0.00014601
 125    0.0000003  -0.00000309
 126    0.0000002  -0.00000227
 127    0.0000001  -0.00000062
 128    0.0000008  -0.00001118
 129    0.0000001  -0.00000072
 130    0.0000000  -0.00000034
 131    0.0000148  -0.00003386
 132    0.0000202  -0.00005075
 133    0.0000132  -0.00002855
 134    0.0000554  -0.00015179
 135    0.0000559  -0.00015149
 136    0.0000588  -0.00015284
 137    0.0000622  -0.00013158
 138    0.0000003  -0.00000252
 139    0.0000002  -0.00000147
 140    0.0000001  -0.00000057
 141    0.0000007  -0.00003190
 142    0.0000001  -0.00000057
 143    0.0000000  -0.00000029
 144    0.0000110  -0.00003011
 145    0.0000170  -0.00004232
 146    0.0000123  -0.00002799
 147    0.0000425  -0.00010369
 148    0.0000408  -0.00010254
 149    0.0000419  -0.00010223
 150    0.0000430  -0.00011499
 151    0.0000002  -0.00000223
 152    0.0000002  -0.00000145
 153    0.0000001  -0.00000052
 154    0.0000005  -0.00001131
 155    0.0000001  -0.00000050
 156    0.0000000  -0.00000029
 157    0.0000098  -0.00002094
 158    0.0000130  -0.00003734
 159    0.0000086  -0.00002299
 160    0.0000346  -0.00009138
 161    0.0000322  -0.00008995
 162    0.0000341  -0.00009168
 163    0.0000380  -0.00008655
 164    0.0000002  -0.00000224
 165    0.0000002  -0.00000134
 166    0.0000001  -0.00000054
 167    0.0000004  -0.00000512
 168    0.0000001  -0.00000046
 169    0.0000000  -0.00000023
 170    0.0000071  -0.00001229
 171    0.0000088  -0.00002433
 172    0.0000077  -0.00001707
 173    0.0000296  -0.00007924
 174    0.0000239  -0.00007392
 175    0.0000309  -0.00008110
 176    0.0000309  -0.00007637
 177    0.0000002  -0.00000178
 178    0.0000001  -0.00000106
 179    0.0000001  -0.00000054
 180    0.0000004  -0.00000483
 181    0.0000001  -0.00000046
 182    0.0000000  -0.00000021
 183    0.0000059  -0.00000963
 184    0.0000081  -0.00001617
 185    0.0000074  -0.00001366
 186    0.0000134  -0.00003973
 187    0.0000148  -0.00004140
 188    0.0000149  -0.00004122
 189    0.0000300  -0.00006811
 190    0.0000002  -0.00000186
 191    0.0000001  -0.00000100
 192    0.0000001  -0.00000049
 193    0.0000003  -0.00000381
 194    0.0000001  -0.00000044
 195    0.0000000  -0.00000021
 196    0.0000039  -0.00000833
 197    0.0000057  -0.00000812
 198    0.0000067  -0.00001169
 199    0.0000088  -0.00003038
 200    0.0000105  -0.00003425
 201    0.0000115  -0.00003658
 202    0.0000211  -0.00004770
 203    0.0000002  -0.00000172
 204    0.0000001  -0.00000099
 205    0.0000001  -0.00000048
 206    0.0000002  -0.00000351
 207    0.0000000  -0.00000038
 208    0.0000000  -0.00000022
 
----------------
 Final Energies 
----------------
Final NOF Total Energy =    -499.4096792
 
Total Orbital Internal Iterations = 10
Total Occupation Internal Iterations = 0
 
Elapsed time:   30.72 Seconds

---------------------------------
   Lowdin Population Analysis    
---------------------------------
 Idx  Atom   Population   Charge 
---------------------------------
  1     C     6.075      -0.075
  2    Cl    16.634       0.366
  3     H     1.097      -0.097
  4     H     1.097      -0.097
  5     H     1.097      -0.097

---------------------------------
   M Diagnostic: 0.06
---------------------------------

