Computing Integrals
Basis Set                                            = def2-qzvp
Auxiliary Basis Set                                  = def2-universal-jkfit
Gaussian Type                                        = Spherical
Elapsed time:    2.91 Seconds

Number of basis functions                   (NBF)    = 200
Number of auxiliary basis functions         (NBFAUX) = 292
Inactive Doubly occupied orbitals up to     (NO1)    = 0
No. considered Strongly Doubly occupied MOs (NDOC)   = 17
No. considered Strongly Singly occupied MOs (NSOC)   = 0
NO. of Weakly occ. per St. Doubly occ.  MOs (NCWO)   = 10
Dimension of the Nat. Orb. subspace         (NBF5)   = 187
No. of electrons                                     = 34
    No. of alpha electrons                           = 17
    No. of beta electrons                            = 17
Multiplicity                                         = 1

Geometry
========
 S      -0.0687310       1.0220312      -0.4834061
 S       0.0687310      -1.0220312      -0.4834061
 H       0.8386269       1.2863190       0.4675986
 H      -0.8386269      -1.2863190       0.4675986

No violations of the orthonormality
No violations of the orthonormality
 
PNOF7/ADABelief Calculation
==================
 
  Nitext  Nit_orb  Time   Nit_occ  Time         Eelec          Etot           Ediff      maxdiff    MaxGrad_orb  Grad_occ
     1      10    1.1e+01    0    1.2e+01  -881.95348699  -796.54438328 -10880.95348699   0.000483   1.9e-03   1.9e-04 0.04
 
RESULTS OF THE OCCUPATION OPTIMIZATION
========================================
   1    1.9999299  -82.96661944
   2    1.9999346  -82.87630348
   3    1.9999925  -18.10993925
   4    1.9999930  -18.02010596
   5    1.9991135  -6.67553116
   6    1.9992442  -6.67541649
   7    1.9993946  -6.67476776
   8    1.9994043  -6.67433591
   9    1.9991522  -6.67395546
  10    1.9992671  -6.67303187
  11    1.9847649  -0.83119397
  12    1.9750039  -0.74692190
  13    1.9745897  -0.74635583
  14    1.9500046  -0.56710428
  15    1.9472240  -0.54567128
  16    1.9501996  -0.54465307
  17    1.9474284  -0.51971568
  18    0.0206688  -0.01097027
  19    0.0226169  -0.01194757
  20    0.0302250  -0.01504431
  21    0.0340781  -0.01701941
  22    0.0147426  -0.01119457
  23    0.0145157  -0.01106910
  24    0.0091223  -0.00733564
  25    0.0003287  -0.00359787
  26    0.0003122  -0.00348052
  27    0.0003716  -0.00391046
  28    0.0003879  -0.00400359
  29    0.0003539  -0.00377699
  30    0.0003455  -0.00372085
  31    0.0000029  -0.00003841
  32    0.0000020  -0.00002606
  33    0.0000583  -0.00844272
  34    0.0000581  -0.00843890
  35    0.0174564  -0.00954340
  36    0.0157757  -0.00907899
  37    0.0135627  -0.00818078
  38    0.0104235  -0.00672105
  39    0.0053515  -0.00478060
  40    0.0051253  -0.00461956
  41    0.0022747  -0.00221398
  42    0.0002180  -0.00198851
  43    0.0002137  -0.00196444
  44    0.0002107  -0.00192024
  45    0.0002071  -0.00190711
  46    0.0002096  -0.00193050
  47    0.0002045  -0.00189163
  48    0.0000007  -0.00000597
  49    0.0000013  -0.00001000
  50    0.0000052  -0.00049915
  51    0.0000053  -0.00050932
  52    0.0123148  -0.00715105
  53    0.0101567  -0.00645200
  54    0.0078370  -0.00507750
  55    0.0040737  -0.00311906
  56    0.0027189  -0.00291811
  57    0.0028314  -0.00299787
  58    0.0016414  -0.00174343
  59    0.0001562  -0.00144844
  60    0.0001580  -0.00146845
  61    0.0000036  -0.00003279
  62    0.0000033  -0.00003317
  63    0.0001598  -0.00147939
  64    0.0001558  -0.00145413
  65    0.0000006  -0.00000480
  66    0.0000009  -0.00000675
  67    0.0000016  -0.00044626
  68    0.0000047  -0.00044838
  69    0.0015312  -0.00129535
  70    0.0006015  -0.00066823
  71    0.0005291  -0.00060099
  72    0.0006305  -0.00068295
  73    0.0016760  -0.00197111
  74    0.0017637  -0.00204789
  75    0.0013310  -0.00150305
  76    0.0000195  -0.00033434
  77    0.0001532  -0.00143381
  78    0.0000030  -0.00002369
  79    0.0000025  -0.00002074
  80    0.0000193  -0.00033780
  81    0.0001495  -0.00141627
  82    0.0000005  -0.00000403
  83    0.0000007  -0.00000483
  84    0.0000001  -0.00000123
  85    0.0000016  -0.00044295
  86    0.0003138  -0.00031753
  87    0.0002771  -0.00033167
  88    0.0002415  -0.00030137
  89    0.0002658  -0.00034419
  90    0.0002837  -0.00040572
  91    0.0002328  -0.00035365
  92    0.0003219  -0.00046586
  93    0.0000029  -0.00002966
  94    0.0000032  -0.00002877
  95    0.0000018  -0.00001604
  96    0.0000011  -0.00000812
  97    0.0000035  -0.00003189
  98    0.0000189  -0.00033112
  99    0.0000005  -0.00000757
 100    0.0000006  -0.00000413
 101    0.0000000  -0.00000062
 102    0.0000002  -0.00000142
 103    0.0000834  -0.00012736
 104    0.0001171  -0.00016617
 105    0.0001443  -0.00023303
 106    0.0001941  -0.00029198
 107    0.0002508  -0.00037130
 108    0.0002254  -0.00035344
 109    0.0002159  -0.00034776
 110    0.0000024  -0.00001700
 111    0.0000021  -0.00001598
 112    0.0000013  -0.00001077
 113    0.0000009  -0.00000693
 114    0.0000030  -0.00002279
 115    0.0000039  -0.00003672
 116    0.0000004  -0.00000243
 117    0.0000005  -0.00000677
 118    0.0000000  -0.00000056
 119    0.0000001  -0.00000075
 120    0.0000696  -0.00010092
 121    0.0000891  -0.00012441
 122    0.0000753  -0.00011460
 123    0.0001422  -0.00018680
 124    0.0001390  -0.00021962
 125    0.0000916  -0.00018163
 126    0.0001272  -0.00023213
 127    0.0000021  -0.00001520
 128    0.0000020  -0.00001491
 129    0.0000012  -0.00000934
 130    0.0000008  -0.00000559
 131    0.0000020  -0.00001760
 132    0.0000031  -0.00002309
 133    0.0000004  -0.00000159
 134    0.0000004  -0.00000389
 135    0.0000000  -0.00000052
 136    0.0000000  -0.00000062
 137    0.0000496  -0.00008432
 138    0.0000709  -0.00010346
 139    0.0000692  -0.00011312
 140    0.0000840  -0.00013837
 141    0.0001084  -0.00018112
 142    0.0000813  -0.00015588
 143    0.0001195  -0.00021252
 144    0.0000014  -0.00001092
 145    0.0000015  -0.00001159
 146    0.0000012  -0.00000882
 147    0.0000006  -0.00000393
 148    0.0000017  -0.00001317
 149    0.0000024  -0.00001759
 150    0.0000003  -0.00000167
 151    0.0000004  -0.00000212
 152    0.0000000  -0.00000049
 153    0.0000000  -0.00000054
 154    0.0000470  -0.00006586
 155    0.0000604  -0.00009445
 156    0.0000505  -0.00008116
 157    0.0000553  -0.00009219
 158    0.0000738  -0.00013403
 159    0.0000669  -0.00015049
 160    0.0000470  -0.00008971
 161    0.0000012  -0.00000832
 162    0.0000014  -0.00001005
 163    0.0000009  -0.00000573
 164    0.0000006  -0.00000381
 165    0.0000017  -0.00001322
 166    0.0000016  -0.00001356
 167    0.0000003  -0.00000161
 168    0.0000004  -0.00000164
 169    0.0000000  -0.00000046
 170    0.0000000  -0.00000054
 171    0.0000370  -0.00005202
 172    0.0000351  -0.00005414
 173    0.0000415  -0.00006211
 174    0.0000481  -0.00007163
 175    0.0000656  -0.00015465
 176    0.0000620  -0.00013771
 177    0.0000343  -0.00007647
 178    0.0000006  -0.00000267
 179    0.0000006  -0.00000319
 180    0.0000006  -0.00000382
 181    0.0000005  -0.00000250
 182    0.0000013  -0.00000953
 183    0.0000013  -0.00000951
 184    0.0000003  -0.00000136
 185    0.0000003  -0.00000163
 186    0.0000000  -0.00000037
 187    0.0000000  -0.00000046
 
----------------
 Final Energies 
----------------
Final NOF Total Energy =    -796.5443833
 
Total Orbital Internal Iterations = 10
Total Occupation Internal Iterations = 0
 
Elapsed time:   29.33 Seconds

---------------------------------
   Lowdin Population Analysis    
---------------------------------
 Idx  Atom   Population   Charge 
---------------------------------
  1     S    15.726       0.274
  2     S    15.726       0.274
  3     H     1.274      -0.274
  4     H     1.274      -0.274

---------------------------------
   M Diagnostic: 0.04
---------------------------------

