Computing Integrals
Basis Set                                            = def2-qzvp
Auxiliary Basis Set                                  = def2-universal-jkfit
Gaussian Type                                        = Spherical
Elapsed time:    2.89 Seconds

Number of basis functions                   (NBF)    = 200
Number of auxiliary basis functions         (NBFAUX) = 292
Inactive Doubly occupied orbitals up to     (NO1)    = 0
No. considered Strongly Doubly occupied MOs (NDOC)   = 17
No. considered Strongly Singly occupied MOs (NSOC)   = 0
NO. of Weakly occ. per St. Doubly occ.  MOs (NCWO)   = 10
Dimension of the Nat. Orb. subspace         (NBF5)   = 187
No. of electrons                                     = 34
    No. of alpha electrons                           = 17
    No. of beta electrons                            = 17
Multiplicity                                         = 1

Geometry
========
 S       1.0572291       0.0000000      -0.6622784
 S      -1.0572291       0.0000000      -0.6622784
 H       1.2093176       0.0000000       0.6627105
 H      -1.2093176       0.0000000       0.6627105

Orthonormality violations 3508, Maximum Violation 0.000023
Trying to orthonormalize
No violations of the orthonormality
No violations of the orthonormality
 
PNOF7/ADABelief Calculation
==================
 
  Nitext  Nit_orb  Time   Nit_occ  Time         Eelec          Etot           Ediff      maxdiff    MaxGrad_orb  Grad_occ
     1      10    1.1e+01    0    1.2e+01  -879.96657824  -796.53307950 -10878.96657824   0.000097   3.9e-04   2.0e-04 0.12
 
RESULTS OF THE OCCUPATION OPTIMIZATION
========================================
   1    1.9999460  -91.07691071
   2    1.9999249  -83.19694321
   3    1.9999926  -17.76823868
   4    1.9996241  -8.12287737
   5    1.9996117  -8.08861104
   6    1.9992256  -6.98384178
   7    1.9990948  -6.71990870
   8    1.9993976  -6.67330740
   9    1.9991893  -6.67210665
  10    1.9991758  -6.66590319
  11    1.9773763  -0.78945429
  12    1.9630971  -0.74413278
  13    1.9662781  -0.62879575
  14    1.9649373  -0.60942943
  15    1.9529415  -0.58095309
  16    1.9549913  -0.57666584
  17    1.8782290  -0.53350699
  18    0.1192753  -0.04678573
  19    0.0223803  -0.01219145
  20    0.0242910  -0.01300474
  21    0.0138175  -0.00858718
  22    0.0122535  -0.00792924
  23    0.0270763  -0.01868904
  24    0.0113003  -0.00915589
  25    0.0002883  -0.00329276
  26    0.0004240  -0.00425551
  27    0.0003790  -0.00389979
  28    0.0003352  -0.00364041
  29    0.0003996  -0.00414802
  30    0.0003844  -0.00393747
  31    0.0003618  -0.00378745
  32    0.0000058  -0.00006325
  33    0.0000576  -0.00840951
  34    0.0000351  -0.00607651
  35    0.0013663  -0.00117687
  36    0.0116621  -0.00731769
  37    0.0122969  -0.00795187
  38    0.0117066  -0.00729127
  39    0.0108931  -0.00691963
  40    0.0063408  -0.00563357
  41    0.0059671  -0.00526115
  42    0.0002189  -0.00200078
  43    0.0002090  -0.00189301
  44    0.0002146  -0.00193727
  45    0.0002489  -0.00230541
  46    0.0002149  -0.00208297
  47    0.0000008  -0.00001140
  48    0.0000029  -0.00002949
  49    0.0000005  -0.00001186
  50    0.0000058  -0.00056540
  51    0.0000068  -0.00070810
  52    0.0005444  -0.00058467
  53    0.0090774  -0.00592157
  54    0.0087555  -0.00568398
  55    0.0072875  -0.00493042
  56    0.0065802  -0.00444038
  57    0.0015120  -0.00177657
  58    0.0028301  -0.00303031
  59    0.0001561  -0.00145466
  60    0.0001641  -0.00149072
  61    0.0000017  -0.00002020
  62    0.0001571  -0.00146731
  63    0.0001510  -0.00144307
  64    0.0000006  -0.00000420
  65    0.0000017  -0.00001694
  66    0.0000002  -0.00000149
  67    0.0000051  -0.00049616
  68    0.0000056  -0.00057746
  69    0.0003787  -0.00037863
  70    0.0007052  -0.00076528
  71    0.0007860  -0.00086439
  72    0.0008174  -0.00091789
  73    0.0025263  -0.00223848
  74    0.0012610  -0.00155619
  75    0.0015690  -0.00188130
  76    0.0001521  -0.00142814
  77    0.0000059  -0.00004455
  78    0.0000015  -0.00001454
  79    0.0001527  -0.00143637
  80    0.0000035  -0.00003151
  81    0.0000004  -0.00000303
  82    0.0000016  -0.00001521
  83    0.0000001  -0.00000124
  84    0.0000045  -0.00043023
  85    0.0000050  -0.00051404
  86    0.0000590  -0.00007618
  87    0.0005592  -0.00064000
  88    0.0004434  -0.00052491
  89    0.0006406  -0.00072846
  90    0.0006466  -0.00074791
  91    0.0002357  -0.00036160
  92    0.0002777  -0.00040554
  93    0.0000022  -0.00002243
  94    0.0000028  -0.00002594
  95    0.0000013  -0.00001309
  96    0.0000038  -0.00003430
  97    0.0000022  -0.00001912
  98    0.0000004  -0.00000360
  99    0.0000015  -0.00001420
 100    0.0000001  -0.00000120
 101    0.0000016  -0.00043825
 102    0.0000011  -0.00028994
 103    0.0000400  -0.00007022
 104    0.0002697  -0.00037452
 105    0.0001800  -0.00025655
 106    0.0003238  -0.00042722
 107    0.0004973  -0.00062326
 108    0.0001297  -0.00022252
 109    0.0002473  -0.00038316
 110    0.0000020  -0.00001783
 111    0.0000018  -0.00001659
 112    0.0000011  -0.00001007
 113    0.0000023  -0.00002066
 114    0.0000009  -0.00000811
 115    0.0000004  -0.00000322
 116    0.0000014  -0.00001356
 117    0.0000001  -0.00000099
 118    0.0000002  -0.00000138
 119    0.0000002  -0.00000136
 120    0.0000339  -0.00006458
 121    0.0001284  -0.00019020
 122    0.0001060  -0.00015680
 123    0.0001678  -0.00021081
 124    0.0001253  -0.00018511
 125    0.0001064  -0.00018983
 126    0.0001589  -0.00027427
 127    0.0000018  -0.00001650
 128    0.0000010  -0.00000981
 129    0.0000009  -0.00000828
 130    0.0000016  -0.00001617
 131    0.0000008  -0.00000731
 132    0.0000003  -0.00000196
 133    0.0000014  -0.00001356
 134    0.0000001  -0.00000107
 135    0.0000001  -0.00000074
 136    0.0000001  -0.00000096
 137    0.0000297  -0.00005511
 138    0.0001132  -0.00015522
 139    0.0000891  -0.00012715
 140    0.0001487  -0.00020010
 141    0.0000929  -0.00013893
 142    0.0000911  -0.00016739
 143    0.0001005  -0.00018770
 144    0.0000014  -0.00001238
 145    0.0000009  -0.00000865
 146    0.0000008  -0.00000677
 147    0.0000015  -0.00001434
 148    0.0000006  -0.00000442
 149    0.0000003  -0.00000183
 150    0.0000013  -0.00001068
 151    0.0000001  -0.00000092
 152    0.0000001  -0.00000066
 153    0.0000001  -0.00000082
 154    0.0000228  -0.00004399
 155    0.0000668  -0.00010997
 156    0.0000681  -0.00011469
 157    0.0000866  -0.00014417
 158    0.0000698  -0.00011771
 159    0.0000828  -0.00015524
 160    0.0000921  -0.00017947
 161    0.0000008  -0.00000741
 162    0.0000007  -0.00000417
 163    0.0000008  -0.00000516
 164    0.0000011  -0.00001023
 165    0.0000005  -0.00000376
 166    0.0000003  -0.00000158
 167    0.0000012  -0.00001009
 168    0.0000001  -0.00000096
 169    0.0000000  -0.00000051
 170    0.0000000  -0.00000056
 171    0.0000208  -0.00004370
 172    0.0000464  -0.00008828
 173    0.0000426  -0.00008471
 174    0.0000662  -0.00011170
 175    0.0000370  -0.00007538
 176    0.0000669  -0.00015015
 177    0.0000808  -0.00016429
 178    0.0000007  -0.00000523
 179    0.0000006  -0.00000366
 180    0.0000007  -0.00000498
 181    0.0000010  -0.00000817
 182    0.0000004  -0.00000206
 183    0.0000003  -0.00000164
 184    0.0000011  -0.00001164
 185    0.0000001  -0.00000081
 186    0.0000000  -0.00000043
 187    0.0000000  -0.00000046
 
----------------
 Final Energies 
----------------
Final NOF Total Energy =    -796.5330795
 
Total Orbital Internal Iterations = 10
Total Occupation Internal Iterations = 0
 
Elapsed time:   30.69 Seconds

---------------------------------
   Lowdin Population Analysis    
---------------------------------
 Idx  Atom   Population   Charge 
---------------------------------
  1     S    15.718       0.282
  2     S    15.718       0.282
  3     H     1.282      -0.282
  4     H     1.282      -0.282

---------------------------------
   M Diagnostic: 0.12
---------------------------------

