Computing Integrals
Basis Set                                            = def2-qzvp
Auxiliary Basis Set                                  = def2-universal-jkfit
Gaussian Type                                        = Spherical
Elapsed time:    1.67 Seconds

Number of basis functions                   (NBF)    = 114
Number of auxiliary basis functions         (NBFAUX) = 154
Inactive Doubly occupied orbitals up to     (NO1)    = 0
No. considered Strongly Doubly occupied MOs (NDOC)   = 7
No. considered Strongly Singly occupied MOs (NSOC)   = 1
NO. of Weakly occ. per St. Doubly occ.  MOs (NCWO)   = 15
Dimension of the Nat. Orb. subspace         (NBF5)   = 113
No. of electrons                                     = 15
    No. of alpha electrons                           = 8
    No. of beta electrons                            = 7
Multiplicity                                         = 2

Geometry
========
 N       0.0000000       0.0000000       0.5729836
 O       0.0000000       0.0000000      -0.5729836

No violations of the orthonormality
No violations of the orthonormality
 
PNOF7/ADABelief Calculation
==================
 
  Nitext  Nit_orb  Time   Nit_occ  Time         Eelec          Etot           Ediff      maxdiff    MaxGrad_orb  Grad_occ
     1      10    1.0e+01    0    1.2e+01  -155.40272578  -129.54346732 -10154.40272578   0.000787   3.1e-03   2.0e-04 0.20
 
RESULTS OF THE OCCUPATION OPTIMIZATION
========================================
   1    1.9997224  -20.69716532
   2    1.9995217  -15.67462787
   3    1.9746955  -1.34344538
   4    1.9806004  -0.96903707
   5    1.9751906  -0.87285841
   6    1.9691203  -0.82446563
   7    1.8029242  -0.66689641
   8    1.0000000  -0.24825720
   9    0.1940439  -0.09742011
  10    0.0175132  -0.01210453
  11    0.0141403  -0.01101474
  12    0.0135968  -0.01192433
  13    0.0212888  -0.02680300
  14    0.0003196  -0.00801706
  15    0.0002297  -0.00767840
  16    0.0027956  -0.00267251
  17    0.0030089  -0.00325359
  18    0.0036398  -0.00362619
  19    0.0022477  -0.00320289
  20    0.0026529  -0.00481913
  21    0.0000525  -0.00095863
  22    0.0000344  -0.00080283
  23    0.0001077  -0.00021508
  24    0.0029913  -0.00328256
  25    0.0029962  -0.00351076
  26    0.0018809  -0.00280877
  27    0.0004708  -0.00123318
  28    0.0000508  -0.00089599
  29    0.0000045  -0.00025852
  30    0.0000375  -0.00003038
  31    0.0026399  -0.00288445
  32    0.0027595  -0.00319029
  33    0.0006530  -0.00124108
  34    0.0003852  -0.00105091
  35    0.0000412  -0.00072503
  36    0.0000026  -0.00009549
  37    0.0000247  -0.00002972
  38    0.0017467  -0.00230646
  39    0.0004112  -0.00077245
  40    0.0002534  -0.00054344
  41    0.0001695  -0.00045645
  42    0.0000071  -0.00033549
  43    0.0000010  -0.00002583
  44    0.0000222  -0.00003388
  45    0.0015349  -0.00209771
  46    0.0002146  -0.00044637
  47    0.0002282  -0.00055505
  48    0.0001251  -0.00036827
  49    0.0000018  -0.00003239
  50    0.0000009  -0.00002264
  51    0.0000158  -0.00001557
  52    0.0008906  -0.00106668
  53    0.0001772  -0.00040647
  54    0.0001790  -0.00044512
  55    0.0000609  -0.00025007
  56    0.0000011  -0.00002363
  57    0.0000007  -0.00001787
  58    0.0000052  -0.00002182
  59    0.0001620  -0.00034035
  60    0.0001439  -0.00034806
  61    0.0001179  -0.00031599
  62    0.0000581  -0.00024079
  63    0.0000009  -0.00002010
  64    0.0000006  -0.00001586
  65    0.0000049  -0.00002182
  66    0.0001348  -0.00028859
  67    0.0001436  -0.00034027
  68    0.0000833  -0.00022827
  69    0.0000255  -0.00011370
  70    0.0000007  -0.00001308
  71    0.0000006  -0.00001115
  72    0.0000043  -0.00001977
  73    0.0000763  -0.00020271
  74    0.0000950  -0.00024189
  75    0.0000610  -0.00020179
  76    0.0000181  -0.00008280
  77    0.0000006  -0.00001149
  78    0.0000005  -0.00000910
  79    0.0000032  -0.00001893
  80    0.0000635  -0.00018285
  81    0.0000456  -0.00017005
  82    0.0000421  -0.00014121
  83    0.0000135  -0.00005579
  84    0.0000005  -0.00000959
  85    0.0000005  -0.00000668
  86    0.0000032  -0.00001887
  87    0.0000469  -0.00016243
  88    0.0000126  -0.00005470
  89    0.0000209  -0.00008496
  90    0.0000108  -0.00005121
  91    0.0000005  -0.00000805
  92    0.0000004  -0.00000515
  93    0.0000028  -0.00001782
  94    0.0000301  -0.00010780
  95    0.0000120  -0.00005661
  96    0.0000144  -0.00006408
  97    0.0000092  -0.00004512
  98    0.0000004  -0.00001107
  99    0.0000004  -0.00000512
 100    0.0000025  -0.00001592
 101    0.0000212  -0.00008457
 102    0.0000091  -0.00004635
 103    0.0000111  -0.00005539
 104    0.0000086  -0.00004769
 105    0.0000004  -0.00000289
 106    0.0000004  -0.00000646
 107    0.0000022  -0.00001472
 108    0.0000196  -0.00007592
 109    0.0000087  -0.00004442
 110    0.0000097  -0.00004761
 111    0.0000076  -0.00003835
 112    0.0000003  -0.00001931
 113    0.0000002  -0.00001514
 
----------------
 Final Energies 
----------------
Final NOF Total Energy =    -129.5434673
 
Total Orbital Internal Iterations = 10
Total Occupation Internal Iterations = 0
 
Elapsed time:   28.07 Seconds

---------------------------------
   Lowdin Population Analysis    
---------------------------------
 Idx  Atom   Population   Charge 
---------------------------------
  1     N     7.158      -0.158
  2     O     7.842       0.158

---------------------------------
   M Diagnostic: 0.20
---------------------------------

