Computing Integrals
Basis Set                                            = def2-qzvp
Auxiliary Basis Set                                  = def2-universal-jkfit
Gaussian Type                                        = Spherical
Elapsed time:    1.61 Seconds

Number of basis functions                   (NBF)    = 114
Number of auxiliary basis functions         (NBFAUX) = 154
Inactive Doubly occupied orbitals up to     (NO1)    = 0
No. considered Strongly Doubly occupied MOs (NDOC)   = 7
No. considered Strongly Singly occupied MOs (NSOC)   = 2
NO. of Weakly occ. per St. Doubly occ.  MOs (NCWO)   = 15
Dimension of the Nat. Orb. subspace         (NBF5)   = 114
No. of electrons                                     = 16
    No. of alpha electrons                           = 9
    No. of beta electrons                            = 7
Multiplicity                                         = 3

Geometry
========
 N       0.0000000       0.0000000       0.6348700
 O       0.0000000       0.0000000      -0.6348700

Orthonormality violations 2, Maximum Violation 0.000001
Trying to orthonormalize
No violations of the orthonormality
No violations of the orthonormality
 
PNOF7/ADABelief Calculation
==================
 
  Nitext  Nit_orb  Time   Nit_occ  Time         Eelec          Etot           Ediff      maxdiff    MaxGrad_orb  Grad_occ
     1      10    1.0e+01    0    1.2e+01  -152.86153239  -129.52300253 -10151.86153239   0.000099   4.0e-04   1.3e-04 0.05
 
RESULTS OF THE OCCUPATION OPTIMIZATION
========================================
   1    1.9997138  -20.28275824
   2    1.9994890  -15.30342938
   3    1.9568553  -0.74978642
   4    1.9747752  -0.55886192
   5    1.9742873  -0.55157455
   6    1.9546114  -0.50932303
   7    1.9484516  -0.29578090
   8    1.0000000  -0.08856930
   9    1.0000000  -0.08456914
  10    0.0337967  -0.00851430
  11    0.0250550  -0.01156515
  12    0.0200669  -0.01179891
  13    0.0198270  -0.01176803
  14    0.0384967  -0.03098873
  15    0.0003431  -0.00836908
  16    0.0002407  -0.00787225
  17    0.0106631  -0.00377139
  18    0.0069369  -0.00380948
  19    0.0023429  -0.00262548
  20    0.0023073  -0.00261869
  21    0.0031260  -0.00403221
  22    0.0000590  -0.00103799
  23    0.0000356  -0.00082204
  24    0.0057291  -0.00312301
  25    0.0036246  -0.00318816
  26    0.0016121  -0.00195623
  27    0.0013577  -0.00173394
  28    0.0005468  -0.00113450
  29    0.0000491  -0.00082552
  30    0.0000045  -0.00026854
  31    0.0005992  -0.00053876
  32    0.0034218  -0.00309650
  33    0.0007868  -0.00117820
  34    0.0007861  -0.00117773
  35    0.0003644  -0.00082585
  36    0.0000421  -0.00070966
  37    0.0000008  -0.00002094
  38    0.0002645  -0.00033188
  39    0.0021510  -0.00218004
  40    0.0002410  -0.00045818
  41    0.0002224  -0.00048439
  42    0.0001971  -0.00043643
  43    0.0000077  -0.00035311
  44    0.0000006  -0.00001789
  45    0.0001829  -0.00030922
  46    0.0019848  -0.00210391
  47    0.0002132  -0.00046641
  48    0.0002176  -0.00048146
  49    0.0001927  -0.00042346
  50    0.0000019  -0.00003981
  51    0.0000006  -0.00001728
  52    0.0001389  -0.00026704
  53    0.0013553  -0.00151282
  54    0.0001694  -0.00036247
  55    0.0001569  -0.00035579
  56    0.0000937  -0.00027342
  57    0.0000016  -0.00003529
  58    0.0000006  -0.00001126
  59    0.0000808  -0.00018764
  60    0.0001783  -0.00034207
  61    0.0001406  -0.00031693
  62    0.0001415  -0.00033442
  63    0.0000563  -0.00019755
  64    0.0000015  -0.00003188
  65    0.0000005  -0.00000950
  66    0.0000228  -0.00005613
  67    0.0001652  -0.00029642
  68    0.0000641  -0.00023156
  69    0.0001111  -0.00027367
  70    0.0000162  -0.00006047
  71    0.0000012  -0.00002240
  72    0.0000004  -0.00000852
  73    0.0000137  -0.00004595
  74    0.0001371  -0.00026785
  75    0.0000260  -0.00009251
  76    0.0000368  -0.00010921
  77    0.0000147  -0.00005022
  78    0.0000010  -0.00002011
  79    0.0000004  -0.00000718
  80    0.0000122  -0.00004186
  81    0.0001229  -0.00024836
  82    0.0000149  -0.00006848
  83    0.0000178  -0.00007583
  84    0.0000094  -0.00004105
  85    0.0000007  -0.00001296
  86    0.0000004  -0.00000690
  87    0.0000118  -0.00003494
  88    0.0001071  -0.00020183
  89    0.0000119  -0.00005737
  90    0.0000130  -0.00006214
  91    0.0000085  -0.00004090
  92    0.0000007  -0.00001208
  93    0.0000003  -0.00000517
  94    0.0000116  -0.00003662
  95    0.0000819  -0.00016777
  96    0.0000112  -0.00005102
  97    0.0000111  -0.00004857
  98    0.0000080  -0.00003915
  99    0.0000006  -0.00001171
 100    0.0000003  -0.00000612
 101    0.0000111  -0.00003227
 102    0.0000555  -0.00014308
 103    0.0000094  -0.00004652
 104    0.0000096  -0.00004685
 105    0.0000077  -0.00004038
 106    0.0000005  -0.00002019
 107    0.0000002  -0.00000390
 108    0.0000100  -0.00003711
 109    0.0000113  -0.00005823
 110    0.0000023  -0.00002749
 111    0.0000088  -0.00004321
 112    0.0000067  -0.00003415
 113    0.0000003  -0.00001683
 114    0.0000002  -0.00001509
 
----------------
 Final Energies 
----------------
Final NOF Total Energy =    -129.5230025
 
Total Orbital Internal Iterations = 10
Total Occupation Internal Iterations = 0
 
Elapsed time:   28.94 Seconds

---------------------------------
   Lowdin Population Analysis    
---------------------------------
 Idx  Atom   Population   Charge 
---------------------------------
  1     N     7.602      -0.602
  2     O     8.398      -0.398

---------------------------------
   M Diagnostic: 0.05
---------------------------------

