Computing Integrals
Basis Set                                            = def2-qzvp
Auxiliary Basis Set                                  = def2-universal-jkfit
Gaussian Type                                        = Spherical
Elapsed time:    1.66 Seconds

Number of basis functions                   (NBF)    = 114
Number of auxiliary basis functions         (NBFAUX) = 154
Inactive Doubly occupied orbitals up to     (NO1)    = 0
No. considered Strongly Doubly occupied MOs (NDOC)   = 7
No. considered Strongly Singly occupied MOs (NSOC)   = 0
NO. of Weakly occ. per St. Doubly occ.  MOs (NCWO)   = 15
Dimension of the Nat. Orb. subspace         (NBF5)   = 112
No. of electrons                                     = 14
    No. of alpha electrons                           = 7
    No. of beta electrons                            = 7
Multiplicity                                         = 1

Geometry
========
 N       0.0000000       0.0000000      -0.5454291
 N       0.0000000       0.0000000       0.5454291

Orthonormality violations 1521, Maximum Violation 0.000054
Trying to orthonormalize
No violations of the orthonormality
No violations of the orthonormality
 
PNOF7/ADABelief Calculation
==================
 
  Nitext  Nit_orb  Time   Nit_occ  Time         Eelec          Etot           Ediff      maxdiff    MaxGrad_orb  Grad_occ
     1      10    9.9e+00    0    1.2e+01  -132.97441314  -109.20447794 -10131.97441314   0.000098   3.9e-04   1.9e-04 0.14
 
RESULTS OF THE OCCUPATION OPTIMIZATION
========================================
   1    1.9995453  -15.64788059
   2    1.9995610  -15.64702519
   3    1.9824959  -1.37041647
   4    1.9772026  -0.78446277
   5    1.9773397  -0.78442359
   6    1.8647980  -0.63321033
   7    1.8619203  -0.63123075
   8    0.1351144  -0.06521028
   9    0.1285017  -0.06271802
  10    0.0150368  -0.01138240
  11    0.0148037  -0.01120198
  12    0.0116050  -0.01583243
  13    0.0002975  -0.00768095
  14    0.0002953  -0.00765236
  15    0.0026558  -0.00246124
  16    0.0036271  -0.00299051
  17    0.0020541  -0.00255955
  18    0.0020090  -0.00243926
  19    0.0028343  -0.00497339
  20    0.0000441  -0.00080000
  21    0.0000529  -0.00092806
  22    0.0001379  -0.00019554
  23    0.0028462  -0.00272081
  24    0.0018179  -0.00233982
  25    0.0017452  -0.00223156
  26    0.0021039  -0.00365590
  27    0.0000441  -0.00080315
  28    0.0000502  -0.00088890
  29    0.0001187  -0.00017256
  30    0.0000792  -0.00013565
  31    0.0012449  -0.00179480
  32    0.0012372  -0.00178942
  33    0.0003937  -0.00103977
  34    0.0000418  -0.00073600
  35    0.0000430  -0.00080861
  36    0.0000134  -0.00003890
  37    0.0000384  -0.00004732
  38    0.0008440  -0.00131389
  39    0.0008633  -0.00118185
  40    0.0001737  -0.00045034
  41    0.0000061  -0.00030356
  42    0.0000060  -0.00030007
  43    0.0000081  -0.00002638
  44    0.0000358  -0.00004472
  45    0.0008166  -0.00127936
  46    0.0007724  -0.00114790
  47    0.0001146  -0.00035546
  48    0.0000012  -0.00002406
  49    0.0000022  -0.00002953
  50    0.0000054  -0.00002049
  51    0.0000256  -0.00000861
  52    0.0002949  -0.00045786
  53    0.0005949  -0.00091182
  54    0.0000751  -0.00026071
  55    0.0000007  -0.00001671
  56    0.0000011  -0.00002098
  57    0.0000047  -0.00001876
  58    0.0000178  -0.00002797
  59    0.0001276  -0.00025134
  60    0.0003834  -0.00062229
  61    0.0000711  -0.00025663
  62    0.0000007  -0.00001534
  63    0.0000009  -0.00001713
  64    0.0000040  -0.00001778
  65    0.0000061  -0.00001932
  66    0.0001135  -0.00024732
  67    0.0001091  -0.00024762
  68    0.0000396  -0.00018961
  69    0.0000006  -0.00001510
  70    0.0000007  -0.00001589
  71    0.0000035  -0.00001611
  72    0.0000056  -0.00001938
  73    0.0000946  -0.00022457
  74    0.0000926  -0.00023408
  75    0.0000281  -0.00016729
  76    0.0000005  -0.00000667
  77    0.0000006  -0.00001093
  78    0.0000032  -0.00001682
  79    0.0000047  -0.00001840
  80    0.0000656  -0.00017776
  81    0.0000578  -0.00017874
  82    0.0000202  -0.00008707
  83    0.0000004  -0.00001562
  84    0.0000005  -0.00001087
  85    0.0000030  -0.00001376
  86    0.0000041  -0.00001687
  87    0.0000539  -0.00015213
  88    0.0000390  -0.00012499
  89    0.0000140  -0.00007816
  90    0.0000004  -0.00000365
  91    0.0000004  -0.00000591
  92    0.0000027  -0.00001353
  93    0.0000038  -0.00001452
  94    0.0000422  -0.00012114
  95    0.0000342  -0.00011096
  96    0.0000124  -0.00006807
  97    0.0000003  -0.00000286
  98    0.0000004  -0.00000409
  99    0.0000026  -0.00001027
 100    0.0000031  -0.00001313
 101    0.0000311  -0.00010445
 102    0.0000312  -0.00010149
 103    0.0000101  -0.00004916
 104    0.0000003  -0.00000278
 105    0.0000004  -0.00000453
 106    0.0000021  -0.00000959
 107    0.0000027  -0.00001243
 108    0.0000225  -0.00008560
 109    0.0000243  -0.00008119
 110    0.0000082  -0.00004314
 111    0.0000003  -0.00001231
 112    0.0000003  -0.00001668
 
----------------
 Final Energies 
----------------
Final NOF Total Energy =    -109.2044779
 
Total Orbital Internal Iterations = 10
Total Occupation Internal Iterations = 0
 
Elapsed time:   29.03 Seconds

---------------------------------
   Lowdin Population Analysis    
---------------------------------
 Idx  Atom   Population   Charge 
---------------------------------
  1     N     7.000      -0.000
  2     N     7.000       0.000

---------------------------------
   M Diagnostic: 0.14
---------------------------------

