Computing Integrals
Basis Set                                            = def2-qzvp
Auxiliary Basis Set                                  = def2-universal-jkfit
Gaussian Type                                        = Spherical
Elapsed time:    2.12 Seconds

Number of basis functions                   (NBF)    = 127
Number of auxiliary basis functions         (NBFAUX) = 205
Inactive Doubly occupied orbitals up to     (NO1)    = 0
No. considered Strongly Doubly occupied MOs (NDOC)   = 13
No. considered Strongly Singly occupied MOs (NSOC)   = 0
NO. of Weakly occ. per St. Doubly occ.  MOs (NCWO)   = 8
Dimension of the Nat. Orb. subspace         (NBF5)   = 117
No. of electrons                                     = 26
    No. of alpha electrons                           = 13
    No. of beta electrons                            = 13
Multiplicity                                         = 1

Geometry
========
Cl       0.0000000       0.0000000       0.5629020
 F       0.0000000       0.0000000      -1.0632600

Orthonormality violations 701, Maximum Violation 0.000013
Trying to orthonormalize
No violations of the orthonormality
No violations of the orthonormality
 
PNOF7/ADABelief Calculation
==================
 
  Nitext  Nit_orb  Time   Nit_occ  Time         Eelec          Etot           Ediff      maxdiff    MaxGrad_orb  Grad_occ
     1      10    1.0e+01    0    1.2e+01  -608.95573128  -559.16736626 -10607.95573128   0.000099   4.0e-04   2.0e-04 0.12
 
RESULTS OF THE OCCUPATION OPTIMIZATION
========================================
   1    1.9999223  -96.25040375
   2    1.9998207  -26.36695556
   3    1.9999810  -19.29864650
   4    1.9993248  -8.11170048
   5    1.9994528  -8.09563620
   6    1.9995708  -8.09508605
   7    1.9877081  -1.05963594
   8    1.9873340  -1.04133427
   9    1.9871335  -1.03555846
  10    1.9790623  -0.81247024
  11    1.9790270  -0.81107623
  12    1.8760073  -0.76612955
  13    1.9510820  -0.56529024
  14    0.0172394  -0.01051994
  15    0.1237589  -0.07486948
  16    0.0105921  -0.00833764
  17    0.0105878  -0.00832830
  18    0.0093010  -0.01217719
  19    0.0091957  -0.01208637
  20    0.0091063  -0.01199085
  21    0.0002161  -0.00243953
  22    0.0002077  -0.00239422
  23    0.0003167  -0.00356166
  24    0.0000151  -0.00026613
  25    0.0001651  -0.00711340
  26    0.0000505  -0.00844861
  27    0.0130895  -0.00767007
  28    0.0001356  -0.00027724
  29    0.0076872  -0.00618409
  30    0.0076376  -0.00615849
  31    0.0016732  -0.00326191
  32    0.0016272  -0.00322062
  33    0.0015529  -0.00315464
  34    0.0002024  -0.00231303
  35    0.0001908  -0.00224991
  36    0.0002057  -0.00228407
  37    0.0000012  -0.00001633
  38    0.0000071  -0.00020603
  39    0.0000092  -0.00106462
  40    0.0125382  -0.00782367
  41    0.0000374  -0.00007710
  42    0.0009992  -0.00131671
  43    0.0009932  -0.00131088
  44    0.0011649  -0.00238369
  45    0.0011005  -0.00231826
  46    0.0008859  -0.00196877
  47    0.0000030  -0.00003780
  48    0.0001413  -0.00157986
  49    0.0001420  -0.00157668
  50    0.0000009  -0.00001167
  51    0.0000026  -0.00020589
  52    0.0000082  -0.00094392
  53    0.0057154  -0.00399302
  54    0.0000304  -0.00005869
  55    0.0005908  -0.00085929
  56    0.0006149  -0.00088023
  57    0.0003496  -0.00099403
  58    0.0003459  -0.00099024
  59    0.0003323  -0.00097534
  60    0.0000022  -0.00002506
  61    0.0000028  -0.00003487
  62    0.0000049  -0.00004950
  63    0.0000006  -0.00000714
  64    0.0000020  -0.00005093
  65    0.0000081  -0.00092972
  66    0.0001930  -0.00027965
  67    0.0000126  -0.00004380
  68    0.0004762  -0.00069760
  69    0.0004708  -0.00068928
  70    0.0001349  -0.00048964
  71    0.0001253  -0.00047186
  72    0.0001452  -0.00052114
  73    0.0000020  -0.00001883
  74    0.0000021  -0.00002460
  75    0.0000029  -0.00002827
  76    0.0000004  -0.00000668
  77    0.0000013  -0.00002988
  78    0.0000014  -0.00044245
  79    0.0000699  -0.00012929
  80    0.0000108  -0.00003664
  81    0.0003985  -0.00059252
  82    0.0003867  -0.00059156
  83    0.0001180  -0.00040550
  84    0.0001106  -0.00039685
  85    0.0001150  -0.00040756
  86    0.0000015  -0.00001497
  87    0.0000010  -0.00001209
  88    0.0000014  -0.00001520
  89    0.0000003  -0.00000574
  90    0.0000004  -0.00001795
  91    0.0000001  -0.00000421
  92    0.0000377  -0.00006436
  93    0.0000047  -0.00002606
  94    0.0001533  -0.00025255
  95    0.0001724  -0.00027325
  96    0.0000774  -0.00031435
  97    0.0000966  -0.00034331
  98    0.0001103  -0.00039232
  99    0.0000011  -0.00001285
 100    0.0000009  -0.00001131
 101    0.0000009  -0.00000983
 102    0.0000003  -0.00000573
 103    0.0000003  -0.00001546
 104    0.0000001  -0.00000347
 105    0.0000349  -0.00006405
 106    0.0000023  -0.00001959
 107    0.0000757  -0.00014637
 108    0.0000743  -0.00014985
 109    0.0000474  -0.00020615
 110    0.0000642  -0.00026339
 111    0.0000441  -0.00020226
 112    0.0000010  -0.00001183
 113    0.0000007  -0.00000813
 114    0.0000007  -0.00000900
 115    0.0000003  -0.00000948
 116    0.0000003  -0.00002046
 117    0.0000001  -0.00000261
 
----------------
 Final Energies 
----------------
Final NOF Total Energy =    -559.1673663
 
Total Orbital Internal Iterations = 10
Total Occupation Internal Iterations = 0
 
Elapsed time:   29.18 Seconds

---------------------------------
   Lowdin Population Analysis    
---------------------------------
 Idx  Atom   Population   Charge 
---------------------------------
  1    Cl    16.921       0.079
  2     F     9.079      -0.079

---------------------------------
   M Diagnostic: 0.12
---------------------------------

