Computing Integrals
Basis Set                                            = def2-qzvp
Auxiliary Basis Set                                  = def2-universal-jkfit
Gaussian Type                                        = Spherical
Elapsed time:    2.68 Seconds

Number of basis functions                   (NBF)    = 150
Number of auxiliary basis functions         (NBFAUX) = 532
Inactive Doubly occupied orbitals up to     (NO1)    = 0
No. considered Strongly Doubly occupied MOs (NDOC)   = 35
No. considered Strongly Singly occupied MOs (NSOC)   = 0
NO. of Weakly occ. per St. Doubly occ.  MOs (NCWO)   = 3
Dimension of the Nat. Orb. subspace         (NBF5)   = 140
No. of electrons                                     = 70
    No. of alpha electrons                           = 35
    No. of beta electrons                            = 35
Multiplicity                                         = 1

Geometry
========
Br       0.0000000       0.0000000       1.1379300
Br       0.0000000       0.0000000      -1.1379300

No violations of the orthonormality
No violations of the orthonormality
 
PNOF7/ADABelief Calculation
==================
 
  Nitext  Nit_orb  Time   Nit_occ  Time         Eelec          Etot           Ediff      maxdiff    MaxGrad_orb  Grad_occ
     1      10    1.1e+01    0    1.2e+01 -5430.01386022 -5145.18054272 -15429.01386022   0.000099   4.0e-04   2.0e-04 0.16
 
RESULTS OF THE OCCUPATION OPTIMIZATION
========================================
   1    1.9999894  -424.96442180
   2    1.9999894  -424.87086924
   3    1.9999998  -130.10019899
   4    1.9999998  -130.00095493
   5    1.9999997  -58.53173427
   6    1.9999997  -58.52963483
   7    1.9999995  -58.52927834
   8    1.9999996  -58.52777068
   9    1.9999996  -58.52508739
  10    1.9999997  -58.52506635
  11    1.9994571  -5.70458868
  12    1.9994514  -5.70005001
  13    1.9994043  -5.65271539
  14    1.9993973  -5.63872899
  15    1.9993924  -5.63474553
  16    1.9993285  -5.62477626
  17    1.9993224  -5.62363593
  18    1.9993847  -5.62152956
  19    1.9993060  -5.59497394
  20    1.9993292  -5.59372661
  21    1.9993026  -5.59043911
  22    1.9993327  -5.59033340
  23    1.9992801  -5.13091117
  24    1.9992678  -5.13039969
  25    1.9992253  -5.10416466
  26    1.9992178  -5.07909997
  27    1.9992407  -5.02007774
  28    1.9992439  -5.01410913
  29    1.9828052  -0.77634803
  30    1.9827832  -0.77156478
  31    1.9771524  -0.70073407
  32    1.9769313  -0.69339533
  33    1.8346855  -0.54231664
  34    1.9623427  -0.51507592
  35    1.9610274  -0.50420771
  36    0.0168579  -0.00890829
  37    0.0160027  -0.00865961
  38    0.1638369  -0.06258929
  39    0.0091263  -0.00656445
  40    0.0090793  -0.00657995
  41    0.0089063  -0.00640363
  42    0.0086306  -0.00624455
  43    0.0007195  -0.00483956
  44    0.0007254  -0.00486610
  45    0.0007377  -0.00499288
  46    0.0007409  -0.00502670
  47    0.0006916  -0.00475366
  48    0.0006901  -0.00474400
  49    0.0006367  -0.00480322
  50    0.0006762  -0.00502129
  51    0.0006421  -0.00482890
  52    0.0006716  -0.00500088
  53    0.0005948  -0.00455001
  54    0.0006558  -0.00493215
  55    0.0006505  -0.00489376
  56    0.0005899  -0.00452653
  57    0.0005747  -0.00443176
  58    0.0005689  -0.00441637
  59    0.0005232  -0.00414069
  60    0.0005246  -0.00415038
  61    0.0000001  -0.00000567
  62    0.0000001  -0.00000616
  63    0.0000002  -0.00000731
  64    0.0000003  -0.00000878
  65    0.0000001  -0.00000640
  66    0.0000001  -0.00000557
  67    0.0000001  -0.00001719
  68    0.0000001  -0.00001640
  69    0.0000103  -0.00781874
  70    0.0000103  -0.00781838
  71    0.0149175  -0.00784394
  72    0.0143053  -0.00771047
  73    0.0008083  -0.00076686
  74    0.0073186  -0.00532338
  75    0.0073081  -0.00521446
  76    0.0067808  -0.00481857
  77    0.0070424  -0.00499717
  78    0.0000233  -0.00014729
  79    0.0000205  -0.00013774
  80    0.0000262  -0.00015650
  81    0.0000206  -0.00015357
  82    0.0000242  -0.00015129
  83    0.0000240  -0.00015329
  84    0.0000220  -0.00015211
  85    0.0000160  -0.00013820
  86    0.0000159  -0.00013134
  87    0.0000160  -0.00013742
  88    0.0000135  -0.00011815
  89    0.0000157  -0.00013572
  90    0.0000157  -0.00013415
  91    0.0000118  -0.00011233
  92    0.0000164  -0.00011837
  93    0.0000162  -0.00011199
  94    0.0000169  -0.00012427
  95    0.0000141  -0.00010718
  96    0.0000001  -0.00000380
  97    0.0000001  -0.00000508
  98    0.0000001  -0.00000481
  99    0.0000001  -0.00000515
 100    0.0000001  -0.00000461
 101    0.0000001  -0.00000512
 102    0.0000001  -0.00000267
 103    0.0000001  -0.00000247
 104    0.0000003  -0.00035450
 105    0.0000003  -0.00035407
 106    0.0071972  -0.00395583
 107    0.0073494  -0.00408239
 108    0.0006693  -0.00065317
 109    0.0066239  -0.00465878
 110    0.0064602  -0.00463545
 111    0.0015297  -0.00156162
 112    0.0015219  -0.00157190
 113    0.0000133  -0.00010994
 114    0.0000134  -0.00011168
 115    0.0000183  -0.00014656
 116    0.0000132  -0.00010651
 117    0.0000164  -0.00012519
 118    0.0000058  -0.00007308
 119    0.0000087  -0.00008433
 120    0.0000052  -0.00004136
 121    0.0000128  -0.00011062
 122    0.0000064  -0.00004570
 123    0.0000071  -0.00005205
 124    0.0000060  -0.00004382
 125    0.0000052  -0.00004416
 126    0.0000060  -0.00004219
 127    0.0000116  -0.00010402
 128    0.0000106  -0.00010008
 129    0.0000085  -0.00008539
 130    0.0000042  -0.00005837
 131    0.0000001  -0.00000339
 132    0.0000001  -0.00000476
 133    0.0000001  -0.00000461
 134    0.0000001  -0.00000482
 135    0.0000001  -0.00000388
 136    0.0000001  -0.00000417
 137    0.0000001  -0.00000242
 138    0.0000001  -0.00000232
 139    0.0000000  -0.00000194
 140    0.0000000  -0.00000153
 
----------------
 Final Energies 
----------------
Final NOF Total Energy =   -5145.1805427
 
Total Orbital Internal Iterations = 10
Total Occupation Internal Iterations = 0
 
Elapsed time:   29.12 Seconds

---------------------------------
   Lowdin Population Analysis    
---------------------------------
 Idx  Atom   Population   Charge 
---------------------------------
  1    Br    35.000      -0.000
  2    Br    35.000       0.000

---------------------------------
   M Diagnostic: 0.16
---------------------------------

