Computing Integrals
Basis Set                                            = def2-qzvp
Auxiliary Basis Set                                  = def2-universal-jkfit
Gaussian Type                                        = Spherical
Elapsed time:   10.74 Seconds

Number of basis functions                   (NBF)    = 574
Number of auxiliary basis functions         (NBFAUX) = 758
Inactive Doubly occupied orbitals up to     (NO1)    = 0
No. considered Strongly Doubly occupied MOs (NDOC)   = 47
No. considered Strongly Singly occupied MOs (NSOC)   = 0
NO. of Weakly occ. per St. Doubly occ.  MOs (NCWO)   = 11
Dimension of the Nat. Orb. subspace         (NBF5)   = 564
No. of electrons                                     = 94
    No. of alpha electrons                           = 47
    No. of beta electrons                            = 47
Multiplicity                                         = 1

Geometry
========
 I       0.0000000       0.0000000       1.5420400
 C       0.0000000       0.0000000      -0.5530040
 C       0.0000000       1.2055670      -1.2382030
 C       0.0000000       1.1991150      -2.6254240
 C       0.0000000       0.0000000      -3.3209690
 C       0.0000000      -1.1991150      -2.6254240
 C       0.0000000      -1.2055670      -1.2382030
 H       0.0000000       2.1423770      -0.6975470
 H       0.0000000       2.1396780      -3.1612290
 H       0.0000000       0.0000000      -4.4031950
 H       0.0000000      -2.1396780      -3.1612290
 H       0.0000000      -2.1423770      -0.6975470

Orthonormality violations 154850, Maximum Violation 0.000345
Trying to orthonormalize
No violations of the orthonormality
No violations of the orthonormality
 
PNOF7/ADABelief Calculation
==================
 
  Nitext  Nit_orb  Time   Nit_occ  Time         Eelec          Etot           Ediff      maxdiff    MaxGrad_orb  Grad_occ
     1      10    9.5e+01    0    1.7e+01 -3203.14432992 -2670.71089074 -13202.14432992   0.000648   2.6e-03   2.8e-04 0.99
 
RESULTS OF THE OCCUPATION OPTIMIZATION
========================================
   1    2.0000000  -149.37264680
   2    1.9999999  -64.64338552
   3    1.9999999  -64.58007644
   4    1.9999999  -64.46673565
   5    1.9999996  -26.13467166
   6    1.9992438  -11.22827846
   7    1.9992780  -11.22816655
   8    1.9992811  -11.22581092
   9    1.9992737  -11.22529825
  10    1.9992693  -11.22102781
  11    1.9992686  -11.22072784
  12    1.9999978  -11.18427501
  13    1.9999986  -11.06482011
  14    1.9999978  -11.01044792
  15    1.9999987  -10.95662614
  16    1.9999975  -10.69942213
  17    1.9999962  -10.18731167
  18    1.9999951  -9.39536532
  19    1.9999943  -9.17154633
  20    1.9999206  -5.27191046
  21    1.9998942  -4.45804035
  22    1.9998952  -4.45511322
  23    1.9998917  -4.45009484
  24    1.9998946  -4.43158741
  25    1.9998989  -4.42985048
  26    1.9998966  -4.10910459
  27    1.9998965  -4.09087485
  28    1.9081736  -0.90830007
  29    1.9062603  -0.90762439
  30    1.9690096  -0.86508903
  31    1.9679307  -0.86016108
  32    1.9653634  -0.84521367
  33    1.9722895  -0.84390899
  34    1.9700348  -0.84107229
  35    1.9718036  -0.83891667
  36    1.9704607  -0.83834828
  37    1.9631177  -0.82470335
  38    1.9642824  -0.71608545
  39    1.9655167  -0.71582318
  40    1.9661721  -0.71039676
  41    1.9640666  -0.70986550
  42    1.9644877  -0.70978356
  43    1.8767468  -0.47230136
  44    1.7924183  -0.42951152
  45    1.7824995  -0.41338306
  46    1.6593886  -0.36007770
  47    1.0085048  -0.18316246
  48    0.9853619  -0.17786359
  49    0.3394024  -0.08692631
  50    0.2167397  -0.06361412
  51    0.2036931  -0.06541119
  52    0.1191406  -0.03950208
  53    0.0242276  -0.01744290
  54    0.0246244  -0.01762408
  55    0.0231474  -0.01689684
  56    0.0234421  -0.01707828
  57    0.0242401  -0.01753635
  58    0.0148185  -0.00820964
  59    0.0195411  -0.01651106
  60    0.0189287  -0.01610195
  61    0.0198082  -0.01663092
  62    0.0184479  -0.01576086
  63    0.0129975  -0.00727183
  64    0.0215763  -0.01777464
  65    0.0205374  -0.01703733
  66    0.0861231  -0.04838913
  67    0.0867532  -0.04874405
  68    0.0000880  -0.00056108
  69    0.0000881  -0.00056112
  70    0.0000904  -0.00059762
  71    0.0000954  -0.00062375
  72    0.0000901  -0.00060466
  73    0.0000929  -0.00061230
  74    0.0000954  -0.00062944
  75    0.0000324  -0.00015489
  76    0.0000007  -0.00000522
  77    0.0000006  -0.00000488
  78    0.0000004  -0.00000371
  79    0.0000002  -0.00000218
  80    0.0000002  -0.00000129
  81    0.0000003  -0.00000280
  82    0.0000002  -0.00000131
  83    0.0000003  -0.00000267
  84    0.0004376  -0.00811363
  85    0.0004399  -0.00813652
  86    0.0004394  -0.00815265
  87    0.0004343  -0.00808520
  88    0.0004355  -0.00811014
  89    0.0004585  -0.00835891
  90    0.0000000  -0.00000049
  91    0.0000000  -0.00000021
  92    0.0000000  -0.00000024
  93    0.0000000  -0.00000022
  94    0.0000000  -0.00000006
  95    0.0043743  -0.00232637
  96    0.0008581  -0.00056184
  97    0.0003054  -0.00022088
  98    0.0017312  -0.00156951
  99    0.0024275  -0.00132831
 100    0.0050068  -0.00499772
 101    0.0051516  -0.00510126
 102    0.0047652  -0.00482824
 103    0.0050183  -0.00504282
 104    0.0050491  -0.00506306
 105    0.0059024  -0.00456292
 106    0.0044066  -0.00496138
 107    0.0041177  -0.00474443
 108    0.0045739  -0.00510655
 109    0.0039354  -0.00459999
 110    0.0068076  -0.00531122
 111    0.0045779  -0.00511597
 112    0.0047332  -0.00522545
 113    0.0035556  -0.00345416
 114    0.0035076  -0.00322228
 115    0.0000018  -0.00001244
 116    0.0000028  -0.00001738
 117    0.0000027  -0.00001745
 118    0.0000027  -0.00001685
 119    0.0000023  -0.00001586
 120    0.0000026  -0.00001674
 121    0.0000013  -0.00000971
 122    0.0000059  -0.00002510
 123    0.0000006  -0.00000478
 124    0.0000005  -0.00000437
 125    0.0000004  -0.00000314
 126    0.0000002  -0.00000217
 127    0.0000001  -0.00000101
 128    0.0000002  -0.00000162
 129    0.0000001  -0.00000104
 130    0.0000002  -0.00000185
 131    0.0000997  -0.00137441
 132    0.0000992  -0.00136479
 133    0.0000983  -0.00135672
 134    0.0000970  -0.00134132
 135    0.0000968  -0.00133878
 136    0.0000981  -0.00131737
 137    0.0000000  -0.00000048
 138    0.0000000  -0.00000018
 139    0.0000000  -0.00000016
 140    0.0000000  -0.00000020
 141    0.0000000  -0.00000005
 142    0.0015014  -0.00092300
 143    0.0001273  -0.00012491
 144    0.0001673  -0.00014803
 145    0.0012815  -0.00121944
 146    0.0012306  -0.00088935
 147    0.0033519  -0.00359582
 148    0.0032306  -0.00349676
 149    0.0030792  -0.00336071
 150    0.0032099  -0.00346533
 151    0.0034146  -0.00364890
 152    0.0052813  -0.00422715
 153    0.0033756  -0.00390725
 154    0.0031316  -0.00370204
 155    0.0034923  -0.00397206
 156    0.0033264  -0.00374495
 157    0.0057507  -0.00454384
 158    0.0033304  -0.00398032
 159    0.0032025  -0.00380777
 160    0.0031597  -0.00324785
 161    0.0004063  -0.00060343
 162    0.0000017  -0.00001227
 163    0.0000020  -0.00001467
 164    0.0000011  -0.00000861
 165    0.0000010  -0.00000737
 166    0.0000020  -0.00001421
 167    0.0000014  -0.00000991
 168    0.0000011  -0.00000845
 169    0.0000052  -0.00002211
 170    0.0000006  -0.00000485
 171    0.0000005  -0.00000425
 172    0.0000004  -0.00000329
 173    0.0000002  -0.00000226
 174    0.0000001  -0.00000094
 175    0.0000002  -0.00000168
 176    0.0000001  -0.00000102
 177    0.0000002  -0.00000170
 178    0.0000905  -0.00125819
 179    0.0000911  -0.00126526
 180    0.0000917  -0.00127518
 181    0.0000892  -0.00124455
 182    0.0000904  -0.00126063
 183    0.0000953  -0.00130465
 184    0.0000000  -0.00000049
 185    0.0000000  -0.00000019
 186    0.0000000  -0.00000014
 187    0.0000000  -0.00000020
 188    0.0000000  -0.00000005
 189    0.0001241  -0.00012347
 190    0.0000816  -0.00008324
 191    0.0000971  -0.00012122
 192    0.0006382  -0.00064927
 193    0.0001685  -0.00015098
 194    0.0019195  -0.00227477
 195    0.0018739  -0.00222635
 196    0.0018823  -0.00225194
 197    0.0018288  -0.00221581
 198    0.0019155  -0.00228161
 199    0.0049097  -0.00408738
 200    0.0010230  -0.00164119
 201    0.0010011  -0.00161680
 202    0.0010283  -0.00164035
 203    0.0009974  -0.00160940
 204    0.0056505  -0.00417766
 205    0.0011449  -0.00180493
 206    0.0011676  -0.00182602
 207    0.0004004  -0.00061225
 208    0.0003746  -0.00056807
 209    0.0000016  -0.00001137
 210    0.0000019  -0.00001345
 211    0.0000010  -0.00000783
 212    0.0000009  -0.00000671
 213    0.0000019  -0.00001342
 214    0.0000012  -0.00000935
 215    0.0000011  -0.00000832
 216    0.0000049  -0.00002376
 217    0.0000005  -0.00000456
 218    0.0000004  -0.00000369
 219    0.0000004  -0.00000309
 220    0.0000002  -0.00000197
 221    0.0000001  -0.00000089
 222    0.0000002  -0.00000173
 223    0.0000001  -0.00000092
 224    0.0000002  -0.00000166
 225    0.0000864  -0.00111503
 226    0.0000842  -0.00108597
 227    0.0000798  -0.00103411
 228    0.0000822  -0.00106212
 229    0.0000832  -0.00107536
 230    0.0000859  -0.00109510
 231    0.0000000  -0.00000048
 232    0.0000000  -0.00000018
 233    0.0000000  -0.00000016
 234    0.0000000  -0.00000020
 235    0.0000000  -0.00000004
 236    0.0000446  -0.00007215
 237    0.0000462  -0.00006576
 238    0.0000606  -0.00009215
 239    0.0000609  -0.00012097
 240    0.0000789  -0.00010564
 241    0.0003061  -0.00049372
 242    0.0003198  -0.00051161
 243    0.0002642  -0.00043361
 244    0.0002771  -0.00045484
 245    0.0002988  -0.00048761
 246    0.0042111  -0.00362024
 247    0.0004759  -0.00075888
 248    0.0003664  -0.00061898
 249    0.0004363  -0.00071086
 250    0.0003662  -0.00061241
 251    0.0011347  -0.00101116
 252    0.0005502  -0.00087003
 253    0.0004899  -0.00078803
 254    0.0002682  -0.00037249
 255    0.0003019  -0.00045173
 256    0.0000016  -0.00001081
 257    0.0000015  -0.00001107
 258    0.0000009  -0.00000670
 259    0.0000009  -0.00000632
 260    0.0000019  -0.00001359
 261    0.0000012  -0.00000905
 262    0.0000011  -0.00000818
 263    0.0000048  -0.00002318
 264    0.0000005  -0.00000464
 265    0.0000004  -0.00000357
 266    0.0000003  -0.00000293
 267    0.0000002  -0.00000198
 268    0.0000001  -0.00000087
 269    0.0000002  -0.00000172
 270    0.0000001  -0.00000096
 271    0.0000002  -0.00000155
 272    0.0000098  -0.00036870
 273    0.0000097  -0.00036871
 274    0.0000098  -0.00037104
 275    0.0000094  -0.00036195
 276    0.0000095  -0.00036492
 277    0.0000107  -0.00038965
 278    0.0000000  -0.00000050
 279    0.0000000  -0.00000018
 280    0.0000000  -0.00000014
 281    0.0000000  -0.00000017
 282    0.0000000  -0.00000005
 283    0.0000320  -0.00005145
 284    0.0000263  -0.00004218
 285    0.0000342  -0.00004612
 286    0.0000487  -0.00006185
 287    0.0000619  -0.00009369
 288    0.0001955  -0.00034387
 289    0.0002244  -0.00038142
 290    0.0002026  -0.00034465
 291    0.0002016  -0.00035143
 292    0.0002968  -0.00047969
 293    0.0005780  -0.00072532
 294    0.0002785  -0.00051595
 295    0.0002663  -0.00048681
 296    0.0002811  -0.00052160
 297    0.0002281  -0.00042156
 298    0.0006819  -0.00081885
 299    0.0004619  -0.00078684
 300    0.0004446  -0.00073522
 301    0.0001628  -0.00023307
 302    0.0001932  -0.00030259
 303    0.0000015  -0.00001088
 304    0.0000013  -0.00000952
 305    0.0000009  -0.00000676
 306    0.0000008  -0.00000614
 307    0.0000018  -0.00001302
 308    0.0000010  -0.00000781
 309    0.0000010  -0.00000772
 310    0.0000048  -0.00002228
 311    0.0000005  -0.00000432
 312    0.0000004  -0.00000357
 313    0.0000003  -0.00000286
 314    0.0000002  -0.00000197
 315    0.0000001  -0.00000079
 316    0.0000002  -0.00000157
 317    0.0000001  -0.00000090
 318    0.0000002  -0.00000145
 319    0.0000018  -0.00002559
 320    0.0000018  -0.00002553
 321    0.0000019  -0.00002573
 322    0.0000017  -0.00002388
 323    0.0000016  -0.00002281
 324    0.0000017  -0.00002957
 325    0.0000000  -0.00000048
 326    0.0000000  -0.00000017
 327    0.0000000  -0.00000014
 328    0.0000000  -0.00000017
 329    0.0000000  -0.00000005
 330    0.0000189  -0.00003633
 331    0.0000186  -0.00003979
 332    0.0000231  -0.00004569
 333    0.0000360  -0.00005879
 334    0.0000507  -0.00007681
 335    0.0001570  -0.00028720
 336    0.0001596  -0.00029266
 337    0.0001456  -0.00027713
 338    0.0001505  -0.00027591
 339    0.0001458  -0.00027543
 340    0.0005769  -0.00069682
 341    0.0001142  -0.00025920
 342    0.0001251  -0.00030073
 343    0.0001023  -0.00025896
 344    0.0001039  -0.00024968
 345    0.0006302  -0.00077484
 346    0.0001169  -0.00028827
 347    0.0001129  -0.00027691
 348    0.0000235  -0.00005224
 349    0.0001586  -0.00023314
 350    0.0000015  -0.00001061
 351    0.0000013  -0.00000970
 352    0.0000009  -0.00000648
 353    0.0000008  -0.00000597
 354    0.0000017  -0.00001259
 355    0.0000010  -0.00000755
 356    0.0000010  -0.00000743
 357    0.0000045  -0.00002166
 358    0.0000005  -0.00000446
 359    0.0000004  -0.00000361
 360    0.0000003  -0.00000298
 361    0.0000002  -0.00000203
 362    0.0000001  -0.00000081
 363    0.0000002  -0.00000155
 364    0.0000001  -0.00000089
 365    0.0000002  -0.00000137
 366    0.0000015  -0.00002547
 367    0.0000011  -0.00001941
 368    0.0000016  -0.00002237
 369    0.0000015  -0.00002131
 370    0.0000014  -0.00002016
 371    0.0000016  -0.00002404
 372    0.0000000  -0.00000049
 373    0.0000000  -0.00000019
 374    0.0000000  -0.00000015
 375    0.0000000  -0.00000015
 376    0.0000000  -0.00000005
 377    0.0000117  -0.00003215
 378    0.0000150  -0.00003111
 379    0.0000212  -0.00004674
 380    0.0000334  -0.00005805
 381    0.0000327  -0.00005965
 382    0.0001257  -0.00025165
 383    0.0001214  -0.00024487
 384    0.0001247  -0.00025180
 385    0.0001329  -0.00026591
 386    0.0001342  -0.00026495
 387    0.0003638  -0.00041715
 388    0.0000906  -0.00021539
 389    0.0000859  -0.00022608
 390    0.0000886  -0.00024023
 391    0.0000892  -0.00020401
 392    0.0004970  -0.00059766
 393    0.0001020  -0.00025188
 394    0.0000990  -0.00025054
 395    0.0000182  -0.00004549
 396    0.0000910  -0.00016027
 397    0.0000014  -0.00001037
 398    0.0000012  -0.00000921
 399    0.0000008  -0.00000643
 400    0.0000008  -0.00000583
 401    0.0000017  -0.00001171
 402    0.0000010  -0.00000706
 403    0.0000010  -0.00000735
 404    0.0000044  -0.00002142
 405    0.0000005  -0.00000382
 406    0.0000004  -0.00000357
 407    0.0000003  -0.00000290
 408    0.0000002  -0.00000198
 409    0.0000001  -0.00000083
 410    0.0000002  -0.00000160
 411    0.0000001  -0.00000086
 412    0.0000002  -0.00000145
 413    0.0000013  -0.00002049
 414    0.0000011  -0.00001947
 415    0.0000012  -0.00002001
 416    0.0000011  -0.00001789
 417    0.0000011  -0.00001836
 418    0.0000014  -0.00002125
 419    0.0000000  -0.00000047
 420    0.0000000  -0.00000015
 421    0.0000000  -0.00000013
 422    0.0000000  -0.00000015
 423    0.0000000  -0.00000005
 424    0.0000098  -0.00002785
 425    0.0000138  -0.00003104
 426    0.0000202  -0.00004097
 427    0.0000241  -0.00004451
 428    0.0000258  -0.00005324
 429    0.0001010  -0.00021374
 430    0.0001029  -0.00021579
 431    0.0000980  -0.00020739
 432    0.0000999  -0.00021317
 433    0.0001027  -0.00021947
 434    0.0000966  -0.00015772
 435    0.0000864  -0.00021520
 436    0.0000788  -0.00019588
 437    0.0000664  -0.00019176
 438    0.0000801  -0.00022115
 439    0.0003397  -0.00038336
 440    0.0000871  -0.00023418
 441    0.0000836  -0.00022857
 442    0.0000116  -0.00003391
 443    0.0000176  -0.00004017
 444    0.0000014  -0.00000993
 445    0.0000011  -0.00000834
 446    0.0000008  -0.00000641
 447    0.0000008  -0.00000579
 448    0.0000017  -0.00001188
 449    0.0000009  -0.00000672
 450    0.0000010  -0.00000740
 451    0.0000043  -0.00002116
 452    0.0000005  -0.00000387
 453    0.0000004  -0.00000341
 454    0.0000003  -0.00000280
 455    0.0000002  -0.00000199
 456    0.0000001  -0.00000080
 457    0.0000002  -0.00000143
 458    0.0000001  -0.00000087
 459    0.0000002  -0.00000144
 460    0.0000011  -0.00001925
 461    0.0000011  -0.00001659
 462    0.0000011  -0.00002021
 463    0.0000010  -0.00001731
 464    0.0000010  -0.00001717
 465    0.0000012  -0.00002041
 466    0.0000000  -0.00000047
 467    0.0000000  -0.00000019
 468    0.0000000  -0.00000014
 469    0.0000000  -0.00000015
 470    0.0000000  -0.00000005
 471    0.0000085  -0.00002708
 472    0.0000116  -0.00002662
 473    0.0000168  -0.00003821
 474    0.0000203  -0.00004468
 475    0.0000204  -0.00004649
 476    0.0000625  -0.00016216
 477    0.0000658  -0.00016916
 478    0.0000653  -0.00016655
 479    0.0000663  -0.00017007
 480    0.0000624  -0.00016237
 481    0.0000782  -0.00012295
 482    0.0000799  -0.00021322
 483    0.0000654  -0.00018993
 484    0.0000583  -0.00014606
 485    0.0000719  -0.00017666
 486    0.0000832  -0.00015192
 487    0.0000785  -0.00020363
 488    0.0000750  -0.00019815
 489    0.0000088  -0.00002871
 490    0.0000119  -0.00003362
 491    0.0000014  -0.00000998
 492    0.0000011  -0.00000822
 493    0.0000008  -0.00000625
 494    0.0000007  -0.00000555
 495    0.0000016  -0.00001128
 496    0.0000008  -0.00000605
 497    0.0000010  -0.00000662
 498    0.0000042  -0.00002014
 499    0.0000004  -0.00000371
 500    0.0000004  -0.00000335
 501    0.0000003  -0.00000271
 502    0.0000002  -0.00000186
 503    0.0000001  -0.00000080
 504    0.0000002  -0.00000143
 505    0.0000001  -0.00000084
 506    0.0000002  -0.00000135
 507    0.0000010  -0.00001672
 508    0.0000010  -0.00001653
 509    0.0000010  -0.00001760
 510    0.0000010  -0.00001740
 511    0.0000010  -0.00001895
 512    0.0000011  -0.00001489
 513    0.0000000  -0.00000047
 514    0.0000000  -0.00000017
 515    0.0000000  -0.00000014
 516    0.0000000  -0.00000014
 517    0.0000000  -0.00000005
 518    0.0000080  -0.00002462
 519    0.0000105  -0.00002738
 520    0.0000149  -0.00003470
 521    0.0000145  -0.00004126
 522    0.0000157  -0.00003491
 523    0.0000587  -0.00014274
 524    0.0000590  -0.00014284
 525    0.0000533  -0.00013127
 526    0.0000559  -0.00013660
 527    0.0000578  -0.00014380
 528    0.0000657  -0.00009732
 529    0.0000675  -0.00019385
 530    0.0000294  -0.00008599
 531    0.0000294  -0.00008529
 532    0.0000641  -0.00018512
 533    0.0000636  -0.00009592
 534    0.0000432  -0.00011299
 535    0.0000446  -0.00011846
 536    0.0000078  -0.00002689
 537    0.0000105  -0.00003126
 538    0.0000014  -0.00000984
 539    0.0000010  -0.00000716
 540    0.0000008  -0.00000617
 541    0.0000007  -0.00000527
 542    0.0000016  -0.00001105
 543    0.0000008  -0.00000586
 544    0.0000010  -0.00000683
 545    0.0000039  -0.00001923
 546    0.0000004  -0.00000355
 547    0.0000004  -0.00000341
 548    0.0000003  -0.00000282
 549    0.0000002  -0.00000166
 550    0.0000001  -0.00000080
 551    0.0000002  -0.00000145
 552    0.0000001  -0.00000082
 553    0.0000002  -0.00000119
 554    0.0000006  -0.00003588
 555    0.0000006  -0.00003661
 556    0.0000006  -0.00003571
 557    0.0000006  -0.00003555
 558    0.0000006  -0.00003594
 559    0.0000007  -0.00004060
 560    0.0000000  -0.00000049
 561    0.0000000  -0.00000016
 562    0.0000000  -0.00000013
 563    0.0000000  -0.00000015
 564    0.0000000  -0.00000005
 
----------------
 Final Energies 
----------------
Final NOF Total Energy =   -2670.7108907
 
Total Orbital Internal Iterations = 10
Total Occupation Internal Iterations = 0
 
Elapsed time:  149.16 Seconds

---------------------------------
   Lowdin Population Analysis    
---------------------------------
 Idx  Atom   Population   Charge 
---------------------------------
  1     I    52.527       0.473
  2     C     6.416      -0.416
  3     C     5.972       0.028
  4     C     5.933       0.067
  5     C     5.920       0.080
  6     C     5.926       0.074
  7     C     5.960       0.040
  8     H     1.070      -0.070
  9     H     1.066      -0.066
 10     H     1.071      -0.071
 11     H     1.069      -0.069
 12     H     1.070      -0.070

---------------------------------
   M Diagnostic: 0.99
---------------------------------

