Computing Integrals
Basis Set                                            = def2-qzvp
Auxiliary Basis Set                                  = def2-universal-jkfit
Gaussian Type                                        = Spherical
Elapsed time:    2.34 Seconds

Number of basis functions                   (NBF)    = 142
Number of auxiliary basis functions         (NBFAUX) = 254
Inactive Doubly occupied orbitals up to     (NO1)    = 0
No. considered Strongly Doubly occupied MOs (NDOC)   = 27
No. considered Strongly Singly occupied MOs (NSOC)   = 0
NO. of Weakly occ. per St. Doubly occ.  MOs (NCWO)   = 4
Dimension of the Nat. Orb. subspace         (NBF5)   = 135
No. of electrons                                     = 54
    No. of alpha electrons                           = 27
    No. of beta electrons                            = 27
Multiplicity                                         = 1

Geometry
========
Te       0.0000000       0.0000000       0.7695493
 H      -1.1553660       0.0000000      -0.3847747
 H       1.1553660       0.0000000      -0.3847747

Orthonormality violations 4863, Maximum Violation 0.000064
Trying to orthonormalize
No violations of the orthonormality
No violations of the orthonormality
 
PNOF7/ADABelief Calculation
==================
 
  Nitext  Nit_orb  Time   Nit_occ  Time         Eelec          Etot           Ediff      maxdiff    MaxGrad_orb  Grad_occ
     1      10    1.0e+01    0    1.2e+01 -2325.84044767 -2291.91416008 -12324.84044767   0.000176   7.0e-04   1.5e-04 0.04
 
RESULTS OF THE OCCUPATION OPTIMIZATION
========================================
   1    2.0000000  -140.98041918
   2    1.9999999  -61.78437121
   3    1.9999999  -61.72852313
   4    1.9999999  -61.57822733
   5    1.9999996  -24.93372445
   6    1.9999984  -9.75597875
   7    1.9999986  -9.56355009
   8    1.9999943  -9.44984526
   9    1.9999825  -9.23248771
  10    1.9999980  -8.78261510
  11    1.9999975  -8.67222629
  12    1.9999750  -8.48889369
  13    1.9999573  -8.23190484
  14    1.9999540  -8.07265764
  15    1.9998782  -4.43636550
  16    1.9998834  -4.40009311
  17    1.9998872  -4.29454544
  18    1.9999004  -4.23199091
  19    1.9998925  -4.17875913
  20    1.9998823  -4.17142150
  21    1.9998837  -3.97093246
  22    1.9855758  -0.77885844
  23    1.9639368  -0.76274056
  24    1.9627089  -0.67947533
  25    1.9614201  -0.67690325
  26    1.9589740  -0.65947848
  27    1.9597784  -0.65000437
  28    0.0302367  -0.01935079
  29    0.0303099  -0.01977496
  30    0.0282286  -0.01731679
  31    0.0259583  -0.01612732
  32    0.0284001  -0.01775314
  33    0.0069230  -0.00531530
  34    0.0000847  -0.00048299
  35    0.0000870  -0.00051634
  36    0.0000846  -0.00051181
  37    0.0000818  -0.00049224
  38    0.0000888  -0.00054121
  39    0.0000939  -0.00057067
  40    0.0001012  -0.00061697
  41    0.0000382  -0.00033584
  42    0.0000350  -0.00032602
  43    0.0000099  -0.00008190
  44    0.0000008  -0.00000554
  45    0.0000006  -0.00000421
  46    0.0000121  -0.00017671
  47    0.0000020  -0.00001426
  48    0.0000004  -0.00000248
  49    0.0000004  -0.00000293
  50    0.0000001  -0.00000103
  51    0.0000000  -0.00000041
  52    0.0000000  -0.00000046
  53    0.0000000  -0.00000036
  54    0.0000000  -0.00000021
  55    0.0047667  -0.00429539
  56    0.0043822  -0.00409619
  57    0.0065478  -0.00543094
  58    0.0066057  -0.00544938
  59    0.0049201  -0.00431716
  60    0.0034947  -0.00319371
  61    0.0000151  -0.00007574
  62    0.0000146  -0.00007241
  63    0.0000112  -0.00005338
  64    0.0000109  -0.00005064
  65    0.0000127  -0.00007140
  66    0.0000110  -0.00006160
  67    0.0000139  -0.00006212
  68    0.0000037  -0.00003289
  69    0.0000035  -0.00002602
  70    0.0000097  -0.00006092
  71    0.0000007  -0.00000329
  72    0.0000005  -0.00000287
  73    0.0000020  -0.00001310
  74    0.0000015  -0.00000948
  75    0.0000004  -0.00000191
  76    0.0000004  -0.00000240
  77    0.0000001  -0.00000110
  78    0.0000000  -0.00000039
  79    0.0000000  -0.00000048
  80    0.0000000  -0.00000046
  81    0.0000000  -0.00000020
  82    0.0028177  -0.00274059
  83    0.0036966  -0.00340016
  84    0.0029825  -0.00297952
  85    0.0038555  -0.00364166
  86    0.0018258  -0.00204775
  87    0.0026811  -0.00263670
  88    0.0000098  -0.00005712
  89    0.0000106  -0.00005272
  90    0.0000074  -0.00003437
  91    0.0000040  -0.00001957
  92    0.0000067  -0.00002883
  93    0.0000082  -0.00004694
  94    0.0000036  -0.00001891
  95    0.0000023  -0.00001546
  96    0.0000021  -0.00001516
  97    0.0000029  -0.00001864
  98    0.0000006  -0.00000309
  99    0.0000005  -0.00000278
 100    0.0000017  -0.00001092
 101    0.0000012  -0.00000760
 102    0.0000004  -0.00000192
 103    0.0000004  -0.00000238
 104    0.0000001  -0.00000103
 105    0.0000000  -0.00000044
 106    0.0000000  -0.00000037
 107    0.0000000  -0.00000044
 108    0.0000000  -0.00000020
 109    0.0024006  -0.00244145
 110    0.0026374  -0.00262892
 111    0.0008210  -0.00103129
 112    0.0008716  -0.00110134
 113    0.0009172  -0.00114992
 114    0.0013253  -0.00140999
 115    0.0000066  -0.00002950
 116    0.0000055  -0.00002546
 117    0.0000043  -0.00002010
 118    0.0000029  -0.00001519
 119    0.0000046  -0.00002150
 120    0.0000035  -0.00001773
 121    0.0000030  -0.00001549
 122    0.0000017  -0.00001108
 123    0.0000020  -0.00001239
 124    0.0000025  -0.00001502
 125    0.0000006  -0.00000310
 126    0.0000004  -0.00000208
 127    0.0000016  -0.00000988
 128    0.0000009  -0.00000586
 129    0.0000003  -0.00000173
 130    0.0000004  -0.00000245
 131    0.0000001  -0.00000100
 132    0.0000000  -0.00000036
 133    0.0000000  -0.00000042
 134    0.0000000  -0.00000045
 135    0.0000000  -0.00000020
 
----------------
 Final Energies 
----------------
Final NOF Total Energy =   -2291.9141601
 
Total Orbital Internal Iterations = 10
Total Occupation Internal Iterations = 0
 
Elapsed time:   29.54 Seconds

---------------------------------
   Lowdin Population Analysis    
---------------------------------
 Idx  Atom   Population   Charge 
---------------------------------
  1    Te    51.393       0.607
  2     H     1.305      -0.305
  3     H     1.303      -0.303

---------------------------------
   M Diagnostic: 0.04
---------------------------------

