Computing Integrals
Basis Set                                            = def2-qzvp
Auxiliary Basis Set                                  = def2-universal-jkfit
Gaussian Type                                        = Spherical
Elapsed time:    1.75 Seconds

Number of basis functions                   (NBF)    = 147
Number of auxiliary basis functions         (NBFAUX) = 129
Inactive Doubly occupied orbitals up to     (NO1)    = 0
No. considered Strongly Doubly occupied MOs (NDOC)   = 4
No. considered Strongly Singly occupied MOs (NSOC)   = 1
NO. of Weakly occ. per St. Doubly occ.  MOs (NCWO)   = 35
Dimension of the Nat. Orb. subspace         (NBF5)   = 145
No. of electrons                                     = 9
    No. of alpha electrons                           = 5
    No. of beta electrons                            = 4
Multiplicity                                         = 2

Geometry
========
 C       0.0000000       0.0000000       0.0000000
 H       0.5398798      -0.9350993       0.0000000
 H       0.5398798       0.9350993       0.0000000
 H      -1.0797597       0.0000000       0.0000000

Orthonormality violations 1322, Maximum Violation 0.000017
Trying to orthonormalize
No violations of the orthonormality
No violations of the orthonormality
 
PNOF7/ADABelief Calculation
==================
 
  Nitext  Nit_orb  Time   Nit_occ  Time         Eelec          Etot           Ediff      maxdiff    MaxGrad_orb  Grad_occ
     1      10    1.0e+01    0    1.2e+01   -49.39680672   -39.72638612 -10048.39680672   0.000092   3.7e-04   1.6e-04 0.03
 
RESULTS OF THE OCCUPATION OPTIMIZATION
========================================
   1    1.9992630  -11.22344405
   2    1.9599604  -0.70993499
   3    1.9605944  -0.70894261
   4    1.9604572  -0.70838102
   5    1.0000000  -0.21166969
   6    0.0249487  -0.01754904
   7    0.0247140  -0.01743344
   8    0.0244006  -0.01726595
   9    0.0004680  -0.00844945
  10    0.0067461  -0.00611923
  11    0.0066985  -0.00608615
  12    0.0066454  -0.00608437
  13    0.0000920  -0.00125471
  14    0.0043756  -0.00432911
  15    0.0044256  -0.00435559
  16    0.0043445  -0.00413491
  17    0.0000906  -0.00123588
  18    0.0018355  -0.00213451
  19    0.0017926  -0.00211117
  20    0.0018346  -0.00214008
  21    0.0000678  -0.00090860
  22    0.0003761  -0.00057213
  23    0.0005111  -0.00070954
  24    0.0015824  -0.00179658
  25    0.0000102  -0.00038372
  26    0.0002468  -0.00039434
  27    0.0002487  -0.00038984
  28    0.0003794  -0.00054985
  29    0.0000015  -0.00002463
  30    0.0002179  -0.00034719
  31    0.0002005  -0.00033035
  32    0.0001592  -0.00031335
  33    0.0000006  -0.00002752
  34    0.0001774  -0.00029984
  35    0.0001836  -0.00030259
  36    0.0001481  -0.00023469
  37    0.0000004  -0.00000224
  38    0.0001429  -0.00023639
  39    0.0001431  -0.00026867
  40    0.0000978  -0.00020523
  41    0.0000003  -0.00000197
  42    0.0001122  -0.00019010
  43    0.0001043  -0.00018585
  44    0.0000883  -0.00017682
  45    0.0000003  -0.00000169
  46    0.0000733  -0.00016224
  47    0.0000808  -0.00016679
  48    0.0000713  -0.00017142
  49    0.0000003  -0.00000146
  50    0.0000564  -0.00013553
  51    0.0000699  -0.00014778
  52    0.0000657  -0.00013477
  53    0.0000003  -0.00000132
  54    0.0000541  -0.00010389
  55    0.0000500  -0.00008758
  56    0.0000335  -0.00008949
  57    0.0000002  -0.00000105
  58    0.0000377  -0.00006932
  59    0.0000242  -0.00006163
  60    0.0000295  -0.00005566
  61    0.0000002  -0.00000130
  62    0.0000233  -0.00006203
  63    0.0000201  -0.00004613
  64    0.0000294  -0.00007480
  65    0.0000002  -0.00000114
  66    0.0000215  -0.00004503
  67    0.0000175  -0.00004397
  68    0.0000229  -0.00004827
  69    0.0000002  -0.00000101
  70    0.0000159  -0.00003725
  71    0.0000147  -0.00003654
  72    0.0000175  -0.00004240
  73    0.0000002  -0.00000097
  74    0.0000116  -0.00003406
  75    0.0000141  -0.00003570
  76    0.0000127  -0.00003438
  77    0.0000002  -0.00000092
  78    0.0000087  -0.00002840
  79    0.0000134  -0.00003232
  80    0.0000091  -0.00002634
  81    0.0000002  -0.00000080
  82    0.0000079  -0.00002568
  83    0.0000116  -0.00002833
  84    0.0000082  -0.00002504
  85    0.0000002  -0.00000077
  86    0.0000071  -0.00002158
  87    0.0000092  -0.00002331
  88    0.0000068  -0.00002167
  89    0.0000002  -0.00000074
  90    0.0000067  -0.00002132
  91    0.0000073  -0.00002185
  92    0.0000062  -0.00001590
  93    0.0000002  -0.00000077
  94    0.0000061  -0.00001730
  95    0.0000071  -0.00001993
  96    0.0000057  -0.00001440
  97    0.0000002  -0.00000070
  98    0.0000048  -0.00001714
  99    0.0000065  -0.00001579
 100    0.0000056  -0.00001439
 101    0.0000002  -0.00000045
 102    0.0000039  -0.00001236
 103    0.0000057  -0.00001631
 104    0.0000049  -0.00001518
 105    0.0000002  -0.00000067
 106    0.0000037  -0.00001022
 107    0.0000054  -0.00001385
 108    0.0000044  -0.00000994
 109    0.0000002  -0.00000053
 110    0.0000036  -0.00001281
 111    0.0000046  -0.00001264
 112    0.0000043  -0.00000936
 113    0.0000002  -0.00000049
 114    0.0000033  -0.00000829
 115    0.0000041  -0.00001066
 116    0.0000039  -0.00001098
 117    0.0000002  -0.00000047
 118    0.0000026  -0.00000357
 119    0.0000040  -0.00001231
 120    0.0000035  -0.00000739
 121    0.0000002  -0.00000053
 122    0.0000023  -0.00000334
 123    0.0000031  -0.00000525
 124    0.0000029  -0.00000553
 125    0.0000002  -0.00000050
 126    0.0000022  -0.00000218
 127    0.0000027  -0.00000405
 128    0.0000029  -0.00000372
 129    0.0000002  -0.00000053
 130    0.0000021  -0.00000186
 131    0.0000024  -0.00000349
 132    0.0000025  -0.00000313
 133    0.0000002  -0.00000050
 134    0.0000021  -0.00000095
 135    0.0000019  -0.00000244
 136    0.0000021  -0.00000248
 137    0.0000002  -0.00000054
 138    0.0000016  -0.00000098
 139    0.0000018  -0.00000127
 140    0.0000020  -0.00000112
 141    0.0000002  -0.00000038
 142    0.0000014  -0.00000083
 143    0.0000016  -0.00000072
 144    0.0000016  -0.00000033
 145    0.0000002  -0.00000074
 
----------------
 Final Energies 
----------------
Final NOF Total Energy =     -39.7263861
 
Total Orbital Internal Iterations = 10
Total Occupation Internal Iterations = 0
 
Elapsed time:   29.09 Seconds

---------------------------------
   Lowdin Population Analysis    
---------------------------------
 Idx  Atom   Population   Charge 
---------------------------------
  1     C     5.578       0.422
  2     H     1.141      -0.141
  3     H     1.140      -0.140
  4     H     1.141      -0.141

---------------------------------
   M Diagnostic: 0.03
---------------------------------

