Computing Integrals
Basis Set                                            = def2-qzvp
Auxiliary Basis Set                                  = def2-universal-jkfit
Gaussian Type                                        = Spherical
Elapsed time:    1.68 Seconds

Number of basis functions                   (NBF)    = 177
Number of auxiliary basis functions         (NBFAUX) = 147
Inactive Doubly occupied orbitals up to     (NO1)    = 0
No. considered Strongly Doubly occupied MOs (NDOC)   = 5
No. considered Strongly Singly occupied MOs (NSOC)   = 0
NO. of Weakly occ. per St. Doubly occ.  MOs (NCWO)   = 34
Dimension of the Nat. Orb. subspace         (NBF5)   = 175
No. of electrons                                     = 10
    No. of alpha electrons                           = 5
    No. of beta electrons                            = 5
Multiplicity                                         = 1

Geometry
========
 H       0.6292771       0.6292771      -0.6292771
 C       0.0000000       0.0000000       0.0000000
 H      -0.6292771      -0.6292771      -0.6292771
 H       0.6292771      -0.6292771       0.6292771
 H      -0.6292771       0.6292771       0.6292771

Orthonormality violations 17103, Maximum Violation 0.000123
Trying to orthonormalize
No violations of the orthonormality
No violations of the orthonormality
 
PNOF7/ADABelief Calculation
==================
 
  Nitext  Nit_orb  Time   Nit_occ  Time         Eelec          Etot           Ediff      maxdiff    MaxGrad_orb  Grad_occ
     1      10    1.1e+01    0    1.2e+01   -53.80277446   -40.36667203 -10052.80277446   0.000095   3.8e-04   1.4e-04 0.03
 
RESULTS OF THE OCCUPATION OPTIMIZATION
========================================
   1    1.9993075  -11.21015888
   2    1.9686690  -0.67064760
   3    1.9685268  -0.67045971
   4    1.9686575  -0.67044139
   5    1.9684510  -0.67029009
   6    0.0212256  -0.01541003
   7    0.0211243  -0.01537180
   8    0.0211899  -0.01539369
   9    0.0210132  -0.01532967
  10    0.0004432  -0.00821100
  11    0.0054033  -0.00507835
  12    0.0053729  -0.00506538
  13    0.0053744  -0.00506713
  14    0.0053771  -0.00506646
  15    0.0000779  -0.00108535
  16    0.0020518  -0.00229386
  17    0.0020208  -0.00228146
  18    0.0020564  -0.00229493
  19    0.0020526  -0.00229611
  20    0.0000778  -0.00108574
  21    0.0019837  -0.00225929
  22    0.0019508  -0.00224347
  23    0.0019515  -0.00224037
  24    0.0019684  -0.00224979
  25    0.0000776  -0.00108335
  26    0.0001615  -0.00027307
  27    0.0001509  -0.00026290
  28    0.0001607  -0.00027170
  29    0.0002130  -0.00031037
  30    0.0000080  -0.00035066
  31    0.0001519  -0.00026376
  32    0.0001258  -0.00023747
  33    0.0001530  -0.00026222
  34    0.0001286  -0.00024287
  35    0.0000026  -0.00001621
  36    0.0001250  -0.00022310
  37    0.0001168  -0.00021557
  38    0.0001312  -0.00022809
  39    0.0001088  -0.00020911
  40    0.0000006  -0.00002327
  41    0.0001092  -0.00021033
  42    0.0001067  -0.00020244
  43    0.0001128  -0.00021348
  44    0.0001052  -0.00020475
  45    0.0000005  -0.00001012
  46    0.0000878  -0.00019112
  47    0.0000837  -0.00018625
  48    0.0000876  -0.00019232
  49    0.0000910  -0.00019155
  50    0.0000004  -0.00000185
  51    0.0000742  -0.00015808
  52    0.0000687  -0.00015660
  53    0.0000638  -0.00015385
  54    0.0000718  -0.00015728
  55    0.0000003  -0.00000079
  56    0.0000373  -0.00008450
  57    0.0000540  -0.00009786
  58    0.0000401  -0.00008732
  59    0.0000463  -0.00009225
  60    0.0000002  -0.00000072
  61    0.0000361  -0.00007934
  62    0.0000350  -0.00007952
  63    0.0000339  -0.00007776
  64    0.0000306  -0.00007470
  65    0.0000002  -0.00000064
  66    0.0000220  -0.00006627
  67    0.0000264  -0.00007181
  68    0.0000255  -0.00007066
  69    0.0000208  -0.00006569
  70    0.0000002  -0.00000065
  71    0.0000118  -0.00003146
  72    0.0000149  -0.00003578
  73    0.0000190  -0.00003692
  74    0.0000185  -0.00003712
  75    0.0000002  -0.00000065
  76    0.0000109  -0.00002967
  77    0.0000141  -0.00003389
  78    0.0000117  -0.00003034
  79    0.0000136  -0.00003291
  80    0.0000002  -0.00000061
  81    0.0000098  -0.00002455
  82    0.0000133  -0.00002869
  83    0.0000079  -0.00002190
  84    0.0000118  -0.00002294
  85    0.0000002  -0.00000061
  86    0.0000061  -0.00002022
  87    0.0000111  -0.00002320
  88    0.0000078  -0.00001993
  89    0.0000096  -0.00002426
  90    0.0000002  -0.00000056
  91    0.0000050  -0.00001800
  92    0.0000102  -0.00002318
  93    0.0000054  -0.00001721
  94    0.0000083  -0.00002096
  95    0.0000002  -0.00000063
  96    0.0000048  -0.00001480
  97    0.0000055  -0.00001802
  98    0.0000053  -0.00001577
  99    0.0000075  -0.00001976
 100    0.0000001  -0.00000050
 101    0.0000046  -0.00001443
 102    0.0000045  -0.00001487
 103    0.0000051  -0.00001370
 104    0.0000039  -0.00001447
 105    0.0000001  -0.00000050
 106    0.0000034  -0.00001201
 107    0.0000044  -0.00001244
 108    0.0000043  -0.00001344
 109    0.0000037  -0.00001063
 110    0.0000001  -0.00000049
 111    0.0000031  -0.00000936
 112    0.0000040  -0.00001156
 113    0.0000037  -0.00001143
 114    0.0000032  -0.00001180
 115    0.0000001  -0.00000043
 116    0.0000030  -0.00000930
 117    0.0000035  -0.00001125
 118    0.0000029  -0.00000884
 119    0.0000029  -0.00001009
 120    0.0000001  -0.00000044
 121    0.0000027  -0.00000748
 122    0.0000032  -0.00001009
 123    0.0000025  -0.00000709
 124    0.0000029  -0.00000894
 125    0.0000001  -0.00000048
 126    0.0000023  -0.00000390
 127    0.0000026  -0.00000675
 128    0.0000025  -0.00000706
 129    0.0000027  -0.00000602
 130    0.0000001  -0.00000040
 131    0.0000020  -0.00000395
 132    0.0000023  -0.00000480
 133    0.0000023  -0.00000400
 134    0.0000025  -0.00000567
 135    0.0000001  -0.00000041
 136    0.0000017  -0.00000247
 137    0.0000019  -0.00000354
 138    0.0000021  -0.00000364
 139    0.0000022  -0.00000362
 140    0.0000001  -0.00000047
 141    0.0000016  -0.00000088
 142    0.0000018  -0.00000128
 143    0.0000017  -0.00000080
 144    0.0000022  -0.00000419
 145    0.0000001  -0.00000044
 146    0.0000014  -0.00000076
 147    0.0000018  -0.00000237
 148    0.0000015  -0.00000083
 149    0.0000017  -0.00000253
 150    0.0000001  -0.00000047
 151    0.0000013  -0.00000078
 152    0.0000015  -0.00000102
 153    0.0000015  -0.00000060
 154    0.0000016  -0.00000070
 155    0.0000001  -0.00000037
 156    0.0000012  -0.00000070
 157    0.0000014  0.00000006
 158    0.0000014  -0.00000023
 159    0.0000014  -0.00000058
 160    0.0000001  -0.00000040
 161    0.0000010  -0.00000036
 162    0.0000014  -0.00000091
 163    0.0000013  -0.00000069
 164    0.0000013  -0.00000071
 165    0.0000001  -0.00000042
 166    0.0000010  -0.00000029
 167    0.0000013  -0.00000039
 168    0.0000013  -0.00000030
 169    0.0000013  -0.00000043
 170    0.0000001  -0.00000039
 171    0.0000009  -0.00000035
 172    0.0000011  -0.00000012
 173    0.0000011  -0.00000018
 174    0.0000011  -0.00000020
 175    0.0000001  -0.00000031
 
----------------
 Final Energies 
----------------
Final NOF Total Energy =     -40.3666720
 
Total Orbital Internal Iterations = 10
Total Occupation Internal Iterations = 0
 
Elapsed time:   30.17 Seconds

---------------------------------
   Lowdin Population Analysis    
---------------------------------
 Idx  Atom   Population   Charge 
---------------------------------
  1     H     1.078      -0.078
  2     C     5.688       0.312
  3     H     1.078      -0.078
  4     H     1.078      -0.078
  5     H     1.078      -0.078

---------------------------------
   M Diagnostic: 0.03
---------------------------------

