Computing Integrals
Basis Set                                            = def2-qzvp
Auxiliary Basis Set                                  = def2-universal-jkfit
Gaussian Type                                        = Spherical
Elapsed time:    1.52 Seconds

Number of basis functions                   (NBF)    = 30
Number of auxiliary basis functions         (NBFAUX) = 23
Inactive Doubly occupied orbitals up to     (NO1)    = 0
No. considered Strongly Doubly occupied MOs (NDOC)   = 1
No. considered Strongly Singly occupied MOs (NSOC)   = 0
NO. of Weakly occ. per St. Doubly occ.  MOs (NCWO)   = 29
Dimension of the Nat. Orb. subspace         (NBF5)   = 30
No. of electrons                                     = 2
    No. of alpha electrons                           = 1
    No. of beta electrons                            = 1
Multiplicity                                         = 1

Geometry
========
He       0.0000000       0.0000000       0.0000000

No violations of the orthonormality
No violations of the orthonormality
 
PNOF7/ADABelief Calculation
==================
 
  Nitext  Nit_orb  Time   Nit_occ  Time         Eelec          Etot           Ediff      maxdiff    MaxGrad_orb  Grad_occ
     1      10    9.0e+00    0    1.1e+01    -2.90181916    -2.90181916 -10001.90181916   0.000349   1.4e-03   6.5e-05 0.01
 
RESULTS OF THE OCCUPATION OPTIMIZATION
========================================
   1    1.9838514  -0.95014568
   2    0.0075861  -0.01113124
   3    0.0026335  -0.00435367
   4    0.0026318  -0.00435231
   5    0.0026299  -0.00435181
   6    0.0001040  -0.00040415
   7    0.0000843  -0.00030493
   8    0.0000829  -0.00030398
   9    0.0000826  -0.00030405
  10    0.0000504  -0.00017938
  11    0.0000504  -0.00017939
  12    0.0000504  -0.00017937
  13    0.0000502  -0.00017930
  14    0.0000500  -0.00017921
  15    0.0000111  -0.00002381
  16    0.0000075  -0.00005330
  17    0.0000075  -0.00005357
  18    0.0000074  -0.00005322
  19    0.0000043  -0.00003696
  20    0.0000043  -0.00003695
  21    0.0000043  -0.00003693
  22    0.0000043  -0.00003692
  23    0.0000043  -0.00003691
  24    0.0000010  0.00000906
  25    0.0000010  0.00000906
  26    0.0000010  0.00000906
  27    0.0000010  0.00000906
  28    0.0000010  0.00000906
  29    0.0000010  0.00000906
  30    0.0000010  0.00000906
 
----------------
 Final Energies 
----------------
Final NOF Total Energy =      -2.9018192
 
Total Orbital Internal Iterations = 10
Total Occupation Internal Iterations = 0
 
Elapsed time:   26.48 Seconds

---------------------------------
   Lowdin Population Analysis    
---------------------------------
 Idx  Atom   Population   Charge 
---------------------------------
  1    He     2.000       0.000

---------------------------------
   M Diagnostic: 0.01
---------------------------------

