Computing Integrals
Basis Set                                            = def2-qzvp
Auxiliary Basis Set                                  = def2-universal-jkfit
Gaussian Type                                        = Spherical
Elapsed time:    3.15 Seconds

Number of basis functions                   (NBF)    = 184
Number of auxiliary basis functions         (NBFAUX) = 282
Inactive Doubly occupied orbitals up to     (NO1)    = 0
No. considered Strongly Doubly occupied MOs (NDOC)   = 16
No. considered Strongly Singly occupied MOs (NSOC)   = 1
NO. of Weakly occ. per St. Doubly occ.  MOs (NCWO)   = 10
Dimension of the Nat. Orb. subspace         (NBF5)   = 177
No. of electrons                                     = 33
    No. of alpha electrons                           = 17
    No. of beta electrons                            = 16
Multiplicity                                         = 2

Geometry
========
Cl      -0.5609740      -0.9946370       0.0000000
 O       0.0000000       0.9587120       0.0000000
 O       1.1920690       1.1548920       0.0000000

Orthonormality violations 998, Maximum Violation 0.000012
Trying to orthonormalize
No violations of the orthonormality
No violations of the orthonormality
 
PNOF7/ADABelief Calculation
==================
 
  Nitext  Nit_orb  Time   Nit_occ  Time         Eelec          Etot           Ediff      maxdiff    MaxGrad_orb  Grad_occ
     1      10    2.4e+01    0    2.7e+01  -698.92517954  -609.53361121 -10697.92517954   0.000099   4.0e-04   2.3e-04 0.50
 
RESULTS OF THE OCCUPATION OPTIMIZATION
========================================
   1    1.9999213  -96.86175469
   2    1.9996838  -20.74208796
   3    1.9996799  -20.71080220
   4    1.9999727  -18.62067349
   5    1.9994561  -8.06877493
   6    1.9995322  -8.06546183
   7    1.9992736  -8.06424783
   8    1.9485228  -1.11748335
   9    1.9786198  -1.02766154
  10    1.9783970  -1.00803905
  11    1.9774554  -1.00495355
  12    1.9781015  -0.98589351
  13    1.9792242  -0.89973391
  14    1.9551068  -0.68087152
  15    1.9317923  -0.53777057
  16    1.4979615  -0.47289407
  17    1.0000000  -0.33014778
  18    0.5019209  -0.18087576
  19    0.0240161  -0.01330582
  20    0.0195320  -0.01278682
  21    0.0118456  -0.00816759
  22    0.0141858  -0.01195394
  23    0.0139162  -0.01172735
  24    0.0143154  -0.01157722
  25    0.0136910  -0.01135203
  26    0.0481340  -0.04666822
  27    0.0002288  -0.00251935
  28    0.0002367  -0.00274072
  29    0.0003077  -0.00325858
  30    0.0000245  -0.00035440
  31    0.0002359  -0.00779429
  32    0.0002368  -0.00781100
  33    0.0000498  -0.00841997
  34    0.0000246  -0.00005313
  35    0.0212661  -0.01171833
  36    0.0156617  -0.01057195
  37    0.0042036  -0.00360270
  38    0.0032242  -0.00394153
  39    0.0036462  -0.00390218
  40    0.0031208  -0.00382448
  41    0.0029365  -0.00372972
  42    0.0025865  -0.00416602
  43    0.0002040  -0.00245369
  44    0.0002206  -0.00233437
  45    0.0002179  -0.00224571
  46    0.0000005  -0.00001040
  47    0.0000386  -0.00089316
  48    0.0000392  -0.00090310
  49    0.0000097  -0.00111945
  50    0.0000203  -0.00003533
  51    0.0155984  -0.00846812
  52    0.0078139  -0.00565065
  53    0.0010398  -0.00134173
  54    0.0027137  -0.00366013
  55    0.0023695  -0.00336047
  56    0.0024955  -0.00324951
  57    0.0018739  -0.00271754
  58    0.0002830  -0.00075336
  59    0.0001430  -0.00159150
  60    0.0000042  -0.00005389
  61    0.0000057  -0.00006070
  62    0.0000004  -0.00000901
  63    0.0000299  -0.00067159
  64    0.0000251  -0.00056649
  65    0.0000089  -0.00101942
  66    0.0000190  -0.00003344
  67    0.0069991  -0.00447743
  68    0.0006218  -0.00081669
  69    0.0009123  -0.00117088
  70    0.0008234  -0.00145873
  71    0.0010592  -0.00174878
  72    0.0007347  -0.00130369
  73    0.0013167  -0.00178517
  74    0.0002784  -0.00075143
  75    0.0001392  -0.00155719
  76    0.0000017  -0.00002077
  77    0.0000032  -0.00003441
  78    0.0000003  -0.00000847
  79    0.0000068  -0.00016340
  80    0.0000055  -0.00022513
  81    0.0000085  -0.00098509
  82    0.0000178  -0.00003018
  83    0.0001515  -0.00020424
  84    0.0005262  -0.00071851
  85    0.0007828  -0.00103352
  86    0.0002786  -0.00066315
  87    0.0007817  -0.00138798
  88    0.0002827  -0.00065997
  89    0.0007774  -0.00134190
  90    0.0000829  -0.00026105
  91    0.0000045  -0.00005851
  92    0.0000011  -0.00001560
  93    0.0000024  -0.00002464
  94    0.0000003  -0.00001218
  95    0.0000052  -0.00028669
  96    0.0000044  -0.00017932
  97    0.0000013  -0.00043510
  98    0.0000132  -0.00003064
  99    0.0000508  -0.00009123
 100    0.0004212  -0.00057677
 101    0.0007322  -0.00098455
 102    0.0002717  -0.00063746
 103    0.0002679  -0.00065178
 104    0.0002441  -0.00060379
 105    0.0002702  -0.00064438
 106    0.0000456  -0.00018906
 107    0.0000026  -0.00002810
 108    0.0000008  -0.00001337
 109    0.0000018  -0.00002108
 110    0.0000003  -0.00000729
 111    0.0000013  -0.00003285
 112    0.0000016  -0.00004113
 113    0.0000001  -0.00000464
 114    0.0000091  -0.00004136
 115    0.0000356  -0.00005922
 116    0.0001649  -0.00024355
 117    0.0006436  -0.00086340
 118    0.0001339  -0.00035769
 119    0.0002355  -0.00055773
 120    0.0001360  -0.00035941
 121    0.0002591  -0.00064185
 122    0.0000293  -0.00007751
 123    0.0000013  -0.00001673
 124    0.0000008  -0.00001262
 125    0.0000017  -0.00002058
 126    0.0000003  -0.00000672
 127    0.0000009  -0.00002627
 128    0.0000013  -0.00003329
 129    0.0000001  -0.00000352
 130    0.0000069  -0.00002729
 131    0.0000321  -0.00006640
 132    0.0000592  -0.00011486
 133    0.0004596  -0.00063624
 134    0.0001308  -0.00036789
 135    0.0001052  -0.00031777
 136    0.0001241  -0.00034707
 137    0.0001123  -0.00030298
 138    0.0000193  -0.00007178
 139    0.0000011  -0.00001552
 140    0.0000007  -0.00001138
 141    0.0000013  -0.00001734
 142    0.0000002  -0.00000660
 143    0.0000008  -0.00002123
 144    0.0000011  -0.00003084
 145    0.0000001  -0.00000301
 146    0.0000035  -0.00002668
 147    0.0000301  -0.00006190
 148    0.0000478  -0.00010822
 149    0.0000889  -0.00019661
 150    0.0000802  -0.00021683
 151    0.0000958  -0.00024984
 152    0.0001043  -0.00029835
 153    0.0000827  -0.00028193
 154    0.0000117  -0.00005814
 155    0.0000010  -0.00001376
 156    0.0000006  -0.00001083
 157    0.0000012  -0.00001568
 158    0.0000002  -0.00000616
 159    0.0000005  -0.00001752
 160    0.0000007  -0.00002028
 161    0.0000000  -0.00000204
 162    0.0000033  -0.00002246
 163    0.0000280  -0.00005087
 164    0.0000444  -0.00010415
 165    0.0000673  -0.00014329
 166    0.0000562  -0.00017531
 167    0.0000674  -0.00021826
 168    0.0000454  -0.00014582
 169    0.0000604  -0.00020493
 170    0.0000065  -0.00004460
 171    0.0000008  -0.00001309
 172    0.0000006  -0.00001107
 173    0.0000010  -0.00001457
 174    0.0000002  -0.00000571
 175    0.0000003  -0.00002365
 176    0.0000005  -0.00002719
 177    0.0000000  -0.00000155
 
----------------
 Final Energies 
----------------
Final NOF Total Energy =    -609.5336112
 
Total Orbital Internal Iterations = 10
Total Occupation Internal Iterations = 0
 
Elapsed time:   71.27 Seconds

---------------------------------
   Lowdin Population Analysis    
---------------------------------
 Idx  Atom   Population   Charge 
---------------------------------
  1    Cl    16.975       0.025
  2     O     8.047      -0.047
  3     O     7.978       0.022

---------------------------------
   M Diagnostic: 0.50
---------------------------------

