Computing Integrals
Basis Set                                            = def2-qzvp
Auxiliary Basis Set                                  = def2-universal-jkfit
Gaussian Type                                        = Spherical
Elapsed time:    2.40 Seconds

Number of basis functions                   (NBF)    = 204
Number of auxiliary basis functions         (NBFAUX) = 208
Inactive Doubly occupied orbitals up to     (NO1)    = 0
No. considered Strongly Doubly occupied MOs (NDOC)   = 10
No. considered Strongly Singly occupied MOs (NSOC)   = 0
NO. of Weakly occ. per St. Doubly occ.  MOs (NCWO)   = 19
Dimension of the Nat. Orb. subspace         (NBF5)   = 200
No. of electrons                                     = 20
    No. of alpha electrons                           = 10
    No. of beta electrons                            = 10
Multiplicity                                         = 1

Geometry
========
 H      -0.0913883      -0.2448128       0.0130826
 H       1.5272733       0.3383121       0.6525543
 O      -1.2208378      -0.2356182       0.0613147
 O       1.2462132      -0.2206110      -0.0771381
 H      -1.4612604       0.3627299      -0.6498135

Orthonormality violations 18109, Maximum Violation 0.000097
Trying to orthonormalize
No violations of the orthonormality
No violations of the orthonormality
 
PNOF7/ADABelief Calculation
==================
 
  Nitext  Nit_orb  Time   Nit_occ  Time         Eelec          Etot           Ediff      maxdiff    MaxGrad_orb  Grad_occ
     1      10    1.1e+01    0    1.2e+01  -184.94543090  -151.77708298 -10183.94543090   0.000099   4.0e-04   3.2e-04 0.03
 
RESULTS OF THE OCCUPATION OPTIMIZATION
========================================
   1    1.9997332  -20.29229761
   2    1.9997460  -20.24412387
   3    1.9656692  -0.61230244
   4    1.9775981  -0.57869284
   5    1.9634428  -0.55638843
   6    1.9817126  -0.50562793
   7    1.9797544  -0.46833961
   8    1.9794534  -0.46434082
   9    1.9762972  -0.39761573
  10    1.9763266  -0.39607797
  11    0.0200188  -0.01328895
  12    0.0199883  -0.01333435
  13    0.0174078  -0.01285004
  14    0.0169489  -0.01264884
  15    0.0142386  -0.01153308
  16    0.0302911  -0.02072419
  17    0.0161533  -0.01365186
  18    0.0285016  -0.02083542
  19    0.0002213  -0.00751711
  20    0.0002247  -0.00757479
  21    0.0015524  -0.00195270
  22    0.0014350  -0.00190268
  23    0.0012422  -0.00180428
  24    0.0011604  -0.00174924
  25    0.0017102  -0.00231685
  26    0.0035738  -0.00378627
  27    0.0030378  -0.00340282
  28    0.0031933  -0.00367223
  29    0.0000262  -0.00065106
  30    0.0000283  -0.00068611
  31    0.0008879  -0.00123012
  32    0.0009286  -0.00131035
  33    0.0007845  -0.00125423
  34    0.0008713  -0.00128908
  35    0.0010965  -0.00149460
  36    0.0013660  -0.00174247
  37    0.0013995  -0.00183985
  38    0.0014453  -0.00184988
  39    0.0000020  -0.00020185
  40    0.0000070  -0.00023462
  41    0.0006527  -0.00105002
  42    0.0008802  -0.00121989
  43    0.0006504  -0.00107256
  44    0.0005899  -0.00103954
  45    0.0006898  -0.00117655
  46    0.0009719  -0.00136856
  47    0.0012805  -0.00174267
  48    0.0008610  -0.00127746
  49    0.0000005  -0.00000795
  50    0.0000032  -0.00022995
  51    0.0001923  -0.00037010
  52    0.0001131  -0.00029183
  53    0.0001598  -0.00034531
  54    0.0001991  -0.00037998
  55    0.0001396  -0.00030484
  56    0.0000966  -0.00015344
  57    0.0001719  -0.00035873
  58    0.0000831  -0.00016642
  59    0.0000003  -0.00000354
  60    0.0000006  -0.00000638
  61    0.0001203  -0.00029747
  62    0.0000872  -0.00025844
  63    0.0001018  -0.00027556
  64    0.0001491  -0.00033102
  65    0.0001162  -0.00027130
  66    0.0000693  -0.00015967
  67    0.0000860  -0.00024808
  68    0.0000589  -0.00012894
  69    0.0000003  -0.00000136
  70    0.0000005  -0.00000415
  71    0.0000990  -0.00026536
  72    0.0000734  -0.00020090
  73    0.0000789  -0.00022484
  74    0.0001105  -0.00030059
  75    0.0001036  -0.00027137
  76    0.0000401  -0.00009983
  77    0.0000753  -0.00022110
  78    0.0000585  -0.00012792
  79    0.0000003  -0.00000151
  80    0.0000003  -0.00000206
  81    0.0000705  -0.00019142
  82    0.0000644  -0.00015970
  83    0.0000347  -0.00013757
  84    0.0001023  -0.00026707
  85    0.0000909  -0.00025851
  86    0.0000349  -0.00008292
  87    0.0000624  -0.00016115
  88    0.0000316  -0.00009123
  89    0.0000003  -0.00000134
  90    0.0000002  -0.00000122
  91    0.0000297  -0.00011685
  92    0.0000439  -0.00013352
  93    0.0000213  -0.00010304
  94    0.0000420  -0.00013500
  95    0.0000291  -0.00009883
  96    0.0000314  -0.00007704
  97    0.0000366  -0.00012209
  98    0.0000247  -0.00007223
  99    0.0000003  -0.00000105
 100    0.0000002  -0.00000134
 101    0.0000119  -0.00005915
 102    0.0000322  -0.00008204
 103    0.0000164  -0.00007432
 104    0.0000123  -0.00005861
 105    0.0000151  -0.00007477
 106    0.0000264  -0.00008012
 107    0.0000291  -0.00007449
 108    0.0000178  -0.00007080
 109    0.0000003  -0.00000085
 110    0.0000002  -0.00000136
 111    0.0000079  -0.00003682
 112    0.0000149  -0.00003553
 113    0.0000099  -0.00003770
 114    0.0000112  -0.00003751
 115    0.0000135  -0.00003642
 116    0.0000104  -0.00004494
 117    0.0000242  -0.00004884
 118    0.0000104  -0.00004570
 119    0.0000003  -0.00000100
 120    0.0000002  -0.00000078
 121    0.0000056  -0.00002575
 122    0.0000077  -0.00003178
 123    0.0000068  -0.00002510
 124    0.0000107  -0.00003289
 125    0.0000097  -0.00004024
 126    0.0000103  -0.00003213
 127    0.0000126  -0.00003315
 128    0.0000099  -0.00003418
 129    0.0000003  -0.00000090
 130    0.0000002  -0.00000087
 131    0.0000054  -0.00002259
 132    0.0000073  -0.00002685
 133    0.0000063  -0.00002289
 134    0.0000086  -0.00003134
 135    0.0000079  -0.00003611
 136    0.0000077  -0.00002986
 137    0.0000091  -0.00003553
 138    0.0000083  -0.00002317
 139    0.0000003  -0.00000115
 140    0.0000002  -0.00000064
 141    0.0000048  -0.00002190
 142    0.0000064  -0.00002428
 143    0.0000062  -0.00002202
 144    0.0000063  -0.00002263
 145    0.0000068  -0.00002489
 146    0.0000061  -0.00001920
 147    0.0000072  -0.00003273
 148    0.0000074  -0.00002040
 149    0.0000003  -0.00000087
 150    0.0000002  -0.00000434
 151    0.0000042  -0.00001685
 152    0.0000058  -0.00002284
 153    0.0000049  -0.00001755
 154    0.0000054  -0.00002303
 155    0.0000054  -0.00002407
 156    0.0000056  -0.00001953
 157    0.0000065  -0.00002480
 158    0.0000049  -0.00001968
 159    0.0000003  -0.00000076
 160    0.0000001  -0.00000147
 161    0.0000031  -0.00000953
 162    0.0000049  -0.00001808
 163    0.0000048  -0.00001614
 164    0.0000053  -0.00002018
 165    0.0000048  -0.00001730
 166    0.0000048  -0.00001761
 167    0.0000033  -0.00001930
 168    0.0000046  -0.00001556
 169    0.0000002  -0.00000076
 170    0.0000001  -0.00000406
 171    0.0000026  -0.00000393
 172    0.0000043  -0.00001550
 173    0.0000037  -0.00001256
 174    0.0000045  -0.00001736
 175    0.0000040  -0.00001592
 176    0.0000041  -0.00000959
 177    0.0000025  -0.00001010
 178    0.0000038  -0.00001051
 179    0.0000002  -0.00000064
 180    0.0000001  -0.00000066
 181    0.0000022  -0.00000220
 182    0.0000028  -0.00000608
 183    0.0000034  -0.00000944
 184    0.0000041  -0.00001210
 185    0.0000031  -0.00000705
 186    0.0000036  -0.00000764
 187    0.0000021  -0.00000575
 188    0.0000034  -0.00000903
 189    0.0000002  -0.00000071
 190    0.0000001  -0.00000075
 191    0.0000020  -0.00000187
 192    0.0000024  -0.00000438
 193    0.0000028  -0.00000455
 194    0.0000037  -0.00000557
 195    0.0000026  -0.00000423
 196    0.0000030  -0.00000600
 197    0.0000021  -0.00000494
 198    0.0000025  -0.00000639
 199    0.0000002  -0.00000929
 200    0.0000001  -0.00000418
 
----------------
 Final Energies 
----------------
Final NOF Total Energy =    -151.7770830
 
Total Orbital Internal Iterations = 10
Total Occupation Internal Iterations = 0
 
Elapsed time:   30.54 Seconds

---------------------------------
   Lowdin Population Analysis    
---------------------------------
 Idx  Atom   Population   Charge 
---------------------------------
  1     H     1.473      -0.473
  2     H     1.520      -0.520
  3     O     7.654       0.346
  4     O     7.909       0.091
  5     H     1.444      -0.444

---------------------------------
   M Diagnostic: 0.03
---------------------------------

