Computing Integrals
Basis Set                                            = def2-qzvp
Auxiliary Basis Set                                  = def2-universal-jkfit
Gaussian Type                                        = Spherical
Elapsed time:    1.67 Seconds

Number of basis functions                   (NBF)    = 87
Number of auxiliary basis functions         (NBFAUX) = 95
Inactive Doubly occupied orbitals up to     (NO1)    = 0
No. considered Strongly Doubly occupied MOs (NDOC)   = 5
No. considered Strongly Singly occupied MOs (NSOC)   = 0
NO. of Weakly occ. per St. Doubly occ.  MOs (NCWO)   = 16
Dimension of the Nat. Orb. subspace         (NBF5)   = 85
No. of electrons                                     = 10
    No. of alpha electrons                           = 5
    No. of beta electrons                            = 5
Multiplicity                                         = 1

Geometry
========
 O       0.0000000       0.0000000      -0.4822198
 H       0.0000000       0.0000000       0.4822198

Orthonormality violations 229, Maximum Violation 0.000007
Trying to orthonormalize
No violations of the orthonormality
No violations of the orthonormality
 
PNOF7/ADABelief Calculation
==================
 
  Nitext  Nit_orb  Time   Nit_occ  Time         Eelec          Etot           Ediff      maxdiff    MaxGrad_orb  Grad_occ
     1      10    9.1e+00    0    1.2e+01   -79.93702677   -75.54752533 -10078.93702677   0.000095   3.8e-04   1.4e-04 0.04
 
RESULTS OF THE OCCUPATION OPTIMIZATION
========================================
   1    1.9997367  -20.17602123
   2    1.9596672  -0.47744443
   3    1.9744941  -0.33695470
   4    1.9741305  -0.33530946
   5    1.9733476  -0.32646463
   6    0.0222482  -0.01341349
   7    0.0220419  -0.01346591
   8    0.0224588  -0.01364410
   9    0.0329292  -0.02058499
  10    0.0002286  -0.00761594
  11    0.0016736  -0.00195185
  12    0.0016782  -0.00195979
  13    0.0014491  -0.00181737
  14    0.0040338  -0.00390985
  15    0.0000288  -0.00068718
  16    0.0012976  -0.00154792
  17    0.0009358  -0.00122782
  18    0.0007448  -0.00110857
  19    0.0015989  -0.00185104
  20    0.0000037  -0.00024402
  21    0.0008126  -0.00113044
  22    0.0006345  -0.00102278
  23    0.0003866  -0.00077582
  24    0.0014496  -0.00175299
  25    0.0000006  -0.00000605
  26    0.0002603  -0.00043714
  27    0.0001619  -0.00034195
  28    0.0001246  -0.00029266
  29    0.0000737  -0.00014242
  30    0.0000003  -0.00000311
  31    0.0001186  -0.00029662
  32    0.0001353  -0.00029552
  33    0.0001105  -0.00028001
  34    0.0000666  -0.00011828
  35    0.0000002  -0.00000183
  36    0.0001090  -0.00026465
  37    0.0001061  -0.00028743
  38    0.0000985  -0.00026247
  39    0.0000510  -0.00009134
  40    0.0000002  -0.00001381
  41    0.0000510  -0.00016268
  42    0.0000745  -0.00019542
  43    0.0000578  -0.00018033
  44    0.0000378  -0.00008730
  45    0.0000001  -0.00000232
  46    0.0000330  -0.00008953
  47    0.0000572  -0.00015263
  48    0.0000151  -0.00005265
  49    0.0000298  -0.00009068
  50    0.0000001  -0.00000154
  51    0.0000119  -0.00005379
  52    0.0000100  -0.00005351
  53    0.0000134  -0.00006181
  54    0.0000179  -0.00005969
  55    0.0000001  -0.00000103
  56    0.0000113  -0.00004312
  57    0.0000096  -0.00004174
  58    0.0000117  -0.00003278
  59    0.0000125  -0.00004534
  60    0.0000001  -0.00000124
  61    0.0000074  -0.00003695
  62    0.0000070  -0.00002852
  63    0.0000089  -0.00003478
  64    0.0000083  -0.00002994
  65    0.0000001  -0.00000081
  66    0.0000057  -0.00002744
  67    0.0000061  -0.00003075
  68    0.0000081  -0.00003121
  69    0.0000080  -0.00002798
  70    0.0000001  -0.00000067
  71    0.0000053  -0.00001850
  72    0.0000048  -0.00002125
  73    0.0000066  -0.00002499
  74    0.0000069  -0.00002524
  75    0.0000001  -0.00000072
  76    0.0000039  -0.00001867
  77    0.0000037  -0.00001230
  78    0.0000061  -0.00002068
  79    0.0000048  -0.00001613
  80    0.0000001  -0.00000070
  81    0.0000030  -0.00001498
  82    0.0000028  -0.00000771
  83    0.0000052  -0.00001880
  84    0.0000040  -0.00001071
  85    0.0000001  -0.00000069
 
----------------
 Final Energies 
----------------
Final NOF Total Energy =     -75.5475253
 
Total Orbital Internal Iterations = 10
Total Occupation Internal Iterations = 0
 
Elapsed time:   27.97 Seconds

---------------------------------
   Lowdin Population Analysis    
---------------------------------
 Idx  Atom   Population   Charge 
---------------------------------
  1     O     8.381      -0.381
  2     H     1.619      -0.619

---------------------------------
   M Diagnostic: 0.04
---------------------------------

