Computing Integrals
Basis Set                                            = def2-qzvp
Auxiliary Basis Set                                  = def2-universal-jkfit
Gaussian Type                                        = Spherical
Elapsed time:    2.99 Seconds

Number of basis functions                   (NBF)    = 234
Number of auxiliary basis functions         (NBFAUX) = 222
Inactive Doubly occupied orbitals up to     (NO1)    = 0
No. considered Strongly Doubly occupied MOs (NDOC)   = 8
No. considered Strongly Singly occupied MOs (NSOC)   = 0
NO. of Weakly occ. per St. Doubly occ.  MOs (NCWO)   = 1
Dimension of the Nat. Orb. subspace         (NBF5)   = 16
No. of electrons                                     = 16
    No. of alpha electrons                           = 8
    No. of beta electrons                            = 8
Multiplicity                                         = 1

Geometry
========
 C      -0.6634720       0.0000000       0.0000000
 C       0.6634720       0.0000000       0.0000000
 H      -1.2345990      -0.9225180       0.0000000
 H      -1.2345990       0.9225180       0.0000000
 H       1.2345990       0.9225180       0.0000000
 H       1.2345990      -0.9225180       0.0000000

Orthonormality violations 21489, Maximum Violation 0.000087
Trying to orthonormalize
No violations of the orthonormality
No violations of the orthonormality
 
PNOF8/ADABelief Calculation
==================
 
  Nitext  Nit_orb  Time   Nit_occ  Time         Eelec          Etot           Ediff      maxdiff    MaxGrad_orb  Grad_occ
     1      10    9.8e+00    0    1.2e+01  -111.75835000   -78.33294898 -10110.75835000   0.000099   4.0e-04   1.4e-04 0.04
 
RESULTS OF THE OCCUPATION OPTIMIZATION
========================================
   1    1.9995788  -11.22081964
   2    1.9995925  -11.22079488
   3    1.9810644  -0.87184420
   4    1.9772758  -0.68144964
   5    1.9772330  -0.68121692
   6    1.9772294  -0.68118557
   7    1.9772261  -0.68106865
   8    1.9558575  -0.39027052
   9    0.0441425  -0.03727712
  10    0.0227739  -0.02538919
  11    0.0227706  -0.02539011
  12    0.0227670  -0.02538840
  13    0.0227242  -0.02537059
  14    0.0189356  -0.02906377
  15    0.0004075  -0.00775620
  16    0.0004212  -0.00787448
 
----------------
 Final Energies 
----------------
Final NOF Total Energy =     -78.3329490
 
Total Orbital Internal Iterations = 10
Total Occupation Internal Iterations = 0
 
Elapsed time:   29.23 Seconds

---------------------------------
   Lowdin Population Analysis    
---------------------------------
 Idx  Atom   Population   Charge 
---------------------------------
  1     C     5.828       0.172
  2     C     5.828       0.172
  3     H     1.086      -0.086
  4     H     1.086      -0.086
  5     H     1.086      -0.086
  6     H     1.086      -0.086

---------------------------------
   M Diagnostic: 0.04
---------------------------------

