Computing Integrals
Basis Set                                            = def2-qzvp
Auxiliary Basis Set                                  = def2-universal-jkfit
Gaussian Type                                        = Spherical
Elapsed time:   11.63 Seconds

Number of basis functions                   (NBF)    = 595
Number of auxiliary basis functions         (NBFAUX) = 651
Inactive Doubly occupied orbitals up to     (NO1)    = 0
No. considered Strongly Doubly occupied MOs (NDOC)   = 28
No. considered Strongly Singly occupied MOs (NSOC)   = 0
NO. of Weakly occ. per St. Doubly occ.  MOs (NCWO)   = 1
Dimension of the Nat. Orb. subspace         (NBF5)   = 56
No. of electrons                                     = 56
    No. of alpha electrons                           = 28
    No. of beta electrons                            = 28
Multiplicity                                         = 1

Geometry
========
 S       0.6667756       2.0543737       0.1497769
 N      -1.6208143       0.8029236      -0.0255457
 N       0.2449572      -0.5242493      -0.4713313
 C      -0.2803360       0.7522508      -0.1204862
 H      -2.1841745      -0.0203276      -0.1168586
 H      -2.0547292       1.6577096       0.2662196
 H      -0.0281872      -0.7636030      -1.4152348
 C      -0.0786670      -1.5992779       0.4590026
 C       0.5126049      -2.9092094      -0.0100574
 H       0.3455546      -1.3217094       1.4217956
 H      -1.1576888      -1.7300771       0.6165865
 H       1.5947639      -2.8506008      -0.0718052
 H       0.2444810      -3.7087085       0.6744280
 H       0.1276498      -3.1776847      -0.9930000

Orthonormality violations 211588, Maximum Violation 0.000150
Trying to orthonormalize
No violations of the orthonormality
No violations of the orthonormality
 
PNOF8/ADABelief Calculation
==================
 
  Nitext  Nit_orb  Time   Nit_occ  Time         Eelec          Etot           Ediff      maxdiff    MaxGrad_orb  Grad_occ
     1      10    1.4e+01    0    1.2e+01  -918.63479043  -625.79681208 -10917.63479043   0.000100   4.0e-04   2.0e-04 0.04
 
RESULTS OF THE OCCUPATION OPTIMIZATION
========================================
   1    1.9999609  -91.95009086
   2    1.9996733  -15.60794641
   3    1.9996374  -15.57043692
   4    1.9995201  -11.34069107
   5    1.9995398  -11.25845529
   6    1.9995509  -11.21845702
   7    1.9990825  -8.90762352
   8    1.9985567  -6.61545109
   9    1.9985713  -6.60375334
  10    1.9986920  -6.60129560
  11    1.9953607  -1.20380759
  12    1.9954048  -1.09796373
  13    1.9919712  -0.90622087
  14    1.9769100  -0.78473664
  15    1.9773144  -0.77470847
  16    1.9765083  -0.69888794
  17    1.9767642  -0.68673179
  18    1.9771016  -0.68351383
  19    1.9730189  -0.68186399
  20    1.9771009  -0.67791605
  21    1.9766313  -0.67570601
  22    1.9709220  -0.66623406
  23    1.9744130  -0.65173812
  24    1.9702477  -0.64383725
  25    1.9741990  -0.59225556
  26    1.9716105  -0.57034067
  27    1.9631437  -0.38434332
  28    1.9822858  -0.36116607
  29    0.0177142  -0.02101193
  30    0.0368563  -0.04539052
  31    0.0283895  -0.04197022
  32    0.0258010  -0.03712617
  33    0.0297523  -0.03956261
  34    0.0255870  -0.02993950
  35    0.0290780  -0.04060178
  36    0.0233687  -0.02567755
  37    0.0228991  -0.02541898
  38    0.0269811  -0.03483991
  39    0.0228984  -0.02541921
  40    0.0232358  -0.02633398
  41    0.0234917  -0.02691127
  42    0.0226856  -0.02940400
  43    0.0230900  -0.02974606
  44    0.0080288  -0.02143893
  45    0.0045952  -0.01868159
  46    0.0046393  -0.01980292
  47    0.0013080  -0.01832340
  48    0.0014287  -0.01712749
  49    0.0014433  -0.01759162
  50    0.0009175  -0.01591504
  51    0.0004491  -0.00806016
  52    0.0004602  -0.00834593
  53    0.0004799  -0.00967395
  54    0.0003626  -0.00886316
  55    0.0003267  -0.00845795
  56    0.0000391  -0.00643631
 
----------------
 Final Energies 
----------------
Final NOF Total Energy =    -625.7968121
 
Total Orbital Internal Iterations = 10
Total Occupation Internal Iterations = 0
 
Elapsed time:   35.85 Seconds

---------------------------------
   Lowdin Population Analysis    
---------------------------------
 Idx  Atom   Population   Charge 
---------------------------------
  1     S    15.689       0.311
  2     N     6.357       0.643
  3     N     6.551       0.449
  4     C     6.793      -0.793
  5     H     1.165      -0.165
  6     H     1.157      -0.157
  7     H     1.178      -0.178
  8     C     6.033      -0.033
  9     C     5.780       0.220
 10     H     1.049      -0.049
 11     H     1.069      -0.069
 12     H     1.057      -0.057
 13     H     1.059      -0.059
 14     H     1.062      -0.062

---------------------------------
   M Diagnostic: 0.04
---------------------------------

