Computing Integrals
Basis Set                                            = def2-qzvp
Auxiliary Basis Set                                  = def2-universal-jkfit
Gaussian Type                                        = Spherical
Elapsed time:   11.89 Seconds

Number of basis functions                   (NBF)    = 642
Number of auxiliary basis functions         (NBFAUX) = 634
Inactive Doubly occupied orbitals up to     (NO1)    = 0
No. considered Strongly Doubly occupied MOs (NDOC)   = 25
No. considered Strongly Singly occupied MOs (NSOC)   = 0
NO. of Weakly occ. per St. Doubly occ.  MOs (NCWO)   = 1
Dimension of the Nat. Orb. subspace         (NBF5)   = 50
No. of electrons                                     = 50
    No. of alpha electrons                           = 25
    No. of beta electrons                            = 25
Multiplicity                                         = 1

Geometry
========
 C       1.5783850       0.1476900       0.3438090
 H       1.3947500       0.0129680       1.4135450
 O       1.3599290      -1.0862030      -0.3597820
 C       0.6538450       1.2150990      -0.2213220
 H       1.0578270       2.1802830       0.0939240
 H       0.7296930       1.1848640      -1.3114380
 C      -0.8173340       1.1521270       0.2081560
 H      -1.3035250       2.0657380      -0.1458280
 H      -0.8837650       1.1597620       1.2992600
 H       1.9841200      -1.7344460      -0.0213850
 H       2.6162860       0.4589480       0.2065440
 C      -1.6277250      -0.0340520      -0.3113010
 H      -2.6842290       0.1510150      -0.1185660
 H      -1.5018680      -0.1181460      -1.3975060
 O      -1.3242620      -1.2601540       0.3333770
 H      -0.4176510      -1.4753140       0.0766370

Orthonormality violations 264805, Maximum Violation 0.000212
Trying to orthonormalize
No violations of the orthonormality
No violations of the orthonormality
 
PNOF8/ADABelief Calculation
==================
 
  Nitext  Nit_orb  Time   Nit_occ  Time         Eelec          Etot           Ediff      maxdiff    MaxGrad_orb  Grad_occ
     1      10    1.4e+01    0    1.2e+01  -571.61136172  -308.03550005 -10570.61136172   0.000099   4.0e-04   1.4e-04 0.03
 
RESULTS OF THE OCCUPATION OPTIMIZATION
========================================
   1    1.9998041  -20.60447990
   2    1.9998118  -20.55555232
   3    1.9995548  -11.27422786
   4    1.9995589  -11.24773967
   5    1.9995776  -11.22074562
   6    1.9995761  -11.21133322
   7    1.9922363  -1.25302972
   8    1.9919561  -1.23068359
   9    1.9728876  -0.75015922
  10    1.9674153  -0.71175862
  11    1.9767221  -0.70579658
  12    1.9766709  -0.70106195
  13    1.9722130  -0.69642765
  14    1.9768734  -0.68862657
  15    1.9767972  -0.68429545
  16    1.9768625  -0.68095323
  17    1.9724695  -0.68029678
  18    1.9765445  -0.67981024
  19    1.9675182  -0.67897062
  20    1.9768213  -0.67615465
  21    1.9766066  -0.67420630
  22    1.9722090  -0.65763078
  23    1.9723373  -0.65683390
  24    1.9840741  -0.59650043
  25    1.9825613  -0.51914979
  26    0.0174387  -0.02229650
  27    0.0159259  -0.02214073
  28    0.0276627  -0.03534271
  29    0.0277910  -0.03516737
  30    0.0233934  -0.02621844
  31    0.0231787  -0.02571963
  32    0.0324818  -0.04645092
  33    0.0234555  -0.02609022
  34    0.0275305  -0.03553963
  35    0.0231375  -0.02554758
  36    0.0232028  -0.02580820
  37    0.0231266  -0.02572210
  38    0.0277870  -0.03754427
  39    0.0233291  -0.02627193
  40    0.0232779  -0.02633037
  41    0.0325847  -0.04683964
  42    0.0271124  -0.03574144
  43    0.0080439  -0.02074798
  44    0.0077637  -0.01978695
  45    0.0004239  -0.00795251
  46    0.0004224  -0.00792955
  47    0.0004411  -0.00820004
  48    0.0004452  -0.00826412
  49    0.0001882  -0.00648604
  50    0.0001959  -0.00671219
 
----------------
 Final Energies 
----------------
Final NOF Total Energy =    -308.0355001
 
Total Orbital Internal Iterations = 10
Total Occupation Internal Iterations = 0
 
Elapsed time:   36.44 Seconds

---------------------------------
   Lowdin Population Analysis    
---------------------------------
 Idx  Atom   Population   Charge 
---------------------------------
  1     C     6.083      -0.083
  2     H     1.061      -0.061
  3     O     7.376       0.624
  4     C     5.918       0.082
  5     H     1.043      -0.043
  6     H     1.043      -0.043
  7     C     5.918       0.082
  8     H     1.045      -0.045
  9     H     1.047      -0.047
 10     H     1.334      -0.334
 11     H     1.064      -0.064
 12     C     6.117      -0.117
 13     H     1.062      -0.062
 14     H     1.063      -0.063
 15     O     7.429       0.571
 16     H     1.398      -0.398

---------------------------------
   M Diagnostic: 0.03
---------------------------------

