Computing Integrals
Basis Set                                            = def2-qzvp
Auxiliary Basis Set                                  = def2-universal-jkfit
Gaussian Type                                        = Spherical
Elapsed time:    1.86 Seconds

Number of basis functions                   (NBF)    = 117
Number of auxiliary basis functions         (NBFAUX) = 113
Inactive Doubly occupied orbitals up to     (NO1)    = 0
No. considered Strongly Doubly occupied MOs (NDOC)   = 5
No. considered Strongly Singly occupied MOs (NSOC)   = 0
NO. of Weakly occ. per St. Doubly occ.  MOs (NCWO)   = 1
Dimension of the Nat. Orb. subspace         (NBF5)   = 10
No. of electrons                                     = 10
    No. of alpha electrons                           = 5
    No. of beta electrons                            = 5
Multiplicity                                         = 1

Geometry
========
 O      -1.0998903      -0.3612231       0.0000000
 H      -0.1296488      -0.3179231       0.0000000
 H      -1.3829483       0.5678219       0.0000000

Orthonormality violations 5867, Maximum Violation 0.000080
Trying to orthonormalize
No violations of the orthonormality
No violations of the orthonormality
 
PNOF8/ADABelief Calculation
==================
 
  Nitext  Nit_orb  Time   Nit_occ  Time         Eelec          Etot           Ediff      maxdiff    MaxGrad_orb  Grad_occ
     1      10    9.2e+00    0    1.2e+01   -85.31141824   -76.24878900 -10084.31141824   0.000099   3.9e-04   1.6e-04 0.03
 
RESULTS OF THE OCCUPATION OPTIMIZATION
========================================
   1    1.9998207  -20.59526541
   2    1.9919407  -1.25752820
   3    1.9720316  -0.72595474
   4    1.9719848  -0.72590517
   5    1.9818858  -0.53473193
   6    0.0181142  -0.02256674
   7    0.0280152  -0.03596890
   8    0.0279684  -0.03595129
   9    0.0080593  -0.02095496
  10    0.0001793  -0.00633339
 
----------------
 Final Energies 
----------------
Final NOF Total Energy =     -76.2487890
 
Total Orbital Internal Iterations = 10
Total Occupation Internal Iterations = 0
 
Elapsed time:   28.35 Seconds

---------------------------------
   Lowdin Population Analysis    
---------------------------------
 Idx  Atom   Population   Charge 
---------------------------------
  1     O     7.367       0.633
  2     H     1.316      -0.316
  3     H     1.316      -0.316

---------------------------------
   M Diagnostic: 0.03
---------------------------------

