Computing Integrals
Basis Set                                            = def2-qzvp
Auxiliary Basis Set                                  = def2-universal-jkfit
Gaussian Type                                        = Spherical
Elapsed time:    2.53 Seconds

Number of basis functions                   (NBF)    = 140
Number of auxiliary basis functions         (NBFAUX) = 256
Inactive Doubly occupied orbitals up to     (NO1)    = 0
No. considered Strongly Doubly occupied MOs (NDOC)   = 17
No. considered Strongly Singly occupied MOs (NSOC)   = 1
NO. of Weakly occ. per St. Doubly occ.  MOs (NCWO)   = 1
Dimension of the Nat. Orb. subspace         (NBF5)   = 35
No. of electrons                                     = 35
    No. of alpha electrons                           = 18
    No. of beta electrons                            = 17
Multiplicity                                         = 2

Geometry
========
Cl       0.0000000       0.0000000       1.3665047
Cl       0.0000000       0.0000000      -1.3665047

Orthonormality violations 563, Maximum Violation 0.000025
Trying to orthonormalize
No violations of the orthonormality
No violations of the orthonormality
 
PNOF8/ADABelief Calculation
==================
 
  Nitext  Nit_orb  Time   Nit_occ  Time         Eelec          Etot           Ediff      maxdiff    MaxGrad_orb  Grad_occ
     1      10    9.8e+00    0    1.2e+01  -975.60560582  -919.64827896 -10974.60560582   0.000099   4.0e-04   1.7e-04 0.02
 
RESULTS OF THE OCCUPATION OPTIMIZATION
========================================
   1    1.9999656  -104.64339617
   2    1.9999658  -104.64326385
   3    1.9992794  -10.33420402
   4    1.9992843  -10.33405387
   5    1.9989786  -7.80196402
   6    1.9989849  -7.80192703
   7    1.9987005  -7.80112955
   8    1.9987066  -7.80045511
   9    1.9989881  -7.79740992
  10    1.9989876  -7.79730570
  11    1.9920092  -0.81975285
  12    1.9919320  -0.81960349
  13    1.9783457  -0.25447189
  14    1.9801902  -0.24281676
  15    1.9802768  -0.24260252
  16    1.9800913  -0.24243749
  17    1.9801647  -0.24240349
  18    1.0000000  -0.10797608
  19    0.0198353  -0.02133241
  20    0.0199087  -0.02135612
  21    0.0197232  -0.02130564
  22    0.0198098  -0.02133459
  23    0.0216543  -0.02463979
  24    0.0080680  -0.02911469
  25    0.0079908  -0.02923768
  26    0.0010124  -0.01887899
  27    0.0010119  -0.01887576
  28    0.0012934  -0.01892480
  29    0.0012995  -0.01890441
  30    0.0010151  -0.01879734
  31    0.0010214  -0.01882477
  32    0.0007157  -0.01635431
  33    0.0007206  -0.01640859
  34    0.0000342  -0.00641753
  35    0.0000344  -0.00643727
 
----------------
 Final Energies 
----------------
Final NOF Total Energy =    -919.6482790
 
Total Orbital Internal Iterations = 10
Total Occupation Internal Iterations = 0
 
Elapsed time:   28.82 Seconds

---------------------------------
   Lowdin Population Analysis    
---------------------------------
 Idx  Atom   Population   Charge 
---------------------------------
  1    Cl    17.500      -0.500
  2    Cl    17.500      -0.500

---------------------------------
   M Diagnostic: 0.02
---------------------------------

