Computing Integrals
Basis Set                                            = def2-qzvp
Auxiliary Basis Set                                  = def2-universal-jkfit
Gaussian Type                                        = Spherical
Elapsed time:    1.71 Seconds

Number of basis functions                   (NBF)    = 100
Number of auxiliary basis functions         (NBFAUX) = 146
Inactive Doubly occupied orbitals up to     (NO1)    = 0
No. considered Strongly Doubly occupied MOs (NDOC)   = 7
No. considered Strongly Singly occupied MOs (NSOC)   = 1
NO. of Weakly occ. per St. Doubly occ.  MOs (NCWO)   = 1
Dimension of the Nat. Orb. subspace         (NBF5)   = 15
No. of electrons                                     = 15
    No. of alpha electrons                           = 8
    No. of beta electrons                            = 7
Multiplicity                                         = 2

Geometry
========
Si       0.0000000       0.0000000       0.7671269
 H       0.0000000       0.0000000      -0.7671269

No violations of the orthonormality
No violations of the orthonormality
 
PNOF8/ADABelief Calculation
==================
 
  Nitext  Nit_orb  Time   Nit_occ  Time         Eelec          Etot           Ediff      maxdiff    MaxGrad_orb  Grad_occ
     1      10    9.1e+00    0    1.2e+01  -294.48893548  -289.66022588 -10293.48893548   0.000503   2.0e-03   1.2e-04 0.03
 
RESULTS OF THE OCCUPATION OPTIMIZATION
========================================
   1    1.9999643  -68.85502603
   2    1.9987412  -6.11883010
   3    1.9967798  -4.30262498
   4    1.9969046  -4.26454341
   5    1.9980608  -4.26289096
   6    1.9747311  -0.54170000
   7    1.9661867  -0.47551092
   8    1.0000000  -0.14703619
   9    0.0338133  -0.03053279
  10    0.0252689  -0.03031935
  11    0.0019392  -0.01484512
  12    0.0030954  -0.02188093
  13    0.0032202  -0.02943381
  14    0.0012588  -0.01406694
  15    0.0000357  -0.00488674
 
----------------
 Final Energies 
----------------
Final NOF Total Energy =    -289.6602259
 
Total Orbital Internal Iterations = 10
Total Occupation Internal Iterations = 0
 
Elapsed time:   27.02 Seconds

---------------------------------
   Lowdin Population Analysis    
---------------------------------
 Idx  Atom   Population   Charge 
---------------------------------
  1    Si    13.779       0.221
  2     H     1.221      -0.221

---------------------------------
   M Diagnostic: 0.03
---------------------------------

