Computing Integrals
Basis Set                                            = def2-qzvp
Auxiliary Basis Set                                  = def2-universal-jkfit
Gaussian Type                                        = Spherical
Elapsed time:    4.02 Seconds

Number of basis functions                   (NBF)    = 229
Number of auxiliary basis functions         (NBFAUX) = 347
Inactive Doubly occupied orbitals up to     (NO1)    = 0
No. considered Strongly Doubly occupied MOs (NDOC)   = 31
No. considered Strongly Singly occupied MOs (NSOC)   = 0
NO. of Weakly occ. per St. Doubly occ.  MOs (NCWO)   = 1
Dimension of the Nat. Orb. subspace         (NBF5)   = 62
No. of electrons                                     = 62
    No. of alpha electrons                           = 31
    No. of beta electrons                            = 31
Multiplicity                                         = 1

Geometry
========
 I       0.0000000       0.0000000       0.3252620
 C       0.0000000       0.0000000      -1.8032450
 H       0.0000000       1.0301960      -2.1397970
 H      -0.8921760      -0.5150980      -2.1397970
 H       0.8921760      -0.5150980      -2.1397970

Orthonormality violations 33616, Maximum Violation 0.000185
Trying to orthonormalize
No violations of the orthonormality
No violations of the orthonormality
 
PNOF8/ADABelief Calculation
==================
 
  Nitext  Nit_orb  Time   Nit_occ  Time         Eelec          Etot           Ediff      maxdiff    MaxGrad_orb  Grad_occ
     1      10    1.1e+01    0    1.2e+01 -2598.99732223 -2478.76654201 -12597.99732223   0.000167   6.7e-04   1.9e-04 0.04
 
RESULTS OF THE OCCUPATION OPTIMIZATION
========================================
   1    1.9999998  -149.13247653
   2    1.9999961  -64.77020131
   3    1.9999945  -64.75994067
   4    1.9999956  -64.75505977
   5    1.9999681  -26.15614587
   6    1.9995683  -11.25694720
   7    1.9998570  -11.17526233
   8    1.9998507  -11.03193376
   9    1.9998522  -10.98323397
  10    1.9998440  -10.95894589
  11    1.9998186  -10.85110582
  12    1.9997902  -10.12199735
  13    1.9996346  -9.96297834
  14    1.9997398  -9.93948292
  15    1.9987804  -5.18921999
  16    1.9981282  -4.08868400
  17    1.9979112  -4.08770468
  18    1.9979420  -4.08770298
  19    1.9983048  -4.08672363
  20    1.9983200  -4.08542788
  21    1.9980648  -4.08522550
  22    1.9980021  -4.08407971
  23    1.9901370  -0.94289724
  24    1.9869185  -0.90648746
  25    1.9729096  -0.89717629
  26    1.9780340  -0.71856731
  27    1.9777176  -0.70990400
  28    1.9775527  -0.70726568
  29    1.9675844  -0.54964425
  30    1.9615195  -0.44799507
  31    1.9638046  -0.41070468
  32    0.0361954  -0.03996352
  33    0.0384805  -0.04712868
  34    0.0324156  -0.03876090
  35    0.0224473  -0.02521115
  36    0.0222824  -0.02505644
  37    0.0219660  -0.02478348
  38    0.0270904  -0.03712750
  39    0.0130815  -0.02309752
  40    0.0098630  -0.01735664
  41    0.0019979  -0.01220988
  42    0.0019352  -0.01200448
  43    0.0016800  -0.01006507
  44    0.0016952  -0.01026959
  45    0.0020580  -0.01244823
  46    0.0020888  -0.01258172
  47    0.0018718  -0.01175469
  48    0.0012196  -0.00694942
  49    0.0002602  -0.00314034
  50    0.0003654  -0.00399144
  51    0.0002098  -0.00247894
  52    0.0001814  -0.00223479
  53    0.0001560  -0.00201427
  54    0.0001478  -0.00185289
  55    0.0001493  -0.00192682
  56    0.0001430  -0.00183580
  57    0.0004317  -0.00779330
  58    0.0000319  -0.00086784
  59    0.0000044  -0.00032728
  60    0.0000055  -0.00035914
  61    0.0000039  -0.00037823
  62    0.0000002  -0.00005667
 
----------------
 Final Energies 
----------------
Final NOF Total Energy =   -2478.7665420
 
Total Orbital Internal Iterations = 10
Total Occupation Internal Iterations = 0
 
Elapsed time:   30.62 Seconds

---------------------------------
   Lowdin Population Analysis    
---------------------------------
 Idx  Atom   Population   Charge 
---------------------------------
  1     I    52.705       0.295
  2     C     6.000       0.000
  3     H     1.101      -0.101
  4     H     1.099      -0.099
  5     H     1.096      -0.096

---------------------------------
   M Diagnostic: 0.04
---------------------------------

