Computing Integrals
Basis Set                                            = def2-qzvp
Auxiliary Basis Set                                  = def2-universal-jkfit
Gaussian Type                                        = Spherical
Elapsed time:    1.70 Seconds

Number of basis functions                   (NBF)    = 114
Number of auxiliary basis functions         (NBFAUX) = 154
Inactive Doubly occupied orbitals up to     (NO1)    = 0
No. considered Strongly Doubly occupied MOs (NDOC)   = 9
No. considered Strongly Singly occupied MOs (NSOC)   = 0
NO. of Weakly occ. per St. Doubly occ.  MOs (NCWO)   = 1
Dimension of the Nat. Orb. subspace         (NBF5)   = 18
No. of electrons                                     = 18
    No. of alpha electrons                           = 9
    No. of beta electrons                            = 9
Multiplicity                                         = 1

Geometry
========
 F       0.0000000       0.0000000      -0.7075955
 F       0.0000000       0.0000000       0.7075955

Orthonormality violations 1931, Maximum Violation 0.000065
Trying to orthonormalize
No violations of the orthonormality
No violations of the orthonormality
 
PNOF8/ADABelief Calculation
==================
 
  Nitext  Nit_orb  Time   Nit_occ  Time         Eelec          Etot           Ediff      maxdiff    MaxGrad_orb  Grad_occ
     1      10    9.4e+00    0    1.2e+01  -229.43422166  -199.14624909 -10228.43422166   0.000012   5.0e-05   2.0e-04 0.05
 
RESULTS OF THE OCCUPATION OPTIMIZATION
========================================
   1    1.9998708  -26.45672275
   2    1.9998702  -26.45672201
   3    1.9929501  -1.48461678
   4    1.9929264  -1.48295554
   5    1.9884146  -0.86401486
   6    1.9883975  -0.86329868
   7    1.9515921  -0.81441361
   8    1.9871699  -0.81336011
   9    1.9871515  -0.81260936
  10    0.0128485  -0.02435174
  11    0.0128301  -0.02435528
  12    0.0484079  -0.08869859
  13    0.0116025  -0.02368276
  14    0.0115854  -0.02367607
  15    0.0070736  -0.02137873
  16    0.0070499  -0.02137502
  17    0.0001298  -0.00593570
  18    0.0001292  -0.00592472
 
----------------
 Final Energies 
----------------
Final NOF Total Energy =    -199.1462491
 
Total Orbital Internal Iterations = 10
Total Occupation Internal Iterations = 0
 
Elapsed time:   28.50 Seconds

---------------------------------
   Lowdin Population Analysis    
---------------------------------
 Idx  Atom   Population   Charge 
---------------------------------
  1     F     9.000      -0.000
  2     F     9.000       0.000

---------------------------------
   M Diagnostic: 0.05
---------------------------------

