Computing Integrals
Basis Set                                            = def2-qzvp
Auxiliary Basis Set                                  = def2-universal-jkfit
Gaussian Type                                        = Spherical
Elapsed time:    1.79 Seconds

Number of basis functions                   (NBF)    = 147
Number of auxiliary basis functions         (NBFAUX) = 129
Inactive Doubly occupied orbitals up to     (NO1)    = 0
No. considered Strongly Doubly occupied MOs (NDOC)   = 4
No. considered Strongly Singly occupied MOs (NSOC)   = 0
NO. of Weakly occ. per St. Doubly occ.  MOs (NCWO)   = 1
Dimension of the Nat. Orb. subspace         (NBF5)   = 8
No. of electrons                                     = 8
    No. of alpha electrons                           = 4
    No. of beta electrons                            = 4
Multiplicity                                         = 1

Geometry
========
 B       0.0000000      -0.0000000       0.0000000
 H      -0.5966928       1.0335023       0.0000000
 H      -0.5966928      -1.0335023       0.0000000
 H       1.1933857       0.0000000       0.0000000

Orthonormality violations 8151, Maximum Violation 0.000100
Trying to orthonormalize
No violations of the orthonormality
No violations of the orthonormality
 
PNOF8/ADABelief Calculation
==================
 
  Nitext  Nit_orb  Time   Nit_occ  Time         Eelec          Etot           Ediff      maxdiff    MaxGrad_orb  Grad_occ
     1      10    9.2e+00    0    1.1e+01   -33.91451978   -26.49512294 -10032.91451978   0.000019   7.6e-05   1.3e-04 0.02
 
RESULTS OF THE OCCUPATION OPTIMIZATION
========================================
   1    1.9994678  -7.61071241
   2    1.9781312  -0.57279672
   3    1.9780932  -0.57262609
   4    1.9780853  -0.57259155
   5    0.0219147  -0.02012317
   6    0.0219068  -0.02012079
   7    0.0218688  -0.02010968
   8    0.0005322  -0.00710792
 
----------------
 Final Energies 
----------------
Final NOF Total Energy =     -26.4951229
 
Total Orbital Internal Iterations = 10
Total Occupation Internal Iterations = 0
 
Elapsed time:   28.04 Seconds

---------------------------------
   Lowdin Population Analysis    
---------------------------------
 Idx  Atom   Population   Charge 
---------------------------------
  1     B     4.733       0.267
  2     H     1.089      -0.089
  3     H     1.089      -0.089
  4     H     1.089      -0.089

---------------------------------
   M Diagnostic: 0.02
---------------------------------

