Computing Integrals
Basis Set                                            = def2-qzvp
Auxiliary Basis Set                                  = def2-universal-jkfit
Gaussian Type                                        = Spherical
Elapsed time:    1.73 Seconds

Number of basis functions                   (NBF)    = 177
Number of auxiliary basis functions         (NBFAUX) = 147
Inactive Doubly occupied orbitals up to     (NO1)    = 0
No. considered Strongly Doubly occupied MOs (NDOC)   = 5
No. considered Strongly Singly occupied MOs (NSOC)   = 0
NO. of Weakly occ. per St. Doubly occ.  MOs (NCWO)   = 1
Dimension of the Nat. Orb. subspace         (NBF5)   = 10
No. of electrons                                     = 10
    No. of alpha electrons                           = 5
    No. of beta electrons                            = 5
Multiplicity                                         = 1

Geometry
========
 C       0.0000000      -0.0000000       0.0000000
 H      -0.6308893       0.6308893       0.6308893
 H       0.6308893      -0.6308893       0.6308893
 H      -0.6308893      -0.6308893      -0.6308893
 H       0.6308893       0.6308893      -0.6308893

Orthonormality violations 4511, Maximum Violation 0.000030
Trying to orthonormalize
No violations of the orthonormality
No violations of the orthonormality
 
PNOF8/ADABelief Calculation
==================
 
  Nitext  Nit_orb  Time   Nit_occ  Time         Eelec          Etot           Ediff      maxdiff    MaxGrad_orb  Grad_occ
     1      10    9.4e+00    0    1.2e+01   -53.76806652   -40.36629926 -10052.76806652   0.000024   9.7e-05   1.4e-04 0.02
 
RESULTS OF THE OCCUPATION OPTIMIZATION
========================================
   1    1.9996280  -11.20469302
   2    1.9764008  -0.65316779
   3    1.9763434  -0.65258160
   4    1.9763383  -0.65252681
   5    1.9763133  -0.65227461
   6    0.0236867  -0.02513824
   7    0.0236617  -0.02513086
   8    0.0236566  -0.02512938
   9    0.0235992  -0.02511224
  10    0.0003720  -0.00723979
 
----------------
 Final Energies 
----------------
Final NOF Total Energy =     -40.3662993
 
Total Orbital Internal Iterations = 10
Total Occupation Internal Iterations = 0
 
Elapsed time:   29.00 Seconds

---------------------------------
   Lowdin Population Analysis    
---------------------------------
 Idx  Atom   Population   Charge 
---------------------------------
  1     C     5.703       0.297
  2     H     1.074      -0.074
  3     H     1.074      -0.074
  4     H     1.074      -0.074
  5     H     1.074      -0.074

---------------------------------
   M Diagnostic: 0.02
---------------------------------

