Computing Integrals
Basis Set                                            = def2-qzvp
Auxiliary Basis Set                                  = def2-universal-jkfit
Gaussian Type                                        = Spherical
Elapsed time:    1.57 Seconds

Number of basis functions                   (NBF)    = 57
Number of auxiliary basis functions         (NBFAUX) = 77
Inactive Doubly occupied orbitals up to     (NO1)    = 0
No. considered Strongly Doubly occupied MOs (NDOC)   = 3
No. considered Strongly Singly occupied MOs (NSOC)   = 2
NO. of Weakly occ. per St. Doubly occ.  MOs (NCWO)   = 1
Dimension of the Nat. Orb. subspace         (NBF5)   = 8
No. of electrons                                     = 8
    No. of alpha electrons                           = 5
    No. of beta electrons                            = 3
Multiplicity                                         = 3

Geometry
========
 O       0.0000000       0.0000000       0.0000000

No violations of the orthonormality
No violations of the orthonormality
 
PNOF8/ADABelief Calculation
==================
 
  Nitext  Nit_orb  Time   Nit_occ  Time         Eelec          Etot           Ediff      maxdiff    MaxGrad_orb  Grad_occ
     1      10    8.9e+00    0    1.2e+01   -74.90375424   -74.90375424 -10073.90375424   0.000016   6.4e-05   1.2e-04 0.02
 
RESULTS OF THE OCCUPATION OPTIMIZATION
========================================
   1    1.9998208  -20.69937082
   2    1.9849581  -0.93096027
   3    1.9847442  -0.91999343
   4    1.0000000  -0.36244121
   5    1.0000000  -0.36244119
   6    0.0152558  -0.02340166
   7    0.0150419  -0.02335166
   8    0.0001792  -0.00641188
 
----------------
 Final Energies 
----------------
Final NOF Total Energy =     -74.9037542
 
Total Orbital Internal Iterations = 10
Total Occupation Internal Iterations = 0
 
Elapsed time:   26.88 Seconds

---------------------------------
   Lowdin Population Analysis    
---------------------------------
 Idx  Atom   Population   Charge 
---------------------------------
  1     O     8.000      -0.000

---------------------------------
   M Diagnostic: 0.02
---------------------------------

