Computing Integrals
Basis Set                                            = def2-qzvp
Auxiliary Basis Set                                  = def2-universal-jkfit
Gaussian Type                                        = Spherical
Elapsed time:    1.70 Seconds

Number of basis functions                   (NBF)    = 70
Number of auxiliary basis functions         (NBFAUX) = 128
Inactive Doubly occupied orbitals up to     (NO1)    = 0
No. considered Strongly Doubly occupied MOs (NDOC)   = 8
No. considered Strongly Singly occupied MOs (NSOC)   = 1
NO. of Weakly occ. per St. Doubly occ.  MOs (NCWO)   = 1
Dimension of the Nat. Orb. subspace         (NBF5)   = 17
No. of electrons                                     = 17
    No. of alpha electrons                           = 9
    No. of beta electrons                            = 8
Multiplicity                                         = 2

Geometry
========
Cl       0.0000000       0.0000000       0.0000000

No violations of the orthonormality
No violations of the orthonormality
 
PNOF8/ADABelief Calculation
==================
 
  Nitext  Nit_orb  Time   Nit_occ  Time         Eelec          Etot           Ediff      maxdiff    MaxGrad_orb  Grad_occ
     1      10    8.9e+00    0    1.2e+01  -459.75001142  -459.75001142 -10458.75001142   0.000020   8.0e-05   1.8e-04 0.02
 
RESULTS OF THE OCCUPATION OPTIMIZATION
========================================
   1    1.9999629  -104.92509492
   2    1.9992595  -10.61972299
   3    1.9987574  -8.08146536
   4    1.9989818  -8.07989855
   5    1.9990047  -8.07880576
   6    1.9920479  -1.07907805
   7    1.9793974  -0.50069383
   8    1.9795133  -0.50039085
   9    1.0000000  -0.28763501
  10    0.0204867  -0.02456536
  11    0.0206026  -0.02460747
  12    0.0079521  -0.03139742
  13    0.0009953  -0.01888160
  14    0.0010182  -0.01853542
  15    0.0012426  -0.01800734
  16    0.0007405  -0.01702155
  17    0.0000371  -0.00676608
 
----------------
 Final Energies 
----------------
Final NOF Total Energy =    -459.7500114
 
Total Orbital Internal Iterations = 10
Total Occupation Internal Iterations = 0
 
Elapsed time:   26.77 Seconds

---------------------------------
   Lowdin Population Analysis    
---------------------------------
 Idx  Atom   Population   Charge 
---------------------------------
  1    Cl    17.000      -0.000

---------------------------------
   M Diagnostic: 0.02
---------------------------------

