Computing Integrals
Basis Set                                            = def2-qzvp
Auxiliary Basis Set                                  = def2-universal-jkfit
Gaussian Type                                        = Spherical
Elapsed time:    1.68 Seconds

Number of basis functions                   (NBF)    = 100
Number of auxiliary basis functions         (NBFAUX) = 146
Inactive Doubly occupied orbitals up to     (NO1)    = 0
No. considered Strongly Doubly occupied MOs (NDOC)   = 9
No. considered Strongly Singly occupied MOs (NSOC)   = 0
NO. of Weakly occ. per St. Doubly occ.  MOs (NCWO)   = 10
Dimension of the Nat. Orb. subspace         (NBF5)   = 99
No. of electrons                                     = 18
    No. of alpha electrons                           = 9
    No. of beta electrons                            = 9
Multiplicity                                         = 1

Geometry
========
Cl       0.0000000       0.0000000       0.6372241
 H       0.0000000       0.0000000      -0.6372241

Orthonormality violations 3798, Maximum Violation 0.000101
Trying to orthonormalize
No violations of the orthonormality
No violations of the orthonormality
 
PNOF7/ADABelief Calculation
==================
 
  Nitext  Nit_orb  Time   Nit_occ  Time         Eelec          Etot           Ediff      maxdiff    MaxGrad_orb  Grad_occ
     1      10    9.6e+00    0    1.1e+01  -467.30912787  -460.25039161 -10466.30912787   0.000096   3.9e-04   1.6e-04 0.04
 
RESULTS OF THE OCCUPATION OPTIMIZATION
========================================
   1    1.9999321  -94.84442531
   2    1.9999946  -20.58687344
   3    1.9995344  -8.05712479
   4    1.9993152  -8.04660616
   5    1.9994455  -8.04402292
   6    1.9790790  -0.85077062
   7    1.9722398  -0.69490309
   8    1.9722580  -0.69391000
   9    1.9489538  -0.54844096
  10    0.0189633  -0.01091745
  11    0.0155440  -0.01032389
  12    0.0154786  -0.01028691
  13    0.0156580  -0.01266320
  14    0.0002117  -0.00238718
  15    0.0002089  -0.00256022
  16    0.0002795  -0.00317690
  17    0.0000034  -0.00004439
  18    0.0000494  -0.00827892
  19    0.0146227  -0.00850710
  20    0.0101210  -0.00751408
  21    0.0101957  -0.00753517
  22    0.0020728  -0.00251739
  23    0.0001804  -0.00232665
  24    0.0001896  -0.00210676
  25    0.0001723  -0.00194804
  26    0.0000004  -0.00001080
  27    0.0000084  -0.00096449
  28    0.0114366  -0.00690343
  29    0.0007730  -0.00102830
  30    0.0007291  -0.00100939
  31    0.0014088  -0.00185345
  32    0.0001427  -0.00160592
  33    0.0001417  -0.00158199
  34    0.0000033  -0.00003383
  35    0.0000003  -0.00000153
  36    0.0000082  -0.00093120
  37    0.0058383  -0.00404415
  38    0.0006033  -0.00082799
  39    0.0005811  -0.00082632
  40    0.0011184  -0.00151934
  41    0.0000151  -0.00036017
  42    0.0001368  -0.00155318
  43    0.0000025  -0.00002450
  44    0.0000002  -0.00000114
  45    0.0000014  -0.00043256
  46    0.0000578  -0.00007280
  47    0.0002365  -0.00034451
  48    0.0002331  -0.00034299
  49    0.0002124  -0.00035789
  50    0.0000011  -0.00001201
  51    0.0000036  -0.00003074
  52    0.0000020  -0.00002019
  53    0.0000002  -0.00000092
  54    0.0000002  -0.00000107
  55    0.0000366  -0.00006102
  56    0.0002124  -0.00032754
  57    0.0002041  -0.00032046
  58    0.0001650  -0.00032390
  59    0.0000010  -0.00000898
  60    0.0000017  -0.00001663
  61    0.0000017  -0.00001296
  62    0.0000002  -0.00000084
  63    0.0000001  -0.00000043
  64    0.0000330  -0.00005712
  65    0.0000879  -0.00015386
  66    0.0001278  -0.00018951
  67    0.0000936  -0.00018864
  68    0.0000009  -0.00000744
  69    0.0000011  -0.00000965
  70    0.0000013  -0.00001089
  71    0.0000002  -0.00000089
  72    0.0000001  -0.00000040
  73    0.0000262  -0.00004692
  74    0.0000774  -0.00014842
  75    0.0000928  -0.00016345
  76    0.0000785  -0.00016127
  77    0.0000006  -0.00000367
  78    0.0000006  -0.00000341
  79    0.0000011  -0.00000933
  80    0.0000002  -0.00000087
  81    0.0000001  -0.00000025
  82    0.0000222  -0.00004378
  83    0.0000518  -0.00010793
  84    0.0000673  -0.00011866
  85    0.0000654  -0.00016144
  86    0.0000006  -0.00000330
  87    0.0000004  -0.00000142
  88    0.0000010  -0.00000799
  89    0.0000001  -0.00000072
  90    0.0000001  -0.00000026
  91    0.0000094  -0.00003156
  92    0.0000347  -0.00007970
  93    0.0000507  -0.00010285
  94    0.0000481  -0.00011797
  95    0.0000004  -0.00000133
  96    0.0000003  -0.00000126
  97    0.0000008  -0.00000580
  98    0.0000001  -0.00000074
  99    0.0000000  -0.00000023
 
----------------
 Final Energies 
----------------
Final NOF Total Energy =    -460.2503916
 
Total Orbital Internal Iterations = 10
Total Occupation Internal Iterations = 0
 
Elapsed time:   28.50 Seconds

---------------------------------
   Lowdin Population Analysis    
---------------------------------
 Idx  Atom   Population   Charge 
---------------------------------
  1    Cl    16.620       0.380
  2     H     1.380      -0.380

---------------------------------
   M Diagnostic: 0.04
---------------------------------

