Computing Integrals
Basis Set                                            = def2-qzvp
Auxiliary Basis Set                                  = def2-universal-jkfit
Gaussian Type                                        = Spherical
Elapsed time:    1.57 Seconds

Number of basis functions                   (NBF)    = 100
Number of auxiliary basis functions         (NBFAUX) = 146
Inactive Doubly occupied orbitals up to     (NO1)    = 0
No. considered Strongly Doubly occupied MOs (NDOC)   = 7
No. considered Strongly Singly occupied MOs (NSOC)   = 1
NO. of Weakly occ. per St. Doubly occ.  MOs (NCWO)   = 13
Dimension of the Nat. Orb. subspace         (NBF5)   = 99
No. of electrons                                     = 15
    No. of alpha electrons                           = 8
    No. of beta electrons                            = 7
Multiplicity                                         = 2

Geometry
========
Si       0.0000000       0.0000000       0.7671269
 H       0.0000000       0.0000000      -0.7671269

Orthonormality violations 2644, Maximum Violation 0.000061
Trying to orthonormalize
No violations of the orthonormality
No violations of the orthonormality
 
PNOF7/ADABelief Calculation
==================
 
  Nitext  Nit_orb  Time   Nit_occ  Time         Eelec          Etot           Ediff      maxdiff    MaxGrad_orb  Grad_occ
     1      10    9.7e+00    0    1.2e+01  -294.42030106  -289.59159146 -10293.42030106   0.000100   4.0e-04   1.6e-04 0.18
 
RESULTS OF THE OCCUPATION OPTIMIZATION
========================================
   1    1.9999543  -68.66561152
   2    1.9987054  -4.81395355
   3    1.9987936  -4.80515576
   4    1.9985993  -4.74519824
   5    1.9984923  -4.69144922
   6    1.9408244  -0.57746896
   7    1.8071646  -0.44536075
   8    1.0000000  -0.16762703
   9    0.1704206  -0.04997660
  10    0.0260260  -0.01528702
  11    0.0010198  -0.00643442
  12    0.0009667  -0.00624853
  13    0.0008865  -0.00580456
  14    0.0010032  -0.00640807
  15    0.0000438  -0.00573860
  16    0.0106773  -0.00516908
  17    0.0097391  -0.00621409
  18    0.0002054  -0.00132561
  19    0.0002592  -0.00165067
  20    0.0002542  -0.00165404
  21    0.0002757  -0.00177407
  22    0.0000012  -0.00023165
  23    0.0047952  -0.00265937
  24    0.0084212  -0.00577420
  25    0.0001743  -0.00111911
  26    0.0001147  -0.00076221
  27    0.0000304  -0.00023975
  28    0.0000039  -0.00005254
  29    0.0000001  -0.00000131
  30    0.0042296  -0.00232731
  31    0.0077917  -0.00542725
  32    0.0000669  -0.00047298
  33    0.0000346  -0.00027917
  34    0.0000110  -0.00006410
  35    0.0000018  -0.00001326
  36    0.0000001  -0.00000095
  37    0.0010629  -0.00076288
  38    0.0034976  -0.00254284
  39    0.0000081  -0.00005146
  40    0.0000060  -0.00004245
  41    0.0000096  -0.00004830
  42    0.0000017  -0.00001070
  43    0.0000001  -0.00000077
  44    0.0004419  -0.00038517
  45    0.0021382  -0.00162220
  46    0.0000065  -0.00003685
  47    0.0000036  -0.00002690
  48    0.0000041  -0.00002844
  49    0.0000014  -0.00000688
  50    0.0000001  -0.00000076
  51    0.0003504  -0.00031280
  52    0.0005787  -0.00059647
  53    0.0000057  -0.00003290
  54    0.0000030  -0.00002167
  55    0.0000029  -0.00001929
  56    0.0000013  -0.00000658
  57    0.0000001  -0.00000066
  58    0.0002635  -0.00024604
  59    0.0002902  -0.00032598
  60    0.0000042  -0.00002661
  61    0.0000026  -0.00001844
  62    0.0000022  -0.00001289
  63    0.0000012  -0.00000540
  64    0.0000001  -0.00000065
  65    0.0002127  -0.00021045
  66    0.0002049  -0.00025832
  67    0.0000037  -0.00002561
  68    0.0000025  -0.00001492
  69    0.0000017  -0.00001166
  70    0.0000010  -0.00000304
  71    0.0000001  -0.00000049
  72    0.0001388  -0.00012029
  73    0.0001381  -0.00018036
  74    0.0000036  -0.00002388
  75    0.0000024  -0.00001454
  76    0.0000012  -0.00000625
  77    0.0000009  -0.00000221
  78    0.0000001  -0.00000048
  79    0.0001025  -0.00011398
  80    0.0001238  -0.00018592
  81    0.0000034  -0.00002322
  82    0.0000021  -0.00001213
  83    0.0000011  -0.00000589
  84    0.0000009  -0.00000249
  85    0.0000001  -0.00000044
  86    0.0000893  -0.00010584
  87    0.0001212  -0.00018394
  88    0.0000032  -0.00002133
  89    0.0000017  -0.00000977
  90    0.0000010  -0.00000333
  91    0.0000008  -0.00000252
  92    0.0000001  -0.00000044
  93    0.0000507  -0.00006613
  94    0.0001047  -0.00015116
  95    0.0000028  -0.00001564
  96    0.0000015  -0.00000764
  97    0.0000006  -0.00000191
  98    0.0000008  -0.00000249
  99    0.0000001  -0.00000038
 
----------------
 Final Energies 
----------------
Final NOF Total Energy =    -289.5915915
 
Total Orbital Internal Iterations = 10
Total Occupation Internal Iterations = 0
 
Elapsed time:   28.78 Seconds

---------------------------------
   Lowdin Population Analysis    
---------------------------------
 Idx  Atom   Population   Charge 
---------------------------------
  1    Si    13.784       0.216
  2     H     1.216      -0.216

---------------------------------
   M Diagnostic: 0.18
---------------------------------

