Computing Integrals
Basis Set                                            = def2-qzvp
Auxiliary Basis Set                                  = def2-universal-jkfit
Gaussian Type                                        = Spherical
Elapsed time:    3.22 Seconds

Number of basis functions                   (NBF)    = 229
Number of auxiliary basis functions         (NBFAUX) = 347
Inactive Doubly occupied orbitals up to     (NO1)    = 0
No. considered Strongly Doubly occupied MOs (NDOC)   = 31
No. considered Strongly Singly occupied MOs (NSOC)   = 0
NO. of Weakly occ. per St. Doubly occ.  MOs (NCWO)   = 6
Dimension of the Nat. Orb. subspace         (NBF5)   = 217
No. of electrons                                     = 62
    No. of alpha electrons                           = 31
    No. of beta electrons                            = 31
Multiplicity                                         = 1

Geometry
========
 I       0.0000000       0.0000000       0.3252620
 C       0.0000000       0.0000000      -1.8032450
 H       0.0000000       1.0301960      -2.1397970
 H      -0.8921760      -0.5150980      -2.1397970
 H       0.8921760      -0.5150980      -2.1397970

Orthonormality violations 28161, Maximum Violation 0.000158
Trying to orthonormalize
No violations of the orthonormality
No violations of the orthonormality
 
PNOF7/ADABelief Calculation
==================
 
  Nitext  Nit_orb  Time   Nit_occ  Time         Eelec          Etot           Ediff      maxdiff    MaxGrad_orb  Grad_occ
     1      10    1.2e+01    0    1.2e+01 -2598.79281259 -2478.56203237 -12597.79281259   0.000199   7.9e-04   2.4e-04 0.97
 
RESULTS OF THE OCCUPATION OPTIMIZATION
========================================
   1    2.0000000  -149.06577389
   2    1.9999999  -64.66558531
   3    1.9999999  -64.58080276
   4    1.9999999  -64.55090897
   5    1.9999996  -26.02420032
   6    1.9992592  -11.23299258
   7    1.9999985  -11.10161161
   8    1.9999988  -11.05613489
   9    1.9999987  -11.02581015
  10    1.9999977  -10.99386959
  11    1.9999976  -10.98054070
  12    1.9999964  -9.85297511
  13    1.9999931  -9.29336312
  14    1.9999955  -9.19392808
  15    1.9998244  -5.30269779
  16    1.9998809  -4.44463672
  17    1.9998805  -4.41063715
  18    1.9998713  -4.37252319
  19    1.9998556  -4.33785112
  20    1.9998595  -4.33687807
  21    1.9998627  -4.31894943
  22    1.9998619  -4.31467287
  23    1.9060009  -0.90393620
  24    1.9044817  -0.90263688
  25    1.9679131  -0.85447536
  26    1.9615553  -0.81070409
  27    1.9646477  -0.71947169
  28    1.9644338  -0.71945935
  29    1.9642708  -0.71217029
  30    1.7795342  -0.40169302
  31    1.0285845  -0.18338435
  32    0.9630768  -0.16903076
  33    0.2182759  -0.06498586
  34    0.0247275  -0.01775986
  35    0.0242698  -0.01753885
  36    0.0240694  -0.01748346
  37    0.0149441  -0.00838575
  38    0.0158825  -0.00843010
  39    0.0909463  -0.05069318
  40    0.0864158  -0.04825905
  41    0.0001085  -0.00065975
  42    0.0001069  -0.00065157
  43    0.0001157  -0.00069931
  44    0.0001061  -0.00066055
  45    0.0001115  -0.00068487
  46    0.0001004  -0.00063652
  47    0.0001032  -0.00065774
  48    0.0000629  -0.00029670
  49    0.0000009  -0.00000821
  50    0.0000016  -0.00001095
  51    0.0000008  -0.00000689
  52    0.0000005  -0.00000465
  53    0.0000005  -0.00000466
  54    0.0000002  -0.00000184
  55    0.0000002  -0.00000157
  56    0.0000003  -0.00000228
  57    0.0004723  -0.00848980
  58    0.0000001  -0.00000089
  59    0.0000000  -0.00000035
  60    0.0000000  -0.00000038
  61    0.0000000  -0.00000032
  62    0.0000000  -0.00000015
  63    0.0043566  -0.00258937
  64    0.0006495  -0.00056907
  65    0.0053604  -0.00527769
  66    0.0056584  -0.00551800
  67    0.0055975  -0.00550074
  68    0.0064638  -0.00503448
  69    0.0070665  -0.00489811
  70    0.0033259  -0.00311086
  71    0.0033055  -0.00303476
  72    0.0000089  -0.00005654
  73    0.0000101  -0.00006037
  74    0.0000093  -0.00006604
  75    0.0000103  -0.00005937
  76    0.0000083  -0.00005868
  77    0.0000069  -0.00004490
  78    0.0000059  -0.00003786
  79    0.0000365  -0.00019845
  80    0.0000008  -0.00000715
  81    0.0000014  -0.00001015
  82    0.0000006  -0.00000542
  83    0.0000004  -0.00000382
  84    0.0000004  -0.00000275
  85    0.0000002  -0.00000178
  86    0.0000002  -0.00000142
  87    0.0000003  -0.00000220
  88    0.0000888  -0.00119900
  89    0.0000001  -0.00000081
  90    0.0000000  -0.00000032
  91    0.0000000  -0.00000030
  92    0.0000000  -0.00000033
  93    0.0000000  -0.00000015
  94    0.0036426  -0.00224220
  95    0.0005651  -0.00055334
  96    0.0029738  -0.00327012
  97    0.0030351  -0.00331398
  98    0.0030337  -0.00331616
  99    0.0062836  -0.00496078
 100    0.0067515  -0.00511464
 101    0.0003681  -0.00056021
 102    0.0030703  -0.00336284
 103    0.0000063  -0.00003988
 104    0.0000068  -0.00004548
 105    0.0000044  -0.00002659
 106    0.0000080  -0.00004970
 107    0.0000025  -0.00001734
 108    0.0000040  -0.00002737
 109    0.0000030  -0.00002027
 110    0.0000256  -0.00012641
 111    0.0000007  -0.00000624
 112    0.0000011  -0.00000948
 113    0.0000006  -0.00000535
 114    0.0000004  -0.00000374
 115    0.0000004  -0.00000369
 116    0.0000002  -0.00000174
 117    0.0000002  -0.00000134
 118    0.0000002  -0.00000203
 119    0.0000887  -0.00119746
 120    0.0000001  -0.00000079
 121    0.0000000  -0.00000028
 122    0.0000000  -0.00000031
 123    0.0000000  -0.00000030
 124    0.0000000  -0.00000015
 125    0.0001633  -0.00017508
 126    0.0005291  -0.00056234
 127    0.0020954  -0.00247726
 128    0.0020411  -0.00241667
 129    0.0020418  -0.00241514
 130    0.0051616  -0.00407927
 131    0.0010003  -0.00100770
 132    0.0003254  -0.00048935
 133    0.0006249  -0.00083289
 134    0.0000056  -0.00003461
 135    0.0000057  -0.00003470
 136    0.0000041  -0.00002396
 137    0.0000070  -0.00004408
 138    0.0000022  -0.00001457
 139    0.0000034  -0.00002129
 140    0.0000024  -0.00001627
 141    0.0000201  -0.00009701
 142    0.0000007  -0.00000623
 143    0.0000010  -0.00000891
 144    0.0000006  -0.00000523
 145    0.0000004  -0.00000304
 146    0.0000004  -0.00000297
 147    0.0000002  -0.00000158
 148    0.0000002  -0.00000130
 149    0.0000002  -0.00000197
 150    0.0000774  -0.00102408
 151    0.0000001  -0.00000078
 152    0.0000000  -0.00000029
 153    0.0000000  -0.00000029
 154    0.0000000  -0.00000027
 155    0.0000000  -0.00000015
 156    0.0000955  -0.00013089
 157    0.0003050  -0.00037831
 158    0.0003359  -0.00052254
 159    0.0003067  -0.00051444
 160    0.0003586  -0.00056105
 161    0.0048639  -0.00392165
 162    0.0007301  -0.00087486
 163    0.0003031  -0.00043227
 164    0.0003732  -0.00056955
 165    0.0000045  -0.00002836
 166    0.0000042  -0.00002494
 167    0.0000037  -0.00002291
 168    0.0000068  -0.00004092
 169    0.0000021  -0.00001272
 170    0.0000026  -0.00001677
 171    0.0000023  -0.00001445
 172    0.0000156  -0.00006785
 173    0.0000007  -0.00000582
 174    0.0000009  -0.00000849
 175    0.0000006  -0.00000511
 176    0.0000004  -0.00000288
 177    0.0000004  -0.00000284
 178    0.0000002  -0.00000158
 179    0.0000002  -0.00000123
 180    0.0000002  -0.00000181
 181    0.0000126  -0.00041779
 182    0.0000001  -0.00000074
 183    0.0000000  -0.00000027
 184    0.0000000  -0.00000029
 185    0.0000000  -0.00000027
 186    0.0000000  -0.00000015
 187    0.0000806  -0.00010899
 188    0.0001412  -0.00018567
 189    0.0002362  -0.00039746
 190    0.0002550  -0.00043222
 191    0.0002514  -0.00042631
 192    0.0007276  -0.00085237
 193    0.0006561  -0.00079875
 194    0.0002496  -0.00031808
 195    0.0002094  -0.00033331
 196    0.0000043  -0.00002623
 197    0.0000036  -0.00002200
 198    0.0000033  -0.00002105
 199    0.0000061  -0.00003514
 200    0.0000020  -0.00001204
 201    0.0000023  -0.00001522
 202    0.0000022  -0.00001355
 203    0.0000149  -0.00006248
 204    0.0000007  -0.00000560
 205    0.0000008  -0.00000792
 206    0.0000005  -0.00000494
 207    0.0000003  -0.00000267
 208    0.0000004  -0.00000276
 209    0.0000002  -0.00000138
 210    0.0000002  -0.00000155
 211    0.0000002  -0.00000160
 212    0.0000010  -0.00005750
 213    0.0000001  -0.00000074
 214    0.0000000  -0.00000026
 215    0.0000000  -0.00000026
 216    0.0000000  -0.00000026
 217    0.0000000  -0.00000015
 
----------------
 Final Energies 
----------------
Final NOF Total Energy =   -2478.5620324
 
Total Orbital Internal Iterations = 10
Total Occupation Internal Iterations = 0
 
Elapsed time:   31.99 Seconds

---------------------------------
   Lowdin Population Analysis    
---------------------------------
 Idx  Atom   Population   Charge 
---------------------------------
  1     I    52.642       0.358
  2     C     6.036      -0.036
  3     H     1.107      -0.107
  4     H     1.108      -0.108
  5     H     1.107      -0.107

---------------------------------
   M Diagnostic: 0.97
---------------------------------

