Computing Integrals
Basis Set                                            = def2-qzvp
Auxiliary Basis Set                                  = def2-universal-jkfit
Gaussian Type                                        = Spherical
Elapsed time:    1.70 Seconds

Number of basis functions                   (NBF)    = 117
Number of auxiliary basis functions         (NBFAUX) = 113
Inactive Doubly occupied orbitals up to     (NO1)    = 0
No. considered Strongly Doubly occupied MOs (NDOC)   = 5
No. considered Strongly Singly occupied MOs (NSOC)   = 0
NO. of Weakly occ. per St. Doubly occ.  MOs (NCWO)   = 22
Dimension of the Nat. Orb. subspace         (NBF5)   = 115
No. of electrons                                     = 10
    No. of alpha electrons                           = 5
    No. of beta electrons                            = 5
Multiplicity                                         = 1

Geometry
========
 O       0.0000000       0.0000000       0.3921953
 H      -0.7561000       0.0000000      -0.1960977
 H       0.7561000       0.0000000      -0.1960977

Orthonormality violations 9366, Maximum Violation 0.000097
Trying to orthonormalize
No violations of the orthonormality
No violations of the orthonormality
 
PNOF7/ADABelief Calculation
==================
 
  Nitext  Nit_orb  Time   Nit_occ  Time         Eelec          Etot           Ediff      maxdiff    MaxGrad_orb  Grad_occ
     1      10    9.7e+00    0    1.2e+01   -85.38965066   -76.20175523 -10084.38965066   0.000100   4.0e-04   1.1e-04 0.03
 
RESULTS OF THE OCCUPATION OPTIMIZATION
========================================
   1    1.9997168  -20.56950172
   2    1.9699525  -0.89837428
   3    1.9698139  -0.89766452
   4    1.9828046  -0.74923072
   5    1.9828297  -0.74917939
   6    0.0137353  -0.01298100
   7    0.0136671  -0.01291914
   8    0.0247371  -0.02268648
   9    0.0246336  -0.02264795
  10    0.0002237  -0.00758570
  11    0.0013048  -0.00211925
  12    0.0012946  -0.00210272
  13    0.0028613  -0.00388455
  14    0.0028683  -0.00389681
  15    0.0000315  -0.00076553
  16    0.0007493  -0.00135051
  17    0.0007608  -0.00134830
  18    0.0011382  -0.00179440
  19    0.0011233  -0.00178669
  20    0.0000216  -0.00054667
  21    0.0007339  -0.00134096
  22    0.0007480  -0.00134486
  23    0.0011130  -0.00177861
  24    0.0010883  -0.00174812
  25    0.0000031  -0.00022288
  26    0.0001631  -0.00036871
  27    0.0001637  -0.00037399
  28    0.0000751  -0.00020377
  29    0.0000663  -0.00018460
  30    0.0000005  -0.00000554
  31    0.0001326  -0.00036555
  32    0.0001446  -0.00036189
  33    0.0000578  -0.00017660
  34    0.0000619  -0.00017808
  35    0.0000004  -0.00000315
  36    0.0001097  -0.00031089
  37    0.0001258  -0.00032333
  38    0.0000480  -0.00012169
  39    0.0000488  -0.00012020
  40    0.0000002  -0.00000122
  41    0.0001068  -0.00031038
  42    0.0001107  -0.00031272
  43    0.0000358  -0.00009603
  44    0.0000411  -0.00009925
  45    0.0000002  -0.00000098
  46    0.0000488  -0.00016951
  47    0.0000851  -0.00024447
  48    0.0000313  -0.00008554
  49    0.0000277  -0.00008223
  50    0.0000002  -0.00000157
  51    0.0000285  -0.00010012
  52    0.0000229  -0.00008453
  53    0.0000237  -0.00007050
  54    0.0000209  -0.00006624
  55    0.0000002  -0.00000378
  56    0.0000113  -0.00003822
  57    0.0000135  -0.00004321
  58    0.0000188  -0.00005922
  59    0.0000125  -0.00005181
  60    0.0000002  -0.00000439
  61    0.0000071  -0.00002825
  62    0.0000111  -0.00003538
  63    0.0000123  -0.00004210
  64    0.0000090  -0.00004072
  65    0.0000001  -0.00000115
  66    0.0000070  -0.00002951
  67    0.0000087  -0.00003026
  68    0.0000068  -0.00003762
  69    0.0000083  -0.00003551
  70    0.0000001  -0.00000067
  71    0.0000059  -0.00002551
  72    0.0000070  -0.00002817
  73    0.0000060  -0.00002360
  74    0.0000065  -0.00002453
  75    0.0000001  -0.00000131
  76    0.0000058  -0.00002560
  77    0.0000060  -0.00002849
  78    0.0000046  -0.00002038
  79    0.0000057  -0.00002148
  80    0.0000001  -0.00000076
  81    0.0000051  -0.00002336
  82    0.0000054  -0.00002368
  83    0.0000032  -0.00001084
  84    0.0000055  -0.00001823
  85    0.0000001  -0.00000190
  86    0.0000041  -0.00001816
  87    0.0000044  -0.00002146
  88    0.0000028  -0.00000815
  89    0.0000045  -0.00001624
  90    0.0000001  -0.00000097
  91    0.0000029  -0.00000728
  92    0.0000040  -0.00001388
  93    0.0000026  -0.00000708
  94    0.0000038  -0.00001019
  95    0.0000001  -0.00000053
  96    0.0000025  -0.00000409
  97    0.0000035  -0.00000852
  98    0.0000022  -0.00000687
  99    0.0000033  -0.00000775
 100    0.0000001  -0.00000047
 101    0.0000021  -0.00000216
 102    0.0000031  -0.00000723
 103    0.0000021  -0.00000484
 104    0.0000030  -0.00000733
 105    0.0000001  -0.00000057
 106    0.0000019  -0.00000067
 107    0.0000027  -0.00000621
 108    0.0000019  -0.00000239
 109    0.0000027  -0.00000612
 110    0.0000001  -0.00000200
 111    0.0000018  -0.00000061
 112    0.0000025  -0.00000386
 113    0.0000017  -0.00000229
 114    0.0000025  -0.00000532
 115    0.0000001  -0.00000043
 
----------------
 Final Energies 
----------------
Final NOF Total Energy =     -76.2017552
 
Total Orbital Internal Iterations = 10
Total Occupation Internal Iterations = 0
 
Elapsed time:   28.71 Seconds

---------------------------------
   Lowdin Population Analysis    
---------------------------------
 Idx  Atom   Population   Charge 
---------------------------------
  1     O     7.341       0.659
  2     H     1.329      -0.329
  3     H     1.329      -0.329

---------------------------------
   M Diagnostic: 0.03
---------------------------------

