Computing Integrals
Basis Set                                            = def2-qzvp
Auxiliary Basis Set                                  = def2-universal-jkfit
Gaussian Type                                        = Spherical
Elapsed time:    2.88 Seconds

Number of basis functions                   (NBF)    = 140
Number of auxiliary basis functions         (NBFAUX) = 256
Inactive Doubly occupied orbitals up to     (NO1)    = 0
No. considered Strongly Doubly occupied MOs (NDOC)   = 17
No. considered Strongly Singly occupied MOs (NSOC)   = 0
NO. of Weakly occ. per St. Doubly occ.  MOs (NCWO)   = 7
Dimension of the Nat. Orb. subspace         (NBF5)   = 136
No. of electrons                                     = 34
    No. of alpha electrons                           = 17
    No. of beta electrons                            = 17
Multiplicity                                         = 1

Geometry
========
Cl       0.0000000       0.0000000      -1.0058533
Cl       0.0000000       0.0000000       1.0058533

Orthonormality violations 2778, Maximum Violation 0.000073
Trying to orthonormalize
No violations of the orthonormality
No violations of the orthonormality
 
PNOF7/ADABelief Calculation
==================
 
  Nitext  Nit_orb  Time   Nit_occ  Time         Eelec          Etot           Ediff      maxdiff    MaxGrad_orb  Grad_occ
     1      10    1.1e+01    0    1.2e+01  -995.28866658  -919.26769000 -10994.28866658   0.000098   3.9e-04   1.5e-04 0.17
 
RESULTS OF THE OCCUPATION OPTIMIZATION
========================================
   1    1.9999222  -96.67642928
   2    1.9999234  -95.50665622
   3    1.9999908  -20.00294055
   4    1.9999779  -18.76902502
   5    1.9994620  -8.13703860
   6    1.9995464  -8.09368699
   7    1.9993454  -8.08712972
   8    1.9993257  -8.07722270
   9    1.9993025  -8.07636467
  10    1.9995636  -8.07609088
  11    1.9785333  -0.83154946
  12    1.9777589  -0.82301191
  13    1.9774695  -0.81181324
  14    1.9662843  -0.68481219
  15    1.9640308  -0.66291595
  16    1.8303918  -0.60390891
  17    1.9439027  -0.54335515
  18    0.0195697  -0.01112460
  19    0.1687651  -0.07199851
  20    0.0147030  -0.00993519
  21    0.0139819  -0.00984234
  22    0.0114277  -0.00856670
  23    0.0120747  -0.00902666
  24    0.0120094  -0.00903503
  25    0.0002121  -0.00251977
  26    0.0002227  -0.00246988
  27    0.0001996  -0.00224674
  28    0.0003194  -0.00352141
  29    0.0002255  -0.00265323
  30    0.0003349  -0.00361266
  31    0.0000196  -0.00032297
  32    0.0000040  -0.00004021
  33    0.0000490  -0.00825701
  34    0.0000499  -0.00838757
  35    0.0164991  -0.00935456
  36    0.0006399  -0.00071657
  37    0.0132680  -0.00902969
  38    0.0119211  -0.00841505
  39    0.0084194  -0.00668854
  40    0.0074060  -0.00573495
  41    0.0065090  -0.00523393
  42    0.0002114  -0.00225703
  43    0.0001892  -0.00235681
  44    0.0001881  -0.00229159
  45    0.0001752  -0.00190745
  46    0.0002160  -0.00231186
  47    0.0001915  -0.00206096
  48    0.0000007  -0.00001468
  49    0.0000016  -0.00001764
  50    0.0000095  -0.00108562
  51    0.0000097  -0.00112778
  52    0.0140397  -0.00775645
  53    0.0000725  -0.00009339
  54    0.0068534  -0.00506914
  55    0.0062546  -0.00478248
  56    0.0010071  -0.00132062
  57    0.0010442  -0.00135144
  58    0.0009429  -0.00121969
  59    0.0000042  -0.00005108
  60    0.0001395  -0.00156322
  61    0.0001423  -0.00158999
  62    0.0001504  -0.00162417
  63    0.0000048  -0.00005626
  64    0.0000048  -0.00004745
  65    0.0000005  -0.00000905
  66    0.0000009  -0.00001223
  67    0.0000083  -0.00094512
  68    0.0000085  -0.00098112
  69    0.0056100  -0.00378850
  70    0.0000477  -0.00009279
  71    0.0006803  -0.00089557
  72    0.0006115  -0.00080687
  73    0.0006094  -0.00087113
  74    0.0005785  -0.00081776
  75    0.0007739  -0.00106229
  76    0.0000032  -0.00003418
  77    0.0001375  -0.00155379
  78    0.0001360  -0.00153293
  79    0.0000038  -0.00004311
  80    0.0000025  -0.00002979
  81    0.0000025  -0.00002781
  82    0.0000004  -0.00000787
  83    0.0000009  -0.00001157
  84    0.0000082  -0.00092965
  85    0.0000082  -0.00093673
  86    0.0002317  -0.00030077
  87    0.0000339  -0.00008518
  88    0.0002799  -0.00039034
  89    0.0004425  -0.00061309
  90    0.0004600  -0.00065504
  91    0.0005174  -0.00076293
  92    0.0006498  -0.00092850
  93    0.0000020  -0.00002427
  94    0.0000040  -0.00005139
  95    0.0000035  -0.00004444
  96    0.0000022  -0.00002344
  97    0.0000021  -0.00002322
  98    0.0000016  -0.00001931
  99    0.0000003  -0.00000771
 100    0.0000007  -0.00000988
 101    0.0000014  -0.00043391
 102    0.0000014  -0.00043646
 103    0.0001118  -0.00019441
 104    0.0000284  -0.00006459
 105    0.0001145  -0.00020122
 106    0.0004000  -0.00058819
 107    0.0004405  -0.00062523
 108    0.0004576  -0.00067839
 109    0.0005080  -0.00070413
 110    0.0000018  -0.00001834
 111    0.0000027  -0.00002621
 112    0.0000027  -0.00002628
 113    0.0000020  -0.00002028
 114    0.0000014  -0.00001578
 115    0.0000015  -0.00001795
 116    0.0000003  -0.00000525
 117    0.0000006  -0.00000931
 118    0.0000001  -0.00000252
 119    0.0000001  -0.00000152
 120    0.0000352  -0.00006459
 121    0.0000209  -0.00005658
 122    0.0000701  -0.00014386
 123    0.0001043  -0.00017969
 124    0.0001664  -0.00027201
 125    0.0001626  -0.00027498
 126    0.0000737  -0.00015340
 127    0.0000017  -0.00001828
 128    0.0000019  -0.00002027
 129    0.0000021  -0.00002026
 130    0.0000016  -0.00001816
 131    0.0000013  -0.00001454
 132    0.0000012  -0.00001552
 133    0.0000003  -0.00000760
 134    0.0000005  -0.00001402
 135    0.0000001  -0.00000143
 136    0.0000001  -0.00000131
 
----------------
 Final Energies 
----------------
Final NOF Total Energy =    -919.2676900
 
Total Orbital Internal Iterations = 10
Total Occupation Internal Iterations = 0
 
Elapsed time:   32.34 Seconds

---------------------------------
   Lowdin Population Analysis    
---------------------------------
 Idx  Atom   Population   Charge 
---------------------------------
  1    Cl    16.999       0.001
  2    Cl    17.001      -0.001

---------------------------------
   M Diagnostic: 0.17
---------------------------------

