Computing Integrals
Basis Set                                            = def2-qzvp
Auxiliary Basis Set                                  = def2-universal-jkfit
Gaussian Type                                        = Spherical
Elapsed time:    1.83 Seconds

Number of basis functions                   (NBF)    = 114
Number of auxiliary basis functions         (NBFAUX) = 154
Inactive Doubly occupied orbitals up to     (NO1)    = 0
No. considered Strongly Doubly occupied MOs (NDOC)   = 9
No. considered Strongly Singly occupied MOs (NSOC)   = 0
NO. of Weakly occ. per St. Doubly occ.  MOs (NCWO)   = 11
Dimension of the Nat. Orb. subspace         (NBF5)   = 108
No. of electrons                                     = 18
    No. of alpha electrons                           = 9
    No. of beta electrons                            = 9
Multiplicity                                         = 1

Geometry
========
 F       0.0000000       0.0000000      -0.7075955
 F       0.0000000       0.0000000       0.7075955

Orthonormality violations 3780, Maximum Violation 0.000051
Trying to orthonormalize
No violations of the orthonormality
No violations of the orthonormality
 
PNOF7/ADABelief Calculation
==================
 
  Nitext  Nit_orb  Time   Nit_occ  Time         Eelec          Etot           Ediff      maxdiff    MaxGrad_orb  Grad_occ
     1      10    1.0e+01    0    1.2e+01  -229.34509081  -199.05711824 -10228.34509081   0.000094   3.8e-04   1.7e-04 0.23
 
RESULTS OF THE OCCUPATION OPTIMIZATION
========================================
   1    1.9998049  -26.39318510
   2    1.9998081  -26.39295875
   3    1.9869484  -1.06589955
   4    1.9868054  -1.06320883
   5    1.9868105  -1.05956765
   6    1.9867912  -1.05846453
   7    1.9868067  -1.05420754
   8    1.9867924  -1.05177715
   9    1.7696453  -0.79345467
  10    0.2303299  -0.13843478
  11    0.0090953  -0.01192741
  12    0.0090797  -0.01192196
  13    0.0090849  -0.01192033
  14    0.0090287  -0.01189357
  15    0.0089240  -0.01182861
  16    0.0090005  -0.01188094
  17    0.0001619  -0.00704561
  18    0.0001607  -0.00702722
  19    0.0000096  -0.00002257
  20    0.0019497  -0.00363629
  21    0.0019160  -0.00362546
  22    0.0019194  -0.00359593
  23    0.0019054  -0.00359149
  24    0.0018826  -0.00354520
  25    0.0018645  -0.00352675
  26    0.0000236  -0.00070578
  27    0.0000286  -0.00081762
  28    0.0000056  -0.00001819
  29    0.0014553  -0.00300026
  30    0.0015205  -0.00309962
  31    0.0014111  -0.00292424
  32    0.0014940  -0.00305321
  33    0.0015277  -0.00302959
  34    0.0013526  -0.00284245
  35    0.0000030  -0.00019498
  36    0.0000025  -0.00018913
  37    0.0000032  -0.00001671
  38    0.0003418  -0.00097237
  39    0.0003311  -0.00095967
  40    0.0003460  -0.00097008
  41    0.0003247  -0.00094809
  42    0.0003414  -0.00096298
  43    0.0003281  -0.00095077
  44    0.0000012  -0.00003010
  45    0.0000010  -0.00002937
  46    0.0000025  -0.00001393
  47    0.0001325  -0.00045515
  48    0.0001347  -0.00045597
  49    0.0001332  -0.00045815
  50    0.0001335  -0.00045593
  51    0.0001342  -0.00045598
  52    0.0001358  -0.00046533
  53    0.0000005  -0.00001709
  54    0.0000006  -0.00001878
  55    0.0000010  -0.00001190
  56    0.0000992  -0.00033616
  57    0.0000866  -0.00031238
  58    0.0001156  -0.00039117
  59    0.0001128  -0.00038660
  60    0.0001176  -0.00040969
  61    0.0001295  -0.00037105
  62    0.0000004  -0.00001452
  63    0.0000004  -0.00001532
  64    0.0000009  -0.00000940
  65    0.0000733  -0.00027095
  66    0.0000645  -0.00025593
  67    0.0000939  -0.00032769
  68    0.0000808  -0.00030115
  69    0.0001066  -0.00033569
  70    0.0001154  -0.00040991
  71    0.0000003  -0.00001102
  72    0.0000003  -0.00001091
  73    0.0000008  -0.00000939
  74    0.0000225  -0.00011752
  75    0.0000206  -0.00011171
  76    0.0000616  -0.00024833
  77    0.0000703  -0.00025917
  78    0.0000726  -0.00026809
  79    0.0000547  -0.00023526
  80    0.0000003  -0.00001085
  81    0.0000003  -0.00000983
  82    0.0000004  -0.00000699
  83    0.0000152  -0.00009678
  84    0.0000160  -0.00009956
  85    0.0000188  -0.00010851
  86    0.0000157  -0.00009867
  87    0.0000595  -0.00023377
  88    0.0000368  -0.00018411
  89    0.0000003  -0.00000680
  90    0.0000002  -0.00000643
  91    0.0000004  -0.00000644
  92    0.0000126  -0.00009397
  93    0.0000142  -0.00009564
  94    0.0000141  -0.00009212
  95    0.0000136  -0.00009182
  96    0.0000166  -0.00010012
  97    0.0000194  -0.00010581
  98    0.0000002  -0.00000613
  99    0.0000002  -0.00000602
 100    0.0000004  -0.00000565
 101    0.0000103  -0.00005995
 102    0.0000095  -0.00005572
 103    0.0000104  -0.00006294
 104    0.0000099  -0.00006067
 105    0.0000119  -0.00008775
 106    0.0000143  -0.00009355
 107    0.0000002  -0.00001984
 108    0.0000002  -0.00001705
 
----------------
 Final Energies 
----------------
Final NOF Total Energy =    -199.0571182
 
Total Orbital Internal Iterations = 10
Total Occupation Internal Iterations = 0
 
Elapsed time:   29.32 Seconds

---------------------------------
   Lowdin Population Analysis    
---------------------------------
 Idx  Atom   Population   Charge 
---------------------------------
  1     F     9.000      -0.000
  2     F     9.000       0.000

---------------------------------
   M Diagnostic: 0.23
---------------------------------

