Computing Integrals
Basis Set                                            = def2-qzvp
Auxiliary Basis Set                                  = def2-universal-jkfit
Gaussian Type                                        = Spherical
Elapsed time:    1.54 Seconds

Number of basis functions                   (NBF)    = 57
Number of auxiliary basis functions         (NBFAUX) = 75
Inactive Doubly occupied orbitals up to     (NO1)    = 0
No. considered Strongly Doubly occupied MOs (NDOC)   = 2
No. considered Strongly Singly occupied MOs (NSOC)   = 1
NO. of Weakly occ. per St. Doubly occ.  MOs (NCWO)   = 27
Dimension of the Nat. Orb. subspace         (NBF5)   = 57
No. of electrons                                     = 5
    No. of alpha electrons                           = 3
    No. of beta electrons                            = 2
Multiplicity                                         = 2

Geometry
========
 B       0.0000000       0.0000000       0.0000000

No violations of the orthonormality
No violations of the orthonormality
 
PNOF7/ADABelief Calculation
==================
 
  Nitext  Nit_orb  Time   Nit_occ  Time         Eelec          Etot           Ediff      maxdiff    MaxGrad_orb  Grad_occ
     1      10    9.0e+00    0    1.1e+01   -24.62899122   -24.62899122 -10023.62899122   0.000100   4.0e-04   1.3e-04 0.15
 
RESULTS OF THE OCCUPATION OPTIMIZATION
========================================
   1    1.9987676  -7.67637012
   2    1.7990700  -0.50270901
   3    1.0000000  -0.17713182
   4    0.0944205  -0.03090887
   5    0.0008291  -0.00978034
   6    0.0943530  -0.03089081
   7    0.0001303  -0.00109321
   8    0.0043083  -0.00262656
   9    0.0001275  -0.00108141
  10    0.0027816  -0.00203750
  11    0.0000800  -0.00069694
  12    0.0014929  -0.00109479
  13    0.0000203  -0.00049247
  14    0.0014603  -0.00108647
  15    0.0000121  -0.00014425
  16    0.0011654  -0.00083791
  17    0.0000032  -0.00004553
  18    0.0001224  -0.00015441
  19    0.0000031  -0.00003459
  20    0.0001167  -0.00012561
  21    0.0000026  -0.00003218
  22    0.0001017  -0.00012228
  23    0.0000021  -0.00007657
  24    0.0001002  -0.00007751
  25    0.0000017  -0.00001627
  26    0.0000744  -0.00009087
  27    0.0000016  -0.00001337
  28    0.0000698  -0.00007146
  29    0.0000016  -0.00001272
  30    0.0000609  -0.00006709
  31    0.0000015  -0.00001577
  32    0.0000566  -0.00006691
  33    0.0000015  -0.00001108
  34    0.0000505  -0.00006523
  35    0.0000014  -0.00001069
  36    0.0000422  -0.00002367
  37    0.0000013  -0.00001023
  38    0.0000341  -0.00002224
  39    0.0000013  -0.00000931
  40    0.0000231  -0.00000900
  41    0.0000012  -0.00000907
  42    0.0000194  -0.00002528
  43    0.0000012  -0.00000816
  44    0.0000176  -0.00002484
  45    0.0000012  -0.00000808
  46    0.0000149  -0.00002143
  47    0.0000012  -0.00001180
  48    0.0000139  -0.00002137
  49    0.0000011  -0.00001215
  50    0.0000106  -0.00001423
  51    0.0000011  -0.00000301
  52    0.0000098  -0.00001303
  53    0.0000011  -0.00000221
  54    0.0000088  -0.00001306
  55    0.0000010  -0.00000219
  56    0.0000006  -0.00000015
  57    0.0000010  -0.00000079
 
----------------
 Final Energies 
----------------
Final NOF Total Energy =     -24.6289912
 
Total Orbital Internal Iterations = 10
Total Occupation Internal Iterations = 0
 
Elapsed time:   26.56 Seconds

---------------------------------
   Lowdin Population Analysis    
---------------------------------
 Idx  Atom   Population   Charge 
---------------------------------
  1     B     5.000      -0.000

---------------------------------
   M Diagnostic: 0.15
---------------------------------

