Computing Integrals
Basis Set                                            = def2-qzvp
Auxiliary Basis Set                                  = def2-universal-jkfit
Gaussian Type                                        = Spherical
Elapsed time:    1.57 Seconds

Number of basis functions                   (NBF)    = 57
Number of auxiliary basis functions         (NBFAUX) = 77
Inactive Doubly occupied orbitals up to     (NO1)    = 0
No. considered Strongly Doubly occupied MOs (NDOC)   = 3
No. considered Strongly Singly occupied MOs (NSOC)   = 2
NO. of Weakly occ. per St. Doubly occ.  MOs (NCWO)   = 17
Dimension of the Nat. Orb. subspace         (NBF5)   = 56
No. of electrons                                     = 8
    No. of alpha electrons                           = 5
    No. of beta electrons                            = 3
Multiplicity                                         = 3

Geometry
========
 O       0.0000000       0.0000000       0.0000000

No violations of the orthonormality
No violations of the orthonormality
 
PNOF7/ADABelief Calculation
==================
 
  Nitext  Nit_orb  Time   Nit_occ  Time         Eelec          Etot           Ediff      maxdiff    MaxGrad_orb  Grad_occ
     1      10    9.1e+00    0    1.1e+01   -74.95584500   -74.95584500 -10073.95584500   0.000097   3.9e-04   1.3e-04 0.03
 
RESULTS OF THE OCCUPATION OPTIMIZATION
========================================
   1    1.9997045  -20.67190997
   2    1.9683759  -0.96485769
   3    1.9668185  -0.93531960
   4    1.0000000  -0.38537926
   5    1.0000000  -0.38516510
   6    0.0170736  -0.01506887
   7    0.0171044  -0.01494675
   8    0.0002425  -0.00789126
   9    0.0044700  -0.00521018
  10    0.0046578  -0.00528683
  11    0.0000306  -0.00068958
  12    0.0041308  -0.00513031
  13    0.0041682  -0.00512664
  14    0.0000046  -0.00028424
  15    0.0031040  -0.00437930
  16    0.0029911  -0.00417141
  17    0.0000032  -0.00007038
  18    0.0028922  -0.00403507
  19    0.0009078  -0.00176026
  20    0.0000018  -0.00004578
  21    0.0003638  -0.00081784
  22    0.0003633  -0.00071932
  23    0.0000017  -0.00004484
  24    0.0003344  -0.00081851
  25    0.0003429  -0.00084934
  26    0.0000014  -0.00003123
  27    0.0002024  -0.00050745
  28    0.0002034  -0.00054209
  29    0.0000012  -0.00002772
  30    0.0001761  -0.00044438
  31    0.0001910  -0.00047841
  32    0.0000011  -0.00002770
  33    0.0001618  -0.00039786
  34    0.0001635  -0.00041861
  35    0.0000011  -0.00002354
  36    0.0001504  -0.00037161
  37    0.0001511  -0.00041489
  38    0.0000011  -0.00002238
  39    0.0000379  -0.00012962
  40    0.0001441  -0.00037251
  41    0.0000010  -0.00002074
  42    0.0000231  -0.00009922
  43    0.0001298  -0.00032177
  44    0.0000010  -0.00002067
  45    0.0000171  -0.00008710
  46    0.0000568  -0.00017233
  47    0.0000009  -0.00001790
  48    0.0000159  -0.00007141
  49    0.0000216  -0.00008668
  50    0.0000008  -0.00001627
  51    0.0000147  -0.00006393
  52    0.0000153  -0.00007170
  53    0.0000008  -0.00001564
  54    0.0000132  -0.00005778
  55    0.0000122  -0.00005375
  56    0.0000007  -0.00002877
 
----------------
 Final Energies 
----------------
Final NOF Total Energy =     -74.9558450
 
Total Orbital Internal Iterations = 10
Total Occupation Internal Iterations = 0
 
Elapsed time:   26.58 Seconds

---------------------------------
   Lowdin Population Analysis    
---------------------------------
 Idx  Atom   Population   Charge 
---------------------------------
  1     O     8.000      -0.000

---------------------------------
   M Diagnostic: 0.03
---------------------------------

