Computing Integrals
Basis Set                                            = def2-qzvp
Auxiliary Basis Set                                  = def2-universal-jkfit
Gaussian Type                                        = Spherical
Elapsed time:    1.74 Seconds

Number of basis functions                   (NBF)    = 70
Number of auxiliary basis functions         (NBFAUX) = 128
Inactive Doubly occupied orbitals up to     (NO1)    = 0
No. considered Strongly Doubly occupied MOs (NDOC)   = 8
No. considered Strongly Singly occupied MOs (NSOC)   = 1
NO. of Weakly occ. per St. Doubly occ.  MOs (NCWO)   = 7
Dimension of the Nat. Orb. subspace         (NBF5)   = 65
No. of electrons                                     = 17
    No. of alpha electrons                           = 9
    No. of beta electrons                            = 8
Multiplicity                                         = 2

Geometry
========
Cl       0.0000000       0.0000000       0.0000000

No violations of the orthonormality
No violations of the orthonormality
 
PNOF7/ADABelief Calculation
==================
 
  Nitext  Nit_orb  Time   Nit_occ  Time         Eelec          Etot           Ediff      maxdiff    MaxGrad_orb  Grad_occ
     1      10    9.0e+00    0    1.2e+01  -459.64026667  -459.64026667 -10458.64026667   0.000097   3.9e-04   1.4e-04 0.04
 
RESULTS OF THE OCCUPATION OPTIMIZATION
========================================
   1    1.9999344  -100.71499846
   2    1.9999117  -13.52209267
   3    1.9997334  -9.34039780
   4    1.9991354  -8.08319195
   5    1.9993847  -8.07747668
   6    1.9737684  -0.86546192
   7    1.9525869  -0.67709509
   8    1.9357434  -0.58288359
   9    1.0000000  -0.31920650
  10    0.0225527  -0.01340712
  11    0.0199193  -0.01307384
  12    0.0129410  -0.00910257
  13    0.0002370  -0.00256335
  14    0.0003066  -0.00333070
  15    0.0002499  -0.00284724
  16    0.0000763  -0.00108548
  17    0.0000420  -0.00757773
  18    0.0200094  -0.01198116
  19    0.0169850  -0.01123930
  20    0.0091247  -0.00677220
  21    0.0001991  -0.00254338
  22    0.0002388  -0.00254888
  23    0.0000057  -0.00005174
  24    0.0000044  -0.00004379
  25    0.0000121  -0.00148629
  26    0.0135178  -0.00808171
  27    0.0085752  -0.00604720
  28    0.0010116  -0.00130268
  29    0.0001454  -0.00160366
  30    0.0001568  -0.00166646
  31    0.0000046  -0.00004507
  32    0.0000028  -0.00003199
  33    0.0000098  -0.00117246
  34    0.0074114  -0.00497029
  35    0.0006988  -0.00092428
  36    0.0008648  -0.00113387
  37    0.0000167  -0.00040374
  38    0.0001487  -0.00160193
  39    0.0000019  -0.00002705
  40    0.0000016  -0.00002325
  41    0.0000012  -0.00037093
  42    0.0003066  -0.00036593
  43    0.0006010  -0.00081438
  44    0.0008606  -0.00113080
  45    0.0000082  -0.00007224
  46    0.0000053  -0.00005988
  47    0.0000017  -0.00002253
  48    0.0000014  -0.00002106
  49    0.0000003  -0.00000843
  50    0.0002651  -0.00030947
  51    0.0003799  -0.00049212
  52    0.0007890  -0.00105145
  53    0.0000053  -0.00004912
  54    0.0000044  -0.00004590
  55    0.0000016  -0.00002174
  56    0.0000011  -0.00001656
  57    0.0000002  -0.00000674
  58    0.0001936  -0.00026025
  59    0.0002541  -0.00030624
  60    0.0006399  -0.00086955
  61    0.0000035  -0.00003383
  62    0.0000041  -0.00004150
  63    0.0000013  -0.00001767
  64    0.0000008  -0.00002441
  65    0.0000002  -0.00000569
 
----------------
 Final Energies 
----------------
Final NOF Total Energy =    -459.6402667
 
Total Orbital Internal Iterations = 10
Total Occupation Internal Iterations = 0
 
Elapsed time:   26.70 Seconds

---------------------------------
   Lowdin Population Analysis    
---------------------------------
 Idx  Atom   Population   Charge 
---------------------------------
  1    Cl    17.000      -0.000

---------------------------------
   M Diagnostic: 0.04
---------------------------------

