Computing Integrals
Basis Set                                            = def2-qzvp
Auxiliary Basis Set                                  = def2-universal-jkfit
Gaussian Type                                        = Spherical
Elapsed time:    2.55 Seconds

Number of basis functions                   (NBF)    = 100
Number of auxiliary basis functions         (NBFAUX) = 146
Inactive Doubly occupied orbitals up to     (NO1)    = 0
No. considered Strongly Doubly occupied MOs (NDOC)   = 9
No. considered Strongly Singly occupied MOs (NSOC)   = 0
NO. of Weakly occ. per St. Doubly occ.  MOs (NCWO)   = 10
Dimension of the Nat. Orb. subspace         (NBF5)   = 99
No. of electrons                                     = 18
    No. of alpha electrons                           = 9
    No. of beta electrons                            = 9
Multiplicity                                         = 1

Geometry
========
Cl       0.0000000       0.0000000       0.6372241
 H       0.0000000       0.0000000      -0.6372241

No violations of the orthonormality
No violations of the orthonormality
 
PNOF8/ADABelief Calculation
==================
 
  Nitext  Nit_orb  Time   Nit_occ  Time         Eelec          Etot           Ediff      maxdiff    MaxGrad_orb  Grad_occ
     1      10    3.0e+01    0    2.4e+01  -467.73360430  -460.67486804 -10466.73360430   0.000623   2.5e-03   1.5e-04 0.02
 
RESULTS OF THE OCCUPATION OPTIMIZATION
========================================
   1    1.9999991  -104.90777293
   2    1.9996574  -10.59506359
   3    1.9993338  -8.06934518
   4    1.9994283  -8.06690269
   5    1.9992979  -8.06616441
   6    1.9821628  -1.13472173
   7    1.9725069  -0.63956554
   8    1.9749352  -0.51848909
   9    1.9715338  -0.50145651
  10    0.0092570  -0.01738848
  11    0.0092897  -0.01766560
  12    0.0171983  -0.03256693
  13    0.0063603  -0.02719161
  14    0.0005759  -0.01262673
  15    0.0004400  -0.01009449
  16    0.0004997  -0.01101963
  17    0.0003171  -0.00819763
  18    0.0000007  -0.00000703
  19    0.0091896  -0.01763824
  20    0.0092527  -0.01798236
  21    0.0066621  -0.01610541
  22    0.0053338  -0.01957969
  23    0.0000889  -0.00112867
  24    0.0000817  -0.00215045
  25    0.0000709  -0.00122214
  26    0.0000103  -0.00034803
  27    0.0000001  -0.00000085
  28    0.0072667  -0.01873392
  29    0.0025977  -0.01012888
  30    0.0020770  -0.00818054
  31    0.0019524  -0.00990333
  32    0.0000109  -0.00009357
  33    0.0000150  -0.00073148
  34    0.0000661  -0.00151690
  35    0.0000054  -0.00005989
  36    0.0000000  -0.00000035
  37    0.0008361  -0.00237423
  38    0.0016773  -0.00731226
  39    0.0006000  -0.00153736
  40    0.0018399  -0.00968040
  41    0.0000084  -0.00007712
  42    0.0000114  -0.00009615
  43    0.0000106  -0.00009291
  44    0.0000046  -0.00023236
  45    0.0000000  -0.00000032
  46    0.0006994  -0.00173625
  47    0.0008349  -0.00240493
  48    0.0005958  -0.00153187
  49    0.0017955  -0.00959977
  50    0.0000080  -0.00007679
  51    0.0000087  -0.00007726
  52    0.0000079  -0.00007402
  53    0.0000012  -0.00001346
  54    0.0000000  -0.00000016
  55    0.0006458  -0.00156544
  56    0.0007557  -0.00192810
  57    0.0001394  -0.00046615
  58    0.0002394  -0.00111737
  59    0.0000040  -0.00004258
  60    0.0000053  -0.00005971
  61    0.0000059  -0.00006293
  62    0.0000010  -0.00000891
  63    0.0000000  -0.00000012
  64    0.0002633  -0.00090197
  65    0.0003007  -0.00112787
  66    0.0000684  -0.00021985
  67    0.0001253  -0.00050714
  68    0.0000039  -0.00003805
  69    0.0000041  -0.00004156
  70    0.0000034  -0.00028053
  71    0.0000009  -0.00000871
  72    0.0000000  -0.00000013
  73    0.0002386  -0.00093164
  74    0.0002510  -0.00102307
  75    0.0000592  -0.00019275
  76    0.0000750  -0.00033514
  77    0.0000016  -0.00001180
  78    0.0000032  -0.00003720
  79    0.0000011  -0.00000909
  80    0.0000008  -0.00000603
  81    0.0000000  -0.00000013
  82    0.0000622  -0.00019263
  83    0.0000555  -0.00018501
  84    0.0000561  -0.00018578
  85    0.0000629  -0.00023518
  86    0.0000003  -0.00000244
  87    0.0000020  -0.00019974
  88    0.0000004  -0.00000290
  89    0.0000007  -0.00000486
  90    0.0000000  -0.00000011
  91    0.0000075  -0.00005741
  92    0.0000496  -0.00017954
  93    0.0000367  -0.00016395
  94    0.0000527  -0.00020748
  95    0.0000003  -0.00000161
  96    0.0000003  -0.00000267
  97    0.0000003  -0.00000169
  98    0.0000006  -0.00000369
  99    0.0000000  -0.00000011
 
----------------
 Final Energies 
----------------
Final NOF Total Energy =    -460.6748680
 
Total Orbital Internal Iterations = 10
Total Occupation Internal Iterations = 0
 
Elapsed time:   68.14 Seconds

---------------------------------
   Lowdin Population Analysis    
---------------------------------
 Idx  Atom   Population   Charge 
---------------------------------
  1    Cl    16.623       0.377
  2     H     1.377      -0.377

---------------------------------
   M Diagnostic: 0.02
---------------------------------

