Computing Integrals
Basis Set                                            = def2-qzvp
Auxiliary Basis Set                                  = def2-universal-jkfit
Gaussian Type                                        = Spherical
Elapsed time:    3.17 Seconds

Number of basis functions                   (NBF)    = 234
Number of auxiliary basis functions         (NBFAUX) = 222
Inactive Doubly occupied orbitals up to     (NO1)    = 0
No. considered Strongly Doubly occupied MOs (NDOC)   = 8
No. considered Strongly Singly occupied MOs (NSOC)   = 0
NO. of Weakly occ. per St. Doubly occ.  MOs (NCWO)   = 28
Dimension of the Nat. Orb. subspace         (NBF5)   = 232
No. of electrons                                     = 16
    No. of alpha electrons                           = 8
    No. of beta electrons                            = 8
Multiplicity                                         = 1

Geometry
========
 C      -0.6634720       0.0000000       0.0000000
 C       0.6634720       0.0000000       0.0000000
 H      -1.2345990      -0.9225180       0.0000000
 H      -1.2345990       0.9225180       0.0000000
 H       1.2345990       0.9225180       0.0000000
 H       1.2345990      -0.9225180       0.0000000

No violations of the orthonormality
No violations of the orthonormality
 
PNOF8/ADABelief Calculation
==================
 
  Nitext  Nit_orb  Time   Nit_occ  Time         Eelec          Etot           Ediff      maxdiff    MaxGrad_orb  Grad_occ
     1      10    2.2e+01    0    2.5e+01  -111.92542694   -78.50002592 -10110.92542694   0.000482   1.9e-03   2.0e-04 0.04
 
RESULTS OF THE OCCUPATION OPTIMIZATION
========================================
   1    1.9999199  -11.23626829
   2    1.9999292  -11.23525773
   3    1.9790582  -1.05272521
   4    1.9785534  -0.76485874
   5    1.9737539  -0.64727797
   6    1.9729750  -0.60619013
   7    1.9740555  -0.60464008
   8    1.9622291  -0.40749095
   9    0.0364402  -0.03574094
  10    0.0158702  -0.02091535
  11    0.0153866  -0.01999353
  12    0.0139550  -0.01957787
  13    0.0112821  -0.01734514
  14    0.0120494  -0.02334615
  15    0.0000569  -0.00115472
  16    0.0000661  -0.00130758
  17    0.0007131  -0.00130070
  18    0.0038748  -0.00592100
  19    0.0048643  -0.00756283
  20    0.0046541  -0.00746187
  21    0.0034699  -0.00616946
  22    0.0039739  -0.00905561
  23    0.0000061  -0.00013564
  24    0.0000058  -0.00012116
  25    0.0002977  -0.00059237
  26    0.0020801  -0.00397343
  27    0.0033096  -0.00509504
  28    0.0039614  -0.00632250
  29    0.0022095  -0.00427124
  30    0.0023139  -0.00515713
  31    0.0000036  -0.00002762
  32    0.0000036  -0.00002669
  33    0.0002250  -0.00047674
  34    0.0011876  -0.00260514
  35    0.0010659  -0.00235548
  36    0.0015798  -0.00416389
  37    0.0015780  -0.00474034
  38    0.0009020  -0.00336040
  39    0.0000022  -0.00001580
  40    0.0000028  -0.00001876
  41    0.0000506  -0.00013674
  42    0.0010895  -0.00260379
  43    0.0005868  -0.00128010
  44    0.0005500  -0.00133625
  45    0.0010423  -0.00409752
  46    0.0008490  -0.00287983
  47    0.0000015  -0.00006471
  48    0.0000014  -0.00006956
  49    0.0000112  -0.00003868
  50    0.0006198  -0.00135206
  51    0.0005455  -0.00119095
  52    0.0003430  -0.00083851
  53    0.0005632  -0.00150870
  54    0.0001638  -0.00046902
  55    0.0000001  -0.00000130
  56    0.0000001  -0.00000197
  57    0.0000084  -0.00002228
  58    0.0003701  -0.00085492
  59    0.0003576  -0.00080296
  60    0.0002706  -0.00079349
  61    0.0004062  -0.00143908
  62    0.0001257  -0.00039243
  63    0.0000000  -0.00000074
  64    0.0000000  -0.00000071
  65    0.0000042  -0.00000986
  66    0.0003129  -0.00088270
  67    0.0003185  -0.00089789
  68    0.0001992  -0.00052752
  69    0.0002734  -0.00108993
  70    0.0000998  -0.00031043
  71    0.0000000  -0.00000049
  72    0.0000000  -0.00000052
  73    0.0000034  -0.00000563
  74    0.0001138  -0.00032426
  75    0.0001159  -0.00031164
  76    0.0001693  -0.00045657
  77    0.0001876  -0.00047672
  78    0.0000979  -0.00033023
  79    0.0000000  -0.00000048
  80    0.0000000  -0.00000042
  81    0.0000025  -0.00000514
  82    0.0000947  -0.00030895
  83    0.0001018  -0.00032928
  84    0.0001466  -0.00039391
  85    0.0000851  -0.00025245
  86    0.0000754  -0.00026764
  87    0.0000000  -0.00000052
  88    0.0000000  -0.00000043
  89    0.0000018  -0.00000445
  90    0.0000735  -0.00023043
  91    0.0000808  -0.00023157
  92    0.0000873  -0.00026324
  93    0.0000670  -0.00022246
  94    0.0000539  -0.00017800
  95    0.0000000  -0.00000045
  96    0.0000000  -0.00000043
  97    0.0000018  -0.00000422
  98    0.0000649  -0.00017828
  99    0.0000682  -0.00022004
 100    0.0000758  -0.00022678
 101    0.0000611  -0.00017960
 102    0.0000428  -0.00016586
 103    0.0000000  -0.00000033
 104    0.0000000  -0.00000032
 105    0.0000014  -0.00000378
 106    0.0000387  -0.00013062
 107    0.0000534  -0.00016020
 108    0.0000485  -0.00016752
 109    0.0000457  -0.00015532
 110    0.0000355  -0.00013136
 111    0.0000000  -0.00000035
 112    0.0000000  -0.00000033
 113    0.0000011  -0.00000382
 114    0.0000250  -0.00009767
 115    0.0000324  -0.00012223
 116    0.0000389  -0.00012821
 117    0.0000366  -0.00013211
 118    0.0000318  -0.00012616
 119    0.0000000  -0.00000032
 120    0.0000000  -0.00000031
 121    0.0000011  -0.00000332
 122    0.0000207  -0.00008395
 123    0.0000266  -0.00011318
 124    0.0000343  -0.00012642
 125    0.0000259  -0.00011621
 126    0.0000296  -0.00011977
 127    0.0000000  -0.00000030
 128    0.0000000  -0.00000024
 129    0.0000009  -0.00000333
 130    0.0000153  -0.00006026
 131    0.0000182  -0.00007548
 132    0.0000221  -0.00009753
 133    0.0000213  -0.00008839
 134    0.0000203  -0.00008888
 135    0.0000000  -0.00000029
 136    0.0000000  -0.00000028
 137    0.0000008  -0.00000256
 138    0.0000152  -0.00005685
 139    0.0000155  -0.00006308
 140    0.0000197  -0.00007746
 141    0.0000186  -0.00008106
 142    0.0000130  -0.00005996
 143    0.0000000  -0.00000024
 144    0.0000000  -0.00000023
 145    0.0000008  -0.00000289
 146    0.0000123  -0.00005102
 147    0.0000145  -0.00005748
 148    0.0000173  -0.00006605
 149    0.0000118  -0.00005124
 150    0.0000098  -0.00004352
 151    0.0000000  -0.00000025
 152    0.0000000  -0.00000018
 153    0.0000007  -0.00000239
 154    0.0000105  -0.00004031
 155    0.0000124  -0.00005300
 156    0.0000138  -0.00005529
 157    0.0000105  -0.00004619
 158    0.0000094  -0.00004377
 159    0.0000000  -0.00000026
 160    0.0000000  -0.00000015
 161    0.0000006  -0.00000268
 162    0.0000104  -0.00004302
 163    0.0000103  -0.00003961
 164    0.0000123  -0.00005136
 165    0.0000102  -0.00004397
 166    0.0000077  -0.00003612
 167    0.0000000  -0.00000024
 168    0.0000000  -0.00000019
 169    0.0000006  -0.00000228
 170    0.0000090  -0.00003495
 171    0.0000087  -0.00003489
 172    0.0000103  -0.00003950
 173    0.0000089  -0.00003892
 174    0.0000068  -0.00003276
 175    0.0000000  -0.00000023
 176    0.0000000  -0.00000017
 177    0.0000005  -0.00000264
 178    0.0000079  -0.00003264
 179    0.0000062  -0.00002494
 180    0.0000070  -0.00002875
 181    0.0000070  -0.00003308
 182    0.0000064  -0.00003140
 183    0.0000000  -0.00000021
 184    0.0000000  -0.00000011
 185    0.0000005  -0.00000229
 186    0.0000070  -0.00002864
 187    0.0000053  -0.00001617
 188    0.0000068  -0.00002904
 189    0.0000058  -0.00002834
 190    0.0000057  -0.00002821
 191    0.0000000  -0.00000016
 192    0.0000000  -0.00000009
 193    0.0000004  -0.00000197
 194    0.0000059  -0.00002391
 195    0.0000048  -0.00001473
 196    0.0000055  -0.00001731
 197    0.0000049  -0.00001714
 198    0.0000052  -0.00002090
 199    0.0000000  -0.00000017
 200    0.0000000  -0.00000012
 201    0.0000004  -0.00000210
 202    0.0000044  -0.00001358
 203    0.0000043  -0.00001399
 204    0.0000054  -0.00001583
 205    0.0000044  -0.00001594
 206    0.0000046  -0.00001898
 207    0.0000000  -0.00000017
 208    0.0000000  -0.00000009
 209    0.0000004  -0.00000183
 210    0.0000039  -0.00001005
 211    0.0000040  -0.00001017
 212    0.0000045  -0.00001355
 213    0.0000040  -0.00001391
 214    0.0000033  -0.00001026
 215    0.0000000  -0.00000012
 216    0.0000000  -0.00000009
 217    0.0000004  -0.00000179
 218    0.0000037  -0.00000834
 219    0.0000037  -0.00000812
 220    0.0000040  -0.00000970
 221    0.0000033  -0.00000829
 222    0.0000029  -0.00000920
 223    0.0000000  -0.00000015
 224    0.0000000  -0.00000011
 225    0.0000004  -0.00000145
 226    0.0000028  -0.00000670
 227    0.0000030  -0.00000630
 228    0.0000038  -0.00000782
 229    0.0000023  -0.00000576
 230    0.0000025  -0.00000791
 231    0.0000000  -0.00000010
 232    0.0000000  -0.00000008
 
----------------
 Final Energies 
----------------
Final NOF Total Energy =     -78.5000259
 
Total Orbital Internal Iterations = 10
Total Occupation Internal Iterations = 0
 
Elapsed time:   61.69 Seconds

---------------------------------
   Lowdin Population Analysis    
---------------------------------
 Idx  Atom   Population   Charge 
---------------------------------
  1     C     5.832       0.168
  2     C     5.830       0.170
  3     H     1.086      -0.086
  4     H     1.085      -0.085
  5     H     1.083      -0.083
  6     H     1.085      -0.085

---------------------------------
   M Diagnostic: 0.04
---------------------------------

