Computing Integrals
Basis Set                                            = def2-qzvp
Auxiliary Basis Set                                  = def2-universal-jkfit
Gaussian Type                                        = Spherical
Elapsed time:    2.61 Seconds

Number of basis functions                   (NBF)    = 140
Number of auxiliary basis functions         (NBFAUX) = 256
Inactive Doubly occupied orbitals up to     (NO1)    = 0
No. considered Strongly Doubly occupied MOs (NDOC)   = 17
No. considered Strongly Singly occupied MOs (NSOC)   = 1
NO. of Weakly occ. per St. Doubly occ.  MOs (NCWO)   = 7
Dimension of the Nat. Orb. subspace         (NBF5)   = 137
No. of electrons                                     = 35
    No. of alpha electrons                           = 18
    No. of beta electrons                            = 17
Multiplicity                                         = 2

Geometry
========
Cl       0.0000000       0.0000000       1.3665047
Cl       0.0000000       0.0000000      -1.3665047

No violations of the orthonormality
No violations of the orthonormality
 
PNOF8/ADABelief Calculation
==================
 
  Nitext  Nit_orb  Time   Nit_occ  Time         Eelec          Etot           Ediff      maxdiff    MaxGrad_orb  Grad_occ
     1      10    1.0e+01    0    1.2e+01  -976.09698921  -920.13966235 -10975.09698921   0.000939   3.8e-03   1.7e-04 0.02
 
RESULTS OF THE OCCUPATION OPTIMIZATION
========================================
   1    1.9999981  -104.66632053
   2    1.9999981  -104.66580977
   3    1.9998420  -10.35441246
   4    1.9998204  -10.35387194
   5    1.9980813  -7.81972644
   6    1.9985109  -7.81961184
   7    1.9982301  -7.81882764
   8    1.9983039  -7.81799384
   9    1.9984790  -7.81712142
  10    1.9981300  -7.81692190
  11    1.9825550  -0.84178815
  12    1.9801360  -0.82340916
  13    1.9792185  -0.29279911
  14    1.9702173  -0.26206650
  15    1.9744355  -0.26072357
  16    1.9678732  -0.26071373
  17    1.9676858  -0.25736576
  18    1.0000000  -0.13228281
  19    0.0085027  -0.01536318
  20    0.0085962  -0.01543493
  21    0.0123189  -0.01854132
  22    0.0100242  -0.01655933
  23    0.0118972  -0.02783592
  24    0.0087632  -0.01912466
  25    0.0080132  -0.02614250
  26    0.0009582  -0.00978819
  27    0.0009117  -0.01129103
  28    0.0009070  -0.00979613
  29    0.0008690  -0.00991769
  30    0.0009365  -0.01058397
  31    0.0008427  -0.00988249
  32    0.0001045  -0.00355753
  33    0.0000949  -0.00280491
  34    0.0000003  -0.00001743
  35    0.0000004  -0.00002106
  36    0.0083211  -0.01503821
  37    0.0083858  -0.01497850
  38    0.0102618  -0.02100941
  39    0.0096552  -0.01558529
  40    0.0025560  -0.01002944
  41    0.0082364  -0.02245198
  42    0.0046932  -0.01905177
  43    0.0008410  -0.01242908
  44    0.0004724  -0.01075293
  45    0.0005707  -0.01145870
  46    0.0004897  -0.01103290
  47    0.0004786  -0.01084177
  48    0.0004942  -0.01104047
  49    0.0000279  -0.00018716
  50    0.0000218  -0.00016318
  51    0.0000003  -0.00001669
  52    0.0000003  -0.00001672
  53    0.0080050  -0.01429549
  54    0.0079314  -0.01438150
  55    0.0007936  -0.00160620
  56    0.0083719  -0.01909884
  57    0.0025246  -0.00992128
  58    0.0007023  -0.00165269
  59    0.0023106  -0.01038693
  60    0.0000159  -0.00050832
  61    0.0000777  -0.00165562
  62    0.0000911  -0.00122264
  63    0.0003517  -0.00858708
  64    0.0000172  -0.00084160
  65    0.0004588  -0.01061105
  66    0.0000243  -0.00017522
  67    0.0000187  -0.00016459
  68    0.0000003  -0.00001490
  69    0.0000003  -0.00001549
  70    0.0071309  -0.01610935
  71    0.0068572  -0.01739496
  72    0.0007792  -0.00156401
  73    0.0006887  -0.00151882
  74    0.0025019  -0.00970525
  75    0.0006960  -0.00170210
  76    0.0006101  -0.00153631
  77    0.0000152  -0.00012793
  78    0.0000168  -0.00037148
  79    0.0000850  -0.00108365
  80    0.0000164  -0.00044409
  81    0.0000163  -0.00022035
  82    0.0000797  -0.00157399
  83    0.0000186  -0.00015976
  84    0.0000184  -0.00020985
  85    0.0000003  -0.00001400
  86    0.0000003  -0.00001359
  87    0.0001677  -0.00059737
  88    0.0001550  -0.00057197
  89    0.0007377  -0.00150073
  90    0.0006832  -0.00151271
  91    0.0006332  -0.00141456
  92    0.0006628  -0.00167078
  93    0.0006094  -0.00156920
  94    0.0000143  -0.00013915
  95    0.0000157  -0.00013640
  96    0.0000147  -0.00013478
  97    0.0000161  -0.00015217
  98    0.0000161  -0.00013684
  99    0.0000156  -0.00025966
 100    0.0000033  -0.00065836
 101    0.0000034  -0.00065739
 102    0.0000003  -0.00001478
 103    0.0000002  -0.00000885
 104    0.0001328  -0.00054948
 105    0.0001260  -0.00052162
 106    0.0003556  -0.00131485
 107    0.0002098  -0.00064321
 108    0.0003740  -0.00138949
 109    0.0006531  -0.00164588
 110    0.0006044  -0.00152829
 111    0.0000132  -0.00010335
 112    0.0000146  -0.00013828
 113    0.0000140  -0.00019436
 114    0.0000140  -0.00016141
 115    0.0000130  -0.00010658
 116    0.0000148  -0.00012960
 117    0.0000006  -0.00002680
 118    0.0000005  -0.00002072
 119    0.0000002  -0.00001035
 120    0.0000002  -0.00000471
 121    0.0000540  -0.00017474
 122    0.0000753  -0.00031020
 123    0.0003177  -0.00126520
 124    0.0001497  -0.00054083
 125    0.0002946  -0.00121548
 126    0.0001502  -0.00119651
 127    0.0006040  -0.00165643
 128    0.0000121  -0.00009766
 129    0.0000121  -0.00009633
 130    0.0000135  -0.00012742
 131    0.0000132  -0.00011234
 132    0.0000115  -0.00009515
 133    0.0000127  -0.00009763
 134    0.0000004  -0.00001796
 135    0.0000003  -0.00001297
 136    0.0000002  -0.00000476
 137    0.0000002  -0.00000345
 
----------------
 Final Energies 
----------------
Final NOF Total Energy =    -920.1396623
 
Total Orbital Internal Iterations = 10
Total Occupation Internal Iterations = 0
 
Elapsed time:   28.62 Seconds

---------------------------------
   Lowdin Population Analysis    
---------------------------------
 Idx  Atom   Population   Charge 
---------------------------------
  1    Cl    17.512      -0.512
  2    Cl    17.488      -0.488

---------------------------------
   M Diagnostic: 0.02
---------------------------------

