Computing Integrals
Basis Set                                            = def2-qzvp
Auxiliary Basis Set                                  = def2-universal-jkfit
Gaussian Type                                        = Spherical
Elapsed time:    1.67 Seconds

Number of basis functions                   (NBF)    = 100
Number of auxiliary basis functions         (NBFAUX) = 146
Inactive Doubly occupied orbitals up to     (NO1)    = 0
No. considered Strongly Doubly occupied MOs (NDOC)   = 7
No. considered Strongly Singly occupied MOs (NSOC)   = 2
NO. of Weakly occ. per St. Doubly occ.  MOs (NCWO)   = 13
Dimension of the Nat. Orb. subspace         (NBF5)   = 100
No. of electrons                                     = 16
    No. of alpha electrons                           = 9
    No. of beta electrons                            = 7
Multiplicity                                         = 3

Geometry
========
Si       0.0000000       0.0000000       0.7829904
 H       0.0000000       0.0000000      -0.7829904

No violations of the orthonormality
No violations of the orthonormality
 
PNOF8/ADABelief Calculation
==================
 
  Nitext  Nit_orb  Time   Nit_occ  Time         Eelec          Etot           Ediff      maxdiff    MaxGrad_orb  Grad_occ
     1      10    9.8e+00    0    1.2e+01  -294.55168583  -289.82080678 -10293.55168583   0.000515   2.1e-03   1.6e-04 0.03
 
RESULTS OF THE OCCUPATION OPTIMIZATION
========================================
   1    1.9999976  -68.58199774
   2    1.9997952  -5.91693700
   3    1.9957973  -4.00620885
   4    1.9948687  -4.00328173
   5    1.9939558  -4.00120163
   6    1.9743092  -0.36225422
   7    1.9582376  -0.19539598
   8    1.0000000  -0.03441205
   9    1.0000000  -0.03432490
  10    0.0205785  -0.02000096
  11    0.0092734  -0.02145826
  12    0.0034512  -0.02236055
  13    0.0016102  -0.00992900
  14    0.0022288  -0.01602306
  15    0.0001988  -0.00292950
  16    0.0000014  -0.00002063
  17    0.0059131  -0.00572993
  18    0.0078902  -0.01720670
  19    0.0015365  -0.00932758
  20    0.0015969  -0.00965199
  21    0.0017260  -0.01073932
  22    0.0000053  -0.00049576
  23    0.0000003  -0.00000709
  24    0.0053378  -0.00501557
  25    0.0041851  -0.00725781
  26    0.0009227  -0.00773147
  27    0.0009888  -0.00948848
  28    0.0001127  -0.00191542
  29    0.0000001  -0.00000212
  30    0.0000001  -0.00000427
  31    0.0052847  -0.00495814
  32    0.0009038  -0.00147453
  33    0.0000588  -0.00035984
  34    0.0008321  -0.00662969
  35    0.0000249  -0.00074180
  36    0.0000001  -0.00000150
  37    0.0000001  -0.00000373
  38    0.0031877  -0.00306292
  39    0.0007495  -0.00164168
  40    0.0000175  -0.00017416
  41    0.0000485  -0.00037487
  42    0.0000235  -0.00040641
  43    0.0000001  -0.00000157
  44    0.0000001  -0.00000286
  45    0.0002983  -0.00040272
  46    0.0006168  -0.00101390
  47    0.0000109  -0.00006482
  48    0.0000095  -0.00005609
  49    0.0000217  -0.00011984
  50    0.0000001  -0.00000137
  51    0.0000001  -0.00000261
  52    0.0002681  -0.00037315
  53    0.0006002  -0.00108201
  54    0.0000086  -0.00005120
  55    0.0000087  -0.00004847
  56    0.0000145  -0.00009174
  57    0.0000001  -0.00000088
  58    0.0000001  -0.00000161
  59    0.0002139  -0.00031346
  60    0.0003152  -0.00050864
  61    0.0000082  -0.00004776
  62    0.0000069  -0.00008922
  63    0.0000117  -0.00006556
  64    0.0000001  -0.00000098
  65    0.0000001  -0.00000129
  66    0.0001688  -0.00026573
  67    0.0002807  -0.00069516
  68    0.0000081  -0.00005119
  69    0.0000069  -0.00004131
  70    0.0000100  -0.00005258
  71    0.0000001  -0.00000079
  72    0.0000001  -0.00000086
  73    0.0001571  -0.00024291
  74    0.0002782  -0.00061034
  75    0.0000073  -0.00004229
  76    0.0000064  -0.00004706
  77    0.0000099  -0.00005318
  78    0.0000001  -0.00000054
  79    0.0000001  -0.00000081
  80    0.0001485  -0.00025348
  81    0.0002232  -0.00041635
  82    0.0000064  -0.00004708
  83    0.0000062  -0.00007090
  84    0.0000087  -0.00004861
  85    0.0000001  -0.00000045
  86    0.0000000  -0.00000038
  87    0.0001375  -0.00023731
  88    0.0001976  -0.00041686
  89    0.0000043  -0.00003189
  90    0.0000060  -0.00003706
  91    0.0000064  -0.00003627
  92    0.0000001  -0.00000018
  93    0.0000000  -0.00000034
  94    0.0000685  -0.00014463
  95    0.0001768  -0.00041437
  96    0.0000036  -0.00004195
  97    0.0000044  -0.00003174
  98    0.0000038  -0.00003463
  99    0.0000001  -0.00000002
 100    0.0000000  -0.00000021
 
----------------
 Final Energies 
----------------
Final NOF Total Energy =    -289.8208068
 
Total Orbital Internal Iterations = 10
Total Occupation Internal Iterations = 0
 
Elapsed time:   27.75 Seconds

---------------------------------
   Lowdin Population Analysis    
---------------------------------
 Idx  Atom   Population   Charge 
---------------------------------
  1    Si    14.727      -0.727
  2     H     1.273      -0.273

---------------------------------
   M Diagnostic: 0.03
---------------------------------

