Computing Integrals
Basis Set                                            = def2-qzvp
Auxiliary Basis Set                                  = def2-universal-jkfit
Gaussian Type                                        = Spherical
Elapsed time:    3.70 Seconds

Number of basis functions                   (NBF)    = 229
Number of auxiliary basis functions         (NBFAUX) = 347
Inactive Doubly occupied orbitals up to     (NO1)    = 0
No. considered Strongly Doubly occupied MOs (NDOC)   = 31
No. considered Strongly Singly occupied MOs (NSOC)   = 0
NO. of Weakly occ. per St. Doubly occ.  MOs (NCWO)   = 6
Dimension of the Nat. Orb. subspace         (NBF5)   = 217
No. of electrons                                     = 62
    No. of alpha electrons                           = 31
    No. of beta electrons                            = 31
Multiplicity                                         = 1

Geometry
========
 I       0.0000000       0.0000000       0.3252620
 C       0.0000000       0.0000000      -1.8032450
 H       0.0000000       1.0301960      -2.1397970
 H      -0.8921760      -0.5150980      -2.1397970
 H       0.8921760      -0.5150980      -2.1397970

No violations of the orthonormality
No violations of the orthonormality
 
PNOF8/ADABelief Calculation
==================
 
  Nitext  Nit_orb  Time   Nit_occ  Time         Eelec          Etot           Ediff      maxdiff    MaxGrad_orb  Grad_occ
     1      10    2.3e+01  130    3.5e+01 -2597.58074944 -2477.34996922 -12596.58074944   0.023111   9.3e-02   2.7e-04 0.04
     2      20    3.9e+00    7    7.3e-01 -2599.19159284 -2478.96081262    -1.61084340   0.023257   9.3e-02   2.5e-04 0.04
     3      20    4.0e+00    9    7.2e-01 -2599.19562850 -2478.96484829    -0.00403567   0.018163   7.3e-02   1.7e-04 0.04
     4      20    3.8e+00    0    1.9e-01 -2599.19573868 -2478.96495846    -0.00011017   0.018163   7.3e-02   1.7e-04 0.04
     5      40    7.6e+00    7    6.2e-01 -2599.20362096 -2478.97284074    -0.00788228   0.002942   1.2e-02   2.1e-04 0.04
     6      40    7.2e+00    4    4.4e-01 -2599.20438028 -2478.97360006    -0.00075932   0.004433   1.8e-02   1.6e-04 0.04
     7      40    7.3e+00    4    4.0e-01 -2599.20511131 -2478.97433110    -0.00073104   0.004771   1.9e-02   2.1e-04 0.04
     8      40    7.2e+00    9    7.7e-01 -2599.20563556 -2478.97485534    -0.00052425   0.002840   1.1e-02   1.3e-04 0.04
     9      40    7.1e+00    3    3.5e-01 -2599.20589255 -2478.97511234    -0.00025699   0.003034   1.2e-02   1.5e-04 0.04
    10      40    7.3e+00    4    4.0e-01 -2599.20617899 -2478.97539878    -0.00028644   0.003544   1.4e-02   2.5e-04 0.04
    11      40    7.5e+00    3    3.7e-01 -2599.20637750 -2478.97559729    -0.00019851   0.003609   1.4e-02   2.4e-04 0.04
    12      40    7.6e+00    3    3.4e-01 -2599.20665894 -2478.97587873    -0.00028144   0.003268   1.3e-02   2.8e-04 0.04
    13      40    7.4e+00    9    8.0e-01 -2599.20686026 -2478.97608004    -0.00020132   0.003171   1.3e-02   1.4e-04 0.04
    14      40    7.2e+00    3    3.9e-01 -2599.20715279 -2478.97637257    -0.00029253   0.003469   1.4e-02   1.9e-04 0.04
    15      40    7.1e+00    9    7.9e-01 -2599.20733766 -2478.97655745    -0.00018488   0.002887   1.2e-02   1.7e-04 0.04
    16      40    7.1e+00    3    3.3e-01 -2599.20763656 -2478.97685634    -0.00029890   0.003010   1.2e-02   2.1e-04 0.04
    17      40    7.4e+00    3    3.5e-01 -2599.20783355 -2478.97705334    -0.00019699   0.002857   1.1e-02   1.9e-04 0.04
    18      40    7.3e+00    3    3.9e-01 -2599.20806881 -2478.97728859    -0.00023525   0.003116   1.2e-02   2.6e-04 0.04
    19      40    7.2e+00    3    3.5e-01 -2599.20822089 -2478.97744067    -0.00015208   0.002174   8.7e-03   2.0e-04 0.04
    20      40    7.3e+00    3    3.5e-01 -2599.20833857 -2478.97755836    -0.00011768   0.002064   8.3e-03   2.6e-04 0.04
    21      40    7.2e+00    1    2.5e-01 -2599.20838266 -2478.97760244    -0.00004408   0.002297   9.2e-03   2.3e-04 0.04
    22      40    7.4e+00    3    4.0e-01 -2599.20842488 -2478.97764466    -0.00004222   0.002241   9.0e-03   2.0e-04 0.04
    23      40    7.2e+00    0    1.9e-01 -2599.20843455 -2478.97765434    -0.00000968   0.002213   8.9e-03   2.3e-04 0.04
    24      50    8.9e+00    1    2.5e-01 -2599.20852133 -2478.97774112    -0.00008678   0.002089   8.4e-03   2.7e-04 0.04
    25      50    8.9e+00    0    1.9e-01 -2599.20852221 -2478.97774199    -0.00000087   0.002089   8.4e-03   2.7e-04 0.04
    26      44    7.8e+00    0    2.0e-01 -2599.20862141 -2478.97784119    -0.00009920   0.000475   1.9e-03   2.4e-04 0.04
 
RESULTS OF THE OCCUPATION OPTIMIZATION
========================================
   1    2.0000000  -149.12844087
   2    1.9999999  -64.71977518
   3    1.9999999  -64.71277720
   4    1.9999999  -64.70436024
   5    1.9999987  -26.15380661
   6    1.9999830  -11.17969711
   7    1.9999830  -11.00335361
   8    1.9999813  -10.85402333
   9    1.9999814  -10.85319894
  10    1.9999332  -10.79794074
  11    1.9999801  -10.64025689
  12    1.9999778  -10.45522837
  13    1.9999728  -10.35713285
  14    1.9999742  -10.29744129
  15    1.9997681  -4.94443754
  16    1.9992624  -4.21446583
  17    1.9992783  -4.20849997
  18    1.9990951  -4.09120379
  19    1.9991143  -4.09061383
  20    1.9991480  -4.08628838
  21    1.9990428  -4.08614282
  22    1.9989963  -4.08504945
  23    1.9804966  -1.01366690
  24    1.9794593  -0.93931662
  25    1.9723259  -0.89829565
  26    1.9724403  -0.88477350
  27    1.9757446  -0.67535287
  28    1.9716052  -0.62142758
  29    1.9708332  -0.61733073
  30    1.9628895  -0.43408110
  31    1.9620278  -0.31304921
  32    0.0379519  -0.03991530
  33    0.0329982  -0.04389332
  34    0.0116897  -0.01732970
  35    0.0145789  -0.01938255
  36    0.0059166  -0.01336286
  37    0.0238012  -0.03434313
  38    0.0252665  -0.03478412
  39    0.0080301  -0.01789838
  40    0.0051124  -0.01191578
  41    0.0007855  -0.00531493
  42    0.0008204  -0.00563942
  43    0.0007417  -0.00502852
  44    0.0006980  -0.00465548
  45    0.0006731  -0.00458947
  46    0.0005424  -0.00404958
  47    0.0005332  -0.00403841
  48    0.0001261  -0.00063288
  49    0.0000117  -0.00010180
  50    0.0000116  -0.00019236
  51    0.0000118  -0.00009531
  52    0.0000078  -0.00006840
  53    0.0000618  -0.00105435
  54    0.0000100  -0.00008589
  55    0.0000085  -0.00007350
  56    0.0000091  -0.00008047
  57    0.0000076  -0.00006610
  58    0.0000003  -0.00000229
  59    0.0000000  -0.00000048
  60    0.0000000  -0.00000055
  61    0.0000000  -0.00000053
  62    0.0000000  -0.00000012
  63    0.0000061  -0.00002213
  64    0.0025084  -0.00457425
  65    0.0116767  -0.01666170
  66    0.0046513  -0.00711290
  67    0.0050207  -0.01120317
  68    0.0020175  -0.00476799
  69    0.0007117  -0.00159460
  70    0.0055632  -0.01349487
  71    0.0048956  -0.01209756
  72    0.0000897  -0.00050444
  73    0.0000594  -0.00033753
  74    0.0000350  -0.00020451
  75    0.0000699  -0.00039080
  76    0.0001049  -0.00055408
  77    0.0000845  -0.00049422
  78    0.0000728  -0.00039852
  79    0.0000310  -0.00016923
  80    0.0000077  -0.00006840
  81    0.0000071  -0.00006199
  82    0.0000041  -0.00004617
  83    0.0000066  -0.00005934
  84    0.0000020  -0.00002006
  85    0.0000036  -0.00003035
  86    0.0000055  -0.00005202
  87    0.0000023  -0.00002433
  88    0.0000049  -0.00004667
  89    0.0000002  -0.00000192
  90    0.0000000  -0.00000038
  91    0.0000000  -0.00000039
  92    0.0000000  -0.00000042
  93    0.0000000  -0.00000012
  94    0.0000058  -0.00002465
  95    0.0005456  -0.00119150
  96    0.0030274  -0.00533678
  97    0.0044089  -0.00681891
  98    0.0049676  -0.01070579
  99    0.0007363  -0.00160461
 100    0.0005360  -0.00126619
 101    0.0047361  -0.01197039
 102    0.0046191  -0.01089057
 103    0.0000674  -0.00038065
 104    0.0000363  -0.00021175
 105    0.0000313  -0.00018437
 106    0.0000485  -0.00029695
 107    0.0000775  -0.00047296
 108    0.0000378  -0.00021389
 109    0.0000541  -0.00031085
 110    0.0000296  -0.00015539
 111    0.0000025  -0.00004239
 112    0.0000034  -0.00003179
 113    0.0000024  -0.00002511
 114    0.0000023  -0.00002328
 115    0.0000013  -0.00001076
 116    0.0000023  -0.00002512
 117    0.0000020  -0.00001748
 118    0.0000022  -0.00002115
 119    0.0000021  -0.00002003
 120    0.0000002  -0.00000195
 121    0.0000000  -0.00000043
 122    0.0000000  -0.00000043
 123    0.0000000  -0.00000042
 124    0.0000000  -0.00000011
 125    0.0000043  -0.00002046
 126    0.0004539  -0.00096985
 127    0.0011375  -0.00234087
 128    0.0032827  -0.00555645
 129    0.0046761  -0.01121277
 130    0.0004037  -0.00099120
 131    0.0004100  -0.00098701
 132    0.0010971  -0.00521911
 133    0.0034922  -0.00920906
 134    0.0000275  -0.00015424
 135    0.0000320  -0.00018546
 136    0.0000234  -0.00014805
 137    0.0000344  -0.00020470
 138    0.0000337  -0.00020196
 139    0.0000329  -0.00019368
 140    0.0000503  -0.00029770
 141    0.0000229  -0.00013264
 142    0.0000015  -0.00001081
 143    0.0000026  -0.00002703
 144    0.0000018  -0.00001612
 145    0.0000012  -0.00000829
 146    0.0000007  -0.00000406
 147    0.0000011  -0.00000712
 148    0.0000010  -0.00001351
 149    0.0000015  -0.00001505
 150    0.0000009  -0.00000760
 151    0.0000002  -0.00000155
 152    0.0000000  -0.00000029
 153    0.0000000  -0.00000035
 154    0.0000000  -0.00000032
 155    0.0000000  -0.00000011
 156    0.0000035  -0.00001566
 157    0.0003131  -0.00065607
 158    0.0008730  -0.00198022
 159    0.0008948  -0.00211431
 160    0.0033458  -0.00737642
 161    0.0003129  -0.00076181
 162    0.0003863  -0.00093765
 163    0.0007157  -0.00195378
 164    0.0008370  -0.00232897
 165    0.0000254  -0.00014807
 166    0.0000047  -0.00003855
 167    0.0000175  -0.00011779
 168    0.0000304  -0.00017299
 169    0.0000117  -0.00009286
 170    0.0000203  -0.00012890
 171    0.0000219  -0.00013498
 172    0.0000195  -0.00012250
 173    0.0000013  -0.00000920
 174    0.0000013  -0.00000940
 175    0.0000012  -0.00000843
 176    0.0000011  -0.00001480
 177    0.0000005  -0.00000340
 178    0.0000009  -0.00000639
 179    0.0000009  -0.00000537
 180    0.0000010  -0.00000737
 181    0.0000008  -0.00000651
 182    0.0000002  -0.00000193
 183    0.0000000  -0.00000027
 184    0.0000000  -0.00000029
 185    0.0000000  -0.00000032
 186    0.0000000  -0.00000011
 187    0.0000005  -0.00000220
 188    0.0002912  -0.00064743
 189    0.0007625  -0.00158062
 190    0.0005781  -0.00115355
 191    0.0003287  -0.00084570
 192    0.0002881  -0.00073302
 193    0.0003635  -0.00091139
 194    0.0003985  -0.00102488
 195    0.0005469  -0.00161259
 196    0.0000082  -0.00007083
 197    0.0000044  -0.00003842
 198    0.0000032  -0.00002807
 199    0.0000045  -0.00004248
 200    0.0000041  -0.00003465
 201    0.0000039  -0.00003409
 202    0.0000053  -0.00004732
 203    0.0000029  -0.00002754
 204    0.0000010  -0.00001427
 205    0.0000012  -0.00000826
 206    0.0000010  -0.00000711
 207    0.0000010  -0.00000498
 208    0.0000005  -0.00000301
 209    0.0000007  -0.00000758
 210    0.0000007  -0.00000379
 211    0.0000008  -0.00000787
 212    0.0000007  -0.00000358
 213    0.0000002  -0.00000155
 214    0.0000000  -0.00000034
 215    0.0000000  -0.00000034
 216    0.0000000  -0.00000034
 217    0.0000000  -0.00000011
 
----------------
 Final Energies 
----------------
Final NOF Total Energy =   -2478.9778412
 
Total Orbital Internal Iterations = 974
Total Occupation Internal Iterations = 224
 
Elapsed time:  270.68 Seconds

---------------------------------
   Lowdin Population Analysis    
---------------------------------
 Idx  Atom   Population   Charge 
---------------------------------
  1     I    52.719       0.281
  2     C     5.997       0.003
  3     H     1.097      -0.097
  4     H     1.092      -0.092
  5     H     1.095      -0.095

---------------------------------
   M Diagnostic: 0.04
---------------------------------

