Computing Integrals
Basis Set                                            = def2-qzvp
Auxiliary Basis Set                                  = def2-universal-jkfit
Gaussian Type                                        = Spherical
Elapsed time:    2.67 Seconds

Number of basis functions                   (NBF)    = 117
Number of auxiliary basis functions         (NBFAUX) = 113
Inactive Doubly occupied orbitals up to     (NO1)    = 0
No. considered Strongly Doubly occupied MOs (NDOC)   = 5
No. considered Strongly Singly occupied MOs (NSOC)   = 0
NO. of Weakly occ. per St. Doubly occ.  MOs (NCWO)   = 22
Dimension of the Nat. Orb. subspace         (NBF5)   = 115
No. of electrons                                     = 10
    No. of alpha electrons                           = 5
    No. of beta electrons                            = 5
Multiplicity                                         = 1

Geometry
========
 O       0.0000000       0.0000000       0.3921953
 H      -0.7561000       0.0000000      -0.1960977
 H       0.7561000       0.0000000      -0.1960977

No violations of the orthonormality
No violations of the orthonormality
 
PNOF8/ADABelief Calculation
==================
 
  Nitext  Nit_orb  Time   Nit_occ  Time         Eelec          Etot           Ediff      maxdiff    MaxGrad_orb  Grad_occ
     1      10    2.2e+01    0    2.5e+01   -85.56560945   -76.37771403 -10084.56560945   0.000592   2.4e-03   1.4e-04 0.03
 
RESULTS OF THE OCCUPATION OPTIMIZATION
========================================
   1    1.9999692  -20.59382101
   2    1.9853806  -1.32320104
   3    1.9727058  -0.72846591
   4    1.9712277  -0.71958047
   5    1.9779655  -0.55162953
   6    0.0117272  -0.01907467
   7    0.0197752  -0.03034264
   8    0.0216132  -0.03189999
   9    0.0077696  -0.01973261
  10    0.0000271  -0.00096082
  11    0.0051047  -0.00977904
  12    0.0041515  -0.00843664
  13    0.0041938  -0.00846530
  14    0.0037134  -0.00868902
  15    0.0000012  -0.00001031
  16    0.0013314  -0.00455599
  17    0.0039895  -0.00817450
  18    0.0006988  -0.00174809
  19    0.0008527  -0.00296739
  20    0.0000012  -0.00000942
  21    0.0012583  -0.00372968
  22    0.0003688  -0.00110370
  23    0.0004558  -0.00125244
  24    0.0005604  -0.00239406
  25    0.0000008  -0.00004441
  26    0.0006530  -0.00327989
  27    0.0001622  -0.00055851
  28    0.0000785  -0.00030443
  29    0.0003577  -0.00172468
  30    0.0000001  -0.00000917
  31    0.0006228  -0.00172758
  32    0.0000787  -0.00030682
  33    0.0000652  -0.00025250
  34    0.0003513  -0.00124398
  35    0.0000000  -0.00000082
  36    0.0004472  -0.00129986
  37    0.0000662  -0.00026878
  38    0.0000396  -0.00016666
  39    0.0002763  -0.00094782
  40    0.0000000  -0.00000074
  41    0.0003234  -0.00095293
  42    0.0000412  -0.00015106
  43    0.0000337  -0.00014522
  44    0.0002734  -0.00093163
  45    0.0000000  -0.00000074
  46    0.0002713  -0.00086510
  47    0.0000376  -0.00014980
  48    0.0000320  -0.00015240
  49    0.0001791  -0.00113935
  50    0.0000000  -0.00000059
  51    0.0001031  -0.00036721
  52    0.0000338  -0.00014445
  53    0.0000234  -0.00012184
  54    0.0001089  -0.00048210
  55    0.0000000  -0.00000060
  56    0.0000454  -0.00017276
  57    0.0000154  -0.00010032
  58    0.0000160  -0.00010099
  59    0.0000403  -0.00018699
  60    0.0000000  -0.00000056
  61    0.0000266  -0.00012881
  62    0.0000117  -0.00005345
  63    0.0000099  -0.00006141
  64    0.0000242  -0.00014694
  65    0.0000000  -0.00000053
  66    0.0000220  -0.00010494
  67    0.0000089  -0.00003791
  68    0.0000084  -0.00003982
  69    0.0000217  -0.00010805
  70    0.0000000  -0.00000047
  71    0.0000193  -0.00010543
  72    0.0000069  -0.00002923
  73    0.0000061  -0.00003533
  74    0.0000192  -0.00011121
  75    0.0000000  -0.00000044
  76    0.0000172  -0.00010104
  77    0.0000059  -0.00002156
  78    0.0000054  -0.00001562
  79    0.0000164  -0.00008713
  80    0.0000000  -0.00000045
  81    0.0000143  -0.00006284
  82    0.0000043  -0.00001232
  83    0.0000040  -0.00000885
  84    0.0000133  -0.00007322
  85    0.0000000  -0.00000046
  86    0.0000122  -0.00005862
  87    0.0000035  -0.00000748
  88    0.0000022  -0.00000605
  89    0.0000116  -0.00006516
  90    0.0000000  -0.00000028
  91    0.0000111  -0.00005473
  92    0.0000029  -0.00000674
  93    0.0000020  -0.00000428
  94    0.0000102  -0.00005659
  95    0.0000000  -0.00000030
  96    0.0000087  -0.00004206
  97    0.0000025  -0.00000595
  98    0.0000018  -0.00000367
  99    0.0000079  -0.00005808
 100    0.0000000  -0.00000031
 101    0.0000062  -0.00003467
 102    0.0000021  -0.00000400
 103    0.0000017  -0.00000362
 104    0.0000050  -0.00003262
 105    0.0000000  -0.00000033
 106    0.0000051  -0.00002262
 107    0.0000018  -0.00000394
 108    0.0000014  -0.00000359
 109    0.0000041  -0.00002043
 110    0.0000000  -0.00000027
 111    0.0000042  -0.00001585
 112    0.0000015  -0.00000276
 113    0.0000012  -0.00000126
 114    0.0000030  -0.00001520
 115    0.0000000  -0.00000029
 
----------------
 Final Energies 
----------------
Final NOF Total Energy =     -76.3777140
 
Total Orbital Internal Iterations = 10
Total Occupation Internal Iterations = 0
 
Elapsed time:   61.27 Seconds

---------------------------------
   Lowdin Population Analysis    
---------------------------------
 Idx  Atom   Population   Charge 
---------------------------------
  1     O     7.343       0.657
  2     H     1.328      -0.328
  3     H     1.329      -0.329

---------------------------------
   M Diagnostic: 0.03
---------------------------------

