Computing Integrals
Basis Set                                            = def2-qzvp
Auxiliary Basis Set                                  = def2-universal-jkfit
Gaussian Type                                        = Spherical
Elapsed time:    2.66 Seconds

Number of basis functions                   (NBF)    = 114
Number of auxiliary basis functions         (NBFAUX) = 154
Inactive Doubly occupied orbitals up to     (NO1)    = 0
No. considered Strongly Doubly occupied MOs (NDOC)   = 9
No. considered Strongly Singly occupied MOs (NSOC)   = 0
NO. of Weakly occ. per St. Doubly occ.  MOs (NCWO)   = 11
Dimension of the Nat. Orb. subspace         (NBF5)   = 108
No. of electrons                                     = 18
    No. of alpha electrons                           = 9
    No. of beta electrons                            = 9
Multiplicity                                         = 1

Geometry
========
 F       0.0000000       0.0000000      -0.7075955
 F       0.0000000       0.0000000       0.7075955

No violations of the orthonormality
No violations of the orthonormality
 
PNOF8/ADABelief Calculation
==================
 
  Nitext  Nit_orb  Time   Nit_occ  Time         Eelec          Etot           Ediff      maxdiff    MaxGrad_orb  Grad_occ
     1      10    2.1e+01   14    2.6e+01  -229.68591886  -199.39794629 -10228.68591886   0.003372   1.3e-02   1.8e-04 0.04
     2      20    2.1e+00    0    5.3e-02  -229.69165588  -199.40368332    -0.00573703   0.003372   1.3e-02   1.8e-04 0.04
     3      40    4.2e+00   13    2.8e-01  -229.69189176  -199.40391920    -0.00023588   0.002336   9.3e-03   2.1e-04 0.04
     4      40    4.4e+00    1    8.9e-02  -229.69199457  -199.40402200    -0.00010280   0.001683   6.7e-03   2.5e-04 0.04
     5      40    4.0e+00    3    8.4e-02  -229.69202158  -199.40404902    -0.00002702   0.001795   7.2e-03   1.6e-04 0.04
     6      40    4.2e+00    1    3.2e-02  -229.69205113  -199.40407857    -0.00002955   0.002259   9.0e-03   2.3e-04 0.04
     7      40    3.7e+00    3    1.1e-01  -229.69206484  -199.40409228    -0.00001371   0.003451   1.4e-02   1.6e-04 0.04
     8      40    4.3e+00    1    4.8e-02  -229.69211494  -199.40414238    -0.00005010   0.001677   6.7e-03   2.5e-04 0.04
     9      40    4.3e+00    3    8.1e-02  -229.69213614  -199.40416358    -0.00002120   0.001775   7.1e-03   1.9e-04 0.04
    10      40    4.0e+00    1    2.9e-02  -229.69216758  -199.40419502    -0.00003144   0.001562   6.2e-03   2.5e-04 0.04
    11      40    4.0e+00    3    4.5e-02  -229.69218170  -199.40420914    -0.00001412   0.001533   6.1e-03   2.0e-04 0.04
    12      40    4.1e+00    1    2.7e-02  -229.69220280  -199.40423023    -0.00002110   0.001715   6.9e-03   2.2e-04 0.04
    13      40    4.1e+00    3    8.2e-02  -229.69220686  -199.40423430    -0.00000407   0.001923   7.7e-03   1.9e-04 0.04
    14      40    3.8e+00    1    3.4e-02  -229.69222046  -199.40424789    -0.00001359   0.001769   7.1e-03   1.8e-04 0.04
    15      40    4.2e+00    3    1.2e-01  -229.69223567  -199.40426310    -0.00001521   0.001730   6.9e-03   1.9e-04 0.04
    16      40    3.8e+00    1    5.6e-02  -229.69224886  -199.40427630    -0.00001319   0.001925   7.7e-03   1.7e-04 0.04
    17      40    3.9e+00    3    7.7e-02  -229.69226455  -199.40429199    -0.00001569   0.001786   7.1e-03   2.0e-04 0.04
    18      40    4.1e+00    1    5.3e-02  -229.69228380  -199.40431123    -0.00001925   0.001765   7.1e-03   1.8e-04 0.04
    19      40    3.9e+00    6    1.3e-01  -229.69230189  -199.40432932    -0.00001809   0.001812   7.2e-03   1.8e-04 0.04
    20      40    4.0e+00    3    1.3e-01  -229.69234321  -199.40437065    -0.00004132   0.001784   7.1e-03   1.2e-04 0.04
    21      40    3.8e+00    1    8.7e-02  -229.69237585  -199.40440329    -0.00003264   0.001778   7.1e-03   1.9e-04 0.04
    22      40    3.8e+00    3    5.1e-02  -229.69239194  -199.40441938    -0.00001609   0.001672   6.7e-03   2.0e-04 0.04
    23      40    3.9e+00    1    3.3e-02  -229.69242091  -199.40444834    -0.00002896   0.001673   6.7e-03   2.2e-04 0.04
    24      40    3.8e+00    6    1.5e-01  -229.69244238  -199.40446981    -0.00002147   0.001726   6.9e-03   1.5e-04 0.04
    25      40    3.7e+00    3    7.0e-02  -229.69249423  -199.40452166    -0.00005185   0.001643   6.6e-03   1.3e-04 0.04
    26      40    3.9e+00    1    4.8e-02  -229.69251847  -199.40454591    -0.00002424   0.001799   7.2e-03   1.7e-04 0.04
    27      40    4.0e+00    3    5.1e-02  -229.69254878  -199.40457621    -0.00003031   0.001548   6.2e-03   1.7e-04 0.04
    28      40    3.8e+00    1    7.7e-02  -229.69257331  -199.40460075    -0.00002453   0.001724   6.9e-03   1.7e-04 0.04
    29      40    3.9e+00    1    2.6e-02  -229.69259758  -199.40462501    -0.00002426   0.001410   5.6e-03   2.6e-04 0.04
    30      40    4.0e+00    3    5.8e-02  -229.69260341  -199.40463085    -0.00000584   0.001538   6.2e-03   2.0e-04 0.04
    31      40    3.7e+00    1    5.4e-02  -229.69262090  -199.40464833    -0.00001748   0.001414   5.7e-03   1.7e-04 0.04
    32      40    3.8e+00    0    2.5e-02  -229.69262647  -199.40465390    -0.00000557   0.001538   6.2e-03   2.3e-04 0.04
    33      50    5.0e+00    3    1.3e-01  -229.69265093  -199.40467837    -0.00002446   0.001088   4.4e-03   2.0e-04 0.04
    34      50    4.8e+00    0    2.9e-02  -229.69266041  -199.40468785    -0.00000948   0.001256   5.0e-03   2.4e-04 0.04
    35      60    6.2e+00    1    8.0e-02  -229.69267942  -199.40470686    -0.00001901   0.000839   3.4e-03   2.0e-04 0.04
 
RESULTS OF THE OCCUPATION OPTIMIZATION
========================================
   1    1.9999670  -26.46028677
   2    1.9999535  -26.45992112
   3    1.9882559  -1.78872594
   4    1.9871429  -1.54360235
   5    1.9827274  -0.84843736
   6    1.9569260  -0.82720853
   7    1.9805985  -0.82475998
   8    1.9792846  -0.73876586
   9    1.9799768  -0.71528473
  10    0.0115811  -0.02259468
  11    0.0103921  -0.02054995
  12    0.0089515  -0.01855040
  13    0.0429497  -0.08726397
  14    0.0070645  -0.01580265
  15    0.0062229  -0.02071802
  16    0.0078506  -0.02554006
  17    0.0000235  -0.00111924
  18    0.0000075  -0.00032447
  19    0.0043642  -0.01064523
  20    0.0043912  -0.01081210
  21    0.0042434  -0.01039188
  22    0.0000215  -0.00004891
  23    0.0039711  -0.00918027
  24    0.0033605  -0.00896276
  25    0.0018497  -0.00632821
  26    0.0000031  -0.00007781
  27    0.0000034  -0.00008414
  28    0.0022993  -0.00620653
  29    0.0043180  -0.01054798
  30    0.0041574  -0.01000827
  31    0.0000160  -0.00011040
  32    0.0038488  -0.00871274
  33    0.0019128  -0.00627959
  34    0.0005907  -0.00247423
  35    0.0000030  -0.00007822
  36    0.0000032  -0.00007830
  37    0.0007358  -0.00267408
  38    0.0006648  -0.00241081
  39    0.0006740  -0.00249878
  40    0.0000150  -0.00010590
  41    0.0009645  -0.00450178
  42    0.0005303  -0.00478912
  43    0.0004869  -0.00474866
  44    0.0000028  -0.00007725
  45    0.0000030  -0.00007342
  46    0.0002827  -0.00109043
  47    0.0002478  -0.00096996
  48    0.0003877  -0.00148606
  49    0.0000147  -0.00010441
  50    0.0004604  -0.00265862
  51    0.0002700  -0.00120643
  52    0.0002787  -0.00121812
  53    0.0000028  -0.00007344
  54    0.0000030  -0.00007394
  55    0.0002800  -0.00110066
  56    0.0002143  -0.00082439
  57    0.0003319  -0.00121773
  58    0.0000123  -0.00010068
  59    0.0003526  -0.00134885
  60    0.0002692  -0.00116808
  61    0.0002639  -0.00119069
  62    0.0000028  -0.00007039
  63    0.0000028  -0.00007544
  64    0.0002146  -0.00089861
  65    0.0001898  -0.00078721
  66    0.0003150  -0.00121886
  67    0.0000114  -0.00008560
  68    0.0002955  -0.00117441
  69    0.0001547  -0.00085342
  70    0.0002078  -0.00101431
  71    0.0000026  -0.00006493
  72    0.0000027  -0.00006565
  73    0.0002099  -0.00087882
  74    0.0001757  -0.00077695
  75    0.0002194  -0.00084825
  76    0.0000094  -0.00008251
  77    0.0002530  -0.00108491
  78    0.0000723  -0.00116124
  79    0.0001570  -0.00089121
  80    0.0000023  -0.00005963
  81    0.0000026  -0.00006296
  82    0.0000192  -0.00013570
  83    0.0000861  -0.00048903
  84    0.0000793  -0.00047002
  85    0.0000087  -0.00008038
  86    0.0000251  -0.00020417
  87    0.0000242  -0.00020764
  88    0.0000216  -0.00018525
  89    0.0000017  -0.00003660
  90    0.0000024  -0.00005998
  91    0.0000183  -0.00013541
  92    0.0000181  -0.00013965
  93    0.0000236  -0.00019850
  94    0.0000079  -0.00007831
  95    0.0000191  -0.00014129
  96    0.0000212  -0.00018044
  97    0.0000187  -0.00014557
  98    0.0000016  -0.00003529
  99    0.0000018  -0.00004921
 100    0.0000180  -0.00013634
 101    0.0000175  -0.00013918
 102    0.0000183  -0.00014147
 103    0.0000075  -0.00007375
 104    0.0000180  -0.00014396
 105    0.0000190  -0.00015454
 106    0.0000186  -0.00014498
 107    0.0000004  -0.00004633
 108    0.0000004  -0.00005185
 
----------------
 Final Energies 
----------------
Final NOF Total Energy =    -199.4047069
 
Total Orbital Internal Iterations = 1390
Total Occupation Internal Iterations = 93
 
Elapsed time:  203.06 Seconds

---------------------------------
   Lowdin Population Analysis    
---------------------------------
 Idx  Atom   Population   Charge 
---------------------------------
  1     F     9.000       0.000
  2     F     9.000      -0.000

---------------------------------
   M Diagnostic: 0.04
---------------------------------

