Computing Integrals
Basis Set                                            = def2-qzvp
Auxiliary Basis Set                                  = def2-universal-jkfit
Gaussian Type                                        = Spherical
Elapsed time:    2.72 Seconds

Number of basis functions                   (NBF)    = 140
Number of auxiliary basis functions         (NBFAUX) = 256
Inactive Doubly occupied orbitals up to     (NO1)    = 0
No. considered Strongly Doubly occupied MOs (NDOC)   = 17
No. considered Strongly Singly occupied MOs (NSOC)   = 0
NO. of Weakly occ. per St. Doubly occ.  MOs (NCWO)   = 7
Dimension of the Nat. Orb. subspace         (NBF5)   = 136
No. of electrons                                     = 34
    No. of alpha electrons                           = 17
    No. of beta electrons                            = 17
Multiplicity                                         = 1

Geometry
========
Cl       0.0000000       0.0000000      -1.0058533
Cl       0.0000000       0.0000000       1.0058533

No violations of the orthonormality
No violations of the orthonormality
 
PNOF8/ADABelief Calculation
==================
 
  Nitext  Nit_orb  Time   Nit_occ  Time         Eelec          Etot           Ediff      maxdiff    MaxGrad_orb  Grad_occ
     1      10    2.2e+01    0    2.5e+01  -996.11013464  -920.08915806 -10995.11013464   0.000650   2.6e-03   2.0e-04 0.03
 
RESULTS OF THE OCCUPATION OPTIMIZATION
========================================
   1    1.9999987  -104.95735403
   2    1.9999985  -104.95733169
   3    1.9995440  -10.63753234
   4    1.9995427  -10.63624968
   5    1.9991661  -8.11653105
   6    1.9990297  -8.11336650
   7    1.9992489  -8.11152042
   8    1.9991104  -8.11044406
   9    1.9989797  -8.10975202
  10    1.9989402  -8.10944571
  11    1.9805761  -1.20483362
  12    1.9817978  -1.05371494
  13    1.9649735  -0.63197211
  14    1.9771628  -0.54216156
  15    1.9740321  -0.53442882
  16    1.9723813  -0.51893047
  17    1.9710947  -0.51601152
  18    0.0092573  -0.01788704
  19    0.0091540  -0.02005207
  20    0.0099279  -0.01875406
  21    0.0096894  -0.02112374
  22    0.0334518  -0.05929234
  23    0.0057100  -0.02791652
  24    0.0062525  -0.02985129
  25    0.0007158  -0.00811360
  26    0.0004550  -0.01011664
  27    0.0004389  -0.00991366
  28    0.0005896  -0.01168203
  29    0.0007906  -0.00897634
  30    0.0006247  -0.01132601
  31    0.0003660  -0.00895569
  32    0.0003669  -0.00908554
  33    0.0000005  -0.00001709
  34    0.0000010  -0.00002659
  35    0.0091498  -0.01761830
  36    0.0081395  -0.01739151
  37    0.0098124  -0.01857795
  38    0.0070883  -0.01924076
  39    0.0005945  -0.00153973
  40    0.0045477  -0.01860355
  41    0.0043339  -0.01663469
  42    0.0002166  -0.00385957
  43    0.0004533  -0.01019118
  44    0.0003478  -0.00868469
  45    0.0000847  -0.00096403
  46    0.0000893  -0.00218122
  47    0.0000778  -0.00096623
  48    0.0000643  -0.00238073
  49    0.0000653  -0.00233552
  50    0.0000004  -0.00001462
  51    0.0000001  -0.00000789
  52    0.0075072  -0.01581930
  53    0.0066621  -0.01807207
  54    0.0021582  -0.00905822
  55    0.0021530  -0.00965472
  56    0.0005868  -0.00151764
  57    0.0037810  -0.01707439
  58    0.0040814  -0.01532503
  59    0.0000695  -0.00126918
  60    0.0000391  -0.00033513
  61    0.0000424  -0.00035652
  62    0.0000264  -0.00019489
  63    0.0000425  -0.00046842
  64    0.0000712  -0.00072150
  65    0.0000079  -0.00007891
  66    0.0000060  -0.00007662
  67    0.0000003  -0.00001216
  68    0.0000001  -0.00000353
  69    0.0019883  -0.00874840
  70    0.0020153  -0.00895733
  71    0.0021117  -0.00918894
  72    0.0021283  -0.00970957
  73    0.0001693  -0.00075052
  74    0.0018268  -0.01001059
  75    0.0040611  -0.01544638
  76    0.0000190  -0.00016067
  77    0.0000197  -0.00016615
  78    0.0000207  -0.00016725
  79    0.0000182  -0.00014876
  80    0.0000164  -0.00039620
  81    0.0000192  -0.00016310
  82    0.0000063  -0.00011475
  83    0.0000058  -0.00006125
  84    0.0000001  -0.00000809
  85    0.0000000  -0.00000195
  86    0.0004436  -0.00122317
  87    0.0006160  -0.00161222
  88    0.0006575  -0.00170752
  89    0.0007066  -0.00177503
  90    0.0000945  -0.00036108
  91    0.0018012  -0.00995718
  92    0.0002507  -0.00130513
  93    0.0000142  -0.00041820
  94    0.0000190  -0.00017818
  95    0.0000167  -0.00022754
  96    0.0000124  -0.00010338
  97    0.0000126  -0.00010971
  98    0.0000176  -0.00018355
  99    0.0000059  -0.00006078
 100    0.0000051  -0.00005557
 101    0.0000001  -0.00000563
 102    0.0000000  -0.00000104
 103    0.0003472  -0.00100903
 104    0.0006139  -0.00161083
 105    0.0006544  -0.00168069
 106    0.0007056  -0.00177351
 107    0.0000650  -0.00021467
 108    0.0003004  -0.00106957
 109    0.0002323  -0.00125205
 110    0.0000129  -0.00038731
 111    0.0000180  -0.00028197
 112    0.0000120  -0.00017583
 113    0.0000117  -0.00010897
 114    0.0000097  -0.00008693
 115    0.0000129  -0.00021816
 116    0.0000039  -0.00004730
 117    0.0000040  -0.00004702
 118    0.0000001  -0.00000486
 119    0.0000000  -0.00000097
 120    0.0002119  -0.00091240
 121    0.0004177  -0.00122867
 122    0.0006460  -0.00160402
 123    0.0003660  -0.00107916
 124    0.0000647  -0.00021486
 125    0.0002350  -0.00127173
 126    0.0002119  -0.00117007
 127    0.0000118  -0.00009741
 128    0.0000162  -0.00016553
 129    0.0000111  -0.00040166
 130    0.0000081  -0.00023499
 131    0.0000094  -0.00009123
 132    0.0000105  -0.00009119
 133    0.0000030  -0.00057754
 134    0.0000027  -0.00053929
 135    0.0000000  -0.00000236
 136    0.0000000  -0.00000079
 
----------------
 Final Energies 
----------------
Final NOF Total Energy =    -920.0891581
 
Total Orbital Internal Iterations = 10
Total Occupation Internal Iterations = 0
 
Elapsed time:   60.67 Seconds

---------------------------------
   Lowdin Population Analysis    
---------------------------------
 Idx  Atom   Population   Charge 
---------------------------------
  1    Cl    17.002      -0.002
  2    Cl    16.998       0.002

---------------------------------
   M Diagnostic: 0.03
---------------------------------

