Computing Integrals
Basis Set                                            = def2-qzvp
Auxiliary Basis Set                                  = def2-universal-jkfit
Gaussian Type                                        = Spherical
Elapsed time:    2.64 Seconds

Number of basis functions                   (NBF)    = 177
Number of auxiliary basis functions         (NBFAUX) = 147
Inactive Doubly occupied orbitals up to     (NO1)    = 0
No. considered Strongly Doubly occupied MOs (NDOC)   = 5
No. considered Strongly Singly occupied MOs (NSOC)   = 0
NO. of Weakly occ. per St. Doubly occ.  MOs (NCWO)   = 34
Dimension of the Nat. Orb. subspace         (NBF5)   = 175
No. of electrons                                     = 10
    No. of alpha electrons                           = 5
    No. of beta electrons                            = 5
Multiplicity                                         = 1

Geometry
========
 C       0.0000000      -0.0000000       0.0000000
 H      -0.6308893       0.6308893       0.6308893
 H       0.6308893      -0.6308893       0.6308893
 H      -0.6308893      -0.6308893      -0.6308893
 H       0.6308893       0.6308893      -0.6308893

No violations of the orthonormality
No violations of the orthonormality
 
PNOF8/ADABelief Calculation
==================
 
  Nitext  Nit_orb  Time   Nit_occ  Time         Eelec          Etot           Ediff      maxdiff    MaxGrad_orb  Grad_occ
     1      10    2.2e+01    0    2.5e+01   -53.87549141   -40.47372415 -10052.87549141   0.000979   3.9e-03   1.6e-04 0.02
 
RESULTS OF THE OCCUPATION OPTIMIZATION
========================================
   1    1.9999028  -11.21829408
   2    1.9797962  -0.94268202
   3    1.9735414  -0.57834588
   4    1.9733319  -0.57833341
   5    1.9715574  -0.57676441
   6    0.0161873  -0.01985555
   7    0.0172293  -0.02055834
   8    0.0173353  -0.02079146
   9    0.0113134  -0.01835106
  10    0.0000868  -0.00181552
  11    0.0051075  -0.00721080
  12    0.0053784  -0.00736903
  13    0.0050913  -0.00710112
  14    0.0037048  -0.00652033
  15    0.0000035  -0.00012040
  16    0.0047253  -0.00676189
  17    0.0012174  -0.00239197
  18    0.0018521  -0.00341921
  19    0.0011862  -0.00522088
  20    0.0000023  -0.00001472
  21    0.0010439  -0.00209515
  22    0.0010881  -0.00229073
  23    0.0010828  -0.00213424
  24    0.0010269  -0.00268118
  25    0.0000022  -0.00001388
  26    0.0003129  -0.00072296
  27    0.0006186  -0.00122777
  28    0.0003185  -0.00070799
  29    0.0009373  -0.00225434
  30    0.0000020  -0.00004440
  31    0.0003117  -0.00075268
  32    0.0002908  -0.00062087
  33    0.0001176  -0.00030710
  34    0.0005471  -0.00123599
  35    0.0000001  -0.00000335
  36    0.0002706  -0.00059968
  37    0.0002796  -0.00060519
  38    0.0001094  -0.00027183
  39    0.0005336  -0.00122233
  40    0.0000000  -0.00000065
  41    0.0001026  -0.00027421
  42    0.0001267  -0.00029079
  43    0.0001068  -0.00028897
  44    0.0002924  -0.00075278
  45    0.0000000  -0.00000049
  46    0.0001025  -0.00026296
  47    0.0001054  -0.00026802
  48    0.0001038  -0.00027070
  49    0.0002550  -0.00069830
  50    0.0000000  -0.00000047
  51    0.0000566  -0.00016353
  52    0.0000601  -0.00016915
  53    0.0000675  -0.00017542
  54    0.0001058  -0.00030495
  55    0.0000000  -0.00000043
  56    0.0000522  -0.00016059
  57    0.0000555  -0.00015477
  58    0.0000574  -0.00017116
  59    0.0000638  -0.00018272
  60    0.0000000  -0.00000039
  61    0.0000446  -0.00014037
  62    0.0000469  -0.00014501
  63    0.0000458  -0.00014628
  64    0.0000480  -0.00015697
  65    0.0000000  -0.00000038
  66    0.0000299  -0.00009888
  67    0.0000337  -0.00010757
  68    0.0000326  -0.00010666
  69    0.0000398  -0.00013321
  70    0.0000000  -0.00000036
  71    0.0000156  -0.00007015
  72    0.0000274  -0.00010229
  73    0.0000289  -0.00010703
  74    0.0000289  -0.00011056
  75    0.0000000  -0.00000029
  76    0.0000114  -0.00004104
  77    0.0000182  -0.00007825
  78    0.0000251  -0.00008753
  79    0.0000247  -0.00011033
  80    0.0000000  -0.00000030
  81    0.0000105  -0.00003822
  82    0.0000154  -0.00007111
  83    0.0000118  -0.00004523
  84    0.0000162  -0.00007625
  85    0.0000000  -0.00000035
  86    0.0000088  -0.00003656
  87    0.0000107  -0.00004291
  88    0.0000114  -0.00004151
  89    0.0000124  -0.00005158
  90    0.0000000  -0.00000026
  91    0.0000069  -0.00002772
  92    0.0000103  -0.00004093
  93    0.0000088  -0.00003800
  94    0.0000115  -0.00004586
  95    0.0000000  -0.00000023
  96    0.0000066  -0.00002907
  97    0.0000088  -0.00003820
  98    0.0000082  -0.00003589
  99    0.0000090  -0.00004338
 100    0.0000000  -0.00000026
 101    0.0000055  -0.00002070
 102    0.0000068  -0.00003178
 103    0.0000065  -0.00002960
 104    0.0000069  -0.00003247
 105    0.0000000  -0.00000020
 106    0.0000047  -0.00001658
 107    0.0000059  -0.00002641
 108    0.0000059  -0.00002643
 109    0.0000065  -0.00003118
 110    0.0000000  -0.00000015
 111    0.0000035  -0.00000703
 112    0.0000055  -0.00002635
 113    0.0000048  -0.00001887
 114    0.0000053  -0.00002623
 115    0.0000000  -0.00000016
 116    0.0000034  -0.00000584
 117    0.0000046  -0.00002029
 118    0.0000038  -0.00001098
 119    0.0000038  -0.00001985
 120    0.0000000  -0.00000015
 121    0.0000029  -0.00000544
 122    0.0000041  -0.00001384
 123    0.0000032  -0.00000678
 124    0.0000034  -0.00001095
 125    0.0000000  -0.00000012
 126    0.0000028  -0.00000405
 127    0.0000036  -0.00000983
 128    0.0000030  -0.00000608
 129    0.0000032  -0.00001124
 130    0.0000000  -0.00000012
 131    0.0000024  -0.00000571
 132    0.0000031  -0.00000666
 133    0.0000028  -0.00000613
 134    0.0000030  -0.00001032
 135    0.0000000  -0.00000015
 136    0.0000016  -0.00000116
 137    0.0000025  -0.00000690
 138    0.0000026  -0.00000593
 139    0.0000028  -0.00000805
 140    0.0000000  -0.00000014
 141    0.0000016  -0.00000139
 142    0.0000023  -0.00000516
 143    0.0000022  -0.00000660
 144    0.0000026  -0.00000765
 145    0.0000000  -0.00000011
 146    0.0000013  -0.00000080
 147    0.0000018  -0.00000181
 148    0.0000017  -0.00000119
 149    0.0000020  -0.00000313
 150    0.0000000  -0.00000011
 151    0.0000012  -0.00000061
 152    0.0000016  -0.00000116
 153    0.0000015  -0.00000129
 154    0.0000019  -0.00000302
 155    0.0000000  -0.00000008
 156    0.0000011  -0.00000150
 157    0.0000014  -0.00000082
 158    0.0000014  -0.00000122
 159    0.0000016  -0.00000152
 160    0.0000000  -0.00000008
 161    0.0000011  -0.00000104
 162    0.0000013  -0.00000102
 163    0.0000013  -0.00000118
 164    0.0000015  -0.00000158
 165    0.0000000  -0.00000008
 166    0.0000010  -0.00000055
 167    0.0000013  -0.00000120
 168    0.0000012  -0.00000056
 169    0.0000015  -0.00000199
 170    0.0000000  -0.00000005
 171    0.0000010  -0.00000534
 172    0.0000013  -0.00000079
 173    0.0000012  -0.00000069
 174    0.0000013  -0.00000576
 175    0.0000000  -0.00000006
 
----------------
 Final Energies 
----------------
Final NOF Total Energy =     -40.4737241
 
Total Orbital Internal Iterations = 10
Total Occupation Internal Iterations = 0
 
Elapsed time:   61.13 Seconds

---------------------------------
   Lowdin Population Analysis    
---------------------------------
 Idx  Atom   Population   Charge 
---------------------------------
  1     C     5.703       0.297
  2     H     1.075      -0.075
  3     H     1.072      -0.072
  4     H     1.075      -0.075
  5     H     1.074      -0.074

---------------------------------
   M Diagnostic: 0.02
---------------------------------

