Computing Integrals
Basis Set                                            = def2-qzvp
Auxiliary Basis Set                                  = def2-universal-jkfit
Gaussian Type                                        = Spherical
Elapsed time:    2.59 Seconds

Number of basis functions                   (NBF)    = 111
Number of auxiliary basis functions         (NBFAUX) = 148
Inactive Doubly occupied orbitals up to     (NO1)    = 0
No. considered Strongly Doubly occupied MOs (NDOC)   = 7
No. considered Strongly Singly occupied MOs (NSOC)   = 0
NO. of Weakly occ. per St. Doubly occ.  MOs (NCWO)   = 14
Dimension of the Nat. Orb. subspace         (NBF5)   = 105
No. of electrons                                     = 14
    No. of alpha electrons                           = 7
    No. of beta electrons                            = 7
Multiplicity                                         = 1

Geometry
========
Mg       0.0000000       0.0000000       0.0000000
 H      -0.0000000      -0.0000000      -1.7069341
 H      -0.0000000       0.0000000       1.7069341

No violations of the orthonormality
No violations of the orthonormality
 
PNOF8/ADABelief Calculation
==================
 
  Nitext  Nit_orb  Time   Nit_occ  Time         Eelec          Etot           Ediff      maxdiff    MaxGrad_orb  Grad_occ
     1      10    2.1e+01    0    2.5e+01  -208.63395881  -201.03857767 -10207.63395881   0.000894   3.6e-03   1.8e-04 0.02
 
RESULTS OF THE OCCUPATION OPTIMIZATION
========================================
   1    1.9999983  -49.07881571
   2    1.9970802  -3.80634176
   3    1.9932688  -2.32386239
   4    1.9932962  -2.32338118
   5    1.9938199  -2.31561506
   6    1.9732970  -0.44284554
   7    1.9690973  -0.39525009
   8    0.0166658  -0.01684487
   9    0.0083612  -0.01070251
  10    0.0054578  -0.02655624
  11    0.0031561  -0.01464734
  12    0.0031323  -0.01461628
  13    0.0026362  -0.01411632
  14    0.0000014  -0.00001041
  15    0.0089492  -0.01173151
  16    0.0083571  -0.01068071
  17    0.0002325  -0.00094747
  18    0.0031139  -0.01449730
  19    0.0030834  -0.01445626
  20    0.0001647  -0.00088034
  21    0.0000001  -0.00000051
  22    0.0024426  -0.00269677
  23    0.0029219  -0.00356361
  24    0.0002241  -0.00092404
  25    0.0002136  -0.00091999
  26    0.0004011  -0.00623075
  27    0.0000479  -0.00130728
  28    0.0000000  -0.00000016
  29    0.0021063  -0.00261252
  30    0.0020926  -0.00247285
  31    0.0000861  -0.00067715
  32    0.0001737  -0.00073211
  33    0.0000306  -0.00013309
  34    0.0000290  -0.00012454
  35    0.0000000  -0.00000016
  36    0.0002230  -0.00032277
  37    0.0019225  -0.00249390
  38    0.0000464  -0.00018570
  39    0.0000170  -0.00041090
  40    0.0000245  -0.00009967
  41    0.0000102  -0.00013950
  42    0.0000000  -0.00000014
  43    0.0001238  -0.00019529
  44    0.0015004  -0.00226215
  45    0.0000360  -0.00014281
  46    0.0000070  -0.00015385
  47    0.0000177  -0.00007572
  48    0.0000086  -0.00026995
  49    0.0000000  -0.00000002
  50    0.0001171  -0.00016754
  51    0.0011088  -0.00190790
  52    0.0000352  -0.00012710
  53    0.0000055  -0.00002188
  54    0.0000127  -0.00004484
  55    0.0000076  -0.00003559
  56    0.0000000  -0.00000003
  57    0.0001083  -0.00017013
  58    0.0002274  -0.00034540
  59    0.0000327  -0.00012597
  60    0.0000054  -0.00001630
  61    0.0000102  -0.00004206
  62    0.0000057  -0.00002011
  63    0.0000000  -0.00000003
  64    0.0000840  -0.00014851
  65    0.0001039  -0.00020721
  66    0.0000176  -0.00007314
  67    0.0000048  -0.00001315
  68    0.0000087  -0.00003140
  69    0.0000050  -0.00002351
  70    0.0000000  -0.00000004
  71    0.0000755  -0.00014181
  72    0.0000958  -0.00014750
  73    0.0000099  -0.00003807
  74    0.0000040  -0.00001077
  75    0.0000081  -0.00003354
  76    0.0000045  -0.00001141
  77    0.0000000  -0.00000004
  78    0.0000028  -0.00000552
  79    0.0000065  -0.00000495
  80    0.0000010  -0.00000609
  81    0.0000015  -0.00000898
  82    0.0000008  -0.00000292
  83    0.0000002  -0.00000133
  84    0.0000000  -0.00000002
  85    0.0000028  -0.00000342
  86    0.0000037  -0.00000390
  87    0.0000007  -0.00000269
  88    0.0000009  -0.00000711
  89    0.0000007  -0.00000272
  90    0.0000002  -0.00000092
  91    0.0000000  -0.00000004
  92    0.0000012  -0.00000139
  93    0.0000007  -0.00000062
  94    0.0000002  -0.00000066
  95    0.0000002  -0.00000102
  96    0.0000002  -0.00000065
  97    0.0000001  -0.00000025
  98    0.0000000  -0.00000003
  99    0.0000004  -0.00000111
 100    0.0000006  -0.00000063
 101    0.0000001  -0.00000054
 102    0.0000001  -0.00000082
 103    0.0000001  -0.00000055
 104    0.0000000  -0.00000015
 105    0.0000000  -0.00000003
 
----------------
 Final Energies 
----------------
Final NOF Total Energy =    -201.0385777
 
Total Orbital Internal Iterations = 10
Total Occupation Internal Iterations = 0
 
Elapsed time:   60.15 Seconds

---------------------------------
   Lowdin Population Analysis    
---------------------------------
 Idx  Atom   Population   Charge 
---------------------------------
  1    Mg    11.621       0.379
  2     H     1.190      -0.190
  3     H     1.189      -0.189

---------------------------------
   M Diagnostic: 0.02
---------------------------------

