W4-11-f
/software/eb2024/easybuild/software/common/software/Julia/1.11.3-linux-x86_64/bin/julia
Job runing on nh031
Choosing scratch ...
Automatic scratch folder selection
/scratch/pobleyef/284273
/scratch/pobleyef/284273 directory
cp W4-11-f.jl W4-11-f.jld2 to  /scratch/pobleyef/284273/.
Computing Integrals
Basis Set                                            = def2-qzvp
Auxiliary Basis Set                                  = def2-universal-jkfit
Gaussian Type                                        = Spherical
Elapsed time:    3.41 Seconds

Number of basis functions                   (NBF)    = 57
Number of auxiliary basis functions         (NBFAUX) = 77
Inactive Doubly occupied orbitals up to     (NO1)    = 0
No. considered Strongly Doubly occupied MOs (NDOC)   = 4
No. considered Strongly Singly occupied MOs (NSOC)   = 1
NO. of Weakly occ. per St. Doubly occ.  MOs (NCWO)   = 13
Dimension of the Nat. Orb. subspace         (NBF5)   = 57
No. of electrons                                     = 9
    No. of alpha electrons                           = 5
    No. of beta electrons                            = 4
Multiplicity                                         = 2

Geometry
========
 F       0.0000000       0.0000000       0.0000000

No violations of the orthonormality
No violations of the orthonormality
 
PNOF8/ADABelief Calculation
==================
 
  Nitext  Nit_orb  Time   Nit_occ  Time         Eelec          Etot           Ediff      maxdiff    MaxGrad_orb  Grad_occ
     1      10    2.8e+01   18    3.6e+01   -99.64427541   -99.64427541 -10098.64427541   0.124370   5.0e-01   2.5e-04 0.02
     2      10    5.5e-02   12    4.6e-02   -99.65512740   -99.65512740    -0.01085200   0.225608   9.0e-01   2.5e-04 0.02
     3      10    3.2e-02    0    3.6e-03   -99.65590313   -99.65590313    -0.00077572   0.225607   9.0e-01   2.5e-04 0.02
     4      30    9.4e-02   11    3.4e-02   -99.68001069   -99.68001069    -0.02410757   0.012325   4.9e-02   2.0e-04 0.02
     5      30    9.1e-02   17    4.3e-02   -99.68255641   -99.68255641    -0.00254571   0.005274   2.1e-02   2.1e-04 0.02
     6      30    9.2e-02   10    2.9e-02   -99.68400779   -99.68400779    -0.00145139   0.002362   9.4e-03   2.1e-04 0.02
     7      30    9.3e-02    9    2.9e-02   -99.68465859   -99.68465859    -0.00065080   0.005011   2.0e-02   1.3e-04 0.02
     8      30    9.4e-02    2    1.2e-02   -99.68493252   -99.68493252    -0.00027393   0.006023   2.4e-02   2.4e-04 0.02
     9      30    9.1e-02    0    7.5e-03   -99.68495416   -99.68495416    -0.00002164   0.006023   2.4e-02   2.4e-04 0.02
    10      50    1.5e-01    4    1.6e-02   -99.68519206   -99.68519206    -0.00023790   0.001082   4.3e-03   1.7e-04 0.02
    11      50    1.5e-01    2    7.7e-03   -99.68525254   -99.68525254    -0.00006048   0.000819   3.3e-03   1.8e-04 0.02
 
RESULTS OF THE OCCUPATION OPTIMIZATION
========================================
   1    1.9999453  -26.42706722
   2    1.9830331  -1.61914115
   3    1.9788275  -0.75557782
   4    1.9775593  -0.75532920
   5    1.0000000  -0.45490150
   6    0.0110310  -0.02047995
   7    0.0111707  -0.02060258
   8    0.0089045  -0.02455668
   9    0.0000364  -0.00162783
  10    0.0050993  -0.01094320
  11    0.0048677  -0.01085439
  12    0.0029905  -0.00783845
  13    0.0000044  -0.00010683
  14    0.0045081  -0.01057825
  15    0.0034705  -0.00800900
  16    0.0027312  -0.00717489
  17    0.0000021  -0.00006279
  18    0.0007885  -0.00276338
  19    0.0006343  -0.00579640
  20    0.0007501  -0.00286646
  21    0.0000018  -0.00005942
  22    0.0002561  -0.00096030
  23    0.0003147  -0.00116759
  24    0.0004464  -0.00167277
  25    0.0000017  -0.00005643
  26    0.0002274  -0.00086148
  27    0.0002533  -0.00095422
  28    0.0002912  -0.00119025
  29    0.0000015  -0.00006064
  30    0.0002197  -0.00085152
  31    0.0002186  -0.00081299
  32    0.0002887  -0.00121913
  33    0.0000014  -0.00005138
  34    0.0002112  -0.00081645
  35    0.0001569  -0.00071137
  36    0.0002668  -0.00122342
  37    0.0000013  -0.00004903
  38    0.0000361  -0.00007967
  39    0.0000193  -0.00015348
  40    0.0002257  -0.00090047
  41    0.0000012  -0.00004795
  42    0.0000181  -0.00012172
  43    0.0000185  -0.00014221
  44    0.0000205  -0.00013996
  45    0.0000010  -0.00005196
  46    0.0000164  -0.00011534
  47    0.0000173  -0.00013201
  48    0.0000179  -0.00012786
  49    0.0000008  -0.00001031
  50    0.0000152  -0.00011688
  51    0.0000158  -0.00012727
  52    0.0000173  -0.00013007
  53    0.0000007  -0.00000938
  54    0.0000136  -0.00010828
  55    0.0000149  -0.00009528
  56    0.0000161  -0.00011215
  57    0.0000003  -0.00003790
 
----------------
 Final Energies 
----------------
Final NOF Total Energy =     -99.6852525
 
Total Orbital Internal Iterations = 310
Total Occupation Internal Iterations = 85
 
Elapsed time:   84.26 Seconds

---------------------------------
   Lowdin Population Analysis    
---------------------------------
 Idx  Atom   Population   Charge 
---------------------------------
  1     F     9.000       0.000

---------------------------------
   M Diagnostic: 0.02
---------------------------------

Recovering execution output...
Moving from /scratch/pobleyef/284273 to /home-nas/pobleyef/Poison-NOF/ncwomax/P30-5/GNOFm/arina.284273
mkdir -p /home-nas/pobleyef/Poison-NOF/ncwomax/P30-5/GNOFm/arina.284273
mv /scratch/pobleyef/284273/* /home-nas/pobleyef/Poison-NOF/ncwomax/P30-5/GNOFm/arina.284273
