cl
/software/eb2024/easybuild/software/common/software/Julia/1.11.3-linux-x86_64/bin/julia
Job runing on nh032
Choosing scratch ...
Automatic scratch folder selection
/scratch/pobleyef/168470
/scratch/pobleyef/168470 directory
cp cl.jl cl.jld2 to  /scratch/pobleyef/168470/.
Computing Integrals
Elapsed time:    6.07 Seconds

Number of basis functions                   (NBF)    = 70
Number of auxiliary basis functions         (NBFAUX) = 128
Inactive Doubly occupied orbitals up to     (NO1)    = 0
No. considered Strongly Doubly occupied MOs (NDOC)   = 8
No. considered Strongly Singly occupied MOs (NSOC)   = 1
NO. of Weakly occ. per St. Doubly occ.  MOs (NCWO)   = 7
Dimension of the Nat. Orb. subspace         (NBF5)   = 65
No. of electrons                                     = 17
    No. of alpha electrons                           = 9
    No. of beta electrons                            = 8
Multiplicity                                         = 2

Geometry
========
Cl       0.0000000       0.0000000       0.0000000

No violations of the orthonormality
No violations of the orthonormality
 
PNOF9/ADABelief Calculation
==================
 
  Nitext  Nit_orb  Time   Nit_occ  Time         Eelec          Etot           Ediff      maxdiff    MaxGrad_orb  Grad_occ
     1      10    2.8e+01   36    3.3e+01  -459.42903650  -459.42903650 -10458.42903650   0.009315   3.7e-02   2.7e-04 0.02
     2      20    1.6e-01   32    9.8e-02  -459.86344698  -459.86344698    -0.43441048   0.539433   2.2e+00   2.1e-04 0.02
     3      20    1.5e-01   24    7.8e-02  -459.93017771  -459.93017771    -0.06673073   0.012779   5.1e-02   2.9e-04 0.02
     4      20    1.4e-01   21    7.3e-02  -459.94760164  -459.94760164    -0.01742393   0.059468   2.4e-01   2.4e-04 0.02
     5      20    1.3e-01   24    8.2e-02  -459.96189518  -459.96189518    -0.01429355   0.051939   2.1e-01   1.8e-04 0.02
     6      20    1.7e-01   23    8.1e-02  -459.97035102  -459.97035102    -0.00845584   0.065472   2.6e-01   1.8e-04 0.02
     7      20    1.8e-01   26    1.6e-01  -459.97391511  -459.97391511    -0.00356409   0.049875   2.0e-01   1.9e-04 0.02
     8      20    1.1e-01   18    5.6e-02  -459.97943255  -459.97943255    -0.00551744   0.032030   1.3e-01   2.2e-04 0.02
     9      20    1.5e-01   13    4.5e-02  -459.98296061  -459.98296061    -0.00352806   0.036113   1.4e-01   1.8e-04 0.02
    10      20    1.2e-01   15    5.1e-02  -459.98517648  -459.98517648    -0.00221587   0.042211   1.7e-01   1.5e-04 0.02
    11      20    1.3e-01   15    5.3e-02  -459.98665302  -459.98665302    -0.00147654   0.037252   1.5e-01   7.0e-05 0.02
    12      20    1.3e-01    8    3.0e-02  -459.98880947  -459.98880947    -0.00215646   0.037222   1.5e-01   1.6e-04 0.02
    13      20    1.2e-01    6    2.5e-02  -459.99002995  -459.99002995    -0.00122048   0.033947   1.4e-01   2.0e-04 0.02
    14      20    1.4e-01    5    2.4e-02  -459.99071732  -459.99071732    -0.00068737   0.036635   1.5e-01   2.6e-04 0.02
    15      20    1.5e-01    6    2.4e-02  -459.99144073  -459.99144073    -0.00072341   0.038629   1.5e-01   2.3e-04 0.02
    16      20    1.3e-01    4    1.5e-02  -459.99190453  -459.99190453    -0.00046380   0.035106   1.4e-01   2.2e-04 0.02
    17      20    1.2e-01    4    1.5e-02  -459.99237206  -459.99237206    -0.00046754   0.042021   1.7e-01   2.1e-04 0.02
    18      20    1.5e-01    4    1.9e-02  -459.99267610  -459.99267610    -0.00030404   0.032921   1.3e-01   2.4e-04 0.02
    19      20    1.4e-01    0    1.1e-02  -459.99268244  -459.99268244    -0.00000634   0.032921   1.3e-01   2.4e-04 0.02
    20      40    2.8e-01    1    7.6e-03  -459.99503523  -459.99503523    -0.00235278   0.005420   2.2e-02   2.4e-04 0.02
    21      40    2.5e-01    2    1.7e-02  -459.99505578  -459.99505578    -0.00002055   0.008151   3.3e-02   1.9e-04 0.02
    22      40    2.4e-01    0    5.6e-03  -459.99505817  -459.99505817    -0.00000239   0.008151   3.3e-02   1.9e-04 0.02
    23      60    3.6e-01    1    1.3e-02  -459.99513569  -459.99513569    -0.00007752   0.001016   4.1e-03   1.8e-04 0.02
    24      60    3.5e-01    0    5.3e-03  -459.99513950  -459.99513950    -0.00000381   0.001385   5.5e-03   1.7e-04 0.02
    25      70    3.9e-01    0    5.3e-03  -459.99514572  -459.99514572    -0.00000622   0.001002   4.0e-03   2.3e-04 0.02
    26      80    4.7e-01    6    2.5e-02  -459.99515039  -459.99515039    -0.00000467   0.000762   3.0e-03   1.9e-04 0.02
 
RESULTS OF THE OCCUPATION OPTIMIZATION
========================================
   1    1.9999975  -104.94688225
   2    1.9994958  -10.63017555
   3    1.9986670  -8.09916466
   4    1.9988613  -8.09803537
   5    1.9988161  -8.09344150
   6    1.9771921  -1.09495834
   7    1.9774348  -0.51981321
   8    1.9663325  -0.51528174
   9    1.0000000  -0.30657964
  10    0.0111569  -0.01814506
  11    0.0065861  -0.02019509
  12    0.0071575  -0.02816960
  13    0.0006277  -0.01198876
  14    0.0009672  -0.01004663
  15    0.0007689  -0.01004397
  16    0.0004092  -0.01027453
  17    0.0000011  -0.00015807
  18    0.0111559  -0.01814812
  19    0.0063838  -0.01827361
  20    0.0062369  -0.01581584
  21    0.0003913  -0.00977820
  22    0.0000766  -0.00345758
  23    0.0004499  -0.01061481
  24    0.0000325  -0.00037920
  25    0.0000009  -0.00002382
  26    0.0096013  -0.01586985
  27    0.0050309  -0.01698900
  28    0.0060102  -0.01702951
  29    0.0000661  -0.00078301
  30    0.0000491  -0.00046028
  31    0.0000732  -0.00088750
  32    0.0000307  -0.00036793
  33    0.0000001  -0.00000950
  34    0.0005189  -0.00117107
  35    0.0019739  -0.00956280
  36    0.0019800  -0.00970021
  37    0.0000605  -0.00068719
  38    0.0000129  -0.00012398
  39    0.0000142  -0.00058742
  40    0.0000144  -0.00042232
  41    0.0000001  -0.00000887
  42    0.0005052  -0.00117485
  43    0.0017173  -0.00805050
  44    0.0005408  -0.00159759
  45    0.0000163  -0.00014926
  46    0.0000119  -0.00013997
  47    0.0000116  -0.00011056
  48    0.0000075  -0.00007545
  49    0.0000001  -0.00000746
  50    0.0004982  -0.00116585
  51    0.0006326  -0.00169308
  52    0.0004431  -0.00131600
  53    0.0000115  -0.00010774
  54    0.0000109  -0.00010422
  55    0.0000082  -0.00007754
  56    0.0000058  -0.00006167
  57    0.0000001  -0.00000573
  58    0.0002310  -0.00095298
  59    0.0002405  -0.00111961
  60    0.0004394  -0.00130320
  61    0.0000105  -0.00010077
  62    0.0000102  -0.00010030
  63    0.0000069  -0.00006684
  64    0.0000041  -0.00060150
  65    0.0000001  -0.00000478
 
----------------
 Final Energies 
----------------
Final NOF Total Energy =    -459.9951504
 
Total Orbital Internal Iterations = 760
Total Occupation Internal Iterations = 294
 
Elapsed time:   85.52 Seconds

---------------------------------
   Lowdin Population Analysis    
---------------------------------
 Idx  Atom   Population   Charge 
---------------------------------
  1    Cl    17.000      -0.000

---------------------------------
   M Diagnostic: 0.02
---------------------------------

Recovering execution output...
Moving from /scratch/pobleyef/168470 to /home-nas/pobleyef/Poison-Set/ncwomax/P30-5/GNOFm/arina.168470
mkdir -p /home-nas/pobleyef/Poison-Set/ncwomax/P30-5/GNOFm/arina.168470
mv /scratch/pobleyef/168470/* /home-nas/pobleyef/Poison-Set/ncwomax/P30-5/GNOFm/arina.168470
