Computing Integrals
Basis Set                                            = def2-qzvp
Auxiliary Basis Set                                  = def2-universal-jkfit
Gaussian Type                                        = Spherical
Elapsed time:    1.73 Seconds

Number of basis functions                   (NBF)    = 100
Number of auxiliary basis functions         (NBFAUX) = 146
Inactive Doubly occupied orbitals up to     (NO1)    = 0
No. considered Strongly Doubly occupied MOs (NDOC)   = 9
No. considered Strongly Singly occupied MOs (NSOC)   = 0
NO. of Weakly occ. per St. Doubly occ.  MOs (NCWO)   = 10
Dimension of the Nat. Orb. subspace         (NBF5)   = 99
No. of electrons                                     = 18
    No. of alpha electrons                           = 9
    No. of beta electrons                            = 9
Multiplicity                                         = 1

Geometry
========
Cl       0.0000000       0.0000000       0.6372241
 H       0.0000000       0.0000000      -0.6372241

Orthonormality violations 4062, Maximum Violation 0.000121
Trying to orthonormalize
No violations of the orthonormality
No violations of the orthonormality
 
PNOF5/ADABelief Calculation
==================
 
  Nitext  Nit_orb  Time   Nit_occ  Time         Eelec          Etot           Ediff      maxdiff    MaxGrad_orb  Grad_occ
     1      10    9.5e+00    0    1.2e+01  -467.28448096  -460.22574471 -10466.28448096   0.000098   3.9e-04   1.6e-04 0.01
 
RESULTS OF THE OCCUPATION OPTIMIZATION
========================================
   1    1.9999378  -94.21161539
   2    1.9999995  -21.21117861
   3    1.9996887  -8.05374877
   4    1.9994575  -8.03186071
   5    1.9995755  -8.03056843
   6    1.9849957  -0.81380778
   7    1.9863307  -0.67252878
   8    1.9863066  -0.66999309
   9    1.9837959  -0.65784058
  10    0.0067876  -0.00586667
  11    0.0064238  -0.00570449
  12    0.0063956  -0.00569417
  13    0.0099277  -0.00935052
  14    0.0001712  -0.00216495
  15    0.0001641  -0.00222378
  16    0.0002009  -0.00263086
  17    0.0000002  -0.00000646
  18    0.0000484  -0.00818602
  19    0.0054067  -0.00465300
  20    0.0049942  -0.00444323
  21    0.0049771  -0.00444180
  22    0.0021873  -0.00270453
  23    0.0001285  -0.00180256
  24    0.0001532  -0.00183068
  25    0.0001070  -0.00135390
  26    0.0000001  0.00000017
  27    0.0000064  -0.00073380
  28    0.0029519  -0.00283799
  29    0.0014254  -0.00171674
  30    0.0014541  -0.00174971
  31    0.0012829  -0.00174424
  32    0.0001133  -0.00148300
  33    0.0001170  -0.00139707
  34    0.0000008  -0.00000800
  35    0.0000000  0.00000012
  36    0.0000059  -0.00067102
  37    0.0008664  -0.00097544
  38    0.0004308  -0.00059129
  39    0.0004222  -0.00058539
  40    0.0012328  -0.00170062
  41    0.0000094  -0.00021703
  42    0.0001051  -0.00132303
  43    0.0000005  -0.00000181
  44    0.0000000  0.00000009
  45    0.0000014  -0.00042404
  46    0.0000581  -0.00013747
  47    0.0001460  -0.00024483
  48    0.0001471  -0.00024519
  49    0.0000887  -0.00017566
  50    0.0000005  -0.00000707
  51    0.0000012  -0.00000968
  52    0.0000005  -0.00000162
  53    0.0000000  0.00000008
  54    0.0000001  0.00000025
  55    0.0000471  -0.00011810
  56    0.0000978  -0.00017717
  57    0.0000998  -0.00018094
  58    0.0000886  -0.00017613
  59    0.0000005  -0.00000016
  60    0.0000007  -0.00000123
  61    0.0000004  -0.00000007
  62    0.0000000  0.00000008
  63    0.0000000  0.00000013
  64    0.0000387  -0.00009651
  65    0.0000700  -0.00011730
  66    0.0000674  -0.00011605
  67    0.0000574  -0.00012600
  68    0.0000004  -0.00000002
  69    0.0000005  -0.00000004
  70    0.0000003  -0.00000011
  71    0.0000000  0.00000009
  72    0.0000000  0.00000011
  73    0.0000256  -0.00007137
  74    0.0000527  -0.00009470
  75    0.0000511  -0.00009248
  76    0.0000536  -0.00011073
  77    0.0000003  0.00000028
  78    0.0000003  0.00000019
  79    0.0000003  -0.00000010
  80    0.0000000  0.00000010
  81    0.0000000  0.00000012
  82    0.0000155  -0.00005294
  83    0.0000389  -0.00007833
  84    0.0000406  -0.00008028
  85    0.0000454  -0.00010314
  86    0.0000003  0.00000030
  87    0.0000002  0.00000026
  88    0.0000003  0.00000028
  89    0.0000000  0.00000009
  90    0.0000000  0.00000012
  91    0.0000064  -0.00001731
  92    0.0000137  -0.00002200
  93    0.0000144  -0.00002165
  94    0.0000399  -0.00010115
  95    0.0000002  0.00000028
  96    0.0000002  0.00000021
  97    0.0000002  0.00000032
  98    0.0000000  0.00000009
  99    0.0000000  0.00000010
 
----------------
 Final Energies 
----------------
Final NOF Total Energy =    -460.2257447
 
Total Orbital Internal Iterations = 10
Total Occupation Internal Iterations = 0
 
Elapsed time:   28.60 Seconds

---------------------------------
   Lowdin Population Analysis    
---------------------------------
 Idx  Atom   Population   Charge 
---------------------------------
  1    Cl    16.620       0.380
  2     H     1.380      -0.380

---------------------------------
   M Diagnostic: 0.01
---------------------------------

