Computing Integrals
Basis Set                                            = def2-qzvp
Auxiliary Basis Set                                  = def2-universal-jkfit
Gaussian Type                                        = Spherical
Elapsed time:    1.65 Seconds

Number of basis functions                   (NBF)    = 130
Number of auxiliary basis functions         (NBFAUX) = 164
Inactive Doubly occupied orbitals up to     (NO1)    = 0
No. considered Strongly Doubly occupied MOs (NDOC)   = 8
No. considered Strongly Singly occupied MOs (NSOC)   = 0
NO. of Weakly occ. per St. Doubly occ.  MOs (NCWO)   = 15
Dimension of the Nat. Orb. subspace         (NBF5)   = 128
No. of electrons                                     = 16
    No. of alpha electrons                           = 8
    No. of beta electrons                            = 8
Multiplicity                                         = 1

Geometry
========
 S       0.0000000       0.0000000      -0.6478378
 H       1.0565968       0.0000000       0.3239189
 H      -1.0565968       0.0000000       0.3239189

Orthonormality violations 4751, Maximum Violation 0.000049
Trying to orthonormalize
No violations of the orthonormality
No violations of the orthonormality
 
PNOF5/ADABelief Calculation
==================
 
  Nitext  Nit_orb  Time   Nit_occ  Time         Eelec          Etot           Ediff      maxdiff    MaxGrad_orb  Grad_occ
     1      10    1.0e+01    0    1.2e+01  -409.79888707  -397.75227538 -10408.79888707   0.000097   3.9e-04   1.8e-04 0.05
 
RESULTS OF THE OCCUPATION OPTIMIZATION
========================================
   1    1.9999332  -83.42957627
   2    1.9999995  -19.21036610
   3    1.9995669  -7.49427438
   4    1.9993444  -7.49215284
   5    1.9994527  -7.49081384
   6    1.9740393  -1.39503870
   7    1.9737076  -1.39438626
   8    1.9417446  -1.33434545
   9    0.0498523  -0.04471780
  10    0.0136875  -0.01560187
  11    0.0136891  -0.01560491
  12    0.0002512  -0.00316790
  13    0.0002401  -0.00303206
  14    0.0002995  -0.00359697
  15    0.0000003  -0.00000876
  16    0.0000557  -0.00827594
  17    0.0035413  -0.00455364
  18    0.0070465  -0.00842417
  19    0.0070950  -0.00846826
  20    0.0001617  -0.00172213
  21    0.0001627  -0.00172994
  22    0.0001316  -0.00135624
  23    0.0000000  0.00000006
  24    0.0000035  -0.00034963
  25    0.0033080  -0.00433463
  26    0.0025331  -0.00367773
  27    0.0026049  -0.00376250
  28    0.0001319  -0.00135583
  29    0.0001260  -0.00130922
  30    0.0000007  -0.00000567
  31    0.0000000  0.00000006
  32    0.0000030  -0.00028629
  33    0.0008465  -0.00124090
  34    0.0024673  -0.00350571
  35    0.0019597  -0.00295889
  36    0.0000006  -0.00000660
  37    0.0001240  -0.00128410
  38    0.0000003  -0.00000036
  39    0.0000000  0.00000006
  40    0.0000028  -0.00026798
  41    0.0002120  -0.00040221
  42    0.0001202  -0.00024605
  43    0.0001368  -0.00025832
  44    0.0000004  -0.00000066
  45    0.0000008  -0.00000753
  46    0.0000002  -0.00000032
  47    0.0000000  0.00000005
  48    0.0000016  -0.00042232
  49    0.0001850  -0.00035178
  50    0.0001014  -0.00022017
  51    0.0001054  -0.00022619
  52    0.0000003  -0.00000052
  53    0.0000005  -0.00000077
  54    0.0000002  -0.00000002
  55    0.0000000  0.00000005
  56    0.0000001  0.00000013
  57    0.0001312  -0.00024696
  58    0.0000786  -0.00017346
  59    0.0000925  -0.00018722
  60    0.0000003  -0.00000011
  61    0.0000003  -0.00000006
  62    0.0000001  -0.00000002
  63    0.0000000  0.00000006
  64    0.0000000  0.00000009
  65    0.0000498  -0.00009416
  66    0.0000732  -0.00014686
  67    0.0000892  -0.00016596
  68    0.0000002  -0.00000001
  69    0.0000003  -0.00000015
  70    0.0000001  0.00000003
  71    0.0000000  0.00000006
  72    0.0000000  0.00000007
  73    0.0000350  -0.00007254
  74    0.0000504  -0.00013554
  75    0.0000574  -0.00014143
  76    0.0000001  0.00000003
  77    0.0000002  -0.00000001
  78    0.0000001  0.00000002
  79    0.0000000  0.00000006
  80    0.0000000  0.00000006
  81    0.0000190  -0.00005568
  82    0.0000405  -0.00009365
  83    0.0000453  -0.00009850
  84    0.0000001  -0.00000000
  85    0.0000002  -0.00000003
  86    0.0000001  0.00000004
  87    0.0000000  0.00000005
  88    0.0000000  0.00000006
  89    0.0000188  -0.00004706
  90    0.0000319  -0.00007645
  91    0.0000294  -0.00007459
  92    0.0000001  0.00000006
  93    0.0000001  0.00000003
  94    0.0000001  0.00000004
  95    0.0000000  0.00000005
  96    0.0000000  0.00000006
  97    0.0000171  -0.00004247
  98    0.0000228  -0.00005604
  99    0.0000268  -0.00005988
 100    0.0000001  0.00000009
 101    0.0000001  0.00000002
 102    0.0000001  0.00000014
 103    0.0000000  0.00000005
 104    0.0000000  0.00000006
 105    0.0000164  -0.00003980
 106    0.0000195  -0.00004969
 107    0.0000103  -0.00003825
 108    0.0000001  0.00000006
 109    0.0000001  0.00000004
 110    0.0000001  0.00000015
 111    0.0000000  0.00000005
 112    0.0000000  0.00000007
 113    0.0000117  -0.00002603
 114    0.0000119  -0.00002640
 115    0.0000096  -0.00002492
 116    0.0000001  0.00000015
 117    0.0000001  0.00000007
 118    0.0000001  0.00000013
 119    0.0000000  0.00000005
 120    0.0000000  0.00000005
 121    0.0000112  -0.00002478
 122    0.0000078  -0.00002218
 123    0.0000093  -0.00002368
 124    0.0000001  0.00000016
 125    0.0000001  0.00000009
 126    0.0000001  0.00000013
 127    0.0000000  0.00000005
 128    0.0000000  0.00000006
 
----------------
 Final Energies 
----------------
Final NOF Total Energy =    -397.7522754
 
Total Orbital Internal Iterations = 10
Total Occupation Internal Iterations = 0
 
Elapsed time:   29.71 Seconds

---------------------------------
   Lowdin Population Analysis    
---------------------------------
 Idx  Atom   Population   Charge 
---------------------------------
  1     S    14.050       1.950
  2     H     0.975       0.025
  3     H     0.975       0.025

---------------------------------
   M Diagnostic: 0.05
---------------------------------

