Computing Integrals
Basis Set                                            = def2-qzvp
Auxiliary Basis Set                                  = def2-universal-jkfit
Gaussian Type                                        = Spherical
Elapsed time:    1.66 Seconds

Number of basis functions                   (NBF)    = 130
Number of auxiliary basis functions         (NBFAUX) = 164
Inactive Doubly occupied orbitals up to     (NO1)    = 0
No. considered Strongly Doubly occupied MOs (NDOC)   = 9
No. considered Strongly Singly occupied MOs (NSOC)   = 0
NO. of Weakly occ. per St. Doubly occ.  MOs (NCWO)   = 13
Dimension of the Nat. Orb. subspace         (NBF5)   = 126
No. of electrons                                     = 18
    No. of alpha electrons                           = 9
    No. of beta electrons                            = 9
Multiplicity                                         = 1

Geometry
========
 S       0.0000000       0.0000000      -0.6214606
 H       0.9696567       0.0000000       0.3107303
 H      -0.9696567       0.0000000       0.3107303

No violations of the orthonormality
No violations of the orthonormality
 
PNOF5/ADABelief Calculation
==================
 
  Nitext  Nit_orb  Time   Nit_occ  Time         Eelec          Etot           Ediff      maxdiff    MaxGrad_orb  Grad_occ
     1      10    1.0e+01    0    1.2e+01  -411.71207557  -398.84980159 -10410.71207557   0.000750   3.0e-03   1.3e-04 0.02
 
RESULTS OF THE OCCUPATION OPTIMIZATION
========================================
   1    1.9999345  -82.70805625
   2    1.9999961  -18.23954024
   3    1.9994045  -6.65676089
   4    1.9994364  -6.65385822
   5    1.9995645  -6.64438062
   6    1.9809970  -0.71464452
   7    1.9799575  -0.71360366
   8    1.9832827  -0.59520769
   9    1.9773115  -0.53083727
  10    0.0085490  -0.00592790
  11    0.0075076  -0.00555017
  12    0.0112897  -0.00939819
  13    0.0107691  -0.00906606
  14    0.0002539  -0.00309807
  15    0.0002574  -0.00315948
  16    0.0002766  -0.00328320
  17    0.0000035  -0.00009289
  18    0.0000579  -0.00845199
  19    0.0075797  -0.00506907
  20    0.0063994  -0.00503191
  21    0.0033467  -0.00340190
  22    0.0035038  -0.00359659
  23    0.0001789  -0.00183567
  24    0.0001584  -0.00158399
  25    0.0001932  -0.00194033
  26    0.0000001  -0.00000291
  27    0.0000029  -0.00028942
  28    0.0041396  -0.00314655
  29    0.0016711  -0.00173353
  30    0.0028151  -0.00298378
  31    0.0026084  -0.00277945
  32    0.0000008  -0.00000206
  33    0.0001312  -0.00130985
  34    0.0001207  -0.00122624
  35    0.0000000  -0.00000014
  36    0.0000027  -0.00028196
  37    0.0019133  -0.00164199
  38    0.0004907  -0.00061531
  39    0.0020800  -0.00230280
  40    0.0015798  -0.00185859
  41    0.0000004  -0.00000042
  42    0.0000098  -0.00016594
  43    0.0000023  -0.00000689
  44    0.0000000  0.00000009
  45    0.0000016  -0.00042326
  46    0.0001607  -0.00021021
  47    0.0001707  -0.00027146
  48    0.0001067  -0.00018426
  49    0.0001185  -0.00019193
  50    0.0000003  0.00000014
  51    0.0000031  -0.00003499
  52    0.0000005  -0.00000006
  53    0.0000000  0.00000008
  54    0.0000001  0.00000024
  55    0.0001331  -0.00018414
  56    0.0001705  -0.00025281
  57    0.0001000  -0.00017043
  58    0.0000918  -0.00016331
  59    0.0000003  0.00000022
  60    0.0000007  -0.00000104
  61    0.0000004  -0.00000016
  62    0.0000000  0.00000009
  63    0.0000000  0.00000013
  64    0.0000865  -0.00011139
  65    0.0001066  -0.00013798
  66    0.0000659  -0.00013267
  67    0.0000856  -0.00015686
  68    0.0000002  0.00000020
  69    0.0000007  -0.00000116
  70    0.0000004  0.00000001
  71    0.0000000  0.00000008
  72    0.0000000  0.00000015
  73    0.0000488  -0.00009366
  74    0.0000799  -0.00011738
  75    0.0000582  -0.00011495
  76    0.0000771  -0.00013755
  77    0.0000002  0.00000037
  78    0.0000006  -0.00000106
  79    0.0000003  0.00000017
  80    0.0000000  0.00000008
  81    0.0000000  0.00000012
  82    0.0000312  -0.00006837
  83    0.0000551  -0.00009357
  84    0.0000495  -0.00012026
  85    0.0000516  -0.00011277
  86    0.0000002  0.00000033
  87    0.0000005  -0.00000004
  88    0.0000003  -0.00000003
  89    0.0000000  0.00000007
  90    0.0000000  0.00000013
  91    0.0000208  -0.00002878
  92    0.0000287  -0.00003598
  93    0.0000466  -0.00010709
  94    0.0000382  -0.00008737
  95    0.0000001  0.00000036
  96    0.0000003  0.00000009
  97    0.0000003  0.00000029
  98    0.0000000  0.00000005
  99    0.0000000  0.00000012
 100    0.0000107  -0.00002296
 101    0.0000180  -0.00003146
 102    0.0000378  -0.00008700
 103    0.0000360  -0.00010516
 104    0.0000001  0.00000034
 105    0.0000003  0.00000035
 106    0.0000002  0.00000028
 107    0.0000000  0.00000006
 108    0.0000000  0.00000012
 109    0.0000097  -0.00001789
 110    0.0000104  -0.00002531
 111    0.0000329  -0.00007853
 112    0.0000231  -0.00006003
 113    0.0000001  0.00000033
 114    0.0000003  0.00000034
 115    0.0000002  0.00000041
 116    0.0000000  0.00000005
 117    0.0000000  0.00000013
 118    0.0000053  -0.00001498
 119    0.0000088  -0.00002259
 120    0.0000134  -0.00004218
 121    0.0000202  -0.00005355
 122    0.0000001  0.00000032
 123    0.0000003  0.00000036
 124    0.0000002  0.00000040
 125    0.0000000  0.00000006
 126    0.0000000  0.00000012
 
----------------
 Final Energies 
----------------
Final NOF Total Energy =    -398.8498016
 
Total Orbital Internal Iterations = 10
Total Occupation Internal Iterations = 0
 
Elapsed time:   28.27 Seconds

---------------------------------
   Lowdin Population Analysis    
---------------------------------
 Idx  Atom   Population   Charge 
---------------------------------
  1     S    15.498       0.502
  2     H     1.251      -0.251
  3     H     1.251      -0.251

---------------------------------
   M Diagnostic: 0.02
---------------------------------

