Computing Integrals
Basis Set                                            = def2-qzvp
Auxiliary Basis Set                                  = def2-universal-jkfit
Gaussian Type                                        = Spherical
Elapsed time:    1.73 Seconds

Number of basis functions                   (NBF)    = 117
Number of auxiliary basis functions         (NBFAUX) = 113
Inactive Doubly occupied orbitals up to     (NO1)    = 0
No. considered Strongly Doubly occupied MOs (NDOC)   = 5
No. considered Strongly Singly occupied MOs (NSOC)   = 0
NO. of Weakly occ. per St. Doubly occ.  MOs (NCWO)   = 22
Dimension of the Nat. Orb. subspace         (NBF5)   = 115
No. of electrons                                     = 10
    No. of alpha electrons                           = 5
    No. of beta electrons                            = 5
Multiplicity                                         = 1

Geometry
========
 O      -1.0998903      -0.3612231       0.0000000
 H      -0.1296488      -0.3179231       0.0000000
 H      -1.3829483       0.5678219       0.0000000

Orthonormality violations 6158, Maximum Violation 0.000070
Trying to orthonormalize
No violations of the orthonormality
No violations of the orthonormality
 
PNOF5/ADABelief Calculation
==================
 
  Nitext  Nit_orb  Time   Nit_occ  Time         Eelec          Etot           Ediff      maxdiff    MaxGrad_orb  Grad_occ
     1      10    9.7e+00    0    1.2e+01   -85.24329873   -76.18066948 -10084.24329873   0.000098   3.9e-04   1.4e-04 0.02
 
RESULTS OF THE OCCUPATION OPTIMIZATION
========================================
   1    1.9997783  -20.55889979
   2    1.9793936  -0.89722306
   3    1.9794133  -0.89703350
   4    1.9894850  -0.73371648
   5    1.9894685  -0.73292545
   6    0.0083647  -0.00964908
   7    0.0083768  -0.00966122
   8    0.0167716  -0.01721614
   9    0.0167920  -0.01722369
  10    0.0001846  -0.00684571
  11    0.0007999  -0.00153431
  12    0.0007947  -0.00153193
  13    0.0019208  -0.00291731
  14    0.0019148  -0.00291204
  15    0.0000196  -0.00051872
  16    0.0005055  -0.00104368
  17    0.0004981  -0.00103924
  18    0.0008384  -0.00144252
  19    0.0008340  -0.00143786
  20    0.0000132  -0.00036297
  21    0.0004945  -0.00103746
  22    0.0004848  -0.00102957
  23    0.0007891  -0.00138190
  24    0.0007886  -0.00138053
  25    0.0000018  -0.00015404
  26    0.0000762  -0.00022042
  27    0.0000809  -0.00020461
  28    0.0000581  -0.00018916
  29    0.0000583  -0.00018966
  30    0.0000006  -0.00000491
  31    0.0000725  -0.00019937
  32    0.0000730  -0.00021768
  33    0.0000553  -0.00016344
  34    0.0000577  -0.00016509
  35    0.0000002  -0.00000196
  36    0.0000647  -0.00018078
  37    0.0000647  -0.00018607
  38    0.0000357  -0.00011269
  39    0.0000386  -0.00011696
  40    0.0000002  -0.00000057
  41    0.0000574  -0.00017810
  42    0.0000578  -0.00017967
  43    0.0000291  -0.00009024
  44    0.0000330  -0.00009454
  45    0.0000002  0.00000046
  46    0.0000398  -0.00014481
  47    0.0000287  -0.00012346
  48    0.0000207  -0.00007506
  49    0.0000209  -0.00007602
  50    0.0000001  0.00000034
  51    0.0000198  -0.00007353
  52    0.0000110  -0.00004792
  53    0.0000179  -0.00007156
  54    0.0000170  -0.00007044
  55    0.0000001  0.00000029
  56    0.0000069  -0.00001636
  57    0.0000069  -0.00001571
  58    0.0000136  -0.00005886
  59    0.0000132  -0.00005829
  60    0.0000001  0.00000031
  61    0.0000055  -0.00001567
  62    0.0000055  -0.00001358
  63    0.0000068  -0.00003206
  64    0.0000088  -0.00003457
  65    0.0000001  0.00000031
  66    0.0000049  -0.00001406
  67    0.0000054  -0.00001564
  68    0.0000060  -0.00002820
  69    0.0000059  -0.00002708
  70    0.0000001  0.00000020
  71    0.0000041  -0.00001294
  72    0.0000049  -0.00000575
  73    0.0000053  -0.00002277
  74    0.0000048  -0.00002234
  75    0.0000001  0.00000028
  76    0.0000031  -0.00001089
  77    0.0000042  -0.00001427
  78    0.0000039  -0.00001670
  79    0.0000041  -0.00001800
  80    0.0000001  0.00000026
  81    0.0000030  -0.00001106
  82    0.0000037  -0.00001147
  83    0.0000031  -0.00001595
  84    0.0000033  -0.00001645
  85    0.0000001  -0.00000017
  86    0.0000022  -0.00000665
  87    0.0000035  -0.00000862
  88    0.0000027  -0.00001138
  89    0.0000029  -0.00001064
  90    0.0000001  -0.00000008
  91    0.0000020  -0.00000427
  92    0.0000029  -0.00000712
  93    0.0000024  -0.00000874
  94    0.0000026  -0.00001095
  95    0.0000001  0.00000032
  96    0.0000015  -0.00000056
  97    0.0000023  -0.00000495
  98    0.0000020  -0.00000497
  99    0.0000017  -0.00000503
 100    0.0000001  0.00000015
 101    0.0000014  0.00000016
 102    0.0000021  -0.00000349
 103    0.0000016  -0.00000296
 104    0.0000016  -0.00000291
 105    0.0000001  -0.00000014
 106    0.0000011  -0.00000022
 107    0.0000018  -0.00000003
 108    0.0000013  -0.00000257
 109    0.0000014  -0.00000293
 110    0.0000001  -0.00000008
 111    0.0000008  0.00000059
 112    0.0000015  0.00000021
 113    0.0000012  -0.00000286
 114    0.0000009  -0.00000210
 115    0.0000001  -0.00000361
 
----------------
 Final Energies 
----------------
Final NOF Total Energy =     -76.1806695
 
Total Orbital Internal Iterations = 10
Total Occupation Internal Iterations = 0
 
Elapsed time:   28.86 Seconds

---------------------------------
   Lowdin Population Analysis    
---------------------------------
 Idx  Atom   Population   Charge 
---------------------------------
  1     O     7.377       0.623
  2     H     1.312      -0.312
  3     H     1.312      -0.312

---------------------------------
   M Diagnostic: 0.02
---------------------------------

