Computing Integrals
Basis Set                                            = def2-qzvp
Auxiliary Basis Set                                  = def2-universal-jkfit
Gaussian Type                                        = Spherical
Elapsed time:    1.63 Seconds

Number of basis functions                   (NBF)    = 100
Number of auxiliary basis functions         (NBFAUX) = 146
Inactive Doubly occupied orbitals up to     (NO1)    = 0
No. considered Strongly Doubly occupied MOs (NDOC)   = 7
No. considered Strongly Singly occupied MOs (NSOC)   = 1
NO. of Weakly occ. per St. Doubly occ.  MOs (NCWO)   = 13
Dimension of the Nat. Orb. subspace         (NBF5)   = 99
No. of electrons                                     = 15
    No. of alpha electrons                           = 8
    No. of beta electrons                            = 7
Multiplicity                                         = 2

Geometry
========
Si       0.0000000       0.0000000       0.7671269
 H       0.0000000       0.0000000      -0.7671269

Orthonormality violations 2839, Maximum Violation 0.000058
Trying to orthonormalize
No violations of the orthonormality
No violations of the orthonormality
 
PNOF5/ADABelief Calculation
==================
 
  Nitext  Nit_orb  Time   Nit_occ  Time         Eelec          Etot           Ediff      maxdiff    MaxGrad_orb  Grad_occ
     1      10    1.0e+01    0    1.2e+01  -294.36814414  -289.53943454 -10293.36814414   0.000093   3.7e-04   1.8e-04 0.06
 
RESULTS OF THE OCCUPATION OPTIMIZATION
========================================
   1    1.9999587  -68.55505005
   2    1.9991282  -4.85807285
   3    1.9991207  -4.84653363
   4    1.9991233  -4.82753751
   5    1.9989599  -4.68037347
   6    1.9678081  -0.56703047
   7    1.9395891  -0.47579530
   8    1.0000000  -0.14228930
   9    0.0504464  -0.01953323
  10    0.0136166  -0.00908079
  11    0.0007401  -0.00524370
  12    0.0006524  -0.00485577
  13    0.0006595  -0.00493554
  14    0.0006572  -0.00490633
  15    0.0000401  -0.00555952
  16    0.0051673  -0.00293540
  17    0.0072646  -0.00504279
  18    0.0001431  -0.00100670
  19    0.0002134  -0.00150273
  20    0.0002169  -0.00151502
  21    0.0001877  -0.00138728
  22    0.0000011  -0.00019753
  23    0.0016235  -0.00112972
  24    0.0060700  -0.00464546
  25    0.0001384  -0.00100249
  26    0.0000077  -0.00006769
  27    0.0000010  -0.00001188
  28    0.0000176  -0.00013320
  29    0.0000000  0.00000005
  30    0.0013346  -0.00086434
  31    0.0042773  -0.00330585
  32    0.0000157  -0.00014317
  33    0.0000009  -0.00000496
  34    0.0000003  -0.00000050
  35    0.0000069  -0.00006181
  36    0.0000000  0.00000007
  37    0.0006242  -0.00045091
  38    0.0001690  -0.00021599
  39    0.0000005  -0.00000235
  40    0.0000006  -0.00000200
  41    0.0000003  -0.00000023
  42    0.0000004  -0.00000280
  43    0.0000000  0.00000006
  44    0.0005462  -0.00042025
  45    0.0001603  -0.00020226
  46    0.0000004  -0.00000052
  47    0.0000004  -0.00000033
  48    0.0000002  -0.00000008
  49    0.0000004  -0.00000063
  50    0.0000000  0.00000006
  51    0.0001921  -0.00016373
  52    0.0001184  -0.00015628
  53    0.0000003  -0.00000024
  54    0.0000003  -0.00000015
  55    0.0000002  -0.00000005
  56    0.0000003  -0.00000047
  57    0.0000000  0.00000006
  58    0.0001649  -0.00014944
  59    0.0001037  -0.00015524
  60    0.0000003  0.00000000
  61    0.0000003  -0.00000013
  62    0.0000002  0.00000003
  63    0.0000003  -0.00000011
  64    0.0000000  0.00000006
  65    0.0000743  -0.00006505
  66    0.0001037  -0.00015163
  67    0.0000003  -0.00000002
  68    0.0000002  0.00000007
  69    0.0000002  0.00000007
  70    0.0000002  0.00000001
  71    0.0000000  0.00000006
  72    0.0000735  -0.00006425
  73    0.0000936  -0.00015302
  74    0.0000003  -0.00000001
  75    0.0000002  0.00000009
  76    0.0000002  0.00000015
  77    0.0000002  -0.00000002
  78    0.0000000  0.00000006
  79    0.0000722  -0.00006100
  80    0.0000828  -0.00015039
  81    0.0000003  0.00000001
  82    0.0000002  0.00000008
  83    0.0000001  0.00000013
  84    0.0000002  0.00000007
  85    0.0000000  0.00000006
  86    0.0000654  -0.00006232
  87    0.0000716  -0.00011954
  88    0.0000003  -0.00000004
  89    0.0000001  0.00000028
  90    0.0000001  0.00000040
  91    0.0000002  0.00000009
  92    0.0000000  0.00000006
  93    0.0000262  -0.00004468
  94    0.0000603  -0.00011122
  95    0.0000003  0.00000004
  96    0.0000001  0.00000027
  97    0.0000001  0.00000039
  98    0.0000002  0.00000012
  99    0.0000000  0.00000006
 
----------------
 Final Energies 
----------------
Final NOF Total Energy =    -289.5394345
 
Total Orbital Internal Iterations = 10
Total Occupation Internal Iterations = 0
 
Elapsed time:   29.51 Seconds

---------------------------------
   Lowdin Population Analysis    
---------------------------------
 Idx  Atom   Population   Charge 
---------------------------------
  1    Si    13.777       0.223
  2     H     1.223      -0.223

---------------------------------
   M Diagnostic: 0.06
---------------------------------

