Computing Integrals
Basis Set                                            = def2-qzvp
Auxiliary Basis Set                                  = def2-universal-jkfit
Gaussian Type                                        = Spherical
Elapsed time:    2.21 Seconds

Number of basis functions                   (NBF)    = 140
Number of auxiliary basis functions         (NBFAUX) = 256
Inactive Doubly occupied orbitals up to     (NO1)    = 0
No. considered Strongly Doubly occupied MOs (NDOC)   = 17
No. considered Strongly Singly occupied MOs (NSOC)   = 1
NO. of Weakly occ. per St. Doubly occ.  MOs (NCWO)   = 7
Dimension of the Nat. Orb. subspace         (NBF5)   = 137
No. of electrons                                     = 35
    No. of alpha electrons                           = 18
    No. of beta electrons                            = 17
Multiplicity                                         = 2

Geometry
========
Cl       0.0000000       0.0000000       1.3665047
Cl       0.0000000       0.0000000      -1.3665047

Orthonormality violations 1107, Maximum Violation 0.000012
Trying to orthonormalize
No violations of the orthonormality
No violations of the orthonormality
 
PNOF5/ADABelief Calculation
==================
 
  Nitext  Nit_orb  Time   Nit_occ  Time         Eelec          Etot           Ediff      maxdiff    MaxGrad_orb  Grad_occ
     1      10    1.0e+01    0    1.2e+01  -975.21445578  -919.25712892 -10974.21445578   0.000100   4.0e-04   1.7e-04 0.01
 
RESULTS OF THE OCCUPATION OPTIMIZATION
========================================
   1    1.9999357  -94.71019621
   2    1.9999315  -94.17109304
   3    1.9999996  -20.67018751
   4    1.9999953  -20.14312453
   5    1.9997799  -8.02454772
   6    1.9994316  -7.83077002
   7    1.9995355  -7.82703214
   8    1.9995671  -7.73852168
   9    1.9996784  -7.73810289
  10    1.9994334  -7.72843248
  11    1.9885548  -0.50274261
  12    1.9878855  -0.49581228
  13    1.9852387  -0.47794341
  14    1.9957841  -0.39147666
  15    1.9874086  -0.39084261
  16    1.9867775  -0.38844650
  17    1.9855471  -0.38157561
  18    1.0000000  -0.11749873
  19    0.0071865  -0.00504606
  20    0.0070477  -0.00502877
  21    0.0070482  -0.00504775
  22    0.0032154  -0.00239009
  23    0.0064745  -0.00513158
  24    0.0062151  -0.00508078
  25    0.0060768  -0.00504119
  26    0.0002056  -0.00263044
  27    0.0001788  -0.00224327
  28    0.0001648  -0.00219941
  29    0.0002006  -0.00237286
  30    0.0001948  -0.00228047
  31    0.0002183  -0.00275677
  32    0.0000043  -0.00012543
  33    0.0000001  -0.00000343
  34    0.0000484  -0.00818668
  35    0.0000493  -0.00828570
  36    0.0033365  -0.00258860
  37    0.0032104  -0.00253950
  38    0.0031390  -0.00250846
  39    0.0003703  -0.00042817
  40    0.0031436  -0.00269512
  41    0.0028982  -0.00259344
  42    0.0028422  -0.00256754
  43    0.0001234  -0.00148915
  44    0.0001400  -0.00180766
  45    0.0001570  -0.00183949
  46    0.0001441  -0.00199645
  47    0.0001415  -0.00199987
  48    0.0000005  -0.00000163
  49    0.0000001  -0.00000282
  50    0.0000001  -0.00000014
  51    0.0000066  -0.00075577
  52    0.0000076  -0.00088532
  53    0.0029138  -0.00239620
  54    0.0020775  -0.00191418
  55    0.0015501  -0.00155168
  56    0.0003214  -0.00040064
  57    0.0027773  -0.00250323
  58    0.0017945  -0.00183851
  59    0.0012962  -0.00146802
  60    0.0001181  -0.00138548
  61    0.0000009  -0.00001181
  62    0.0001083  -0.00133086
  63    0.0001169  -0.00138714
  64    0.0001177  -0.00138697
  65    0.0000003  -0.00000159
  66    0.0000001  -0.00000025
  67    0.0000001  0.00000006
  68    0.0000060  -0.00068845
  69    0.0000059  -0.00067387
  70    0.0008773  -0.00086986
  71    0.0005850  -0.00066290
  72    0.0005150  -0.00059211
  73    0.0002289  -0.00025790
  74    0.0020973  -0.00194358
  75    0.0008071  -0.00099902
  76    0.0008095  -0.00098101
  77    0.0001169  -0.00137600
  78    0.0000006  -0.00000227
  79    0.0000010  -0.00001174
  80    0.0000011  -0.00001129
  81    0.0001028  -0.00141146
  82    0.0000003  -0.00000062
  83    0.0000001  0.00000000
  84    0.0000001  0.00000007
  85    0.0000060  -0.00068575
  86    0.0000013  -0.00041651
  87    0.0000612  -0.00011861
  88    0.0001493  -0.00021381
  89    0.0001521  -0.00022338
  90    0.0000532  -0.00008348
  91    0.0001264  -0.00021052
  92    0.0001757  -0.00028551
  93    0.0001840  -0.00028980
  94    0.0000011  -0.00001208
  95    0.0000005  -0.00000032
  96    0.0000007  -0.00000219
  97    0.0000007  -0.00000351
  98    0.0000094  -0.00021278
  99    0.0000003  -0.00000050
 100    0.0000001  0.00000005
 101    0.0000000  0.00000007
 102    0.0000014  -0.00042316
 103    0.0000001  -0.00000012
 104    0.0000430  -0.00010696
 105    0.0000886  -0.00014847
 106    0.0001246  -0.00019202
 107    0.0000149  -0.00005078
 108    0.0001038  -0.00020296
 109    0.0001589  -0.00025066
 110    0.0001758  -0.00028042
 111    0.0000008  -0.00000276
 112    0.0000004  -0.00000024
 113    0.0000005  -0.00000039
 114    0.0000006  -0.00000200
 115    0.0000013  -0.00001212
 116    0.0000002  -0.00000007
 117    0.0000001  0.00000005
 118    0.0000000  0.00000006
 119    0.0000001  0.00000008
 120    0.0000001  0.00000007
 121    0.0000346  -0.00007802
 122    0.0000639  -0.00010113
 123    0.0000624  -0.00009780
 124    0.0000118  -0.00002971
 125    0.0000383  -0.00008948
 126    0.0000650  -0.00010695
 127    0.0000607  -0.00010712
 128    0.0000007  -0.00000022
 129    0.0000004  -0.00000021
 130    0.0000005  -0.00000016
 131    0.0000006  -0.00000038
 132    0.0000009  -0.00000227
 133    0.0000002  -0.00000007
 134    0.0000000  0.00000006
 135    0.0000000  0.00000007
 136    0.0000001  0.00000007
 137    0.0000000  0.00000006
 
----------------
 Final Energies 
----------------
Final NOF Total Energy =    -919.2571289
 
Total Orbital Internal Iterations = 10
Total Occupation Internal Iterations = 0
 
Elapsed time:   29.64 Seconds

---------------------------------
   Lowdin Population Analysis    
---------------------------------
 Idx  Atom   Population   Charge 
---------------------------------
  1    Cl    17.299      -0.299
  2    Cl    17.701      -0.701

---------------------------------
   M Diagnostic: 0.01
---------------------------------

