Computing Integrals
Basis Set                                            = def2-qzvp
Auxiliary Basis Set                                  = def2-universal-jkfit
Gaussian Type                                        = Spherical
Elapsed time:    3.33 Seconds

Number of basis functions                   (NBF)    = 229
Number of auxiliary basis functions         (NBFAUX) = 347
Inactive Doubly occupied orbitals up to     (NO1)    = 0
No. considered Strongly Doubly occupied MOs (NDOC)   = 31
No. considered Strongly Singly occupied MOs (NSOC)   = 0
NO. of Weakly occ. per St. Doubly occ.  MOs (NCWO)   = 6
Dimension of the Nat. Orb. subspace         (NBF5)   = 217
No. of electrons                                     = 62
    No. of alpha electrons                           = 31
    No. of beta electrons                            = 31
Multiplicity                                         = 1

Geometry
========
 I       0.0000000       0.0000000       0.3252620
 C       0.0000000       0.0000000      -1.8032450
 H       0.0000000       1.0301960      -2.1397970
 H      -0.8921760      -0.5150980      -2.1397970
 H       0.8921760      -0.5150980      -2.1397970

No violations of the orthonormality
No violations of the orthonormality
 
PNOF5/ADABelief Calculation
==================
 
  Nitext  Nit_orb  Time   Nit_occ  Time         Eelec          Etot           Ediff      maxdiff    MaxGrad_orb  Grad_occ
     1      10    1.1e+01    0    1.2e+01 -2598.66241784 -2478.43163762 -12597.66241784   0.000882   3.5e-03   1.6e-04 0.02
 
RESULTS OF THE OCCUPATION OPTIMIZATION
========================================
   1    2.0000000  -149.07688617
   2    2.0000000  -64.29467421
   3    2.0000000  -64.27168338
   4    2.0000000  -64.03737674
   5    2.0000000  -26.06638273
   6    1.9994318  -11.27208537
   7    1.9999996  -10.94049489
   8    1.9999996  -10.59234902
   9    1.9999988  -10.18134838
  10    1.9999977  -9.89786823
  11    1.9999984  -9.35527502
  12    1.9999975  -9.31264943
  13    1.9999962  -9.26007457
  14    1.9999955  -9.14422540
  15    1.9999626  -6.31711184
  16    1.9999575  -5.87333580
  17    1.9999602  -5.58577736
  18    1.9999531  -5.10924511
  19    1.9999447  -4.77298841
  20    1.9999454  -4.76366986
  21    1.9999486  -4.74446737
  22    1.9999499  -4.72383137
  23    1.9926489  -0.78225758
  24    1.9773129  -0.75374736
  25    1.9793146  -0.72683511
  26    1.9792375  -0.72660908
  27    1.9792338  -0.72659163
  28    1.9800424  -0.68540701
  29    1.9829374  -0.68314516
  30    1.9788402  -0.68303332
  31    1.9827100  -0.68252915
  32    0.0087380  -0.00748570
  33    0.0089711  -0.00757136
  34    0.0085721  -0.00739077
  35    0.0077486  -0.00686803
  36    0.0134290  -0.01150835
  37    0.0134222  -0.01150498
  38    0.0133732  -0.01147205
  39    0.0207406  -0.01633506
  40    0.0037328  -0.00399026
  41    0.0000495  -0.00038290
  42    0.0000508  -0.00039283
  43    0.0000541  -0.00040980
  44    0.0000548  -0.00041412
  45    0.0000464  -0.00036717
  46    0.0000394  -0.00034142
  47    0.0000420  -0.00035143
  48    0.0000370  -0.00032987
  49    0.0000043  -0.00002874
  50    0.0000037  -0.00002225
  51    0.0000023  -0.00001728
  52    0.0000015  -0.00000933
  53    0.0000022  -0.00001102
  54    0.0000011  -0.00000609
  55    0.0000003  -0.00000216
  56    0.0000003  -0.00000135
  57    0.0003945  -0.00770112
  58    0.0000000  0.00000005
  59    0.0000000  0.00000005
  60    0.0000000  0.00000005
  61    0.0000000  0.00000005
  62    0.0000000  0.00000002
  63    0.0058180  -0.00555164
  64    0.0058329  -0.00542721
  65    0.0057167  -0.00547486
  66    0.0058222  -0.00543359
  67    0.0034252  -0.00393063
  68    0.0034286  -0.00393352
  69    0.0034231  -0.00393608
  70    0.0007364  -0.00101926
  71    0.0016585  -0.00209959
  72    0.0000002  -0.00000027
  73    0.0000002  -0.00000011
  74    0.0000002  -0.00000020
  75    0.0000002  -0.00000025
  76    0.0000002  -0.00000017
  77    0.0000001  -0.00000001
  78    0.0000002  -0.00000052
  79    0.0000002  -0.00000052
  80    0.0000001  0.00000000
  81    0.0000001  -0.00000002
  82    0.0000000  0.00000002
  83    0.0000001  0.00000004
  84    0.0000001  0.00000000
  85    0.0000000  0.00000005
  86    0.0000001  -0.00000010
  87    0.0000000  0.00000005
  88    0.0000572  -0.00082860
  89    0.0000000  0.00000002
  90    0.0000000  0.00000002
  91    0.0000000  0.00000002
  92    0.0000000  0.00000002
  93    0.0000000  0.00000001
  94    0.0020469  -0.00243136
  95    0.0057380  -0.00547492
  96    0.0021340  -0.00249737
  97    0.0055925  -0.00539937
  98    0.0019276  -0.00237461
  99    0.0019255  -0.00237384
 100    0.0018935  -0.00235293
 101    0.0007271  -0.00101116
 102    0.0015187  -0.00197258
 103    0.0000001  0.00000005
 104    0.0000002  -0.00000016
 105    0.0000001  0.00000001
 106    0.0000001  0.00000005
 107    0.0000001  0.00000003
 108    0.0000001  0.00000002
 109    0.0000001  0.00000003
 110    0.0000001  0.00000001
 111    0.0000000  0.00000005
 112    0.0000000  0.00000004
 113    0.0000000  0.00000004
 114    0.0000000  0.00000004
 115    0.0000000  0.00000004
 116    0.0000000  0.00000003
 117    0.0000000  0.00000006
 118    0.0000000  0.00000005
 119    0.0000572  -0.00082833
 120    0.0000000  0.00000002
 121    0.0000000  0.00000002
 122    0.0000000  0.00000002
 123    0.0000000  0.00000002
 124    0.0000000  0.00000001
 125    0.0005035  -0.00073367
 126    0.0005651  -0.00080316
 127    0.0004996  -0.00073321
 128    0.0005711  -0.00080466
 129    0.0017449  -0.00220868
 130    0.0017463  -0.00221022
 131    0.0017595  -0.00222714
 132    0.0004145  -0.00064273
 133    0.0002605  -0.00043933
 134    0.0000001  0.00000006
 135    0.0000001  0.00000006
 136    0.0000001  0.00000004
 137    0.0000001  0.00000006
 138    0.0000001  0.00000006
 139    0.0000001  0.00000005
 140    0.0000001  0.00000004
 141    0.0000001  0.00000005
 142    0.0000000  0.00000005
 143    0.0000000  0.00000004
 144    0.0000000  0.00000004
 145    0.0000000  0.00000004
 146    0.0000000  0.00000004
 147    0.0000000  0.00000003
 148    0.0000000  0.00000004
 149    0.0000000  0.00000004
 150    0.0000516  -0.00071723
 151    0.0000000  0.00000001
 152    0.0000000  0.00000001
 153    0.0000000  0.00000002
 154    0.0000000  0.00000001
 155    0.0000000  0.00000001
 156    0.0001190  -0.00016048
 157    0.0000407  -0.00008617
 158    0.0001187  -0.00015922
 159    0.0001517  -0.00014938
 160    0.0001202  -0.00022639
 161    0.0001202  -0.00022614
 162    0.0001182  -0.00022489
 163    0.0000343  -0.00008546
 164    0.0001099  -0.00020064
 165    0.0000001  0.00000007
 166    0.0000001  0.00000006
 167    0.0000000  0.00000006
 168    0.0000001  0.00000007
 169    0.0000000  0.00000005
 170    0.0000001  0.00000005
 171    0.0000000  0.00000005
 172    0.0000000  0.00000005
 173    0.0000000  0.00000004
 174    0.0000000  0.00000004
 175    0.0000000  0.00000004
 176    0.0000000  0.00000003
 177    0.0000000  0.00000004
 178    0.0000000  0.00000003
 179    0.0000000  0.00000002
 180    0.0000000  0.00000002
 181    0.0000070  -0.00030517
 182    0.0000000  0.00000001
 183    0.0000000  0.00000001
 184    0.0000000  0.00000001
 185    0.0000000  0.00000001
 186    0.0000000  0.00000001
 187    0.0000646  -0.00009325
 188    0.0000121  -0.00004340
 189    0.0000215  -0.00005475
 190    0.0000716  -0.00010804
 191    0.0001194  -0.00022610
 192    0.0001196  -0.00022582
 193    0.0001179  -0.00022451
 194    0.0000342  -0.00008537
 195    0.0000708  -0.00009896
 196    0.0000000  0.00000006
 197    0.0000000  0.00000006
 198    0.0000000  0.00000006
 199    0.0000000  0.00000006
 200    0.0000000  0.00000006
 201    0.0000000  0.00000005
 202    0.0000000  0.00000005
 203    0.0000000  0.00000005
 204    0.0000000  0.00000003
 205    0.0000000  0.00000003
 206    0.0000000  0.00000003
 207    0.0000000  0.00000003
 208    0.0000000  0.00000003
 209    0.0000000  0.00000002
 210    0.0000000  0.00000001
 211    0.0000000  0.00000002
 212    0.0000006  -0.00002477
 213    0.0000000  0.00000001
 214    0.0000000  0.00000001
 215    0.0000000  0.00000001
 216    0.0000000  0.00000001
 217    0.0000000  0.00000001
 
----------------
 Final Energies 
----------------
Final NOF Total Energy =   -2478.4316376
 
Total Orbital Internal Iterations = 10
Total Occupation Internal Iterations = 0
 
Elapsed time:   30.32 Seconds

---------------------------------
   Lowdin Population Analysis    
---------------------------------
 Idx  Atom   Population   Charge 
---------------------------------
  1     I    52.741       0.259
  2     C     5.973       0.027
  3     H     1.096      -0.096
  4     H     1.095      -0.095
  5     H     1.095      -0.095

---------------------------------
   M Diagnostic: 0.02
---------------------------------

