Computing Integrals
Basis Set                                            = def2-qzvp
Auxiliary Basis Set                                  = def2-universal-jkfit
Gaussian Type                                        = Spherical
Elapsed time:    1.84 Seconds

Number of basis functions                   (NBF)    = 117
Number of auxiliary basis functions         (NBFAUX) = 113
Inactive Doubly occupied orbitals up to     (NO1)    = 0
No. considered Strongly Doubly occupied MOs (NDOC)   = 5
No. considered Strongly Singly occupied MOs (NSOC)   = 0
NO. of Weakly occ. per St. Doubly occ.  MOs (NCWO)   = 22
Dimension of the Nat. Orb. subspace         (NBF5)   = 115
No. of electrons                                     = 10
    No. of alpha electrons                           = 5
    No. of beta electrons                            = 5
Multiplicity                                         = 1

Geometry
========
 O       0.0000000       0.0000000       0.3921953
 H      -0.7561000       0.0000000      -0.1960977
 H       0.7561000       0.0000000      -0.1960977

Orthonormality violations 8992, Maximum Violation 0.000110
Trying to orthonormalize
No violations of the orthonormality
No violations of the orthonormality
 
PNOF5/ADABelief Calculation
==================
 
  Nitext  Nit_orb  Time   Nit_occ  Time         Eelec          Etot           Ediff      maxdiff    MaxGrad_orb  Grad_occ
     1      10    9.7e+00    0    1.2e+01   -85.36914761   -76.18125219 -10084.36914761   0.000100   4.0e-04   1.1e-04 0.02
 
RESULTS OF THE OCCUPATION OPTIMIZATION
========================================
   1    1.9997786  -20.55689889
   2    1.9803349  -0.90885510
   3    1.9802441  -0.90831002
   4    1.9893685  -0.73068155
   5    1.9894021  -0.73036896
   6    0.0084549  -0.00969164
   7    0.0084626  -0.00968922
   8    0.0159661  -0.01671289
   9    0.0158783  -0.01667559
  10    0.0001849  -0.00684581
  11    0.0007993  -0.00153457
  12    0.0008043  -0.00153555
  13    0.0019125  -0.00294996
  14    0.0019109  -0.00295157
  15    0.0000196  -0.00051806
  16    0.0005141  -0.00105195
  17    0.0005012  -0.00104095
  18    0.0008125  -0.00144115
  19    0.0008275  -0.00145278
  20    0.0000125  -0.00035295
  21    0.0004976  -0.00104005
  22    0.0004996  -0.00103941
  23    0.0007771  -0.00138847
  24    0.0007638  -0.00137975
  25    0.0000020  -0.00015759
  26    0.0000780  -0.00020437
  27    0.0000751  -0.00020866
  28    0.0000624  -0.00019241
  29    0.0000576  -0.00018728
  30    0.0000004  -0.00000326
  31    0.0000666  -0.00020862
  32    0.0000717  -0.00020470
  33    0.0000507  -0.00016019
  34    0.0000539  -0.00016435
  35    0.0000003  -0.00000236
  36    0.0000560  -0.00017753
  37    0.0000616  -0.00017531
  38    0.0000421  -0.00012431
  39    0.0000415  -0.00012134
  40    0.0000002  -0.00000007
  41    0.0000517  -0.00017078
  42    0.0000552  -0.00017518
  43    0.0000308  -0.00009425
  44    0.0000358  -0.00009860
  45    0.0000001  0.00000037
  46    0.0000285  -0.00011873
  47    0.0000454  -0.00015558
  48    0.0000271  -0.00008520
  49    0.0000228  -0.00007974
  50    0.0000001  0.00000029
  51    0.0000170  -0.00006582
  52    0.0000132  -0.00005729
  53    0.0000200  -0.00007643
  54    0.0000173  -0.00007226
  55    0.0000001  0.00000036
  56    0.0000066  -0.00001776
  57    0.0000077  -0.00001832
  58    0.0000164  -0.00006316
  59    0.0000108  -0.00005494
  60    0.0000001  -0.00000006
  61    0.0000041  -0.00001556
  62    0.0000066  -0.00001424
  63    0.0000101  -0.00003537
  64    0.0000075  -0.00003297
  65    0.0000001  0.00000029
  66    0.0000041  -0.00001269
  67    0.0000051  -0.00001174
  68    0.0000055  -0.00002791
  69    0.0000067  -0.00002892
  70    0.0000001  -0.00000160
  71    0.0000035  -0.00001361
  72    0.0000040  -0.00001314
  73    0.0000049  -0.00002236
  74    0.0000053  -0.00002261
  75    0.0000001  -0.00000009
  76    0.0000034  -0.00000982
  77    0.0000035  -0.00001444
  78    0.0000039  -0.00001636
  79    0.0000047  -0.00001778
  80    0.0000001  0.00000002
  81    0.0000031  -0.00001064
  82    0.0000031  -0.00000533
  83    0.0000027  -0.00001539
  84    0.0000044  -0.00001766
  85    0.0000001  -0.00000151
  86    0.0000025  -0.00000796
  87    0.0000025  -0.00000652
  88    0.0000023  -0.00001089
  89    0.0000037  -0.00001280
  90    0.0000001  -0.00000069
  91    0.0000017  -0.00000162
  92    0.0000023  -0.00000487
  93    0.0000021  -0.00000740
  94    0.0000032  -0.00001142
  95    0.0000001  0.00000032
  96    0.0000015  -0.00000060
  97    0.0000020  -0.00000373
  98    0.0000018  -0.00000495
  99    0.0000027  -0.00000504
 100    0.0000001  0.00000014
 101    0.0000013  0.00000032
 102    0.0000018  -0.00000302
 103    0.0000017  -0.00000361
 104    0.0000024  -0.00000479
 105    0.0000001  -0.00000001
 106    0.0000012  -0.00000032
 107    0.0000016  -0.00000110
 108    0.0000016  -0.00000277
 109    0.0000023  -0.00000306
 110    0.0000001  -0.00000054
 111    0.0000011  0.00000055
 112    0.0000015  0.00000015
 113    0.0000014  -0.00000271
 114    0.0000021  -0.00000277
 115    0.0000001  0.00000023
 
----------------
 Final Energies 
----------------
Final NOF Total Energy =     -76.1812522
 
Total Orbital Internal Iterations = 10
Total Occupation Internal Iterations = 0
 
Elapsed time:   28.67 Seconds

---------------------------------
   Lowdin Population Analysis    
---------------------------------
 Idx  Atom   Population   Charge 
---------------------------------
  1     O     7.344       0.656
  2     H     1.328      -0.328
  3     H     1.328      -0.328

---------------------------------
   M Diagnostic: 0.02
---------------------------------

