Computing Integrals
Basis Set                                            = def2-qzvp
Auxiliary Basis Set                                  = def2-universal-jkfit
Gaussian Type                                        = Spherical
Elapsed time:    1.71 Seconds

Number of basis functions                   (NBF)    = 114
Number of auxiliary basis functions         (NBFAUX) = 154
Inactive Doubly occupied orbitals up to     (NO1)    = 0
No. considered Strongly Doubly occupied MOs (NDOC)   = 9
No. considered Strongly Singly occupied MOs (NSOC)   = 0
NO. of Weakly occ. per St. Doubly occ.  MOs (NCWO)   = 11
Dimension of the Nat. Orb. subspace         (NBF5)   = 108
No. of electrons                                     = 18
    No. of alpha electrons                           = 9
    No. of beta electrons                            = 9
Multiplicity                                         = 1

Geometry
========
 F       0.0000000       0.0000000      -0.7075955
 F       0.0000000       0.0000000       0.7075955

Orthonormality violations 4253, Maximum Violation 0.000049
Trying to orthonormalize
No violations of the orthonormality
No violations of the orthonormality
 
PNOF5/ADABelief Calculation
==================
 
  Nitext  Nit_orb  Time   Nit_occ  Time         Eelec          Etot           Ediff      maxdiff    MaxGrad_orb  Grad_occ
     1      10    1.0e+01    0    1.4e+01  -229.27876371  -198.99079115 -10228.27876371   0.000100   4.0e-04   1.8e-04 0.13
 
RESULTS OF THE OCCUPATION OPTIMIZATION
========================================
   1    1.9998545  -26.37834080
   2    1.9998553  -26.37789009
   3    1.9933203  -1.05772793
   4    1.9932578  -1.05720294
   5    1.9932436  -1.05665218
   6    1.9932527  -1.05619943
   7    1.9932213  -1.05613467
   8    1.9932736  -1.05578714
   9    1.8659908  -0.80705899
  10    0.1339805  -0.08833566
  11    0.0049095  -0.00851929
  12    0.0049515  -0.00853723
  13    0.0049201  -0.00852331
  14    0.0049198  -0.00852024
  15    0.0049167  -0.00851354
  16    0.0048264  -0.00845873
  17    0.0001303  -0.00627990
  18    0.0001297  -0.00627200
  19    0.0000155  -0.00008106
  20    0.0007677  -0.00196855
  21    0.0007688  -0.00196831
  22    0.0007639  -0.00196654
  23    0.0007682  -0.00196611
  24    0.0007456  -0.00194194
  25    0.0007794  -0.00197449
  26    0.0000112  -0.00037696
  27    0.0000128  -0.00041058
  28    0.0000051  -0.00001330
  29    0.0005320  -0.00143718
  30    0.0005156  -0.00141754
  31    0.0005342  -0.00143638
  32    0.0005331  -0.00143667
  33    0.0005162  -0.00141758
  34    0.0005224  -0.00142285
  35    0.0000015  -0.00012028
  36    0.0000012  -0.00011832
  37    0.0000028  -0.00001057
  38    0.0003244  -0.00100503
  39    0.0003247  -0.00099414
  40    0.0003257  -0.00099942
  41    0.0003218  -0.00099569
  42    0.0003308  -0.00100273
  43    0.0003282  -0.00100125
  44    0.0000006  -0.00001035
  45    0.0000005  -0.00000909
  46    0.0000021  -0.00000703
  47    0.0000658  -0.00026170
  48    0.0000644  -0.00026049
  49    0.0000656  -0.00026061
  50    0.0000638  -0.00025987
  51    0.0000654  -0.00026222
  52    0.0000642  -0.00026039
  53    0.0000003  -0.00000569
  54    0.0000003  -0.00000616
  55    0.0000008  -0.00000604
  56    0.0000510  -0.00019413
  57    0.0000545  -0.00019778
  58    0.0000543  -0.00020078
  59    0.0000512  -0.00019381
  60    0.0000475  -0.00018830
  61    0.0000541  -0.00019817
  62    0.0000002  -0.00000359
  63    0.0000002  -0.00000374
  64    0.0000007  -0.00000368
  65    0.0000339  -0.00017574
  66    0.0000453  -0.00019892
  67    0.0000414  -0.00019094
  68    0.0000439  -0.00020121
  69    0.0000472  -0.00020784
  70    0.0000473  -0.00020431
  71    0.0000002  -0.00000355
  72    0.0000002  -0.00000353
  73    0.0000007  -0.00000376
  74    0.0000147  -0.00009926
  75    0.0000268  -0.00013186
  76    0.0000167  -0.00010879
  77    0.0000297  -0.00013520
  78    0.0000297  -0.00013659
  79    0.0000227  -0.00012450
  80    0.0000002  -0.00000285
  81    0.0000002  -0.00000278
  82    0.0000004  -0.00000282
  83    0.0000117  -0.00008317
  84    0.0000127  -0.00009113
  85    0.0000114  -0.00008678
  86    0.0000112  -0.00008407
  87    0.0000280  -0.00011208
  88    0.0000166  -0.00009201
  89    0.0000001  0.00000025
  90    0.0000001  0.00000034
  91    0.0000003  -0.00000236
  92    0.0000099  -0.00006073
  93    0.0000090  -0.00005706
  94    0.0000079  -0.00005175
  95    0.0000083  -0.00005457
  96    0.0000099  -0.00007061
  97    0.0000119  -0.00007327
  98    0.0000001  0.00000053
  99    0.0000001  0.00000020
 100    0.0000003  -0.00000199
 101    0.0000057  -0.00002890
 102    0.0000054  -0.00002694
 103    0.0000062  -0.00002980
 104    0.0000054  -0.00002855
 105    0.0000051  -0.00002745
 106    0.0000065  -0.00002834
 107    0.0000001  -0.00000723
 108    0.0000001  -0.00000541
 
----------------
 Final Energies 
----------------
Final NOF Total Energy =    -198.9907911
 
Total Orbital Internal Iterations = 10
Total Occupation Internal Iterations = 0
 
Elapsed time:   35.16 Seconds

---------------------------------
   Lowdin Population Analysis    
---------------------------------
 Idx  Atom   Population   Charge 
---------------------------------
  1     F     9.000      -0.000
  2     F     9.000       0.000

---------------------------------
   M Diagnostic: 0.13
---------------------------------

