Computing Integrals
Basis Set                                            = def2-qzvp
Auxiliary Basis Set                                  = def2-universal-jkfit
Gaussian Type                                        = Spherical
Elapsed time:    1.65 Seconds

Number of basis functions                   (NBF)    = 57
Number of auxiliary basis functions         (NBFAUX) = 77
Inactive Doubly occupied orbitals up to     (NO1)    = 0
No. considered Strongly Doubly occupied MOs (NDOC)   = 3
No. considered Strongly Singly occupied MOs (NSOC)   = 2
NO. of Weakly occ. per St. Doubly occ.  MOs (NCWO)   = 17
Dimension of the Nat. Orb. subspace         (NBF5)   = 56
No. of electrons                                     = 8
    No. of alpha electrons                           = 5
    No. of beta electrons                            = 3
Multiplicity                                         = 3

Geometry
========
 O       0.0000000       0.0000000       0.0000000

No violations of the orthonormality
No violations of the orthonormality
 
PNOF5/ADABelief Calculation
==================
 
  Nitext  Nit_orb  Time   Nit_occ  Time         Eelec          Etot           Ediff      maxdiff    MaxGrad_orb  Grad_occ
     1      10    8.9e+00    0    1.2e+01   -74.86624620   -74.86624620 -10073.86624620   0.000562   2.2e-03   1.3e-04 0.01
 
RESULTS OF THE OCCUPATION OPTIMIZATION
========================================
   1    1.9997777  -20.65490639
   2    1.9912885  -0.94168767
   3    1.9911604  -0.93894164
   4    1.0000000  -0.35240005
   5    1.0000000  -0.35239974
   6    0.0059154  -0.00820715
   7    0.0058036  -0.00813239
   8    0.0001786  -0.00670534
   9    0.0008072  -0.00169903
  10    0.0007627  -0.00152154
  11    0.0000214  -0.00051762
  12    0.0007394  -0.00150785
  13    0.0007471  -0.00151453
  14    0.0000172  -0.00045319
  15    0.0007281  -0.00150048
  16    0.0007058  -0.00159565
  17    0.0000022  -0.00016014
  18    0.0001940  -0.00047022
  19    0.0001914  -0.00046919
  20    0.0000003  -0.00000384
  21    0.0001804  -0.00046117
  22    0.0001657  -0.00045269
  23    0.0000003  -0.00000360
  24    0.0000720  -0.00019768
  25    0.0001075  -0.00022652
  26    0.0000003  -0.00000351
  27    0.0000593  -0.00018484
  28    0.0000759  -0.00019867
  29    0.0000002  -0.00000263
  30    0.0000493  -0.00020728
  31    0.0000628  -0.00022063
  32    0.0000002  -0.00000199
  33    0.0000224  -0.00007386
  34    0.0000196  -0.00006935
  35    0.0000002  0.00000040
  36    0.0000194  -0.00005378
  37    0.0000174  -0.00006142
  38    0.0000002  0.00000055
  39    0.0000172  -0.00005226
  40    0.0000156  -0.00005485
  41    0.0000002  0.00000054
  42    0.0000154  -0.00004768
  43    0.0000141  -0.00004952
  44    0.0000002  0.00000061
  45    0.0000064  -0.00004102
  46    0.0000072  -0.00004146
  47    0.0000002  0.00000064
  48    0.0000051  -0.00003754
  49    0.0000071  -0.00003962
  50    0.0000002  0.00000069
  51    0.0000049  -0.00003628
  52    0.0000050  -0.00003458
  53    0.0000002  0.00000064
  54    0.0000035  -0.00001795
  55    0.0000031  -0.00001826
  56    0.0000002  -0.00000913
 
----------------
 Final Energies 
----------------
Final NOF Total Energy =     -74.8662462
 
Total Orbital Internal Iterations = 10
Total Occupation Internal Iterations = 0
 
Elapsed time:   26.50 Seconds

---------------------------------
   Lowdin Population Analysis    
---------------------------------
 Idx  Atom   Population   Charge 
---------------------------------
  1     O     8.000      -0.000

---------------------------------
   M Diagnostic: 0.01
---------------------------------

