Computing Integrals
Basis Set                                            = def2-qzvp
Auxiliary Basis Set                                  = def2-universal-jkfit
Gaussian Type                                        = Spherical
Elapsed time:    1.73 Seconds

Number of basis functions                   (NBF)    = 117
Number of auxiliary basis functions         (NBFAUX) = 113
Inactive Doubly occupied orbitals up to     (NO1)    = 0
No. considered Strongly Doubly occupied MOs (NDOC)   = 5
No. considered Strongly Singly occupied MOs (NSOC)   = 0
NO. of Weakly occ. per St. Doubly occ.  MOs (NCWO)   = 22
Dimension of the Nat. Orb. subspace         (NBF5)   = 115
No. of electrons                                     = 10
    No. of alpha electrons                           = 5
    No. of beta electrons                            = 5
Multiplicity                                         = 1

Geometry
========
 O       0.0000000       0.0000000       0.1169610
 H       0.0000000       0.7635680      -0.4678450
 H       0.0000000      -0.7635680      -0.4678450

Orthonormality violations 7272, Maximum Violation 0.000071
Trying to orthonormalize
No violations of the orthonormality
No violations of the orthonormality
 
PNOF5/ADABelief Calculation
==================
 
  Nitext  Nit_orb  Time   Nit_occ  Time         Eelec          Etot           Ediff      maxdiff    MaxGrad_orb  Grad_occ
     1      10    9.8e+00    0    1.2e+01   -85.33091574   -76.18118467 -10084.33091574   0.000099   3.9e-04   1.3e-04 0.02
 
RESULTS OF THE OCCUPATION OPTIMIZATION
========================================
   1    1.9997776  -20.55729622
   2    1.9801646  -0.90628945
   3    1.9800958  -0.90587836
   4    1.9893979  -0.73116819
   5    1.9892852  -0.72901141
   6    0.0085745  -0.00974699
   7    0.0084915  -0.00970612
   8    0.0161012  -0.01680696
   9    0.0160709  -0.01679067
  10    0.0001855  -0.00685281
  11    0.0008065  -0.00154414
  12    0.0007758  -0.00151220
  13    0.0018855  -0.00292492
  14    0.0018520  -0.00290514
  15    0.0000192  -0.00051330
  16    0.0005145  -0.00105475
  17    0.0004919  -0.00103409
  18    0.0008317  -0.00145331
  19    0.0008305  -0.00145113
  20    0.0000135  -0.00036607
  21    0.0005008  -0.00104301
  22    0.0004782  -0.00102002
  23    0.0008015  -0.00140643
  24    0.0007838  -0.00139007
  25    0.0000021  -0.00015922
  26    0.0000797  -0.00020600
  27    0.0000736  -0.00021462
  28    0.0000618  -0.00019193
  29    0.0000701  -0.00019931
  30    0.0000004  -0.00000303
  31    0.0000694  -0.00020997
  32    0.0000723  -0.00019947
  33    0.0000509  -0.00015993
  34    0.0000540  -0.00016384
  35    0.0000002  -0.00000200
  36    0.0000549  -0.00017528
  37    0.0000640  -0.00018936
  38    0.0000350  -0.00011438
  39    0.0000510  -0.00013443
  40    0.0000002  0.00000003
  41    0.0000416  -0.00015424
  42    0.0000578  -0.00017534
  43    0.0000275  -0.00008966
  44    0.0000318  -0.00009437
  45    0.0000001  0.00000038
  46    0.0000276  -0.00012152
  47    0.0000432  -0.00014782
  48    0.0000244  -0.00008078
  49    0.0000224  -0.00007891
  50    0.0000001  0.00000031
  51    0.0000128  -0.00005634
  52    0.0000129  -0.00005819
  53    0.0000201  -0.00007575
  54    0.0000175  -0.00007216
  55    0.0000001  -0.00000384
  56    0.0000059  -0.00001868
  57    0.0000071  -0.00001553
  58    0.0000158  -0.00006203
  59    0.0000125  -0.00005755
  60    0.0000001  -0.00000101
  61    0.0000041  -0.00001416
  62    0.0000068  -0.00002008
  63    0.0000125  -0.00003670
  64    0.0000093  -0.00003483
  65    0.0000001  -0.00000136
  66    0.0000040  -0.00001290
  67    0.0000047  -0.00001027
  68    0.0000082  -0.00003001
  69    0.0000073  -0.00003029
  70    0.0000001  0.00000005
  71    0.0000037  -0.00001346
  72    0.0000042  -0.00001195
  73    0.0000057  -0.00002389
  74    0.0000050  -0.00002280
  75    0.0000001  0.00000028
  76    0.0000031  -0.00000908
  77    0.0000040  -0.00001403
  78    0.0000049  -0.00001912
  79    0.0000036  -0.00001674
  80    0.0000001  0.00000028
  81    0.0000027  -0.00000658
  82    0.0000032  -0.00001014
  83    0.0000039  -0.00001730
  84    0.0000032  -0.00001672
  85    0.0000001  0.00000027
  86    0.0000021  -0.00000667
  87    0.0000029  -0.00000881
  88    0.0000031  -0.00001237
  89    0.0000025  -0.00001131
  90    0.0000001  0.00000025
  91    0.0000017  -0.00000371
  92    0.0000024  -0.00000687
  93    0.0000028  -0.00001056
  94    0.0000021  -0.00000757
  95    0.0000001  0.00000027
  96    0.0000015  -0.00000136
  97    0.0000017  -0.00000247
  98    0.0000023  -0.00000510
  99    0.0000017  -0.00000491
 100    0.0000001  0.00000021
 101    0.0000014  0.00000022
 102    0.0000014  -0.00000056
 103    0.0000022  -0.00000501
 104    0.0000015  -0.00000361
 105    0.0000001  0.00000012
 106    0.0000012  -0.00000019
 107    0.0000013  -0.00000033
 108    0.0000019  -0.00000283
 109    0.0000015  -0.00000298
 110    0.0000001  0.00000014
 111    0.0000010  0.00000028
 112    0.0000012  0.00000046
 113    0.0000014  -0.00000273
 114    0.0000011  -0.00000255
 115    0.0000001  0.00000016
 
----------------
 Final Energies 
----------------
Final NOF Total Energy =     -76.1811847
 
Total Orbital Internal Iterations = 10
Total Occupation Internal Iterations = 0
 
Elapsed time:   28.77 Seconds

---------------------------------
   Lowdin Population Analysis    
---------------------------------
 Idx  Atom   Population   Charge 
---------------------------------
  1     O     7.354       0.646
  2     H     1.323      -0.323
  3     H     1.323      -0.323

---------------------------------
   M Diagnostic: 0.02
---------------------------------

