Computing Integrals
Basis Set                                            = def2-qzvp
Auxiliary Basis Set                                  = def2-universal-jkfit
Gaussian Type                                        = Spherical
Elapsed time:    2.65 Seconds

Number of basis functions                   (NBF)    = 100
Number of auxiliary basis functions         (NBFAUX) = 146
Inactive Doubly occupied orbitals up to     (NO1)    = 0
No. considered Strongly Doubly occupied MOs (NDOC)   = 9
No. considered Strongly Singly occupied MOs (NSOC)   = 0
NO. of Weakly occ. per St. Doubly occ.  MOs (NCWO)   = 10
Dimension of the Nat. Orb. subspace         (NBF5)   = 99
No. of electrons                                     = 18
    No. of alpha electrons                           = 9
    No. of beta electrons                            = 9
Multiplicity                                         = 1

Geometry
========
Cl       0.0000000       0.0000000       0.6372241
 H       0.0000000       0.0000000      -0.6372241

Orthonormality violations 2664, Maximum Violation 0.000092
Trying to orthonormalize
No violations of the orthonormality
No violations of the orthonormality
 
PNOF8/ADABelief Calculation
==================
 
  Nitext  Nit_orb  Time   Nit_occ  Time         Eelec          Etot           Ediff      maxdiff    MaxGrad_orb  Grad_occ
     1      10    2.1e+01    0    2.5e+01  -467.72477363  -460.66603738 -10466.72477363   0.000099   3.9e-04   1.6e-04 0.02
 
RESULTS OF THE OCCUPATION OPTIMIZATION
========================================
   1    1.9999995  -104.89223236
   2    1.9999606  -10.61753724
   3    1.9990026  -8.07189143
   4    1.9996067  -8.06931228
   5    1.9993518  -8.06882888
   6    1.9847166  -1.11801155
   7    1.9717117  -0.66941058
   8    1.9769557  -0.50021827
   9    1.9692652  -0.49880179
  10    0.0080846  -0.01629055
  11    0.0087350  -0.01787542
  12    0.0186504  -0.03360227
  13    0.0063364  -0.02904654
  14    0.0004756  -0.01083166
  15    0.0003123  -0.00764359
  16    0.0005085  -0.01197752
  17    0.0000301  -0.00053339
  18    0.0000002  -0.00000318
  19    0.0079817  -0.01586056
  20    0.0069711  -0.01956387
  21    0.0070240  -0.01499893
  22    0.0020010  -0.01017229
  23    0.0000728  -0.00089423
  24    0.0000141  -0.00077316
  25    0.0004482  -0.01063094
  26    0.0000051  -0.00024763
  27    0.0000001  -0.00000150
  28    0.0078955  -0.01604130
  29    0.0026690  -0.01019108
  30    0.0007595  -0.00182423
  31    0.0019373  -0.01011627
  32    0.0000720  -0.00300460
  33    0.0000115  -0.00009326
  34    0.0000180  -0.00011713
  35    0.0000023  -0.00024762
  36    0.0000000  -0.00000075
  37    0.0063725  -0.01752847
  38    0.0018382  -0.00829600
  39    0.0005917  -0.00147786
  40    0.0019151  -0.00987915
  41    0.0000118  -0.00009392
  42    0.0000110  -0.00009026
  43    0.0000125  -0.00009954
  44    0.0000017  -0.00001711
  45    0.0000000  -0.00000056
  46    0.0001227  -0.00044292
  47    0.0007332  -0.00195219
  48    0.0005859  -0.00147510
  49    0.0017540  -0.00977373
  50    0.0000084  -0.00008000
  51    0.0000095  -0.00007978
  52    0.0000034  -0.00003970
  53    0.0000001  -0.00000189
  54    0.0000000  -0.00000052
  55    0.0000706  -0.00026285
  56    0.0006673  -0.00171014
  57    0.0002575  -0.00092772
  58    0.0008396  -0.00365471
  59    0.0000043  -0.00008088
  60    0.0000089  -0.00007891
  61    0.0000023  -0.00003176
  62    0.0000000  -0.00000117
  63    0.0000000  -0.00000025
  64    0.0000635  -0.00020349
  65    0.0006561  -0.00168112
  66    0.0001608  -0.00053761
  67    0.0002472  -0.00117299
  68    0.0000021  -0.00007826
  69    0.0000083  -0.00007505
  70    0.0000022  -0.00002994
  71    0.0000000  -0.00000073
  72    0.0000000  -0.00000021
  73    0.0000539  -0.00018259
  74    0.0002668  -0.00104619
  75    0.0001424  -0.00045247
  76    0.0001302  -0.00105368
  77    0.0000005  -0.00000681
  78    0.0000076  -0.00008566
  79    0.0000011  -0.00000943
  80    0.0000000  -0.00000064
  81    0.0000000  -0.00000021
  82    0.0000500  -0.00016329
  83    0.0002629  -0.00097219
  84    0.0000590  -0.00019259
  85    0.0000662  -0.00024298
  86    0.0000003  -0.00000471
  87    0.0000063  -0.00006450
  88    0.0000007  -0.00000787
  89    0.0000000  -0.00000055
  90    0.0000000  -0.00000017
  91    0.0000399  -0.00015284
  92    0.0002448  -0.00104216
  93    0.0000571  -0.00018630
  94    0.0000563  -0.00021411
  95    0.0000002  -0.00000329
  96    0.0000037  -0.00020783
  97    0.0000004  -0.00000640
  98    0.0000000  -0.00000022
  99    0.0000000  -0.00000018
 
----------------
 Final Energies 
----------------
Final NOF Total Energy =    -460.6660374
 
Total Orbital Internal Iterations = 10
Total Occupation Internal Iterations = 0
 
Elapsed time:   63.65 Seconds

---------------------------------
   Lowdin Population Analysis    
---------------------------------
 Idx  Atom   Population   Charge 
---------------------------------
  1    Cl    16.622       0.378
  2     H     1.378      -0.378

---------------------------------
   M Diagnostic: 0.02
---------------------------------

