Computing Integrals
Basis Set                                            = def2-qzvp
Auxiliary Basis Set                                  = def2-universal-jkfit
Gaussian Type                                        = Spherical
Elapsed time:    3.45 Seconds

Number of basis functions                   (NBF)    = 234
Number of auxiliary basis functions         (NBFAUX) = 222
Inactive Doubly occupied orbitals up to     (NO1)    = 0
No. considered Strongly Doubly occupied MOs (NDOC)   = 8
No. considered Strongly Singly occupied MOs (NSOC)   = 0
NO. of Weakly occ. per St. Doubly occ.  MOs (NCWO)   = 28
Dimension of the Nat. Orb. subspace         (NBF5)   = 232
No. of electrons                                     = 16
    No. of alpha electrons                           = 8
    No. of beta electrons                            = 8
Multiplicity                                         = 1

Geometry
========
 C      -0.6634720       0.0000000       0.0000000
 C       0.6634720       0.0000000       0.0000000
 H      -1.2345990      -0.9225180       0.0000000
 H      -1.2345990       0.9225180       0.0000000
 H       1.2345990       0.9225180       0.0000000
 H       1.2345990      -0.9225180       0.0000000

Orthonormality violations 22647, Maximum Violation 0.000083
Trying to orthonormalize
No violations of the orthonormality
No violations of the orthonormality
 
PNOF8/ADABelief Calculation
==================
 
  Nitext  Nit_orb  Time   Nit_occ  Time         Eelec          Etot           Ediff      maxdiff    MaxGrad_orb  Grad_occ
     1      10    2.2e+01    0    2.5e+01  -111.91587702   -78.49047599 -10110.91587702   0.000099   4.0e-04   2.3e-04 0.03
 
RESULTS OF THE OCCUPATION OPTIMIZATION
========================================
   1    1.9999537  -11.23770353
   2    1.9999531  -11.23717817
   3    1.9787517  -0.90102610
   4    1.9761674  -0.70225039
   5    1.9742430  -0.69133888
   6    1.9740501  -0.68935756
   7    1.9739951  -0.68697539
   8    1.9628218  -0.40577826
   9    0.0313588  -0.03288319
  10    0.0150656  -0.02088064
  11    0.0149885  -0.02087291
  12    0.0150341  -0.02094319
  13    0.0148774  -0.02107093
  14    0.0127138  -0.02459957
  15    0.0000384  -0.00083414
  16    0.0000372  -0.00081675
  17    0.0049162  -0.00677040
  18    0.0041005  -0.00669576
  19    0.0044244  -0.00715110
  20    0.0041788  -0.00678216
  21    0.0028215  -0.00490354
  22    0.0048131  -0.01009299
  23    0.0000032  -0.00007843
  24    0.0000033  -0.00008241
  25    0.0007001  -0.00131561
  26    0.0029001  -0.00490640
  27    0.0028236  -0.00484415
  28    0.0028372  -0.00486574
  29    0.0019966  -0.00394526
  30    0.0010119  -0.00543292
  31    0.0000020  -0.00001419
  32    0.0000022  -0.00001628
  33    0.0001111  -0.00026827
  34    0.0017749  -0.00376493
  35    0.0013305  -0.00325165
  36    0.0013496  -0.00323752
  37    0.0013302  -0.00441643
  38    0.0009044  -0.00255866
  39    0.0000020  -0.00001643
  40    0.0000019  -0.00000992
  41    0.0000328  -0.00011336
  42    0.0005867  -0.00150934
  43    0.0008093  -0.00222673
  44    0.0007551  -0.00196732
  45    0.0011079  -0.00257626
  46    0.0007782  -0.00212359
  47    0.0000010  -0.00005259
  48    0.0000012  -0.00005179
  49    0.0000168  -0.00005498
  50    0.0004126  -0.00130461
  51    0.0003412  -0.00083246
  52    0.0004235  -0.00132719
  53    0.0005851  -0.00156958
  54    0.0002749  -0.00145793
  55    0.0000001  -0.00000112
  56    0.0000002  -0.00000188
  57    0.0000098  -0.00003381
  58    0.0003327  -0.00081009
  59    0.0002757  -0.00077573
  60    0.0003168  -0.00079703
  61    0.0003405  -0.00084223
  62    0.0001673  -0.00052740
  63    0.0000001  -0.00000094
  64    0.0000001  -0.00000102
  65    0.0000084  -0.00003113
  66    0.0001979  -0.00060544
  67    0.0002590  -0.00063781
  68    0.0002908  -0.00079923
  69    0.0001746  -0.00044289
  70    0.0001093  -0.00040650
  71    0.0000000  -0.00000060
  72    0.0000000  -0.00000069
  73    0.0000048  -0.00001534
  74    0.0001813  -0.00044255
  75    0.0001996  -0.00056584
  76    0.0001203  -0.00036802
  77    0.0001357  -0.00058425
  78    0.0000992  -0.00034018
  79    0.0000000  -0.00000043
  80    0.0000000  -0.00000062
  81    0.0000040  -0.00000863
  82    0.0000822  -0.00024238
  83    0.0001185  -0.00035371
  84    0.0000909  -0.00029283
  85    0.0001072  -0.00036283
  86    0.0000816  -0.00026756
  87    0.0000000  -0.00000044
  88    0.0000000  -0.00000052
  89    0.0000028  -0.00000579
  90    0.0000791  -0.00023470
  91    0.0000866  -0.00025980
  92    0.0000771  -0.00024740
  93    0.0000799  -0.00025367
  94    0.0000501  -0.00017881
  95    0.0000000  -0.00000033
  96    0.0000000  -0.00000039
  97    0.0000023  -0.00000504
  98    0.0000568  -0.00018353
  99    0.0000705  -0.00022995
 100    0.0000555  -0.00017207
 101    0.0000692  -0.00022217
 102    0.0000454  -0.00017200
 103    0.0000000  -0.00000027
 104    0.0000000  -0.00000033
 105    0.0000013  -0.00000389
 106    0.0000426  -0.00016121
 107    0.0000554  -0.00017370
 108    0.0000485  -0.00015585
 109    0.0000527  -0.00018173
 110    0.0000362  -0.00014648
 111    0.0000000  -0.00000026
 112    0.0000000  -0.00000028
 113    0.0000011  -0.00000346
 114    0.0000373  -0.00013532
 115    0.0000368  -0.00013050
 116    0.0000388  -0.00013043
 117    0.0000300  -0.00012419
 118    0.0000326  -0.00012592
 119    0.0000000  -0.00000017
 120    0.0000000  -0.00000028
 121    0.0000010  -0.00000326
 122    0.0000350  -0.00012692
 123    0.0000236  -0.00010009
 124    0.0000285  -0.00012321
 125    0.0000225  -0.00009545
 126    0.0000258  -0.00009504
 127    0.0000000  -0.00000017
 128    0.0000000  -0.00000027
 129    0.0000010  -0.00000327
 130    0.0000266  -0.00009660
 131    0.0000207  -0.00008291
 132    0.0000246  -0.00010125
 133    0.0000197  -0.00008091
 134    0.0000144  -0.00005772
 135    0.0000000  -0.00000014
 136    0.0000000  -0.00000025
 137    0.0000009  -0.00000306
 138    0.0000171  -0.00007506
 139    0.0000161  -0.00006900
 140    0.0000201  -0.00007626
 141    0.0000150  -0.00005903
 142    0.0000119  -0.00005484
 143    0.0000000  -0.00000013
 144    0.0000000  -0.00000024
 145    0.0000007  -0.00000278
 146    0.0000149  -0.00005649
 147    0.0000128  -0.00005014
 148    0.0000141  -0.00005881
 149    0.0000139  -0.00005473
 150    0.0000115  -0.00005644
 151    0.0000000  -0.00000011
 152    0.0000000  -0.00000020
 153    0.0000006  -0.00000279
 154    0.0000106  -0.00004301
 155    0.0000110  -0.00003572
 156    0.0000133  -0.00005510
 157    0.0000125  -0.00004985
 158    0.0000105  -0.00004636
 159    0.0000000  -0.00000009
 160    0.0000000  -0.00000019
 161    0.0000006  -0.00000232
 162    0.0000091  -0.00003875
 163    0.0000106  -0.00004533
 164    0.0000083  -0.00003781
 165    0.0000094  -0.00003824
 166    0.0000087  -0.00004383
 167    0.0000000  -0.00000008
 168    0.0000000  -0.00000019
 169    0.0000005  -0.00000188
 170    0.0000082  -0.00003452
 171    0.0000091  -0.00003555
 172    0.0000066  -0.00002802
 173    0.0000065  -0.00003149
 174    0.0000081  -0.00003834
 175    0.0000000  -0.00000008
 176    0.0000000  -0.00000018
 177    0.0000005  -0.00000186
 178    0.0000074  -0.00003571
 179    0.0000058  -0.00002789
 180    0.0000054  -0.00002593
 181    0.0000051  -0.00002607
 182    0.0000073  -0.00003403
 183    0.0000000  -0.00000006
 184    0.0000000  -0.00000017
 185    0.0000004  -0.00000181
 186    0.0000063  -0.00003064
 187    0.0000046  -0.00001619
 188    0.0000047  -0.00001649
 189    0.0000047  -0.00001805
 190    0.0000072  -0.00003517
 191    0.0000000  -0.00000008
 192    0.0000000  -0.00000018
 193    0.0000004  -0.00000179
 194    0.0000053  -0.00002011
 195    0.0000044  -0.00001654
 196    0.0000037  -0.00001240
 197    0.0000039  -0.00001394
 198    0.0000064  -0.00002933
 199    0.0000000  -0.00000006
 200    0.0000000  -0.00000017
 201    0.0000004  -0.00000188
 202    0.0000046  -0.00001693
 203    0.0000035  -0.00001165
 204    0.0000031  -0.00000843
 205    0.0000037  -0.00001221
 206    0.0000054  -0.00002631
 207    0.0000000  -0.00000007
 208    0.0000000  -0.00000018
 209    0.0000004  -0.00000154
 210    0.0000040  -0.00001363
 211    0.0000032  -0.00000846
 212    0.0000029  -0.00000927
 213    0.0000028  -0.00000742
 214    0.0000047  -0.00002230
 215    0.0000000  -0.00000005
 216    0.0000000  -0.00000017
 217    0.0000003  -0.00000152
 218    0.0000032  -0.00000892
 219    0.0000026  -0.00000665
 220    0.0000024  -0.00000631
 221    0.0000024  -0.00000751
 222    0.0000044  -0.00001989
 223    0.0000000  -0.00000006
 224    0.0000000  -0.00000013
 225    0.0000003  -0.00000139
 226    0.0000021  -0.00000495
 227    0.0000021  -0.00000594
 228    0.0000021  -0.00000555
 229    0.0000021  -0.00000664
 230    0.0000041  -0.00001789
 231    0.0000000  -0.00000006
 232    0.0000000  -0.00000011
 
----------------
 Final Energies 
----------------
Final NOF Total Energy =     -78.4904760
 
Total Orbital Internal Iterations = 10
Total Occupation Internal Iterations = 0
 
Elapsed time:   65.52 Seconds

---------------------------------
   Lowdin Population Analysis    
---------------------------------
 Idx  Atom   Population   Charge 
---------------------------------
  1     C     5.832       0.168
  2     C     5.832       0.168
  3     H     1.084      -0.084
  4     H     1.084      -0.084
  5     H     1.084      -0.084
  6     H     1.084      -0.084

---------------------------------
   M Diagnostic: 0.03
---------------------------------

