Computing Integrals
Basis Set                                            = def2-qzvp
Auxiliary Basis Set                                  = def2-universal-jkfit
Gaussian Type                                        = Spherical
Elapsed time:    1.74 Seconds

Number of basis functions                   (NBF)    = 130
Number of auxiliary basis functions         (NBFAUX) = 164
Inactive Doubly occupied orbitals up to     (NO1)    = 0
No. considered Strongly Doubly occupied MOs (NDOC)   = 9
No. considered Strongly Singly occupied MOs (NSOC)   = 0
NO. of Weakly occ. per St. Doubly occ.  MOs (NCWO)   = 13
Dimension of the Nat. Orb. subspace         (NBF5)   = 126
No. of electrons                                     = 18
    No. of alpha electrons                           = 9
    No. of beta electrons                            = 9
Multiplicity                                         = 1

Geometry
========
 S       0.0000000       0.0000000      -0.6214606
 H       0.9696567       0.0000000       0.3107303
 H      -0.9696567       0.0000000       0.3107303

Orthonormality violations 3658, Maximum Violation 0.000038
Trying to orthonormalize
No violations of the orthonormality
No violations of the orthonormality
 
PNOF8/ADABelief Calculation
==================
 
  Nitext  Nit_orb  Time   Nit_occ  Time         Eelec          Etot           Ediff      maxdiff    MaxGrad_orb  Grad_occ
     1      10    1.0e+01    0    1.2e+01  -412.10490625  -399.24263228 -10411.10490625   0.000098   3.9e-04   1.3e-04 0.02
 
RESULTS OF THE OCCUPATION OPTIMIZATION
========================================
   1    1.9999994  -92.01857181
   2    1.9997037  -8.92654189
   3    1.9993594  -6.73410166
   4    1.9994922  -6.68046543
   5    1.9992099  -6.67238794
   6    1.9827764  -0.95571822
   7    1.9708443  -0.58690932
   8    1.9764504  -0.58398666
   9    1.9700832  -0.40434858
  10    0.0080373  -0.01731727
  11    0.0137768  -0.02916224
  12    0.0181087  -0.03052251
  13    0.0058001  -0.02482576
  14    0.0007133  -0.01157457
  15    0.0004437  -0.00764494
  16    0.0005802  -0.01081518
  17    0.0002823  -0.00610969
  18    0.0000005  -0.00000522
  19    0.0074092  -0.01395499
  20    0.0025294  -0.01037484
  21    0.0069774  -0.01221002
  22    0.0040022  -0.01355320
  23    0.0000742  -0.00266837
  24    0.0000163  -0.00076247
  25    0.0000290  -0.00046311
  26    0.0000045  -0.00029984
  27    0.0000001  -0.00000059
  28    0.0070854  -0.01248729
  29    0.0019817  -0.00794479
  30    0.0012586  -0.00303197
  31    0.0022643  -0.01127791
  32    0.0000006  -0.00000830
  33    0.0000130  -0.00008642
  34    0.0000126  -0.00008465
  35    0.0000029  -0.00004192
  36    0.0000000  -0.00000038
  37    0.0068059  -0.01446531
  38    0.0019693  -0.00801209
  39    0.0008068  -0.00171668
  40    0.0019030  -0.00889641
  41    0.0000003  -0.00000307
  42    0.0000112  -0.00007573
  43    0.0000063  -0.00005946
  44    0.0000015  -0.00004280
  45    0.0000000  -0.00000036
  46    0.0001764  -0.00048149
  47    0.0011709  -0.00372451
  48    0.0006950  -0.00155388
  49    0.0016170  -0.00972364
  50    0.0000002  -0.00000244
  51    0.0000055  -0.00005759
  52    0.0000049  -0.00005081
  53    0.0000009  -0.00001024
  54    0.0000000  -0.00000010
  55    0.0000919  -0.00029665
  56    0.0008471  -0.00211838
  57    0.0004904  -0.00104760
  58    0.0004992  -0.00166792
  59    0.0000002  -0.00000192
  60    0.0000042  -0.00004633
  61    0.0000033  -0.00011021
  62    0.0000008  -0.00001078
  63    0.0000000  -0.00000006
  64    0.0000718  -0.00021835
  65    0.0006830  -0.00174009
  66    0.0002546  -0.00072608
  67    0.0002654  -0.00100110
  68    0.0000002  -0.00000172
  69    0.0000038  -0.00031346
  70    0.0000024  -0.00003461
  71    0.0000007  -0.00000918
  72    0.0000000  -0.00000005
  73    0.0000543  -0.00019910
  74    0.0002298  -0.00075718
  75    0.0002113  -0.00059804
  76    0.0002636  -0.00108617
  77    0.0000002  -0.00000152
  78    0.0000030  -0.00003856
  79    0.0000006  -0.00000787
  80    0.0000006  -0.00000788
  81    0.0000000  -0.00000004
  82    0.0000458  -0.00013716
  83    0.0001234  -0.00044978
  84    0.0001447  -0.00042224
  85    0.0002386  -0.00083579
  86    0.0000002  -0.00000153
  87    0.0000025  -0.00003300
  88    0.0000003  -0.00000356
  89    0.0000005  -0.00000602
  90    0.0000000  -0.00000004
  91    0.0000395  -0.00011781
  92    0.0000726  -0.00022310
  93    0.0000745  -0.00020697
  94    0.0001453  -0.00094737
  95    0.0000002  -0.00000117
  96    0.0000016  -0.00004379
  97    0.0000003  -0.00000308
  98    0.0000005  -0.00000507
  99    0.0000000  -0.00000004
 100    0.0000349  -0.00010405
 101    0.0000656  -0.00019435
 102    0.0000574  -0.00015960
 103    0.0001270  -0.00054723
 104    0.0000002  -0.00000118
 105    0.0000013  -0.00002067
 106    0.0000002  -0.00000241
 107    0.0000004  -0.00000480
 108    0.0000000  -0.00000003
 109    0.0000340  -0.00010128
 110    0.0000609  -0.00019100
 111    0.0000424  -0.00011808
 112    0.0000592  -0.00020571
 113    0.0000002  -0.00000099
 114    0.0000009  -0.00001137
 115    0.0000002  -0.00000171
 116    0.0000004  -0.00000397
 117    0.0000000  -0.00000002
 118    0.0000306  -0.00009355
 119    0.0000391  -0.00011572
 120    0.0000337  -0.00009094
 121    0.0000386  -0.00013490
 122    0.0000001  -0.00000081
 123    0.0000007  -0.00000919
 124    0.0000002  -0.00000152
 125    0.0000003  -0.00000353
 126    0.0000000  -0.00000002
 
----------------
 Final Energies 
----------------
Final NOF Total Energy =    -399.2426323
 
Total Orbital Internal Iterations = 10
Total Occupation Internal Iterations = 0
 
Elapsed time:   29.13 Seconds

---------------------------------
   Lowdin Population Analysis    
---------------------------------
 Idx  Atom   Population   Charge 
---------------------------------
  1     S    15.506       0.494
  2     H     1.248      -0.248
  3     H     1.246      -0.246

---------------------------------
   M Diagnostic: 0.02
---------------------------------

