Computing Integrals
Basis Set                                            = def2-qzvp
Auxiliary Basis Set                                  = def2-universal-jkfit
Gaussian Type                                        = Spherical
Elapsed time:    1.63 Seconds

Number of basis functions                   (NBF)    = 130
Number of auxiliary basis functions         (NBFAUX) = 164
Inactive Doubly occupied orbitals up to     (NO1)    = 0
No. considered Strongly Doubly occupied MOs (NDOC)   = 8
No. considered Strongly Singly occupied MOs (NSOC)   = 0
NO. of Weakly occ. per St. Doubly occ.  MOs (NCWO)   = 15
Dimension of the Nat. Orb. subspace         (NBF5)   = 128
No. of electrons                                     = 16
    No. of alpha electrons                           = 8
    No. of beta electrons                            = 8
Multiplicity                                         = 1

Geometry
========
 S       0.0000000       0.0000000      -0.6478378
 H       1.0565968       0.0000000       0.3239189
 H      -1.0565968       0.0000000       0.3239189

Orthonormality violations 4416, Maximum Violation 0.000064
Trying to orthonormalize
No violations of the orthonormality
No violations of the orthonormality
 
PNOF8/ADABelief Calculation
==================
 
  Nitext  Nit_orb  Time   Nit_occ  Time         Eelec          Etot           Ediff      maxdiff    MaxGrad_orb  Grad_occ
     1      10    1.0e+01    0    1.2e+01  -410.13169873  -398.08508704 -10409.13169873   0.000099   4.0e-04   1.7e-04 0.02
 
RESULTS OF THE OCCUPATION OPTIMIZATION
========================================
   1    1.9999995  -92.87412003
   2    1.9999310  -9.84288327
   3    1.9986172  -7.51591677
   4    1.9987605  -7.51132024
   5    1.9986515  -7.50992124
   6    1.9776847  -1.59240619
   7    1.9749458  -1.27866425
   8    1.9708615  -1.25483421
   9    0.0126544  -0.03091350
  10    0.0118422  -0.03137258
  11    0.0126404  -0.03499195
  12    0.0008389  -0.01323932
  13    0.0009738  -0.01513082
  14    0.0007687  -0.01200903
  15    0.0000605  -0.00214535
  16    0.0000004  -0.00000320
  17    0.0061174  -0.01480818
  18    0.0041212  -0.01204313
  19    0.0049618  -0.02360421
  20    0.0004853  -0.00744072
  21    0.0001428  -0.00178932
  22    0.0004692  -0.00732712
  23    0.0000040  -0.00034195
  24    0.0000000  -0.00000034
  25    0.0048064  -0.01374900
  26    0.0040137  -0.01341034
  27    0.0019252  -0.00973332
  28    0.0000120  -0.00067912
  29    0.0000928  -0.00111809
  30    0.0001320  -0.00267563
  31    0.0000016  -0.00002170
  32    0.0000000  -0.00000014
  33    0.0044005  -0.01169227
  34    0.0019993  -0.00853429
  35    0.0013758  -0.00663731
  36    0.0000033  -0.00008941
  37    0.0000242  -0.00034719
  38    0.0000030  -0.00022227
  39    0.0000014  -0.00002476
  40    0.0000000  -0.00000010
  41    0.0003637  -0.00108764
  42    0.0014771  -0.00644252
  43    0.0005524  -0.00228138
  44    0.0000025  -0.00002889
  45    0.0000020  -0.00002415
  46    0.0000024  -0.00002769
  47    0.0000012  -0.00001635
  48    0.0000000  -0.00000008
  49    0.0003070  -0.00089963
  50    0.0006766  -0.00211133
  51    0.0002714  -0.00126252
  52    0.0000018  -0.00002434
  53    0.0000013  -0.00001883
  54    0.0000020  -0.00002534
  55    0.0000001  -0.00000064
  56    0.0000000  -0.00000007
  57    0.0001258  -0.00040003
  58    0.0003068  -0.00092052
  59    0.0001925  -0.00079636
  60    0.0000012  -0.00001643
  61    0.0000007  -0.00001040
  62    0.0000017  -0.00002249
  63    0.0000000  -0.00000039
  64    0.0000000  -0.00000005
  65    0.0001150  -0.00039262
  66    0.0002475  -0.00075629
  67    0.0001259  -0.00049356
  68    0.0000006  -0.00000665
  69    0.0000006  -0.00000675
  70    0.0000009  -0.00001179
  71    0.0000000  -0.00000028
  72    0.0000000  -0.00000005
  73    0.0000670  -0.00024094
  74    0.0001183  -0.00042565
  75    0.0000982  -0.00045562
  76    0.0000006  -0.00000611
  77    0.0000004  -0.00000296
  78    0.0000006  -0.00000995
  79    0.0000000  -0.00000024
  80    0.0000000  -0.00000003
  81    0.0000586  -0.00022693
  82    0.0000757  -0.00030117
  83    0.0000410  -0.00017091
  84    0.0000005  -0.00000532
  85    0.0000002  -0.00000178
  86    0.0000006  -0.00000588
  87    0.0000000  -0.00000020
  88    0.0000000  -0.00000002
  89    0.0000445  -0.00019595
  90    0.0000617  -0.00024498
  91    0.0000344  -0.00014409
  92    0.0000004  -0.00000451
  93    0.0000002  -0.00000146
  94    0.0000004  -0.00000467
  95    0.0000000  -0.00000020
  96    0.0000000  -0.00000001
  97    0.0000250  -0.00008229
  98    0.0000380  -0.00012281
  99    0.0000317  -0.00012424
 100    0.0000004  -0.00000295
 101    0.0000002  -0.00000127
 102    0.0000004  -0.00000298
 103    0.0000000  -0.00000016
 104    0.0000000  -0.00000003
 105    0.0000222  -0.00007188
 106    0.0000344  -0.00012697
 107    0.0000245  -0.00009238
 108    0.0000004  -0.00000282
 109    0.0000002  -0.00000120
 110    0.0000003  -0.00000226
 111    0.0000000  -0.00000012
 112    0.0000000  -0.00000001
 113    0.0000159  -0.00005682
 114    0.0000253  -0.00008808
 115    0.0000220  -0.00008225
 116    0.0000003  -0.00000255
 117    0.0000001  -0.00000096
 118    0.0000003  -0.00000185
 119    0.0000000  -0.00000008
 120    0.0000000  -0.00000003
 121    0.0000151  -0.00005337
 122    0.0000164  -0.00005284
 123    0.0000179  -0.00006645
 124    0.0000003  -0.00000207
 125    0.0000001  -0.00000083
 126    0.0000003  -0.00000181
 127    0.0000000  -0.00000007
 128    0.0000000  -0.00000001
 
----------------
 Final Energies 
----------------
Final NOF Total Energy =    -398.0850870
 
Total Orbital Internal Iterations = 10
Total Occupation Internal Iterations = 0
 
Elapsed time:   29.00 Seconds

---------------------------------
   Lowdin Population Analysis    
---------------------------------
 Idx  Atom   Population   Charge 
---------------------------------
  1     S    14.065       1.935
  2     H     0.968       0.032
  3     H     0.967       0.033

---------------------------------
   M Diagnostic: 0.02
---------------------------------

