Computing Integrals
Basis Set                                            = def2-qzvp
Auxiliary Basis Set                                  = def2-universal-jkfit
Gaussian Type                                        = Spherical
Elapsed time:    2.50 Seconds

Number of basis functions                   (NBF)    = 140
Number of auxiliary basis functions         (NBFAUX) = 256
Inactive Doubly occupied orbitals up to     (NO1)    = 0
No. considered Strongly Doubly occupied MOs (NDOC)   = 17
No. considered Strongly Singly occupied MOs (NSOC)   = 1
NO. of Weakly occ. per St. Doubly occ.  MOs (NCWO)   = 7
Dimension of the Nat. Orb. subspace         (NBF5)   = 137
No. of electrons                                     = 35
    No. of alpha electrons                           = 18
    No. of beta electrons                            = 17
Multiplicity                                         = 2

Geometry
========
Cl       0.0000000       0.0000000       1.3665047
Cl       0.0000000       0.0000000      -1.3665047

Orthonormality violations 505, Maximum Violation 0.000025
Trying to orthonormalize
No violations of the orthonormality
No violations of the orthonormality
 
PNOF8/ADABelief Calculation
==================
 
  Nitext  Nit_orb  Time   Nit_occ  Time         Eelec          Etot           Ediff      maxdiff    MaxGrad_orb  Grad_occ
     1      10    1.0e+01    0    1.2e+01  -976.07928800  -920.12196113 -10975.07928800   0.000100   4.0e-04   1.1e-04 0.02
 
RESULTS OF THE OCCUPATION OPTIMIZATION
========================================
   1    1.9999988  -104.66408050
   2    1.9999984  -104.65926017
   3    1.9999355  -10.36216055
   4    1.9998712  -10.35715926
   5    1.9992440  -7.82602554
   6    1.9990235  -7.82458652
   7    1.9992998  -7.82416129
   8    1.9992028  -7.82189391
   9    1.9989905  -7.82025139
  10    1.9992988  -7.82019753
  11    1.9828480  -0.82959003
  12    1.9817885  -0.81717044
  13    1.9778405  -0.29006603
  14    1.9770474  -0.25954366
  15    1.9759849  -0.25881458
  16    1.9684156  -0.25796445
  17    1.9688470  -0.25381838
  18    1.0000000  -0.12201901
  19    0.0081770  -0.01515707
  20    0.0082740  -0.01521609
  21    0.0102460  -0.01787430
  22    0.0090627  -0.01730694
  23    0.0090399  -0.02352142
  24    0.0074075  -0.02592961
  25    0.0059245  -0.02478380
  26    0.0006138  -0.01351912
  27    0.0004504  -0.01055735
  28    0.0004777  -0.01091725
  29    0.0005510  -0.01242437
  30    0.0004701  -0.01084616
  31    0.0004923  -0.01110621
  32    0.0000627  -0.00065992
  33    0.0000497  -0.00080145
  34    0.0000004  -0.00001845
  35    0.0000009  -0.00003485
  36    0.0081091  -0.01495538
  37    0.0081749  -0.01490186
  38    0.0087978  -0.02054776
  39    0.0081223  -0.02063950
  40    0.0074968  -0.01767335
  41    0.0065850  -0.01835518
  42    0.0037739  -0.01790773
  43    0.0000164  -0.00014590
  44    0.0004293  -0.01018918
  45    0.0000838  -0.00094564
  46    0.0000826  -0.00105196
  47    0.0003741  -0.00920011
  48    0.0000824  -0.00083044
  49    0.0000151  -0.00016871
  50    0.0000047  -0.00006161
  51    0.0000002  -0.00001431
  52    0.0000001  -0.00000793
  53    0.0076246  -0.01414370
  54    0.0076645  -0.01407072
  55    0.0022022  -0.00907600
  56    0.0021735  -0.00932222
  57    0.0021804  -0.00943691
  58    0.0020146  -0.00983141
  59    0.0018453  -0.00997420
  60    0.0000159  -0.00014413
  61    0.0000793  -0.00105266
  62    0.0000780  -0.00331907
  63    0.0000170  -0.00014779
  64    0.0000836  -0.00111139
  65    0.0000773  -0.00298799
  66    0.0000147  -0.00075311
  67    0.0000039  -0.00005545
  68    0.0000002  -0.00001384
  69    0.0000001  -0.00000604
  70    0.0063333  -0.01589764
  71    0.0069686  -0.01646911
  72    0.0007153  -0.00158702
  73    0.0020068  -0.00853823
  74    0.0019943  -0.00923983
  75    0.0005740  -0.00157871
  76    0.0018253  -0.00995848
  77    0.0000152  -0.00013535
  78    0.0000142  -0.00032078
  79    0.0000725  -0.00085617
  80    0.0000140  -0.00013093
  81    0.0000140  -0.00014493
  82    0.0000648  -0.00087836
  83    0.0000109  -0.00014127
  84    0.0000032  -0.00061222
  85    0.0000002  -0.00001256
  86    0.0000001  -0.00000441
  87    0.0004532  -0.00120214
  88    0.0002394  -0.00100632
  89    0.0007121  -0.00159029
  90    0.0006563  -0.00157888
  91    0.0006180  -0.00150120
  92    0.0005606  -0.00165388
  93    0.0017194  -0.00957332
  94    0.0000150  -0.00013462
  95    0.0000138  -0.00028782
  96    0.0000683  -0.00081362
  97    0.0000129  -0.00012318
  98    0.0000131  -0.00032634
  99    0.0000156  -0.00014385
 100    0.0000102  -0.00009357
 101    0.0000029  -0.00058107
 102    0.0000002  -0.00001150
 103    0.0000000  -0.00000071
 104    0.0002372  -0.00096620
 105    0.0002078  -0.00087447
 106    0.0006787  -0.00152000
 107    0.0006391  -0.00152650
 108    0.0005308  -0.00137184
 109    0.0005382  -0.00151812
 110    0.0016119  -0.00940993
 111    0.0000128  -0.00012243
 112    0.0000131  -0.00028244
 113    0.0000096  -0.00008643
 114    0.0000124  -0.00011458
 115    0.0000124  -0.00052339
 116    0.0000126  -0.00012223
 117    0.0000092  -0.00008950
 118    0.0000001  -0.00000767
 119    0.0000002  -0.00001123
 120    0.0000000  -0.00000066
 121    0.0002186  -0.00092747
 122    0.0000552  -0.00018133
 123    0.0006630  -0.00147206
 124    0.0002918  -0.00125918
 125    0.0002993  -0.00130127
 126    0.0005316  -0.00151786
 127    0.0004517  -0.00147726
 128    0.0000120  -0.00011278
 129    0.0000094  -0.00008495
 130    0.0000072  -0.00007476
 131    0.0000105  -0.00009302
 132    0.0000091  -0.00008539
 133    0.0000111  -0.00011546
 134    0.0000060  -0.00006925
 135    0.0000001  -0.00000652
 136    0.0000002  -0.00001017
 137    0.0000000  -0.00000050
 
----------------
 Final Energies 
----------------
Final NOF Total Energy =    -920.1219611
 
Total Orbital Internal Iterations = 10
Total Occupation Internal Iterations = 0
 
Elapsed time:   30.06 Seconds

---------------------------------
   Lowdin Population Analysis    
---------------------------------
 Idx  Atom   Population   Charge 
---------------------------------
  1    Cl    17.510      -0.510
  2    Cl    17.490      -0.490

---------------------------------
   M Diagnostic: 0.02
---------------------------------

