Computing Integrals
Basis Set                                            = def2-qzvp
Auxiliary Basis Set                                  = def2-universal-jkfit
Gaussian Type                                        = Spherical
Elapsed time:    1.65 Seconds

Number of basis functions                   (NBF)    = 100
Number of auxiliary basis functions         (NBFAUX) = 146
Inactive Doubly occupied orbitals up to     (NO1)    = 0
No. considered Strongly Doubly occupied MOs (NDOC)   = 7
No. considered Strongly Singly occupied MOs (NSOC)   = 2
NO. of Weakly occ. per St. Doubly occ.  MOs (NCWO)   = 13
Dimension of the Nat. Orb. subspace         (NBF5)   = 100
No. of electrons                                     = 16
    No. of alpha electrons                           = 9
    No. of beta electrons                            = 7
Multiplicity                                         = 3

Geometry
========
Si       0.0000000       0.0000000       0.7829904
 H       0.0000000       0.0000000      -0.7829904

Orthonormality violations 161, Maximum Violation 0.000013
Trying to orthonormalize
No violations of the orthonormality
No violations of the orthonormality
 
PNOF8/ADABelief Calculation
==================
 
  Nitext  Nit_orb  Time   Nit_occ  Time         Eelec          Etot           Ediff      maxdiff    MaxGrad_orb  Grad_occ
     1      10    9.6e+00    0    1.2e+01  -294.53911741  -289.80823836 -10293.53911741   0.000100   4.0e-04   2.0e-04 0.03
 
RESULTS OF THE OCCUPATION OPTIMIZATION
========================================
   1    1.9999992  -68.59540892
   2    1.9997864  -5.90672254
   3    1.9975025  -4.01119001
   4    1.9956476  -4.00656854
   5    1.9953501  -4.00517923
   6    1.9745770  -0.28800546
   7    1.9610108  -0.26670281
   8    1.0000000  -0.03113203
   9    1.0000000  -0.03101314
  10    0.0203976  -0.02140800
  11    0.0068925  -0.01981142
  12    0.0015723  -0.00993922
  13    0.0018398  -0.01222521
  14    0.0023083  -0.01705054
  15    0.0001746  -0.00333195
  16    0.0000006  -0.00000509
  17    0.0060026  -0.00603955
  18    0.0059879  -0.01686088
  19    0.0015254  -0.00931410
  20    0.0015261  -0.00932028
  21    0.0000735  -0.00037941
  22    0.0000235  -0.00059955
  23    0.0000001  -0.00000109
  24    0.0052283  -0.00520329
  25    0.0059146  -0.01671677
  26    0.0007057  -0.00568781
  27    0.0008682  -0.00986616
  28    0.0000515  -0.00028449
  29    0.0000050  -0.00028669
  30    0.0000000  -0.00000047
  31    0.0051372  -0.00512911
  32    0.0026773  -0.00770356
  33    0.0006920  -0.00561102
  34    0.0000228  -0.00018212
  35    0.0000199  -0.00049001
  36    0.0000033  -0.00002660
  37    0.0000000  -0.00000032
  38    0.0006812  -0.00090024
  39    0.0010607  -0.00274086
  40    0.0000934  -0.00181129
  41    0.0000182  -0.00010696
  42    0.0000088  -0.00004778
  43    0.0000020  -0.00001651
  44    0.0000000  -0.00000021
  45    0.0002862  -0.00041394
  46    0.0010356  -0.00193207
  47    0.0000167  -0.00009706
  48    0.0000160  -0.00009563
  49    0.0000076  -0.00004418
  50    0.0000014  -0.00001235
  51    0.0000000  -0.00000012
  52    0.0002806  -0.00040305
  53    0.0006162  -0.00130679
  54    0.0000094  -0.00005740
  55    0.0000109  -0.00006329
  56    0.0000065  -0.00003706
  57    0.0000010  -0.00000906
  58    0.0000000  -0.00000013
  59    0.0002604  -0.00039517
  60    0.0004473  -0.00093991
  61    0.0000088  -0.00004961
  62    0.0000102  -0.00006132
  63    0.0000055  -0.00022971
  64    0.0000008  -0.00000788
  65    0.0000000  -0.00000011
  66    0.0001615  -0.00029063
  67    0.0002112  -0.00042920
  68    0.0000083  -0.00004614
  69    0.0000097  -0.00005423
  70    0.0000047  -0.00005477
  71    0.0000006  -0.00000489
  72    0.0000000  -0.00000012
  73    0.0001527  -0.00026773
  74    0.0001829  -0.00041122
  75    0.0000070  -0.00003988
  76    0.0000091  -0.00004946
  77    0.0000041  -0.00003000
  78    0.0000005  -0.00000423
  79    0.0000000  -0.00000011
  80    0.0001517  -0.00026263
  81    0.0001512  -0.00034804
  82    0.0000064  -0.00007952
  83    0.0000084  -0.00004648
  84    0.0000030  -0.00002842
  85    0.0000004  -0.00000299
  86    0.0000000  -0.00000004
  87    0.0001473  -0.00025677
  88    0.0001446  -0.00034149
  89    0.0000033  -0.00003969
  90    0.0000076  -0.00004136
  91    0.0000023  -0.00003626
  92    0.0000003  -0.00000278
  93    0.0000000  -0.00000004
  94    0.0001016  -0.00022503
  95    0.0001012  -0.00028386
  96    0.0000013  -0.00001088
  97    0.0000053  -0.00005807
  98    0.0000018  -0.00001699
  99    0.0000003  -0.00000268
 100    0.0000000  -0.00000004
 
----------------
 Final Energies 
----------------
Final NOF Total Energy =    -289.8082384
 
Total Orbital Internal Iterations = 10
Total Occupation Internal Iterations = 0
 
Elapsed time:   28.47 Seconds

---------------------------------
   Lowdin Population Analysis    
---------------------------------
 Idx  Atom   Population   Charge 
---------------------------------
  1    Si    14.730      -0.730
  2     H     1.270      -0.270

---------------------------------
   M Diagnostic: 0.03
---------------------------------

