Computing Integrals
Basis Set                                            = def2-qzvp
Auxiliary Basis Set                                  = def2-universal-jkfit
Gaussian Type                                        = Spherical
Elapsed time:    3.32 Seconds

Number of basis functions                   (NBF)    = 117
Number of auxiliary basis functions         (NBFAUX) = 113
Inactive Doubly occupied orbitals up to     (NO1)    = 0
No. considered Strongly Doubly occupied MOs (NDOC)   = 5
No. considered Strongly Singly occupied MOs (NSOC)   = 0
NO. of Weakly occ. per St. Doubly occ.  MOs (NCWO)   = 22
Dimension of the Nat. Orb. subspace         (NBF5)   = 115
No. of electrons                                     = 10
    No. of alpha electrons                           = 5
    No. of beta electrons                            = 5
Multiplicity                                         = 1

Geometry
========
 O       0.0000000       0.0000000       0.3921953
 H      -0.7561000       0.0000000      -0.1960977
 H       0.7561000       0.0000000      -0.1960977

No violations of the orthonormality
No violations of the orthonormality
 
PNOF8/ADABelief Calculation
==================
 
  Nitext  Nit_orb  Time   Nit_occ  Time         Eelec          Etot           Ediff      maxdiff    MaxGrad_orb  Grad_occ
     1      10    2.6e+01    0    3.0e+01   -85.55633339   -76.36843797 -10084.55633339   0.000977   3.9e-03   1.1e-04 0.02
 
RESULTS OF THE OCCUPATION OPTIMIZATION
========================================
   1    1.9999849  -20.59472086
   2    1.9863738  -1.26563284
   3    1.9739321  -0.75325896
   4    1.9725937  -0.74395826
   5    1.9788676  -0.54902019
   6    0.0110169  -0.01877894
   7    0.0189855  -0.03043594
   8    0.0207341  -0.03193847
   9    0.0070550  -0.01914789
  10    0.0000130  -0.00053322
  11    0.0049899  -0.00998196
  12    0.0038670  -0.00827142
  13    0.0041218  -0.00852352
  14    0.0033844  -0.00860569
  15    0.0000007  -0.00000369
  16    0.0012829  -0.00462493
  17    0.0038202  -0.00814261
  18    0.0004503  -0.00129192
  19    0.0007732  -0.00284250
  20    0.0000006  -0.00000342
  21    0.0012213  -0.00369970
  22    0.0003197  -0.00100907
  23    0.0004257  -0.00122441
  24    0.0005515  -0.00192939
  25    0.0000005  -0.00004172
  26    0.0007056  -0.00307522
  27    0.0001118  -0.00041235
  28    0.0000769  -0.00036844
  29    0.0005274  -0.00283387
  30    0.0000000  -0.00000152
  31    0.0006182  -0.00179298
  32    0.0000767  -0.00030122
  33    0.0000678  -0.00030481
  34    0.0003222  -0.00116932
  35    0.0000000  -0.00000071
  36    0.0003921  -0.00115628
  37    0.0000673  -0.00027395
  38    0.0000447  -0.00015517
  39    0.0002567  -0.00094535
  40    0.0000000  -0.00000061
  41    0.0003045  -0.00092068
  42    0.0000355  -0.00015159
  43    0.0000356  -0.00015880
  44    0.0002547  -0.00091393
  45    0.0000000  -0.00000062
  46    0.0002915  -0.00089922
  47    0.0000330  -0.00014086
  48    0.0000296  -0.00014420
  49    0.0001605  -0.00116108
  50    0.0000000  -0.00000049
  51    0.0000987  -0.00040759
  52    0.0000305  -0.00014808
  53    0.0000206  -0.00011876
  54    0.0001471  -0.00092153
  55    0.0000000  -0.00000054
  56    0.0000514  -0.00022994
  57    0.0000144  -0.00007237
  58    0.0000159  -0.00010852
  59    0.0000480  -0.00023590
  60    0.0000000  -0.00000044
  61    0.0000353  -0.00015587
  62    0.0000099  -0.00004509
  63    0.0000116  -0.00006514
  64    0.0000321  -0.00017448
  65    0.0000000  -0.00000043
  66    0.0000228  -0.00011473
  67    0.0000077  -0.00003581
  68    0.0000085  -0.00004658
  69    0.0000213  -0.00011678
  70    0.0000000  -0.00000040
  71    0.0000203  -0.00010681
  72    0.0000060  -0.00002392
  73    0.0000058  -0.00003382
  74    0.0000198  -0.00010973
  75    0.0000000  -0.00000037
  76    0.0000180  -0.00010403
  77    0.0000050  -0.00001358
  78    0.0000053  -0.00001582
  79    0.0000172  -0.00010275
  80    0.0000000  -0.00000036
  81    0.0000144  -0.00006525
  82    0.0000038  -0.00001329
  83    0.0000037  -0.00001500
  84    0.0000130  -0.00007487
  85    0.0000000  -0.00000038
  86    0.0000124  -0.00005908
  87    0.0000029  -0.00000600
  88    0.0000021  -0.00000577
  89    0.0000118  -0.00006464
  90    0.0000000  -0.00000024
  91    0.0000113  -0.00005025
  92    0.0000025  -0.00000749
  93    0.0000019  -0.00000652
  94    0.0000100  -0.00006102
  95    0.0000000  -0.00000024
  96    0.0000088  -0.00004480
  97    0.0000022  -0.00000589
  98    0.0000018  -0.00000320
  99    0.0000081  -0.00005175
 100    0.0000000  -0.00000024
 101    0.0000062  -0.00003017
 102    0.0000018  -0.00000457
 103    0.0000016  -0.00000378
 104    0.0000051  -0.00003575
 105    0.0000000  -0.00000024
 106    0.0000054  -0.00002628
 107    0.0000016  -0.00000331
 108    0.0000014  -0.00000361
 109    0.0000041  -0.00002147
 110    0.0000000  -0.00000025
 111    0.0000042  -0.00001723
 112    0.0000014  -0.00000282
 113    0.0000012  -0.00000231
 114    0.0000030  -0.00001413
 115    0.0000000  -0.00000025
 
----------------
 Final Energies 
----------------
Final NOF Total Energy =     -76.3684380
 
Total Orbital Internal Iterations = 10
Total Occupation Internal Iterations = 0
 
Elapsed time:   73.71 Seconds

---------------------------------
   Lowdin Population Analysis    
---------------------------------
 Idx  Atom   Population   Charge 
---------------------------------
  1     O     7.342       0.658
  2     H     1.328      -0.328
  3     H     1.330      -0.330

---------------------------------
   M Diagnostic: 0.02
---------------------------------

