Computing Integrals
Basis Set                                            = def2-qzvp
Auxiliary Basis Set                                  = def2-universal-jkfit
Gaussian Type                                        = Spherical
Elapsed time:    2.88 Seconds

Number of basis functions                   (NBF)    = 140
Number of auxiliary basis functions         (NBFAUX) = 256
Inactive Doubly occupied orbitals up to     (NO1)    = 0
No. considered Strongly Doubly occupied MOs (NDOC)   = 17
No. considered Strongly Singly occupied MOs (NSOC)   = 0
NO. of Weakly occ. per St. Doubly occ.  MOs (NCWO)   = 7
Dimension of the Nat. Orb. subspace         (NBF5)   = 136
No. of electrons                                     = 34
    No. of alpha electrons                           = 17
    No. of beta electrons                            = 17
Multiplicity                                         = 1

Geometry
========
Cl       0.0000000       0.0000000      -1.0058533
Cl       0.0000000       0.0000000       1.0058533

No violations of the orthonormality
No violations of the orthonormality
 
PNOF8/ADABelief Calculation
==================
 
  Nitext  Nit_orb  Time   Nit_occ  Time         Eelec          Etot           Ediff      maxdiff    MaxGrad_orb  Grad_occ
     1      10    1.0e+01    0    1.2e+01  -996.09173568  -920.07075910 -10995.09173568   0.006712   2.7e-02   2.6e-04 0.03
     2      30    4.0e+00    0    7.2e-02  -996.09173568  -920.07075910     0.00000000   0.006712   2.7e-02   2.6e-04 0.03
     3      50    6.9e+00    7    1.6e-01  -996.09227364  -920.07129706    -0.00053796   0.005996   2.4e-02   2.6e-04 0.03
     4      50    6.7e+00   11    2.0e-01  -996.09274380  -920.07176722    -0.00047016   0.005876   2.4e-02   2.8e-04 0.03
     5      50    6.8e+00    9    1.7e-01  -996.09318926  -920.07221268    -0.00044546   0.006477   2.6e-02   2.4e-04 0.03
     6      50    6.6e+00    5    1.5e-01  -996.09355910  -920.07258252    -0.00036984   0.004970   2.0e-02   2.3e-04 0.03
     7      50    6.7e+00    5    9.0e-02  -996.09380017  -920.07282359    -0.00024107   0.007515   3.0e-02   2.8e-04 0.03
     8      50    6.6e+00    9    1.7e-01  -996.09398359  -920.07300701    -0.00018341   0.006983   2.8e-02   2.1e-04 0.03
     9      50    6.5e+00    5    1.4e-01  -996.09409520  -920.07311862    -0.00011161   0.006397   2.6e-02   2.3e-04 0.03
    10      50    6.8e+00    7    1.5e-01  -996.09419748  -920.07322090    -0.00010228   0.006323   2.5e-02   2.8e-04 0.03
    11      50    6.6e+00    2    4.7e-02  -996.09426659  -920.07329001    -0.00006911   0.006050   2.4e-02   2.2e-04 0.03
    12      50    6.8e+00    7    1.0e-01  -996.09430234  -920.07332576    -0.00003575   0.006431   2.6e-02   2.1e-04 0.03
    13      50    6.8e+00    2    6.4e-02  -996.09440300  -920.07342642    -0.00010067   0.005691   2.3e-02   1.7e-04 0.03
    14      50    6.6e+00    7    1.8e-01  -996.09444667  -920.07347009    -0.00004367   0.005643   2.3e-02   1.6e-04 0.03
    15      50    6.8e+00    0    4.2e-02  -996.09449253  -920.07351595    -0.00004586   0.005444   2.2e-02   1.8e-04 0.03
    16      60    8.2e+00    1    4.8e-02  -996.09458861  -920.07361203    -0.00009608   0.003775   1.5e-02   2.0e-04 0.03
    17      60    8.3e+00    0    4.6e-02  -996.09458910  -920.07361252    -0.00000050   0.003775   1.5e-02   2.0e-04 0.03
    18      74    9.8e+00    0    6.8e-02  -996.09472949  -920.07375291    -0.00014039   0.000500   2.0e-03   2.0e-04 0.03
 
RESULTS OF THE OCCUPATION OPTIMIZATION
========================================
   1    1.9999991  -104.95339658
   2    1.9999992  -104.95187387
   3    1.9998793  -10.64376903
   4    1.9998011  -10.63538993
   5    1.9992555  -8.12253429
   6    1.9991295  -8.11601836
   7    1.9993622  -8.11177160
   8    1.9994460  -8.11105752
   9    1.9993705  -8.11080875
  10    1.9990678  -8.10959005
  11    1.9825645  -1.12227557
  12    1.9832096  -1.11716484
  13    1.9666907  -0.64221910
  14    1.9755843  -0.52729605
  15    1.9760348  -0.52643038
  16    1.9732308  -0.52372538
  17    1.9692817  -0.52222266
  18    0.0100211  -0.01869536
  19    0.0089401  -0.01977840
  20    0.0090761  -0.01838679
  21    0.0061000  -0.01602854
  22    0.0312037  -0.05825423
  23    0.0060636  -0.02954945
  24    0.0055065  -0.02825351
  25    0.0004308  -0.01039517
  26    0.0004601  -0.01042986
  27    0.0004269  -0.01025023
  28    0.0005004  -0.01186479
  29    0.0004114  -0.01006692
  30    0.0006184  -0.01240016
  31    0.0001605  -0.00292663
  32    0.0000658  -0.00125265
  33    0.0000005  -0.00001741
  34    0.0000005  -0.00001803
  35    0.0095103  -0.01764369
  36    0.0076715  -0.01684640
  37    0.0089910  -0.01845728
  38    0.0056203  -0.01682001
  39    0.0005884  -0.00156981
  40    0.0045812  -0.01899354
  41    0.0041776  -0.01529738
  42    0.0003884  -0.00953480
  43    0.0000681  -0.00174672
  44    0.0000666  -0.00260614
  45    0.0000522  -0.00053068
  46    0.0003443  -0.00871507
  47    0.0000644  -0.00073815
  48    0.0000112  -0.00066606
  49    0.0000354  -0.00040944
  50    0.0000001  -0.00000695
  51    0.0000001  -0.00000850
  52    0.0094192  -0.01755902
  53    0.0065448  -0.01808000
  54    0.0019924  -0.00947217
  55    0.0051126  -0.01697539
  56    0.0005775  -0.00153003
  57    0.0018653  -0.01021413
  58    0.0035527  -0.01697028
  59    0.0000645  -0.00220064
  60    0.0000442  -0.00045136
  61    0.0000193  -0.00016840
  62    0.0000357  -0.00036797
  63    0.0000609  -0.00071820
  64    0.0000174  -0.00016036
  65    0.0000086  -0.00016700
  66    0.0000063  -0.00009277
  67    0.0000001  -0.00000495
  68    0.0000001  -0.00000802
  69    0.0006073  -0.00153281
  70    0.0020058  -0.00904201
  71    0.0015460  -0.00756849
  72    0.0050694  -0.01705977
  73    0.0003271  -0.00099984
  74    0.0018402  -0.01027365
  75    0.0017825  -0.00998621
  76    0.0000149  -0.00016381
  77    0.0000171  -0.00015653
  78    0.0000148  -0.00014284
  79    0.0000169  -0.00015662
  80    0.0000161  -0.00015351
  81    0.0000159  -0.00015250
  82    0.0000054  -0.00016811
  83    0.0000040  -0.00004815
  84    0.0000000  -0.00000189
  85    0.0000000  -0.00000383
  86    0.0006030  -0.00153428
  87    0.0006039  -0.00161993
  88    0.0015190  -0.00679966
  89    0.0017791  -0.00905576
  90    0.0003148  -0.00098447
  91    0.0018209  -0.01047355
  92    0.0017307  -0.00985868
  93    0.0000141  -0.00014044
  94    0.0000165  -0.00015390
  95    0.0000092  -0.00008780
  96    0.0000134  -0.00012967
  97    0.0000157  -0.00015631
  98    0.0000101  -0.00010617
  99    0.0000051  -0.00005738
 100    0.0000037  -0.00004675
 101    0.0000000  -0.00000098
 102    0.0000000  -0.00000310
 103    0.0003348  -0.00100156
 104    0.0006036  -0.00162211
 105    0.0006182  -0.00160740
 106    0.0005541  -0.00162702
 107    0.0001661  -0.00076029
 108    0.0003766  -0.00136484
 109    0.0004799  -0.00162284
 110    0.0000112  -0.00011093
 111    0.0000140  -0.00036113
 112    0.0000092  -0.00009329
 113    0.0000098  -0.00010209
 114    0.0000141  -0.00086221
 115    0.0000093  -0.00008611
 116    0.0000044  -0.00005212
 117    0.0000027  -0.00051813
 118    0.0000000  -0.00000091
 119    0.0000000  -0.00000236
 120    0.0002226  -0.00093415
 121    0.0003995  -0.00118362
 122    0.0002225  -0.00098866
 123    0.0001802  -0.00089967
 124    0.0001318  -0.00063554
 125    0.0002425  -0.00133487
 126    0.0002055  -0.00111023
 127    0.0000084  -0.00008428
 128    0.0000095  -0.00008874
 129    0.0000080  -0.00009296
 130    0.0000093  -0.00009210
 131    0.0000079  -0.00008280
 132    0.0000089  -0.00008752
 133    0.0000036  -0.00010323
 134    0.0000027  -0.00048520
 135    0.0000000  -0.00000074
 136    0.0000000  -0.00000196
 
----------------
 Final Energies 
----------------
Final NOF Total Energy =    -920.0737529
 
Total Orbital Internal Iterations = 884
Total Occupation Internal Iterations = 77
 
Elapsed time:  150.77 Seconds

---------------------------------
   Lowdin Population Analysis    
---------------------------------
 Idx  Atom   Population   Charge 
---------------------------------
  1    Cl    16.997       0.003
  2    Cl    17.003      -0.003

---------------------------------
   M Diagnostic: 0.03
---------------------------------

