Computing Integrals
Basis Set                                            = def2-qzvp
Auxiliary Basis Set                                  = def2-universal-jkfit
Gaussian Type                                        = Spherical
Elapsed time:    2.60 Seconds

Number of basis functions                   (NBF)    = 114
Number of auxiliary basis functions         (NBFAUX) = 154
Inactive Doubly occupied orbitals up to     (NO1)    = 0
No. considered Strongly Doubly occupied MOs (NDOC)   = 9
No. considered Strongly Singly occupied MOs (NSOC)   = 0
NO. of Weakly occ. per St. Doubly occ.  MOs (NCWO)   = 11
Dimension of the Nat. Orb. subspace         (NBF5)   = 108
No. of electrons                                     = 18
    No. of alpha electrons                           = 9
    No. of beta electrons                            = 9
Multiplicity                                         = 1

Geometry
========
 F       0.0000000       0.0000000      -0.7075955
 F       0.0000000       0.0000000       0.7075955

No violations of the orthonormality
No violations of the orthonormality
 
PNOF8/ADABelief Calculation
==================
 
  Nitext  Nit_orb  Time   Nit_occ  Time         Eelec          Etot           Ediff      maxdiff    MaxGrad_orb  Grad_occ
     1      10    2.1e+01    0    2.5e+01  -229.67025446  -199.38228190 -10228.67025446   0.000950   3.8e-03   2.1e-04 0.04
 
RESULTS OF THE OCCUPATION OPTIMIZATION
========================================
   1    1.9999636  -26.46254828
   2    1.9999648  -26.46139241
   3    1.9895555  -1.65925588
   4    1.9886281  -1.65336371
   5    1.9583303  -0.83447549
   6    1.9811041  -0.78003872
   7    1.9811174  -0.77909895
   8    1.9808553  -0.77845176
   9    1.9809369  -0.77762913
  10    0.0089641  -0.01938918
  11    0.0091164  -0.01961884
  12    0.0096451  -0.02026761
  13    0.0096823  -0.02041771
  14    0.0415544  -0.08656501
  15    0.0062804  -0.02324293
  16    0.0065509  -0.02343024
  17    0.0000199  -0.00099775
  18    0.0000191  -0.00094489
  19    0.0042021  -0.01082994
  20    0.0041876  -0.01084887
  21    0.0037930  -0.00931877
  22    0.0042207  -0.01101198
  23    0.0000200  -0.00011495
  24    0.0018899  -0.00656245
  25    0.0019557  -0.00683175
  26    0.0000030  -0.00007546
  27    0.0000036  -0.00008569
  28    0.0038226  -0.00955024
  29    0.0041419  -0.01092249
  30    0.0035098  -0.00864408
  31    0.0034694  -0.00858002
  32    0.0000128  -0.00010316
  33    0.0018667  -0.00668170
  34    0.0005942  -0.00259105
  35    0.0000024  -0.00006780
  36    0.0000028  -0.00007131
  37    0.0009086  -0.00423676
  38    0.0006669  -0.00251715
  39    0.0006719  -0.00251076
  40    0.0006737  -0.00253134
  41    0.0000119  -0.00010082
  42    0.0004033  -0.00471956
  43    0.0004418  -0.00539702
  44    0.0000018  -0.00005841
  45    0.0000019  -0.00006581
  46    0.0003511  -0.00150731
  47    0.0003104  -0.00118151
  48    0.0004030  -0.00179760
  49    0.0003020  -0.00121173
  50    0.0000113  -0.00008697
  51    0.0002661  -0.00124139
  52    0.0002735  -0.00125910
  53    0.0000016  -0.00005328
  54    0.0000018  -0.00005773
  55    0.0003053  -0.00122384
  56    0.0002939  -0.00120403
  57    0.0003045  -0.00119341
  58    0.0002159  -0.00081388
  59    0.0000107  -0.00008597
  60    0.0002363  -0.00115586
  61    0.0002356  -0.00111663
  62    0.0000016  -0.00005217
  63    0.0000016  -0.00006092
  64    0.0002437  -0.00095685
  65    0.0001987  -0.00083477
  66    0.0002348  -0.00097875
  67    0.0001886  -0.00083883
  68    0.0000106  -0.00008499
  69    0.0002271  -0.00108282
  70    0.0001811  -0.00094277
  71    0.0000014  -0.00004941
  72    0.0000016  -0.00005221
  73    0.0002053  -0.00085381
  74    0.0001715  -0.00079069
  75    0.0001882  -0.00077891
  76    0.0000875  -0.00050177
  77    0.0000100  -0.00008423
  78    0.0001491  -0.00086351
  79    0.0001598  -0.00104656
  80    0.0000013  -0.00005940
  81    0.0000015  -0.00005049
  82    0.0000219  -0.00018131
  83    0.0000201  -0.00015203
  84    0.0000882  -0.00051086
  85    0.0000203  -0.00015049
  86    0.0000096  -0.00008562
  87    0.0000196  -0.00016623
  88    0.0000189  -0.00015499
  89    0.0000010  -0.00004282
  90    0.0000012  -0.00003347
  91    0.0000204  -0.00016697
  92    0.0000191  -0.00013700
  93    0.0000246  -0.00021571
  94    0.0000184  -0.00013749
  95    0.0000093  -0.00007796
  96    0.0000179  -0.00014717
  97    0.0000169  -0.00014875
  98    0.0000009  -0.00001223
  99    0.0000011  -0.00003143
 100    0.0000179  -0.00014045
 101    0.0000181  -0.00013742
 102    0.0000195  -0.00014373
 103    0.0000171  -0.00013825
 104    0.0000090  -0.00007784
 105    0.0000155  -0.00014725
 106    0.0000160  -0.00014571
 107    0.0000003  -0.00003674
 108    0.0000003  -0.00003608
 
----------------
 Final Energies 
----------------
Final NOF Total Energy =    -199.3822819
 
Total Orbital Internal Iterations = 10
Total Occupation Internal Iterations = 0
 
Elapsed time:   59.94 Seconds

---------------------------------
   Lowdin Population Analysis    
---------------------------------
 Idx  Atom   Population   Charge 
---------------------------------
  1     F     9.002      -0.002
  2     F     8.998       0.002

---------------------------------
   M Diagnostic: 0.04
---------------------------------

