Computing Integrals
Basis Set                                            = def2-qzvp
Auxiliary Basis Set                                  = def2-universal-jkfit
Gaussian Type                                        = Spherical
Elapsed time:    2.83 Seconds

Number of basis functions                   (NBF)    = 111
Number of auxiliary basis functions         (NBFAUX) = 148
Inactive Doubly occupied orbitals up to     (NO1)    = 0
No. considered Strongly Doubly occupied MOs (NDOC)   = 7
No. considered Strongly Singly occupied MOs (NSOC)   = 0
NO. of Weakly occ. per St. Doubly occ.  MOs (NCWO)   = 14
Dimension of the Nat. Orb. subspace         (NBF5)   = 105
No. of electrons                                     = 14
    No. of alpha electrons                           = 7
    No. of beta electrons                            = 7
Multiplicity                                         = 1

Geometry
========
Mg       0.0000000       0.0000000       0.0000000
 H      -0.0000000      -0.0000000      -1.7069341
 H      -0.0000000       0.0000000       1.7069341

No violations of the orthonormality
No violations of the orthonormality
 
PNOF8/ADABelief Calculation
==================
 
  Nitext  Nit_orb  Time   Nit_occ  Time         Eelec          Etot           Ediff      maxdiff    MaxGrad_orb  Grad_occ
     1      10    2.2e+01    0    2.5e+01  -208.62793665  -201.03255550 -10207.62793665   0.000488   2.0e-03   1.2e-04 0.03
 
RESULTS OF THE OCCUPATION OPTIMIZATION
========================================
   1    1.9999988  -49.07652026
   2    1.9976775  -3.80367523
   3    1.9937946  -2.32097328
   4    1.9945040  -2.32092679
   5    1.9936114  -2.31877284
   6    1.9623079  -0.41485618
   7    1.9699257  -0.41442482
   8    0.0092374  -0.01235181
   9    0.0208760  -0.01860068
  10    0.0029131  -0.01437158
  11    0.0047433  -0.02542466
  12    0.0029482  -0.01436959
  13    0.0022108  -0.01336572
  14    0.0000011  -0.00000773
  15    0.0066641  -0.00933723
  16    0.0075562  -0.00651520
  17    0.0028852  -0.01419385
  18    0.0002100  -0.00092634
  19    0.0029250  -0.01437742
  20    0.0000601  -0.00129038
  21    0.0000000  -0.00000028
  22    0.0051884  -0.00711092
  23    0.0047037  -0.00429481
  24    0.0003726  -0.00572917
  25    0.0001945  -0.00085359
  26    0.0001846  -0.00094123
  27    0.0000196  -0.00017616
  28    0.0000000  -0.00000018
  29    0.0032360  -0.00387220
  30    0.0037282  -0.00334716
  31    0.0001755  -0.00078378
  32    0.0001720  -0.00075634
  33    0.0000441  -0.00049234
  34    0.0000088  -0.00040281
  35    0.0000000  -0.00000011
  36    0.0022603  -0.00292171
  37    0.0002053  -0.00027416
  38    0.0000158  -0.00006838
  39    0.0000463  -0.00020126
  40    0.0000293  -0.00012214
  41    0.0000063  -0.00002994
  42    0.0000000  -0.00000010
  43    0.0021309  -0.00292163
  44    0.0002007  -0.00026903
  45    0.0000058  -0.00003066
  46    0.0000386  -0.00014654
  47    0.0000269  -0.00011545
  48    0.0000056  -0.00002842
  49    0.0000000  -0.00000004
  50    0.0010789  -0.00195041
  51    0.0001178  -0.00015074
  52    0.0000051  -0.00003954
  53    0.0000341  -0.00013636
  54    0.0000189  -0.00031064
  55    0.0000033  -0.00001354
  56    0.0000000  -0.00000004
  57    0.0000960  -0.00019882
  58    0.0001103  -0.00014725
  59    0.0000046  -0.00001976
  60    0.0000322  -0.00012686
  61    0.0000093  -0.00012425
  62    0.0000028  -0.00001307
  63    0.0000000  -0.00000005
  64    0.0000883  -0.00015679
  65    0.0001031  -0.00016427
  66    0.0000043  -0.00002029
  67    0.0000130  -0.00006190
  68    0.0000092  -0.00009398
  69    0.0000028  -0.00001336
  70    0.0000000  -0.00000003
  71    0.0000840  -0.00014808
  72    0.0000839  -0.00013621
  73    0.0000041  -0.00001326
  74    0.0000102  -0.00003848
  75    0.0000084  -0.00003958
  76    0.0000023  -0.00001001
  77    0.0000000  -0.00000002
  78    0.0000058  -0.00000806
  79    0.0000032  -0.00000465
  80    0.0000015  -0.00000837
  81    0.0000009  -0.00000471
  82    0.0000008  -0.00000349
  83    0.0000001  -0.00000063
  84    0.0000000  -0.00000003
  85    0.0000034  -0.00000418
  86    0.0000026  -0.00000303
  87    0.0000008  -0.00000347
  88    0.0000006  -0.00000214
  89    0.0000007  -0.00000218
  90    0.0000001  -0.00000055
  91    0.0000000  -0.00000003
  92    0.0000004  -0.00000125
  93    0.0000010  -0.00000165
  94    0.0000001  -0.00000085
  95    0.0000001  -0.00000073
  96    0.0000001  -0.00000065
  97    0.0000000  -0.00000009
  98    0.0000000  -0.00000003
  99    0.0000003  -0.00000081
 100    0.0000003  -0.00000039
 101    0.0000001  -0.00000055
 102    0.0000001  -0.00000029
 103    0.0000001  -0.00000030
 104    0.0000000  -0.00000004
 105    0.0000000  -0.00000002
 
----------------
 Final Energies 
----------------
Final NOF Total Energy =    -201.0325555
 
Total Orbital Internal Iterations = 10
Total Occupation Internal Iterations = 0
 
Elapsed time:   61.76 Seconds

---------------------------------
   Lowdin Population Analysis    
---------------------------------
 Idx  Atom   Population   Charge 
---------------------------------
  1    Mg    11.614       0.386
  2     H     1.196      -0.196
  3     H     1.190      -0.190

---------------------------------
   M Diagnostic: 0.03
---------------------------------

