Computing Integrals
Basis Set                                            = def2-qzvp
Auxiliary Basis Set                                  = def2-universal-jkfit
Gaussian Type                                        = Spherical
Elapsed time:    2.88 Seconds

Number of basis functions                   (NBF)    = 190
Number of auxiliary basis functions         (NBFAUX) = 200
Inactive Doubly occupied orbitals up to     (NO1)    = 0
No. considered Strongly Doubly occupied MOs (NDOC)   = 9
No. considered Strongly Singly occupied MOs (NSOC)   = 0
NO. of Weakly occ. per St. Doubly occ.  MOs (NCWO)   = 20
Dimension of the Nat. Orb. subspace         (NBF5)   = 189
No. of electrons                                     = 18
    No. of alpha electrons                           = 9
    No. of beta electrons                            = 9
Multiplicity                                         = 1

Geometry
========
Si       0.0000000      -0.0000000       0.0000000
 H       0.8560414       0.8560414      -0.8560414
 H      -0.8560414      -0.8560414      -0.8560414
 H       0.8560414      -0.8560414       0.8560414
 H      -0.8560414       0.8560414       0.8560414

No violations of the orthonormality
No violations of the orthonormality
 
PNOF8/ADABelief Calculation
==================
 
  Nitext  Nit_orb  Time   Nit_occ  Time         Eelec          Etot           Ediff      maxdiff    MaxGrad_orb  Grad_occ
     1      10    2.2e+01    0    2.5e+01  -313.00166838  -291.70401749 -10312.00166838   0.000498   2.0e-03   1.6e-04 0.02
 
RESULTS OF THE OCCUPATION OPTIMIZATION
========================================
   1    1.9999994  -68.82852041
   2    1.9998152  -6.14287733
   3    1.9978685  -4.25107384
   4    1.9976362  -4.25040946
   5    1.9967571  -4.24853276
   6    1.9751523  -0.56954997
   7    1.9747279  -0.56579375
   8    1.9745237  -0.56352278
   9    1.9726627  -0.55361387
  10    0.0141563  -0.02363658
  11    0.0143293  -0.02432646
  12    0.0142561  -0.02430305
  13    0.0136955  -0.02409972
  14    0.0016710  -0.01239122
  15    0.0021392  -0.02059923
  16    0.0018118  -0.01290791
  17    0.0001516  -0.00116609
  18    0.0000006  -0.00000278
  19    0.0042679  -0.00758576
  20    0.0042796  -0.00808998
  21    0.0043103  -0.00813472
  22    0.0041328  -0.00828308
  23    0.0014800  -0.01142107
  24    0.0001358  -0.00102750
  25    0.0002203  -0.00501496
  26    0.0000143  -0.00067129
  27    0.0000000  -0.00000017
  28    0.0042429  -0.00772315
  29    0.0021191  -0.00531802
  30    0.0022299  -0.00531442
  31    0.0022028  -0.00557436
  32    0.0000489  -0.00142053
  33    0.0000187  -0.00011097
  34    0.0000328  -0.00019760
  35    0.0000061  -0.00019975
  36    0.0000000  -0.00000011
  37    0.0019519  -0.00426003
  38    0.0020570  -0.00482916
  39    0.0020484  -0.00469026
  40    0.0020581  -0.00526894
  41    0.0000109  -0.00007365
  42    0.0000172  -0.00010557
  43    0.0000165  -0.00010485
  44    0.0000042  -0.00017629
  45    0.0000000  -0.00000007
  46    0.0010856  -0.00228547
  47    0.0018494  -0.00369494
  48    0.0011435  -0.00257848
  49    0.0012134  -0.00248250
  50    0.0000074  -0.00005154
  51    0.0000159  -0.00009732
  52    0.0000135  -0.00008182
  53    0.0000024  -0.00001582
  54    0.0000000  -0.00000008
  55    0.0008680  -0.00203709
  56    0.0002103  -0.00044149
  57    0.0003369  -0.00082764
  58    0.0003497  -0.00083090
  59    0.0000064  -0.00004297
  60    0.0000073  -0.00004954
  61    0.0000092  -0.00005567
  62    0.0000011  -0.00000685
  63    0.0000000  -0.00000007
  64    0.0002928  -0.00071196
  65    0.0001379  -0.00030665
  66    0.0002287  -0.00059961
  67    0.0003445  -0.00082631
  68    0.0000044  -0.00009119
  69    0.0000069  -0.00005124
  70    0.0000063  -0.00004384
  71    0.0000010  -0.00000491
  72    0.0000000  -0.00000007
  73    0.0001171  -0.00026819
  74    0.0001257  -0.00029484
  75    0.0001774  -0.00058482
  76    0.0002802  -0.00069742
  77    0.0000033  -0.00002306
  78    0.0000059  -0.00003889
  79    0.0000054  -0.00003673
  80    0.0000008  -0.00000361
  81    0.0000000  -0.00000007
  82    0.0000728  -0.00017165
  83    0.0000821  -0.00019873
  84    0.0001361  -0.00029578
  85    0.0001831  -0.00041507
  86    0.0000022  -0.00001204
  87    0.0000053  -0.00003701
  88    0.0000049  -0.00009958
  89    0.0000007  -0.00000338
  90    0.0000000  -0.00000006
  91    0.0000717  -0.00018544
  92    0.0000779  -0.00020247
  93    0.0001301  -0.00030356
  94    0.0000855  -0.00019655
  95    0.0000018  -0.00001003
  96    0.0000050  -0.00003557
  97    0.0000036  -0.00002052
  98    0.0000007  -0.00000313
  99    0.0000000  -0.00000004
 100    0.0000605  -0.00015558
 101    0.0000727  -0.00020688
 102    0.0001166  -0.00026647
 103    0.0000850  -0.00019542
 104    0.0000016  -0.00000904
 105    0.0000026  -0.00001333
 106    0.0000031  -0.00006383
 107    0.0000006  -0.00000287
 108    0.0000000  -0.00000006
 109    0.0000573  -0.00015312
 110    0.0000612  -0.00016825
 111    0.0000663  -0.00016768
 112    0.0000782  -0.00019941
 113    0.0000012  -0.00000837
 114    0.0000017  -0.00001007
 115    0.0000008  -0.00000375
 116    0.0000006  -0.00000275
 117    0.0000000  -0.00000002
 118    0.0000416  -0.00011803
 119    0.0000433  -0.00012612
 120    0.0000517  -0.00013502
 121    0.0000645  -0.00016296
 122    0.0000011  -0.00000501
 123    0.0000004  -0.00000198
 124    0.0000008  -0.00000325
 125    0.0000004  -0.00000193
 126    0.0000000  -0.00000003
 127    0.0000195  -0.00008711
 128    0.0000102  -0.00004828
 129    0.0000142  -0.00006932
 130    0.0000441  -0.00012739
 131    0.0000006  -0.00000289
 132    0.0000003  -0.00000118
 133    0.0000006  -0.00000280
 134    0.0000001  -0.00000040
 135    0.0000000  -0.00000002
 136    0.0000102  -0.00004008
 137    0.0000073  -0.00003709
 138    0.0000086  -0.00003782
 139    0.0000131  -0.00005268
 140    0.0000005  -0.00000251
 141    0.0000003  -0.00000127
 142    0.0000004  -0.00000214
 143    0.0000001  -0.00000032
 144    0.0000000  -0.00000001
 145    0.0000059  -0.00002576
 146    0.0000037  -0.00001301
 147    0.0000057  -0.00002502
 148    0.0000049  -0.00002233
 149    0.0000004  -0.00000222
 150    0.0000003  -0.00000118
 151    0.0000004  -0.00000180
 152    0.0000001  -0.00000027
 153    0.0000000  -0.00000002
 154    0.0000051  -0.00001986
 155    0.0000033  -0.00001191
 156    0.0000043  -0.00001578
 157    0.0000045  -0.00001596
 158    0.0000004  -0.00000158
 159    0.0000003  -0.00000115
 160    0.0000003  -0.00000111
 161    0.0000001  -0.00000033
 162    0.0000000  -0.00000001
 163    0.0000039  -0.00001320
 164    0.0000029  -0.00001026
 165    0.0000030  -0.00001071
 166    0.0000034  -0.00001221
 167    0.0000003  -0.00000113
 168    0.0000002  -0.00000107
 169    0.0000003  -0.00000114
 170    0.0000001  -0.00000031
 171    0.0000000  -0.00000002
 172    0.0000037  -0.00001300
 173    0.0000019  -0.00000296
 174    0.0000022  -0.00000462
 175    0.0000022  -0.00000812
 176    0.0000003  -0.00000086
 177    0.0000002  -0.00000050
 178    0.0000003  -0.00000115
 179    0.0000000  -0.00000023
 180    0.0000000  -0.00000002
 181    0.0000025  -0.00000344
 182    0.0000016  -0.00000237
 183    0.0000021  -0.00000431
 184    0.0000021  -0.00000358
 185    0.0000002  -0.00000072
 186    0.0000002  -0.00000072
 187    0.0000002  -0.00000071
 188    0.0000000  -0.00000027
 189    0.0000000  -0.00000001
 
----------------
 Final Energies 
----------------
Final NOF Total Energy =    -291.7040175
 
Total Orbital Internal Iterations = 10
Total Occupation Internal Iterations = 0
 
Elapsed time:   61.53 Seconds

---------------------------------
   Lowdin Population Analysis    
---------------------------------
 Idx  Atom   Population   Charge 
---------------------------------
  1    Si    13.491       0.509
  2     H     1.128      -0.128
  3     H     1.127      -0.127
  4     H     1.127      -0.127
  5     H     1.128      -0.128

---------------------------------
   M Diagnostic: 0.02
---------------------------------

