Computing Integrals
Basis Set                                            = def2-qzvp
Auxiliary Basis Set                                  = def2-universal-jkfit
Gaussian Type                                        = Spherical
Elapsed time:    2.47 Seconds

Number of basis functions                   (NBF)    = 114
Number of auxiliary basis functions         (NBFAUX) = 154
Inactive Doubly occupied orbitals up to     (NO1)    = 0
No. considered Strongly Doubly occupied MOs (NDOC)   = 7
No. considered Strongly Singly occupied MOs (NSOC)   = 0
NO. of Weakly occ. per St. Doubly occ.  MOs (NCWO)   = 15
Dimension of the Nat. Orb. subspace         (NBF5)   = 112
No. of electrons                                     = 14
    No. of alpha electrons                           = 7
    No. of beta electrons                            = 7
Multiplicity                                         = 1

Geometry
========
 N       0.0000000       0.0000000      -0.5500458
 N       0.0000000       0.0000000       0.5500458

Orthonormality violations 3246, Maximum Violation 0.000235
Trying to orthonormalize
No violations of the orthonormality
No violations of the orthonormality
 
PNOF8/ADABelief Calculation
==================
 
  Nitext  Nit_orb  Time   Nit_occ  Time         Eelec          Etot           Ediff      maxdiff    MaxGrad_orb  Grad_occ
     1      10    3.1e+01    0    2.4e+01  -132.99715973  -109.42673145 -10131.99715973   0.000097   3.9e-04   1.6e-04 0.04
 
RESULTS OF THE OCCUPATION OPTIMIZATION
========================================
   1    1.9999564  -15.68725424
   2    1.9999533  -15.68495439
   3    1.9852169  -1.23372106
   4    1.9825849  -0.90299421
   5    1.9753971  -0.80783772
   6    1.9641324  -0.64209329
   7    1.9630224  -0.64056620
   8    0.0304960  -0.04533938
   9    0.0350523  -0.04915581
  10    0.0159352  -0.03216257
  11    0.0059112  -0.01531758
  12    0.0058796  -0.01674695
  13    0.0000328  -0.00100308
  14    0.0000305  -0.00094845
  15    0.0033885  -0.00708087
  16    0.0002250  -0.00061830
  17    0.0040351  -0.00936161
  18    0.0032914  -0.00743984
  19    0.0023975  -0.00567419
  20    0.0000030  -0.00004788
  21    0.0000032  -0.00004691
  22    0.0027177  -0.00557957
  23    0.0002203  -0.00061669
  24    0.0030756  -0.00747325
  25    0.0029203  -0.00702153
  26    0.0014883  -0.00441220
  27    0.0000028  -0.00004065
  28    0.0000031  -0.00004884
  29    0.0001848  -0.00056051
  30    0.0001986  -0.00056955
  31    0.0004295  -0.00134246
  32    0.0014450  -0.00469396
  33    0.0014179  -0.00427558
  34    0.0000028  -0.00004094
  35    0.0000025  -0.00005910
  36    0.0000541  -0.00020638
  37    0.0000262  -0.00011263
  38    0.0002548  -0.00082464
  39    0.0009985  -0.00254661
  40    0.0012434  -0.00600909
  41    0.0000025  -0.00008020
  42    0.0000023  -0.00006378
  43    0.0000235  -0.00010482
  44    0.0000199  -0.00010188
  45    0.0002486  -0.00080712
  46    0.0009723  -0.00253102
  47    0.0005141  -0.00183860
  48    0.0000008  -0.00004429
  49    0.0000005  -0.00001758
  50    0.0000195  -0.00009106
  51    0.0000194  -0.00010001
  52    0.0001183  -0.00042285
  53    0.0004887  -0.00398307
  54    0.0005067  -0.00180273
  55    0.0000004  -0.00001653
  56    0.0000003  -0.00003456
  57    0.0000165  -0.00008485
  58    0.0000172  -0.00008557
  59    0.0001069  -0.00036314
  60    0.0004849  -0.00152155
  61    0.0004766  -0.00349110
  62    0.0000004  -0.00001490
  63    0.0000002  -0.00000960
  64    0.0000150  -0.00008318
  65    0.0000153  -0.00007866
  66    0.0001046  -0.00037323
  67    0.0002261  -0.00071137
  68    0.0003039  -0.00143355
  69    0.0000004  -0.00001448
  70    0.0000002  -0.00000923
  71    0.0000115  -0.00005778
  72    0.0000146  -0.00007238
  73    0.0000947  -0.00030806
  74    0.0002159  -0.00104862
  75    0.0001766  -0.00065405
  76    0.0000003  -0.00002358
  77    0.0000001  -0.00000445
  78    0.0000114  -0.00005693
  79    0.0000141  -0.00006936
  80    0.0000934  -0.00038151
  81    0.0001249  -0.00041382
  82    0.0001149  -0.00049205
  83    0.0000002  -0.00000754
  84    0.0000001  -0.00000212
  85    0.0000111  -0.00005891
  86    0.0000124  -0.00006447
  87    0.0000279  -0.00013235
  88    0.0001092  -0.00041822
  89    0.0001030  -0.00044483
  90    0.0000001  -0.00000515
  91    0.0000001  -0.00000163
  92    0.0000109  -0.00005865
  93    0.0000122  -0.00006337
  94    0.0000278  -0.00014678
  95    0.0001023  -0.00040292
  96    0.0000763  -0.00036379
  97    0.0000001  -0.00000196
  98    0.0000001  -0.00000087
  99    0.0000097  -0.00005435
 100    0.0000116  -0.00006311
 101    0.0000265  -0.00012498
 102    0.0000952  -0.00040691
 103    0.0000510  -0.00023931
 104    0.0000001  -0.00000185
 105    0.0000001  -0.00000057
 106    0.0000074  -0.00004697
 107    0.0000088  -0.00005525
 108    0.0000241  -0.00012125
 109    0.0000292  -0.00016562
 110    0.0000333  -0.00019333
 111    0.0000001  -0.00000136
 112    0.0000001  -0.00000045
 
----------------
 Final Energies 
----------------
Final NOF Total Energy =    -109.4267314
 
Total Orbital Internal Iterations = 10
Total Occupation Internal Iterations = 0
 
Elapsed time:   72.83 Seconds

---------------------------------
   Lowdin Population Analysis    
---------------------------------
 Idx  Atom   Population   Charge 
---------------------------------
  1     N     7.000      -0.000
  2     N     7.000       0.000

---------------------------------
   M Diagnostic: 0.04
---------------------------------

