Computing Integrals
Basis Set                                            = def2-qzvp
Auxiliary Basis Set                                  = def2-universal-jkfit
Gaussian Type                                        = Spherical
Elapsed time:    3.48 Seconds

Number of basis functions                   (NBF)    = 177
Number of auxiliary basis functions         (NBFAUX) = 147
Inactive Doubly occupied orbitals up to     (NO1)    = 0
No. considered Strongly Doubly occupied MOs (NDOC)   = 5
No. considered Strongly Singly occupied MOs (NSOC)   = 0
NO. of Weakly occ. per St. Doubly occ.  MOs (NCWO)   = 34
Dimension of the Nat. Orb. subspace         (NBF5)   = 175
No. of electrons                                     = 10
    No. of alpha electrons                           = 5
    No. of beta electrons                            = 5
Multiplicity                                         = 1

Geometry
========
 C       0.0000000      -0.0000000       0.0000000
 H      -0.6308893       0.6308893       0.6308893
 H       0.6308893      -0.6308893       0.6308893
 H      -0.6308893      -0.6308893      -0.6308893
 H       0.6308893       0.6308893      -0.6308893

Orthonormality violations 4504, Maximum Violation 0.000030
Trying to orthonormalize
No violations of the orthonormality
No violations of the orthonormality
 
PNOF8/ADABelief Calculation
==================
 
  Nitext  Nit_orb  Time   Nit_occ  Time         Eelec          Etot           Ediff      maxdiff    MaxGrad_orb  Grad_occ
     1      10    2.3e+01    0    2.6e+01   -53.86938889   -40.46762162 -10052.86938889   0.000097   3.9e-04   1.4e-04 0.02
 
RESULTS OF THE OCCUPATION OPTIMIZATION
========================================
   1    1.9999041  -11.21796899
   2    1.9761613  -0.68661312
   3    1.9745369  -0.66597724
   4    1.9743867  -0.66597050
   5    1.9725804  -0.64991763
   6    0.0157212  -0.02074639
   7    0.0164301  -0.02125167
   8    0.0163573  -0.02124221
   9    0.0151772  -0.02066624
  10    0.0000874  -0.00184111
  11    0.0042809  -0.00661519
  12    0.0047815  -0.00709186
  13    0.0048027  -0.00710989
  14    0.0045274  -0.00699963
  15    0.0000040  -0.00013721
  16    0.0042692  -0.00657400
  17    0.0012394  -0.00251804
  18    0.0011911  -0.00255730
  19    0.0011407  -0.00398375
  20    0.0000018  -0.00001274
  21    0.0017916  -0.00341998
  22    0.0011637  -0.00249684
  23    0.0011464  -0.00251048
  24    0.0011163  -0.00343901
  25    0.0000015  -0.00002745
  26    0.0002799  -0.00071853
  27    0.0005769  -0.00122944
  28    0.0005766  -0.00119830
  29    0.0010768  -0.00242194
  30    0.0000007  -0.00002703
  31    0.0002765  -0.00069605
  32    0.0005661  -0.00119475
  33    0.0003313  -0.00083485
  34    0.0002731  -0.00063886
  35    0.0000001  -0.00000105
  36    0.0002388  -0.00055843
  37    0.0003080  -0.00071717
  38    0.0002949  -0.00069614
  39    0.0001155  -0.00030997
  40    0.0000001  -0.00000080
  41    0.0001005  -0.00026614
  42    0.0001178  -0.00030062
  43    0.0002116  -0.00056412
  44    0.0001011  -0.00027214
  45    0.0000000  -0.00000057
  46    0.0000960  -0.00026297
  47    0.0001006  -0.00027841
  48    0.0001076  -0.00027202
  49    0.0000956  -0.00027578
  50    0.0000000  -0.00000048
  51    0.0000582  -0.00016724
  52    0.0000602  -0.00016851
  53    0.0001053  -0.00028634
  54    0.0000553  -0.00017194
  55    0.0000000  -0.00000039
  56    0.0000520  -0.00016402
  57    0.0000468  -0.00014352
  58    0.0000694  -0.00018363
  59    0.0000500  -0.00015975
  60    0.0000000  -0.00000037
  61    0.0000509  -0.00016114
  62    0.0000432  -0.00013941
  63    0.0000510  -0.00015155
  64    0.0000269  -0.00009826
  65    0.0000000  -0.00000031
  66    0.0000414  -0.00013461
  67    0.0000327  -0.00010914
  68    0.0000450  -0.00014213
  69    0.0000240  -0.00009303
  70    0.0000000  -0.00000031
  71    0.0000294  -0.00010233
  72    0.0000272  -0.00010216
  73    0.0000347  -0.00010801
  74    0.0000087  -0.00003998
  75    0.0000000  -0.00000030
  76    0.0000242  -0.00010860
  77    0.0000231  -0.00008703
  78    0.0000299  -0.00010087
  79    0.0000063  -0.00003152
  80    0.0000000  -0.00000026
  81    0.0000163  -0.00007039
  82    0.0000191  -0.00007620
  83    0.0000195  -0.00007681
  84    0.0000057  -0.00002970
  85    0.0000000  -0.00000019
  86    0.0000134  -0.00004332
  87    0.0000113  -0.00004631
  88    0.0000123  -0.00004696
  89    0.0000045  -0.00002403
  90    0.0000000  -0.00000021
  91    0.0000115  -0.00004105
  92    0.0000100  -0.00004081
  93    0.0000115  -0.00004113
  94    0.0000040  -0.00002298
  95    0.0000000  -0.00000017
  96    0.0000105  -0.00003816
  97    0.0000095  -0.00004001
  98    0.0000103  -0.00004147
  99    0.0000035  -0.00001181
 100    0.0000000  -0.00000018
 101    0.0000094  -0.00003887
 102    0.0000082  -0.00003705
 103    0.0000095  -0.00003750
 104    0.0000029  -0.00001135
 105    0.0000000  -0.00000019
 106    0.0000090  -0.00003057
 107    0.0000063  -0.00002865
 108    0.0000077  -0.00003276
 109    0.0000024  -0.00000971
 110    0.0000000  -0.00000014
 111    0.0000070  -0.00002915
 112    0.0000048  -0.00002054
 113    0.0000072  -0.00003030
 114    0.0000022  -0.00000769
 115    0.0000000  -0.00000012
 116    0.0000052  -0.00002535
 117    0.0000043  -0.00001605
 118    0.0000049  -0.00002494
 119    0.0000022  -0.00000714
 120    0.0000000  -0.00000012
 121    0.0000050  -0.00001880
 122    0.0000035  -0.00001047
 123    0.0000041  -0.00001725
 124    0.0000021  -0.00000746
 125    0.0000000  -0.00000012
 126    0.0000043  -0.00001628
 127    0.0000031  -0.00000944
 128    0.0000037  -0.00001077
 129    0.0000019  -0.00000598
 130    0.0000000  -0.00000010
 131    0.0000030  -0.00000570
 132    0.0000025  -0.00000401
 133    0.0000030  -0.00001065
 134    0.0000018  -0.00000279
 135    0.0000000  -0.00000012
 136    0.0000025  -0.00000443
 137    0.0000022  -0.00000672
 138    0.0000029  -0.00000627
 139    0.0000017  -0.00000188
 140    0.0000000  -0.00000010
 141    0.0000022  -0.00000512
 142    0.0000021  -0.00000484
 143    0.0000025  -0.00000716
 144    0.0000015  -0.00000167
 145    0.0000000  -0.00000010
 146    0.0000022  -0.00000413
 147    0.0000017  -0.00000139
 148    0.0000020  -0.00000575
 149    0.0000014  -0.00000211
 150    0.0000000  -0.00000009
 151    0.0000016  -0.00000120
 152    0.0000015  -0.00000136
 153    0.0000018  -0.00000262
 154    0.0000014  -0.00000200
 155    0.0000000  -0.00000010
 156    0.0000015  -0.00000072
 157    0.0000015  -0.00000136
 158    0.0000016  -0.00000105
 159    0.0000013  -0.00000175
 160    0.0000000  -0.00000008
 161    0.0000015  -0.00000127
 162    0.0000015  -0.00000123
 163    0.0000014  -0.00000070
 164    0.0000012  -0.00000138
 165    0.0000000  -0.00000008
 166    0.0000014  -0.00000077
 167    0.0000014  -0.00000071
 168    0.0000014  -0.00000076
 169    0.0000011  -0.00000094
 170    0.0000000  -0.00000004
 171    0.0000011  -0.00000050
 172    0.0000014  -0.00000071
 173    0.0000012  -0.00000089
 174    0.0000011  -0.00000065
 175    0.0000000  -0.00000004
 
----------------
 Final Energies 
----------------
Final NOF Total Energy =     -40.4676216
 
Total Orbital Internal Iterations = 10
Total Occupation Internal Iterations = 0
 
Elapsed time:   68.98 Seconds

---------------------------------
   Lowdin Population Analysis    
---------------------------------
 Idx  Atom   Population   Charge 
---------------------------------
  1     C     5.704       0.296
  2     H     1.074      -0.074
  3     H     1.074      -0.074
  4     H     1.074      -0.074
  5     H     1.074      -0.074

---------------------------------
   M Diagnostic: 0.02
---------------------------------

