W4-11-f
/software/eb2024/easybuild/software/common/software/Julia/1.11.3-linux-x86_64/bin/julia
Job runing on nh003
Choosing scratch ...
Automatic scratch folder selection
/scratch/pobleyef/284214
/scratch/pobleyef/284214 directory
cp W4-11-f.jl W4-11-f.jld2 to  /scratch/pobleyef/284214/.
Computing Integrals
Basis Set                                            = def2-qzvp
Auxiliary Basis Set                                  = def2-universal-jkfit
Gaussian Type                                        = Spherical
Elapsed time:    3.45 Seconds

Number of basis functions                   (NBF)    = 57
Number of auxiliary basis functions         (NBFAUX) = 77
Inactive Doubly occupied orbitals up to     (NO1)    = 0
No. considered Strongly Doubly occupied MOs (NDOC)   = 4
No. considered Strongly Singly occupied MOs (NSOC)   = 1
NO. of Weakly occ. per St. Doubly occ.  MOs (NCWO)   = 13
Dimension of the Nat. Orb. subspace         (NBF5)   = 57
No. of electrons                                     = 9
    No. of alpha electrons                           = 5
    No. of beta electrons                            = 4
Multiplicity                                         = 2

Geometry
========
 F       0.0000000       0.0000000       0.0000000

No violations of the orthonormality
No violations of the orthonormality
 
PNOF8/ADABelief Calculation
==================
 
  Nitext  Nit_orb  Time   Nit_occ  Time         Eelec          Etot           Ediff      maxdiff    MaxGrad_orb  Grad_occ
     1      10    2.7e+01   24    3.3e+01   -99.62354131   -99.62354131 -10098.62354131   0.024385   9.8e-02   2.0e-04 0.02
     2      20    9.1e-02    9    2.5e-02   -99.65200893   -99.65200893    -0.02846762   0.004706   1.9e-02   2.4e-04 0.02
     3      20    6.1e-02    8    2.7e-02   -99.65752893   -99.65752893    -0.00552001   0.005271   2.1e-02   2.4e-04 0.01
     4      20    6.3e-02   15    3.7e-02   -99.65924175   -99.65924175    -0.00171282   0.008086   3.2e-02   1.9e-04 0.01
     5      20    6.9e-02    5    1.7e-02   -99.66107119   -99.66107119    -0.00182944   0.009136   3.7e-02   2.5e-04 0.02
     6      20    6.0e-02   11    3.2e-02   -99.66252839   -99.66252839    -0.00145719   0.007021   2.8e-02   1.9e-04 0.02
     7      20    6.7e-02    6    1.9e-02   -99.66323158   -99.66323158    -0.00070319   0.013178   5.3e-02   1.7e-04 0.02
     8      20    5.9e-02    8    2.8e-02   -99.66405228   -99.66405228    -0.00082070   0.008361   3.3e-02   2.1e-04 0.02
     9      20    6.4e-02    4    1.5e-02   -99.66427756   -99.66427756    -0.00022528   0.009291   3.7e-02   1.5e-04 0.02
    10      20    6.1e-02    2    7.1e-03   -99.66436390   -99.66436390    -0.00008634   0.008492   3.4e-02   1.6e-04 0.02
    11      20    6.1e-02    0    7.8e-03   -99.66437576   -99.66437576    -0.00001186   0.008492   3.4e-02   1.6e-04 0.02
    12      40    1.2e-01    2    1.1e-02   -99.66478795   -99.66478795    -0.00041219   0.001509   6.0e-03   2.0e-04 0.02
    13      40    1.2e-01    0    4.0e-03   -99.66481300   -99.66481300    -0.00002505   0.001898   7.6e-03   2.3e-04 0.02
    14      50    1.4e-01    2    1.1e-02   -99.66485050   -99.66485050    -0.00003750   0.001369   5.5e-03   1.7e-04 0.02
    15      50    1.4e-01    2    1.2e-02   -99.66486395   -99.66486395    -0.00001344   0.001874   7.5e-03   1.7e-04 0.02
    16      50    1.5e-01    2    7.1e-03   -99.66489953   -99.66489953    -0.00003558   0.001492   6.0e-03   1.8e-04 0.02
    17      50    1.5e-01    4    1.4e-02   -99.66491617   -99.66491617    -0.00001665   0.001638   6.6e-03   1.3e-04 0.02
    18      50    1.4e-01    6    2.1e-02   -99.66495813   -99.66495813    -0.00004195   0.001687   6.7e-03   1.8e-04 0.02
    19      50    1.4e-01    2    1.1e-02   -99.66502419   -99.66502419    -0.00006606   0.001374   5.5e-03   1.4e-04 0.02
    20      50    1.4e-01    4    1.1e-02   -99.66505737   -99.66505737    -0.00003318   0.001530   6.1e-03   1.5e-04 0.02
    21      50    1.5e-01    1    9.6e-03   -99.66510523   -99.66510523    -0.00004786   0.001305   5.2e-03   1.7e-04 0.02
    22      50    1.4e-01    4    1.1e-02   -99.66512281   -99.66512281    -0.00001758   0.001717   6.9e-03   1.7e-04 0.02
    23      50    1.4e-01    1    5.6e-03   -99.66515656   -99.66515656    -0.00003375   0.001420   5.7e-03   1.5e-04 0.02
    24      50    1.4e-01    0    3.7e-03   -99.66516992   -99.66516992    -0.00001336   0.001533   6.1e-03   1.3e-04 0.02
    25      60    1.7e-01    0    4.0e-03   -99.66517765   -99.66517765    -0.00000773   0.001341   5.4e-03   1.4e-04 0.02
    26      70    1.9e-01    0    3.5e-03   -99.66518712   -99.66518712    -0.00000947   0.000910   3.6e-03   1.3e-04 0.02
 
RESULTS OF THE OCCUPATION OPTIMIZATION
========================================
   1    1.9999726  -26.43032470
   2    1.9853384  -1.54212588
   3    1.9800779  -0.81995478
   4    1.9796882  -0.75127768
   5    1.0000000  -0.44673358
   6    0.0102155  -0.02015443
   7    0.0102695  -0.02173718
   8    0.0075029  -0.02229463
   9    0.0000118  -0.00048483
  10    0.0048680  -0.01083723
  11    0.0043423  -0.01065551
  12    0.0034013  -0.01030912
  13    0.0000027  -0.00007019
  14    0.0032669  -0.00793684
  15    0.0031902  -0.00792296
  16    0.0022762  -0.00686228
  17    0.0000018  -0.00005953
  18    0.0006277  -0.00381651
  19    0.0007439  -0.00274582
  20    0.0006224  -0.00456079
  21    0.0000016  -0.00005582
  22    0.0003138  -0.00120557
  23    0.0004338  -0.00156065
  24    0.0002610  -0.00118888
  25    0.0000016  -0.00005478
  26    0.0003110  -0.00119963
  27    0.0002641  -0.00104011
  28    0.0002303  -0.00100854
  29    0.0000015  -0.00005334
  30    0.0002200  -0.00086993
  31    0.0002285  -0.00090163
  32    0.0001970  -0.00087250
  33    0.0000014  -0.00004863
  34    0.0002137  -0.00085253
  35    0.0002146  -0.00086826
  36    0.0000864  -0.00131501
  37    0.0000012  -0.00004585
  38    0.0002086  -0.00081209
  39    0.0001664  -0.00067109
  40    0.0000204  -0.00016424
  41    0.0000012  -0.00004435
  42    0.0000184  -0.00014649
  43    0.0000197  -0.00012883
  44    0.0000174  -0.00013524
  45    0.0000010  -0.00001812
  46    0.0000177  -0.00013647
  47    0.0000182  -0.00012698
  48    0.0000159  -0.00011943
  49    0.0000008  -0.00001179
  50    0.0000159  -0.00012938
  51    0.0000158  -0.00011516
  52    0.0000154  -0.00012320
  53    0.0000007  -0.00000671
  54    0.0000144  -0.00010708
  55    0.0000151  -0.00011208
  56    0.0000150  -0.00011548
  57    0.0000002  -0.00004688
 
----------------
 Final Energies 
----------------
Final NOF Total Energy =     -99.6651871
 
Total Orbital Internal Iterations = 970
Total Occupation Internal Iterations = 122
 
Elapsed time:   83.06 Seconds

---------------------------------
   Lowdin Population Analysis    
---------------------------------
 Idx  Atom   Population   Charge 
---------------------------------
  1     F     9.000      -0.000

---------------------------------
   M Diagnostic: 0.02
---------------------------------

Recovering execution output...
Moving from /scratch/pobleyef/284214 to /home-nas/pobleyef/Poison-NOF/ncwomax/P30-5/GNOF/arina.284214
mkdir -p /home-nas/pobleyef/Poison-NOF/ncwomax/P30-5/GNOF/arina.284214
mv /scratch/pobleyef/284214/* /home-nas/pobleyef/Poison-NOF/ncwomax/P30-5/GNOF/arina.284214
