b
/software/eb2024/easybuild/software/common/software/Julia/1.11.3-linux-x86_64/bin/julia
Job runing on nh001
Choosing scratch ...
Automatic scratch folder selection
/scratch/pobleyef/168235
/scratch/pobleyef/168235 directory
cp b.jl b.jld2 to  /scratch/pobleyef/168235/.
Computing Integrals
Elapsed time:    6.03 Seconds

Number of basis functions                   (NBF)    = 57
Number of auxiliary basis functions         (NBFAUX) = 75
Inactive Doubly occupied orbitals up to     (NO1)    = 0
No. considered Strongly Doubly occupied MOs (NDOC)   = 2
No. considered Strongly Singly occupied MOs (NSOC)   = 1
NO. of Weakly occ. per St. Doubly occ.  MOs (NCWO)   = 27
Dimension of the Nat. Orb. subspace         (NBF5)   = 57
No. of electrons                                     = 5
    No. of alpha electrons                           = 3
    No. of beta electrons                            = 2
Multiplicity                                         = 2

Geometry
========
 B       0.0000000       0.0000000       0.0000000

No violations of the orthonormality
No violations of the orthonormality
 
PNOF8/ADABelief Calculation
==================
 
  Nitext  Nit_orb  Time   Nit_occ  Time         Eelec          Etot           Ediff      maxdiff    MaxGrad_orb  Grad_occ
     1      10    2.7e+01   41    3.5e+01   -24.53428449   -24.53428449 -10023.53428449   0.004498   1.4e-02   1.7e-04 0.05
     2      20    1.1e-01    9    2.7e-02   -24.59655950   -24.59655950    -0.06227500   0.045038   1.8e-01   1.5e-04 0.05
     3      20    6.4e-02   17    5.5e-02   -24.60181187   -24.60181187    -0.00525237   0.054908   2.2e-01   1.1e-04 0.04
     4      20    6.9e-02   14    4.3e-02   -24.60693846   -24.60693846    -0.00512659   0.002689   1.1e-02   1.2e-04 0.04
     5      20    7.5e-02    7    2.3e-02   -24.60994562   -24.60994562    -0.00300716   0.006179   2.5e-02   1.5e-04 0.04
     6      20    8.7e-02    6    2.1e-02   -24.61222125   -24.61222125    -0.00227563   0.006703   2.7e-02   1.5e-04 0.04
     7      20    6.5e-02   15    4.0e-02   -24.61421777   -24.61421777    -0.00199652   0.008901   3.6e-02   1.7e-04 0.04
     8      20    6.9e-02    4    1.8e-02   -24.61555852   -24.61555852    -0.00134074   0.005923   2.4e-02   1.7e-04 0.04
     9      20    5.7e-02    4    1.7e-02   -24.61608156   -24.61608156    -0.00052304   0.006682   2.7e-02   1.5e-04 0.04
    10      20    6.2e-02    4    1.9e-02   -24.61638025   -24.61638025    -0.00029869   0.009873   3.9e-02   1.8e-04 0.04
    11      20    7.4e-02    5    1.7e-02   -24.61652187   -24.61652187    -0.00014162   0.006213   2.5e-02   1.3e-04 0.04
    12      20    7.1e-02    1    5.9e-03   -24.61665194   -24.61665194    -0.00013008   0.007975   3.2e-02   1.5e-04 0.04
    13      20    6.7e-02    2    8.2e-03   -24.61672885   -24.61672885    -0.00007691   0.003722   1.5e-02   1.1e-04 0.04
    14      20    6.4e-02    1    5.9e-03   -24.61674615   -24.61674615    -0.00001730   0.003356   1.3e-02   9.0e-05 0.04
    15      20    6.5e-02    0    3.7e-03   -24.61675174   -24.61675174    -0.00000559   0.003010   1.2e-02   8.6e-05 0.04
    16      30    9.0e-02    0    3.7e-03   -24.61676718   -24.61676718    -0.00001544   0.002013   8.1e-03   9.7e-05 0.04
    17      40    1.3e-01    0    4.1e-03   -24.61676903   -24.61676903    -0.00000185   0.000646   2.6e-03   9.0e-05 0.04
 
RESULTS OF THE OCCUPATION OPTIMIZATION
========================================
   1    1.9994147  -7.69397260
   2    1.9474170  -0.51440461
   3    1.0000000  -0.16658131
   4    0.0186282  -0.01272288
   5    0.0004335  -0.00586495
   6    0.0180913  -0.01234708
   7    0.0001002  -0.00085900
   8    0.0063269  -0.00762960
   9    0.0000151  -0.00037138
  10    0.0034265  -0.00364169
  11    0.0000094  -0.00007927
  12    0.0016444  -0.00181093
  13    0.0000061  -0.00004636
  14    0.0011584  -0.00128376
  15    0.0000044  -0.00003959
  16    0.0011419  -0.00127718
  17    0.0000019  -0.00007725
  18    0.0005816  -0.00081891
  19    0.0000016  -0.00001546
  20    0.0003552  -0.00051358
  21    0.0000013  -0.00001369
  22    0.0002836  -0.00031332
  23    0.0000010  -0.00000940
  24    0.0002031  -0.00027713
  25    0.0000009  -0.00000923
  26    0.0001353  -0.00018385
  27    0.0000009  -0.00000891
  28    0.0001011  -0.00015735
  29    0.0000008  -0.00000839
  30    0.0000990  -0.00015474
  31    0.0000008  -0.00000676
  32    0.0000771  -0.00011549
  33    0.0000008  -0.00000541
  34    0.0000619  -0.00010837
  35    0.0000008  -0.00000534
  36    0.0000430  -0.00008628
  37    0.0000007  -0.00000607
  38    0.0000365  -0.00007478
  39    0.0000007  -0.00000451
  40    0.0000322  -0.00004585
  41    0.0000006  -0.00000356
  42    0.0000318  -0.00003778
  43    0.0000006  -0.00000316
  44    0.0000279  -0.00004511
  45    0.0000006  -0.00000270
  46    0.0000257  -0.00004413
  47    0.0000005  -0.00000243
  48    0.0000173  -0.00003098
  49    0.0000005  -0.00000201
  50    0.0000168  -0.00003067
  51    0.0000005  -0.00000116
  52    0.0000140  -0.00002862
  53    0.0000005  -0.00000116
  54    0.0000129  -0.00002413
  55    0.0000005  -0.00000045
  56    0.0000095  -0.00002274
  57    0.0000004  -0.00000037
 
----------------
 Final Energies 
----------------
Final NOF Total Energy =     -24.6167690
 
Total Orbital Internal Iterations = 360
Total Occupation Internal Iterations = 130
 
Elapsed time:   82.22 Seconds

---------------------------------
   Lowdin Population Analysis    
---------------------------------
 Idx  Atom   Population   Charge 
---------------------------------
  1     B     5.000      -0.000

---------------------------------
   M Diagnostic: 0.04
---------------------------------

Recovering execution output...
Moving from /scratch/pobleyef/168235 to /home-nas/pobleyef/Poison-Set/ncwomax/P30-5/GNOF/arina.168235
mkdir -p /home-nas/pobleyef/Poison-Set/ncwomax/P30-5/GNOF/arina.168235
mv /scratch/pobleyef/168235/* /home-nas/pobleyef/Poison-Set/ncwomax/P30-5/GNOF/arina.168235
