cl
/software/eb2024/easybuild/software/common/software/Julia/1.11.3-linux-x86_64/bin/julia
Job runing on na11
Choosing scratch ...
Automatic scratch folder selection
/scratch/pobleyef/185730
/scratch/pobleyef/185730 directory
cp cl.jl cl.jld2 to  /scratch/pobleyef/185730/.
Computing Integrals
Elapsed time:    9.08 Seconds

Number of basis functions                   (NBF)    = 70
Number of auxiliary basis functions         (NBFAUX) = 128
Inactive Doubly occupied orbitals up to     (NO1)    = 0
No. considered Strongly Doubly occupied MOs (NDOC)   = 8
No. considered Strongly Singly occupied MOs (NSOC)   = 1
NO. of Weakly occ. per St. Doubly occ.  MOs (NCWO)   = 7
Dimension of the Nat. Orb. subspace         (NBF5)   = 65
No. of electrons                                     = 17
    No. of alpha electrons                           = 9
    No. of beta electrons                            = 8
Multiplicity                                         = 2

Geometry
========
Cl       0.0000000       0.0000000       0.0000000

No violations of the orthonormality
No violations of the orthonormality
 
PNOF8/ADABelief Calculation
==================
 
  Nitext  Nit_orb  Time   Nit_occ  Time         Eelec          Etot           Ediff      maxdiff    MaxGrad_orb  Grad_occ
     1      10    1.7e+01   10    2.1e+01  -459.97520028  -459.97520028 -10458.97520028   0.001139   4.6e-03   2.2e-04 0.02
     2      20    8.1e-02    0    2.4e-03  -459.97549854  -459.97549854    -0.00029827   0.001139   4.6e-03   2.2e-04 0.02
     3      40    1.6e-01    3    9.9e-03  -459.97564571  -459.97564571    -0.00014716   0.003622   1.4e-02   3.0e-04 0.02
     4      40    1.6e-01   14    2.5e-02  -459.97575607  -459.97575607    -0.00011036   0.003205   1.3e-02   2.1e-04 0.02
     5      40    1.8e-01    1    7.8e-03  -459.97583786  -459.97583786    -0.00008179   0.006472   2.6e-02   2.4e-04 0.02
     6      40    2.8e-01    2    7.8e-03  -459.97588577  -459.97588577    -0.00004791   0.003065   1.2e-02   1.5e-04 0.02
     7      40    1.9e-01    0    5.1e-03  -459.97590979  -459.97590979    -0.00002402   0.002980   1.2e-02   1.7e-04 0.02
     8      50    1.9e-01    1    3.2e-03  -459.97594153  -459.97594153    -0.00003174   0.002657   1.1e-02   1.5e-04 0.02
     9      50    2.2e-01    0    3.5e-03  -459.97594402  -459.97594402    -0.00000249   0.002802   1.1e-02   1.7e-04 0.02
    10      60    2.4e-01    0    7.2e-03  -459.97594402  -459.97594402     0.00000000   0.002802   1.1e-02   1.7e-04 0.02
    11      62    2.4e-01    0    6.0e-03  -459.97596940  -459.97596940    -0.00002538   0.000497   2.0e-03   1.6e-04 0.02
 
RESULTS OF THE OCCUPATION OPTIMIZATION
========================================
   1    1.9999988  -104.94349898
   2    1.9995537  -10.63851444
   3    1.9987876  -8.10163128
   4    1.9989693  -8.10032120
   5    1.9989181  -8.09893308
   6    1.9794020  -1.09000701
   7    1.9780205  -0.51458797
   8    1.9680340  -0.51301683
   9    1.0000000  -0.30055968
  10    0.0106419  -0.01810421
  11    0.0063975  -0.02017704
  12    0.0065541  -0.02879000
  13    0.0005554  -0.01135381
  14    0.0008812  -0.00956962
  15    0.0006794  -0.00939172
  16    0.0003711  -0.00985841
  17    0.0000006  -0.00001950
  18    0.0105942  -0.01809006
  19    0.0062449  -0.01791095
  20    0.0055089  -0.01556334
  21    0.0003788  -0.00966814
  22    0.0000684  -0.00307907
  23    0.0004305  -0.01049385
  24    0.0000251  -0.00032392
  25    0.0000003  -0.00001452
  26    0.0090316  -0.01579504
  27    0.0049056  -0.01706626
  28    0.0053002  -0.01726840
  29    0.0000620  -0.00073697
  30    0.0000402  -0.00040332
  31    0.0000653  -0.00101823
  32    0.0000246  -0.00032468
  33    0.0000001  -0.00000725
  34    0.0004970  -0.00117190
  35    0.0019593  -0.00954565
  36    0.0018988  -0.00979517
  37    0.0000530  -0.00060030
  38    0.0000116  -0.00017551
  39    0.0000136  -0.00042522
  40    0.0000123  -0.00051280
  41    0.0000001  -0.00000662
  42    0.0004882  -0.00118211
  43    0.0016446  -0.00778554
  44    0.0005034  -0.00158946
  45    0.0000141  -0.00014152
  46    0.0000114  -0.00021246
  47    0.0000100  -0.00010404
  48    0.0000056  -0.00006153
  49    0.0000001  -0.00000558
  50    0.0004811  -0.00116682
  51    0.0005978  -0.00167551
  52    0.0004193  -0.00131463
  53    0.0000097  -0.00010223
  54    0.0000091  -0.00009542
  55    0.0000075  -0.00007579
  56    0.0000045  -0.00005359
  57    0.0000000  -0.00000420
  58    0.0002320  -0.00098121
  59    0.0002299  -0.00106900
  60    0.0004134  -0.00129899
  61    0.0000088  -0.00009334
  62    0.0000088  -0.00009282
  63    0.0000062  -0.00006733
  64    0.0000030  -0.00058940
  65    0.0000000  -0.00000357
 
----------------
 Final Energies 
----------------
Final NOF Total Energy =    -459.9759694
 
Total Orbital Internal Iterations = 452
Total Occupation Internal Iterations = 31
 
Elapsed time:   51.99 Seconds

---------------------------------
   Lowdin Population Analysis    
---------------------------------
 Idx  Atom   Population   Charge 
---------------------------------
  1    Cl    17.000      -0.000

---------------------------------
   M Diagnostic: 0.02
---------------------------------

Recovering execution output...
Moving from /scratch/pobleyef/185730 to /home-nas/pobleyef/Poison-NOF/ncwomax/P30-5/GNOF/arina.185730
mkdir -p /home-nas/pobleyef/Poison-NOF/ncwomax/P30-5/GNOF/arina.185730
mv /scratch/pobleyef/185730/* /home-nas/pobleyef/Poison-NOF/ncwomax/P30-5/GNOF/arina.185730
