Computing Integrals
Basis Set                                            = def2-qzvp
Auxiliary Basis Set                                  = def2-universal-jkfit
Gaussian Type                                        = Spherical
Elapsed time:    3.12 Seconds

Number of basis functions                   (NBF)    = 117
Number of auxiliary basis functions         (NBFAUX) = 113
Inactive Doubly occupied orbitals up to     (NO1)    = 0
No. considered Strongly Doubly occupied MOs (NDOC)   = 5
No. considered Strongly Singly occupied MOs (NSOC)   = 0
NO. of Weakly occ. per St. Doubly occ.  MOs (NCWO)   = 22
Dimension of the Nat. Orb. subspace         (NBF5)   = 115
No. of electrons                                     = 10
    No. of alpha electrons                           = 5
    No. of beta electrons                            = 5
Multiplicity                                         = 1

Geometry
========
 O       0.0000000       0.0000000       0.1169610
 H       0.0000000       0.7635680      -0.4678450
 H       0.0000000      -0.7635680      -0.4678450

Orthonormality violations 6010, Maximum Violation 0.000067
Trying to orthonormalize
No violations of the orthonormality
No violations of the orthonormality
 
PNOF8/ADABelief Calculation
==================
 
  Nitext  Nit_orb  Time   Nit_occ  Time         Eelec          Etot           Ediff      maxdiff    MaxGrad_orb  Grad_occ
     1      10    3.6e+01    0    2.5e+01   -85.51905817   -76.36932710 -10084.51905817   0.000098   3.9e-04   1.6e-04 0.02
 
RESULTS OF THE OCCUPATION OPTIMIZATION
========================================
   1    1.9999872  -20.59557519
   2    1.9877767  -1.27595255
   3    1.9738809  -0.74866213
   4    1.9726196  -0.73443803
   5    1.9769007  -0.54809642
   6    0.0108519  -0.01857285
   7    0.0188549  -0.03025680
   8    0.0206849  -0.03187088
   9    0.0073817  -0.01939843
  10    0.0000108  -0.00042090
  11    0.0048743  -0.00976006
  12    0.0038401  -0.00816883
  13    0.0041454  -0.00854157
  14    0.0011696  -0.00534996
  15    0.0000008  -0.00000602
  16    0.0043166  -0.00876482
  17    0.0037770  -0.00814976
  18    0.0004294  -0.00120581
  19    0.0008014  -0.00289418
  20    0.0000006  -0.00001162
  21    0.0011763  -0.00360844
  22    0.0003020  -0.00094143
  23    0.0003978  -0.00117467
  24    0.0006332  -0.00209738
  25    0.0000003  -0.00002963
  26    0.0006838  -0.00296280
  27    0.0002534  -0.00088773
  28    0.0001139  -0.00044578
  29    0.0005920  -0.00299336
  30    0.0000000  -0.00000091
  31    0.0004214  -0.00127306
  32    0.0001168  -0.00045264
  33    0.0000765  -0.00028920
  34    0.0005079  -0.00164576
  35    0.0000000  -0.00000072
  36    0.0002777  -0.00085528
  37    0.0000652  -0.00024682
  38    0.0000693  -0.00027271
  39    0.0003224  -0.00111242
  40    0.0000000  -0.00000057
  41    0.0001565  -0.00069364
  42    0.0000437  -0.00014855
  43    0.0000383  -0.00015768
  44    0.0002753  -0.00100622
  45    0.0000000  -0.00000053
  46    0.0001151  -0.00038889
  47    0.0000329  -0.00013851
  48    0.0000363  -0.00017459
  49    0.0002649  -0.00093423
  50    0.0000000  -0.00000049
  51    0.0000810  -0.00031131
  52    0.0000269  -0.00012987
  53    0.0000336  -0.00014945
  54    0.0000865  -0.00117985
  55    0.0000000  -0.00000047
  56    0.0000342  -0.00015127
  57    0.0000160  -0.00007499
  58    0.0000244  -0.00011561
  59    0.0000423  -0.00020596
  60    0.0000000  -0.00000036
  61    0.0000192  -0.00009546
  62    0.0000126  -0.00005800
  63    0.0000171  -0.00010370
  64    0.0000337  -0.00016594
  65    0.0000000  -0.00000037
  66    0.0000171  -0.00009705
  67    0.0000109  -0.00004812
  68    0.0000153  -0.00008585
  69    0.0000223  -0.00013192
  70    0.0000000  -0.00000034
  71    0.0000160  -0.00007504
  72    0.0000075  -0.00004227
  73    0.0000098  -0.00005285
  74    0.0000200  -0.00012374
  75    0.0000000  -0.00000034
  76    0.0000125  -0.00006099
  77    0.0000046  -0.00001199
  78    0.0000063  -0.00002787
  79    0.0000184  -0.00011205
  80    0.0000000  -0.00000031
  81    0.0000121  -0.00006460
  82    0.0000038  -0.00000786
  83    0.0000057  -0.00002210
  84    0.0000130  -0.00007309
  85    0.0000000  -0.00000031
  86    0.0000088  -0.00004195
  87    0.0000029  -0.00000889
  88    0.0000037  -0.00001435
  89    0.0000114  -0.00006711
  90    0.0000000  -0.00000020
  91    0.0000075  -0.00003931
  92    0.0000024  -0.00000409
  93    0.0000030  -0.00000746
  94    0.0000087  -0.00005390
  95    0.0000000  -0.00000022
  96    0.0000055  -0.00002736
  97    0.0000019  -0.00000398
  98    0.0000025  -0.00000673
  99    0.0000065  -0.00004655
 100    0.0000000  -0.00000021
 101    0.0000047  -0.00001542
 102    0.0000017  -0.00000334
 103    0.0000023  -0.00000416
 104    0.0000044  -0.00002936
 105    0.0000000  -0.00000022
 106    0.0000039  -0.00001592
 107    0.0000017  -0.00000327
 108    0.0000020  -0.00000372
 109    0.0000041  -0.00002332
 110    0.0000000  -0.00000019
 111    0.0000032  -0.00001167
 112    0.0000013  -0.00000249
 113    0.0000016  -0.00000339
 114    0.0000035  -0.00001945
 115    0.0000000  -0.00000018
 
----------------
 Final Energies 
----------------
Final NOF Total Energy =     -76.3693271
 
Total Orbital Internal Iterations = 10
Total Occupation Internal Iterations = 0
 
Elapsed time:   79.12 Seconds

---------------------------------
   Lowdin Population Analysis    
---------------------------------
 Idx  Atom   Population   Charge 
---------------------------------
  1     O     7.352       0.648
  2     H     1.323      -0.323
  3     H     1.325      -0.325

---------------------------------
   M Diagnostic: 0.02
---------------------------------

