Computing Integrals
Basis Set                                            = def2-qzvp
Auxiliary Basis Set                                  = def2-universal-jkfit
Gaussian Type                                        = Spherical
Elapsed time:    1.54 Seconds

Number of basis functions                   (NBF)    = 57
Number of auxiliary basis functions         (NBFAUX) = 77
Inactive Doubly occupied orbitals up to     (NO1)    = 0
No. considered Strongly Doubly occupied MOs (NDOC)   = 5
No. considered Strongly Singly occupied MOs (NSOC)   = 0
NO. of Weakly occ. per St. Doubly occ.  MOs (NCWO)   = 1
Dimension of the Nat. Orb. subspace         (NBF5)   = 10
No. of electrons                                     = 10
    No. of alpha electrons                           = 5
    No. of beta electrons                            = 5
Multiplicity                                         = 1

Geometry
========
 F      -0.2051159       1.1919457      -0.6962901

No violations of the orthonormality
No violations of the orthonormality
 
PNOF5/ADABelief Calculation
==================
 
  Nitext  Nit_orb  Time   Nit_occ  Time         Eelec          Etot           Ediff      maxdiff    MaxGrad_orb  Grad_occ
     1      10    8.9e+00    0    1.2e+01   -99.52709501   -99.52709501 -10098.52709501   0.000020   7.8e-05   5.6e-05 0.01
 
RESULTS OF THE OCCUPATION OPTIMIZATION
========================================
   1    1.9998595  -25.80400962
   2    1.9902795  -0.42448747
   3    1.9902127  -0.42361901
   4    1.9901987  -0.42343748
   5    1.9901778  -0.42316692
   6    0.0098222  -0.01032981
   7    0.0098013  -0.01032423
   8    0.0097873  -0.01032050
   9    0.0097205  -0.01030265
  10    0.0001405  -0.00664906
 
----------------
 Final Energies 
----------------
Final NOF Total Energy =     -99.5270950
 
Total Orbital Internal Iterations = 10
Total Occupation Internal Iterations = 0
 
Elapsed time:   26.59 Seconds

---------------------------------
   Lowdin Population Analysis    
---------------------------------
 Idx  Atom   Population   Charge 
---------------------------------
  1     F    10.000      -1.000

---------------------------------
   M Diagnostic: 0.01
---------------------------------

