Computing Integrals
Basis Set                                            = def2-qzvp
Auxiliary Basis Set                                  = def2-universal-jkfit
Gaussian Type                                        = Spherical
Elapsed time:    3.33 Seconds

Number of basis functions                   (NBF)    = 294
Number of auxiliary basis functions         (NBFAUX) = 260
Inactive Doubly occupied orbitals up to     (NO1)    = 0
No. considered Strongly Doubly occupied MOs (NDOC)   = 9
No. considered Strongly Singly occupied MOs (NSOC)   = 1
NO. of Weakly occ. per St. Doubly occ.  MOs (NCWO)   = 1
Dimension of the Nat. Orb. subspace         (NBF5)   = 19
No. of electrons                                     = 19
    No. of alpha electrons                           = 10
    No. of beta electrons                            = 9
Multiplicity                                         = 2

Geometry
========
 C      -1.0637767      -0.0000137      -0.0826135
 N       1.5102261      -0.0000127      -0.2316868
 H      -1.3870141       0.9085314      -0.5796489
 H      -1.2667003      -0.0045807       0.9823998
 H      -1.3877761      -0.9038901      -0.5876045
 H       0.2400802      -0.0000717      -0.2465964
 H       1.6774302       0.8055694       0.3728469
 H       1.6775308      -0.8055319       0.3729035

Orthonormality violations 47256, Maximum Violation 0.000133
Trying to orthonormalize
No violations of the orthonormality
No violations of the orthonormality
 
PNOF5/ADABelief Calculation
==================
 
  Nitext  Nit_orb  Time   Nit_occ  Time         Eelec          Etot           Ediff      maxdiff    MaxGrad_orb  Grad_occ
     1      10    1.0e+01    0    1.2e+01  -135.29459980   -95.86626714 -10134.29459980   0.000028   1.1e-04   1.0e-04 0.02
 
RESULTS OF THE OCCUPATION OPTIMIZATION
========================================
   1    1.9997375  -15.54785738
   2    1.9996177  -11.21372963
   3    1.9829707  -0.79533035
   4    1.9828455  -0.79484640
   5    1.9843870  -0.68195994
   6    1.9845646  -0.68086165
   7    1.9845161  -0.68077004
   8    1.9912632  -0.67109638
   9    1.9903577  -0.62034935
  10    1.0000000  -0.18319817
  11    0.0096423  -0.00893006
  12    0.0087368  -0.00721408
  13    0.0154839  -0.01261969
  14    0.0154354  -0.01260306
  15    0.0156130  -0.01271889
  16    0.0171545  -0.01571264
  17    0.0170293  -0.01566252
  18    0.0003823  -0.00771675
  19    0.0002625  -0.00737707
 
----------------
 Final Energies 
----------------
Final NOF Total Energy =     -95.8662671
 
Total Orbital Internal Iterations = 10
Total Occupation Internal Iterations = 0
 
Elapsed time:   29.48 Seconds

---------------------------------
   Lowdin Population Analysis    
---------------------------------
 Idx  Atom   Population   Charge 
---------------------------------
  1     C     5.625       0.375
  2     N     6.455       0.545
  3     H     1.094      -0.094
  4     H     1.100      -0.100
  5     H     1.094      -0.094
  6     H     1.220      -0.220
  7     H     1.206      -0.206
  8     H     1.206      -0.206

---------------------------------
   M Diagnostic: 0.02
---------------------------------

