Computing Integrals
Basis Set                                            = def2-qzvp
Auxiliary Basis Set                                  = def2-universal-jkfit
Gaussian Type                                        = Spherical
Elapsed time:    3.09 Seconds

Number of basis functions                   (NBF)    = 234
Number of auxiliary basis functions         (NBFAUX) = 224
Inactive Doubly occupied orbitals up to     (NO1)    = 0
No. considered Strongly Doubly occupied MOs (NDOC)   = 8
No. considered Strongly Singly occupied MOs (NSOC)   = 2
NO. of Weakly occ. per St. Doubly occ.  MOs (NCWO)   = 1
Dimension of the Nat. Orb. subspace         (NBF5)   = 18
No. of electrons                                     = 18
    No. of alpha electrons                           = 10
    No. of beta electrons                            = 8
Multiplicity                                         = 3

Geometry
========
 C       0.0008704      -0.5056106       0.0000000
 H      -1.0553769      -0.7480585       0.0000000
 H       0.5207479      -0.7707125       0.9124497
 H       0.5207479      -0.7707125      -0.9124497
 H       0.0121404       0.7967756       0.0000000
 O       0.0008704       1.9983186       0.0000000

Orthonormality violations 18143, Maximum Violation 0.000060
Trying to orthonormalize
No violations of the orthonormality
No violations of the orthonormality
 
PNOF5/ADABelief Calculation
==================
 
  Nitext  Nit_orb  Time   Nit_occ  Time         Eelec          Etot           Ediff      maxdiff    MaxGrad_orb  Grad_occ
     1      10    9.9e+00    0    1.2e+01  -145.96540728  -115.05514023 -10144.96540728   0.000013   5.4e-05   7.2e-05 0.02
 
RESULTS OF THE OCCUPATION OPTIMIZATION
========================================
   1    1.9998137  -20.59768053
   2    1.9996192  -11.24046398
   3    1.9934792  -0.87484958
   4    1.9933969  -0.87280443
   5    1.9919813  -0.73801955
   6    1.9845993  -0.70610019
   7    1.9846674  -0.70595036
   8    1.9845947  -0.70588906
   9    1.0000000  -0.32886688
  10    1.0000000  -0.22856363
  11    0.0154053  -0.01278772
  12    0.0153326  -0.01275655
  13    0.0154007  -0.01278278
  14    0.0080187  -0.00717913
  15    0.0066031  -0.00881018
  16    0.0065208  -0.00875841
  17    0.0003808  -0.00770236
  18    0.0001863  -0.00698746
 
----------------
 Final Energies 
----------------
Final NOF Total Energy =    -115.0551402
 
Total Orbital Internal Iterations = 10
Total Occupation Internal Iterations = 0
 
Elapsed time:   29.48 Seconds

---------------------------------
   Lowdin Population Analysis    
---------------------------------
 Idx  Atom   Population   Charge 
---------------------------------
  1     C     5.595       0.405
  2     H     1.087      -0.087
  3     H     1.088      -0.088
  4     H     1.088      -0.088
  5     H     1.385      -0.385
  6     O     7.758       0.242

---------------------------------
   M Diagnostic: 0.02
---------------------------------

