Computing Integrals
Basis Set                                            = def2-qzvp
Auxiliary Basis Set                                  = def2-universal-jkfit
Gaussian Type                                        = Spherical
Elapsed time:    1.71 Seconds

Number of basis functions                   (NBF)    = 87
Number of auxiliary basis functions         (NBFAUX) = 95
Inactive Doubly occupied orbitals up to     (NO1)    = 0
No. considered Strongly Doubly occupied MOs (NDOC)   = 5
No. considered Strongly Singly occupied MOs (NSOC)   = 0
NO. of Weakly occ. per St. Doubly occ.  MOs (NCWO)   = 1
Dimension of the Nat. Orb. subspace         (NBF5)   = 10
No. of electrons                                     = 10
    No. of alpha electrons                           = 5
    No. of beta electrons                            = 5
Multiplicity                                         = 1

Geometry
========
 F       0.0000000       0.0000000       0.4576912
 H       0.0000000       0.0000000      -0.4576912

Orthonormality violations 2261, Maximum Violation 0.000062
Trying to orthonormalize
No violations of the orthonormality
No violations of the orthonormality
 
PNOF5/ADABelief Calculation
==================
 
  Nitext  Nit_orb  Time   Nit_occ  Time         Eelec          Etot           Ediff      maxdiff    MaxGrad_orb  Grad_occ
     1      10    9.0e+00    0    1.2e+01  -105.34537899  -100.14254253 -10104.34537899   0.000018   7.3e-05   7.9e-05 0.02
 
RESULTS OF THE OCCUPATION OPTIMIZATION
========================================
   1    1.9998618  -26.26210271
   2    1.9818539  -0.99791854
   3    1.9934640  -0.93039008
   4    1.9934533  -0.93018567
   5    1.9934248  -0.92964208
   6    0.0065752  -0.00996791
   7    0.0065467  -0.00995270
   8    0.0065360  -0.00994698
   9    0.0181461  -0.02062671
  10    0.0001382  -0.00661342
 
----------------
 Final Energies 
----------------
Final NOF Total Energy =    -100.1425425
 
Total Orbital Internal Iterations = 10
Total Occupation Internal Iterations = 0
 
Elapsed time:   28.01 Seconds

---------------------------------
   Lowdin Population Analysis    
---------------------------------
 Idx  Atom   Population   Charge 
---------------------------------
  1     F     8.511       0.489
  2     H     1.489      -0.489

---------------------------------
   M Diagnostic: 0.02
---------------------------------

