Computing Integrals
Basis Set                                            = def2-qzvp
Auxiliary Basis Set                                  = def2-universal-jkfit
Gaussian Type                                        = Spherical
Elapsed time:    1.75 Seconds

Number of basis functions                   (NBF)    = 177
Number of auxiliary basis functions         (NBFAUX) = 147
Inactive Doubly occupied orbitals up to     (NO1)    = 0
No. considered Strongly Doubly occupied MOs (NDOC)   = 5
No. considered Strongly Singly occupied MOs (NSOC)   = 0
NO. of Weakly occ. per St. Doubly occ.  MOs (NCWO)   = 1
Dimension of the Nat. Orb. subspace         (NBF5)   = 10
No. of electrons                                     = 10
    No. of alpha electrons                           = 5
    No. of beta electrons                            = 5
Multiplicity                                         = 1

Geometry
========
 C       0.0000000       0.0000000       0.0000000
 H       0.6278371      -0.6278371       0.6278371
 H      -0.6278371       0.6278371       0.6278371
 H      -0.6278371      -0.6278371      -0.6278371
 H       0.6278371       0.6278371      -0.6278371

Orthonormality violations 19588, Maximum Violation 0.000157
Trying to orthonormalize
No violations of the orthonormality
No violations of the orthonormality
 
PNOF5/ADABelief Calculation
==================
 
  Nitext  Nit_orb  Time   Nit_occ  Time         Eelec          Etot           Ediff      maxdiff    MaxGrad_orb  Grad_occ
     1      10    9.4e+00    0    1.2e+01   -53.75587031   -40.28894993 -10052.75587031   0.000022   9.0e-05   2.8e-05 0.02
 
RESULTS OF THE OCCUPATION OPTIMIZATION
========================================
   1    1.9996252  -11.18840345
   2    1.9837816  -0.65478193
   3    1.9837679  -0.65476007
   4    1.9837450  -0.65472287
   5    1.9837249  -0.65469097
   6    0.0162751  -0.01284221
   7    0.0162550  -0.01283552
   8    0.0162321  -0.01282790
   9    0.0162184  -0.01282339
  10    0.0003748  -0.00760216
 
----------------
 Final Energies 
----------------
Final NOF Total Energy =     -40.2889499
 
Total Orbital Internal Iterations = 10
Total Occupation Internal Iterations = 0
 
Elapsed time:   28.43 Seconds

---------------------------------
   Lowdin Population Analysis    
---------------------------------
 Idx  Atom   Population   Charge 
---------------------------------
  1     C     5.689       0.311
  2     H     1.078      -0.078
  3     H     1.078      -0.078
  4     H     1.078      -0.078
  5     H     1.078      -0.078

---------------------------------
   M Diagnostic: 0.02
---------------------------------

