Computing Integrals
Basis Set                                            = def2-qzvp
Auxiliary Basis Set                                  = def2-universal-jkfit
Gaussian Type                                        = Spherical
Elapsed time:   12.53 Seconds

Number of basis functions                   (NBF)    = 642
Number of auxiliary basis functions         (NBFAUX) = 634
Inactive Doubly occupied orbitals up to     (NO1)    = 0
No. considered Strongly Doubly occupied MOs (NDOC)   = 25
No. considered Strongly Singly occupied MOs (NSOC)   = 0
NO. of Weakly occ. per St. Doubly occ.  MOs (NCWO)   = 1
Dimension of the Nat. Orb. subspace         (NBF5)   = 50
No. of electrons                                     = 50
    No. of alpha electrons                           = 25
    No. of beta electrons                            = 25
Multiplicity                                         = 1

Geometry
========
 C      -1.4389280      -0.1098150       0.5320710
 H      -2.4723350       0.0745730       0.8248840
 O      -1.4725270      -1.0835520      -0.5024510
 C      -0.7982190       1.2040860       0.0870420
 H      -1.4570380       1.6941530      -0.6322070
 H      -0.7309590       1.8612060       0.9598960
 C       0.5916280       1.0561430      -0.5438030
 H       1.0126080       2.0524650      -0.6999240
 H       0.5035310       0.5962270      -1.5304770
 H      -0.5860970      -1.4623720      -0.5039450
 H      -0.9167790      -0.5057240       1.4080120
 C       1.5807110       0.2380840       0.2816880
 H       2.6061380       0.4720480      -0.0111360
 H       1.4811300       0.4692730       1.3425220
 O       1.3607170      -1.1796070       0.1661890
 H       1.8431270      -1.4775620      -0.6095270

Orthonormality violations 213595, Maximum Violation 0.000157
Trying to orthonormalize
No violations of the orthonormality
No violations of the orthonormality
 
PNOF5/ADABelief Calculation
==================
 
  Nitext  Nit_orb  Time   Nit_occ  Time         Eelec          Etot           Ediff      maxdiff    MaxGrad_orb  Grad_occ
     1      10    1.6e+01    0    1.2e+01  -571.93035372  -307.51187430 -10570.93035372   0.000019   7.6e-05   1.3e-04 0.02
 
RESULTS OF THE OCCUPATION OPTIMIZATION
========================================
   1    1.9998121  -20.54625882
   2    1.9998121  -20.51057757
   3    1.9996217  -11.26579153
   4    1.9996219  -11.24140874
   5    1.9996240  -11.20710545
   6    1.9996240  -11.19952719
   7    1.9820772  -0.89268730
   8    1.9840035  -0.86608672
   9    1.9810625  -0.86505458
  10    1.9816019  -0.84310484
  11    1.9926228  -0.77692718
  12    1.9918023  -0.75119782
  13    1.9861529  -0.72966226
  14    1.9916233  -0.71628951
  15    1.9916666  -0.71360231
  16    1.9860662  -0.71105457
  17    1.9857946  -0.70368066
  18    1.9834402  -0.69739769
  19    1.9834316  -0.69279616
  20    1.9835030  -0.67163542
  21    1.9836146  -0.67023507
  22    1.9833278  -0.66929503
  23    1.9837275  -0.66800260
  24    1.9835658  -0.66289402
  25    1.9835866  -0.65932548
  26    0.0164134  -0.01306347
  27    0.0164342  -0.01306856
  28    0.0162725  -0.01304121
  29    0.0166722  -0.01345727
  30    0.0163854  -0.01311383
  31    0.0164970  -0.01336687
  32    0.0165684  -0.01360345
  33    0.0165598  -0.01361494
  34    0.0142054  -0.01210004
  35    0.0139338  -0.01212739
  36    0.0083334  -0.00965639
  37    0.0083767  -0.00972200
  38    0.0138471  -0.01221923
  39    0.0081977  -0.00972735
  40    0.0073772  -0.00916599
  41    0.0183981  -0.01798411
  42    0.0189375  -0.01856081
  43    0.0159965  -0.01673420
  44    0.0179228  -0.01829859
  45    0.0003760  -0.00762885
  46    0.0003760  -0.00762960
  47    0.0003781  -0.00766532
  48    0.0003783  -0.00767126
  49    0.0001879  -0.00701251
  50    0.0001879  -0.00701806
 
----------------
 Final Energies 
----------------
Final NOF Total Energy =    -307.5118743
 
Total Orbital Internal Iterations = 10
Total Occupation Internal Iterations = 0
 
Elapsed time:   38.44 Seconds

---------------------------------
   Lowdin Population Analysis    
---------------------------------
 Idx  Atom   Population   Charge 
---------------------------------
  1     C     6.102      -0.102
  2     H     1.062      -0.062
  3     O     7.442       0.558
  4     C     5.913       0.087
  5     H     1.049      -0.049
  6     H     1.047      -0.047
  7     C     5.913       0.087
  8     H     1.048      -0.048
  9     H     1.049      -0.049
 10     H     1.365      -0.365
 11     H     1.061      -0.061
 12     C     6.074      -0.074
 13     H     1.063      -0.063
 14     H     1.056      -0.056
 15     O     7.416       0.584
 16     H     1.339      -0.339

---------------------------------
   M Diagnostic: 0.02
---------------------------------

