Computing Integrals
Basis Set                                            = def2-qzvp
Auxiliary Basis Set                                  = def2-universal-jkfit
Gaussian Type                                        = Spherical
Elapsed time:    1.78 Seconds

Number of basis functions                   (NBF)    = 177
Number of auxiliary basis functions         (NBFAUX) = 147
Inactive Doubly occupied orbitals up to     (NO1)    = 0
No. considered Strongly Doubly occupied MOs (NDOC)   = 5
No. considered Strongly Singly occupied MOs (NSOC)   = 0
NO. of Weakly occ. per St. Doubly occ.  MOs (NCWO)   = 1
Dimension of the Nat. Orb. subspace         (NBF5)   = 10
No. of electrons                                     = 10
    No. of alpha electrons                           = 5
    No. of beta electrons                            = 5
Multiplicity                                         = 1

Geometry
========
 C       0.0000000       0.0000000       0.0000000
 H       0.6285100      -0.6285100       0.6285100
 H      -0.6285100       0.6285100       0.6285100
 H      -0.6285100      -0.6285100      -0.6285100
 H       0.6285100       0.6285100      -0.6285100

Orthonormality violations 28, Maximum Violation 0.000002
Trying to orthonormalize
No violations of the orthonormality
No violations of the orthonormality
 
PNOF5/ADABelief Calculation
==================
 
  Nitext  Nit_orb  Time   Nit_occ  Time         Eelec          Etot           Ediff      maxdiff    MaxGrad_orb  Grad_occ
     1      10    9.4e+00    0    1.2e+01   -53.74152176   -40.28901964 -10052.74152176   0.000010   4.0e-05   2.2e-04 0.02
 
RESULTS OF THE OCCUPATION OPTIMIZATION
========================================
   1    1.9996258  -11.18899453
   2    1.9838981  -0.65471178
   3    1.9838793  -0.65468169
   4    1.9834934  -0.65406406
   5    1.9834926  -0.65406254
   6    0.0165074  -0.01292949
   7    0.0165066  -0.01292924
   8    0.0161207  -0.01280031
   9    0.0161019  -0.01279404
  10    0.0003742  -0.00759870
 
----------------
 Final Energies 
----------------
Final NOF Total Energy =     -40.2890196
 
Total Orbital Internal Iterations = 10
Total Occupation Internal Iterations = 0
 
Elapsed time:   28.55 Seconds

---------------------------------
   Lowdin Population Analysis    
---------------------------------
 Idx  Atom   Population   Charge 
---------------------------------
  1     C     5.691       0.309
  2     H     1.077      -0.077
  3     H     1.077      -0.077
  4     H     1.077      -0.077
  5     H     1.077      -0.077

---------------------------------
   M Diagnostic: 0.02
---------------------------------

