Computing Integrals
Basis Set                                            = def2-qzvp
Auxiliary Basis Set                                  = def2-universal-jkfit
Gaussian Type                                        = Spherical
Elapsed time:    2.83 Seconds

Number of basis functions                   (NBF)    = 157
Number of auxiliary basis functions         (NBFAUX) = 221
Inactive Doubly occupied orbitals up to     (NO1)    = 0
No. considered Strongly Doubly occupied MOs (NDOC)   = 11
No. considered Strongly Singly occupied MOs (NSOC)   = 0
NO. of Weakly occ. per St. Doubly occ.  MOs (NCWO)   = 1
Dimension of the Nat. Orb. subspace         (NBF5)   = 22
No. of electrons                                     = 22
    No. of alpha electrons                           = 11
    No. of beta electrons                            = 11
Multiplicity                                         = 1

Geometry
========
 P       0.0000000       0.0000000       0.5341990
 C       0.0000000       0.0000000      -0.9915770
 H       0.0000000       0.0000000      -2.0635260

Orthonormality violations 6551, Maximum Violation 0.000080
Trying to orthonormalize
No violations of the orthonormality
No violations of the orthonormality
 
PNOF5/ADABelief Calculation
==================
 
  Nitext  Nit_orb  Time   Nit_occ  Time         Eelec          Etot           Ediff      maxdiff    MaxGrad_orb  Grad_occ
     1      10    9.7e+00    0    1.2e+01  -416.51152235  -379.27977890 -10415.51152235   0.000012   4.8e-05   1.7e-04 0.08
 
RESULTS OF THE OCCUPATION OPTIMIZATION
========================================
   1    1.9999673  -79.35678903
   2    1.9995682  -11.16993075
   3    1.9994837  -6.05761117
   4    1.9994819  -6.05658484
   5    1.9994800  -6.05562052
   6    1.9994425  -5.97599853
   7    1.9982899  -1.04606260
   8    1.9854867  -0.74796014
   9    1.9906271  -0.57191239
  10    1.9154758  -0.39051653
  11    1.9153650  -0.39050531
  12    0.0846350  -0.02810943
  13    0.0845242  -0.02808728
  14    0.0093729  -0.00606272
  15    0.0145133  -0.01261372
  16    0.0017101  -0.00261417
  17    0.0005575  -0.00517087
  18    0.0005200  -0.00486866
  19    0.0005181  -0.00486142
  20    0.0005163  -0.00485544
  21    0.0004318  -0.00846509
  22    0.0000327  -0.00552593
 
----------------
 Final Energies 
----------------
Final NOF Total Energy =    -379.2797789
 
Total Orbital Internal Iterations = 10
Total Occupation Internal Iterations = 0
 
Elapsed time:   28.93 Seconds

---------------------------------
   Lowdin Population Analysis    
---------------------------------
 Idx  Atom   Population   Charge 
---------------------------------
  1     P    14.623       0.377
  2     C     6.191      -0.191
  3     H     1.186      -0.186

---------------------------------
   M Diagnostic: 0.08
---------------------------------

