Computing Integrals
Basis Set                                            = def2-qzvp
Auxiliary Basis Set                                  = def2-universal-jkfit
Gaussian Type                                        = Spherical
Elapsed time:    1.71 Seconds

Number of basis functions                   (NBF)    = 100
Number of auxiliary basis functions         (NBFAUX) = 146
Inactive Doubly occupied orbitals up to     (NO1)    = 0
No. considered Strongly Doubly occupied MOs (NDOC)   = 9
No. considered Strongly Singly occupied MOs (NSOC)   = 0
NO. of Weakly occ. per St. Doubly occ.  MOs (NCWO)   = 1
Dimension of the Nat. Orb. subspace         (NBF5)   = 18
No. of electrons                                     = 18
    No. of alpha electrons                           = 9
    No. of beta electrons                            = 9
Multiplicity                                         = 1

Geometry
========
 H       0.0000000       0.0000000      -0.6357120
Cl       0.0000000       0.0000000       0.6357120

No violations of the orthonormality
No violations of the orthonormality
 
PNOF5/ADABelief Calculation
==================
 
  Nitext  Nit_orb  Time   Nit_occ  Time         Eelec          Etot           Ediff      maxdiff    MaxGrad_orb  Grad_occ
     1      10    9.1e+00    0    1.2e+01  -467.25091665  -460.17539020 -10466.25091665   0.000496   2.0e-03   1.3e-04 0.02
 
RESULTS OF THE OCCUPATION OPTIMIZATION
========================================
   1    1.9999745  -103.42247750
   2    1.9997910  -9.02783073
   3    1.9998007  -9.00997842
   4    1.9997989  -9.00568865
   5    1.9998004  -9.00487333
   6    1.9843732  -0.77451406
   7    1.9927391  -0.68360007
   8    1.9927099  -0.68228348
   9    1.9925700  -0.67583086
  10    0.0074300  -0.00649446
  11    0.0072901  -0.00645862
  12    0.0072609  -0.00644678
  13    0.0156268  -0.01305715
  14    0.0001996  -0.00294146
  15    0.0002011  -0.00295390
  16    0.0001993  -0.00293699
  17    0.0002090  -0.00303142
  18    0.0000255  -0.00565334
 
----------------
 Final Energies 
----------------
Final NOF Total Energy =    -460.1753902
 
Total Orbital Internal Iterations = 10
Total Occupation Internal Iterations = 0
 
Elapsed time:   27.03 Seconds

---------------------------------
   Lowdin Population Analysis    
---------------------------------
 Idx  Atom   Population   Charge 
---------------------------------
  1     H     1.385      -0.385
  2    Cl    16.615       0.385

---------------------------------
   M Diagnostic: 0.02
---------------------------------

