Computing Integrals
Basis Set                                            = def2-qzvp
Auxiliary Basis Set                                  = def2-universal-jkfit
Gaussian Type                                        = Spherical
Elapsed time:    1.79 Seconds

Number of basis functions                   (NBF)    = 160
Number of auxiliary basis functions         (NBFAUX) = 182
Inactive Doubly occupied orbitals up to     (NO1)    = 0
No. considered Strongly Doubly occupied MOs (NDOC)   = 8
No. considered Strongly Singly occupied MOs (NSOC)   = 0
NO. of Weakly occ. per St. Doubly occ.  MOs (NCWO)   = 1
Dimension of the Nat. Orb. subspace         (NBF5)   = 16
No. of electrons                                     = 16
    No. of alpha electrons                           = 8
    No. of beta electrons                            = 8
Multiplicity                                         = 1

Geometry
========
Al      -0.0000000       0.0000000       0.0000000
 H      -0.7926514       1.3729124       0.0000000
 H      -0.7926514      -1.3729124       0.0000000
 H       1.5853027       0.0000000       0.0000000

Orthonormality violations 4717, Maximum Violation 0.000024
Trying to orthonormalize
No violations of the orthonormality
No violations of the orthonormality
 
PNOF5/ADABelief Calculation
==================
 
  Nitext  Nit_orb  Time   Nit_occ  Time         Eelec          Etot           Ediff      maxdiff    MaxGrad_orb  Grad_occ
     1      10    9.5e+00    0    1.2e+01  -257.32182642  -243.72541440 -10256.32182642   0.000024   9.5e-05   9.9e-05 0.02
 
RESULTS OF THE OCCUPATION OPTIMIZATION
========================================
   1    1.9999523  -58.21784820
   2    1.9989820  -3.70897127
   3    1.9989783  -3.70812454
   4    1.9989659  -3.70619315
   5    1.9987652  -3.66746755
   6    1.9828478  -0.48633664
   7    1.9828272  -0.48633012
   8    1.9825735  -0.48624137
   9    0.0174265  -0.01039552
  10    0.0171728  -0.01031958
  11    0.0171522  -0.01031321
  12    0.0012348  -0.00652547
  13    0.0010341  -0.00574632
  14    0.0010217  -0.00570988
  15    0.0010180  -0.00570115
  16    0.0000477  -0.00576367
 
----------------
 Final Energies 
----------------
Final NOF Total Energy =    -243.7254144
 
Total Orbital Internal Iterations = 10
Total Occupation Internal Iterations = 0
 
Elapsed time:   28.53 Seconds

---------------------------------
   Lowdin Population Analysis    
---------------------------------
 Idx  Atom   Population   Charge 
---------------------------------
  1    Al    12.542       0.458
  2     H     1.153      -0.153
  3     H     1.153      -0.153
  4     H     1.153      -0.153

---------------------------------
   M Diagnostic: 0.02
---------------------------------

