Computing Integrals
Basis Set                                            = def2-qzvp
Auxiliary Basis Set                                  = def2-universal-jkfit
Gaussian Type                                        = Spherical
Elapsed time:    1.75 Seconds

Number of basis functions                   (NBF)    = 114
Number of auxiliary basis functions         (NBFAUX) = 154
Inactive Doubly occupied orbitals up to     (NO1)    = 0
No. considered Strongly Doubly occupied MOs (NDOC)   = 7
No. considered Strongly Singly occupied MOs (NSOC)   = 2
NO. of Weakly occ. per St. Doubly occ.  MOs (NCWO)   = 1
Dimension of the Nat. Orb. subspace         (NBF5)   = 16
No. of electrons                                     = 16
    No. of alpha electrons                           = 9
    No. of beta electrons                            = 7
Multiplicity                                         = 3

Geometry
========
 O       0.0000000       0.0000000      -0.6096935
 O       0.0000000       0.0000000       0.6096935

Orthonormality violations 5091, Maximum Violation 0.000087
Trying to orthonormalize
No violations of the orthonormality
No violations of the orthonormality
 
PNOF5/ADABelief Calculation
==================
 
  Nitext  Nit_orb  Time   Nit_occ  Time         Eelec          Etot           Ediff      maxdiff    MaxGrad_orb  Grad_occ
     1      10    9.3e+00    0    1.2e+01  -177.51426571  -149.74025136 -10176.51426571   0.000013   5.3e-05   5.2e-05 0.02
 
RESULTS OF THE OCCUPATION OPTIMIZATION
========================================
   1    1.9998124  -20.65094607
   2    1.9998125  -20.64985525
   3    1.9781926  -1.07584057
   4    1.9960471  -0.98934906
   5    1.9960438  -0.98925064
   6    1.9960048  -0.98854782
   7    1.9960012  -0.98844721
   8    1.0000000  -0.28823042
   9    1.0000000  -0.28819974
  10    0.0039988  -0.00584958
  11    0.0039952  -0.00584771
  12    0.0039562  -0.00582525
  13    0.0039529  -0.00582332
  14    0.0218074  -0.02456796
  15    0.0001875  -0.00706048
  16    0.0001876  -0.00706024
 
----------------
 Final Energies 
----------------
Final NOF Total Energy =    -149.7402514
 
Total Orbital Internal Iterations = 10
Total Occupation Internal Iterations = 0
 
Elapsed time:   28.39 Seconds

---------------------------------
   Lowdin Population Analysis    
---------------------------------
 Idx  Atom   Population   Charge 
---------------------------------
  1     O     8.000       0.000
  2     O     8.000      -0.000

---------------------------------
   M Diagnostic: 0.02
---------------------------------

