Computing Integrals
Basis Set                                            = def2-qzvp
Auxiliary Basis Set                                  = def2-universal-jkfit
Gaussian Type                                        = Spherical
Elapsed time:    3.39 Seconds

Number of basis functions                   (NBF)    = 244
Number of auxiliary basis functions         (NBFAUX) = 314
Inactive Doubly occupied orbitals up to     (NO1)    = 0
No. considered Strongly Doubly occupied MOs (NDOC)   = 16
No. considered Strongly Singly occupied MOs (NSOC)   = 0
NO. of Weakly occ. per St. Doubly occ.  MOs (NCWO)   = 1
Dimension of the Nat. Orb. subspace         (NBF5)   = 32
No. of electrons                                     = 32
    No. of alpha electrons                           = 16
    No. of beta electrons                            = 16
Multiplicity                                         = 1

Geometry
========
 H      -1.6666499       0.0000000      -0.7937658
 C      -0.6032500       0.0000000      -0.7937658
 C       0.6032500       0.0000000      -0.7937658
 H       1.6666499       0.0000000      -0.7937658
Ar       0.0000000       0.0000000       3.1750633

Orthonormality violations 76, Maximum Violation 0.000003
Trying to orthonormalize
No violations of the orthonormality
No violations of the orthonormality
 
PNOF5/ADABelief Calculation
==================
 
  Nitext  Nit_orb  Time   Nit_occ  Time         Eelec          Etot           Ediff      maxdiff    MaxGrad_orb  Grad_occ
     1      10    1.0e+01    0    1.2e+01  -661.44678697  -603.83070594 -10660.44678697   0.000012   4.8e-05   1.5e-04 0.06
 
RESULTS OF THE OCCUPATION OPTIMIZATION
========================================
   1    1.9999588  -107.88899879
   2    1.9999849  -22.86920852
   3    1.9996054  -11.18058245
   4    1.9995955  -11.18025579
   5    1.9998261  -9.61697424
   6    1.9998241  -9.61458661
   7    1.9998715  -9.53248636
   8    1.9971105  -1.06202009
   9    1.9939496  -0.80388247
  10    1.9938875  -0.80253363
  11    1.9938242  -0.78683475
  12    1.9936918  -0.78548010
  13    1.9856304  -0.75283523
  14    1.9855501  -0.75272776
  15    1.9403054  -0.41718816
  16    1.9401100  -0.41717507
  17    0.0598900  -0.02357631
  18    0.0596946  -0.02353821
  19    0.0144499  -0.01254623
  20    0.0143696  -0.01251310
  21    0.0063082  -0.00643309
  22    0.0061758  -0.00637469
  23    0.0061125  -0.00640928
  24    0.0060504  -0.00637242
  25    0.0028895  -0.00432975
  26    0.0001285  -0.00227598
  27    0.0001759  -0.00266662
  28    0.0001739  -0.00265685
  29    0.0004045  -0.00803474
  30    0.0003946  -0.00796851
  31    0.0000151  -0.00043381
  32    0.0000412  -0.00827703
 
----------------
 Final Energies 
----------------
Final NOF Total Energy =    -603.8307059
 
Total Orbital Internal Iterations = 10
Total Occupation Internal Iterations = 0
 
Elapsed time:   29.61 Seconds

---------------------------------
   Lowdin Population Analysis    
---------------------------------
 Idx  Atom   Population   Charge 
---------------------------------
  1     H     1.141      -0.141
  2     C     5.862       0.138
  3     C     5.862       0.138
  4     H     1.141      -0.141
  5    Ar    17.993       0.007

---------------------------------
   M Diagnostic: 0.06
---------------------------------

