Computing Integrals
Basis Set                                            = def2-qzvp
Auxiliary Basis Set                                  = def2-universal-jkfit
Gaussian Type                                        = Spherical
Elapsed time:    1.96 Seconds

Number of basis functions                   (NBF)    = 174
Number of auxiliary basis functions         (NBFAUX) = 186
Inactive Doubly occupied orbitals up to     (NO1)    = 0
No. considered Strongly Doubly occupied MOs (NDOC)   = 7
No. considered Strongly Singly occupied MOs (NSOC)   = 0
NO. of Weakly occ. per St. Doubly occ.  MOs (NCWO)   = 1
Dimension of the Nat. Orb. subspace         (NBF5)   = 14
No. of electrons                                     = 14
    No. of alpha electrons                           = 7
    No. of beta electrons                            = 7
Multiplicity                                         = 1

Geometry
========
 H       0.0000000       0.0000000       1.6666499
 C       0.0000000       0.0000000       0.6032500
 C       0.0000000       0.0000000      -0.6032500
 H       0.0000000       0.0000000      -1.6666499

Orthonormality violations 68, Maximum Violation 0.000004
Trying to orthonormalize
No violations of the orthonormality
No violations of the orthonormality
 
PNOF5/ADABelief Calculation
==================
 
  Nitext  Nit_orb  Time   Nit_occ  Time         Eelec          Etot           Ediff      maxdiff    MaxGrad_orb  Grad_occ
     1      10    9.3e+00    0    1.2e+01  -101.67696931   -76.95940901 -10100.67696931   0.000012   4.9e-05   1.5e-04 0.06
 
RESULTS OF THE OCCUPATION OPTIMIZATION
========================================
   1    1.9996022  -11.18250762
   2    1.9996025  -11.18249255
   3    1.9970072  -1.05768673
   4    1.9856223  -0.75291110
   5    1.9855715  -0.75286682
   6    1.9407558  -0.41707829
   7    1.9405203  -0.41707393
   8    0.0594797  -0.02347578
   9    0.0592442  -0.02342666
  10    0.0144285  -0.01253588
  11    0.0143777  -0.01251600
  12    0.0029928  -0.00439841
  13    0.0003975  -0.00798142
  14    0.0003978  -0.00798442
 
----------------
 Final Energies 
----------------
Final NOF Total Energy =     -76.9594090
 
Total Orbital Internal Iterations = 10
Total Occupation Internal Iterations = 0
 
Elapsed time:   28.64 Seconds

---------------------------------
   Lowdin Population Analysis    
---------------------------------
 Idx  Atom   Population   Charge 
---------------------------------
  1     H     1.141      -0.141
  2     C     5.859       0.141
  3     C     5.859       0.141
  4     H     1.141      -0.141

---------------------------------
   M Diagnostic: 0.06
---------------------------------

