Computing Integrals
Basis Set                                            = def2-qzvp
Auxiliary Basis Set                                  = def2-universal-jkfit
Gaussian Type                                        = Spherical
Elapsed time:   10.89 Seconds

Number of basis functions                   (NBF)    = 241
Number of auxiliary basis functions         (NBFAUX) = 359
Inactive Doubly occupied orbitals up to     (NO1)    = 0
No. considered Strongly Doubly occupied MOs (NDOC)   = 20
No. considered Strongly Singly occupied MOs (NSOC)   = 0
NO. of Weakly occ. per St. Doubly occ.  MOs (NCWO)   = 1
Dimension of the Nat. Orb. subspace         (NBF5)   = 40
No. of electrons                                     = 40
    No. of alpha electrons                           = 20
    No. of beta electrons                            = 20
Multiplicity                                         = 1

Geometry
========
Al       0.0000000       0.0000000       0.0000000
 F       0.0000000       1.6317660       0.0000000
 F       1.4131500      -0.8158830       0.0000000
 F      -1.4131500      -0.8158830       0.0000000

Orthonormality violations 9327, Maximum Violation 0.000026
Trying to orthonormalize
No violations of the orthonormality
No violations of the orthonormality
 
PNOF5/ADABelief Calculation
==================
 
  Nitext  Nit_orb  Time   Nit_occ  Time         Eelec          Etot           Ediff      maxdiff    MaxGrad_orb  Grad_occ
     1      10    6.9e+01    0    2.3e+01  -700.20952316  -540.88382981 -10699.20952316   0.000022   8.6e-05   1.2e-04 0.01
 
RESULTS OF THE OCCUPATION OPTIMIZATION
========================================
   1    1.9999526  -58.27583639
   2    1.9998614  -26.25769161
   3    1.9998614  -26.25765882
   4    1.9998614  -26.25765588
   5    1.9990188  -3.76729757
   6    1.9990164  -3.76675454
   7    1.9990100  -3.76528448
   8    1.9988663  -3.74853853
   9    1.9906638  -0.94867823
  10    1.9905988  -0.94774778
  11    1.9906592  -0.94768403
  12    1.9906570  -0.94759851
  13    1.9905639  -0.94741713
  14    1.9905326  -0.94613310
  15    1.9929430  -0.90406628
  16    1.9929352  -0.90394932
  17    1.9929272  -0.90374778
  18    1.9928765  -0.90310523
  19    1.9928601  -0.90285264
  20    1.9928635  -0.90280808
  21    0.0071365  -0.01031101
  22    0.0071399  -0.01031335
  23    0.0071235  -0.01030504
  24    0.0070728  -0.01027334
  25    0.0070648  -0.01026882
  26    0.0070570  -0.01026495
  27    0.0094674  -0.01261006
  28    0.0094361  -0.01259675
  29    0.0093430  -0.01254368
  30    0.0093408  -0.01254252
  31    0.0094012  -0.01257802
  32    0.0093362  -0.01254381
  33    0.0011337  -0.00619895
  34    0.0009900  -0.00562350
  35    0.0009836  -0.00560882
  36    0.0009812  -0.00560357
  37    0.0001386  -0.00662416
  38    0.0001386  -0.00662443
  39    0.0001386  -0.00662405
  40    0.0000474  -0.00574413
 
----------------
 Final Energies 
----------------
Final NOF Total Energy =    -540.8838298
 
Total Orbital Internal Iterations = 10
Total Occupation Internal Iterations = 0
 
Elapsed time:  114.14 Seconds

---------------------------------
   Lowdin Population Analysis    
---------------------------------
 Idx  Atom   Population   Charge 
---------------------------------
  1    Al    13.793      -0.793
  2     F     8.736       0.264
  3     F     8.736       0.264
  4     F     8.736       0.264

---------------------------------
   M Diagnostic: 0.01
---------------------------------

