Computing Integrals
Basis Set                                            = def2-qzvp
Auxiliary Basis Set                                  = def2-universal-jkfit
Gaussian Type                                        = Spherical
Elapsed time:    3.21 Seconds

Number of basis functions                   (NBF)    = 70
Number of auxiliary basis functions         (NBFAUX) = 128
Inactive Doubly occupied orbitals up to     (NO1)    = 0
No. considered Strongly Doubly occupied MOs (NDOC)   = 6
No. considered Strongly Singly occupied MOs (NSOC)   = 3
NO. of Weakly occ. per St. Doubly occ.  MOs (NCWO)   = 1
Dimension of the Nat. Orb. subspace         (NBF5)   = 15
No. of electrons                                     = 15
    No. of alpha electrons                           = 9
    No. of beta electrons                            = 6
Multiplicity                                         = 4

Geometry
========
 P       0.0000000       0.0000000       0.0000000

No violations of the orthonormality
No violations of the orthonormality
 
PNOF5/ADABelief Calculation
==================
 
  Nitext  Nit_orb  Time   Nit_occ  Time         Eelec          Etot           Ediff      maxdiff    MaxGrad_orb  Grad_occ
     1      10    1.9e+01    0    2.3e+01  -340.75450163  -340.75450163 -10339.75450163   0.000021   8.5e-05   1.1e-04 0.00
 
RESULTS OF THE OCCUPATION OPTIMIZATION
========================================
   1    1.9999673  -79.35160832
   2    1.9994759  -6.04440241
   3    1.9994742  -6.04313135
   4    1.9994657  -6.03718753
   5    1.9994628  -6.03517095
   6    1.9990178  -0.91400897
   7    1.0000000  -0.19610762
   8    1.0000000  -0.19610759
   9    1.0000000  -0.19610549
  10    0.0009822  -0.00099316
  11    0.0005372  -0.00498102
  12    0.0005343  -0.00497141
  13    0.0005258  -0.00494369
  14    0.0005241  -0.00493818
  15    0.0000327  -0.00553226
 
----------------
 Final Energies 
----------------
Final NOF Total Energy =    -340.7545016
 
Total Orbital Internal Iterations = 10
Total Occupation Internal Iterations = 0
 
Elapsed time:   54.03 Seconds

---------------------------------
   Lowdin Population Analysis    
---------------------------------
 Idx  Atom   Population   Charge 
---------------------------------
  1     P    15.000      -0.000

---------------------------------
   M Diagnostic: 0.00
---------------------------------

