Computing Integrals
Basis Set                                            = def2-qzvp
Auxiliary Basis Set                                  = def2-universal-jkfit
Gaussian Type                                        = Spherical
Elapsed time:    3.10 Seconds

Number of basis functions                   (NBF)    = 231
Number of auxiliary basis functions         (NBFAUX) = 265
Inactive Doubly occupied orbitals up to     (NO1)    = 0
No. considered Strongly Doubly occupied MOs (NDOC)   = 12
No. considered Strongly Singly occupied MOs (NSOC)   = 0
NO. of Weakly occ. per St. Doubly occ.  MOs (NCWO)   = 1
Dimension of the Nat. Orb. subspace         (NBF5)   = 24
No. of electrons                                     = 24
    No. of alpha electrons                           = 12
    No. of beta electrons                            = 12
Multiplicity                                         = 1

Geometry
========
 C       0.0000000       0.4210350       0.0000000
 H      -0.3830630       1.4480420       0.0000000
 H      -0.6595560      -1.3436440       0.0000000
 O       1.1585180       0.1170880       0.0000000
 O      -1.0281910      -0.4459140       0.0000000

Orthonormality violations 29139, Maximum Violation 0.000107
Trying to orthonormalize
No violations of the orthonormality
No violations of the orthonormality
 
PNOF5/ADABelief Calculation
==================
 
  Nitext  Nit_orb  Time   Nit_occ  Time         Eelec          Etot           Ediff      maxdiff    MaxGrad_orb  Grad_occ
     1      10    9.9e+00    0    1.2e+01  -259.26780400  -189.03302765 -10258.26780400   0.000021   8.2e-05   1.3e-04 0.05
 
RESULTS OF THE OCCUPATION OPTIMIZATION
========================================
   1    1.9998127  -20.58845308
   2    1.9998156  -20.54648398
   3    1.9996168  -11.36767710
   4    1.9921225  -1.16644687
   5    1.9872814  -1.01601878
   6    1.9826055  -0.92788438
   7    1.9927075  -0.79983723
   8    1.9925625  -0.79813088
   9    1.9923543  -0.78206143
  10    1.9924803  -0.77863393
  11    1.9845434  -0.76911097
  12    1.9464937  -0.56330101
  13    0.0535063  -0.02947047
  14    0.0154566  -0.01366654
  15    0.0075197  -0.00919871
  16    0.0076457  -0.00936243
  17    0.0074375  -0.00909501
  18    0.0072925  -0.00902827
  19    0.0173945  -0.01823073
  20    0.0127186  -0.01515758
  21    0.0078775  -0.01152355
  22    0.0003832  -0.00777135
  23    0.0001844  -0.00693473
  24    0.0001873  -0.00701021
 
----------------
 Final Energies 
----------------
Final NOF Total Energy =    -189.0330277
 
Total Orbital Internal Iterations = 10
Total Occupation Internal Iterations = 0
 
Elapsed time:   29.35 Seconds

---------------------------------
   Lowdin Population Analysis    
---------------------------------
 Idx  Atom   Population   Charge 
---------------------------------
  1     C     6.491      -0.491
  2     H     1.088      -0.088
  3     H     1.290      -0.290
  4     O     7.735       0.265
  5     O     7.396       0.604

---------------------------------
   M Diagnostic: 0.05
---------------------------------

