Computing Integrals
Basis Set                                            = def2-qzvp
Auxiliary Basis Set                                  = def2-universal-jkfit
Gaussian Type                                        = Spherical
Elapsed time:    3.76 Seconds

Number of basis functions                   (NBF)    = 231
Number of auxiliary basis functions         (NBFAUX) = 265
Inactive Doubly occupied orbitals up to     (NO1)    = 0
No. considered Strongly Doubly occupied MOs (NDOC)   = 12
No. considered Strongly Singly occupied MOs (NSOC)   = 0
NO. of Weakly occ. per St. Doubly occ.  MOs (NCWO)   = 1
Dimension of the Nat. Orb. subspace         (NBF5)   = 24
No. of electrons                                     = 24
    No. of alpha electrons                           = 12
    No. of beta electrons                            = 12
Multiplicity                                         = 1

Geometry
========
 C       0.0000000       0.0000000       0.4897580
 H       0.0000000       0.0000000       1.5767760
 H       0.0000000       0.0000000      -1.0189300
 O       0.0000000       1.0474770      -0.2185250
 O       0.0000000      -1.0474770      -0.2185250

No violations of the orthonormality
No violations of the orthonormality
 
PNOF5/ADABelief Calculation
==================
 
  Nitext  Nit_orb  Time   Nit_occ  Time         Eelec          Etot           Ediff      maxdiff    MaxGrad_orb  Grad_occ
     1      10    1.0e+01    0    1.2e+01  -261.01029820  -188.94302743 -10260.01029820   0.000483   1.9e-03   1.0e-04 0.02
 
RESULTS OF THE OCCUPATION OPTIMIZATION
========================================
   1    1.9998135  -20.57574388
   2    1.9998130  -20.56655238
   3    1.9996155  -11.39945063
   4    1.9894491  -1.07345430
   5    1.9851687  -0.87471070
   6    1.9846944  -0.86404390
   7    1.9905832  -0.84329435
   8    1.9928383  -0.80953360
   9    1.9849408  -0.80027497
  10    1.9859588  -0.76904479
  11    1.9911691  -0.75476822
  12    1.9910810  -0.75363146
  13    0.0089190  -0.00998105
  14    0.0088309  -0.00993147
  15    0.0140412  -0.01389177
  16    0.0150592  -0.01364895
  17    0.0071617  -0.00895415
  18    0.0094168  -0.01093951
  19    0.0153056  -0.01545595
  20    0.0148313  -0.01527678
  21    0.0105509  -0.01364686
  22    0.0003845  -0.00779499
  23    0.0001870  -0.00699825
  24    0.0001865  -0.00698670
 
----------------
 Final Energies 
----------------
Final NOF Total Energy =    -188.9430274
 
Total Orbital Internal Iterations = 10
Total Occupation Internal Iterations = 0
 
Elapsed time:   28.00 Seconds

---------------------------------
   Lowdin Population Analysis    
---------------------------------
 Idx  Atom   Population   Charge 
---------------------------------
  1     C     6.471      -0.471
  2     H     1.075      -0.075
  3     H     1.188      -0.188
  4     O     7.621       0.379
  5     O     7.645       0.355

---------------------------------
   M Diagnostic: 0.02
---------------------------------

