Computing Integrals
Basis Set                                            = def2-qzvp
Auxiliary Basis Set                                  = def2-universal-jkfit
Gaussian Type                                        = Spherical
Elapsed time:    1.77 Seconds

Number of basis functions                   (NBF)    = 147
Number of auxiliary basis functions         (NBFAUX) = 131
Inactive Doubly occupied orbitals up to     (NO1)    = 0
No. considered Strongly Doubly occupied MOs (NDOC)   = 5
No. considered Strongly Singly occupied MOs (NSOC)   = 0
NO. of Weakly occ. per St. Doubly occ.  MOs (NCWO)   = 1
Dimension of the Nat. Orb. subspace         (NBF5)   = 10
No. of electrons                                     = 10
    No. of alpha electrons                           = 5
    No. of beta electrons                            = 5
Multiplicity                                         = 1

Geometry
========
 N      -1.1495506      -0.0399443       1.5977359
 H      -0.7993897      -0.9919745       1.5888383
 H      -0.7131478       0.3976979       2.4021449
 H      -0.7006725       0.4080986       0.7846342

Orthonormality violations 15949, Maximum Violation 0.000219
Trying to orthonormalize
No violations of the orthonormality
No violations of the orthonormality
 
PNOF7/ADABelief Calculation
==================
 
  Nitext  Nit_orb  Time   Nit_occ  Time         Eelec          Etot           Ediff      maxdiff    MaxGrad_orb  Grad_occ
     1      10    9.3e+00    0    1.2e+01   -68.18894207   -56.31119271 -10067.18894207   0.000120   4.8e-04   1.2e-04 0.02
 
RESULTS OF THE OCCUPATION OPTIMIZATION
========================================
   1    1.9996941  -15.53493464
   2    1.9772489  -0.77946255
   3    1.9772503  -0.77934347
   4    1.9756336  -0.76240163
   5    1.9823054  -0.56677783
   6    0.0176946  -0.01268793
   7    0.0243664  -0.01968326
   8    0.0227497  -0.01894856
   9    0.0227511  -0.01894904
  10    0.0003059  -0.00798404
 
----------------
 Final Energies 
----------------
Final NOF Total Energy =     -56.3111927
 
Total Orbital Internal Iterations = 10
Total Occupation Internal Iterations = 0
 
Elapsed time:   28.34 Seconds

---------------------------------
   Lowdin Population Analysis    
---------------------------------
 Idx  Atom   Population   Charge 
---------------------------------
  1     N     6.443       0.557
  2     H     1.193      -0.193
  3     H     1.193      -0.193
  4     H     1.171      -0.171

---------------------------------
   M Diagnostic: 0.02
---------------------------------

