Computing Integrals
Basis Set                                            = def2-qzvp
Auxiliary Basis Set                                  = def2-universal-jkfit
Gaussian Type                                        = Spherical
Elapsed time:    1.71 Seconds

Number of basis functions                   (NBF)    = 114
Number of auxiliary basis functions         (NBFAUX) = 154
Inactive Doubly occupied orbitals up to     (NO1)    = 0
No. considered Strongly Doubly occupied MOs (NDOC)   = 7
No. considered Strongly Singly occupied MOs (NSOC)   = 0
NO. of Weakly occ. per St. Doubly occ.  MOs (NCWO)   = 1
Dimension of the Nat. Orb. subspace         (NBF5)   = 14
No. of electrons                                     = 14
    No. of alpha electrons                           = 7
    No. of beta electrons                            = 7
Multiplicity                                         = 1

Geometry
========
 N       0.0000000       0.0000000      -0.5454291
 N       0.0000000       0.0000000       0.5454291

Orthonormality violations 746, Maximum Violation 0.000063
Trying to orthonormalize
No violations of the orthonormality
No violations of the orthonormality
 
PNOF7/ADABelief Calculation
==================
 
  Nitext  Nit_orb  Time   Nit_occ  Time         Eelec          Etot           Ediff      maxdiff    MaxGrad_orb  Grad_occ
     1      10    9.4e+00    0    1.2e+01  -132.90719173  -109.13725653 -10131.90719173   0.000118   4.7e-04   1.5e-04 0.10
 
RESULTS OF THE OCCUPATION OPTIMIZATION
========================================
   1    1.9997063  -15.64499265
   2    1.9997095  -15.64488095
   3    1.9895526  -1.39104366
   4    1.9844609  -0.76121536
   5    1.9842847  -0.76074705
   6    1.8973271  -0.62875716
   7    1.8970041  -0.62872662
   8    0.1029959  -0.05186858
   9    0.1026729  -0.05177876
  10    0.0157153  -0.01173513
  11    0.0155391  -0.01167767
  12    0.0104474  -0.01420833
  13    0.0002905  -0.00771441
  14    0.0002937  -0.00774132
 
----------------
 Final Energies 
----------------
Final NOF Total Energy =    -109.1372565
 
Total Orbital Internal Iterations = 10
Total Occupation Internal Iterations = 0
 
Elapsed time:   28.35 Seconds

---------------------------------
   Lowdin Population Analysis    
---------------------------------
 Idx  Atom   Population   Charge 
---------------------------------
  1     N     7.000      -0.000
  2     N     7.000       0.000

---------------------------------
   M Diagnostic: 0.10
---------------------------------

