Computing Integrals
Basis Set                                            = def2-qzvp
Auxiliary Basis Set                                  = def2-universal-jkfit
Gaussian Type                                        = Spherical
Elapsed time:   19.25 Seconds

Number of basis functions                   (NBF)    = 718
Number of auxiliary basis functions         (NBFAUX) = 928
Inactive Doubly occupied orbitals up to     (NO1)    = 0
No. considered Strongly Doubly occupied MOs (NDOC)   = 54
No. considered Strongly Singly occupied MOs (NSOC)   = 0
NO. of Weakly occ. per St. Doubly occ.  MOs (NCWO)   = 1
Dimension of the Nat. Orb. subspace         (NBF5)   = 108
No. of electrons                                     = 108
    No. of alpha electrons                           = 54
    No. of beta electrons                            = 54
Multiplicity                                         = 1

Geometry
========
 N       0.0000000       0.0000000       4.0966500
 C       0.0000000       0.0000000       5.2389330
 H       0.0000000       0.0000000       6.3063400
 I       0.0000000       0.0000000       0.8379080
 C       0.0000000       0.0000000      -1.2574380
 C       0.0000000       1.2035120      -1.9485380
 C       0.0000000       1.1986190      -3.3357790
 C       0.0000000       0.0000000      -4.0323620
 C       0.0000000      -1.1986190      -3.3357790
 C       0.0000000      -1.2035120      -1.9485380
 H       0.0000000       2.1411600      -1.4086920
 H       0.0000000       2.1394520      -3.8714410
 H       0.0000000       0.0000000      -5.1147180
 H       0.0000000      -2.1394520      -3.8714410
 H       0.0000000      -2.1411600      -1.4086920

Orthonormality violations 221103, Maximum Violation 0.000133
Trying to orthonormalize
No violations of the orthonormality
No violations of the orthonormality
 
PNOF7/ADABelief Calculation
==================
 
  Nitext  Nit_orb  Time   Nit_occ  Time         Eelec          Etot           Ediff      maxdiff    MaxGrad_orb  Grad_occ
     1      10    2.8e+01    0    1.3e+01 -3465.39093446 -2764.18732230 -13464.39093446   0.000475   1.9e-03   2.4e-04 1.00
 
RESULTS OF THE OCCUPATION OPTIMIZATION
========================================
   1    1.9999999  -149.62540120
   2    1.9999997  -64.57280809
   3    1.9999996  -64.56720967
   4    1.9999996  -64.56213139
   5    1.9999954  -26.17451405
   6    1.9997082  -15.56295110
   7    1.9995413  -11.25656894
   8    1.9995256  -11.20837234
   9    1.9995594  -11.20508578
  10    1.9995584  -11.20480693
  11    1.9995629  -11.20312494
  12    1.9995615  -11.20256878
  13    1.9995569  -11.19856907
  14    1.9999724  -10.50979707
  15    1.9999741  -10.39191329
  16    1.9999685  -10.33706580
  17    1.9999580  -9.99419825
  18    1.9999560  -9.93904791
  19    1.9999659  -9.88900363
  20    1.9999440  -9.59897381
  21    1.9999457  -9.35052599
  22    1.9999381  -9.13517704
  23    1.9997009  -4.42251993
  24    1.9996892  -4.34874456
  25    1.9996728  -4.29631862
  26    1.9996830  -4.27528538
  27    1.9996655  -4.27348366
  28    1.9996697  -4.20256021
  29    1.9996618  -4.05734857
  30    1.9893302  -1.18442191
  31    1.9308657  -0.89696698
  32    1.9309358  -0.89663453
  33    1.9798958  -0.83789156
  34    1.9799872  -0.83748766
  35    1.9791036  -0.83280680
  36    1.9822423  -0.81949386
  37    1.9819826  -0.81916923
  38    1.9818884  -0.81496267
  39    1.9817573  -0.81486748
  40    1.9754333  -0.81064555
  41    1.9763656  -0.79856975
  42    1.9762440  -0.69099687
  43    1.9764166  -0.69074980
  44    1.9766711  -0.68555184
  45    1.9764433  -0.68548874
  46    1.9751621  -0.68436535
  47    1.9829273  -0.66820675
  48    1.8947774  -0.51307563
  49    1.8946796  -0.51303129
  50    1.8923608  -0.43089445
  51    1.8824666  -0.42476909
  52    1.8316149  -0.40752858
  53    1.7458417  -0.35233676
  54    1.0021809  -0.15817327
  55    0.9978191  -0.15718226
  56    0.2541583  -0.06366506
  57    0.1683851  -0.05313239
  58    0.1175334  -0.03707652
  59    0.1076392  -0.03463409
  60    0.1053204  -0.04470691
  61    0.1052226  -0.04466382
  62    0.0170727  -0.01197111
  63    0.0248379  -0.01763723
  64    0.0235567  -0.01705765
  65    0.0233289  -0.01695662
  66    0.0235834  -0.01708042
  67    0.0237560  -0.01716395
  68    0.0236344  -0.01049200
  69    0.0245667  -0.01860339
  70    0.0182427  -0.01522727
  71    0.0181116  -0.01515616
  72    0.0180174  -0.01500663
  73    0.0177577  -0.01487008
  74    0.0208964  -0.00926773
  75    0.0200128  -0.01615822
  76    0.0201042  -0.01620945
  77    0.0690642  -0.03903078
  78    0.0691343  -0.03912731
  79    0.0106698  -0.01230369
  80    0.0003382  -0.00162093
  81    0.0003303  -0.00164263
  82    0.0003345  -0.00170126
  83    0.0003170  -0.00158697
  84    0.0003272  -0.00166843
  85    0.0003108  -0.00160301
  86    0.0002991  -0.00155090
  87    0.0000619  -0.00054267
  88    0.0000543  -0.00051305
  89    0.0000560  -0.00050730
  90    0.0000341  -0.00029131
  91    0.0000440  -0.00041325
  92    0.0000420  -0.00035734
  93    0.0000315  -0.00031257
  94    0.0000259  -0.00028276
  95    0.0000276  -0.00027863
  96    0.0004431  -0.00834454
  97    0.0004385  -0.00829029
  98    0.0004371  -0.00827761
  99    0.0004416  -0.00832683
 100    0.0004406  -0.00831720
 101    0.0004744  -0.00870186
 102    0.0004587  -0.00857867
 103    0.0002918  -0.00773847
 104    0.0000046  -0.00010788
 105    0.0000004  -0.00002980
 106    0.0000004  -0.00002987
 107    0.0000003  -0.00002800
 108    0.0000001  -0.00001365
 
----------------
 Final Energies 
----------------
Final NOF Total Energy =   -2764.1873223
 
Total Orbital Internal Iterations = 10
Total Occupation Internal Iterations = 0
 
Elapsed time:   55.58 Seconds

---------------------------------
   Lowdin Population Analysis    
---------------------------------
 Idx  Atom   Population   Charge 
---------------------------------
  1     N     6.875       0.125
  2     C     5.952       0.048
  3     H     1.151      -0.151
  4     I    52.503       0.497
  5     C     6.423      -0.423
  6     C     5.973       0.027
  7     C     5.936       0.064
  8     C     5.929       0.071
  9     C     5.937       0.063
 10     C     5.974       0.026
 11     H     1.071      -0.071
 12     H     1.067      -0.067
 13     H     1.072      -0.072
 14     H     1.066      -0.066
 15     H     1.071      -0.071

---------------------------------
   M Diagnostic: 1.00
---------------------------------

