Computing Integrals
Basis Set                                            = def2-qzvp
Auxiliary Basis Set                                  = def2-universal-jkfit
Gaussian Type                                        = Spherical
Elapsed time:    3.62 Seconds

Number of basis functions                   (NBF)    = 150
Number of auxiliary basis functions         (NBFAUX) = 532
Inactive Doubly occupied orbitals up to     (NO1)    = 0
No. considered Strongly Doubly occupied MOs (NDOC)   = 35
No. considered Strongly Singly occupied MOs (NSOC)   = 0
NO. of Weakly occ. per St. Doubly occ.  MOs (NCWO)   = 1
Dimension of the Nat. Orb. subspace         (NBF5)   = 70
No. of electrons                                     = 70
    No. of alpha electrons                           = 35
    No. of beta electrons                            = 35
Multiplicity                                         = 1

Geometry
========
Br       0.0000000       0.0000000       1.1379300
Br       0.0000000       0.0000000      -1.1379300

No violations of the orthonormality
No violations of the orthonormality
 
PNOF7/ADABelief Calculation
==================
 
  Nitext  Nit_orb  Time   Nit_occ  Time         Eelec          Etot           Ediff      maxdiff    MaxGrad_orb  Grad_occ
     1      10    1.1e+01    0    1.2e+01 -5429.96627141 -5145.13295391 -15428.96627141   0.000232   9.3e-04   1.6e-04 0.12
 
RESULTS OF THE OCCUPATION OPTIMIZATION
========================================
   1    1.9999907  -431.69035398
   2    1.9999906  -430.34374957
   3    1.9999993  -82.25947977
   4    1.9999998  -81.60019241
   5    1.9999991  -80.24329183
   6    1.9999993  -75.68838458
   7    1.9999992  -74.66066784
   8    1.9999986  -72.24475571
   9    1.9999987  -68.25674386
  10    1.9999978  -64.11362330
  11    1.9993035  -5.63296788
  12    1.9992621  -5.60015576
  13    1.9992574  -5.59795109
  14    1.9992826  -5.59614628
  15    1.9992847  -5.59462445
  16    1.9992417  -5.58484074
  17    1.9992359  -5.57790125
  18    1.9992569  -5.56323137
  19    1.9992077  -5.56095637
  20    1.9992433  -5.55520222
  21    1.9992415  -5.55279605
  22    1.9992241  -5.54136006
  23    1.9992426  -5.18497899
  24    1.9992374  -5.17828125
  25    1.9992350  -5.17494708
  26    1.9992211  -5.16845229
  27    1.9992249  -5.16644657
  28    1.9992222  -5.16585379
  29    1.9889668  -0.68830594
  30    1.9886983  -0.68221722
  31    1.9884719  -0.66441957
  32    1.9884159  -0.66012646
  33    1.9874092  -0.64011095
  34    1.9861782  -0.59241026
  35    1.8794167  -0.53732700
  36    0.1205833  -0.04696412
  37    0.0138218  -0.00791684
  38    0.0125908  -0.00793615
  39    0.0115841  -0.00737831
  40    0.0115281  -0.00731279
  41    0.0113017  -0.00741686
  42    0.0110332  -0.00729622
  43    0.0007778  -0.00530991
  44    0.0007751  -0.00529260
  45    0.0007789  -0.00531656
  46    0.0007650  -0.00524757
  47    0.0007626  -0.00523619
  48    0.0007574  -0.00520368
  49    0.0007759  -0.00564450
  50    0.0007585  -0.00554631
  51    0.0007567  -0.00553804
  52    0.0007923  -0.00572229
  53    0.0007431  -0.00545229
  54    0.0007641  -0.00559116
  55    0.0007583  -0.00556371
  56    0.0007153  -0.00531096
  57    0.0007174  -0.00532737
  58    0.0007426  -0.00546790
  59    0.0007379  -0.00544280
  60    0.0006965  -0.00522418
  61    0.0000022  -0.00010476
  62    0.0000013  -0.00008949
  63    0.0000014  -0.00009640
  64    0.0000008  -0.00007668
  65    0.0000007  -0.00007411
  66    0.0000009  -0.00008466
  67    0.0000002  -0.00005054
  68    0.0000007  -0.00007996
  69    0.0000094  -0.00769247
  70    0.0000093  -0.00768296
 
----------------
 Final Energies 
----------------
Final NOF Total Energy =   -5145.1329539
 
Total Orbital Internal Iterations = 10
Total Occupation Internal Iterations = 0
 
Elapsed time:   28.72 Seconds

---------------------------------
   Lowdin Population Analysis    
---------------------------------
 Idx  Atom   Population   Charge 
---------------------------------
  1    Br    35.000      -0.000
  2    Br    35.000       0.000

---------------------------------
   M Diagnostic: 0.12
---------------------------------

