Computing Integrals
Basis Set                                            = def2-qzvp
Auxiliary Basis Set                                  = def2-universal-jkfit
Gaussian Type                                        = Spherical
Elapsed time:    1.81 Seconds

Number of basis functions                   (NBF)    = 147
Number of auxiliary basis functions         (NBFAUX) = 131
Inactive Doubly occupied orbitals up to     (NO1)    = 0
No. considered Strongly Doubly occupied MOs (NDOC)   = 5
No. considered Strongly Singly occupied MOs (NSOC)   = 0
NO. of Weakly occ. per St. Doubly occ.  MOs (NCWO)   = 1
Dimension of the Nat. Orb. subspace         (NBF5)   = 10
No. of electrons                                     = 10
    No. of alpha electrons                           = 5
    No. of beta electrons                            = 5
Multiplicity                                         = 1

Geometry
========
 N       0.0000000       0.0000000       0.1103420
 H       0.0000000       0.9410820      -0.2574640
 H      -0.8150010      -0.4705410      -0.2574640
 H       0.8150010      -0.4705410      -0.2574640

Orthonormality violations 9927, Maximum Violation 0.000198
Trying to orthonormalize
No violations of the orthonormality
No violations of the orthonormality
 
PNOF7/ADABelief Calculation
==================
 
  Nitext  Nit_orb  Time   Nit_occ  Time         Eelec          Etot           Ediff      maxdiff    MaxGrad_orb  Grad_occ
     1      10    9.3e+00    0    1.2e+01   -68.28358783   -56.31137489 -10067.28358783   0.000121   4.8e-04   1.7e-04 0.02
 
RESULTS OF THE OCCUPATION OPTIMIZATION
========================================
   1    1.9996974  -15.53040243
   2    1.9779458  -0.78212005
   3    1.9779137  -0.78193091
   4    1.9775873  -0.78070388
   5    1.9819046  -0.55219796
   6    0.0180954  -0.01282970
   7    0.0224127  -0.01870767
   8    0.0220863  -0.01859560
   9    0.0220542  -0.01858458
  10    0.0003026  -0.00795909
 
----------------
 Final Energies 
----------------
Final NOF Total Energy =     -56.3113749
 
Total Orbital Internal Iterations = 10
Total Occupation Internal Iterations = 0
 
Elapsed time:   28.38 Seconds

---------------------------------
   Lowdin Population Analysis    
---------------------------------
 Idx  Atom   Population   Charge 
---------------------------------
  1     N     6.419       0.581
  2     H     1.194      -0.194
  3     H     1.194      -0.194
  4     H     1.194      -0.194

---------------------------------
   M Diagnostic: 0.02
---------------------------------

