Computing Integrals
Basis Set                                            = def2-qzvp
Auxiliary Basis Set                                  = def2-universal-jkfit
Gaussian Type                                        = Spherical
Elapsed time:    2.43 Seconds

Number of basis functions                   (NBF)    = 142
Number of auxiliary basis functions         (NBFAUX) = 254
Inactive Doubly occupied orbitals up to     (NO1)    = 0
No. considered Strongly Doubly occupied MOs (NDOC)   = 27
No. considered Strongly Singly occupied MOs (NSOC)   = 0
NO. of Weakly occ. per St. Doubly occ.  MOs (NCWO)   = 1
Dimension of the Nat. Orb. subspace         (NBF5)   = 54
No. of electrons                                     = 54
    No. of alpha electrons                           = 27
    No. of beta electrons                            = 27
Multiplicity                                         = 1

Geometry
========
Te       0.0000000       0.0000000       0.7695493
 H      -1.1553660       0.0000000      -0.3847747
 H       1.1553660       0.0000000      -0.3847747

Orthonormality violations 7440, Maximum Violation 0.000033
Trying to orthonormalize
No violations of the orthonormality
No violations of the orthonormality
 
PNOF7/ADABelief Calculation
==================
 
  Nitext  Nit_orb  Time   Nit_occ  Time         Eelec          Etot           Ediff      maxdiff    MaxGrad_orb  Grad_occ
     1      10    1.0e+01    0    1.2e+01 -2325.79584030 -2291.86955271 -12324.79584030   0.000119   4.8e-04   1.6e-04 0.08
 
RESULTS OF THE OCCUPATION OPTIMIZATION
========================================
   1    1.9999999  -140.99149216
   2    1.9999997  -61.53259784
   3    1.9999997  -61.52887407
   4    1.9999998  -61.49227663
   5    1.9999985  -24.51182656
   6    1.9999882  -9.57082742
   7    1.9999807  -9.42734616
   8    1.9999777  -9.36109065
   9    1.9999860  -9.01004917
  10    1.9999738  -8.72739494
  11    1.9999669  -8.51286412
  12    1.9999397  -8.01618015
  13    1.9999323  -7.75863885
  14    1.9999286  -7.59740789
  15    1.9998559  -4.94075391
  16    1.9998640  -4.73120683
  17    1.9998537  -4.68365624
  18    1.9998398  -4.68324476
  19    1.9998490  -4.67299283
  20    1.9998475  -4.56549432
  21    1.9998348  -4.46543621
  22    1.9747225  -0.88017180
  23    1.9737930  -0.84575914
  24    1.9738961  -0.84531757
  25    1.9766514  -0.78788889
  26    1.9249089  -0.39030661
  27    1.9249881  -0.39010069
  28    0.0750119  -0.02673816
  29    0.0750911  -0.02673346
  30    0.0233486  -0.01398917
  31    0.0261039  -0.01641582
  32    0.0262070  -0.01648131
  33    0.0252775  -0.01630115
  34    0.0001652  -0.00090030
  35    0.0001525  -0.00086168
  36    0.0001510  -0.00086383
  37    0.0001602  -0.00088933
  38    0.0001463  -0.00085173
  39    0.0001360  -0.00081485
  40    0.0001441  -0.00085612
  41    0.0000714  -0.00054321
  42    0.0000677  -0.00058456
  43    0.0000603  -0.00051919
  44    0.0000331  -0.00030327
  45    0.0000262  -0.00026232
  46    0.0000140  -0.00016810
  47    0.0000223  -0.00017321
  48    0.0000193  -0.00016051
  49    0.0000118  -0.00012661
  50    0.0000015  -0.00003191
  51    0.0000002  -0.00001279
  52    0.0000003  -0.00001333
  53    0.0000003  -0.00001482
  54    0.0000001  -0.00000704
 
----------------
 Final Energies 
----------------
Final NOF Total Energy =   -2291.8695527
 
Total Orbital Internal Iterations = 10
Total Occupation Internal Iterations = 0
 
Elapsed time:   29.47 Seconds

---------------------------------
   Lowdin Population Analysis    
---------------------------------
 Idx  Atom   Population   Charge 
---------------------------------
  1    Te    51.359       0.641
  2     H     1.321      -0.321
  3     H     1.321      -0.321

---------------------------------
   M Diagnostic: 0.08
---------------------------------

