Computing Integrals
Basis Set                                            = def2-qzvp
Auxiliary Basis Set                                  = def2-universal-jkfit
Gaussian Type                                        = Spherical
Elapsed time:    5.51 Seconds

Number of basis functions                   (NBF)    = 184
Number of auxiliary basis functions         (NBFAUX) = 282
Inactive Doubly occupied orbitals up to     (NO1)    = 0
No. considered Strongly Doubly occupied MOs (NDOC)   = 16
No. considered Strongly Singly occupied MOs (NSOC)   = 1
NO. of Weakly occ. per St. Doubly occ.  MOs (NCWO)   = 1
Dimension of the Nat. Orb. subspace         (NBF5)   = 33
No. of electrons                                     = 33
    No. of alpha electrons                           = 17
    No. of beta electrons                            = 16
Multiplicity                                         = 2

Geometry
========
Cl      -0.5609740      -0.9946370       0.0000000
 O       0.0000000       0.9587120       0.0000000
 O       1.1920690       1.1548920       0.0000000

Orthonormality violations 1316, Maximum Violation 0.000012
Trying to orthonormalize
No violations of the orthonormality
No violations of the orthonormality
 
PNOF7/ADABelief Calculation
==================
 
  Nitext  Nit_orb  Time   Nit_occ  Time         Eelec          Etot           Ediff      maxdiff    MaxGrad_orb  Grad_occ
     1      10    4.4e+01    0    2.3e+01  -698.76814380  -609.37657547 -10697.76814380   0.000248   9.9e-04   1.5e-04 0.43
 
RESULTS OF THE OCCUPATION OPTIMIZATION
========================================
   1    1.9999728  -103.80500436
   2    1.9997686  -20.74515842
   3    1.9997716  -20.70394667
   4    1.9996922  -8.99041378
   5    1.9996983  -8.95502829
   6    1.9996639  -8.95097296
   7    1.9996592  -8.94333713
   8    1.9546205  -1.03146827
   9    1.9846376  -1.02773532
  10    1.9845626  -1.02673349
  11    1.9857985  -1.02370762
  12    1.9847104  -0.99193217
  13    1.9866902  -0.90722693
  14    1.9808755  -0.69402385
  15    1.9733707  -0.50042398
  16    1.5716627  -0.47021235
  17    1.0000000  -0.31194436
  18    0.4283373  -0.15101391
  19    0.0266293  -0.01312369
  20    0.0191245  -0.01204452
  21    0.0133098  -0.00933489
  22    0.0152896  -0.01178897
  23    0.0142015  -0.01155685
  24    0.0154374  -0.01168389
  25    0.0153624  -0.01164116
  26    0.0453795  -0.04165788
  27    0.0003408  -0.00409972
  28    0.0003361  -0.00400698
  29    0.0003017  -0.00379278
  30    0.0003078  -0.00382598
  31    0.0002284  -0.00777251
  32    0.0002314  -0.00783774
  33    0.0000272  -0.00578296
 
----------------
 Final Energies 
----------------
Final NOF Total Energy =    -609.3765755
 
Total Orbital Internal Iterations = 10
Total Occupation Internal Iterations = 0
 
Elapsed time:   85.51 Seconds

---------------------------------
   Lowdin Population Analysis    
---------------------------------
 Idx  Atom   Population   Charge 
---------------------------------
  1    Cl    16.976       0.024
  2     O     8.041      -0.041
  3     O     7.982       0.018

---------------------------------
   M Diagnostic: 0.43
---------------------------------

