Computing Integrals
Basis Set                                            = def2-qzvp
Auxiliary Basis Set                                  = def2-universal-jkfit
Gaussian Type                                        = Spherical
Elapsed time:    5.22 Seconds

Number of basis functions                   (NBF)    = 171
Number of auxiliary basis functions         (NBFAUX) = 231
Inactive Doubly occupied orbitals up to     (NO1)    = 0
No. considered Strongly Doubly occupied MOs (NDOC)   = 12
No. considered Strongly Singly occupied MOs (NSOC)   = 0
NO. of Weakly occ. per St. Doubly occ.  MOs (NCWO)   = 1
Dimension of the Nat. Orb. subspace         (NBF5)   = 24
No. of electrons                                     = 24
    No. of alpha electrons                           = 12
    No. of beta electrons                            = 12
Multiplicity                                         = 1

Geometry
========
 O       0.0000000       0.0000000       0.4412240
 O       0.0000000       1.0825250      -0.2206120
 O       0.0000000      -1.0825250      -0.2206120

Orthonormality violations 9582, Maximum Violation 0.000116
Trying to orthonormalize
No violations of the orthonormality
No violations of the orthonormality
 
PNOF7/ADABelief Calculation
==================
 
  Nitext  Nit_orb  Time   Nit_occ  Time         Eelec          Etot           Ediff      maxdiff    MaxGrad_orb  Grad_occ
     1      10    4.3e+01    0    2.5e+01  -293.70930498  -224.68241638 -10292.70930498   0.000176   7.0e-04   5.7e-05 0.55
 
RESULTS OF THE OCCUPATION OPTIMIZATION
========================================
   1    1.9997739  -20.77601026
   2    1.9997794  -20.68022028
   3    1.9997793  -20.68020154
   4    1.9885197  -1.04893745
   5    1.9880480  -1.02971733
   6    1.9879155  -0.99684917
   7    1.9879104  -0.99675470
   8    1.9872603  -0.95943476
   9    1.9872495  -0.95905556
  10    1.9410850  -0.92180256
  11    1.9411527  -0.92145701
  12    1.4526025  -0.45989445
  13    0.5473975  -0.21068449
  14    0.0588473  -0.04682037
  15    0.0589150  -0.04684997
  16    0.0127505  -0.01239203
  17    0.0127397  -0.01238494
  18    0.0120896  -0.01202271
  19    0.0120845  -0.01201997
  20    0.0119520  -0.01065065
  21    0.0114803  -0.01049774
  22    0.0002207  -0.00759692
  23    0.0002206  -0.00759578
  24    0.0002261  -0.00776139
 
----------------
 Final Energies 
----------------
Final NOF Total Energy =    -224.6824164
 
Total Orbital Internal Iterations = 10
Total Occupation Internal Iterations = 0
 
Elapsed time:   88.23 Seconds

---------------------------------
   Lowdin Population Analysis    
---------------------------------
 Idx  Atom   Population   Charge 
---------------------------------
  1     O     8.063      -0.063
  2     O     7.968       0.032
  3     O     7.969       0.031

---------------------------------
   M Diagnostic: 0.55
---------------------------------

