Computing Integrals
Basis Set                                            = def2-qzvp
Auxiliary Basis Set                                  = def2-universal-jkfit
Gaussian Type                                        = Spherical
Elapsed time:    3.14 Seconds

Number of basis functions                   (NBF)    = 184
Number of auxiliary basis functions         (NBFAUX) = 282
Inactive Doubly occupied orbitals up to     (NO1)    = 0
No. considered Strongly Doubly occupied MOs (NDOC)   = 17
No. considered Strongly Singly occupied MOs (NSOC)   = 0
NO. of Weakly occ. per St. Doubly occ.  MOs (NCWO)   = 1
Dimension of the Nat. Orb. subspace         (NBF5)   = 34
No. of electrons                                     = 34
    No. of alpha electrons                           = 17
    No. of beta electrons                            = 17
Multiplicity                                         = 1

Geometry
========
 S       0.0000000       0.0000000       0.5566340
 F       0.0000000       1.2128210      -0.4947860
 F       0.0000000      -1.2128210      -0.4947860

Orthonormality violations 549, Maximum Violation 0.000008
Trying to orthonormalize
No violations of the orthonormality
No violations of the orthonormality
 
PNOF7/ADABelief Calculation
==================
 
  Nitext  Nit_orb  Time   Nit_occ  Time         Eelec          Etot           Ediff      maxdiff    MaxGrad_orb  Grad_occ
     1      10    9.9e+00    0    1.2e+01  -709.30678774  -596.68818095 -10708.30678774   0.000191   7.6e-04   1.2e-04 0.03
 
RESULTS OF THE OCCUPATION OPTIMIZATION
========================================
   1    1.9999701  -91.36227902
   2    1.9998410  -26.33159469
   3    1.9998411  -26.33125638
   4    1.9996105  -7.55042128
   5    1.9996034  -7.53698808
   6    1.9996065  -7.53611715
   7    1.9996109  -7.52140707
   8    1.9913321  -1.01364616
   9    1.9913487  -1.01266848
  10    1.9911124  -1.01142276
  11    1.9912049  -1.01095834
  12    1.9907428  -1.00177622
  13    1.9907135  -1.00031249
  14    1.9659603  -0.89865873
  15    1.9657655  -0.89709023
  16    1.9888833  -0.80359137
  17    1.9797692  -0.53533225
  18    0.0202308  -0.01107896
  19    0.0111167  -0.00814995
  20    0.0342345  -0.03008452
  21    0.0340397  -0.02996070
  22    0.0092865  -0.01224841
  23    0.0092572  -0.01222384
  24    0.0087951  -0.01199047
  25    0.0088876  -0.01205134
  26    0.0086513  -0.01183360
  27    0.0086679  -0.01182741
  28    0.0003891  -0.00439072
  29    0.0003935  -0.00438694
  30    0.0003966  -0.00440515
  31    0.0003895  -0.00433123
  32    0.0001589  -0.00712797
  33    0.0001590  -0.00712979
  34    0.0000299  -0.00563508
 
----------------
 Final Energies 
----------------
Final NOF Total Energy =    -596.6881809
 
Total Orbital Internal Iterations = 10
Total Occupation Internal Iterations = 0
 
Elapsed time:   29.20 Seconds

---------------------------------
   Lowdin Population Analysis    
---------------------------------
 Idx  Atom   Population   Charge 
---------------------------------
  1     S    16.000      -0.000
  2     F     9.000      -0.000
  3     F     9.000       0.000

---------------------------------
   M Diagnostic: 0.03
---------------------------------

