Computing Integrals
Basis Set                                            = def2-qzvp
Auxiliary Basis Set                                  = def2-universal-jkfit
Gaussian Type                                        = Spherical
Elapsed time:    1.93 Seconds

Number of basis functions                   (NBF)    = 147
Number of auxiliary basis functions         (NBFAUX) = 131
Inactive Doubly occupied orbitals up to     (NO1)    = 0
No. considered Strongly Doubly occupied MOs (NDOC)   = 5
No. considered Strongly Singly occupied MOs (NSOC)   = 0
NO. of Weakly occ. per St. Doubly occ.  MOs (NCWO)   = 1
Dimension of the Nat. Orb. subspace         (NBF5)   = 10
No. of electrons                                     = 10
    No. of alpha electrons                           = 5
    No. of beta electrons                            = 5
Multiplicity                                         = 1

Geometry
========
 N      -1.0714682      -0.0091258       1.5027946
 H      -0.6175728      -0.9169838       1.4741486
 H      -0.6009001       0.4868762       2.2535558
 H      -0.7630722       0.4831850       0.6081727

Orthonormality violations 16401, Maximum Violation 0.000195
Trying to orthonormalize
No violations of the orthonormality
No violations of the orthonormality
 
PNOF8/ADABelief Calculation
==================
 
  Nitext  Nit_orb  Time   Nit_occ  Time         Eelec          Etot           Ediff      maxdiff    MaxGrad_orb  Grad_occ
     1      10    9.4e+00    0    1.2e+01   -68.13809724   -56.39968468 -10067.13809724   0.000213   8.5e-04   2.0e-04 0.03
 
RESULTS OF THE OCCUPATION OPTIMIZATION
========================================
   1    1.9997196  -15.55610415
   2    1.9884308  -1.05707243
   3    1.9716978  -0.61196434
   4    1.9715639  -0.61191577
   5    1.9693817  -0.59717515
   6    0.0306183  -0.03141990
   7    0.0284361  -0.02995724
   8    0.0283022  -0.02992123
   9    0.0115692  -0.01871384
  10    0.0002804  -0.00726804
 
----------------
 Final Energies 
----------------
Final NOF Total Energy =     -56.3996847
 
Total Orbital Internal Iterations = 10
Total Occupation Internal Iterations = 0
 
Elapsed time:   28.50 Seconds

---------------------------------
   Lowdin Population Analysis    
---------------------------------
 Idx  Atom   Population   Charge 
---------------------------------
  1     N     6.466       0.534
  2     H     1.200      -0.200
  3     H     1.200      -0.200
  4     H     1.135      -0.135

---------------------------------
   M Diagnostic: 0.03
---------------------------------

