Computing Integrals
Basis Set                                            = def2-qzvp
Auxiliary Basis Set                                  = def2-universal-jkfit
Gaussian Type                                        = Spherical
Elapsed time:    2.36 Seconds

Number of basis functions                   (NBF)    = 204
Number of auxiliary basis functions         (NBFAUX) = 208
Inactive Doubly occupied orbitals up to     (NO1)    = 0
No. considered Strongly Doubly occupied MOs (NDOC)   = 10
No. considered Strongly Singly occupied MOs (NSOC)   = 0
NO. of Weakly occ. per St. Doubly occ.  MOs (NCWO)   = 1
Dimension of the Nat. Orb. subspace         (NBF5)   = 20
No. of electrons                                     = 20
    No. of alpha electrons                           = 10
    No. of beta electrons                            = 10
Multiplicity                                         = 1

Geometry
========
 F      -0.2051159       1.1919457      -0.6962901
 N      -1.0714682      -0.0091258       1.5027946
 H      -0.6175728      -0.9169838       1.4741486
 H      -0.6009001       0.4868762       2.2535558
 H      -0.7630722       0.4831850       0.6081727

No violations of the orthonormality
No violations of the orthonormality
 
PNOF8/ADABelief Calculation
==================
 
  Nitext  Nit_orb  Time   Nit_occ  Time         Eelec          Etot           Ediff      maxdiff    MaxGrad_orb  Grad_occ
     1      10    1.0e+01    0    1.2e+01  -186.49980073  -156.06752258 -10185.49980073   0.000497   2.0e-03   6.1e-05 0.03
 
RESULTS OF THE OCCUPATION OPTIMIZATION
========================================
   1    1.9998426  -25.92198399
   2    1.9997113  -15.33390646
   3    1.9916733  -1.08714717
   4    1.9878242  -0.83948578
   5    1.9842404  -0.40575221
   6    1.9706942  -0.39924831
   7    1.9706941  -0.39912946
   8    1.9707254  -0.32636268
   9    1.9787741  -0.27541915
  10    1.9786169  -0.27157273
  11    0.0213831  -0.02403329
  12    0.0212259  -0.02402376
  13    0.0292746  -0.03198254
  14    0.0293059  -0.02735674
  15    0.0293058  -0.02739103
  16    0.0157596  -0.02422052
  17    0.0121758  -0.01752132
  18    0.0083267  -0.01825150
  19    0.0002887  -0.00731216
  20    0.0001574  -0.00673846
 
----------------
 Final Energies 
----------------
Final NOF Total Energy =    -156.0675226
 
Total Orbital Internal Iterations = 10
Total Occupation Internal Iterations = 0
 
Elapsed time:   28.44 Seconds

---------------------------------
   Lowdin Population Analysis    
---------------------------------
 Idx  Atom   Population   Charge 
---------------------------------
  1     F     9.700      -0.700
  2     N     6.517       0.483
  3     H     1.236      -0.236
  4     H     1.236      -0.236
  5     H     1.312      -0.312

---------------------------------
   M Diagnostic: 0.03
---------------------------------

