Computing Integrals
Basis Set                                            = def2-qzvp
Auxiliary Basis Set                                  = def2-universal-jkfit
Gaussian Type                                        = Spherical
Elapsed time:    2.67 Seconds

Number of basis functions                   (NBF)    = 113
Number of auxiliary basis functions         (NBFAUX) = 237
Inactive Doubly occupied orbitals up to     (NO1)    = 0
No. considered Strongly Doubly occupied MOs (NDOC)   = 14
No. considered Strongly Singly occupied MOs (NSOC)   = 0
NO. of Weakly occ. per St. Doubly occ.  MOs (NCWO)   = 1
Dimension of the Nat. Orb. subspace         (NBF5)   = 28
No. of electrons                                     = 28
    No. of alpha electrons                           = 14
    No. of beta electrons                            = 14
Multiplicity                                         = 1

Geometry
========
 K       0.0000000       0.0000000      -1.0888710
 F       0.0000000       0.0000000       1.0888710

No violations of the orthonormality
No violations of the orthonormality
 
PNOF8/ADABelief Calculation
==================
 
  Nitext  Nit_orb  Time   Nit_occ  Time         Eelec          Etot           Ediff      maxdiff    MaxGrad_orb  Grad_occ
     1      10    9.5e+00    0    1.2e+01  -740.69824290  -699.14643489 -10739.69824290   0.000503   2.0e-03   7.4e-05 0.03
 
RESULTS OF THE OCCUPATION OPTIMIZATION
========================================
   1    1.9999888  -133.49939060
   2    1.9998357  -22.19355129
   3    1.9997974  -18.35465829
   4    1.9996975  -11.45944380
   5    1.9994817  -11.45767516
   6    1.9993966  -11.45750524
   7    1.9902170  -1.70985473
   8    1.9898167  -1.35251644
   9    1.9777017  -0.81933213
  10    1.9782053  -0.81191523
  11    1.9774320  -0.80305195
  12    1.9773821  -0.73021608
  13    1.9744160  -0.55730657
  14    1.9776703  -0.45849740
  15    0.0223297  -0.02698603
  16    0.0255840  -0.03480891
  17    0.0226179  -0.02976594
  18    0.0225680  -0.02892297
  19    0.0217947  -0.02835869
  20    0.0222983  -0.02876599
  21    0.0101833  -0.02644293
  22    0.0097830  -0.03512912
  23    0.0006034  -0.01197312
  24    0.0005183  -0.00883953
  25    0.0003025  -0.00817837
  26    0.0002026  -0.00423762
  27    0.0001643  -0.00576191
  28    0.0000112  -0.00306188
 
----------------
 Final Energies 
----------------
Final NOF Total Energy =    -699.1464349
 
Total Orbital Internal Iterations = 10
Total Occupation Internal Iterations = 0
 
Elapsed time:   27.63 Seconds

---------------------------------
   Lowdin Population Analysis    
---------------------------------
 Idx  Atom   Population   Charge 
---------------------------------
  1     K    18.466       0.534
  2     F     9.534      -0.534

---------------------------------
   M Diagnostic: 0.03
---------------------------------

