Computing Integrals
Basis Set                                            = def2-qzvp
Auxiliary Basis Set                                  = def2-universal-jkfit
Gaussian Type                                        = Spherical
Elapsed time:    1.56 Seconds

Number of basis functions                   (NBF)    = 57
Number of auxiliary basis functions         (NBFAUX) = 77
Inactive Doubly occupied orbitals up to     (NO1)    = 0
No. considered Strongly Doubly occupied MOs (NDOC)   = 4
No. considered Strongly Singly occupied MOs (NSOC)   = 1
NO. of Weakly occ. per St. Doubly occ.  MOs (NCWO)   = 1
Dimension of the Nat. Orb. subspace         (NBF5)   = 9
No. of electrons                                     = 9
    No. of alpha electrons                           = 5
    No. of beta electrons                            = 4
Multiplicity                                         = 2

Geometry
========
 F       0.0000000       0.0000000       0.0000000

No violations of the orthonormality
No violations of the orthonormality
 
PNOF8/ADABelief Calculation
==================
 
  Nitext  Nit_orb  Time   Nit_occ  Time         Eelec          Etot           Ediff      maxdiff    MaxGrad_orb  Grad_occ
     1      10    9.0e+00    0    1.2e+01   -99.55397793   -99.55397793 -10098.55397793   0.000241   9.6e-04   1.6e-04 0.02
 
RESULTS OF THE OCCUPATION OPTIMIZATION
========================================
   1    1.9998481  -26.42689261
   2    1.9878891  -1.47922360
   3    1.9839481  -0.79900605
   4    1.9839349  -0.79858023
   5    1.0000000  -0.44026557
   6    0.0160651  -0.02472348
   7    0.0160519  -0.02472759
   8    0.0121109  -0.02541154
   9    0.0001519  -0.00661737
 
----------------
 Final Energies 
----------------
Final NOF Total Energy =     -99.5539779
 
Total Orbital Internal Iterations = 10
Total Occupation Internal Iterations = 0
 
Elapsed time:   26.94 Seconds

---------------------------------
   Lowdin Population Analysis    
---------------------------------
 Idx  Atom   Population   Charge 
---------------------------------
  1     F     9.000      -0.000

---------------------------------
   M Diagnostic: 0.02
---------------------------------

