Computing Integrals
Basis Set                                            = def2-qzvp
Auxiliary Basis Set                                  = def2-universal-jkfit
Gaussian Type                                        = Spherical
Elapsed time:    1.76 Seconds

Number of basis functions                   (NBF)    = 147
Number of auxiliary basis functions         (NBFAUX) = 129
Inactive Doubly occupied orbitals up to     (NO1)    = 0
No. considered Strongly Doubly occupied MOs (NDOC)   = 4
No. considered Strongly Singly occupied MOs (NSOC)   = 1
NO. of Weakly occ. per St. Doubly occ.  MOs (NCWO)   = 1
Dimension of the Nat. Orb. subspace         (NBF5)   = 9
No. of electrons                                     = 9
    No. of alpha electrons                           = 5
    No. of beta electrons                            = 4
Multiplicity                                         = 2

Geometry
========
 C       0.0000000       0.0000000       0.0000000
 H       0.5386581       0.9329832       0.0000000
 H       0.5386581      -0.9329832       0.0000000
 H      -1.0773162       0.0000000       0.0000000

Orthonormality violations 9831, Maximum Violation 0.000104
Trying to orthonormalize
No violations of the orthonormality
No violations of the orthonormality
 
PNOF8/ADABelief Calculation
==================
 
  Nitext  Nit_orb  Time   Nit_occ  Time         Eelec          Etot           Ediff      maxdiff    MaxGrad_orb  Grad_occ
     1      10    9.3e+00    0    1.2e+01   -49.39730128   -39.70494743 -10048.39730128   0.000119   4.8e-04   9.8e-05 0.03
 
RESULTS OF THE OCCUPATION OPTIMIZATION
========================================
   1    1.9995708  -11.22049700
   2    1.9766840  -0.84145182
   3    1.9728523  -0.62133938
   4    1.9727792  -0.62074816
   5    1.0000000  -0.19681820
   6    0.0272208  -0.02537746
   7    0.0271477  -0.02536066
   8    0.0233160  -0.02455326
   9    0.0004292  -0.00790156
 
----------------
 Final Energies 
----------------
Final NOF Total Energy =     -39.7049474
 
Total Orbital Internal Iterations = 10
Total Occupation Internal Iterations = 0
 
Elapsed time:   28.43 Seconds

---------------------------------
   Lowdin Population Analysis    
---------------------------------
 Idx  Atom   Population   Charge 
---------------------------------
  1     C     5.575       0.425
  2     H     1.142      -0.142
  3     H     1.141      -0.141
  4     H     1.142      -0.142

---------------------------------
   M Diagnostic: 0.03
---------------------------------

