Computing Integrals
Basis Set                                            = def2-qzvp
Auxiliary Basis Set                                  = def2-universal-jkfit
Gaussian Type                                        = Spherical
Elapsed time:    1.63 Seconds

Number of basis functions                   (NBF)    = 87
Number of auxiliary basis functions         (NBFAUX) = 95
Inactive Doubly occupied orbitals up to     (NO1)    = 0
No. considered Strongly Doubly occupied MOs (NDOC)   = 4
No. considered Strongly Singly occupied MOs (NSOC)   = 1
NO. of Weakly occ. per St. Doubly occ.  MOs (NCWO)   = 1
Dimension of the Nat. Orb. subspace         (NBF5)   = 9
No. of electrons                                     = 9
    No. of alpha electrons                           = 5
    No. of beta electrons                            = 4
Multiplicity                                         = 2

Geometry
========
 O       0.0000000       0.0000000       0.4844483
 H       0.0000000       0.0000000      -0.4844483

Orthonormality violations 1743, Maximum Violation 0.000064
Trying to orthonormalize
No violations of the orthonormality
No violations of the orthonormality
 
PNOF8/ADABelief Calculation
==================
 
  Nitext  Nit_orb  Time   Nit_occ  Time         Eelec          Etot           Ediff      maxdiff    MaxGrad_orb  Grad_occ
     1      10    9.1e+00    0    1.2e+01   -79.94609644   -75.57678687 -10078.94609644   0.000123   4.9e-04   1.3e-04 0.03
 
RESULTS OF THE OCCUPATION OPTIMIZATION
========================================
   1    1.9998135  -20.64710430
   2    1.9873465  -1.27768786
   3    1.9668636  -0.74453893
   4    1.9789088  -0.56407392
   5    1.0000000  -0.34372650
   6    0.0210912  -0.02316314
   7    0.0331364  -0.03849646
   8    0.0126535  -0.02327907
   9    0.0001865  -0.00646415
 
----------------
 Final Energies 
----------------
Final NOF Total Energy =     -75.5767869
 
Total Orbital Internal Iterations = 10
Total Occupation Internal Iterations = 0
 
Elapsed time:   28.24 Seconds

---------------------------------
   Lowdin Population Analysis    
---------------------------------
 Idx  Atom   Population   Charge 
---------------------------------
  1     O     7.581       0.419
  2     H     1.419      -0.419

---------------------------------
   M Diagnostic: 0.03
---------------------------------

