Computing Integrals
Basis Set                                            = def2-qzvp
Auxiliary Basis Set                                  = def2-universal-jkfit
Gaussian Type                                        = Spherical
Elapsed time:    4.35 Seconds

Number of basis functions                   (NBF)    = 294
Number of auxiliary basis functions         (NBFAUX) = 260
Inactive Doubly occupied orbitals up to     (NO1)    = 0
No. considered Strongly Doubly occupied MOs (NDOC)   = 9
No. considered Strongly Singly occupied MOs (NSOC)   = 1
NO. of Weakly occ. per St. Doubly occ.  MOs (NCWO)   = 1
Dimension of the Nat. Orb. subspace         (NBF5)   = 19
No. of electrons                                     = 19
    No. of alpha electrons                           = 10
    No. of beta electrons                            = 9
Multiplicity                                         = 2

Geometry
========
 C      -1.0637767      -0.0000137      -0.0826135
 N       1.5102261      -0.0000127      -0.2316868
 H      -1.3870141       0.9085314      -0.5796489
 H      -1.2667003      -0.0045807       0.9823998
 H      -1.3877761      -0.9038901      -0.5876045
 H       0.2400802      -0.0000717      -0.2465964
 H       1.6774302       0.8055694       0.3728469
 H       1.6775308      -0.8055319       0.3729035

Orthonormality violations 54235, Maximum Violation 0.000111
Trying to orthonormalize
No violations of the orthonormality
No violations of the orthonormality
 
PNOF8/ADABelief Calculation
==================
 
  Nitext  Nit_orb  Time   Nit_occ  Time         Eelec          Etot           Ediff      maxdiff    MaxGrad_orb  Grad_occ
     1      10    1.0e+01    0    1.2e+01  -135.49862192   -96.07028926 -10134.49862192   0.000124   5.0e-04   1.2e-04 0.04
 
RESULTS OF THE OCCUPATION OPTIMIZATION
========================================
   1    1.9996909  -15.08104832
   2    1.9995913  -11.70407857
   3    1.9867297  -1.03710602
   4    1.9790813  -0.86849118
   5    1.9692960  -0.61395083
   6    1.9692980  -0.61391749
   7    1.9736185  -0.60744564
   8    1.9736003  -0.60728536
   9    1.9619632  -0.58238768
  10    1.0000000  -0.20959585
  11    0.0380368  -0.03200102
  12    0.0263997  -0.02496215
  13    0.0263815  -0.02495838
  14    0.0307020  -0.03101544
  15    0.0307040  -0.03101665
  16    0.0209187  -0.02366609
  17    0.0132703  -0.01900982
  18    0.0004087  -0.00758541
  19    0.0003091  -0.00752443
 
----------------
 Final Energies 
----------------
Final NOF Total Energy =     -96.0702893
 
Total Orbital Internal Iterations = 10
Total Occupation Internal Iterations = 0
 
Elapsed time:   29.55 Seconds

---------------------------------
   Lowdin Population Analysis    
---------------------------------
 Idx  Atom   Population   Charge 
---------------------------------
  1     C     5.622       0.378
  2     N     6.459       0.541
  3     H     1.093      -0.093
  4     H     1.096      -0.096
  5     H     1.093      -0.093
  6     H     1.217      -0.217
  7     H     1.210      -0.210
  8     H     1.210      -0.210

---------------------------------
   M Diagnostic: 0.04
---------------------------------

