Computing Integrals
Basis Set                                            = def2-qzvp
Auxiliary Basis Set                                  = def2-universal-jkfit
Gaussian Type                                        = Spherical
Elapsed time:    1.70 Seconds

Number of basis functions                   (NBF)    = 117
Number of auxiliary basis functions         (NBFAUX) = 113
Inactive Doubly occupied orbitals up to     (NO1)    = 0
No. considered Strongly Doubly occupied MOs (NDOC)   = 5
No. considered Strongly Singly occupied MOs (NSOC)   = 1
NO. of Weakly occ. per St. Doubly occ.  MOs (NCWO)   = 1
Dimension of the Nat. Orb. subspace         (NBF5)   = 11
No. of electrons                                     = 11
    No. of alpha electrons                           = 6
    No. of beta electrons                            = 5
Multiplicity                                         = 2

Geometry
========
 H       0.1465678      -0.2472646       0.0000000
 F       0.0000000       1.2115485       0.0000000
 H      -0.1465678      -0.9642839       0.0000000

Orthonormality violations 4425, Maximum Violation 0.000208
Trying to orthonormalize
No violations of the orthonormality
No violations of the orthonormality
 
PNOF8/ADABelief Calculation
==================
 
  Nitext  Nit_orb  Time   Nit_occ  Time         Eelec          Etot           Ediff      maxdiff    MaxGrad_orb  Grad_occ
     1      10    9.4e+00    0    1.2e+01  -106.81462493  -100.69923493 -10105.81462493   0.000209   8.4e-04   9.0e-05 0.03
 
RESULTS OF THE OCCUPATION OPTIMIZATION
========================================
   1    1.9998482  -26.41668788
   2    1.9890836  -1.55218583
   3    1.9830677  -0.75167399
   4    1.9830001  -0.74692486
   5    1.9699519  -0.66816961
   6    1.0000000  -0.39707416
   7    0.0300481  -0.02397927
   8    0.0169999  -0.02409970
   9    0.0169323  -0.02415330
  10    0.0109164  -0.02507060
  11    0.0001518  -0.00654505
 
----------------
 Final Energies 
----------------
Final NOF Total Energy =    -100.6992349
 
Total Orbital Internal Iterations = 10
Total Occupation Internal Iterations = 0
 
Elapsed time:   28.55 Seconds

---------------------------------
   Lowdin Population Analysis    
---------------------------------
 Idx  Atom   Population   Charge 
---------------------------------
  1     H     1.142      -0.142
  2     F     8.916       0.084
  3     H     0.942       0.058

---------------------------------
   M Diagnostic: 0.03
---------------------------------

