Computing Integrals
Basis Set                                            = def2-qzvp
Auxiliary Basis Set                                  = def2-universal-jkfit
Gaussian Type                                        = Spherical
Elapsed time:    2.33 Seconds

Number of basis functions                   (NBF)    = 57
Number of auxiliary basis functions         (NBFAUX) = 77
Inactive Doubly occupied orbitals up to     (NO1)    = 0
No. considered Strongly Doubly occupied MOs (NDOC)   = 4
No. considered Strongly Singly occupied MOs (NSOC)   = 1
NO. of Weakly occ. per St. Doubly occ.  MOs (NCWO)   = 1
Dimension of the Nat. Orb. subspace         (NBF5)   = 9
No. of electrons                                     = 9
    No. of alpha electrons                           = 5
    No. of beta electrons                            = 4
Multiplicity                                         = 2

Geometry
========
 F       0.0000000       0.0000000       0.0000000

No violations of the orthonormality
No violations of the orthonormality
 
PNOF8/ADABelief Calculation
==================
 
  Nitext  Nit_orb  Time   Nit_occ  Time         Eelec          Etot           Ediff      maxdiff    MaxGrad_orb  Grad_occ
     1      10    1.9e+01    0    2.3e+01   -99.55395266   -99.55395266 -10098.55395266   0.000237   9.5e-04   1.0e-04 0.02
 
RESULTS OF THE OCCUPATION OPTIMIZATION
========================================
   1    1.9998481  -26.42685126
   2    1.9878872  -1.48960649
   3    1.9844525  -0.83245868
   4    1.9835361  -0.75457060
   5    1.0000000  -0.44019534
   6    0.0164639  -0.02404598
   7    0.0155475  -0.02533519
   8    0.0121128  -0.02539993
   9    0.0001519  -0.00659894
 
----------------
 Final Energies 
----------------
Final NOF Total Energy =     -99.5539527
 
Total Orbital Internal Iterations = 10
Total Occupation Internal Iterations = 0
 
Elapsed time:   54.74 Seconds

---------------------------------
   Lowdin Population Analysis    
---------------------------------
 Idx  Atom   Population   Charge 
---------------------------------
  1     F     9.000       0.000

---------------------------------
   M Diagnostic: 0.02
---------------------------------

