Computing Integrals
Basis Set                                            = def2-qzvp
Auxiliary Basis Set                                  = def2-universal-jkfit
Gaussian Type                                        = Spherical
Elapsed time:    1.66 Seconds

Number of basis functions                   (NBF)    = 100
Number of auxiliary basis functions         (NBFAUX) = 146
Inactive Doubly occupied orbitals up to     (NO1)    = 0
No. considered Strongly Doubly occupied MOs (NDOC)   = 9
No. considered Strongly Singly occupied MOs (NSOC)   = 0
NO. of Weakly occ. per St. Doubly occ.  MOs (NCWO)   = 1
Dimension of the Nat. Orb. subspace         (NBF5)   = 18
No. of electrons                                     = 18
    No. of alpha electrons                           = 9
    No. of beta electrons                            = 9
Multiplicity                                         = 1

Geometry
========
Cl       0.0000000       0.0000000      -0.6414757
 H       0.0000000       0.0000000       0.6414757

Orthonormality violations 3825, Maximum Violation 0.000097
Trying to orthonormalize
No violations of the orthonormality
No violations of the orthonormality
 
PNOF8/ADABelief Calculation
==================
 
  Nitext  Nit_orb  Time   Nit_occ  Time         Eelec          Etot           Ediff      maxdiff    MaxGrad_orb  Grad_occ
     1      10    9.3e+00    0    1.2e+01  -467.44883457  -460.43688262 -10466.44883457   0.000249   1.0e-03   1.5e-04 0.03
 
RESULTS OF THE OCCUPATION OPTIMIZATION
========================================
   1    1.9999683  -104.89234649
   2    1.9993522  -10.57283644
   3    1.9985345  -8.05062923
   4    1.9989434  -8.04703858
   5    1.9989470  -8.04390882
   6    1.9909445  -1.12583326
   7    1.9694768  -0.63165484
   8    1.9794000  -0.49015338
   9    1.9795369  -0.48852326
  10    0.0204631  -0.02395912
  11    0.0206000  -0.02404358
  12    0.0305232  -0.04029117
  13    0.0090555  -0.02839393
  14    0.0010530  -0.01906165
  15    0.0010566  -0.01911022
  16    0.0014655  -0.02194538
  17    0.0006478  -0.01514330
  18    0.0000317  -0.00600881
 
----------------
 Final Energies 
----------------
Final NOF Total Energy =    -460.4368826
 
Total Orbital Internal Iterations = 10
Total Occupation Internal Iterations = 0
 
Elapsed time:   28.46 Seconds

---------------------------------
   Lowdin Population Analysis    
---------------------------------
 Idx  Atom   Population   Charge 
---------------------------------
  1    Cl    16.629       0.371
  2     H     1.371      -0.371

---------------------------------
   M Diagnostic: 0.03
---------------------------------

