Computing Integrals
Basis Set                                            = def2-qzvp
Auxiliary Basis Set                                  = def2-universal-jkfit
Gaussian Type                                        = Spherical
Elapsed time:    2.65 Seconds

Number of basis functions                   (NBF)    = 140
Number of auxiliary basis functions         (NBFAUX) = 256
Inactive Doubly occupied orbitals up to     (NO1)    = 0
No. considered Strongly Doubly occupied MOs (NDOC)   = 17
No. considered Strongly Singly occupied MOs (NSOC)   = 0
NO. of Weakly occ. per St. Doubly occ.  MOs (NCWO)   = 1
Dimension of the Nat. Orb. subspace         (NBF5)   = 34
No. of electrons                                     = 34
    No. of alpha electrons                           = 17
    No. of beta electrons                            = 17
Multiplicity                                         = 1

Geometry
========
Cl       0.0000000       0.0000000       1.0211660
Cl       0.0000000       0.0000000      -1.0211660

Orthonormality violations 2283, Maximum Violation 0.000088
Trying to orthonormalize
No violations of the orthonormality
No violations of the orthonormality
 
PNOF8/ADABelief Calculation
==================
 
  Nitext  Nit_orb  Time   Nit_occ  Time         Eelec          Etot           Ediff      maxdiff    MaxGrad_orb  Grad_occ
     1      10    9.7e+00    0    1.2e+01  -994.52621774  -919.64520068 -10993.52621774   0.000136   5.4e-04   2.1e-04 0.04
 
RESULTS OF THE OCCUPATION OPTIMIZATION
========================================
   1    1.9999684  -104.94244595
   2    1.9999739  -104.93998050
   3    1.9992976  -10.62044222
   4    1.9993555  -10.62007322
   5    1.9983897  -8.09489776
   6    1.9990318  -8.08963743
   7    1.9990393  -8.08810212
   8    1.9990255  -8.08715696
   9    1.9990401  -8.08654082
  10    1.9980846  -8.08508640
  11    1.9900579  -1.15438251
  12    1.9864694  -1.08047907
  13    1.9627101  -0.60647357
  14    1.9789319  -0.53655698
  15    1.9789401  -0.52808617
  16    1.9784360  -0.49755728
  17    1.9779358  -0.49296373
  18    0.0220642  -0.02517369
  19    0.0215640  -0.02495237
  20    0.0210599  -0.02729289
  21    0.0210681  -0.02734720
  22    0.0372899  -0.06077754
  23    0.0135306  -0.02272981
  24    0.0099421  -0.02960354
  25    0.0019154  -0.03069839
  26    0.0009599  -0.01789171
  27    0.0009745  -0.01804705
  28    0.0009607  -0.01791610
  29    0.0009682  -0.01795378
  30    0.0016103  -0.02420203
  31    0.0006445  -0.01515643
  32    0.0007024  -0.01598705
  33    0.0000261  -0.00515931
  34    0.0000316  -0.00596557
 
----------------
 Final Energies 
----------------
Final NOF Total Energy =    -919.6452007
 
Total Orbital Internal Iterations = 10
Total Occupation Internal Iterations = 0
 
Elapsed time:   29.14 Seconds

---------------------------------
   Lowdin Population Analysis    
---------------------------------
 Idx  Atom   Population   Charge 
---------------------------------
  1    Cl    17.002      -0.002
  2    Cl    16.998       0.002

---------------------------------
   M Diagnostic: 0.04
---------------------------------

