Computing Integrals
Basis Set                                            = def2-qzvp
Auxiliary Basis Set                                  = def2-universal-jkfit
Gaussian Type                                        = Spherical
Elapsed time:    1.74 Seconds

Number of basis functions                   (NBF)    = 177
Number of auxiliary basis functions         (NBFAUX) = 147
Inactive Doubly occupied orbitals up to     (NO1)    = 0
No. considered Strongly Doubly occupied MOs (NDOC)   = 5
No. considered Strongly Singly occupied MOs (NSOC)   = 0
NO. of Weakly occ. per St. Doubly occ.  MOs (NCWO)   = 1
Dimension of the Nat. Orb. subspace         (NBF5)   = 10
No. of electrons                                     = 10
    No. of alpha electrons                           = 5
    No. of beta electrons                            = 5
Multiplicity                                         = 1

Geometry
========
 C       0.0000000       0.0000000       0.0000000
 H       0.6285100      -0.6285100       0.6285100
 H      -0.6285100       0.6285100       0.6285100
 H      -0.6285100      -0.6285100      -0.6285100
 H       0.6285100       0.6285100      -0.6285100

Orthonormality violations 36, Maximum Violation 0.000002
Trying to orthonormalize
No violations of the orthonormality
No violations of the orthonormality
 
PNOF8/ADABelief Calculation
==================
 
  Nitext  Nit_orb  Time   Nit_occ  Time         Eelec          Etot           Ediff      maxdiff    MaxGrad_orb  Grad_occ
     1      10    9.5e+00    0    1.2e+01   -53.82307512   -40.37057301 -10052.82307512   0.000039   1.6e-04   1.2e-04 0.03
 
RESULTS OF THE OCCUPATION OPTIMIZATION
========================================
   1    1.9996223  -11.20273652
   2    1.9815284  -0.89792563
   3    1.9741539  -0.57518848
   4    1.9740543  -0.57467140
   5    1.9740042  -0.57441993
   6    0.0259958  -0.02475268
   7    0.0259457  -0.02474167
   8    0.0258461  -0.02472000
   9    0.0184716  -0.02279531
  10    0.0003777  -0.00719237
 
----------------
 Final Energies 
----------------
Final NOF Total Energy =     -40.3705730
 
Total Orbital Internal Iterations = 10
Total Occupation Internal Iterations = 0
 
Elapsed time:   28.56 Seconds

---------------------------------
   Lowdin Population Analysis    
---------------------------------
 Idx  Atom   Population   Charge 
---------------------------------
  1     C     5.695       0.305
  2     H     1.077      -0.077
  3     H     1.077      -0.077
  4     H     1.077      -0.077
  5     H     1.074      -0.074

---------------------------------
   M Diagnostic: 0.03
---------------------------------

