Computing Integrals
Basis Set                                            = def2-qzvp
Auxiliary Basis Set                                  = def2-universal-jkfit
Gaussian Type                                        = Spherical
Elapsed time:    3.32 Seconds

Number of basis functions                   (NBF)    = 257
Number of auxiliary basis functions         (NBFAUX) = 367
Inactive Doubly occupied orbitals up to     (NO1)    = 0
No. considered Strongly Doubly occupied MOs (NDOC)   = 21
No. considered Strongly Singly occupied MOs (NSOC)   = 0
NO. of Weakly occ. per St. Doubly occ.  MOs (NCWO)   = 1
Dimension of the Nat. Orb. subspace         (NBF5)   = 42
No. of electrons                                     = 42
    No. of alpha electrons                           = 21
    No. of beta electrons                            = 21
Multiplicity                                         = 1

Geometry
========
Cl       0.0000000       1.4939925       0.8346445
 C       0.0000000       0.0000000      -0.1555982
Cl       0.0000000      -1.4939925       0.8346445
 H       0.8986495       0.0000000      -0.7568453
 H      -0.8986495       0.0000000      -0.7568453

No violations of the orthonormality
No violations of the orthonormality
 
PNOF8/ADABelief Calculation
==================
 
  Nitext  Nit_orb  Time   Nit_occ  Time         Eelec          Etot           Ediff      maxdiff    MaxGrad_orb  Grad_occ
     1      10    1.1e+01    0    1.2e+01 -1091.68700808  -958.86513580 -11090.68700808   0.001053   4.2e-03   1.1e-04 0.03
     2      30    4.0e+00    0    2.0e-02 -1091.68700808  -958.86513580     0.00000000   0.001053   4.2e-03   1.1e-04 0.03
     3      50    7.8e+00    0    3.0e-02 -1091.68700808  -958.86513580     0.00000000   0.001053   4.2e-03   1.1e-04 0.03
     4      70    1.1e+01    0    4.4e-02 -1091.68700808  -958.86513580     0.00000000   0.001053   4.2e-03   1.1e-04 0.03
     5      88    1.3e+01    0    2.3e-02 -1091.68702501  -958.86515273    -0.00001693   0.000489   2.0e-03   1.7e-04 0.03
 
RESULTS OF THE OCCUPATION OPTIMIZATION
========================================
   1    1.9999651  -104.89399720
   2    1.9999663  -104.89389231
   3    1.9993439  -10.67067440
   4    1.9993568  -10.57756351
   5    1.9992043  -10.48284809
   6    1.9989463  -8.28670664
   7    1.9989996  -8.22821529
   8    1.9989928  -8.21996231
   9    1.9988187  -8.21989771
  10    1.9985540  -8.05493602
  11    1.9985547  -8.04985842
  12    1.9915228  -1.13851219
  13    1.9919333  -1.13769180
  14    1.9837549  -0.89407080
  15    1.9653620  -0.58544127
  16    1.9654209  -0.58405387
  17    1.9762403  -0.57377795
  18    1.9800731  -0.52244954
  19    1.9799371  -0.52172093
  20    1.9796015  -0.51128012
  21    1.9794937  -0.50366480
  22    0.0205063  -0.02419084
  23    0.0203985  -0.02418039
  24    0.0200629  -0.02388829
  25    0.0199269  -0.02383280
  26    0.0237597  -0.02679712
  27    0.0345791  -0.04883962
  28    0.0346380  -0.04884589
  29    0.0162451  -0.02504148
  30    0.0080667  -0.02941242
  31    0.0084772  -0.02897093
  32    0.0014453  -0.02026949
  33    0.0014460  -0.01979444
  34    0.0011813  -0.01582035
  35    0.0010072  -0.01840837
  36    0.0010004  -0.01838813
  37    0.0010537  -0.01736361
  38    0.0007957  -0.01574764
  39    0.0006432  -0.01491835
  40    0.0006561  -0.01528099
  41    0.0000337  -0.00621614
  42    0.0000349  -0.00640454
 
----------------
 Final Energies 
----------------
Final NOF Total Energy =    -958.8651527
 
Total Orbital Internal Iterations = 248
Total Occupation Internal Iterations = 0
 
Elapsed time:   66.00 Seconds

---------------------------------
   Lowdin Population Analysis    
---------------------------------
 Idx  Atom   Population   Charge 
---------------------------------
  1    Cl    16.614       0.386
  2     C     6.534      -0.534
  3    Cl    16.615       0.385
  4     H     1.121      -0.121
  5     H     1.117      -0.117

---------------------------------
   M Diagnostic: 0.03
---------------------------------

