Computing Integrals
Basis Set                                            = def2-qzvp
Auxiliary Basis Set                                  = def2-universal-jkfit
Gaussian Type                                        = Spherical
Elapsed time:    2.76 Seconds

Number of basis functions                   (NBF)    = 172
Number of auxiliary basis functions         (NBFAUX) = 305
Inactive Doubly occupied orbitals up to     (NO1)    = 0
No. considered Strongly Doubly occupied MOs (NDOC)   = 43
No. considered Strongly Singly occupied MOs (NSOC)   = 0
NO. of Weakly occ. per St. Doubly occ.  MOs (NCWO)   = 1
Dimension of the Nat. Orb. subspace         (NBF5)   = 86
No. of electrons                                     = 86
    No. of alpha electrons                           = 43
    No. of beta electrons                            = 43
Multiplicity                                         = 1

Geometry
========
Bi       0.0000000       0.7652138       0.0000000
 H       1.4364560      -0.2550713       0.0000000
 H      -0.7182280      -0.2550713       1.2440070
 H      -0.7182280      -0.2550713      -1.2440070

Orthonormality violations 10418, Maximum Violation 0.000027
Trying to orthonormalize
No violations of the orthonormality
No violations of the orthonormality
 
PNOF8/ADABelief Calculation
==================
 
  Nitext  Nit_orb  Time   Nit_occ  Time         Eelec          Etot           Ediff      maxdiff    MaxGrad_orb  Grad_occ
     1      10    1.0e+01    0    1.2e+01 -4547.48727167 -4472.06468584 -14546.48727167   0.000538   2.2e-03   2.1e-04 0.03
 
RESULTS OF THE OCCUPATION OPTIMIZATION
========================================
   1    1.9999998  -236.84631043
   2    1.9999994  -112.82158482
   3    1.9999995  -112.81505794
   4    1.9999995  -112.81497418
   5    1.9999987  -60.49142660
   6    1.9999950  -27.58344221
   7    1.9999933  -27.53808404
   8    1.9999921  -27.46334638
   9    1.9999900  -23.98720766
  10    1.9999896  -23.96699099
  11    1.9999872  -23.87988753
  12    1.9999856  -23.74589823
  13    1.9999867  -23.72799301
  14    1.9999851  -23.72354153
  15    1.9999838  -23.68086254
  16    1.9999808  -23.15565188
  17    1.9999795  -23.14161633
  18    1.9999746  -22.56003956
  19    1.9999759  -22.55558366
  20    1.9999679  -22.53422482
  21    1.9999620  -20.58526670
  22    1.9990987  -5.34399105
  23    1.9990484  -5.33969701
  24    1.9991087  -5.33725425
  25    1.9988181  -4.99083121
  26    1.9977420  -3.24287273
  27    1.9975924  -3.24001355
  28    1.9977595  -3.23573594
  29    1.9977182  -3.21301428
  30    1.9975922  -3.20745609
  31    1.9975995  -3.20667623
  32    1.9976124  -3.19987292
  33    1.9960026  -2.61483585
  34    1.9959798  -2.60919442
  35    1.9956664  -2.43502824
  36    1.9956300  -2.43196983
  37    1.9954420  -2.43041468
  38    1.9827835  -0.81128782
  39    1.9808006  -0.69620922
  40    1.9807280  -0.69517795
  41    1.9807424  -0.68179494
  42    1.9651089  -0.29840702
  43    1.9669748  -0.28322866
  44    0.0330252  -0.02561830
  45    0.0348911  -0.02847974
  46    0.0192576  -0.01779804
  47    0.0192720  -0.01830119
  48    0.0191994  -0.01845001
  49    0.0172165  -0.01776006
  50    0.0045580  -0.01146865
  51    0.0043700  -0.01091893
  52    0.0043336  -0.01086049
  53    0.0040202  -0.01082008
  54    0.0039974  -0.01083892
  55    0.0023876  -0.00809037
  56    0.0024005  -0.00809686
  57    0.0024078  -0.00811533
  58    0.0022818  -0.00773810
  59    0.0022405  -0.00779831
  60    0.0024076  -0.00816210
  61    0.0022580  -0.00752436
  62    0.0011819  -0.00541945
  63    0.0008913  -0.00445144
  64    0.0009516  -0.00472099
  65    0.0009013  -0.00449339
  66    0.0000380  -0.00076433
  67    0.0000321  -0.00070608
  68    0.0000241  -0.00052268
  69    0.0000254  -0.00053814
  70    0.0000205  -0.00047132
  71    0.0000192  -0.00045627
  72    0.0000162  -0.00041868
  73    0.0000149  -0.00036149
  74    0.0000133  -0.00032762
  75    0.0000144  -0.00035232
  76    0.0000128  -0.00029902
  77    0.0000104  -0.00025642
  78    0.0000100  -0.00026560
  79    0.0000079  -0.00019010
  80    0.0000067  -0.00017718
  81    0.0000050  -0.00012650
  82    0.0000013  -0.00006393
  83    0.0000005  -0.00003832
  84    0.0000005  -0.00003843
  85    0.0000006  -0.00004426
  86    0.0000002  -0.00002141
 
----------------
 Final Energies 
----------------
Final NOF Total Energy =   -4472.0646858
 
Total Orbital Internal Iterations = 10
Total Occupation Internal Iterations = 0
 
Elapsed time:   29.86 Seconds

---------------------------------
   Lowdin Population Analysis    
---------------------------------
 Idx  Atom   Population   Charge 
---------------------------------
  1    Bi    80.907       2.093
  2     H     1.698      -0.698
  3     H     1.698      -0.698
  4     H     1.697      -0.697

---------------------------------
   M Diagnostic: 0.03
---------------------------------

