Computing Integrals
Basis Set                                            = def2-qzvp
Auxiliary Basis Set                                  = def2-universal-jkfit
Gaussian Type                                        = Spherical
Elapsed time:    1.72 Seconds

Number of basis functions                   (NBF)    = 100
Number of auxiliary basis functions         (NBFAUX) = 146
Inactive Doubly occupied orbitals up to     (NO1)    = 0
No. considered Strongly Doubly occupied MOs (NDOC)   = 9
No. considered Strongly Singly occupied MOs (NSOC)   = 0
NO. of Weakly occ. per St. Doubly occ.  MOs (NCWO)   = 1
Dimension of the Nat. Orb. subspace         (NBF5)   = 18
No. of electrons                                     = 18
    No. of alpha electrons                           = 9
    No. of beta electrons                            = 9
Multiplicity                                         = 1

Geometry
========
 H       0.0000000       0.0000000      -0.6357120
Cl       0.0000000       0.0000000       0.6357120

Orthonormality violations 2132, Maximum Violation 0.000053
Trying to orthonormalize
No violations of the orthonormality
No violations of the orthonormality
 
PNOF8/ADABelief Calculation
==================
 
  Nitext  Nit_orb  Time   Nit_occ  Time         Eelec          Etot           Ediff      maxdiff    MaxGrad_orb  Grad_occ
     1      10    9.5e+00    5    1.2e+01  -467.42364663  -460.34812018 -10466.42364663   0.030495   1.2e-01   1.1e-04 0.02
     2      20    5.6e-01   20    3.4e-03  -467.44448644  -460.36895999    -0.02083981   0.660677   2.6e+00   7.1e-05 0.03
     3      20    4.9e-01   10    2.2e-02  -467.47172007  -460.39619362    -0.02723363   0.034013   1.4e-01   1.6e-04 0.03
     4      20    3.1e-01    8    4.5e-02  -467.47801524  -460.40248880    -0.00629518   0.061797   2.5e-01   5.0e-05 0.03
     5      20    4.4e-01    6    1.9e-02  -467.48846546  -460.41293901    -0.01045022   0.039149   1.6e-01   1.5e-04 0.03
     6      20    4.4e-01    6    1.6e-02  -467.49290737  -460.41738093    -0.00444191   0.053891   2.2e-01   6.1e-05 0.03
     7      20    5.4e-01    6    2.9e-02  -467.49627234  -460.42074590    -0.00336497   0.057085   2.3e-01   6.2e-05 0.03
     8      20    7.0e-01    4    8.7e-04  -467.49744658  -460.42192013    -0.00117424   0.060535   2.4e-01   1.9e-04 0.03
     9      20    4.8e-01    4    8.4e-03  -467.49761743  -460.42209098    -0.00017085   0.063645   2.5e-01   1.9e-04 0.03
    10      20    4.2e-01    4    5.5e-02  -467.49865843  -460.42313199    -0.00104101   0.061040   2.4e-01   1.3e-04 0.03
    11      20    1.0e+00    4    1.7e-02  -467.49909479  -460.42356834    -0.00043635   0.048896   2.0e-01   1.2e-04 0.03
    12      20    6.8e-01    0    2.2e-03  -467.49913989  -460.42361344    -0.00004510   0.048896   2.0e-01   1.2e-04 0.03
    13      40    1.5e+00    2    5.9e-03  -467.50946692  -460.43394047    -0.01032703   0.008178   3.3e-02   1.8e-04 0.03
    14      40    1.1e+00    2    2.9e-02  -467.50963620  -460.43410975    -0.00016928   0.007398   3.0e-02   9.4e-05 0.03
    15      40    1.1e+00    2    1.5e-02  -467.50986642  -460.43433997    -0.00023022   0.007177   2.9e-02   5.6e-05 0.03
    16      40    8.2e-01    2    9.5e-03  -467.51003942  -460.43451297    -0.00017300   0.007387   3.0e-02   8.0e-05 0.03
    17      40    1.1e+00    1    2.1e-02  -467.51016195  -460.43463551    -0.00012254   0.007108   2.8e-02   1.2e-04 0.03
    18      40    1.0e+00    2    2.7e-02  -467.51026153  -460.43473508    -0.00009957   0.007509   3.0e-02   8.2e-05 0.03
    19      40    1.1e+00    2    1.5e-02  -467.51037157  -460.43484512    -0.00011004   0.007048   2.8e-02   1.0e-04 0.03
    20      40    1.4e+00    2    3.7e-02  -467.51046468  -460.43493823    -0.00009311   0.007491   3.0e-02   1.3e-04 0.03
    21      40    1.4e+00    2    1.9e-03  -467.51054506  -460.43501861    -0.00008038   0.007157   2.9e-02   1.7e-04 0.03
    22      40    1.5e+00    3    1.7e-02  -467.51061765  -460.43509121    -0.00007259   0.007642   3.1e-02   1.0e-04 0.03
    23      40    1.3e+00    1    5.3e-03  -467.51067740  -460.43515096    -0.00005975   0.007247   2.9e-02   1.6e-04 0.03
    24      40    1.1e+00    3    3.6e-02  -467.51072117  -460.43519473    -0.00004377   0.007696   3.1e-02   9.7e-05 0.03
    25      40    1.2e+00    1    9.5e-03  -467.51077153  -460.43524508    -0.00005035   0.007262   2.9e-02   1.3e-04 0.03
    26      40    1.3e+00    1    2.9e-03  -467.51080233  -460.43527588    -0.00003081   0.007700   3.1e-02   1.8e-04 0.03
    27      40    9.1e-01    1    1.5e-03  -467.51084797  -460.43532152    -0.00004564   0.007227   2.9e-02   2.0e-04 0.03
    28      40    1.4e+00    2    3.2e-02  -467.51087388  -460.43534744    -0.00002592   0.007673   3.1e-02   1.8e-04 0.03
    29      40    1.4e+00    1    8.3e-03  -467.51091762  -460.43539118    -0.00004374   0.007386   3.0e-02   1.3e-04 0.03
    30      40    1.3e+00    1    1.5e-03  -467.51093956  -460.43541311    -0.00002194   0.007724   3.1e-02   1.6e-04 0.03
    31      40    1.3e+00    0    2.8e-03  -467.51097380  -460.43544735    -0.00003424   0.007398   3.0e-02   2.6e-04 0.03
    32      50    1.8e+00    2    8.9e-03  -467.51112613  -460.43559969    -0.00015233   0.005184   2.1e-02   1.3e-04 0.03
    33      50    1.8e+00    1    2.0e-02  -467.51113920  -460.43561275    -0.00001307   0.006013   2.4e-02   9.7e-05 0.03
    34      50    1.6e+00    1    1.7e-02  -467.51115899  -460.43563254    -0.00001979   0.005812   2.3e-02   1.3e-04 0.03
    35      50    1.3e+00    0    5.4e-03  -467.51118434  -460.43565789    -0.00002535   0.007467   3.0e-02   2.3e-04 0.03
    36      60    1.9e+00    1    2.6e-02  -467.51129420  -460.43576775    -0.00010986   0.003942   1.6e-02   1.6e-04 0.03
    37      60    2.2e+00    0    1.5e-03  -467.51131120  -460.43578475    -0.00001700   0.004821   1.9e-02   2.3e-04 0.03
    38      70    1.9e+00    1    2.5e-03  -467.51138985  -460.43586341    -0.00007866   0.003094   1.2e-02   1.8e-04 0.03
    39      70    2.9e+00    0    7.4e-03  -467.51140758  -460.43588113    -0.00001772   0.003867   1.5e-02   2.2e-04 0.03
    40      80    2.0e+00    1    1.7e-03  -467.51147258  -460.43594613    -0.00006500   0.002516   1.0e-02   1.7e-04 0.03
 
RESULTS OF THE OCCUPATION OPTIMIZATION
========================================
   1    1.9999676  -104.89310734
   2    1.9991658  -10.57432716
   3    1.9984882  -8.04925581
   4    1.9989405  -8.04634682
   5    1.9992332  -8.04532304
   6    1.9907078  -1.12747841
   7    1.9701089  -0.62549202
   8    1.9794029  -0.50226634
   9    1.9792605  -0.48651930
  10    0.0207395  -0.02399210
  11    0.0205971  -0.02425975
  12    0.0298911  -0.03979114
  13    0.0092922  -0.02782196
  14    0.0007668  -0.01580828
  15    0.0010595  -0.01912595
  16    0.0015118  -0.02296406
  17    0.0008342  -0.01769310
  18    0.0000324  -0.00597562
 
----------------
 Final Energies 
----------------
Final NOF Total Energy =    -460.4359461
 
Total Orbital Internal Iterations = 1530
Total Occupation Internal Iterations = 115
 
Elapsed time:   78.76 Seconds

---------------------------------
   Lowdin Population Analysis    
---------------------------------
 Idx  Atom   Population   Charge 
---------------------------------
  1     H     1.388      -0.388
  2    Cl    16.612       0.388

---------------------------------
   M Diagnostic: 0.03
---------------------------------

