Computing Integrals
Basis Set                                            = def2-qzvp
Auxiliary Basis Set                                  = def2-universal-jkfit
Gaussian Type                                        = Spherical
Elapsed time:    1.67 Seconds

Number of basis functions                   (NBF)    = 114
Number of auxiliary basis functions         (NBFAUX) = 154
Inactive Doubly occupied orbitals up to     (NO1)    = 0
No. considered Strongly Doubly occupied MOs (NDOC)   = 7
No. considered Strongly Singly occupied MOs (NSOC)   = 2
NO. of Weakly occ. per St. Doubly occ.  MOs (NCWO)   = 1
Dimension of the Nat. Orb. subspace         (NBF5)   = 16
No. of electrons                                     = 16
    No. of alpha electrons                           = 9
    No. of beta electrons                            = 7
Multiplicity                                         = 3

Geometry
========
 O       0.0000000       0.0000000      -0.6096935
 O       0.0000000       0.0000000       0.6096935

No violations of the orthonormality
No violations of the orthonormality
 
PNOF8/ADABelief Calculation
==================
 
  Nitext  Nit_orb  Time   Nit_occ  Time         Eelec          Etot           Ediff      maxdiff    MaxGrad_orb  Grad_occ
     1      10    9.3e+00    0    1.2e+01  -177.75250144  -149.97848708 -10176.75250144   0.000824   3.3e-03   1.2e-04 0.04
 
RESULTS OF THE OCCUPATION OPTIMIZATION
========================================
   1    1.9997889  -20.73754962
   2    1.9998210  -20.73528410
   3    1.9904526  -1.53279138
   4    1.9849506  -1.18627557
   5    1.9596521  -0.82036350
   6    1.9773268  -0.71807926
   7    1.9773424  -0.71803809
   8    1.0000000  -0.29894337
   9    1.0000000  -0.29888727
  10    0.0226576  -0.01996018
  11    0.0226732  -0.01996290
  12    0.0403479  -0.06275677
  13    0.0150494  -0.02429770
  14    0.0095474  -0.02077227
  15    0.0001790  -0.00601415
  16    0.0002111  -0.00692154
 
----------------
 Final Energies 
----------------
Final NOF Total Energy =    -149.9784871
 
Total Orbital Internal Iterations = 10
Total Occupation Internal Iterations = 0
 
Elapsed time:   27.15 Seconds

---------------------------------
   Lowdin Population Analysis    
---------------------------------
 Idx  Atom   Population   Charge 
---------------------------------
  1     O     7.997       0.003
  2     O     8.003      -0.003

---------------------------------
   M Diagnostic: 0.04
---------------------------------

