Computing Integrals
Basis Set                                            = def2-qzvp
Auxiliary Basis Set                                  = def2-universal-jkfit
Gaussian Type                                        = Spherical
Elapsed time:    2.76 Seconds

Number of basis functions                   (NBF)    = 140
Number of auxiliary basis functions         (NBFAUX) = 256
Inactive Doubly occupied orbitals up to     (NO1)    = 0
No. considered Strongly Doubly occupied MOs (NDOC)   = 15
No. considered Strongly Singly occupied MOs (NSOC)   = 0
NO. of Weakly occ. per St. Doubly occ.  MOs (NCWO)   = 1
Dimension of the Nat. Orb. subspace         (NBF5)   = 30
No. of electrons                                     = 30
    No. of alpha electrons                           = 15
    No. of beta electrons                            = 15
Multiplicity                                         = 1

Geometry
========
 P       0.0000000       0.0000000      -0.9491313
 P       0.0000000       0.0000000       0.9491313

Orthonormality violations 1780, Maximum Violation 0.000053
Trying to orthonormalize
No violations of the orthonormality
No violations of the orthonormality
 
PNOF8/ADABelief Calculation
==================
 
  Nitext  Nit_orb  Time   Nit_occ  Time         Eelec          Etot           Ediff      maxdiff    MaxGrad_orb  Grad_occ
     1      10    9.8e+00    0    1.2e+01  -744.77913689  -682.05618788 -10743.77913689   0.001827   7.3e-03   1.1e-04 0.04
     2      30    2.2e+00    0    7.1e-03  -744.77913689  -682.05618788     0.00000000   0.001827   7.3e-03   1.1e-04 0.04
     3      50    3.4e+00    0    3.4e-02  -744.77913689  -682.05618788     0.00000000   0.001827   7.3e-03   1.1e-04 0.04
     4      70    5.4e+00    2    5.9e-02  -744.77919585  -682.05624683    -0.00005895   0.001396   5.6e-03   1.8e-04 0.04
     5      70    5.9e+00    3    3.5e-02  -744.77924449  -682.05629547    -0.00004864   0.001159   4.6e-03   1.6e-04 0.04
     6      70    5.2e+00    2    2.6e-02  -744.77928209  -682.05633307    -0.00003760   0.001160   4.6e-03   1.8e-04 0.04
     7      70    5.6e+00    3    4.7e-02  -744.77931085  -682.05636183    -0.00002876   0.001165   4.7e-03   1.2e-04 0.04
     8      70    5.6e+00    2    2.9e-02  -744.77933207  -682.05638305    -0.00002122   0.001494   6.0e-03   2.1e-04 0.04
     9      70    5.8e+00    1    1.3e-02  -744.77934669  -682.05639767    -0.00001462   0.001360   5.4e-03   2.5e-04 0.04
    10      70    5.3e+00    2    6.7e-02  -744.77935474  -682.05640573    -0.00000806   0.001374   5.5e-03   1.6e-04 0.04
    11      70    5.9e+00    1    1.5e-02  -744.77936250  -682.05641348    -0.00000775   0.001335   5.3e-03   2.0e-04 0.04
    12      70    5.5e+00    0    4.3e-02  -744.77936716  -682.05641814    -0.00000466   0.001361   5.4e-03   2.6e-04 0.04
    13      80    6.9e+00    1    1.3e-02  -744.77937249  -682.05642347    -0.00000533   0.001089   4.4e-03   2.5e-04 0.04
    14      80    6.4e+00    0    2.2e-02  -744.77937412  -682.05642510    -0.00000163   0.001177   4.7e-03   2.2e-04 0.04
    15      90    6.6e+00    0    4.2e-02  -744.77937841  -682.05642939    -0.00000429   0.000866   3.5e-03   2.4e-04 0.04
 
RESULTS OF THE OCCUPATION OPTIMIZATION
========================================
   1    1.9999572  -80.01820569
   2    1.9999554  -80.01739674
   3    1.9989934  -7.51056019
   4    1.9988221  -7.50773428
   5    1.9980590  -5.41625869
   6    1.9979480  -5.41568538
   7    1.9980668  -5.41540800
   8    1.9979714  -5.41529335
   9    1.9978274  -5.41424943
  10    1.9979740  -5.41342210
  11    1.9925086  -0.87263825
  12    1.9903598  -0.63019396
  13    1.9713304  -0.45722861
  14    1.9608478  -0.37783197
  15    1.9607645  -0.37780402
  16    0.0392355  -0.04317084
  17    0.0391522  -0.04317421
  18    0.0286696  -0.04114058
  19    0.0096402  -0.02986665
  20    0.0074914  -0.02780170
  21    0.0020260  -0.01952578
  22    0.0021726  -0.02124596
  23    0.0020286  -0.01966058
  24    0.0019332  -0.01713047
  25    0.0020520  -0.01995974
  26    0.0019410  -0.01736547
  27    0.0011779  -0.01316469
  28    0.0010066  -0.01429045
  29    0.0000446  -0.00625637
  30    0.0000428  -0.00613729
 
----------------
 Final Energies 
----------------
Final NOF Total Energy =    -682.0564294
 
Total Orbital Internal Iterations = 970
Total Occupation Internal Iterations = 17
 
Elapsed time:  106.77 Seconds

---------------------------------
   Lowdin Population Analysis    
---------------------------------
 Idx  Atom   Population   Charge 
---------------------------------
  1     P    15.000       0.000
  2     P    15.000      -0.000

---------------------------------
   M Diagnostic: 0.04
---------------------------------

