Computing Integrals
Basis Set                                            = def2-qzvp
Auxiliary Basis Set                                  = def2-universal-jkfit
Gaussian Type                                        = Spherical
Elapsed time:    1.79 Seconds

Number of basis functions                   (NBF)    = 160
Number of auxiliary basis functions         (NBFAUX) = 182
Inactive Doubly occupied orbitals up to     (NO1)    = 0
No. considered Strongly Doubly occupied MOs (NDOC)   = 8
No. considered Strongly Singly occupied MOs (NSOC)   = 0
NO. of Weakly occ. per St. Doubly occ.  MOs (NCWO)   = 1
Dimension of the Nat. Orb. subspace         (NBF5)   = 16
No. of electrons                                     = 16
    No. of alpha electrons                           = 8
    No. of beta electrons                            = 8
Multiplicity                                         = 1

Geometry
========
Al      -0.0000000       0.0000000       0.0000000
 H      -0.7926514       1.3729124       0.0000000
 H      -0.7926514      -1.3729124       0.0000000
 H       1.5853027       0.0000000       0.0000000

No violations of the orthonormality
No violations of the orthonormality
 
PNOF8/ADABelief Calculation
==================
 
  Nitext  Nit_orb  Time   Nit_occ  Time         Eelec          Etot           Ediff      maxdiff    MaxGrad_orb  Grad_occ
     1      10    9.5e+00    0    1.2e+01  -257.47686454  -243.88045251 -10256.47686454   0.000498   2.0e-03   1.0e-04 0.02
 
RESULTS OF THE OCCUPATION OPTIMIZATION
========================================
   1    1.9999630  -58.52712407
   2    1.9983667  -4.88818332
   3    1.9976499  -3.22112601
   4    1.9975778  -3.21845050
   5    1.9941264  -2.61471360
   6    1.9899049  -1.06165642
   7    1.9771410  -0.50967183
   8    1.9778007  -0.49371303
   9    0.0221993  -0.02487026
  10    0.0228590  -0.02624096
  11    0.0100951  -0.02400051
  12    0.0058736  -0.02348415
  13    0.0024222  -0.01626344
  14    0.0023501  -0.01590932
  15    0.0016333  -0.01056154
  16    0.0000370  -0.00446782
 
----------------
 Final Energies 
----------------
Final NOF Total Energy =    -243.8804525
 
Total Orbital Internal Iterations = 10
Total Occupation Internal Iterations = 0
 
Elapsed time:   27.32 Seconds

---------------------------------
   Lowdin Population Analysis    
---------------------------------
 Idx  Atom   Population   Charge 
---------------------------------
  1    Al    12.551       0.449
  2     H     1.151      -0.151
  3     H     1.148      -0.148
  4     H     1.150      -0.150

---------------------------------
   M Diagnostic: 0.02
---------------------------------

