Computing Integrals
Basis Set                                            = def2-qzvp
Auxiliary Basis Set                                  = def2-universal-jkfit
Gaussian Type                                        = Spherical
Elapsed time:    3.30 Seconds

Number of basis functions                   (NBF)    = 234
Number of auxiliary basis functions         (NBFAUX) = 226
Inactive Doubly occupied orbitals up to     (NO1)    = 0
No. considered Strongly Doubly occupied MOs (NDOC)   = 10
No. considered Strongly Singly occupied MOs (NSOC)   = 0
NO. of Weakly occ. per St. Doubly occ.  MOs (NCWO)   = 1
Dimension of the Nat. Orb. subspace         (NBF5)   = 20
No. of electrons                                     = 20
    No. of alpha electrons                           = 10
    No. of beta electrons                            = 10
Multiplicity                                         = 1

Geometry
========
 O       0.0000000       1.0981080       0.0000000
 H       0.0000000       0.0000000       0.5964950
 H       0.0000000       0.0000000      -0.5964950
 O       0.0000000      -1.0981080       0.0000000
 H       0.8673110       1.5174870       0.0000000
 H      -0.8673110      -1.5174870       0.0000000

Orthonormality violations 19488, Maximum Violation 0.000063
Trying to orthonormalize
No violations of the orthonormality
No violations of the orthonormality
 
PNOF8/ADABelief Calculation
==================
 
  Nitext  Nit_orb  Time   Nit_occ  Time         Eelec          Etot           Ediff      maxdiff    MaxGrad_orb  Grad_occ
     1      10    1.0e+01    5    1.2e+01  -194.96128898  -152.38770104 -10193.96128898   0.008929   3.6e-02   1.7e-04 0.03
     2      20    2.2e+00    7    3.2e-02  -194.98353094  -152.40994301    -0.02224196   0.127555   5.1e-01   1.9e-04 0.03
     3      20    2.0e+00    9    4.8e-02  -194.99135232  -152.41776438    -0.00782138   0.020351   8.1e-02   9.9e-05 0.03
     4      20    1.7e+00    6    5.6e-03  -194.99334354  -152.41975560    -0.00199121   0.037619   1.5e-01   1.9e-04 0.03
     5      20    1.9e+00    4    1.9e-02  -194.99591275  -152.42232481    -0.00256922   0.025541   1.0e-01   1.7e-04 0.03
     6      20    1.8e+00    0    2.5e-02  -194.99613630  -152.42254836    -0.00022355   0.025541   1.0e-01   1.7e-04 0.03
     7      40    5.3e+00    4    7.3e-02  -195.00239338  -152.42880544    -0.00625708   0.003062   1.2e-02   1.2e-04 0.03
     8      40    3.6e+00    0    3.0e-02  -195.00243867  -152.42885073    -0.00004529   0.003062   1.2e-02   1.2e-04 0.03
     9      60    5.8e+00    3    3.7e-02  -195.00261954  -152.42903160    -0.00018087   0.000995   4.0e-03   1.9e-04 0.03
 
RESULTS OF THE OCCUPATION OPTIMIZATION
========================================
   1    1.9998188  -20.58977716
   2    1.9998038  -20.58909055
   3    1.9927121  -1.35432834
   4    1.9907521  -1.21169399
   5    1.9849336  -0.72208809
   6    1.9715448  -0.71392011
   7    1.9713544  -0.70976976
   8    1.9850660  -0.67618075
   9    1.9665601  -0.53899527
  10    1.9678057  -0.51871306
  11    0.0321943  -0.03937166
  12    0.0334399  -0.04662017
  13    0.0149340  -0.01982562
  14    0.0286456  -0.03522828
  15    0.0284552  -0.03513265
  16    0.0150664  -0.02058895
  17    0.0092479  -0.01833790
  18    0.0072879  -0.01748763
  19    0.0001962  -0.00657517
  20    0.0001812  -0.00617460
 
----------------
 Final Energies 
----------------
Final NOF Total Energy =    -152.4290316
 
Total Orbital Internal Iterations = 250
Total Occupation Internal Iterations = 38
 
Elapsed time:   55.17 Seconds

---------------------------------
   Lowdin Population Analysis    
---------------------------------
 Idx  Atom   Population   Charge 
---------------------------------
  1     O     7.348       0.652
  2     H     1.300      -0.300
  3     H     1.300      -0.300
  4     O     7.350       0.650
  5     H     1.350      -0.350
  6     H     1.351      -0.351

---------------------------------
   M Diagnostic: 0.03
---------------------------------

