Computing Integrals
Basis Set                                            = def2-qzvp
Auxiliary Basis Set                                  = def2-universal-jkfit
Gaussian Type                                        = Spherical
Elapsed time:    3.05 Seconds

Number of basis functions                   (NBF)    = 234
Number of auxiliary basis functions         (NBFAUX) = 226
Inactive Doubly occupied orbitals up to     (NO1)    = 0
No. considered Strongly Doubly occupied MOs (NDOC)   = 10
No. considered Strongly Singly occupied MOs (NSOC)   = 0
NO. of Weakly occ. per St. Doubly occ.  MOs (NCWO)   = 1
Dimension of the Nat. Orb. subspace         (NBF5)   = 20
No. of electrons                                     = 20
    No. of alpha electrons                           = 10
    No. of beta electrons                            = 10
Multiplicity                                         = 1

Geometry
========
 O       0.0007560       1.5232520       0.0000000
 H      -0.0863650       0.5574930       0.0000000
 H      -0.8987880       1.8606430       0.0000000
 O       0.0007560      -1.3961260       0.0000000
 H       0.4865270      -1.7175730       0.7661990
 H       0.4865270      -1.7175730      -0.7661990

Orthonormality violations 26324, Maximum Violation 0.000085
Trying to orthonormalize
No violations of the orthonormality
No violations of the orthonormality
 
PNOF8/ADABelief Calculation
==================
 
  Nitext  Nit_orb  Time   Nit_occ  Time         Eelec          Etot           Ediff      maxdiff    MaxGrad_orb  Grad_occ
     1      10    1.0e+01    4    1.2e+01  -188.97647115  -152.48367944 -10187.97647115   0.009239   3.7e-02   1.2e-04 0.03
     2      20    1.5e+00    6    6.0e-02  -188.99218089  -152.49938918    -0.01570973   0.148302   5.9e-01   2.7e-04 0.03
     3      20    2.4e+00    8    3.6e-02  -189.00058644  -152.50779472    -0.00840555   0.022051   8.8e-02   7.5e-05 0.03
     4      20    2.1e+00    0    2.5e-02  -189.00210942  -152.50931771    -0.00152299   0.022051   8.8e-02   7.5e-05 0.03
     5      40    4.5e+00    5    2.6e-02  -189.00658580  -152.51379409    -0.00447637   0.003594   1.4e-02   2.0e-04 0.03
     6      40    4.0e+00    3    3.0e-02  -189.00919563  -152.51640391    -0.00260983   0.005606   2.2e-02   1.4e-04 0.03
     7      40    4.1e+00    3    3.6e-02  -189.01097703  -152.51818532    -0.00178141   0.004558   1.8e-02   7.0e-05 0.03
     8      40    4.4e+00    3    1.8e-02  -189.01189639  -152.51910468    -0.00091936   0.004783   1.9e-02   7.5e-05 0.03
     9      40    4.5e+00    3    9.7e-03  -189.01230955  -152.51951784    -0.00041316   0.004927   2.0e-02   4.5e-05 0.03
    10      40    3.6e+00    3    4.0e-02  -189.01247802  -152.51968630    -0.00016847   0.004839   1.9e-02   4.7e-05 0.03
    11      40    3.1e+00    2    3.0e-02  -189.01254932  -152.51975761    -0.00007130   0.004923   2.0e-02   1.7e-04 0.03
    12      40    3.8e+00    1    3.0e-02  -189.01257083  -152.51977912    -0.00002151   0.004553   1.8e-02   2.1e-04 0.03
    13      40    4.1e+00    0    2.8e-02  -189.01257183  -152.51978012    -0.00000100   0.004553   1.8e-02   2.1e-04 0.03
    14      51    4.4e+00    1    2.1e-02  -189.01276481  -152.51997310    -0.00019298   0.000480   1.9e-03   1.7e-04 0.03
 
RESULTS OF THE OCCUPATION OPTIMIZATION
========================================
   1    1.9997970  -20.60905773
   2    1.9998021  -20.57217282
   3    1.9905601  -1.32163130
   4    1.9900012  -1.26772157
   5    1.9712422  -0.74116481
   6    1.9712538  -0.74098158
   7    1.9706745  -0.68898333
   8    1.9706727  -0.67634853
   9    1.9812862  -0.57958617
  10    1.9797248  -0.51205408
  11    0.0202752  -0.02291445
  12    0.0187138  -0.02238238
  13    0.0293273  -0.03677231
  14    0.0293255  -0.03562880
  15    0.0287462  -0.03594290
  16    0.0287578  -0.03595113
  17    0.0099988  -0.02159192
  18    0.0094399  -0.02096735
  19    0.0001979  -0.00662021
  20    0.0002030  -0.00670002
 
----------------
 Final Energies 
----------------
Final NOF Total Energy =    -152.5199731
 
Total Orbital Internal Iterations = 481
Total Occupation Internal Iterations = 42
 
Elapsed time:   78.14 Seconds

---------------------------------
   Lowdin Population Analysis    
---------------------------------
 Idx  Atom   Population   Charge 
---------------------------------
  1     O     7.366       0.634
  2     H     1.375      -0.375
  3     H     1.341      -0.341
  4     O     7.286       0.714
  5     H     1.316      -0.316
  6     H     1.316      -0.316

---------------------------------
   M Diagnostic: 0.03
---------------------------------

