Computing Integrals
Basis Set                                            = def2-qzvp
Auxiliary Basis Set                                  = def2-universal-jkfit
Gaussian Type                                        = Spherical
Elapsed time:    1.71 Seconds

Number of basis functions                   (NBF)    = 70
Number of auxiliary basis functions         (NBFAUX) = 128
Inactive Doubly occupied orbitals up to     (NO1)    = 0
No. considered Strongly Doubly occupied MOs (NDOC)   = 9
No. considered Strongly Singly occupied MOs (NSOC)   = 0
NO. of Weakly occ. per St. Doubly occ.  MOs (NCWO)   = 1
Dimension of the Nat. Orb. subspace         (NBF5)   = 18
No. of electrons                                     = 18
    No. of alpha electrons                           = 9
    No. of beta electrons                            = 9
Multiplicity                                         = 1

Geometry
========
Ar       0.0000000       0.0000000       0.0000000

No violations of the orthonormality
No violations of the orthonormality
 
PNOF8/ADABelief Calculation
==================
 
  Nitext  Nit_orb  Time   Nit_occ  Time         Eelec          Etot           Ediff      maxdiff    MaxGrad_orb  Grad_occ
     1      10    9.2e+00    4    1.2e+01  -527.06085099  -527.06085099 -10526.06085099   0.034471   1.4e-01   1.6e-04 0.02
     2      20    4.2e-02   13    8.7e-04  -527.08559307  -527.08559307    -0.02474208   1.055373   4.2e+00   1.3e-04 0.02
     3      20    1.8e-02    7    6.2e-04  -527.12026331  -527.12026331    -0.03467024   0.027010   1.1e-01   1.9e-04 0.02
     4      20    1.8e-02    4    2.6e-03  -527.12562579  -527.12562579    -0.00536248   0.046184   1.8e-01   1.5e-04 0.02
     5      20    2.6e-02    5    6.0e-04  -527.13041179  -527.13041179    -0.00478600   0.055902   2.2e-01   9.8e-05 0.02
     6      20    2.1e-02    0    3.9e-04  -527.13086483  -527.13086483    -0.00045304   0.055902   2.2e-01   9.8e-05 0.02
     7      40    3.4e-02    5    6.7e-04  -527.13603949  -527.13603949    -0.00517465   0.007948   3.2e-02   3.7e-05 0.02
     8      40    4.1e-02    5    7.8e-04  -527.13703948  -527.13703948    -0.00100000   0.006407   2.6e-02   2.2e-05 0.02
     9      40    5.6e-02    4    5.3e-04  -527.13778199  -527.13778199    -0.00074251   0.006156   2.5e-02   2.1e-04 0.02
    10      40    3.5e-02    4    5.0e-04  -527.13840843  -527.13840843    -0.00062644   0.008331   3.3e-02   1.1e-04 0.02
    11      40    3.7e-02    4    4.9e-04  -527.13904769  -527.13904769    -0.00063926   0.006527   2.6e-02   1.0e-04 0.02
    12      40    3.8e-02    3    9.0e-04  -527.13953088  -527.13953088    -0.00048319   0.008311   3.3e-02   1.6e-04 0.02
    13      40    4.4e-02    3    4.8e-04  -527.13993147  -527.13993147    -0.00040059   0.007418   3.0e-02   1.6e-04 0.02
    14      40    3.8e-02    3    6.5e-04  -527.14019266  -527.14019266    -0.00026119   0.008110   3.2e-02   1.1e-04 0.02
    15      40    3.3e-02    2    4.1e-03  -527.14039925  -527.14039925    -0.00020659   0.008147   3.3e-02   1.1e-04 0.02
    16      40    4.3e-02    1    4.1e-04  -527.14055936  -527.14055936    -0.00016010   0.008215   3.3e-02   1.7e-04 0.02
    17      40    3.4e-02    2    4.3e-04  -527.14075258  -527.14075258    -0.00019323   0.008124   3.2e-02   4.4e-05 0.02
    18      40    3.5e-02    2    5.6e-04  -527.14090075  -527.14090075    -0.00014816   0.008478   3.4e-02   2.7e-05 0.02
    19      40    3.7e-02    2    4.3e-04  -527.14109263  -527.14109263    -0.00019188   0.008187   3.3e-02   4.0e-05 0.02
    20      40    3.6e-02    2    2.0e-03  -527.14123897  -527.14123897    -0.00014635   0.008341   3.3e-02   5.7e-05 0.02
    21      40    4.4e-02    2    4.5e-04  -527.14141696  -527.14141696    -0.00017799   0.007984   3.2e-02   9.1e-05 0.02
    22      40    4.6e-02    2    4.3e-04  -527.14154509  -527.14154509    -0.00012813   0.008373   3.3e-02   1.1e-04 0.02
    23      40    3.6e-02    2    4.5e-04  -527.14169429  -527.14169429    -0.00014919   0.008361   3.3e-02   1.5e-04 0.02
    24      40    4.8e-02    2    4.3e-04  -527.14178740  -527.14178740    -0.00009312   0.008348   3.3e-02   1.6e-04 0.02
    25      40    4.3e-02    2    4.5e-04  -527.14191219  -527.14191219    -0.00012479   0.008081   3.2e-02   1.9e-04 0.02
    26      40    4.1e-02    2    4.2e-04  -527.14201853  -527.14201853    -0.00010633   0.007841   3.1e-02   2.0e-04 0.02
    27      40    3.3e-02    2    7.3e-04  -527.14214774  -527.14214774    -0.00012921   0.008095   3.2e-02   2.2e-04 0.02
    28      40    2.8e-02    2    4.3e-04  -527.14226023  -527.14226023    -0.00011249   0.007879   3.2e-02   2.1e-04 0.02
    29      40    4.0e-02    2    4.3e-04  -527.14239349  -527.14239349    -0.00013326   0.008148   3.3e-02   2.1e-04 0.02
    30      40    4.2e-02    2    4.5e-04  -527.14248960  -527.14248960    -0.00009612   0.007982   3.2e-02   1.9e-04 0.02
    31      40    8.5e-02    2    4.6e-04  -527.14258997  -527.14258997    -0.00010036   0.008140   3.3e-02   1.8e-04 0.02
    32      40    3.2e-02    1    4.2e-04  -527.14267655  -527.14267655    -0.00008658   0.007912   3.2e-02   1.6e-04 0.02
    33      40    2.8e-02    2    4.3e-04  -527.14275694  -527.14275694    -0.00008039   0.007939   3.2e-02   1.6e-04 0.02
    34      40    4.2e-02    1    4.4e-04  -527.14282977  -527.14282977    -0.00007283   0.007941   3.2e-02   1.0e-04 0.02
    35      40    3.0e-02    1    2.3e-03  -527.14287571  -527.14287571    -0.00004594   0.008359   3.3e-02   1.2e-04 0.02
    36      40    3.3e-02    1    4.3e-04  -527.14292830  -527.14292830    -0.00005259   0.007959   3.2e-02   1.1e-04 0.02
    37      40    4.6e-02    1    4.3e-03  -527.14295507  -527.14295507    -0.00002677   0.008025   3.2e-02   1.1e-04 0.02
    38      40    3.0e-02    1    3.9e-04  -527.14299630  -527.14299630    -0.00004123   0.007998   3.2e-02   1.1e-04 0.02
    39      40    3.7e-02    1    3.9e-04  -527.14301211  -527.14301211    -0.00001580   0.008062   3.2e-02   1.0e-04 0.02
    40      40    3.1e-02    0    2.0e-03  -527.14302910  -527.14302910    -0.00001700   0.008098   3.2e-02   2.0e-04 0.02
 
RESULTS OF THE OCCUPATION OPTIMIZATION
========================================
   1    1.9999764  -118.64217439
   2    1.9993609  -12.31988778
   3    1.9982498  -9.56721996
   4    1.9992268  -9.56682856
   5    1.9992335  -9.56610212
   6    1.9868945  -1.28129406
   7    1.9788164  -0.60314938
   8    1.9784527  -0.59988350
   9    1.9782632  -0.59947101
  10    0.0217368  -0.02873924
  11    0.0215473  -0.02868064
  12    0.0211836  -0.02853780
  13    0.0131055  -0.02630742
  14    0.0007665  -0.01722040
  15    0.0007732  -0.01732638
  16    0.0017502  -0.03282173
  17    0.0006391  -0.01649889
  18    0.0000236  -0.00529428
 
----------------
 Final Energies 
----------------
Final NOF Total Energy =    -527.1430291
 
Total Orbital Internal Iterations = 1470
Total Occupation Internal Iterations = 106
 
Elapsed time:   28.77 Seconds

---------------------------------
   Lowdin Population Analysis    
---------------------------------
 Idx  Atom   Population   Charge 
---------------------------------
  1    Ar    18.000      -0.000

---------------------------------
   M Diagnostic: 0.02
---------------------------------

