Computing Integrals
Basis Set                                            = def2-qzvp
Auxiliary Basis Set                                  = def2-universal-jkfit
Gaussian Type                                        = Spherical
Elapsed time:    4.15 Seconds

Number of basis functions                   (NBF)    = 70
Number of auxiliary basis functions         (NBFAUX) = 128
Inactive Doubly occupied orbitals up to     (NO1)    = 0
No. considered Strongly Doubly occupied MOs (NDOC)   = 6
No. considered Strongly Singly occupied MOs (NSOC)   = 3
NO. of Weakly occ. per St. Doubly occ.  MOs (NCWO)   = 1
Dimension of the Nat. Orb. subspace         (NBF5)   = 15
No. of electrons                                     = 15
    No. of alpha electrons                           = 9
    No. of beta electrons                            = 6
Multiplicity                                         = 4

Geometry
========
 P       0.0000000       0.0000000       0.0000000

No violations of the orthonormality
No violations of the orthonormality
 
PNOF8/ADABelief Calculation
==================
 
  Nitext  Nit_orb  Time   Nit_occ  Time         Eelec          Etot           Ediff      maxdiff    MaxGrad_orb  Grad_occ
     1      10    2.0e+01    0    2.5e+01  -340.92701590  -340.92701590 -10339.92701590   0.000488   2.0e-03   1.3e-04 0.02
 
RESULTS OF THE OCCUPATION OPTIMIZATION
========================================
   1    1.9999638  -80.03195872
   2    1.9989195  -7.52781231
   3    1.9975272  -5.42285091
   4    1.9975300  -5.42173676
   5    1.9975317  -5.42129622
   6    1.9811116  -0.71256444
   7    1.0000000  -0.20330321
   8    1.0000000  -0.20307369
   9    1.0000000  -0.20306849
  10    0.0188884  -0.02777428
  11    0.0024683  -0.02291444
  12    0.0024700  -0.02292323
  13    0.0024728  -0.02292778
  14    0.0010805  -0.01689919
  15    0.0000362  -0.00510779
 
----------------
 Final Energies 
----------------
Final NOF Total Energy =    -340.9270159
 
Total Orbital Internal Iterations = 10
Total Occupation Internal Iterations = 0
 
Elapsed time:   58.99 Seconds

---------------------------------
   Lowdin Population Analysis    
---------------------------------
 Idx  Atom   Population   Charge 
---------------------------------
  1     P    15.000      -0.000

---------------------------------
   M Diagnostic: 0.02
---------------------------------

