Computing Integrals
Basis Set                                            = def2-qzvp
Auxiliary Basis Set                                  = def2-universal-jkfit
Gaussian Type                                        = Spherical
Elapsed time:    9.17 Seconds

Number of basis functions                   (NBF)    = 241
Number of auxiliary basis functions         (NBFAUX) = 359
Inactive Doubly occupied orbitals up to     (NO1)    = 0
No. considered Strongly Doubly occupied MOs (NDOC)   = 20
No. considered Strongly Singly occupied MOs (NSOC)   = 0
NO. of Weakly occ. per St. Doubly occ.  MOs (NCWO)   = 1
Dimension of the Nat. Orb. subspace         (NBF5)   = 40
No. of electrons                                     = 40
    No. of alpha electrons                           = 20
    No. of beta electrons                            = 20
Multiplicity                                         = 1

Geometry
========
Al       0.0000000       0.0000000       0.0000000
 F       0.0000000       1.6317660       0.0000000
 F       1.4131500      -0.8158830       0.0000000
 F      -1.4131500      -0.8158830       0.0000000

No violations of the orthonormality
No violations of the orthonormality
 
PNOF8/ADABelief Calculation
==================
 
  Nitext  Nit_orb  Time   Nit_occ  Time         Eelec          Etot           Ediff      maxdiff    MaxGrad_orb  Grad_occ
     1      10    5.8e+01    0    2.4e+01  -700.70651985  -541.38082650 -10699.70651985   0.000497   2.0e-03   1.2e-04 0.02
 
RESULTS OF THE OCCUPATION OPTIMIZATION
========================================
   1    1.9999544  -58.57674164
   2    1.9998507  -26.33344360
   3    1.9998485  -26.33339784
   4    1.9998507  -26.33304873
   5    1.9977844  -4.94625493
   6    1.9967927  -3.27002477
   7    1.9969090  -3.26494064
   8    1.9960430  -3.26301595
   9    1.9909689  -1.55148351
  10    1.9909558  -1.54930005
  11    1.9909484  -1.54651288
  12    1.9762324  -0.80676685
  13    1.9754029  -0.78004805
  14    1.9753535  -0.77334226
  15    1.9816161  -0.69943660
  16    1.9814621  -0.69293107
  17    1.9786297  -0.69026287
  18    1.9811331  -0.68920672
  19    1.9785293  -0.68610314
  20    1.9784080  -0.68321229
  21    0.0215920  -0.02926733
  22    0.0214707  -0.02919757
  23    0.0188669  -0.02615675
  24    0.0213703  -0.02912191
  25    0.0185379  -0.02587215
  26    0.0183839  -0.02579192
  27    0.0246465  -0.04169440
  28    0.0245971  -0.04164606
  29    0.0237676  -0.04099222
  30    0.0090516  -0.02492689
  31    0.0090442  -0.02495830
  32    0.0090311  -0.02493860
  33    0.0039570  -0.02015714
  34    0.0030910  -0.01698639
  35    0.0032073  -0.02579252
  36    0.0022156  -0.01516929
  37    0.0001493  -0.00631742
  38    0.0001515  -0.00634372
  39    0.0001493  -0.00631516
  40    0.0000456  -0.00514388
 
----------------
 Final Energies 
----------------
Final NOF Total Energy =    -541.3808265
 
Total Orbital Internal Iterations = 10
Total Occupation Internal Iterations = 0
 
Elapsed time:   98.69 Seconds

---------------------------------
   Lowdin Population Analysis    
---------------------------------
 Idx  Atom   Population   Charge 
---------------------------------
  1    Al    13.857      -0.857
  2     F     8.714       0.286
  3     F     8.715       0.285
  4     F     8.714       0.286

---------------------------------
   M Diagnostic: 0.02
---------------------------------

