Computing Integrals
Basis Set                                            = def2-qzvp
Auxiliary Basis Set                                  = def2-universal-jkfit
Gaussian Type                                        = Spherical
Elapsed time:    1.92 Seconds

Number of basis functions                   (NBF)    = 70
Number of auxiliary basis functions         (NBFAUX) = 128
Inactive Doubly occupied orbitals up to     (NO1)    = 0
No. considered Strongly Doubly occupied MOs (NDOC)   = 6
No. considered Strongly Singly occupied MOs (NSOC)   = 2
NO. of Weakly occ. per St. Doubly occ.  MOs (NCWO)   = 1
Dimension of the Nat. Orb. subspace         (NBF5)   = 14
No. of electrons                                     = 14
    No. of alpha electrons                           = 8
    No. of beta electrons                            = 6
Multiplicity                                         = 3

Geometry
========
Si       0.0000000       0.0000000       0.0000000

No violations of the orthonormality
No violations of the orthonormality
 
PNOF8/ADABelief Calculation
==================
 
  Nitext  Nit_orb  Time   Nit_occ  Time         Eelec          Etot           Ediff      maxdiff    MaxGrad_orb  Grad_occ
     1      10    9.1e+00    6    1.2e+01  -289.03293054  -289.03293054 -10288.03293054   0.015501   6.2e-02   8.3e-05 0.03
     2      20    3.3e-02   12    6.1e-04  -289.04458150  -289.04458150    -0.01165096   0.208536   8.3e-01   1.7e-04 0.03
     3      20    1.9e-02    6    4.0e-04  -289.05540857  -289.05540857    -0.01082707   0.016393   6.6e-02   9.8e-05 0.03
     4      20    1.5e-02    5    5.7e-03  -289.05620431  -289.05620431    -0.00079574   0.029302   1.2e-01   1.4e-04 0.04
     5      20    1.5e-02    4    3.6e-04  -289.05736674  -289.05736674    -0.00116243   0.033680   1.3e-01   6.3e-05 0.04
     6      20    1.6e-02    4    5.5e-04  -289.05813824  -289.05813824    -0.00077150   0.025633   1.0e-01   1.4e-04 0.04
     7      20    1.5e-02    4    3.8e-04  -289.05915285  -289.05915285    -0.00101461   0.026993   1.1e-01   1.2e-04 0.04
     8      20    1.5e-02    3    3.8e-04  -289.06006200  -289.06006200    -0.00090915   0.024652   9.9e-02   1.8e-04 0.04
     9      20    1.4e-02    3    3.6e-04  -289.06047075  -289.06047075    -0.00040875   0.027889   1.1e-01   7.9e-05 0.05
    10      20    1.5e-02    3    3.6e-04  -289.06112645  -289.06112645    -0.00065571   0.025389   1.0e-01   4.9e-05 0.05
    11      20    1.3e-02    2    3.5e-04  -289.06131059  -289.06131059    -0.00018414   0.025736   1.0e-01   8.7e-05 0.05
    12      20    1.4e-02    2    3.6e-04  -289.06145684  -289.06145684    -0.00014624   0.024980   1.0e-01   4.8e-05 0.05
    13      20    1.6e-02    0    3.0e-04  -289.06146524  -289.06146524    -0.00000840   0.024980   1.0e-01   4.8e-05 0.05
    14      40    2.8e-02    1    3.3e-04  -289.06300723  -289.06300723    -0.00154199   0.002224   8.9e-03   8.9e-05 0.05
    15      40    2.7e-02    0    3.1e-04  -289.06300965  -289.06300965    -0.00000242   0.002224   8.9e-03   8.9e-05 0.05
    16      60    5.2e-02    1    1.7e-03  -289.06302146  -289.06302146    -0.00001181   0.000945   3.8e-03   1.1e-04 0.05
 
RESULTS OF THE OCCUPATION OPTIMIZATION
========================================
   1    1.9999591  -68.86231527
   2    1.9982638  -6.16442516
   3    1.9965692  -4.26819884
   4    1.9967088  -4.26716547
   5    1.9967026  -4.26671397
   6    1.9500152  -0.55265643
   7    1.0000000  -0.15623792
   8    1.0000000  -0.15622876
   9    0.0499848  -0.03326569
  10    0.0032974  -0.02231649
  11    0.0032912  -0.02230032
  12    0.0034308  -0.03146362
  13    0.0017362  -0.01534651
  14    0.0000409  -0.00539907
 
----------------
 Final Energies 
----------------
Final NOF Total Energy =    -289.0630215
 
Total Orbital Internal Iterations = 390
Total Occupation Internal Iterations = 56
 
Elapsed time:   27.56 Seconds

---------------------------------
   Lowdin Population Analysis    
---------------------------------
 Idx  Atom   Population   Charge 
---------------------------------
  1    Si    14.000      -0.000

---------------------------------
   M Diagnostic: 0.05
---------------------------------

