Computing Integrals
Basis Set                                            = def2-qzvp
Auxiliary Basis Set                                  = def2-universal-jkfit
Gaussian Type                                        = Spherical
Elapsed time:    1.71 Seconds

Number of basis functions                   (NBF)    = 70
Number of auxiliary basis functions         (NBFAUX) = 128
Inactive Doubly occupied orbitals up to     (NO1)    = 0
No. considered Strongly Doubly occupied MOs (NDOC)   = 6
No. considered Strongly Singly occupied MOs (NSOC)   = 1
NO. of Weakly occ. per St. Doubly occ.  MOs (NCWO)   = 1
Dimension of the Nat. Orb. subspace         (NBF5)   = 13
No. of electrons                                     = 13
    No. of alpha electrons                           = 7
    No. of beta electrons                            = 6
Multiplicity                                         = 2

Geometry
========
Al       0.0000000       0.0000000       0.0000000

No violations of the orthonormality
No violations of the orthonormality
 
PNOF8/ADABelief Calculation
==================
 
  Nitext  Nit_orb  Time   Nit_occ  Time         Eelec          Etot           Ediff      maxdiff    MaxGrad_orb  Grad_occ
     1      10    9.1e+00    7    1.2e+01  -242.01920441  -242.01920441 -10241.01920441   0.019695   7.9e-02   2.9e-05 0.03
     2      20    3.6e-02   10    5.8e-04  -242.03267757  -242.03267757    -0.01347316   0.336572   1.3e+00   1.9e-04 0.02
     3      20    1.4e-02    6    4.6e-04  -242.04874024  -242.04874024    -0.01606268   0.010750   4.3e-02   7.6e-05 0.02
     4      20    1.8e-02    5    7.5e-04  -242.05340925  -242.05340925    -0.00466901   0.018052   7.2e-02   7.9e-05 0.02
     5      20    1.4e-02    4    3.5e-04  -242.05650008  -242.05650008    -0.00309083   0.015865   6.3e-02   1.0e-04 0.02
     6      20    1.4e-02    4    1.8e-03  -242.05815404  -242.05815404    -0.00165396   0.013866   5.5e-02   6.3e-05 0.02
     7      20    1.4e-02    4    3.8e-04  -242.05891267  -242.05891267    -0.00075863   0.014443   5.8e-02   5.0e-05 0.03
     8      20    1.3e-02    2    6.5e-04  -242.05919600  -242.05919600    -0.00028334   0.013866   5.5e-02   1.9e-04 0.03
     9      20    1.5e-02    2    3.4e-04  -242.05938278  -242.05938278    -0.00018677   0.013060   5.2e-02   2.0e-04 0.03
    10      20    1.3e-02    3    3.5e-04  -242.05988410  -242.05988410    -0.00050132   0.013400   5.4e-02   9.7e-05 0.03
    11      20    1.3e-02    3    3.6e-04  -242.06008309  -242.06008309    -0.00019900   0.014374   5.7e-02   5.9e-05 0.03
    12      20    1.7e-02    2    1.7e-03  -242.06024873  -242.06024873    -0.00016564   0.014005   5.6e-02   1.1e-04 0.03
    13      20    1.3e-02    0    2.8e-04  -242.06026541  -242.06026541    -0.00001668   0.014005   5.6e-02   1.1e-04 0.03
    14      40    3.0e-02    2    3.3e-04  -242.06140207  -242.06140207    -0.00113666   0.001287   5.1e-03   5.4e-05 0.03
    15      40    4.4e-02    0    5.7e-04  -242.06141008  -242.06141008    -0.00000802   0.001287   5.1e-03   5.4e-05 0.03
    16      60    4.0e-02    1    3.1e-04  -242.06143001  -242.06143001    -0.00001993   0.000608   2.4e-03   1.1e-04 0.03
 
RESULTS OF THE OCCUPATION OPTIMIZATION
========================================
   1    1.9999498  -58.55577386
   2    1.9981773  -4.92368507
   3    1.9956237  -3.23515398
   4    1.9956718  -3.23495125
   5    1.9949260  -3.23238481
   6    1.9653281  -0.40410973
   7    1.0000000  -0.11059985
   8    0.0346719  -0.02571324
   9    0.0050740  -0.02427151
  10    0.0043282  -0.02182155
  11    0.0043763  -0.03148690
  12    0.0018227  -0.01200297
  13    0.0000502  -0.00561901
 
----------------
 Final Energies 
----------------
Final NOF Total Energy =    -242.0614300
 
Total Orbital Internal Iterations = 390
Total Occupation Internal Iterations = 55
 
Elapsed time:   27.63 Seconds

---------------------------------
   Lowdin Population Analysis    
---------------------------------
 Idx  Atom   Population   Charge 
---------------------------------
  1    Al    13.000      -0.000

---------------------------------
   M Diagnostic: 0.03
---------------------------------

