Computing Integrals
Basis Set                                            = def2-qzvp
Auxiliary Basis Set                                  = def2-universal-jkfit
Gaussian Type                                        = Spherical
Elapsed time:    4.08 Seconds

Number of basis functions                   (NBF)    = 231
Number of auxiliary basis functions         (NBFAUX) = 265
Inactive Doubly occupied orbitals up to     (NO1)    = 0
No. considered Strongly Doubly occupied MOs (NDOC)   = 12
No. considered Strongly Singly occupied MOs (NSOC)   = 0
NO. of Weakly occ. per St. Doubly occ.  MOs (NCWO)   = 1
Dimension of the Nat. Orb. subspace         (NBF5)   = 24
No. of electrons                                     = 24
    No. of alpha electrons                           = 12
    No. of beta electrons                            = 12
Multiplicity                                         = 1

Geometry
========
 C       0.0000000       0.4210350       0.0000000
 H      -0.3830630       1.4480420       0.0000000
 H      -0.6595560      -1.3436440       0.0000000
 O       1.1585180       0.1170880       0.0000000
 O      -1.0281910      -0.4459140       0.0000000

Orthonormality violations 28150, Maximum Violation 0.000124
Trying to orthonormalize
No violations of the orthonormality
No violations of the orthonormality
 
PNOF8/ADABelief Calculation
==================
 
  Nitext  Nit_orb  Time   Nit_occ  Time         Eelec          Etot           Ediff      maxdiff    MaxGrad_orb  Grad_occ
     1      10    1.0e+01    6    1.2e+01  -259.52309787  -189.28832152 -10258.52309787   0.010719   4.3e-02   1.3e-04 0.04
     2      20    2.3e+00   10    7.4e-02  -259.54161926  -189.30684292    -0.01852139   0.226661   9.1e-01   2.2e-04 0.04
     3      20    2.0e+00    8    3.9e-02  -259.55611460  -189.32133826    -0.01449535   0.024057   9.6e-02   2.2e-04 0.04
     4      20    2.1e+00    0    1.9e-02  -259.55890615  -189.32412981    -0.00279154   0.024057   9.6e-02   2.2e-04 0.04
     5      40    5.1e+00    7    1.6e-02  -259.56666486  -189.33188852    -0.00775871   0.007449   3.0e-02   1.9e-04 0.04
     6      40    4.6e+00    5    4.3e-02  -259.57041400  -189.33563766    -0.00374914   0.006665   2.7e-02   2.0e-04 0.04
     7      40    5.0e+00    4    5.9e-02  -259.57246591  -189.33768957    -0.00205191   0.004944   2.0e-02   1.2e-04 0.04
     8      40    4.0e+00    4    4.1e-02  -259.57347037  -189.33869402    -0.00100446   0.005809   2.3e-02   8.7e-05 0.04
     9      40    4.1e+00    4    3.3e-02  -259.57398251  -189.33920617    -0.00051214   0.005038   2.0e-02   6.4e-05 0.04
    10      40    5.1e+00    3    6.1e-03  -259.57422246  -189.33944612    -0.00023995   0.005453   2.2e-02   1.9e-04 0.04
    11      40    5.0e+00    3    2.8e-02  -259.57432915  -189.33955280    -0.00010669   0.005115   2.0e-02   1.7e-04 0.04
    12      40    4.2e+00    0    2.3e-02  -259.57433360  -189.33955726    -0.00000445   0.005115   2.0e-02   1.7e-04 0.04
    13      60    6.6e+00    0    2.0e-02  -259.57464860  -189.33987226    -0.00031500   0.000658   2.6e-03   2.7e-04 0.04
 
RESULTS OF THE OCCUPATION OPTIMIZATION
========================================
   1    1.9997894  -20.63745807
   2    1.9998086  -20.60224492
   3    1.9995247  -11.36707689
   4    1.9911637  -1.34401924
   5    1.9904339  -1.33312909
   6    1.9792960  -0.84821282
   7    1.9712608  -0.75532408
   8    1.9732102  -0.73668684
   9    1.9865661  -0.71929263
  10    1.9679916  -0.66717195
  11    1.9847543  -0.63817451
  12    1.9580057  -0.54257498
  13    0.0419943  -0.05246532
  14    0.0152457  -0.01933342
  15    0.0320084  -0.04713355
  16    0.0134339  -0.02031989
  17    0.0267898  -0.04048996
  18    0.0287392  -0.03642503
  19    0.0207040  -0.02616218
  20    0.0095661  -0.02098133
  21    0.0088363  -0.01821620
  22    0.0004753  -0.00867531
  23    0.0001914  -0.00646735
  24    0.0002106  -0.00690831
 
----------------
 Final Energies 
----------------
Final NOF Total Energy =    -189.3398723
 
Total Orbital Internal Iterations = 450
Total Occupation Internal Iterations = 54
 
Elapsed time:   82.87 Seconds

---------------------------------
   Lowdin Population Analysis    
---------------------------------
 Idx  Atom   Population   Charge 
---------------------------------
  1     C     6.511      -0.511
  2     H     1.093      -0.093
  3     H     1.291      -0.291
  4     O     7.729       0.271
  5     O     7.376       0.624

---------------------------------
   M Diagnostic: 0.04
---------------------------------

