Computing Integrals
Basis Set                                            = def2-qzvp
Auxiliary Basis Set                                  = def2-universal-jkfit
Gaussian Type                                        = Spherical
Elapsed time:    3.79 Seconds

Number of basis functions                   (NBF)    = 247
Number of auxiliary basis functions         (NBFAUX) = 277
Inactive Doubly occupied orbitals up to     (NO1)    = 0
No. considered Strongly Doubly occupied MOs (NDOC)   = 14
No. considered Strongly Singly occupied MOs (NSOC)   = 0
NO. of Weakly occ. per St. Doubly occ.  MOs (NCWO)   = 1
Dimension of the Nat. Orb. subspace         (NBF5)   = 28
No. of electrons                                     = 28
    No. of alpha electrons                           = 14
    No. of beta electrons                            = 14
Multiplicity                                         = 1

Geometry
========
 S       0.7716119       1.3262688      -0.9387166
 H      -0.1907513       1.8427406      -1.7174752
 N      -1.1495506      -0.0399443       1.5977359
 H      -0.7993897      -0.9919745       1.5888383
 H      -0.7131478       0.3976979       2.4021449
 H      -0.7006725       0.4080986       0.7846342

Orthonormality violations 36029, Maximum Violation 0.000219
Trying to orthonormalize
No violations of the orthonormality
No violations of the orthonormality
 
PNOF8/ADABelief Calculation
==================
 
  Nitext  Nit_orb  Time   Nit_occ  Time         Eelec          Etot           Ediff      maxdiff    MaxGrad_orb  Grad_occ
     1      10    1.2e+01    0    1.2e+01  -499.49303928  -454.87296180 -10498.49303928   0.000231   9.2e-04   1.4e-04 0.03
 
RESULTS OF THE OCCUPATION OPTIMIZATION
========================================
   1    1.9999611  -91.72199775
   2    1.9996617  -15.38246353
   3    1.9991749  -8.67242087
   4    1.9987163  -6.36667781
   5    1.9984608  -6.36625740
   6    1.9988868  -6.36357373
   7    1.9898311  -0.88410975
   8    1.9907901  -0.70208389
   9    1.9710540  -0.44360736
  10    1.9710419  -0.44340158
  11    1.9717257  -0.40692221
  12    1.9698907  -0.27366911
  13    1.9810539  -0.15417288
  14    1.9806682  -0.12813204
  15    0.0193318  -0.02239888
  16    0.0189461  -0.01957501
  17    0.0301093  -0.03203417
  18    0.0282743  -0.02925627
  19    0.0289581  -0.02789694
  20    0.0289460  -0.02789346
  21    0.0092099  -0.02672806
  22    0.0101689  -0.01817747
  23    0.0011132  -0.01679849
  24    0.0015392  -0.01839927
  25    0.0012837  -0.01782890
  26    0.0008251  -0.01443025
  27    0.0003383  -0.00811331
  28    0.0000389  -0.00628783
 
----------------
 Final Energies 
----------------
Final NOF Total Energy =    -454.8729618
 
Total Orbital Internal Iterations = 10
Total Occupation Internal Iterations = 0
 
Elapsed time:   32.49 Seconds

---------------------------------
   Lowdin Population Analysis    
---------------------------------
 Idx  Atom   Population   Charge 
---------------------------------
  1     S    16.438      -0.438
  2     H     1.417      -0.417
  3     N     6.466       0.534
  4     H     1.216      -0.216
  5     H     1.216      -0.216
  6     H     1.246      -0.246

---------------------------------
   M Diagnostic: 0.03
---------------------------------

