Computing Integrals
Basis Set                                            = def2-qzvp
Auxiliary Basis Set                                  = def2-universal-jkfit
Gaussian Type                                        = Spherical
Elapsed time:    2.73 Seconds

Number of basis functions                   (NBF)    = 217
Number of auxiliary basis functions         (NBFAUX) = 257
Inactive Doubly occupied orbitals up to     (NO1)    = 0
No. considered Strongly Doubly occupied MOs (NDOC)   = 13
No. considered Strongly Singly occupied MOs (NSOC)   = 0
NO. of Weakly occ. per St. Doubly occ.  MOs (NCWO)   = 1
Dimension of the Nat. Orb. subspace         (NBF5)   = 26
No. of electrons                                     = 26
    No. of alpha electrons                           = 13
    No. of beta electrons                            = 13
Multiplicity                                         = 1

Geometry
========
 C       0.0000000       0.0000000      -0.1499170
Cl       0.0000000       0.0000000       1.6328018
 H      -0.5139978      -0.8902703      -0.4942949
 H      -0.5139978       0.8902703      -0.4942949
 H       1.0279956       0.0000000      -0.4942949

No violations of the orthonormality
No violations of the orthonormality
 
PNOF8/ADABelief Calculation
==================
 
  Nitext  Nit_orb  Time   Nit_occ  Time         Eelec          Etot           Ediff      maxdiff    MaxGrad_orb  Grad_occ
     1      10    9.9e+00    0    1.2e+01  -551.00071271  -499.62232655 -10550.00071271   0.002649   1.1e-02   1.4e-04 0.03
     2      30    2.4e+00    0    2.4e-02  -551.00071271  -499.62232655     0.00000000   0.002649   1.1e-02   1.4e-04 0.03
     3      50    4.3e+00    0    3.8e-02  -551.00071271  -499.62232655     0.00000000   0.002649   1.1e-02   1.4e-04 0.03
     4      70    6.9e+00    1    6.0e-02  -551.00082116  -499.62243500    -0.00010845   0.002041   8.2e-03   1.3e-04 0.03
     5      70    7.0e+00    0    4.6e-02  -551.00082209  -499.62243593    -0.00000094   0.002041   8.2e-03   1.3e-04 0.03
     6      72    7.4e+00    0    5.9e-03  -551.00084594  -499.62245979    -0.00002385   0.000492   2.0e-03   1.8e-04 0.03
 
RESULTS OF THE OCCUPATION OPTIMIZATION
========================================
   1    1.9999643  -104.86978794
   2    1.9993376  -10.67105412
   3    1.9990787  -9.06649691
   4    1.9990764  -9.00875323
   5    1.9989250  -8.80356633
   6    1.9986773  -8.36814787
   7    1.9917101  -1.12566532
   8    1.9844192  -0.91025647
   9    1.9777498  -0.62682684
  10    1.9749909  -0.58493025
  11    1.9660782  -0.56866069
  12    1.9799035  -0.49480187
  13    1.9791299  -0.45553067
  14    0.0208701  -0.02374936
  15    0.0200965  -0.02344648
  16    0.0339218  -0.04694956
  17    0.0250091  -0.02621655
  18    0.0222502  -0.02563070
  19    0.0155808  -0.02392074
  20    0.0082899  -0.02968562
  21    0.0013227  -0.01795535
  22    0.0010750  -0.01587983
  23    0.0009236  -0.01634994
  24    0.0009213  -0.01643836
  25    0.0006624  -0.01521087
  26    0.0000357  -0.00646375
 
----------------
 Final Energies 
----------------
Final NOF Total Energy =    -499.6224598
 
Total Orbital Internal Iterations = 302
Total Occupation Internal Iterations = 1
 
Elapsed time:   56.97 Seconds

---------------------------------
   Lowdin Population Analysis    
---------------------------------
 Idx  Atom   Population   Charge 
---------------------------------
  1     C     6.083      -0.083
  2    Cl    16.635       0.365
  3     H     1.096      -0.096
  4     H     1.091      -0.091
  5     H     1.095      -0.095

---------------------------------
   M Diagnostic: 0.03
---------------------------------

