Computing Integrals
Basis Set                                            = def2-qzvp
Auxiliary Basis Set                                  = def2-universal-jkfit
Gaussian Type                                        = Spherical
Elapsed time:    1.67 Seconds

Number of basis functions                   (NBF)    = 70
Number of auxiliary basis functions         (NBFAUX) = 128
Inactive Doubly occupied orbitals up to     (NO1)    = 0
No. considered Strongly Doubly occupied MOs (NDOC)   = 9
No. considered Strongly Singly occupied MOs (NSOC)   = 0
NO. of Weakly occ. per St. Doubly occ.  MOs (NCWO)   = 1
Dimension of the Nat. Orb. subspace         (NBF5)   = 18
No. of electrons                                     = 18
    No. of alpha electrons                           = 9
    No. of beta electrons                            = 9
Multiplicity                                         = 1

Geometry
========
Cl       0.0000000       0.0000000       0.0000000

No violations of the orthonormality
No violations of the orthonormality
 
PNOF8/ADABelief Calculation
==================
 
  Nitext  Nit_orb  Time   Nit_occ  Time         Eelec          Etot           Ediff      maxdiff    MaxGrad_orb  Grad_occ
     1      10    9.1e+00    0    1.2e+01  -459.88035320  -459.88035320 -10458.88035320   0.000245   9.8e-04   1.7e-04 0.02
 
RESULTS OF THE OCCUPATION OPTIMIZATION
========================================
   1    1.9999643  -104.53337112
   2    1.9991229  -10.21669735
   3    1.9986027  -7.68956277
   4    1.9989130  -7.68675819
   5    1.9989191  -7.68587922
   6    1.9904062  -0.73687569
   7    1.9796278  -0.15751444
   8    1.9793104  -0.15398864
   9    1.9788384  -0.15291281
  10    0.0211616  -0.01997216
  11    0.0206896  -0.01990054
  12    0.0203722  -0.01987735
  13    0.0095938  -0.02958534
  14    0.0010809  -0.01913447
  15    0.0010870  -0.01913420
  16    0.0013973  -0.01985121
  17    0.0008771  -0.01804891
  18    0.0000357  -0.00653274
 
----------------
 Final Energies 
----------------
Final NOF Total Energy =    -459.8803532
 
Total Orbital Internal Iterations = 10
Total Occupation Internal Iterations = 0
 
Elapsed time:   26.92 Seconds

---------------------------------
   Lowdin Population Analysis    
---------------------------------
 Idx  Atom   Population   Charge 
---------------------------------
  1    Cl    18.000      -1.000

---------------------------------
   M Diagnostic: 0.02
---------------------------------

