Computing Integrals
Basis Set                                            = def2-qzvp
Auxiliary Basis Set                                  = def2-universal-jkfit
Gaussian Type                                        = Spherical
Elapsed time:    4.04 Seconds

Number of basis functions                   (NBF)    = 287
Number of auxiliary basis functions         (NBFAUX) = 385
Inactive Doubly occupied orbitals up to     (NO1)    = 0
No. considered Strongly Doubly occupied MOs (NDOC)   = 22
No. considered Strongly Singly occupied MOs (NSOC)   = 0
NO. of Weakly occ. per St. Doubly occ.  MOs (NCWO)   = 1
Dimension of the Nat. Orb. subspace         (NBF5)   = 44
No. of electrons                                     = 44
    No. of alpha electrons                           = 22
    No. of beta electrons                            = 22
Multiplicity                                         = 1

Geometry
========
Cl      -0.0002746       0.0192429       2.3225374
 C       0.0002134       0.0002029      -0.0000524
 H       0.7609800      -0.7510163       0.0064136
 H      -1.0307506      -0.2830071       0.0021836
 H       0.2704285       1.0346447      -0.0086604
Cl      -0.0005966      -0.0200671      -2.3224218

Orthonormality violations 43469, Maximum Violation 0.000118
Trying to orthonormalize
No violations of the orthonormality
No violations of the orthonormality
 
PNOF8/ADABelief Calculation
==================
 
  Nitext  Nit_orb  Time   Nit_occ  Time         Eelec          Etot           Ediff      maxdiff    MaxGrad_orb  Grad_occ
     1      10    1.1e+01    0    1.2e+01 -1069.76421973  -959.48488176 -11068.76421973   0.000582   2.3e-03   1.7e-04 0.04
 
RESULTS OF THE OCCUPATION OPTIMIZATION
========================================
   1    1.9999611  -104.63591137
   2    1.9999645  -104.63044018
   3    1.9992285  -10.31790172
   4    1.9991913  -10.30946834
   5    1.9993288  -10.26647837
   6    1.9988092  -8.00077469
   7    1.9988181  -7.99798832
   8    1.9989158  -7.97358492
   9    1.9989366  -7.96052389
  10    1.9986329  -7.86446600
  11    1.9986516  -7.82859146
  12    1.9920904  -0.87020398
  13    1.9918045  -0.80589383
  14    1.9880139  -0.79193424
  15    1.9763131  -0.47153763
  16    1.9809772  -0.46604783
  17    1.9645837  -0.30930775
  18    1.9792849  -0.25199005
  19    1.9793766  -0.24999339
  20    1.9791859  -0.24987598
  21    1.9793676  -0.24858578
  22    1.9806354  -0.20773077
  23    0.0193646  -0.02026344
  24    0.0206324  -0.02119435
  25    0.0208141  -0.02126542
  26    0.0206234  -0.02117272
  27    0.0207151  -0.02124021
  28    0.0354163  -0.04342920
  29    0.0190228  -0.02319211
  30    0.0236869  -0.02197351
  31    0.0119861  -0.02074386
  32    0.0081955  -0.02930088
  33    0.0079096  -0.03025487
  34    0.0013484  -0.01764571
  35    0.0013671  -0.01912152
  36    0.0010634  -0.01882791
  37    0.0010842  -0.01829139
  38    0.0011819  -0.01646722
  39    0.0011908  -0.01621830
  40    0.0006712  -0.01533296
  41    0.0008087  -0.01695945
  42    0.0007715  -0.01581827
  43    0.0000355  -0.00640807
  44    0.0000389  -0.00697364
 
----------------
 Final Energies 
----------------
Final NOF Total Energy =    -959.4848818
 
Total Orbital Internal Iterations = 10
Total Occupation Internal Iterations = 0
 
Elapsed time:   30.85 Seconds

---------------------------------
   Lowdin Population Analysis    
---------------------------------
 Idx  Atom   Population   Charge 
---------------------------------
  1    Cl    17.386      -0.386
  2     C     5.891       0.109
  3     H     1.107      -0.107
  4     H     1.112      -0.112
  5     H     1.107      -0.107
  6    Cl    17.397      -0.397

---------------------------------
   M Diagnostic: 0.04
---------------------------------

