Computing Integrals
Basis Set                                            = def2-qzvp
Auxiliary Basis Set                                  = def2-universal-jkfit
Gaussian Type                                        = Spherical
Elapsed time:    2.93 Seconds

Number of basis functions                   (NBF)    = 200
Number of auxiliary basis functions         (NBFAUX) = 292
Inactive Doubly occupied orbitals up to     (NO1)    = 0
No. considered Strongly Doubly occupied MOs (NDOC)   = 17
No. considered Strongly Singly occupied MOs (NSOC)   = 0
NO. of Weakly occ. per St. Doubly occ.  MOs (NCWO)   = 1
Dimension of the Nat. Orb. subspace         (NBF5)   = 34
No. of electrons                                     = 34
    No. of alpha electrons                           = 17
    No. of beta electrons                            = 17
Multiplicity                                         = 1

Geometry
========
 S      -0.0687310       1.0220312      -0.4834061
 S       0.0687310      -1.0220312      -0.4834061
 H       0.8386269       1.2863190       0.4675986
 H      -0.8386269      -1.2863190       0.4675986

Orthonormality violations 14889, Maximum Violation 0.000052
Trying to orthonormalize
No violations of the orthonormality
No violations of the orthonormality
 
PNOF8/ADABelief Calculation
==================
 
  Nitext  Nit_orb  Time   Nit_occ  Time         Eelec          Etot           Ediff      maxdiff    MaxGrad_orb  Grad_occ
     1      10    1.0e+01    0    1.2e+01  -882.31982491  -796.91072120 -10881.31982491   0.000221   8.8e-04   1.9e-04 0.03
 
RESULTS OF THE OCCUPATION OPTIMIZATION
========================================
   1    1.9999632  -92.03888088
   2    1.9999635  -92.03790274
   3    1.9991060  -8.99009904
   4    1.9991234  -8.98667314
   5    1.9984297  -6.68279306
   6    1.9989230  -6.68121273
   7    1.9983866  -6.67986228
   8    1.9985740  -6.67928130
   9    1.9985896  -6.67867560
  10    1.9986254  -6.67598964
  11    1.9911197  -1.01371885
  12    1.9908865  -0.94644849
  13    1.9698315  -0.53617579
  14    1.9696682  -0.53427505
  15    1.9662374  -0.51381498
  16    1.9782355  -0.44148314
  17    1.9782239  -0.43893149
  18    0.0217761  -0.02461872
  19    0.0217645  -0.02458981
  20    0.0337626  -0.04979241
  21    0.0303318  -0.03673390
  22    0.0301685  -0.03674419
  23    0.0091135  -0.02611509
  24    0.0088803  -0.02924691
  25    0.0013746  -0.01945155
  26    0.0014104  -0.01960628
  27    0.0014260  -0.01953087
  28    0.0016134  -0.02004265
  29    0.0010770  -0.01677613
  30    0.0015703  -0.01889224
  31    0.0008766  -0.01563698
  32    0.0008940  -0.01587246
  33    0.0000365  -0.00592934
  34    0.0000368  -0.00601245
 
----------------
 Final Energies 
----------------
Final NOF Total Energy =    -796.9107212
 
Total Orbital Internal Iterations = 10
Total Occupation Internal Iterations = 0
 
Elapsed time:   29.72 Seconds

---------------------------------
   Lowdin Population Analysis    
---------------------------------
 Idx  Atom   Population   Charge 
---------------------------------
  1     S    15.723       0.277
  2     S    15.725       0.275
  3     H     1.276      -0.276
  4     H     1.276      -0.276

---------------------------------
   M Diagnostic: 0.03
---------------------------------

