Computing Integrals
Basis Set                                            = def2-qzvp
Auxiliary Basis Set                                  = def2-universal-jkfit
Gaussian Type                                        = Spherical
Elapsed time:   10.39 Seconds

Number of basis functions                   (NBF)    = 574
Number of auxiliary basis functions         (NBFAUX) = 758
Inactive Doubly occupied orbitals up to     (NO1)    = 0
No. considered Strongly Doubly occupied MOs (NDOC)   = 47
No. considered Strongly Singly occupied MOs (NSOC)   = 0
NO. of Weakly occ. per St. Doubly occ.  MOs (NCWO)   = 1
Dimension of the Nat. Orb. subspace         (NBF5)   = 94
No. of electrons                                     = 94
    No. of alpha electrons                           = 47
    No. of beta electrons                            = 47
Multiplicity                                         = 1

Geometry
========
 I       0.0000000       0.0000000       1.5420400
 C       0.0000000       0.0000000      -0.5530040
 C       0.0000000       1.2055670      -1.2382030
 C       0.0000000       1.1991150      -2.6254240
 C       0.0000000       0.0000000      -3.3209690
 C       0.0000000      -1.1991150      -2.6254240
 C       0.0000000      -1.2055670      -1.2382030
 H       0.0000000       2.1423770      -0.6975470
 H       0.0000000       2.1396780      -3.1612290
 H       0.0000000       0.0000000      -4.4031950
 H       0.0000000      -2.1396780      -3.1612290
 H       0.0000000      -2.1423770      -0.6975470

No violations of the orthonormality
No violations of the orthonormality
 
PNOF8/ADABelief Calculation
==================
 
  Nitext  Nit_orb  Time   Nit_occ  Time         Eelec          Etot           Ediff      maxdiff    MaxGrad_orb  Grad_occ
     1      10    1.8e+01    0    1.2e+01 -3203.54193205 -2671.10849287 -13202.54193205   0.001449   5.8e-03   1.2e-04 0.04
     2      30    2.7e+01    0    4.8e-01 -3203.54193205 -2671.10849287     0.00000000   0.001449   5.8e-03   1.2e-04 0.04
     3      50    4.4e+01    0    4.6e-01 -3203.54193205 -2671.10849287     0.00000000   0.001449   5.8e-03   1.2e-04 0.04
     4      70    6.2e+01    1    4.7e-01 -3203.54194136 -2671.10850218    -0.00000931   0.001436   5.7e-03   1.7e-04 0.04
     5      70    6.2e+01    2    4.6e-01 -3203.54195585 -2671.10851667    -0.00001449   0.001445   5.8e-03   1.2e-04 0.04
     6      70    6.4e+01    1    4.5e-01 -3203.54196215 -2671.10852297    -0.00000630   0.001445   5.8e-03   1.6e-04 0.04
     7      70    6.2e+01    0    4.5e-01 -3203.54196829 -2671.10852911    -0.00000614   0.001468   5.9e-03   2.4e-04 0.04
     8      80    7.1e+01    2    4.5e-01 -3203.54199755 -2671.10855837    -0.00002926   0.001081   4.3e-03   1.4e-04 0.04
     9      80    7.2e+01    0    4.6e-01 -3203.54199980 -2671.10856062    -0.00000226   0.001158   4.6e-03   2.2e-04 0.04
    10      90    8.1e+01    2    4.5e-01 -3203.54202374 -2671.10858456    -0.00002394   0.000918   3.7e-03   1.3e-04 0.04
 
RESULTS OF THE OCCUPATION OPTIMIZATION
========================================
   1    1.9999980  -149.45281978
   2    1.9999932  -64.74364661
   3    1.9999934  -64.73636132
   4    1.9999934  -64.73412769
   5    1.9999501  -26.22232142
   6    1.9997660  -11.22673230
   7    1.9996818  -11.07630850
   8    1.9997063  -11.07389104
   9    1.9997267  -11.06187503
  10    1.9997158  -11.04392987
  11    1.9996831  -11.01807257
  12    1.9996841  -10.99739665
  13    1.9994501  -10.84898275
  14    1.9994623  -10.83049195
  15    1.9994882  -10.82992446
  16    1.9995385  -10.81655777
  17    1.9995694  -10.76710525
  18    1.9994470  -10.76540078
  19    1.9995410  -10.18054069
  20    1.9985970  -5.20719531
  21    1.9980474  -4.07872051
  22    1.9979794  -4.07804360
  23    1.9978599  -4.07550927
  24    1.9979557  -4.07488846
  25    1.9977835  -4.07364730
  26    1.9979498  -4.07230600
  27    1.9977182  -4.07162712
  28    1.9814305  -1.05555951
  29    1.9813413  -1.04927857
  30    1.9881766  -0.98627194
  31    1.9855924  -0.95730964
  32    1.9794946  -0.92992476
  33    1.9699389  -0.89734195
  34    1.9779986  -0.81953985
  35    1.9775759  -0.70582663
  36    1.9759057  -0.70214888
  37    1.9769008  -0.68063606
  38    1.9764053  -0.67363094
  39    1.9749404  -0.66726682
  40    1.9758642  -0.66107981
  41    1.9758674  -0.65071646
  42    1.9662778  -0.62352198
  43    1.9622093  -0.43547827
  44    1.9616288  -0.42658169
  45    1.9599858  -0.42338890
  46    1.9618129  -0.42330535
  47    1.9592674  -0.34948702
  48    0.0407326  -0.04088750
  49    0.0381871  -0.03678676
  50    0.0400142  -0.04843876
  51    0.0383712  -0.03717256
  52    0.0377907  -0.03737718
  53    0.0337222  -0.03908811
  54    0.0241326  -0.02562166
  55    0.0241358  -0.02601129
  56    0.0250596  -0.03220298
  57    0.0235947  -0.02564224
  58    0.0230992  -0.02543179
  59    0.0240943  -0.03131420
  60    0.0224241  -0.02511092
  61    0.0220014  -0.03033441
  62    0.0300611  -0.03845919
  63    0.0205054  -0.02989552
  64    0.0144076  -0.02321351
  65    0.0118234  -0.01662141
  66    0.0186587  -0.02843876
  67    0.0185695  -0.02823847
  68    0.0022818  -0.01303036
  69    0.0020502  -0.01186997
  70    0.0022165  -0.01265937
  71    0.0020443  -0.01204159
  72    0.0021401  -0.01251003
  73    0.0020206  -0.01200198
  74    0.0019526  -0.01164704
  75    0.0014030  -0.00773877
  76    0.0004590  -0.00438090
  77    0.0005530  -0.00835790
  78    0.0004306  -0.00665493
  79    0.0004615  -0.00734237
  80    0.0005118  -0.00799629
  81    0.0005377  -0.00841814
  82    0.0005499  -0.00872013
  83    0.0003159  -0.00316402
  84    0.0003169  -0.00367144
  85    0.0002842  -0.00299574
  86    0.0002733  -0.00300598
  87    0.0002937  -0.00310902
  88    0.0003182  -0.00387146
  89    0.0002340  -0.00271864
  90    0.0000499  -0.00129742
  91    0.0000066  -0.00059264
  92    0.0000066  -0.00059272
  93    0.0000068  -0.00060347
  94    0.0000020  -0.00036840
 
----------------
 Final Energies 
----------------
Final NOF Total Energy =   -2671.1085846
 
Total Orbital Internal Iterations = 620
Total Occupation Internal Iterations = 8
 
Elapsed time:  609.33 Seconds

---------------------------------
   Lowdin Population Analysis    
---------------------------------
 Idx  Atom   Population   Charge 
---------------------------------
  1     I    52.625       0.375
  2     C     6.387      -0.387
  3     C     5.960       0.040
  4     C     5.929       0.071
  5     C     5.922       0.078
  6     C     5.929       0.071
  7     C     5.961       0.039
  8     H     1.056      -0.056
  9     H     1.060      -0.060
 10     H     1.056      -0.056
 11     H     1.060      -0.060
 12     H     1.057      -0.057

---------------------------------
   M Diagnostic: 0.04
---------------------------------

