Computing Integrals
Basis Set                                            = def2-qzvp
Auxiliary Basis Set                                  = def2-universal-jkfit
Gaussian Type                                        = Spherical
Elapsed time:    2.92 Seconds

Number of basis functions                   (NBF)    = 150
Number of auxiliary basis functions         (NBFAUX) = 532
Inactive Doubly occupied orbitals up to     (NO1)    = 0
No. considered Strongly Doubly occupied MOs (NDOC)   = 35
No. considered Strongly Singly occupied MOs (NSOC)   = 0
NO. of Weakly occ. per St. Doubly occ.  MOs (NCWO)   = 1
Dimension of the Nat. Orb. subspace         (NBF5)   = 70
No. of electrons                                     = 70
    No. of alpha electrons                           = 35
    No. of beta electrons                            = 35
Multiplicity                                         = 1

Geometry
========
Br       0.0000000       0.0000000       1.1379300
Br       0.0000000       0.0000000      -1.1379300

No violations of the orthonormality
No violations of the orthonormality
 
PNOF8/ADABelief Calculation
==================
 
  Nitext  Nit_orb  Time   Nit_occ  Time         Eelec          Etot           Ediff      maxdiff    MaxGrad_orb  Grad_occ
     1      10    1.1e+01    0    1.2e+01 -5431.17143588 -5146.33811837 -15430.17143588   0.000234   9.4e-04   2.1e-04 0.03
 
RESULTS OF THE OCCUPATION OPTIMIZATION
========================================
   1    1.9999992  -490.15222206
   2    1.9999993  -490.14895016
   3    1.9999945  -65.32401912
   4    1.9999938  -65.31860349
   5    1.9999619  -58.64758130
   6    1.9999614  -58.64658363
   7    1.9999810  -58.64173733
   8    1.9999785  -58.64163257
   9    1.9999785  -58.64161677
  10    1.9999803  -58.64131245
  11    1.9995010  -9.91644966
  12    1.9995004  -9.91580335
  13    1.9981371  -7.52956629
  14    1.9967961  -7.52718988
  15    1.9990306  -7.52643920
  16    1.9990702  -7.52628719
  17    1.9990884  -7.52625717
  18    1.9990016  -7.52566679
  19    1.9919962  -3.26065062
  20    1.9924797  -3.25958395
  21    1.9929654  -3.25906012
  22    1.9929569  -3.25833131
  23    1.9929320  -3.25817005
  24    1.9928869  -3.25805648
  25    1.9924691  -3.25625431
  26    1.9919724  -3.25546356
  27    1.9924158  -3.25327903
  28    1.9924012  -3.25158556
  29    1.9839148  -1.06302710
  30    1.9838517  -1.05151020
  31    1.9664947  -0.55887799
  32    1.9776525  -0.47986226
  33    1.9775736  -0.47591523
  34    1.9774815  -0.47267772
  35    1.9775916  -0.47029381
  36    0.0224084  -0.04126015
  37    0.0225185  -0.04115843
  38    0.0224264  -0.04122873
  39    0.0223475  -0.04138375
  40    0.0335053  -0.06899001
  41    0.0161483  -0.04003014
  42    0.0160852  -0.04002175
  43    0.0075988  -0.04500275
  44    0.0075842  -0.04488891
  45    0.0080276  -0.03600198
  46    0.0075309  -0.05120104
  47    0.0071131  -0.04389439
  48    0.0070680  -0.04356086
  49    0.0070431  -0.04348926
  50    0.0070346  -0.04356348
  51    0.0075203  -0.03620064
  52    0.0080038  -0.03804164
  53    0.0009984  -0.00773549
  54    0.0009116  -0.00682659
  55    0.0009298  -0.00676461
  56    0.0009694  -0.00759574
  57    0.0032039  -0.03364904
  58    0.0018629  -0.02075194
  59    0.0004996  -0.02042053
  60    0.0004990  -0.02031447
  61    0.0000197  -0.00098279
  62    0.0000215  -0.00110553
  63    0.0000215  -0.00110660
  64    0.0000190  -0.00094989
  65    0.0000386  -0.00712405
  66    0.0000381  -0.00715454
  67    0.0000062  -0.00195877
  68    0.0000055  -0.00197317
  69    0.0000007  -0.00073229
  70    0.0000008  -0.00083605
 
----------------
 Final Energies 
----------------
Final NOF Total Energy =   -5146.3381184
 
Total Orbital Internal Iterations = 10
Total Occupation Internal Iterations = 0
 
Elapsed time:   28.84 Seconds

---------------------------------
   Lowdin Population Analysis    
---------------------------------
 Idx  Atom   Population   Charge 
---------------------------------
  1    Br    34.999       0.001
  2    Br    35.001      -0.001

---------------------------------
   M Diagnostic: 0.03
---------------------------------

