Computing Integrals
Basis Set                                            = def2-qzvp
Auxiliary Basis Set                                  = def2-universal-jkfit
Gaussian Type                                        = Spherical
Elapsed time:    1.88 Seconds

Number of basis functions                   (NBF)    = 147
Number of auxiliary basis functions         (NBFAUX) = 131
Inactive Doubly occupied orbitals up to     (NO1)    = 0
No. considered Strongly Doubly occupied MOs (NDOC)   = 5
No. considered Strongly Singly occupied MOs (NSOC)   = 0
NO. of Weakly occ. per St. Doubly occ.  MOs (NCWO)   = 1
Dimension of the Nat. Orb. subspace         (NBF5)   = 10
No. of electrons                                     = 10
    No. of alpha electrons                           = 5
    No. of beta electrons                            = 5
Multiplicity                                         = 1

Geometry
========
 N       0.0000000       0.0000000       0.1103420
 H       0.0000000       0.9410820      -0.2574640
 H      -0.8150010      -0.4705410      -0.2574640
 H       0.8150010      -0.4705410      -0.2574640

Orthonormality violations 9253, Maximum Violation 0.000124
Trying to orthonormalize
No violations of the orthonormality
No violations of the orthonormality
 
PNOF8/ADABelief Calculation
==================
 
  Nitext  Nit_orb  Time   Nit_occ  Time         Eelec          Etot           Ediff      maxdiff    MaxGrad_orb  Grad_occ
     1      10    9.2e+00    0    1.2e+01   -68.37275509   -56.40054214 -10067.37275509   0.000120   4.8e-04   3.9e-05 0.03
 
RESULTS OF THE OCCUPATION OPTIMIZATION
========================================
   1    1.9997042  -15.54749675
   2    1.9883096  -1.05931494
   3    1.9721571  -0.61434063
   4    1.9721598  -0.61432041
   5    1.9721605  -0.61430734
   6    0.0278395  -0.02971705
   7    0.0278402  -0.02971742
   8    0.0278429  -0.02971847
   9    0.0116904  -0.01856329
  10    0.0002958  -0.00748201
 
----------------
 Final Energies 
----------------
Final NOF Total Energy =     -56.4005421
 
Total Orbital Internal Iterations = 10
Total Occupation Internal Iterations = 0
 
Elapsed time:   28.20 Seconds

---------------------------------
   Lowdin Population Analysis    
---------------------------------
 Idx  Atom   Population   Charge 
---------------------------------
  1     N     6.414       0.586
  2     H     1.195      -0.195
  3     H     1.195      -0.195
  4     H     1.195      -0.195

---------------------------------
   M Diagnostic: 0.03
---------------------------------

