Computing Integrals
Basis Set                                            = def2-qzvp
Auxiliary Basis Set                                  = def2-universal-jkfit
Gaussian Type                                        = Spherical
Elapsed time:   21.24 Seconds

Number of basis functions                   (NBF)    = 718
Number of auxiliary basis functions         (NBFAUX) = 928
Inactive Doubly occupied orbitals up to     (NO1)    = 0
No. considered Strongly Doubly occupied MOs (NDOC)   = 54
No. considered Strongly Singly occupied MOs (NSOC)   = 0
NO. of Weakly occ. per St. Doubly occ.  MOs (NCWO)   = 1
Dimension of the Nat. Orb. subspace         (NBF5)   = 108
No. of electrons                                     = 108
    No. of alpha electrons                           = 54
    No. of beta electrons                            = 54
Multiplicity                                         = 1

Geometry
========
 N       0.0000000       0.0000000       4.0966500
 C       0.0000000       0.0000000       5.2389330
 H       0.0000000       0.0000000       6.3063400
 I       0.0000000       0.0000000       0.8379080
 C       0.0000000       0.0000000      -1.2574380
 C       0.0000000       1.2035120      -1.9485380
 C       0.0000000       1.1986190      -3.3357790
 C       0.0000000       0.0000000      -4.0323620
 C       0.0000000      -1.1986190      -3.3357790
 C       0.0000000      -1.2035120      -1.9485380
 H       0.0000000       2.1411600      -1.4086920
 H       0.0000000       2.1394520      -3.8714410
 H       0.0000000       0.0000000      -5.1147180
 H       0.0000000      -2.1394520      -3.8714410
 H       0.0000000      -2.1411600      -1.4086920

Orthonormality violations 199573, Maximum Violation 0.000124
Trying to orthonormalize
No violations of the orthonormality
No violations of the orthonormality
 
PNOF8/ADABelief Calculation
==================
 
  Nitext  Nit_orb  Time   Nit_occ  Time         Eelec          Etot           Ediff      maxdiff    MaxGrad_orb  Grad_occ
     1      10    2.8e+01    0    1.3e+01 -3466.21019096 -2765.00657880 -13465.21019096   0.000888   3.6e-03   1.4e-04 0.04
 
RESULTS OF THE OCCUPATION OPTIMIZATION
========================================
   1    1.9999982  -149.46881772
   2    1.9999919  -64.72613938
   3    1.9999916  -64.71921163
   4    1.9999931  -64.71394851
   5    1.9999395  -26.39081833
   6    1.9997257  -13.19280918
   7    1.9997534  -12.19819985
   8    1.9997497  -11.98817104
   9    1.9997328  -11.47312733
  10    1.9996310  -11.10678175
  11    1.9997075  -11.08518197
  12    1.9997041  -11.04972902
  13    1.9995259  -10.90574463
  14    1.9995436  -10.89768656
  15    1.9994922  -10.87056337
  16    1.9996535  -10.86802197
  17    1.9994461  -10.84592734
  18    1.9994485  -10.84489140
  19    1.9994263  -10.83332052
  20    1.9995955  -10.71472139
  21    1.9995261  -10.37493002
  22    1.9986088  -5.20552816
  23    1.9979595  -4.05447139
  24    1.9979643  -4.05379505
  25    1.9980088  -4.05352075
  26    1.9977837  -4.05250728
  27    1.9978486  -4.05134574
  28    1.9978861  -4.05122091
  29    1.9977468  -4.04775234
  30    1.9885126  -1.03492960
  31    1.9810119  -1.02198809
  32    1.9879896  -0.99297394
  33    1.9802378  -0.95751002
  34    1.9853422  -0.93536393
  35    1.9837531  -0.90549592
  36    1.9812651  -0.89315273
  37    1.9813076  -0.88837238
  38    1.9704843  -0.88170030
  39    1.9750195  -0.74195148
  40    1.9765983  -0.71223397
  41    1.9777049  -0.70110184
  42    1.9760047  -0.69697987
  43    1.9751546  -0.65746337
  44    1.9758741  -0.65120756
  45    1.9757604  -0.64440976
  46    1.9749366  -0.64111212
  47    1.9638829  -0.54504132
  48    1.9572918  -0.51679577
  49    1.9572869  -0.51678231
  50    1.9622476  -0.42507397
  51    1.9616593  -0.41731808
  52    1.9618944  -0.41582811
  53    1.9598976  -0.40390692
  54    1.9602459  -0.39822260
  55    0.0397541  -0.04059239
  56    0.0401024  -0.04819207
  57    0.0381056  -0.03665619
  58    0.0383407  -0.03701550
  59    0.0377524  -0.03692298
  60    0.0427131  -0.04358000
  61    0.0427082  -0.04357887
  62    0.0361171  -0.03998772
  63    0.0250634  -0.03170313
  64    0.0242396  -0.02577741
  65    0.0241259  -0.02572327
  66    0.0248454  -0.03192925
  67    0.0239953  -0.03139228
  68    0.0222951  -0.02486321
  69    0.0234017  -0.03064671
  70    0.0249805  -0.02989468
  71    0.0295157  -0.03763735
  72    0.0186924  -0.02311796
  73    0.0187349  -0.02325335
  74    0.0162469  -0.02513981
  75    0.0146578  -0.02306600
  76    0.0197622  -0.02891530
  77    0.0120104  -0.01588110
  78    0.0189881  -0.02852645
  79    0.0114874  -0.01962352
  80    0.0022532  -0.01301524
  81    0.0021139  -0.01242694
  82    0.0021514  -0.01258162
  83    0.0022163  -0.01278864
  84    0.0019912  -0.01187508
  85    0.0020357  -0.01205561
  86    0.0020405  -0.01207548
  87    0.0013912  -0.00779831
  88    0.0004739  -0.00503948
  89    0.0004045  -0.00379765
  90    0.0005737  -0.00890347
  91    0.0005515  -0.00835897
  92    0.0005539  -0.00885622
  93    0.0003465  -0.00327821
  94    0.0005078  -0.00820454
  95    0.0004564  -0.00772200
  96    0.0004741  -0.00790656
  97    0.0002959  -0.00304893
  98    0.0002925  -0.00307340
  99    0.0003690  -0.00665513
 100    0.0002672  -0.00297595
 101    0.0002503  -0.00298251
 102    0.0002466  -0.00294971
 103    0.0002743  -0.00566324
 104    0.0000605  -0.00159666
 105    0.0000069  -0.00060421
 106    0.0000084  -0.00068493
 107    0.0000081  -0.00067314
 108    0.0000018  -0.00035683
 
----------------
 Final Energies 
----------------
Final NOF Total Energy =   -2765.0065788
 
Total Orbital Internal Iterations = 10
Total Occupation Internal Iterations = 0
 
Elapsed time:   54.87 Seconds

---------------------------------
   Lowdin Population Analysis    
---------------------------------
 Idx  Atom   Population   Charge 
---------------------------------
  1     N     6.888       0.112
  2     C     5.951       0.049
  3     H     1.140      -0.140
  4     I    52.631       0.369
  5     C     6.382      -0.382
  6     C     5.963       0.037
  7     C     5.932       0.068
  8     C     5.925       0.075
  9     C     5.933       0.067
 10     C     5.963       0.037
 11     H     1.058      -0.058
 12     H     1.059      -0.059
 13     H     1.056      -0.056
 14     H     1.061      -0.061
 15     H     1.058      -0.058

---------------------------------
   M Diagnostic: 0.04
---------------------------------

