Computing Integrals
Basis Set                                            = def2-qzvp
Auxiliary Basis Set                                  = def2-universal-jkfit
Gaussian Type                                        = Spherical
Elapsed time:    2.61 Seconds

Number of basis functions                   (NBF)    = 142
Number of auxiliary basis functions         (NBFAUX) = 254
Inactive Doubly occupied orbitals up to     (NO1)    = 0
No. considered Strongly Doubly occupied MOs (NDOC)   = 27
No. considered Strongly Singly occupied MOs (NSOC)   = 0
NO. of Weakly occ. per St. Doubly occ.  MOs (NCWO)   = 1
Dimension of the Nat. Orb. subspace         (NBF5)   = 54
No. of electrons                                     = 54
    No. of alpha electrons                           = 27
    No. of beta electrons                            = 27
Multiplicity                                         = 1

Geometry
========
Te       0.0000000       0.0000000       0.7695493
 H      -1.1553660       0.0000000      -0.3847747
 H       1.1553660       0.0000000      -0.3847747

No violations of the orthonormality
No violations of the orthonormality
 
PNOF8/ADABelief Calculation
==================
 
  Nitext  Nit_orb  Time   Nit_occ  Time         Eelec          Etot           Ediff      maxdiff    MaxGrad_orb  Grad_occ
     1      10    9.9e+00    0    1.2e+01 -2326.10924802 -2292.18296043 -12325.10924802   0.000381   1.5e-03   1.6e-04 0.04
 
RESULTS OF THE OCCUPATION OPTIMIZATION
========================================
   1    1.9999998  -141.02569223
   2    1.9999966  -61.91346281
   3    1.9999962  -61.88146863
   4    1.9999961  -61.83249313
   5    1.9999760  -24.94554865
   6    1.9998221  -9.85150301
   7    1.9998189  -9.74178554
   8    1.9998238  -9.73112588
   9    1.9997952  -9.69271501
  10    1.9997854  -9.69267331
  11    1.9997797  -9.64955336
  12    1.9995634  -9.64602382
  13    1.9995425  -9.64271442
  14    1.9984983  -4.95778761
  15    1.9978547  -3.82090759
  16    1.9978877  -3.82065380
  17    1.9979076  -3.82017531
  18    1.9978740  -3.81975423
  19    1.9978719  -3.81820590
  20    1.9978226  -3.81814235
  21    1.9978419  -3.81752589
  22    1.9861847  -0.92600776
  23    1.9736233  -0.89639391
  24    1.9736241  -0.89638327
  25    1.9711722  -0.70117249
  26    1.9621458  -0.39156422
  27    1.9620298  -0.38395971
  28    0.0379702  -0.03543761
  29    0.0378542  -0.03549260
  30    0.0288278  -0.03140689
  31    0.0263759  -0.03177806
  32    0.0263767  -0.03177931
  33    0.0138153  -0.02146696
  34    0.0021581  -0.01166685
  35    0.0021774  -0.01175224
  36    0.0021281  -0.01157484
  37    0.0021260  -0.01153653
  38    0.0020924  -0.01146913
  39    0.0021123  -0.01149142
  40    0.0021453  -0.01162463
  41    0.0015017  -0.00754490
  42    0.0004575  -0.00422569
  43    0.0004366  -0.00409068
  44    0.0002203  -0.00206000
  45    0.0002146  -0.00202716
  46    0.0002048  -0.00193990
  47    0.0001762  -0.00163322
  48    0.0001811  -0.00167028
  49    0.0001779  -0.00166099
  50    0.0000240  -0.00052602
  51    0.0000039  -0.00019499
  52    0.0000038  -0.00018828
  53    0.0000034  -0.00017675
  54    0.0000002  -0.00004161
 
----------------
 Final Energies 
----------------
Final NOF Total Energy =   -2292.1829604
 
Total Orbital Internal Iterations = 10
Total Occupation Internal Iterations = 0
 
Elapsed time:   28.22 Seconds

---------------------------------
   Lowdin Population Analysis    
---------------------------------
 Idx  Atom   Population   Charge 
---------------------------------
  1    Te    51.366       0.634
  2     H     1.317      -0.317
  3     H     1.317      -0.317

---------------------------------
   M Diagnostic: 0.04
---------------------------------

