Computing Integrals
Basis Set                                            = def2-qzvp
Auxiliary Basis Set                                  = def2-universal-jkfit
Gaussian Type                                        = Spherical
Elapsed time:    1.75 Seconds

Number of basis functions                   (NBF)    = 177
Number of auxiliary basis functions         (NBFAUX) = 147
Inactive Doubly occupied orbitals up to     (NO1)    = 0
No. considered Strongly Doubly occupied MOs (NDOC)   = 5
No. considered Strongly Singly occupied MOs (NSOC)   = 0
NO. of Weakly occ. per St. Doubly occ.  MOs (NCWO)   = 1
Dimension of the Nat. Orb. subspace         (NBF5)   = 10
No. of electrons                                     = 10
    No. of alpha electrons                           = 5
    No. of beta electrons                            = 5
Multiplicity                                         = 1

Geometry
========
 H       0.6292771       0.6292771      -0.6292771
 C       0.0000000       0.0000000       0.0000000
 H      -0.6292771      -0.6292771      -0.6292771
 H       0.6292771      -0.6292771       0.6292771
 H      -0.6292771       0.6292771       0.6292771

Orthonormality violations 9760, Maximum Violation 0.000122
Trying to orthonormalize
No violations of the orthonormality
No violations of the orthonormality
 
PNOF8/ADABelief Calculation
==================
 
  Nitext  Nit_orb  Time   Nit_occ  Time         Eelec          Etot           Ediff      maxdiff    MaxGrad_orb  Grad_occ
     1      10    9.5e+00    0    1.2e+01   -53.80671865   -40.37061623 -10052.80671865   0.000177   7.1e-04   1.2e-04 0.03
 
RESULTS OF THE OCCUPATION OPTIMIZATION
========================================
   1    1.9996239  -11.20332202
   2    1.9815622  -0.89739417
   3    1.9740207  -0.57449005
   4    1.9739935  -0.57444543
   5    1.9739738  -0.57427948
   6    0.0260262  -0.02476938
   7    0.0260065  -0.02476520
   8    0.0259793  -0.02475883
   9    0.0184378  -0.02278761
  10    0.0003761  -0.00718615
 
----------------
 Final Energies 
----------------
Final NOF Total Energy =     -40.3706162
 
Total Orbital Internal Iterations = 10
Total Occupation Internal Iterations = 0
 
Elapsed time:   28.75 Seconds

---------------------------------
   Lowdin Population Analysis    
---------------------------------
 Idx  Atom   Population   Charge 
---------------------------------
  1     H     1.074      -0.074
  2     C     5.697       0.303
  3     H     1.076      -0.076
  4     H     1.076      -0.076
  5     H     1.076      -0.076

---------------------------------
   M Diagnostic: 0.03
---------------------------------

