Computing Integrals
Basis Set                                            = def2-qzvp
Auxiliary Basis Set                                  = def2-universal-jkfit
Gaussian Type                                        = Spherical
Elapsed time:    1.79 Seconds

Number of basis functions                   (NBF)    = 147
Number of auxiliary basis functions         (NBFAUX) = 131
Inactive Doubly occupied orbitals up to     (NO1)    = 0
No. considered Strongly Doubly occupied MOs (NDOC)   = 5
No. considered Strongly Singly occupied MOs (NSOC)   = 0
NO. of Weakly occ. per St. Doubly occ.  MOs (NCWO)   = 1
Dimension of the Nat. Orb. subspace         (NBF5)   = 10
No. of electrons                                     = 10
    No. of alpha electrons                           = 5
    No. of beta electrons                            = 5
Multiplicity                                         = 1

Geometry
========
 N       0.0000000       0.0000000      -0.2890945
 H      -0.4675891      -0.8098881       0.0963648
 H      -0.4675891       0.8098881       0.0963648
 H       0.9351782       0.0000000       0.0963648

Orthonormality violations 11328, Maximum Violation 0.000208
Trying to orthonormalize
No violations of the orthonormality
No violations of the orthonormality
 
PNOF8/ADABelief Calculation
==================
 
  Nitext  Nit_orb  Time   Nit_occ  Time         Eelec          Etot           Ediff      maxdiff    MaxGrad_orb  Grad_occ
     1      10    9.3e+00    0    1.2e+01   -68.36720931   -56.40078860 -10067.36720931   0.000123   4.9e-04   4.3e-05 0.03
 
RESULTS OF THE OCCUPATION OPTIMIZATION
========================================
   1    1.9997083  -15.54860622
   2    1.9883804  -1.06171268
   3    1.9719756  -0.61375607
   4    1.9719915  -0.61370538
   5    1.9719862  -0.61368634
   6    0.0280138  -0.02981436
   7    0.0280085  -0.02981178
   8    0.0280244  -0.02981773
   9    0.0116196  -0.01860152
  10    0.0002917  -0.00740726
 
----------------
 Final Energies 
----------------
Final NOF Total Energy =     -56.4007886
 
Total Orbital Internal Iterations = 10
Total Occupation Internal Iterations = 0
 
Elapsed time:   28.26 Seconds

---------------------------------
   Lowdin Population Analysis    
---------------------------------
 Idx  Atom   Population   Charge 
---------------------------------
  1     N     6.417       0.583
  2     H     1.194      -0.194
  3     H     1.194      -0.194
  4     H     1.194      -0.194

---------------------------------
   M Diagnostic: 0.03
---------------------------------

