Computing Integrals
Basis Set                                            = def2-qzvp
Auxiliary Basis Set                                  = def2-universal-jkfit
Gaussian Type                                        = Spherical
Elapsed time:    5.93 Seconds

Number of basis functions                   (NBF)    = 171
Number of auxiliary basis functions         (NBFAUX) = 231
Inactive Doubly occupied orbitals up to     (NO1)    = 0
No. considered Strongly Doubly occupied MOs (NDOC)   = 12
No. considered Strongly Singly occupied MOs (NSOC)   = 0
NO. of Weakly occ. per St. Doubly occ.  MOs (NCWO)   = 1
Dimension of the Nat. Orb. subspace         (NBF5)   = 24
No. of electrons                                     = 24
    No. of alpha electrons                           = 12
    No. of beta electrons                            = 12
Multiplicity                                         = 1

Geometry
========
 O       0.0000000       0.0000000       0.4412240
 O       0.0000000       1.0825250      -0.2206120
 O       0.0000000      -1.0825250      -0.2206120

Orthonormality violations 8389, Maximum Violation 0.000130
Trying to orthonormalize
No violations of the orthonormality
No violations of the orthonormality
 
PNOF8/ADABelief Calculation
==================
 
  Nitext  Nit_orb  Time   Nit_occ  Time         Eelec          Etot           Ediff      maxdiff    MaxGrad_orb  Grad_occ
     1      10    5.1e+01    0    2.3e+01  -293.96244284  -224.93555423 -10292.96244284   0.000162   6.5e-04   1.6e-04 0.05
 
RESULTS OF THE OCCUPATION OPTIMIZATION
========================================
   1    1.9998007  -20.86026103
   2    1.9998255  -20.74256025
   3    1.9998273  -20.72802145
   4    1.9934191  -1.63542121
   5    1.9911382  -1.30709191
   6    1.9898401  -1.22671387
   7    1.9876630  -0.80629714
   8    1.9618023  -0.78634552
   9    1.9618568  -0.78559122
  10    1.9856684  -0.75239560
  11    1.9830050  -0.64184381
  12    1.9489756  -0.51053746
  13    0.0510244  -0.08300665
  14    0.0169950  -0.02253771
  15    0.0143316  -0.02094508
  16    0.0381432  -0.06298978
  17    0.0381977  -0.06310223
  18    0.0123370  -0.01617250
  19    0.0101599  -0.02272256
  20    0.0088618  -0.02048647
  21    0.0065809  -0.01831135
  22    0.0001727  -0.00593477
  23    0.0001745  -0.00592631
  24    0.0001993  -0.00640158
 
----------------
 Final Energies 
----------------
Final NOF Total Energy =    -224.9355542
 
Total Orbital Internal Iterations = 10
Total Occupation Internal Iterations = 0
 
Elapsed time:   96.13 Seconds

---------------------------------
   Lowdin Population Analysis    
---------------------------------
 Idx  Atom   Population   Charge 
---------------------------------
  1     O     7.930       0.070
  2     O     8.033      -0.033
  3     O     8.036      -0.036

---------------------------------
   M Diagnostic: 0.05
---------------------------------

