Computing Integrals
Basis Set                                            = def2-qzvp
Auxiliary Basis Set                                  = def2-universal-jkfit
Gaussian Type                                        = Spherical
Elapsed time:    1.62 Seconds

Number of basis functions                   (NBF)    = 70
Number of auxiliary basis functions         (NBFAUX) = 128
Inactive Doubly occupied orbitals up to     (NO1)    = 0
No. considered Strongly Doubly occupied MOs (NDOC)   = 7
No. considered Strongly Singly occupied MOs (NSOC)   = 2
NO. of Weakly occ. per St. Doubly occ.  MOs (NCWO)   = 1
Dimension of the Nat. Orb. subspace         (NBF5)   = 16
No. of electrons                                     = 16
    No. of alpha electrons                           = 9
    No. of beta electrons                            = 7
Multiplicity                                         = 3

Geometry
========
 S       0.0000000       0.0000000       0.0000000

No violations of the orthonormality
No violations of the orthonormality
 
PNOF8/ADABelief Calculation
==================
 
  Nitext  Nit_orb  Time   Nit_occ  Time         Eelec          Etot           Ediff      maxdiff    MaxGrad_orb  Grad_occ
     1      10    9.1e+00    0    1.2e+01  -397.75012171  -397.75012171 -10396.75012171   0.000241   9.6e-04   7.6e-05 0.03
 
RESULTS OF THE OCCUPATION OPTIMIZATION
========================================
   1    1.9999669  -92.05544407
   2    1.9987857  -9.00935839
   3    1.9981296  -6.69277761
   4    1.9984869  -6.69166989
   5    1.9983467  -6.68903212
   6    1.9834004  -0.88917603
   7    1.9732293  -0.40847281
   8    1.0000000  -0.24952618
   9    1.0000000  -0.24852707
  10    0.0267707  -0.02097849
  11    0.0165996  -0.02487922
  12    0.0016533  -0.02202741
  13    0.0015131  -0.02084705
  14    0.0018704  -0.02516991
  15    0.0012143  -0.01971211
  16    0.0000331  -0.00561452
 
----------------
 Final Energies 
----------------
Final NOF Total Energy =    -397.7501217
 
Total Orbital Internal Iterations = 10
Total Occupation Internal Iterations = 0
 
Elapsed time:   27.05 Seconds

---------------------------------
   Lowdin Population Analysis    
---------------------------------
 Idx  Atom   Population   Charge 
---------------------------------
  1     S    16.000      -0.000

---------------------------------
   M Diagnostic: 0.03
---------------------------------

