Computing Integrals
Basis Set                                            = def2-qzvp
Auxiliary Basis Set                                  = def2-universal-jkfit
Gaussian Type                                        = Spherical
Elapsed time:   11.97 Seconds

Number of basis functions                   (NBF)    = 184
Number of auxiliary basis functions         (NBFAUX) = 282
Inactive Doubly occupied orbitals up to     (NO1)    = 0
No. considered Strongly Doubly occupied MOs (NDOC)   = 16
No. considered Strongly Singly occupied MOs (NSOC)   = 1
NO. of Weakly occ. per St. Doubly occ.  MOs (NCWO)   = 1
Dimension of the Nat. Orb. subspace         (NBF5)   = 33
No. of electrons                                     = 33
    No. of alpha electrons                           = 17
    No. of beta electrons                            = 16
Multiplicity                                         = 2

Geometry
========
Cl      -0.5609740      -0.9946370       0.0000000
 O       0.0000000       0.9587120       0.0000000
 O       1.1920690       1.1548920       0.0000000

No violations of the orthonormality
No violations of the orthonormality
 
PNOF8/ADABelief Calculation
==================
 
  Nitext  Nit_orb  Time   Nit_occ  Time         Eelec          Etot           Ediff      maxdiff    MaxGrad_orb  Grad_occ
     1      10    7.2e+01    0    2.6e+01  -699.16085530  -609.76928697 -10698.16085530   0.000536   2.1e-03   2.2e-04 0.05
 
RESULTS OF THE OCCUPATION OPTIMIZATION
========================================
   1    1.9999667  -104.91432075
   2    1.9996861  -20.77297550
   3    1.9997167  -20.77248163
   4    1.9992800  -10.59705950
   5    1.9986161  -8.07039042
   6    1.9990408  -8.06750269
   7    1.9986652  -8.06742320
   8    1.9932217  -1.62060240
   9    1.9882765  -1.19199246
  10    1.9907180  -0.96651538
  11    1.9867029  -0.86682596
  12    1.9615431  -0.84365233
  13    1.9783892  -0.65054833
  14    1.9797990  -0.54960481
  15    1.9795868  -0.54296001
  16    1.9534471  -0.49699684
  17    1.0000000  -0.31132630
  18    0.0465529  -0.07455002
  19    0.0204132  -0.02323096
  20    0.0202010  -0.02318759
  21    0.0216108  -0.02335869
  22    0.0384569  -0.06150115
  23    0.0132971  -0.02263268
  24    0.0092820  -0.02544020
  25    0.0117235  -0.02494801
  26    0.0067783  -0.02392983
  27    0.0013348  -0.01711074
  28    0.0009592  -0.01723796
  29    0.0013839  -0.01788483
  30    0.0007200  -0.01600728
  31    0.0002833  -0.00986277
  32    0.0003139  -0.01031574
  33    0.0000333  -0.00610866
 
----------------
 Final Energies 
----------------
Final NOF Total Energy =    -609.7692870
 
Total Orbital Internal Iterations = 10
Total Occupation Internal Iterations = 0
 
Elapsed time:  116.68 Seconds

---------------------------------
   Lowdin Population Analysis    
---------------------------------
 Idx  Atom   Population   Charge 
---------------------------------
  1    Cl    17.029      -0.029
  2     O     8.033      -0.033
  3     O     7.939       0.061

---------------------------------
   M Diagnostic: 0.05
---------------------------------

