Computing Integrals
Basis Set                                            = def2-qzvp
Auxiliary Basis Set                                  = def2-universal-jkfit
Gaussian Type                                        = Spherical
Elapsed time:    1.77 Seconds

Number of basis functions                   (NBF)    = 87
Number of auxiliary basis functions         (NBFAUX) = 95
Inactive Doubly occupied orbitals up to     (NO1)    = 0
No. considered Strongly Doubly occupied MOs (NDOC)   = 5
No. considered Strongly Singly occupied MOs (NSOC)   = 0
NO. of Weakly occ. per St. Doubly occ.  MOs (NCWO)   = 1
Dimension of the Nat. Orb. subspace         (NBF5)   = 10
No. of electrons                                     = 10
    No. of alpha electrons                           = 5
    No. of beta electrons                            = 5
Multiplicity                                         = 1

Geometry
========
 O       0.0000000       0.0000000      -0.4822198
 H       0.0000000       0.0000000       0.4822198

Orthonormality violations 145, Maximum Violation 0.000010
Trying to orthonormalize
No violations of the orthonormality
No violations of the orthonormality
 
PNOF8/ADABelief Calculation
==================
 
  Nitext  Nit_orb  Time   Nit_occ  Time         Eelec          Etot           Ediff      maxdiff    MaxGrad_orb  Grad_occ
     1      10    9.1e+00    0    1.2e+01   -79.99280006   -75.60329863 -10078.99280006   0.000124   4.9e-04   1.2e-04 0.03
 
RESULTS OF THE OCCUPATION OPTIMIZATION
========================================
   1    1.9998116  -20.20014001
   2    1.9886692  -0.88016920
   3    1.9673041  -0.31747016
   4    1.9735218  -0.13260056
   5    1.9735158  -0.13259926
   6    0.0264842  -0.02224271
   7    0.0264782  -0.02224194
   8    0.0326959  -0.03210456
   9    0.0113308  -0.02225235
  10    0.0001884  -0.00639295
 
----------------
 Final Energies 
----------------
Final NOF Total Energy =     -75.6032986
 
Total Orbital Internal Iterations = 10
Total Occupation Internal Iterations = 0
 
Elapsed time:   28.21 Seconds

---------------------------------
   Lowdin Population Analysis    
---------------------------------
 Idx  Atom   Population   Charge 
---------------------------------
  1     O     8.378      -0.378
  2     H     1.622      -0.622

---------------------------------
   M Diagnostic: 0.03
---------------------------------

