Computing Integrals
Basis Set                                            = def2-qzvp
Auxiliary Basis Set                                  = def2-universal-jkfit
Gaussian Type                                        = Spherical
Elapsed time:    8.74 Seconds

Number of basis functions                   (NBF)    = 475
Number of auxiliary basis functions         (NBFAUX) = 579
Inactive Doubly occupied orbitals up to     (NO1)    = 0
No. considered Strongly Doubly occupied MOs (NDOC)   = 27
No. considered Strongly Singly occupied MOs (NSOC)   = 0
NO. of Weakly occ. per St. Doubly occ.  MOs (NCWO)   = 1
Dimension of the Nat. Orb. subspace         (NBF5)   = 54
No. of electrons                                     = 54
    No. of alpha electrons                           = 27
    No. of beta electrons                            = 27
Multiplicity                                         = 1

Geometry
========
 C      -0.1499300      -1.0366670       0.0000000
 S       0.5689550       0.4243550       0.0000000
 F      -0.1499300       1.3095180       1.1445480
 F      -0.1499300       1.3095180      -1.1445480
 B      -1.6788000      -1.2010680       0.0000000
 H      -2.1250400      -2.3021090       0.0000000
 H      -2.3960060      -0.2526020       0.0000000
 B       0.9394340      -2.1060630       0.0000000
 H       0.6194520      -3.2503040       0.0000000
 H       2.0934610      -1.8003310       0.0000000

No violations of the orthonormality
No violations of the orthonormality
 
PNOF8/ADABelief Calculation
==================
 
  Nitext  Nit_orb  Time   Nit_occ  Time         Eelec          Etot           Ediff      maxdiff    MaxGrad_orb  Grad_occ
     1      10    1.2e+01    0    1.2e+01  -976.95687456  -687.04600308 -10975.95687456   0.000742   3.0e-03   2.8e-04 0.04
 
RESULTS OF THE OCCUPATION OPTIMIZATION
========================================
   1    1.9999687  -92.21766594
   2    1.9998409  -26.39553403
   3    1.9998429  -26.39546574
   4    1.9994627  -10.57459161
   5    1.9990554  -8.71574636
   6    1.9990158  -8.65991375
   7    1.9986959  -7.05222112
   8    1.9986505  -7.04260924
   9    1.9986884  -7.04258872
  10    1.9986402  -7.03249061
  11    1.9943025  -1.68666404
  12    1.9939496  -1.63974697
  13    1.9889709  -1.10120646
  14    1.9868799  -0.83223783
  15    1.9871258  -0.78191067
  16    1.9867668  -0.72938651
  17    1.9805177  -0.70115632
  18    1.9805387  -0.69739395
  19    1.9831605  -0.67716820
  20    1.9639894  -0.67177785
  21    1.9787964  -0.66047729
  22    1.9828765  -0.66041113
  23    1.9639864  -0.65266524
  24    1.9770483  -0.62170027
  25    1.9761209  -0.57525923
  26    1.9707693  -0.56116134
  27    1.9716984  -0.46743060
  28    0.0283016  -0.02162560
  29    0.0292307  -0.04126756
  30    0.0238791  -0.02685038
  31    0.0229517  -0.02643544
  32    0.0360136  -0.06005587
  33    0.0171235  -0.01951048
  34    0.0212036  -0.02926935
  35    0.0360106  -0.06068536
  36    0.0168395  -0.01994153
  37    0.0194613  -0.02670732
  38    0.0194823  -0.02666557
  39    0.0132332  -0.02683740
  40    0.0128742  -0.02683147
  41    0.0131201  -0.01988437
  42    0.0110291  -0.01991032
  43    0.0060504  -0.02065419
  44    0.0056975  -0.02128218
  45    0.0013598  -0.01554100
  46    0.0013116  -0.01509140
  47    0.0013495  -0.01570692
  48    0.0013041  -0.01550128
  49    0.0009842  -0.01362076
  50    0.0009446  -0.01373132
  51    0.0005373  -0.00920762
  52    0.0001571  -0.00697142
  53    0.0001591  -0.00715756
  54    0.0000313  -0.00515753
 
----------------
 Final Energies 
----------------
Final NOF Total Energy =    -687.0460031
 
Total Orbital Internal Iterations = 10
Total Occupation Internal Iterations = 0
 
Elapsed time:   30.93 Seconds

---------------------------------
   Lowdin Population Analysis    
---------------------------------
 Idx  Atom   Population   Charge 
---------------------------------
  1     C     6.262      -0.262
  2     S    15.519       0.481
  3     F     8.907       0.093
  4     F     8.907       0.093
  5     B     5.036      -0.036
  6     H     1.046      -0.046
  7     H     1.057      -0.057
  8     B     5.159      -0.159
  9     H     1.051      -0.051
 10     H     1.057      -0.057

---------------------------------
   M Diagnostic: 0.04
---------------------------------

