Computing Integrals
Basis Set                                            = def2-qzvp
Auxiliary Basis Set                                  = def2-universal-jkfit
Gaussian Type                                        = Spherical
Elapsed time:    2.87 Seconds

Number of basis functions                   (NBF)    = 184
Number of auxiliary basis functions         (NBFAUX) = 282
Inactive Doubly occupied orbitals up to     (NO1)    = 0
No. considered Strongly Doubly occupied MOs (NDOC)   = 17
No. considered Strongly Singly occupied MOs (NSOC)   = 0
NO. of Weakly occ. per St. Doubly occ.  MOs (NCWO)   = 1
Dimension of the Nat. Orb. subspace         (NBF5)   = 34
No. of electrons                                     = 34
    No. of alpha electrons                           = 17
    No. of beta electrons                            = 17
Multiplicity                                         = 1

Geometry
========
 S       0.0000000       0.0000000       0.5566340
 F       0.0000000       1.2128210      -0.4947860
 F       0.0000000      -1.2128210      -0.4947860

No violations of the orthonormality
No violations of the orthonormality
 
PNOF8/ADABelief Calculation
==================
 
  Nitext  Nit_orb  Time   Nit_occ  Time         Eelec          Etot           Ediff      maxdiff    MaxGrad_orb  Grad_occ
     1      10    9.6e+00    0    1.2e+01  -709.77700866  -597.15840187 -10708.77700866   0.000808   3.2e-03   1.6e-04 0.04
 
RESULTS OF THE OCCUPATION OPTIMIZATION
========================================
   1    1.9999608  -92.14138683
   2    1.9998440  -26.39135934
   3    1.9998417  -26.39107154
   4    1.9990015  -9.06432140
   5    1.9983878  -6.78456431
   6    1.9987046  -6.77094362
   7    1.9986327  -6.76929115
   8    1.9912500  -1.58098748
   9    1.9911886  -1.52369438
  10    1.9928547  -1.19343223
  11    1.9823741  -0.75175834
  12    1.9823219  -0.75138290
  13    1.9810071  -0.74946714
  14    1.9809768  -0.74857732
  15    1.9640456  -0.73195739
  16    1.9640552  -0.73083903
  17    1.9795666  -0.41583015
  18    0.0204334  -0.02138436
  19    0.0359448  -0.06168033
  20    0.0359544  -0.06171237
  21    0.0190232  -0.02768265
  22    0.0189929  -0.02764217
  23    0.0176781  -0.02577291
  24    0.0176259  -0.02570911
  25    0.0071453  -0.02834345
  26    0.0088114  -0.02584380
  27    0.0087500  -0.02604247
  28    0.0013673  -0.01821882
  29    0.0012954  -0.01832536
  30    0.0016122  -0.02009256
  31    0.0009985  -0.01551055
  32    0.0001583  -0.00715705
  33    0.0001560  -0.00651176
  34    0.0000392  -0.00620178
 
----------------
 Final Energies 
----------------
Final NOF Total Energy =    -597.1584019
 
Total Orbital Internal Iterations = 10
Total Occupation Internal Iterations = 0
 
Elapsed time:   27.68 Seconds

---------------------------------
   Lowdin Population Analysis    
---------------------------------
 Idx  Atom   Population   Charge 
---------------------------------
  1     S    16.046      -0.046
  2     F     8.977       0.023
  3     F     8.977       0.023

---------------------------------
   M Diagnostic: 0.04
---------------------------------

