Computing Integrals
Basis Set                                            = def2-qzvp
Auxiliary Basis Set                                  = def2-universal-jkfit
Gaussian Type                                        = Spherical
Elapsed time:    1.78 Seconds

Number of basis functions                   (NBF)    = 147
Number of auxiliary basis functions         (NBFAUX) = 131
Inactive Doubly occupied orbitals up to     (NO1)    = 0
No. considered Strongly Doubly occupied MOs (NDOC)   = 5
No. considered Strongly Singly occupied MOs (NSOC)   = 0
NO. of Weakly occ. per St. Doubly occ.  MOs (NCWO)   = 1
Dimension of the Nat. Orb. subspace         (NBF5)   = 10
No. of electrons                                     = 10
    No. of alpha electrons                           = 5
    No. of beta electrons                            = 5
Multiplicity                                         = 1

Geometry
========
 N      -1.0714682      -0.0091258       1.5027946
 H      -0.6175728      -0.9169838       1.4741486
 H      -0.6009001       0.4868762       2.2535558
 H      -0.7630722       0.4831850       0.6081727

Orthonormality violations 16410, Maximum Violation 0.000190
Trying to orthonormalize
No violations of the orthonormality
No violations of the orthonormality
 
PNOF8/ADABelief Calculation
==================
 
  Nitext  Nit_orb  Time   Nit_occ  Time         Eelec          Etot           Ediff      maxdiff    MaxGrad_orb  Grad_occ
     1      10    9.1e+00    0    1.2e+01   -68.13082735   -56.39241479 -10067.13082735   0.000185   7.4e-04   8.2e-05 0.03
 
RESULTS OF THE OCCUPATION OPTIMIZATION
========================================
   1    1.9997292  -15.55702155
   2    1.9899113  -0.97555475
   3    1.9733531  -0.63746770
   4    1.9733292  -0.63745174
   5    1.9709965  -0.61944532
   6    0.0290035  -0.03137845
   7    0.0266708  -0.02988980
   8    0.0266469  -0.02988323
   9    0.0100887  -0.01806978
  10    0.0002708  -0.00712365
 
----------------
 Final Energies 
----------------
Final NOF Total Energy =     -56.3924148
 
Total Orbital Internal Iterations = 10
Total Occupation Internal Iterations = 0
 
Elapsed time:   28.21 Seconds

---------------------------------
   Lowdin Population Analysis    
---------------------------------
 Idx  Atom   Population   Charge 
---------------------------------
  1     N     6.467       0.533
  2     H     1.199      -0.199
  3     H     1.199      -0.199
  4     H     1.134      -0.134

---------------------------------
   M Diagnostic: 0.03
---------------------------------

