Computing Integrals
Basis Set                                            = def2-qzvp
Auxiliary Basis Set                                  = def2-universal-jkfit
Gaussian Type                                        = Spherical
Elapsed time:    1.54 Seconds

Number of basis functions                   (NBF)    = 57
Number of auxiliary basis functions         (NBFAUX) = 77
Inactive Doubly occupied orbitals up to     (NO1)    = 0
No. considered Strongly Doubly occupied MOs (NDOC)   = 5
No. considered Strongly Singly occupied MOs (NSOC)   = 0
NO. of Weakly occ. per St. Doubly occ.  MOs (NCWO)   = 1
Dimension of the Nat. Orb. subspace         (NBF5)   = 10
No. of electrons                                     = 10
    No. of alpha electrons                           = 5
    No. of beta electrons                            = 5
Multiplicity                                         = 1

Geometry
========
 F      -0.2051159       1.1919457      -0.6962901

No violations of the orthonormality
No violations of the orthonormality
 
PNOF8/ADABelief Calculation
==================
 
  Nitext  Nit_orb  Time   Nit_occ  Time         Eelec          Etot           Ediff      maxdiff    MaxGrad_orb  Grad_occ
     1      10    9.0e+00    0    1.2e+01   -99.63211296   -99.63211296 -10098.63211296   0.000235   9.4e-04   7.1e-05 0.02
 
RESULTS OF THE OCCUPATION OPTIMIZATION
========================================
   1    1.9998733  -25.87380163
   2    1.9916459  -1.10064602
   3    1.9803125  -0.21221926
   4    1.9803102  -0.21221884
   5    1.9803097  -0.21221272
   6    0.0196903  -0.02337616
   7    0.0196898  -0.02337572
   8    0.0196875  -0.02337312
   9    0.0083541  -0.02539050
  10    0.0001267  -0.00577383
 
----------------
 Final Energies 
----------------
Final NOF Total Energy =     -99.6321130
 
Total Orbital Internal Iterations = 10
Total Occupation Internal Iterations = 0
 
Elapsed time:   26.80 Seconds

---------------------------------
   Lowdin Population Analysis    
---------------------------------
 Idx  Atom   Population   Charge 
---------------------------------
  1     F    10.000      -1.000

---------------------------------
   M Diagnostic: 0.02
---------------------------------

