Computing Integrals
Basis Set                                            = def2-qzvp
Auxiliary Basis Set                                  = def2-universal-jkfit
Gaussian Type                                        = Spherical
Elapsed time:    1.63 Seconds

Number of basis functions                   (NBF)    = 56
Number of auxiliary basis functions         (NBFAUX) = 160
Inactive Doubly occupied orbitals up to     (NO1)    = 0
No. considered Strongly Doubly occupied MOs (NDOC)   = 9
No. considered Strongly Singly occupied MOs (NSOC)   = 1
NO. of Weakly occ. per St. Doubly occ.  MOs (NCWO)   = 1
Dimension of the Nat. Orb. subspace         (NBF5)   = 19
No. of electrons                                     = 19
    No. of alpha electrons                           = 10
    No. of beta electrons                            = 9
Multiplicity                                         = 2

Geometry
========
 K       0.0000000       0.0000000       0.0000000

No violations of the orthonormality
No violations of the orthonormality
 
PNOF8/ADABelief Calculation
==================
 
  Nitext  Nit_orb  Time   Nit_occ  Time         Eelec          Etot           Ediff      maxdiff    MaxGrad_orb  Grad_occ
     1      10    9.0e+00    0    1.2e+01  -599.39385737  -599.39385737 -10598.39385737   0.000235   9.4e-04   2.0e-04 0.02
 
RESULTS OF THE OCCUPATION OPTIMIZATION
========================================
   1    1.9999980  -133.42494859
   2    1.9999737  -14.62338268
   3    1.9996651  -11.51498500
   4    1.9994975  -11.51367676
   5    1.9994769  -11.51358280
   6    1.9925828  -1.76365549
   7    1.9795703  -0.97014207
   8    1.9792111  -0.96635505
   9    1.9791260  -0.96603296
  10    1.0000000  -0.07426939
  11    0.0208740  -0.03114778
  12    0.0207889  -0.03109506
  13    0.0204297  -0.03089965
  14    0.0074172  -0.03508553
  15    0.0005231  -0.00788214
  16    0.0005025  -0.00764285
  17    0.0003349  -0.01001798
  18    0.0000263  -0.00342752
  19    0.0000020  -0.00032501
 
----------------
 Final Energies 
----------------
Final NOF Total Energy =    -599.3938574
 
Total Orbital Internal Iterations = 10
Total Occupation Internal Iterations = 0
 
Elapsed time:   26.81 Seconds

---------------------------------
   Lowdin Population Analysis    
---------------------------------
 Idx  Atom   Population   Charge 
---------------------------------
  1     K    19.000      -0.000

---------------------------------
   M Diagnostic: 0.02
---------------------------------

