Computing Integrals
Basis Set                                            = def2-qzvp
Auxiliary Basis Set                                  = def2-universal-jkfit
Gaussian Type                                        = Spherical
Elapsed time:    2.06 Seconds

Number of basis functions                   (NBF)    = 113
Number of auxiliary basis functions         (NBFAUX) = 237
Inactive Doubly occupied orbitals up to     (NO1)    = 0
No. considered Strongly Doubly occupied MOs (NDOC)   = 14
No. considered Strongly Singly occupied MOs (NSOC)   = 0
NO. of Weakly occ. per St. Doubly occ.  MOs (NCWO)   = 1
Dimension of the Nat. Orb. subspace         (NBF5)   = 28
No. of electrons                                     = 28
    No. of alpha electrons                           = 14
    No. of beta electrons                            = 14
Multiplicity                                         = 1

Geometry
========
 K       0.0000000       0.0000000      -1.0888710
 F       0.0000000       0.0000000       1.0888710

Orthonormality violations 97, Maximum Violation 0.000004
Trying to orthonormalize
No violations of the orthonormality
No violations of the orthonormality
 
PNOF8/ADABelief Calculation
==================
 
  Nitext  Nit_orb  Time   Nit_occ  Time         Eelec          Etot           Ediff      maxdiff    MaxGrad_orb  Grad_occ
     1      10    9.4e+00    0    1.2e+01  -740.67198896  -699.12018095 -10739.67198896   0.000194   7.7e-04   1.5e-04 0.02
 
RESULTS OF THE OCCUPATION OPTIMIZATION
========================================
   1    1.9999897  -133.50116534
   2    1.9998671  -26.11724353
   3    1.9997947  -14.44660184
   4    1.9997275  -11.46559847
   5    1.9995321  -11.46428640
   6    1.9994207  -11.46420778
   7    1.9918330  -1.71913487
   8    1.9917230  -1.31841850
   9    1.9802549  -0.93109196
  10    1.9794467  -0.92395987
  11    1.9794484  -0.92386991
  12    1.9778193  -0.48282295
  13    1.9778381  -0.47916484
  14    1.9786279  -0.45491840
  15    0.0213721  -0.02929966
  16    0.0221619  -0.03190232
  17    0.0221807  -0.03220099
  18    0.0205516  -0.03070543
  19    0.0205533  -0.03070614
  20    0.0197451  -0.03001102
  21    0.0082770  -0.02560188
  22    0.0081670  -0.03465375
  23    0.0005793  -0.01209799
  24    0.0004679  -0.00671500
  25    0.0002725  -0.00704736
  26    0.0002053  -0.00504744
  27    0.0001329  -0.00600146
  28    0.0000103  -0.00280796
 
----------------
 Final Energies 
----------------
Final NOF Total Energy =    -699.1201809
 
Total Orbital Internal Iterations = 10
Total Occupation Internal Iterations = 0
 
Elapsed time:   28.59 Seconds

---------------------------------
   Lowdin Population Analysis    
---------------------------------
 Idx  Atom   Population   Charge 
---------------------------------
  1     K    18.461       0.539
  2     F     9.539      -0.539

---------------------------------
   M Diagnostic: 0.02
---------------------------------

