Computing Integrals
Basis Set                                            = def2-qzvp
Auxiliary Basis Set                                  = def2-universal-jkfit
Gaussian Type                                        = Spherical
Elapsed time:    1.70 Seconds

Number of basis functions                   (NBF)    = 87
Number of auxiliary basis functions         (NBFAUX) = 95
Inactive Doubly occupied orbitals up to     (NO1)    = 0
No. considered Strongly Doubly occupied MOs (NDOC)   = 5
No. considered Strongly Singly occupied MOs (NSOC)   = 0
NO. of Weakly occ. per St. Doubly occ.  MOs (NCWO)   = 1
Dimension of the Nat. Orb. subspace         (NBF5)   = 10
No. of electrons                                     = 10
    No. of alpha electrons                           = 5
    No. of beta electrons                            = 5
Multiplicity                                         = 1

Geometry
========
 F       0.0000000       0.0000000       0.4576912
 H       0.0000000       0.0000000      -0.4576912

Orthonormality violations 1404, Maximum Violation 0.000049
Trying to orthonormalize
No violations of the orthonormality
No violations of the orthonormality
 
PNOF8/ADABelief Calculation
==================
 
  Nitext  Nit_orb  Time   Nit_occ  Time         Eelec          Etot           Ediff      maxdiff    MaxGrad_orb  Grad_occ
     1      10    9.0e+00    0    1.2e+01  -105.45455506  -100.25171861 -10104.45455506   0.000120   4.8e-04   1.7e-04 0.03
 
RESULTS OF THE OCCUPATION OPTIMIZATION
========================================
   1    1.9998740  -26.34295306
   2    1.9930346  -1.57240476
   3    1.9729688  -0.85606659
   4    1.9850245  -0.68294985
   5    1.9850237  -0.68289149
   6    0.0149763  -0.02394393
   7    0.0149755  -0.02394440
   8    0.0270312  -0.04101714
   9    0.0069654  -0.02413027
  10    0.0001260  -0.00574915
 
----------------
 Final Energies 
----------------
Final NOF Total Energy =    -100.2517186
 
Total Orbital Internal Iterations = 10
Total Occupation Internal Iterations = 0
 
Elapsed time:   27.94 Seconds

---------------------------------
   Lowdin Population Analysis    
---------------------------------
 Idx  Atom   Population   Charge 
---------------------------------
  1     F     8.502       0.498
  2     H     1.498      -0.498

---------------------------------
   M Diagnostic: 0.03
---------------------------------

