Computing Integrals
Basis Set                                            = def2-qzvp
Auxiliary Basis Set                                  = def2-universal-jkfit
Gaussian Type                                        = Spherical
Elapsed time:    1.87 Seconds

Number of basis functions                   (NBF)    = 117
Number of auxiliary basis functions         (NBFAUX) = 113
Inactive Doubly occupied orbitals up to     (NO1)    = 0
No. considered Strongly Doubly occupied MOs (NDOC)   = 4
No. considered Strongly Singly occupied MOs (NSOC)   = 1
NO. of Weakly occ. per St. Doubly occ.  MOs (NCWO)   = 1
Dimension of the Nat. Orb. subspace         (NBF5)   = 9
No. of electrons                                     = 9
    No. of alpha electrons                           = 5
    No. of beta electrons                            = 4
Multiplicity                                         = 2

Geometry
========
 N       0.0000000       0.0000000       0.4242463
 H      -0.8023121       0.0000000      -0.2121232
 H       0.8023121       0.0000000      -0.2121232

Orthonormality violations 3725, Maximum Violation 0.000030
Trying to orthonormalize
No violations of the orthonormality
No violations of the orthonormality
 
PNOF8/ADABelief Calculation
==================
 
  Nitext  Nit_orb  Time   Nit_occ  Time         Eelec          Etot           Ediff      maxdiff    MaxGrad_orb  Grad_occ
     1      10    9.2e+00    0    1.2e+01   -63.28712122   -55.72283657 -10062.28712122   0.000157   6.3e-04   1.2e-04 0.03
 
RESULTS OF THE OCCUPATION OPTIMIZATION
========================================
   1    1.9997550  -15.59158195
   2    1.9886657  -0.94634355
   3    1.9703346  -0.66207243
   4    1.9703266  -0.66184752
   5    1.0000000  -0.26120476
   6    0.0296734  -0.03177001
   7    0.0296654  -0.03177908
   8    0.0113343  -0.01911343
   9    0.0002450  -0.00661584
 
----------------
 Final Energies 
----------------
Final NOF Total Energy =     -55.7228366
 
Total Orbital Internal Iterations = 10
Total Occupation Internal Iterations = 0
 
Elapsed time:   28.28 Seconds

---------------------------------
   Lowdin Population Analysis    
---------------------------------
 Idx  Atom   Population   Charge 
---------------------------------
  1     N     6.503       0.497
  2     H     1.249      -0.249
  3     H     1.248      -0.248

---------------------------------
   M Diagnostic: 0.03
---------------------------------

