Computing Integrals
Basis Set                                            = def2-qzvp
Auxiliary Basis Set                                  = def2-universal-jkfit
Gaussian Type                                        = Spherical
Elapsed time:    1.85 Seconds

Number of basis functions                   (NBF)    = 117
Number of auxiliary basis functions         (NBFAUX) = 113
Inactive Doubly occupied orbitals up to     (NO1)    = 0
No. considered Strongly Doubly occupied MOs (NDOC)   = 5
No. considered Strongly Singly occupied MOs (NSOC)   = 1
NO. of Weakly occ. per St. Doubly occ.  MOs (NCWO)   = 1
Dimension of the Nat. Orb. subspace         (NBF5)   = 11
No. of electrons                                     = 11
    No. of alpha electrons                           = 6
    No. of beta electrons                            = 5
Multiplicity                                         = 2

Geometry
========
 H       0.1465678      -0.2472646       0.0000000
 F       0.0000000       1.2115485       0.0000000
 H      -0.1465678      -0.9642839       0.0000000

Orthonormality violations 4367, Maximum Violation 0.000208
Trying to orthonormalize
No violations of the orthonormality
No violations of the orthonormality
 
PNOF8/ADABelief Calculation
==================
 
  Nitext  Nit_orb  Time   Nit_occ  Time         Eelec          Etot           Ediff      maxdiff    MaxGrad_orb  Grad_occ
     1      10    9.2e+00    0    1.2e+01  -106.79467745  -100.67928745 -10105.79467745   0.000156   6.2e-04   9.2e-05 0.03
 
RESULTS OF THE OCCUPATION OPTIMIZATION
========================================
   1    1.9998586  -26.42293269
   2    1.9906081  -1.34819882
   3    1.9864820  -0.85871481
   4    1.9864472  -0.85619915
   5    1.9731631  -0.64470513
   6    1.0000000  -0.39698795
   7    0.0268369  -0.02322682
   8    0.0135528  -0.02440103
   9    0.0135180  -0.02441133
  10    0.0093919  -0.02302866
  11    0.0001414  -0.00635389
 
----------------
 Final Energies 
----------------
Final NOF Total Energy =    -100.6792875
 
Total Orbital Internal Iterations = 10
Total Occupation Internal Iterations = 0
 
Elapsed time:   28.25 Seconds

---------------------------------
   Lowdin Population Analysis    
---------------------------------
 Idx  Atom   Population   Charge 
---------------------------------
  1     H     1.150      -0.150
  2     F     8.897       0.103
  3     H     0.954       0.046

---------------------------------
   M Diagnostic: 0.03
---------------------------------

