Computing Integrals
Basis Set                                            = def2-qzvp
Auxiliary Basis Set                                  = def2-universal-jkfit
Gaussian Type                                        = Spherical
Elapsed time:   12.32 Seconds

Number of basis functions                   (NBF)    = 642
Number of auxiliary basis functions         (NBFAUX) = 634
Inactive Doubly occupied orbitals up to     (NO1)    = 0
No. considered Strongly Doubly occupied MOs (NDOC)   = 25
No. considered Strongly Singly occupied MOs (NSOC)   = 0
NO. of Weakly occ. per St. Doubly occ.  MOs (NCWO)   = 1
Dimension of the Nat. Orb. subspace         (NBF5)   = 50
No. of electrons                                     = 50
    No. of alpha electrons                           = 25
    No. of beta electrons                            = 25
Multiplicity                                         = 1

Geometry
========
 C      -1.4389280      -0.1098150       0.5320710
 H      -2.4723350       0.0745730       0.8248840
 O      -1.4725270      -1.0835520      -0.5024510
 C      -0.7982190       1.2040860       0.0870420
 H      -1.4570380       1.6941530      -0.6322070
 H      -0.7309590       1.8612060       0.9598960
 C       0.5916280       1.0561430      -0.5438030
 H       1.0126080       2.0524650      -0.6999240
 H       0.5035310       0.5962270      -1.5304770
 H      -0.5860970      -1.4623720      -0.5039450
 H      -0.9167790      -0.5057240       1.4080120
 C       1.5807110       0.2380840       0.2816880
 H       2.6061380       0.4720480      -0.0111360
 H       1.4811300       0.4692730       1.3425220
 O       1.3607170      -1.1796070       0.1661890
 H       1.8431270      -1.4775620      -0.6095270

Orthonormality violations 224270, Maximum Violation 0.000132
Trying to orthonormalize
No violations of the orthonormality
No violations of the orthonormality
 
PNOF8/ADABelief Calculation
==================
 
  Nitext  Nit_orb  Time   Nit_occ  Time         Eelec          Etot           Ediff      maxdiff    MaxGrad_orb  Grad_occ
     1      10    1.4e+01    0    1.2e+01  -572.45136312  -308.03288369 -10571.45136312   0.000068   2.7e-04   1.7e-04 0.03
 
RESULTS OF THE OCCUPATION OPTIMIZATION
========================================
   1    1.9998073  -20.60072826
   2    1.9998133  -20.56315712
   3    1.9995574  -11.27331322
   4    1.9995573  -11.25012495
   5    1.9995857  -11.21917066
   6    1.9995744  -11.21189479
   7    1.9919047  -1.25298339
   8    1.9919139  -1.23166453
   9    1.9726437  -0.74218270
  10    1.9769235  -0.71217774
  11    1.9672569  -0.70876077
  12    1.9722496  -0.70396335
  13    1.9767107  -0.70140865
  14    1.9769642  -0.68964365
  15    1.9766767  -0.68582976
  16    1.9768765  -0.68439867
  17    1.9768499  -0.68267839
  18    1.9673999  -0.68267202
  19    1.9765963  -0.67703728
  20    1.9767413  -0.67486244
  21    1.9723321  -0.67184471
  22    1.9722879  -0.65781665
  23    1.9722522  -0.65762813
  24    1.9840471  -0.58544724
  25    1.9828006  -0.53205807
  26    0.0171994  -0.02233928
  27    0.0159529  -0.02195722
  28    0.0277478  -0.03509876
  29    0.0277121  -0.03544896
  30    0.0276679  -0.03557593
  31    0.0232587  -0.02573938
  32    0.0234037  -0.02625856
  33    0.0326001  -0.04655452
  34    0.0231501  -0.02557414
  35    0.0231235  -0.02577061
  36    0.0233233  -0.02610283
  37    0.0230358  -0.02559878
  38    0.0232893  -0.02634296
  39    0.0277504  -0.03683676
  40    0.0327431  -0.04704087
  41    0.0230765  -0.02619840
  42    0.0273563  -0.03583812
  43    0.0080861  -0.02074042
  44    0.0080953  -0.02052708
  45    0.0004256  -0.00796757
  46    0.0004143  -0.00787489
  47    0.0004427  -0.00820607
  48    0.0004426  -0.00821877
  49    0.0001867  -0.00647838
  50    0.0001927  -0.00664394
 
----------------
 Final Energies 
----------------
Final NOF Total Energy =    -308.0328837
 
Total Orbital Internal Iterations = 10
Total Occupation Internal Iterations = 0
 
Elapsed time:   36.51 Seconds

---------------------------------
   Lowdin Population Analysis    
---------------------------------
 Idx  Atom   Population   Charge 
---------------------------------
  1     C     6.112      -0.112
  2     H     1.062      -0.062
  3     O     7.423       0.577
  4     C     5.918       0.082
  5     H     1.048      -0.048
  6     H     1.046      -0.046
  7     C     5.919       0.081
  8     H     1.046      -0.046
  9     H     1.048      -0.048
 10     H     1.368      -0.368
 11     H     1.062      -0.062
 12     C     6.085      -0.085
 13     H     1.064      -0.064
 14     H     1.056      -0.056
 15     O     7.401       0.599
 16     H     1.341      -0.341

---------------------------------
   M Diagnostic: 0.03
---------------------------------

