Computing Integrals
Basis Set                                            = def2-qzvp
Auxiliary Basis Set                                  = def2-universal-jkfit
Gaussian Type                                        = Spherical
Elapsed time:    1.70 Seconds

Number of basis functions                   (NBF)    = 177
Number of auxiliary basis functions         (NBFAUX) = 147
Inactive Doubly occupied orbitals up to     (NO1)    = 0
No. considered Strongly Doubly occupied MOs (NDOC)   = 5
No. considered Strongly Singly occupied MOs (NSOC)   = 0
NO. of Weakly occ. per St. Doubly occ.  MOs (NCWO)   = 1
Dimension of the Nat. Orb. subspace         (NBF5)   = 10
No. of electrons                                     = 10
    No. of alpha electrons                           = 5
    No. of beta electrons                            = 5
Multiplicity                                         = 1

Geometry
========
 C       0.0000000       0.0000000       0.0000000
 H       0.6285100      -0.6285100       0.6285100
 H      -0.6285100       0.6285100       0.6285100
 H      -0.6285100      -0.6285100      -0.6285100
 H       0.6285100       0.6285100      -0.6285100

Orthonormality violations 26, Maximum Violation 0.000002
Trying to orthonormalize
No violations of the orthonormality
No violations of the orthonormality
 
PNOF8/ADABelief Calculation
==================
 
  Nitext  Nit_orb  Time   Nit_occ  Time         Eelec          Etot           Ediff      maxdiff    MaxGrad_orb  Grad_occ
     1      10    9.5e+00    0    1.2e+01   -53.81867239   -40.36617027 -10052.81867239   0.000202   8.1e-04   1.2e-04 0.02
 
RESULTS OF THE OCCUPATION OPTIMIZATION
========================================
   1    1.9996281  -11.20281362
   2    1.9765168  -0.65406180
   3    1.9764989  -0.65387870
   4    1.9764947  -0.65384042
   5    1.9764684  -0.65357481
   6    0.0235316  -0.02506723
   7    0.0235053  -0.02505928
   8    0.0235011  -0.02505787
   9    0.0234832  -0.02505219
  10    0.0003719  -0.00722706
 
----------------
 Final Energies 
----------------
Final NOF Total Energy =     -40.3661703
 
Total Orbital Internal Iterations = 10
Total Occupation Internal Iterations = 0
 
Elapsed time:   28.59 Seconds

---------------------------------
   Lowdin Population Analysis    
---------------------------------
 Idx  Atom   Population   Charge 
---------------------------------
  1     C     5.696       0.304
  2     H     1.076      -0.076
  3     H     1.076      -0.076
  4     H     1.076      -0.076
  5     H     1.076      -0.076

---------------------------------
   M Diagnostic: 0.02
---------------------------------

