Computing Integrals
Basis Set                                            = def2-qzvp
Auxiliary Basis Set                                  = def2-universal-jkfit
Gaussian Type                                        = Spherical
Elapsed time:    1.67 Seconds

Number of basis functions                   (NBF)    = 100
Number of auxiliary basis functions         (NBFAUX) = 146
Inactive Doubly occupied orbitals up to     (NO1)    = 0
No. considered Strongly Doubly occupied MOs (NDOC)   = 9
No. considered Strongly Singly occupied MOs (NSOC)   = 0
NO. of Weakly occ. per St. Doubly occ.  MOs (NCWO)   = 1
Dimension of the Nat. Orb. subspace         (NBF5)   = 18
No. of electrons                                     = 18
    No. of alpha electrons                           = 9
    No. of beta electrons                            = 9
Multiplicity                                         = 1

Geometry
========
Cl       0.0000000       0.0000000      -0.6414757
 H       0.0000000       0.0000000       0.6414757

Orthonormality violations 3879, Maximum Violation 0.000097
Trying to orthonormalize
No violations of the orthonormality
No violations of the orthonormality
 
PNOF8/ADABelief Calculation
==================
 
  Nitext  Nit_orb  Time   Nit_occ  Time         Eelec          Etot           Ediff      maxdiff    MaxGrad_orb  Grad_occ
     1      10    9.3e+00    0    1.2e+01  -467.43973038  -460.42777842 -10466.43973038   0.000221   8.8e-04   1.7e-04 0.03
 
RESULTS OF THE OCCUPATION OPTIMIZATION
========================================
   1    1.9999674  -104.88934818
   2    1.9994033  -10.57872946
   3    1.9986897  -8.05623967
   4    1.9989968  -8.04982059
   5    1.9989942  -8.04699337
   6    1.9928247  -1.11590983
   7    1.9709798  -0.63437531
   8    1.9809185  -0.48985095
   9    1.9810259  -0.48568531
  10    0.0189741  -0.02357148
  11    0.0190815  -0.02370164
  12    0.0290202  -0.04008713
  13    0.0071753  -0.02963514
  14    0.0010058  -0.01889887
  15    0.0010032  -0.01882666
  16    0.0013103  -0.01911450
  17    0.0005967  -0.01481259
  18    0.0000326  -0.00621190
 
----------------
 Final Energies 
----------------
Final NOF Total Energy =    -460.4277784
 
Total Orbital Internal Iterations = 10
Total Occupation Internal Iterations = 0
 
Elapsed time:   28.22 Seconds

---------------------------------
   Lowdin Population Analysis    
---------------------------------
 Idx  Atom   Population   Charge 
---------------------------------
  1    Cl    16.628       0.372
  2     H     1.372      -0.372

---------------------------------
   M Diagnostic: 0.03
---------------------------------

