Computing Integrals
Basis Set                                            = def2-qzvp
Auxiliary Basis Set                                  = def2-universal-jkfit
Gaussian Type                                        = Spherical
Elapsed time:    2.78 Seconds

Number of basis functions                   (NBF)    = 172
Number of auxiliary basis functions         (NBFAUX) = 305
Inactive Doubly occupied orbitals up to     (NO1)    = 0
No. considered Strongly Doubly occupied MOs (NDOC)   = 43
No. considered Strongly Singly occupied MOs (NSOC)   = 0
NO. of Weakly occ. per St. Doubly occ.  MOs (NCWO)   = 1
Dimension of the Nat. Orb. subspace         (NBF5)   = 86
No. of electrons                                     = 86
    No. of alpha electrons                           = 43
    No. of beta electrons                            = 43
Multiplicity                                         = 1

Geometry
========
Bi       0.0000000       0.7652138       0.0000000
 H       1.4364560      -0.2550713       0.0000000
 H      -0.7182280      -0.2550713       1.2440070
 H      -0.7182280      -0.2550713      -1.2440070

No violations of the orthonormality
No violations of the orthonormality
 
PNOF8/ADABelief Calculation
==================
 
  Nitext  Nit_orb  Time   Nit_occ  Time         Eelec          Etot           Ediff      maxdiff    MaxGrad_orb  Grad_occ
     1      10    1.0e+01    0    1.2e+01 -4547.46037634 -4472.03779052 -14546.46037634   0.000361   1.4e-03   2.2e-04 0.03
 
RESULTS OF THE OCCUPATION OPTIMIZATION
========================================
   1    2.0000000  -236.84442811
   2    2.0000000  -112.82140211
   3    2.0000000  -112.81474129
   4    2.0000000  -112.81471138
   5    1.9999999  -60.49110682
   6    1.9999974  -27.62818266
   7    1.9999959  -27.62625515
   8    1.9999945  -27.61423955
   9    1.9999899  -23.86113616
  10    1.9999912  -23.84176980
  11    1.9999885  -23.81597311
  12    1.9999868  -23.75898234
  13    1.9999880  -23.74717528
  14    1.9999856  -23.72705989
  15    1.9999833  -23.42965836
  16    1.9999823  -23.27365451
  17    1.9999821  -23.24976001
  18    1.9999798  -22.57282911
  19    1.9999783  -22.55893973
  20    1.9999674  -22.52696020
  21    1.9999657  -20.58188448
  22    1.9993416  -5.35121225
  23    1.9993114  -5.34983096
  24    1.9993451  -5.34897638
  25    1.9991236  -4.97780880
  26    1.9981696  -3.23123464
  27    1.9979605  -3.22996490
  28    1.9980931  -3.21679852
  29    1.9979789  -3.21210270
  30    1.9979351  -3.20828578
  31    1.9979509  -3.20739536
  32    1.9979479  -3.20681502
  33    1.9968743  -2.61424326
  34    1.9968248  -2.60942927
  35    1.9960853  -2.43507693
  36    1.9962547  -2.43060491
  37    1.9963866  -2.43044736
  38    1.9841330  -0.77059400
  39    1.9840469  -0.75483754
  40    1.9839569  -0.74463777
  41    1.9820258  -0.57425849
  42    1.9661276  -0.30572743
  43    1.9720091  -0.29868501
  44    0.0279909  -0.02219186
  45    0.0338724  -0.03075691
  46    0.0179742  -0.01809929
  47    0.0160431  -0.01808574
  48    0.0159531  -0.01803098
  49    0.0158670  -0.01782348
  50    0.0036134  -0.01003159
  51    0.0037453  -0.01035027
  52    0.0039147  -0.01098142
  53    0.0031752  -0.00923521
  54    0.0031257  -0.00922868
  55    0.0020521  -0.00754801
  56    0.0020491  -0.00753027
  57    0.0020649  -0.00759962
  58    0.0020211  -0.00756203
  59    0.0019069  -0.00698088
  60    0.0020395  -0.00752148
  61    0.0018304  -0.00662622
  62    0.0008764  -0.00469181
  63    0.0006549  -0.00377281
  64    0.0006886  -0.00392024
  65    0.0006584  -0.00387342
  66    0.0000343  -0.00073134
  67    0.0000326  -0.00071985
  68    0.0000217  -0.00051152
  69    0.0000202  -0.00048893
  70    0.0000179  -0.00044589
  71    0.0000177  -0.00044154
  72    0.0000167  -0.00042383
  73    0.0000144  -0.00036302
  74    0.0000120  -0.00030982
  75    0.0000132  -0.00034567
  76    0.0000115  -0.00028928
  77    0.0000088  -0.00023772
  78    0.0000101  -0.00026809
  79    0.0000055  -0.00016145
  80    0.0000041  -0.00013947
  81    0.0000026  -0.00009164
  82    0.0000001  -0.00002256
  83    0.0000000  -0.00001135
  84    0.0000000  -0.00000910
  85    0.0000000  -0.00001123
  86    0.0000000  -0.00000542
 
----------------
 Final Energies 
----------------
Final NOF Total Energy =   -4472.0377905
 
Total Orbital Internal Iterations = 10
Total Occupation Internal Iterations = 0
 
Elapsed time:   28.93 Seconds

---------------------------------
   Lowdin Population Analysis    
---------------------------------
 Idx  Atom   Population   Charge 
---------------------------------
  1    Bi    80.908       2.092
  2     H     1.697      -0.697
  3     H     1.699      -0.699
  4     H     1.696      -0.696

---------------------------------
   M Diagnostic: 0.03
---------------------------------

