Computing Integrals
Basis Set                                            = def2-qzvp
Auxiliary Basis Set                                  = def2-universal-jkfit
Gaussian Type                                        = Spherical
Elapsed time:    2.16 Seconds

Number of basis functions                   (NBF)    = 140
Number of auxiliary basis functions         (NBFAUX) = 256
Inactive Doubly occupied orbitals up to     (NO1)    = 0
No. considered Strongly Doubly occupied MOs (NDOC)   = 15
No. considered Strongly Singly occupied MOs (NSOC)   = 0
NO. of Weakly occ. per St. Doubly occ.  MOs (NCWO)   = 1
Dimension of the Nat. Orb. subspace         (NBF5)   = 30
No. of electrons                                     = 30
    No. of alpha electrons                           = 15
    No. of beta electrons                            = 15
Multiplicity                                         = 1

Geometry
========
 P       0.0000000       0.0000000      -0.9491313
 P       0.0000000       0.0000000       0.9491313

Orthonormality violations 1895, Maximum Violation 0.000040
Trying to orthonormalize
No violations of the orthonormality
No violations of the orthonormality
 
PNOF8/ADABelief Calculation
==================
 
  Nitext  Nit_orb  Time   Nit_occ  Time         Eelec          Etot           Ediff      maxdiff    MaxGrad_orb  Grad_occ
     1      10    9.6e+00    0    1.2e+01  -744.76486243  -682.04191342 -10743.76486243   0.000558   2.2e-03   1.7e-04 0.04
 
RESULTS OF THE OCCUPATION OPTIMIZATION
========================================
   1    1.9999609  -80.01661692
   2    1.9999588  -80.01651429
   3    1.9990364  -7.51291179
   4    1.9990242  -7.51131451
   5    1.9981403  -5.41558179
   6    1.9981276  -5.41548533
   7    1.9981285  -5.41543020
   8    1.9981250  -5.41466035
   9    1.9981208  -5.41412410
  10    1.9981260  -5.41387754
  11    1.9926969  -0.74961845
  12    1.9918607  -0.73866296
  13    1.9722321  -0.45579074
  14    1.9622768  -0.37551665
  15    1.9622437  -0.37549675
  16    0.0377563  -0.04294273
  17    0.0377232  -0.04293002
  18    0.0277679  -0.04093030
  19    0.0081393  -0.03002756
  20    0.0073031  -0.02795454
  21    0.0018740  -0.01900843
  22    0.0018792  -0.01909790
  23    0.0018750  -0.01900222
  24    0.0018715  -0.01896745
  25    0.0018724  -0.01891442
  26    0.0018597  -0.01874616
  27    0.0009758  -0.01350074
  28    0.0009636  -0.01361198
  29    0.0000412  -0.00598943
  30    0.0000391  -0.00580060
 
----------------
 Final Energies 
----------------
Final NOF Total Energy =    -682.0419134
 
Total Orbital Internal Iterations = 10
Total Occupation Internal Iterations = 0
 
Elapsed time:   29.01 Seconds

---------------------------------
   Lowdin Population Analysis    
---------------------------------
 Idx  Atom   Population   Charge 
---------------------------------
  1     P    15.000      -0.000
  2     P    15.000       0.000

---------------------------------
   M Diagnostic: 0.04
---------------------------------

