Computing Integrals
Basis Set                                            = def2-qzvp
Auxiliary Basis Set                                  = def2-universal-jkfit
Gaussian Type                                        = Spherical
Elapsed time:    1.92 Seconds

Number of basis functions                   (NBF)    = 160
Number of auxiliary basis functions         (NBFAUX) = 182
Inactive Doubly occupied orbitals up to     (NO1)    = 0
No. considered Strongly Doubly occupied MOs (NDOC)   = 8
No. considered Strongly Singly occupied MOs (NSOC)   = 0
NO. of Weakly occ. per St. Doubly occ.  MOs (NCWO)   = 1
Dimension of the Nat. Orb. subspace         (NBF5)   = 16
No. of electrons                                     = 16
    No. of alpha electrons                           = 8
    No. of beta electrons                            = 8
Multiplicity                                         = 1

Geometry
========
Al      -0.0000000       0.0000000       0.0000000
 H      -0.7926514       1.3729124       0.0000000
 H      -0.7926514      -1.3729124       0.0000000
 H       1.5853027       0.0000000       0.0000000

No violations of the orthonormality
No violations of the orthonormality
 
PNOF8/ADABelief Calculation
==================
 
  Nitext  Nit_orb  Time   Nit_occ  Time         Eelec          Etot           Ediff      maxdiff    MaxGrad_orb  Grad_occ
     1      10    9.2e+00    0    1.2e+01  -257.47014577  -243.87373374 -10256.47014577   0.000492   2.0e-03   7.0e-05 0.02
 
RESULTS OF THE OCCUPATION OPTIMIZATION
========================================
   1    1.9999646  -58.52201688
   2    1.9986230  -4.87399272
   3    1.9976884  -3.22601135
   4    1.9978359  -3.21612221
   5    1.9954043  -3.21122815
   6    1.9885767  -0.54198474
   7    1.9770755  -0.45934035
   8    1.9769698  -0.45930465
   9    0.0230302  -0.02622165
  10    0.0229245  -0.02620414
  11    0.0114233  -0.02301414
  12    0.0045957  -0.02303177
  13    0.0021641  -0.01564208
  14    0.0023116  -0.01613620
  15    0.0013770  -0.01022759
  16    0.0000354  -0.00436568
 
----------------
 Final Energies 
----------------
Final NOF Total Energy =    -243.8737337
 
Total Orbital Internal Iterations = 10
Total Occupation Internal Iterations = 0
 
Elapsed time:   27.20 Seconds

---------------------------------
   Lowdin Population Analysis    
---------------------------------
 Idx  Atom   Population   Charge 
---------------------------------
  1    Al    12.551       0.449
  2     H     1.150      -0.150
  3     H     1.149      -0.149
  4     H     1.150      -0.150

---------------------------------
   M Diagnostic: 0.02
---------------------------------

