Computing Integrals
Basis Set                                            = def2-qzvp
Auxiliary Basis Set                                  = def2-universal-jkfit
Gaussian Type                                        = Spherical
Elapsed time:    1.70 Seconds

Number of basis functions                   (NBF)    = 70
Number of auxiliary basis functions         (NBFAUX) = 128
Inactive Doubly occupied orbitals up to     (NO1)    = 0
No. considered Strongly Doubly occupied MOs (NDOC)   = 9
No. considered Strongly Singly occupied MOs (NSOC)   = 0
NO. of Weakly occ. per St. Doubly occ.  MOs (NCWO)   = 1
Dimension of the Nat. Orb. subspace         (NBF5)   = 18
No. of electrons                                     = 18
    No. of alpha electrons                           = 9
    No. of beta electrons                            = 9
Multiplicity                                         = 1

Geometry
========
Ar       0.0000000       0.0000000       0.0000000

No violations of the orthonormality
No violations of the orthonormality
 
PNOF8/ADABelief Calculation
==================
 
  Nitext  Nit_orb  Time   Nit_occ  Time         Eelec          Etot           Ediff      maxdiff    MaxGrad_orb  Grad_occ
     1      10    9.0e+00    0    1.2e+01  -527.13217032  -527.13217032 -10526.13217032   0.000226   9.0e-04   1.2e-04 0.02
 
RESULTS OF THE OCCUPATION OPTIMIZATION
========================================
   1    1.9999767  -118.63769276
   2    1.9994061  -12.32827686
   3    1.9983772  -9.57102376
   4    1.9992663  -9.56897454
   5    1.9992727  -9.56812742
   6    1.9900206  -1.27886372
   7    1.9802790  -0.59956771
   8    1.9800321  -0.59711314
   9    1.9799215  -0.59666846
  10    0.0200785  -0.02825610
  11    0.0199679  -0.02820737
  12    0.0197210  -0.02811205
  13    0.0099794  -0.02575867
  14    0.0007273  -0.01704847
  15    0.0007337  -0.01714924
  16    0.0016228  -0.03103566
  17    0.0005939  -0.01625612
  18    0.0000233  -0.00528996
 
----------------
 Final Energies 
----------------
Final NOF Total Energy =    -527.1321703
 
Total Orbital Internal Iterations = 10
Total Occupation Internal Iterations = 0
 
Elapsed time:   26.87 Seconds

---------------------------------
   Lowdin Population Analysis    
---------------------------------
 Idx  Atom   Population   Charge 
---------------------------------
  1    Ar    18.000      -0.000

---------------------------------
   M Diagnostic: 0.02
---------------------------------

