Computing Integrals
Basis Set                                            = def2-qzvp
Auxiliary Basis Set                                  = def2-universal-jkfit
Gaussian Type                                        = Spherical
Elapsed time:    1.95 Seconds

Number of basis functions                   (NBF)    = 174
Number of auxiliary basis functions         (NBFAUX) = 186
Inactive Doubly occupied orbitals up to     (NO1)    = 0
No. considered Strongly Doubly occupied MOs (NDOC)   = 7
No. considered Strongly Singly occupied MOs (NSOC)   = 0
NO. of Weakly occ. per St. Doubly occ.  MOs (NCWO)   = 1
Dimension of the Nat. Orb. subspace         (NBF5)   = 14
No. of electrons                                     = 14
    No. of alpha electrons                           = 7
    No. of beta electrons                            = 7
Multiplicity                                         = 1

Geometry
========
 H       0.0000000       0.0000000       1.6666499
 C       0.0000000       0.0000000       0.6032500
 C       0.0000000       0.0000000      -0.6032500
 H       0.0000000       0.0000000      -1.6666499

Orthonormality violations 88, Maximum Violation 0.000003
Trying to orthonormalize
No violations of the orthonormality
No violations of the orthonormality
 
PNOF8/ADABelief Calculation
==================
 
  Nitext  Nit_orb  Time   Nit_occ  Time         Eelec          Etot           Ediff      maxdiff    MaxGrad_orb  Grad_occ
     1      10    9.6e+00    0    1.2e+01  -101.81132261   -77.09376230 -10100.81132261   0.000124   5.0e-04   2.0e-04 0.04
 
RESULTS OF THE OCCUPATION OPTIMIZATION
========================================
   1    1.9995273  -11.22946503
   2    1.9995335  -11.22945966
   3    1.9891025  -1.00937052
   4    1.9773032  -0.73914068
   5    1.9771778  -0.73899768
   6    1.9588140  -0.41940268
   7    1.9587312  -0.41940249
   8    0.0412688  -0.03561397
   9    0.0411860  -0.03559337
  10    0.0228222  -0.02786721
  11    0.0226968  -0.02781055
  12    0.0108975  -0.01914840
  13    0.0004665  -0.00861003
  14    0.0004727  -0.00867846
 
----------------
 Final Energies 
----------------
Final NOF Total Energy =     -77.0937623
 
Total Orbital Internal Iterations = 10
Total Occupation Internal Iterations = 0
 
Elapsed time:   28.75 Seconds

---------------------------------
   Lowdin Population Analysis    
---------------------------------
 Idx  Atom   Population   Charge 
---------------------------------
  1     H     1.137      -0.137
  2     C     5.863       0.137
  3     C     5.863       0.137
  4     H     1.137      -0.137

---------------------------------
   M Diagnostic: 0.04
---------------------------------

