Computing Integrals
Basis Set                                            = def2-qzvp
Auxiliary Basis Set                                  = def2-universal-jkfit
Gaussian Type                                        = Spherical
Elapsed time:    8.35 Seconds

Number of basis functions                   (NBF)    = 241
Number of auxiliary basis functions         (NBFAUX) = 359
Inactive Doubly occupied orbitals up to     (NO1)    = 0
No. considered Strongly Doubly occupied MOs (NDOC)   = 20
No. considered Strongly Singly occupied MOs (NSOC)   = 0
NO. of Weakly occ. per St. Doubly occ.  MOs (NCWO)   = 1
Dimension of the Nat. Orb. subspace         (NBF5)   = 40
No. of electrons                                     = 40
    No. of alpha electrons                           = 20
    No. of beta electrons                            = 20
Multiplicity                                         = 1

Geometry
========
Al       0.0000000       0.0000000       0.0000000
 F       0.0000000       1.6317660       0.0000000
 F       1.4131500      -0.8158830       0.0000000
 F      -1.4131500      -0.8158830       0.0000000

Orthonormality violations 7583, Maximum Violation 0.000031
Trying to orthonormalize
No violations of the orthonormality
No violations of the orthonormality
 
PNOF8/ADABelief Calculation
==================
 
  Nitext  Nit_orb  Time   Nit_occ  Time         Eelec          Etot           Ediff      maxdiff    MaxGrad_orb  Grad_occ
     1      10    5.6e+01    0    2.6e+01  -700.67385886  -541.34816551 -10699.67385886   0.000169   6.8e-04   1.4e-04 0.02
 
RESULTS OF THE OCCUPATION OPTIMIZATION
========================================
   1    1.9999579  -58.57527519
   2    1.9998668  -26.33345516
   3    1.9998682  -26.33343401
   4    1.9998667  -26.33340367
   5    1.9980437  -4.94641605
   6    1.9969681  -3.26940225
   7    1.9971078  -3.26795469
   8    1.9962902  -3.26653628
   9    1.9926012  -1.52759480
  10    1.9925813  -1.52750783
  11    1.9925862  -1.52735294
  12    1.9770039  -0.80167522
  13    1.9769983  -0.80132850
  14    1.9770358  -0.80132093
  15    1.9829516  -0.68573932
  16    1.9829476  -0.68570266
  17    1.9829243  -0.68565844
  18    1.9803210  -0.68339816
  19    1.9803091  -0.68336462
  20    1.9803434  -0.68335480
  21    0.0196566  -0.02942877
  22    0.0196909  -0.02944570
  23    0.0196790  -0.02943792
  24    0.0170757  -0.02634299
  25    0.0170524  -0.02632552
  26    0.0170484  -0.02632364
  27    0.0229642  -0.04225235
  28    0.0230017  -0.04221072
  29    0.0229961  -0.04217150
  30    0.0074138  -0.02432569
  31    0.0074187  -0.02437824
  32    0.0073988  -0.02434137
  33    0.0037098  -0.01985369
  34    0.0028922  -0.01673572
  35    0.0030319  -0.02559978
  36    0.0019563  -0.01460070
  37    0.0001333  -0.00601512
  38    0.0001318  -0.00598975
  39    0.0001332  -0.00601232
  40    0.0000421  -0.00495997
 
----------------
 Final Energies 
----------------
Final NOF Total Energy =    -541.3481655
 
Total Orbital Internal Iterations = 10
Total Occupation Internal Iterations = 0
 
Elapsed time:  103.44 Seconds

---------------------------------
   Lowdin Population Analysis    
---------------------------------
 Idx  Atom   Population   Charge 
---------------------------------
  1    Al    13.852      -0.852
  2     F     8.716       0.284
  3     F     8.716       0.284
  4     F     8.716       0.284

---------------------------------
   M Diagnostic: 0.02
---------------------------------

