Computing Integrals
Basis Set                                            = def2-qzvp
Auxiliary Basis Set                                  = def2-universal-jkfit
Gaussian Type                                        = Spherical
Elapsed time:    5.68 Seconds

Number of basis functions                   (NBF)    = 70
Number of auxiliary basis functions         (NBFAUX) = 128
Inactive Doubly occupied orbitals up to     (NO1)    = 0
No. considered Strongly Doubly occupied MOs (NDOC)   = 6
No. considered Strongly Singly occupied MOs (NSOC)   = 3
NO. of Weakly occ. per St. Doubly occ.  MOs (NCWO)   = 1
Dimension of the Nat. Orb. subspace         (NBF5)   = 15
No. of electrons                                     = 15
    No. of alpha electrons                           = 9
    No. of beta electrons                            = 6
Multiplicity                                         = 4

Geometry
========
 P       0.0000000       0.0000000       0.0000000

No violations of the orthonormality
No violations of the orthonormality
 
PNOF8/ADABelief Calculation
==================
 
  Nitext  Nit_orb  Time   Nit_occ  Time         Eelec          Etot           Ediff      maxdiff    MaxGrad_orb  Grad_occ
     1      10    1.9e+01    0    2.3e+01  -340.90986537  -340.90986537 -10339.90986537   0.000173   6.9e-04   1.6e-04 0.01
 
RESULTS OF THE OCCUPATION OPTIMIZATION
========================================
   1    1.9999603  -80.03321243
   2    1.9990518  -7.53104145
   3    1.9976827  -5.42502582
   4    1.9976854  -5.42479400
   5    1.9976881  -5.42383531
   6    1.9882884  -0.70714349
   7    1.0000000  -0.19999093
   8    1.0000000  -0.19987099
   9    1.0000000  -0.19985831
  10    0.0117116  -0.02901428
  11    0.0023119  -0.02253229
  12    0.0023146  -0.02253020
  13    0.0023173  -0.02253622
  14    0.0009482  -0.01400936
  15    0.0000397  -0.00576754
 
----------------
 Final Energies 
----------------
Final NOF Total Energy =    -340.9098654
 
Total Orbital Internal Iterations = 10
Total Occupation Internal Iterations = 0
 
Elapsed time:   54.78 Seconds

---------------------------------
   Lowdin Population Analysis    
---------------------------------
 Idx  Atom   Population   Charge 
---------------------------------
  1     P    15.000      -0.000

---------------------------------
   M Diagnostic: 0.01
---------------------------------

