Computing Integrals
Basis Set                                            = def2-qzvp
Auxiliary Basis Set                                  = def2-universal-jkfit
Gaussian Type                                        = Spherical
Elapsed time:    3.22 Seconds

Number of basis functions                   (NBF)    = 231
Number of auxiliary basis functions         (NBFAUX) = 265
Inactive Doubly occupied orbitals up to     (NO1)    = 0
No. considered Strongly Doubly occupied MOs (NDOC)   = 12
No. considered Strongly Singly occupied MOs (NSOC)   = 0
NO. of Weakly occ. per St. Doubly occ.  MOs (NCWO)   = 1
Dimension of the Nat. Orb. subspace         (NBF5)   = 24
No. of electrons                                     = 24
    No. of alpha electrons                           = 12
    No. of beta electrons                            = 12
Multiplicity                                         = 1

Geometry
========
 C       0.0000000       0.0000000       0.4897580
 H       0.0000000       0.0000000       1.5767760
 H       0.0000000       0.0000000      -1.0189300
 O       0.0000000       1.0474770      -0.2185250
 O       0.0000000      -1.0474770      -0.2185250

Orthonormality violations 18140, Maximum Violation 0.000071
Trying to orthonormalize
No violations of the orthonormality
No violations of the orthonormality
 
PNOF8/ADABelief Calculation
==================
 
  Nitext  Nit_orb  Time   Nit_occ  Time         Eelec          Etot           Ediff      maxdiff    MaxGrad_orb  Grad_occ
     1      10    9.8e+00    0    1.2e+01  -261.31241540  -189.24514463 -10260.31241540   0.000477   1.9e-03   1.1e-04 0.04
 
RESULTS OF THE OCCUPATION OPTIMIZATION
========================================
   1    1.9998286  -20.62572809
   2    1.9998222  -20.61762075
   3    1.9995294  -11.38631817
   4    1.9941152  -1.35880689
   5    1.9918666  -1.19531512
   6    1.9793044  -0.80885972
   7    1.9882616  -0.79280871
   8    1.9721159  -0.78016389
   9    1.9718733  -0.74914308
  10    1.9877490  -0.69586616
  11    1.9673699  -0.56919847
  12    1.9632406  -0.55406112
  13    0.0367594  -0.05088245
  14    0.0326301  -0.04674185
  15    0.0122510  -0.02007382
  16    0.0281267  -0.04301438
  17    0.0278841  -0.04420670
  18    0.0117384  -0.02173237
  19    0.0206956  -0.02553685
  20    0.0081334  -0.01900111
  21    0.0058848  -0.01561255
  22    0.0004706  -0.00866817
  23    0.0001778  -0.00629058
  24    0.0001714  -0.00611773
 
----------------
 Final Energies 
----------------
Final NOF Total Energy =    -189.2451446
 
Total Orbital Internal Iterations = 10
Total Occupation Internal Iterations = 0
 
Elapsed time:   29.17 Seconds

---------------------------------
   Lowdin Population Analysis    
---------------------------------
 Idx  Atom   Population   Charge 
---------------------------------
  1     C     6.505      -0.505
  2     H     1.085      -0.085
  3     H     1.201      -0.201
  4     O     7.594       0.406
  5     O     7.615       0.385

---------------------------------
   M Diagnostic: 0.04
---------------------------------

