Computing Integrals
Basis Set                                            = def2-qzvp
Auxiliary Basis Set                                  = def2-universal-jkfit
Gaussian Type                                        = Spherical
Elapsed time:    2.95 Seconds

Number of basis functions                   (NBF)    = 231
Number of auxiliary basis functions         (NBFAUX) = 265
Inactive Doubly occupied orbitals up to     (NO1)    = 0
No. considered Strongly Doubly occupied MOs (NDOC)   = 12
No. considered Strongly Singly occupied MOs (NSOC)   = 0
NO. of Weakly occ. per St. Doubly occ.  MOs (NCWO)   = 1
Dimension of the Nat. Orb. subspace         (NBF5)   = 24
No. of electrons                                     = 24
    No. of alpha electrons                           = 12
    No. of beta electrons                            = 12
Multiplicity                                         = 1

Geometry
========
 C       0.0000000       0.4210350       0.0000000
 H      -0.3830630       1.4480420       0.0000000
 H      -0.6595560      -1.3436440       0.0000000
 O       1.1585180       0.1170880       0.0000000
 O      -1.0281910      -0.4459140       0.0000000

Orthonormality violations 28681, Maximum Violation 0.000104
Trying to orthonormalize
No violations of the orthonormality
No violations of the orthonormality
 
PNOF8/ADABelief Calculation
==================
 
  Nitext  Nit_orb  Time   Nit_occ  Time         Eelec          Etot           Ediff      maxdiff    MaxGrad_orb  Grad_occ
     1      10    1.0e+01    0    1.2e+01  -259.55406908  -189.31929274 -10258.55406908   0.000493   2.0e-03   1.9e-04 0.04
 
RESULTS OF THE OCCUPATION OPTIMIZATION
========================================
   1    1.9998032  -20.64646151
   2    1.9998231  -20.59468972
   3    1.9995271  -11.36749481
   4    1.9926795  -1.28121218
   5    1.9918140  -1.26713354
   6    1.9730043  -0.78535620
   7    1.9700669  -0.77765348
   8    1.9752770  -0.77350781
   9    1.9778015  -0.77119959
  10    1.9871600  -0.67373761
  11    1.9865428  -0.67158543
  12    1.9596670  -0.55808632
  13    0.0403330  -0.05231903
  14    0.0134572  -0.02042682
  15    0.0128400  -0.02211308
  16    0.0221985  -0.02780098
  17    0.0247230  -0.04042750
  18    0.0299331  -0.04793459
  19    0.0269957  -0.03645960
  20    0.0081860  -0.01975238
  21    0.0073205  -0.01721800
  22    0.0004729  -0.00870142
  23    0.0001769  -0.00632197
  24    0.0001968  -0.00679786
 
----------------
 Final Energies 
----------------
Final NOF Total Energy =    -189.3192927
 
Total Orbital Internal Iterations = 10
Total Occupation Internal Iterations = 0
 
Elapsed time:   29.46 Seconds

---------------------------------
   Lowdin Population Analysis    
---------------------------------
 Idx  Atom   Population   Charge 
---------------------------------
  1     C     6.510      -0.510
  2     H     1.093      -0.093
  3     H     1.290      -0.290
  4     O     7.731       0.269
  5     O     7.376       0.624

---------------------------------
   M Diagnostic: 0.04
---------------------------------

