Computing Integrals
Basis Set                                            = def2-qzvp
Auxiliary Basis Set                                  = def2-universal-jkfit
Gaussian Type                                        = Spherical
Elapsed time:    2.61 Seconds

Number of basis functions                   (NBF)    = 100
Number of auxiliary basis functions         (NBFAUX) = 146
Inactive Doubly occupied orbitals up to     (NO1)    = 0
No. considered Strongly Doubly occupied MOs (NDOC)   = 9
No. considered Strongly Singly occupied MOs (NSOC)   = 0
NO. of Weakly occ. per St. Doubly occ.  MOs (NCWO)   = 10
Dimension of the Nat. Orb. subspace         (NBF5)   = 99
No. of electrons                                     = 18
    No. of alpha electrons                           = 9
    No. of beta electrons                            = 9
Multiplicity                                         = 1

Geometry
========
 S       0.7716119       1.3262688      -0.9387166
 H      -0.1907513       1.8427406      -1.7174752

No violations of the orthonormality
No violations of the orthonormality
 
PNOF8/ADABelief Calculation
==================
 
  Nitext  Nit_orb  Time   Nit_occ  Time         Eelec          Etot           Ediff      maxdiff    MaxGrad_orb  Grad_occ
     1      10    2.2e+01    0    2.5e+01  -404.96916769  -398.65723600 -10403.96916769   0.000499   2.0e-03   1.9e-04 0.02
 
RESULTS OF THE OCCUPATION OPTIMIZATION
========================================
   1    1.9999994  -91.70286066
   2    1.9998570  -8.67550090
   3    1.9985554  -6.35655072
   4    1.9988593  -6.35449089
   5    1.9982439  -6.35347283
   6    1.9818164  -0.60358356
   7    1.9759243  -0.32088296
   8    1.9721739  -0.10915480
   9    1.9702429  -0.10883645
  10    0.0094694  -0.01298632
  11    0.0096322  -0.01903964
  12    0.0157260  -0.02868552
  13    0.0066115  -0.02045375
  14    0.0009867  -0.01226607
  15    0.0010569  -0.01236558
  16    0.0007535  -0.01208375
  17    0.0001133  -0.00275089
  18    0.0000005  -0.00000896
  19    0.0091969  -0.01236981
  20    0.0084416  -0.01405498
  21    0.0026329  -0.00736009
  22    0.0065519  -0.02356530
  23    0.0006064  -0.01131598
  24    0.0000767  -0.00212925
  25    0.0006203  -0.01038053
  26    0.0000169  -0.00038592
  27    0.0000000  -0.00000091
  28    0.0091792  -0.01250122
  29    0.0076216  -0.01220050
  30    0.0022412  -0.00700936
  31    0.0020138  -0.00873116
  32    0.0000982  -0.00110664
  33    0.0000030  -0.00018789
  34    0.0000184  -0.00071463
  35    0.0000053  -0.00034988
  36    0.0000000  -0.00000055
  37    0.0009267  -0.00188425
  38    0.0006517  -0.00124855
  39    0.0021640  -0.00761203
  40    0.0011539  -0.00452325
  41    0.0000131  -0.00009145
  42    0.0000014  -0.00001586
  43    0.0000149  -0.00009743
  44    0.0000031  -0.00004137
  45    0.0000000  -0.00000049
  46    0.0003084  -0.00075500
  47    0.0006435  -0.00122826
  48    0.0005023  -0.00112650
  49    0.0009498  -0.00339400
  50    0.0000102  -0.00008561
  51    0.0000006  -0.00000934
  52    0.0000104  -0.00010471
  53    0.0000017  -0.00002102
  54    0.0000000  -0.00000021
  55    0.0002811  -0.00057716
  56    0.0003028  -0.00075435
  57    0.0003475  -0.00098296
  58    0.0004511  -0.00115324
  59    0.0000100  -0.00007972
  60    0.0000005  -0.00000560
  61    0.0000083  -0.00007044
  62    0.0000008  -0.00001299
  63    0.0000000  -0.00000010
  64    0.0001680  -0.00042509
  65    0.0002916  -0.00071648
  66    0.0001597  -0.00045849
  67    0.0002967  -0.00112363
  68    0.0000095  -0.00007644
  69    0.0000005  -0.00000569
  70    0.0000068  -0.00009537
  71    0.0000007  -0.00001071
  72    0.0000000  -0.00000010
  73    0.0001090  -0.00040366
  74    0.0000986  -0.00021404
  75    0.0001553  -0.00078246
  76    0.0000542  -0.00017092
  77    0.0000088  -0.00007641
  78    0.0000004  -0.00000429
  79    0.0000049  -0.00008688
  80    0.0000005  -0.00000558
  81    0.0000000  -0.00000006
  82    0.0000616  -0.00016265
  83    0.0000800  -0.00020470
  84    0.0000763  -0.00020867
  85    0.0000526  -0.00016801
  86    0.0000078  -0.00007160
  87    0.0000004  -0.00000254
  88    0.0000044  -0.00004544
  89    0.0000004  -0.00000404
  90    0.0000000  -0.00000006
  91    0.0000569  -0.00015563
  92    0.0000626  -0.00017167
  93    0.0000704  -0.00019623
  94    0.0000482  -0.00015104
  95    0.0000052  -0.00004974
  96    0.0000003  -0.00000206
  97    0.0000027  -0.00018387
  98    0.0000003  -0.00000223
  99    0.0000000  -0.00000006
 
----------------
 Final Energies 
----------------
Final NOF Total Energy =    -398.6572360
 
Total Orbital Internal Iterations = 10
Total Occupation Internal Iterations = 0
 
Elapsed time:   60.98 Seconds

---------------------------------
   Lowdin Population Analysis    
---------------------------------
 Idx  Atom   Population   Charge 
---------------------------------
  1     S    16.583      -0.583
  2     H     1.417      -0.417

---------------------------------
   M Diagnostic: 0.02
---------------------------------

