Computing Integrals
Basis Set                                            = def2-qzvp
Auxiliary Basis Set                                  = def2-universal-jkfit
Gaussian Type                                        = Spherical
Elapsed time:    3.94 Seconds

Number of basis functions                   (NBF)    = 247
Number of auxiliary basis functions         (NBFAUX) = 277
Inactive Doubly occupied orbitals up to     (NO1)    = 0
No. considered Strongly Doubly occupied MOs (NDOC)   = 14
No. considered Strongly Singly occupied MOs (NSOC)   = 0
NO. of Weakly occ. per St. Doubly occ.  MOs (NCWO)   = 16
Dimension of the Nat. Orb. subspace         (NBF5)   = 238
No. of electrons                                     = 28
    No. of alpha electrons                           = 14
    No. of beta electrons                            = 14
Multiplicity                                         = 1

Geometry
========
 S       0.7716119       1.3262688      -0.9387166
 H      -0.1907513       1.8427406      -1.7174752
 N      -1.1495506      -0.0399443       1.5977359
 H      -0.7993897      -0.9919745       1.5888383
 H      -0.7131478       0.3976979       2.4021449
 H      -0.7006725       0.4080986       0.7846342

Orthonormality violations 30881, Maximum Violation 0.000163
Trying to orthonormalize
No violations of the orthonormality
No violations of the orthonormality
 
PNOF8/ADABelief Calculation
==================
 
  Nitext  Nit_orb  Time   Nit_occ  Time         Eelec          Etot           Ediff      maxdiff    MaxGrad_orb  Grad_occ
     1      10    2.7e+01    0    2.6e+01  -499.79730089  -455.17722341 -10498.79730089   0.000100   4.0e-04   1.9e-04 0.02
 
RESULTS OF THE OCCUPATION OPTIMIZATION
========================================
   1    1.9999994  -91.71635809
   2    1.9999850  -15.39297323
   3    1.9999115  -8.66927193
   4    1.9989446  -6.39901661
   5    1.9991192  -6.37232552
   6    1.9987900  -6.37180038
   7    1.9855840  -0.86031270
   8    1.9822713  -0.63489273
   9    1.9737907  -0.48212439
  10    1.9718368  -0.47534686
  11    1.9721927  -0.46507454
  12    1.9756754  -0.32449046
  13    1.9697772  -0.13130525
  14    1.9752292  -0.12638653
  15    0.0103450  -0.02034069
  16    0.0079798  -0.01430434
  17    0.0159413  -0.02867045
  18    0.0176037  -0.02503304
  19    0.0173043  -0.02347897
  20    0.0190573  -0.02471955
  21    0.0060557  -0.02134342
  22    0.0076982  -0.01598105
  23    0.0006345  -0.01092766
  24    0.0007722  -0.01208149
  25    0.0010150  -0.01497783
  26    0.0000721  -0.00201353
  27    0.0000112  -0.00030363
  28    0.0000002  -0.00000342
  29    0.0093147  -0.01631534
  30    0.0076307  -0.01238704
  31    0.0025740  -0.00727263
  32    0.0044696  -0.00758627
  33    0.0045737  -0.00758279
  34    0.0045872  -0.00760994
  35    0.0054147  -0.01593590
  36    0.0013007  -0.00622465
  37    0.0005492  -0.00972761
  38    0.0000960  -0.00283637
  39    0.0000228  -0.00070710
  40    0.0000040  -0.00003789
  41    0.0000023  -0.00002847
  42    0.0000000  -0.00000066
  43    0.0011171  -0.00274019
  44    0.0074834  -0.01169398
  45    0.0021969  -0.00729299
  46    0.0042112  -0.00739319
  47    0.0043013  -0.00740819
  48    0.0007498  -0.00207971
  49    0.0020053  -0.00876945
  50    0.0011529  -0.00393501
  51    0.0000067  -0.00008699
  52    0.0000100  -0.00037940
  53    0.0000110  -0.00018445
  54    0.0000038  -0.00005173
  55    0.0000006  -0.00004306
  56    0.0000000  -0.00000065
  57    0.0007093  -0.00130037
  58    0.0068555  -0.01232064
  59    0.0021656  -0.00668182
  60    0.0005975  -0.00140256
  61    0.0009848  -0.00221969
  62    0.0006723  -0.00155625
  63    0.0019936  -0.00872974
  64    0.0011123  -0.00347200
  65    0.0000028  -0.00009093
  66    0.0000010  -0.00001256
  67    0.0000048  -0.00004136
  68    0.0000036  -0.00011908
  69    0.0000004  -0.00000986
  70    0.0000000  -0.00000054
  71    0.0006961  -0.00128874
  72    0.0000501  -0.00014121
  73    0.0003248  -0.00090648
  74    0.0002882  -0.00077110
  75    0.0003442  -0.00090925
  76    0.0003790  -0.00090726
  77    0.0011091  -0.00440260
  78    0.0007403  -0.00298239
  79    0.0000023  -0.00002822
  80    0.0000003  -0.00000477
  81    0.0000007  -0.00000995
  82    0.0000032  -0.00035600
  83    0.0000004  -0.00000570
  84    0.0000000  -0.00000050
  85    0.0006616  -0.00121797
  86    0.0000465  -0.00012547
  87    0.0002687  -0.00088629
  88    0.0001821  -0.00053013
  89    0.0002856  -0.00073735
  90    0.0003022  -0.00078213
  91    0.0002805  -0.00100919
  92    0.0006489  -0.00167300
  93    0.0000021  -0.00002758
  94    0.0000003  -0.00000434
  95    0.0000004  -0.00000649
  96    0.0000006  -0.00000760
  97    0.0000000  -0.00000063
  98    0.0000000  -0.00000051
  99    0.0006474  -0.00118747
 100    0.0000406  -0.00011139
 101    0.0002615  -0.00087497
 102    0.0001012  -0.00031045
 103    0.0001016  -0.00031194
 104    0.0001027  -0.00032181
 105    0.0002293  -0.00147720
 106    0.0006329  -0.00163531
 107    0.0000018  -0.00001906
 108    0.0000002  -0.00000338
 109    0.0000002  -0.00000347
 110    0.0000004  -0.00000590
 111    0.0000000  -0.00000025
 112    0.0000000  -0.00000045
 113    0.0003610  -0.00093432
 114    0.0000370  -0.00009589
 115    0.0001486  -0.00046291
 116    0.0000860  -0.00026901
 117    0.0000639  -0.00019634
 118    0.0000888  -0.00027562
 119    0.0001821  -0.00130680
 120    0.0005247  -0.00136455
 121    0.0000017  -0.00001753
 122    0.0000001  -0.00000262
 123    0.0000001  -0.00000262
 124    0.0000002  -0.00000367
 125    0.0000000  -0.00000024
 126    0.0000000  -0.00000045
 127    0.0002031  -0.00055417
 128    0.0000341  -0.00009483
 129    0.0001403  -0.00044269
 130    0.0000625  -0.00019750
 131    0.0000478  -0.00015361
 132    0.0000591  -0.00019249
 133    0.0001703  -0.00115490
 134    0.0003092  -0.00111149
 135    0.0000014  -0.00001549
 136    0.0000001  -0.00000220
 137    0.0000001  -0.00000188
 138    0.0000001  -0.00000303
 139    0.0000000  -0.00000021
 140    0.0000000  -0.00000042
 141    0.0001790  -0.00048309
 142    0.0000141  -0.00005807
 143    0.0000773  -0.00021461
 144    0.0000464  -0.00015855
 145    0.0000422  -0.00013685
 146    0.0000516  -0.00016923
 147    0.0000692  -0.00022879
 148    0.0000883  -0.00039262
 149    0.0000014  -0.00001683
 150    0.0000001  -0.00000214
 151    0.0000001  -0.00000134
 152    0.0000001  -0.00000218
 153    0.0000000  -0.00000016
 154    0.0000000  -0.00000036
 155    0.0001525  -0.00044816
 156    0.0000115  -0.00005293
 157    0.0000672  -0.00019596
 158    0.0000401  -0.00013902
 159    0.0000332  -0.00011870
 160    0.0000451  -0.00015178
 161    0.0000631  -0.00020690
 162    0.0000545  -0.00021104
 163    0.0000013  -0.00001535
 164    0.0000001  -0.00000190
 165    0.0000001  -0.00000130
 166    0.0000001  -0.00000171
 167    0.0000000  -0.00000015
 168    0.0000000  -0.00000036
 169    0.0001106  -0.00037833
 170    0.0000092  -0.00004665
 171    0.0000543  -0.00015727
 172    0.0000322  -0.00011880
 173    0.0000258  -0.00009068
 174    0.0000379  -0.00013614
 175    0.0000535  -0.00018245
 176    0.0000486  -0.00017709
 177    0.0000011  -0.00001420
 178    0.0000001  -0.00000193
 179    0.0000001  -0.00000139
 180    0.0000001  -0.00000099
 181    0.0000000  -0.00000013
 182    0.0000000  -0.00000035
 183    0.0000882  -0.00023927
 184    0.0000084  -0.00004210
 185    0.0000529  -0.00015144
 186    0.0000283  -0.00011034
 187    0.0000179  -0.00007006
 188    0.0000287  -0.00011245
 189    0.0000497  -0.00017293
 190    0.0000379  -0.00014541
 191    0.0000011  -0.00001348
 192    0.0000001  -0.00000175
 193    0.0000001  -0.00000103
 194    0.0000001  -0.00000092
 195    0.0000000  -0.00000012
 196    0.0000000  -0.00000037
 197    0.0000779  -0.00021712
 198    0.0000080  -0.00004174
 199    0.0000221  -0.00009378
 200    0.0000240  -0.00009570
 201    0.0000154  -0.00006258
 202    0.0000198  -0.00008204
 203    0.0000296  -0.00012639
 204    0.0000289  -0.00013259
 205    0.0000010  -0.00001827
 206    0.0000001  -0.00000164
 207    0.0000001  -0.00000101
 208    0.0000001  -0.00000079
 209    0.0000000  -0.00000012
 210    0.0000000  -0.00000034
 211    0.0000588  -0.00017445
 212    0.0000077  -0.00003587
 213    0.0000173  -0.00007686
 214    0.0000182  -0.00007127
 215    0.0000120  -0.00005055
 216    0.0000167  -0.00006757
 217    0.0000130  -0.00007591
 218    0.0000212  -0.00009614
 219    0.0000008  -0.00001275
 220    0.0000001  -0.00000138
 221    0.0000001  -0.00000092
 222    0.0000000  -0.00000065
 223    0.0000000  -0.00000009
 224    0.0000000  -0.00000032
 225    0.0000484  -0.00014513
 226    0.0000061  -0.00003373
 227    0.0000119  -0.00005933
 228    0.0000162  -0.00006477
 229    0.0000096  -0.00004060
 230    0.0000110  -0.00004857
 231    0.0000100  -0.00006385
 232    0.0000164  -0.00007955
 233    0.0000008  -0.00001135
 234    0.0000001  -0.00000138
 235    0.0000001  -0.00000095
 236    0.0000000  -0.00000043
 237    0.0000000  -0.00000009
 238    0.0000000  -0.00000027
 
----------------
 Final Energies 
----------------
Final NOF Total Energy =    -455.1772234
 
Total Orbital Internal Iterations = 10
Total Occupation Internal Iterations = 0
 
Elapsed time:   73.11 Seconds

---------------------------------
   Lowdin Population Analysis    
---------------------------------
 Idx  Atom   Population   Charge 
---------------------------------
  1     S    16.447      -0.447
  2     H     1.407      -0.407
  3     N     6.473       0.527
  4     H     1.215      -0.215
  5     H     1.214      -0.214
  6     H     1.244      -0.244

---------------------------------
   M Diagnostic: 0.02
---------------------------------

