Computing Integrals
Basis Set                                            = def2-qzvp
Auxiliary Basis Set                                  = def2-universal-jkfit
Gaussian Type                                        = Spherical
Elapsed time:    2.73 Seconds

Number of basis functions                   (NBF)    = 147
Number of auxiliary basis functions         (NBFAUX) = 131
Inactive Doubly occupied orbitals up to     (NO1)    = 0
No. considered Strongly Doubly occupied MOs (NDOC)   = 5
No. considered Strongly Singly occupied MOs (NSOC)   = 0
NO. of Weakly occ. per St. Doubly occ.  MOs (NCWO)   = 28
Dimension of the Nat. Orb. subspace         (NBF5)   = 145
No. of electrons                                     = 10
    No. of alpha electrons                           = 5
    No. of beta electrons                            = 5
Multiplicity                                         = 1

Geometry
========
 N      -1.1495506      -0.0399443       1.5977359
 H      -0.7993897      -0.9919745       1.5888383
 H      -0.7131478       0.3976979       2.4021449
 H      -0.7006725       0.4080986       0.7846342

Orthonormality violations 15592, Maximum Violation 0.000128
Trying to orthonormalize
No violations of the orthonormality
No violations of the orthonormality
 
PNOF8/ADABelief Calculation
==================
 
  Nitext  Nit_orb  Time   Nit_occ  Time         Eelec          Etot           Ediff      maxdiff    MaxGrad_orb  Grad_occ
     1      10    2.2e+01    0    2.5e+01   -68.38196524   -56.50421588 -10067.38196524   0.000099   4.0e-04   1.7e-04 0.02
 
RESULTS OF THE OCCUPATION OPTIMIZATION
========================================
   1    1.9999635  -15.56189381
   2    1.9860464  -1.02831802
   3    1.9742194  -0.64415614
   4    1.9722408  -0.63634806
   5    1.9717006  -0.63003970
   6    0.0178065  -0.02507996
   7    0.0171974  -0.02474215
   8    0.0187035  -0.02589144
   9    0.0076834  -0.01600153
  10    0.0000295  -0.00088412
  11    0.0046084  -0.00789992
  12    0.0045753  -0.00789581
  13    0.0044915  -0.00788967
  14    0.0011899  -0.00537425
  15    0.0000028  -0.00006700
  16    0.0041353  -0.00748222
  17    0.0042478  -0.00773733
  18    0.0007056  -0.00161044
  19    0.0011255  -0.00344902
  20    0.0000019  -0.00001423
  21    0.0005833  -0.00137212
  22    0.0009893  -0.00224184
  23    0.0006412  -0.00188489
  24    0.0010878  -0.00335517
  25    0.0000014  -0.00000422
  26    0.0003054  -0.00086232
  27    0.0001707  -0.00055386
  28    0.0003756  -0.00093485
  29    0.0006618  -0.00175043
  30    0.0000006  -0.00004481
  31    0.0002705  -0.00074536
  32    0.0001036  -0.00032425
  33    0.0002875  -0.00076139
  34    0.0006412  -0.00177784
  35    0.0000001  -0.00000116
  36    0.0001769  -0.00052492
  37    0.0000993  -0.00029898
  38    0.0001466  -0.00073367
  39    0.0005768  -0.00236303
  40    0.0000000  -0.00000074
  41    0.0001428  -0.00044681
  42    0.0000860  -0.00028281
  43    0.0000986  -0.00032261
  44    0.0003401  -0.00104755
  45    0.0000000  -0.00000059
  46    0.0000872  -0.00031149
  47    0.0000537  -0.00018694
  48    0.0000670  -0.00023274
  49    0.0003287  -0.00123853
  50    0.0000000  -0.00000047
  51    0.0000434  -0.00014828
  52    0.0000516  -0.00017509
  53    0.0000662  -0.00021617
  54    0.0000780  -0.00027879
  55    0.0000000  -0.00000045
  56    0.0000328  -0.00012492
  57    0.0000422  -0.00015033
  58    0.0000492  -0.00018017
  59    0.0000487  -0.00018653
  60    0.0000000  -0.00000042
  61    0.0000284  -0.00010253
  62    0.0000367  -0.00014091
  63    0.0000295  -0.00012861
  64    0.0000350  -0.00014236
  65    0.0000000  -0.00000036
  66    0.0000151  -0.00006632
  67    0.0000311  -0.00012695
  68    0.0000232  -0.00010075
  69    0.0000306  -0.00013832
  70    0.0000000  -0.00000036
  71    0.0000124  -0.00005260
  72    0.0000135  -0.00005988
  73    0.0000192  -0.00008798
  74    0.0000196  -0.00009999
  75    0.0000000  -0.00000037
  76    0.0000093  -0.00004230
  77    0.0000113  -0.00004989
  78    0.0000140  -0.00006742
  79    0.0000185  -0.00008541
  80    0.0000000  -0.00000033
  81    0.0000074  -0.00003496
  82    0.0000098  -0.00004033
  83    0.0000110  -0.00005039
  84    0.0000180  -0.00008586
  85    0.0000000  -0.00000030
  86    0.0000055  -0.00002330
  87    0.0000075  -0.00003693
  88    0.0000099  -0.00004322
  89    0.0000130  -0.00007006
  90    0.0000000  -0.00000027
  91    0.0000050  -0.00001728
  92    0.0000067  -0.00002646
  93    0.0000076  -0.00003905
  94    0.0000099  -0.00005997
  95    0.0000000  -0.00000028
  96    0.0000046  -0.00001565
  97    0.0000043  -0.00001641
  98    0.0000066  -0.00003349
  99    0.0000089  -0.00004873
 100    0.0000000  -0.00000026
 101    0.0000039  -0.00001291
 102    0.0000033  -0.00000746
 103    0.0000050  -0.00002297
 104    0.0000080  -0.00004906
 105    0.0000000  -0.00000020
 106    0.0000028  -0.00000568
 107    0.0000031  -0.00000627
 108    0.0000041  -0.00001541
 109    0.0000073  -0.00004243
 110    0.0000000  -0.00000021
 111    0.0000023  -0.00000280
 112    0.0000030  -0.00000418
 113    0.0000038  -0.00001348
 114    0.0000052  -0.00003449
 115    0.0000000  -0.00000020
 116    0.0000020  -0.00000216
 117    0.0000027  -0.00000357
 118    0.0000033  -0.00000885
 119    0.0000039  -0.00002403
 120    0.0000000  -0.00000022
 121    0.0000019  -0.00000206
 122    0.0000021  -0.00000290
 123    0.0000028  -0.00000717
 124    0.0000035  -0.00001873
 125    0.0000000  -0.00000020
 126    0.0000018  -0.00000208
 127    0.0000020  -0.00000231
 128    0.0000026  -0.00000394
 129    0.0000028  -0.00001383
 130    0.0000000  -0.00000020
 131    0.0000016  -0.00000119
 132    0.0000018  -0.00000249
 133    0.0000023  -0.00000373
 134    0.0000027  -0.00001162
 135    0.0000000  -0.00000018
 136    0.0000016  -0.00000130
 137    0.0000017  -0.00000178
 138    0.0000019  -0.00000287
 139    0.0000025  -0.00000952
 140    0.0000000  -0.00000014
 141    0.0000014  -0.00000070
 142    0.0000013  -0.00000087
 143    0.0000013  -0.00000110
 144    0.0000022  -0.00000708
 145    0.0000000  -0.00000014
 
----------------
 Final Energies 
----------------
Final NOF Total Energy =     -56.5042159
 
Total Orbital Internal Iterations = 10
Total Occupation Internal Iterations = 0
 
Elapsed time:   64.85 Seconds

---------------------------------
   Lowdin Population Analysis    
---------------------------------
 Idx  Atom   Population   Charge 
---------------------------------
  1     N     6.443       0.557
  2     H     1.194      -0.194
  3     H     1.193      -0.193
  4     H     1.170      -0.170

---------------------------------
   M Diagnostic: 0.02
---------------------------------

