Computing Integrals
Basis Set                                            = def2-qzvp
Auxiliary Basis Set                                  = def2-universal-jkfit
Gaussian Type                                        = Spherical
Elapsed time:    4.34 Seconds

Number of basis functions                   (NBF)    = 287
Number of auxiliary basis functions         (NBFAUX) = 385
Inactive Doubly occupied orbitals up to     (NO1)    = 0
No. considered Strongly Doubly occupied MOs (NDOC)   = 22
No. considered Strongly Singly occupied MOs (NSOC)   = 0
NO. of Weakly occ. per St. Doubly occ.  MOs (NCWO)   = 12
Dimension of the Nat. Orb. subspace         (NBF5)   = 286
No. of electrons                                     = 44
    No. of alpha electrons                           = 22
    No. of beta electrons                            = 22
Multiplicity                                         = 1

Geometry
========
Cl      -0.0002746       0.0192429       2.3225374
 C       0.0002134       0.0002029      -0.0000524
 H       0.7609800      -0.7510163       0.0064136
 H      -1.0307506      -0.2830071       0.0021836
 H       0.2704285       1.0346447      -0.0086604
Cl      -0.0005966      -0.0200671      -2.3224218

Orthonormality violations 32787, Maximum Violation 0.000175
Trying to orthonormalize
No violations of the orthonormality
No violations of the orthonormality
 
PNOF8/ADABelief Calculation
==================
 
  Nitext  Nit_orb  Time   Nit_occ  Time         Eelec          Etot           Ediff      maxdiff    MaxGrad_orb  Grad_occ
     1      10    2.4e+01    0    2.6e+01 -1070.30647450  -960.02713653 -11069.30647450   0.000100   4.0e-04   2.0e-04 0.03
 
RESULTS OF THE OCCUPATION OPTIMIZATION
========================================
   1    1.9999995  -104.64272004
   2    1.9999995  -104.63434535
   3    1.9999718  -11.11943844
   4    1.9999318  -10.37924929
   5    1.9999602  -10.37850742
   6    1.9993217  -7.81910344
   7    1.9994387  -7.81721820
   8    1.9990585  -7.81683072
   9    1.9993175  -7.80609072
  10    1.9994564  -7.80487334
  11    1.9990181  -7.80472484
  12    1.9841850  -0.84371961
  13    1.9843426  -0.84147608
  14    1.9816257  -0.71561301
  15    1.9766652  -0.54029063
  16    1.9739189  -0.53421253
  17    1.9692924  -0.29425795
  18    1.9782432  -0.27060634
  19    1.9714883  -0.26662311
  20    1.9687555  -0.26570787
  21    1.9751180  -0.25713736
  22    1.9686116  -0.25607848
  23    0.0081495  -0.01489225
  24    0.0114266  -0.01761799
  25    0.0080713  -0.01492669
  26    0.0093420  -0.01590428
  27    0.0094259  -0.01729928
  28    0.0269284  -0.04034617
  29    0.0132062  -0.01845072
  30    0.0128519  -0.01861763
  31    0.0096663  -0.01699771
  32    0.0068135  -0.02863018
  33    0.0067879  -0.02942519
  34    0.0005391  -0.01235753
  35    0.0004964  -0.01100776
  36    0.0005072  -0.01108352
  37    0.0004760  -0.01087499
  38    0.0005598  -0.01246278
  39    0.0004945  -0.01107002
  40    0.0000241  -0.00071337
  41    0.0000180  -0.00033023
  42    0.0000237  -0.00053383
  43    0.0000001  -0.00000193
  44    0.0000003  -0.00000485
  45    0.0079274  -0.01467570
  46    0.0096823  -0.02078946
  47    0.0079222  -0.01446166
  48    0.0093069  -0.01596856
  49    0.0078664  -0.02033043
  50    0.0007481  -0.00158416
  51    0.0041904  -0.00800375
  52    0.0043942  -0.01063167
  53    0.0023507  -0.00887097
  54    0.0019944  -0.01016086
  55    0.0019718  -0.01010290
  56    0.0003944  -0.00953572
  57    0.0000254  -0.00083391
  58    0.0000861  -0.00113527
  59    0.0003715  -0.00899364
  60    0.0000003  -0.00000458
  61    0.0000836  -0.00108847
  62    0.0000093  -0.00031314
  63    0.0000134  -0.00013112
  64    0.0000025  -0.00006518
  65    0.0000001  -0.00000087
  66    0.0000001  -0.00000089
  67    0.0078663  -0.01449005
  68    0.0007895  -0.00164431
  69    0.0078779  -0.01468861
  70    0.0081674  -0.01896149
  71    0.0022779  -0.00941325
  72    0.0007053  -0.00153084
  73    0.0038827  -0.00681355
  74    0.0027858  -0.00610855
  75    0.0017711  -0.00785842
  76    0.0019881  -0.01011454
  77    0.0019519  -0.01006983
  78    0.0000064  -0.00006393
  79    0.0000086  -0.00012522
  80    0.0000760  -0.00307700
  81    0.0000830  -0.00109491
  82    0.0000002  -0.00000265
  83    0.0000766  -0.00318961
  84    0.0000025  -0.00013895
  85    0.0000096  -0.00019965
  86    0.0000010  -0.00001730
  87    0.0000000  -0.00000068
  88    0.0000000  -0.00000027
  89    0.0071396  -0.01693973
  90    0.0007827  -0.00163128
  91    0.0070579  -0.01757673
  92    0.0006758  -0.00151967
  93    0.0007991  -0.00184611
  94    0.0006930  -0.00149990
  95    0.0027340  -0.00508021
  96    0.0009944  -0.00236836
  97    0.0014945  -0.00565293
  98    0.0019372  -0.00984818
  99    0.0019494  -0.00998046
 100    0.0000061  -0.00006281
 101    0.0000073  -0.00017030
 102    0.0000032  -0.00003652
 103    0.0000031  -0.00023742
 104    0.0000001  -0.00000221
 105    0.0000109  -0.00015725
 106    0.0000023  -0.00016341
 107    0.0000091  -0.00008694
 108    0.0000005  -0.00000773
 109    0.0000000  -0.00000057
 110    0.0000000  -0.00000012
 111    0.0000459  -0.00015370
 112    0.0007705  -0.00159725
 113    0.0000488  -0.00016447
 114    0.0006751  -0.00152012
 115    0.0007615  -0.00172200
 116    0.0006658  -0.00145225
 117    0.0005803  -0.00149980
 118    0.0009556  -0.00231730
 119    0.0009581  -0.00456770
 120    0.0017190  -0.00915580
 121    0.0018801  -0.00974833
 122    0.0000057  -0.00005951
 123    0.0000039  -0.00022004
 124    0.0000031  -0.00003442
 125    0.0000017  -0.00005140
 126    0.0000001  -0.00000189
 127    0.0000057  -0.00006142
 128    0.0000016  -0.00002549
 129    0.0000080  -0.00037769
 130    0.0000004  -0.00000632
 131    0.0000000  -0.00000048
 132    0.0000000  -0.00000010
 133    0.0000428  -0.00014453
 134    0.0007666  -0.00159410
 135    0.0000445  -0.00015137
 136    0.0000573  -0.00018669
 137    0.0001545  -0.00101374
 138    0.0006636  -0.00145182
 139    0.0004847  -0.00119185
 140    0.0003385  -0.00087883
 141    0.0008771  -0.00239543
 142    0.0002562  -0.00121641
 143    0.0004888  -0.00157490
 144    0.0000056  -0.00006181
 145    0.0000007  -0.00001305
 146    0.0000022  -0.00012694
 147    0.0000013  -0.00002091
 148    0.0000001  -0.00000169
 149    0.0000027  -0.00004504
 150    0.0000000  -0.00000077
 151    0.0000039  -0.00007395
 152    0.0000000  -0.00000031
 153    0.0000000  -0.00000046
 154    0.0000000  -0.00000010
 155    0.0000423  -0.00014186
 156    0.0002921  -0.00100504
 157    0.0000410  -0.00013793
 158    0.0000536  -0.00017497
 159    0.0001197  -0.00046908
 160    0.0000582  -0.00018356
 161    0.0003386  -0.00082466
 162    0.0002732  -0.00080530
 163    0.0004800  -0.00139545
 164    0.0002318  -0.00109459
 165    0.0002710  -0.00132788
 166    0.0000050  -0.00010837
 167    0.0000005  -0.00000604
 168    0.0000020  -0.00003485
 169    0.0000012  -0.00002501
 170    0.0000001  -0.00000163
 171    0.0000017  -0.00002438
 172    0.0000000  -0.00000039
 173    0.0000026  -0.00017136
 174    0.0000000  -0.00000018
 175    0.0000000  -0.00000045
 176    0.0000000  -0.00000008
 177    0.0000414  -0.00013588
 178    0.0000997  -0.00041921
 179    0.0000394  -0.00013632
 180    0.0000519  -0.00016823
 181    0.0000780  -0.00026148
 182    0.0000570  -0.00017551
 183    0.0003035  -0.00080093
 184    0.0002584  -0.00082036
 185    0.0002740  -0.00099408
 186    0.0002207  -0.00104799
 187    0.0002078  -0.00099360
 188    0.0000049  -0.00008041
 189    0.0000003  -0.00000429
 190    0.0000007  -0.00001185
 191    0.0000010  -0.00001511
 192    0.0000001  -0.00000153
 193    0.0000010  -0.00001841
 194    0.0000000  -0.00000025
 195    0.0000013  -0.00001985
 196    0.0000000  -0.00000005
 197    0.0000000  -0.00000040
 198    0.0000000  -0.00000006
 199    0.0000398  -0.00013450
 200    0.0000780  -0.00024224
 201    0.0000389  -0.00012933
 202    0.0000485  -0.00015704
 203    0.0000749  -0.00022903
 204    0.0000505  -0.00016647
 205    0.0001325  -0.00036501
 206    0.0001418  -0.00046088
 207    0.0002442  -0.00091725
 208    0.0001982  -0.00096722
 209    0.0001490  -0.00133106
 210    0.0000045  -0.00009350
 211    0.0000002  -0.00000241
 212    0.0000006  -0.00001209
 213    0.0000009  -0.00001718
 214    0.0000001  -0.00000141
 215    0.0000006  -0.00000770
 216    0.0000000  -0.00000023
 217    0.0000010  -0.00001723
 218    0.0000000  -0.00000004
 219    0.0000000  -0.00000037
 220    0.0000000  -0.00000008
 221    0.0000349  -0.00012415
 222    0.0000747  -0.00022684
 223    0.0000382  -0.00012816
 224    0.0000460  -0.00014761
 225    0.0000688  -0.00021935
 226    0.0000473  -0.00014995
 227    0.0000985  -0.00029149
 228    0.0001405  -0.00040258
 229    0.0001438  -0.00077263
 230    0.0001926  -0.00111749
 231    0.0000532  -0.00020646
 232    0.0000038  -0.00003773
 233    0.0000001  -0.00000186
 234    0.0000005  -0.00000710
 235    0.0000008  -0.00001299
 236    0.0000001  -0.00000141
 237    0.0000005  -0.00000613
 238    0.0000000  -0.00000014
 239    0.0000006  -0.00001727
 240    0.0000000  -0.00000004
 241    0.0000000  -0.00000035
 242    0.0000000  -0.00000006
 243    0.0000313  -0.00011834
 244    0.0000640  -0.00020375
 245    0.0000338  -0.00012037
 246    0.0000443  -0.00014174
 247    0.0000660  -0.00020545
 248    0.0000457  -0.00013450
 249    0.0000719  -0.00022338
 250    0.0001351  -0.00043292
 251    0.0000593  -0.00021510
 252    0.0000530  -0.00019659
 253    0.0000527  -0.00019910
 254    0.0000033  -0.00003519
 255    0.0000001  -0.00000161
 256    0.0000005  -0.00000685
 257    0.0000006  -0.00000783
 258    0.0000001  -0.00000112
 259    0.0000003  -0.00000346
 260    0.0000000  -0.00000016
 261    0.0000004  -0.00000588
 262    0.0000000  -0.00000004
 263    0.0000000  -0.00000034
 264    0.0000000  -0.00000007
 265    0.0000273  -0.00011246
 266    0.0000553  -0.00018295
 267    0.0000305  -0.00011634
 268    0.0000429  -0.00013912
 269    0.0000643  -0.00019656
 270    0.0000447  -0.00013262
 271    0.0000577  -0.00018460
 272    0.0000654  -0.00021471
 273    0.0000552  -0.00019199
 274    0.0000526  -0.00019664
 275    0.0000514  -0.00019976
 276    0.0000032  -0.00003365
 277    0.0000001  -0.00000144
 278    0.0000004  -0.00000483
 279    0.0000006  -0.00000746
 280    0.0000001  -0.00000116
 281    0.0000003  -0.00000416
 282    0.0000000  -0.00000013
 283    0.0000003  -0.00000311
 284    0.0000000  -0.00000003
 285    0.0000000  -0.00000034
 286    0.0000000  -0.00000005
 
----------------
 Final Energies 
----------------
Final NOF Total Energy =    -960.0271365
 
Total Orbital Internal Iterations = 10
Total Occupation Internal Iterations = 0
 
Elapsed time:   69.52 Seconds

---------------------------------
   Lowdin Population Analysis    
---------------------------------
 Idx  Atom   Population   Charge 
---------------------------------
  1    Cl    17.423      -0.423
  2     C     5.881       0.119
  3     H     1.104      -0.104
  4     H     1.105      -0.105
  5     H     1.105      -0.105
  6    Cl    17.381      -0.381

---------------------------------
   M Diagnostic: 0.03
---------------------------------

