Computing Integrals
Basis Set                                            = def2-qzvp
Auxiliary Basis Set                                  = def2-universal-jkfit
Gaussian Type                                        = Spherical
Elapsed time:    3.61 Seconds

Number of basis functions                   (NBF)    = 217
Number of auxiliary basis functions         (NBFAUX) = 257
Inactive Doubly occupied orbitals up to     (NO1)    = 0
No. considered Strongly Doubly occupied MOs (NDOC)   = 13
No. considered Strongly Singly occupied MOs (NSOC)   = 0
NO. of Weakly occ. per St. Doubly occ.  MOs (NCWO)   = 15
Dimension of the Nat. Orb. subspace         (NBF5)   = 208
No. of electrons                                     = 26
    No. of alpha electrons                           = 13
    No. of beta electrons                            = 13
Multiplicity                                         = 1

Geometry
========
 C       0.0000000       0.0000000      -0.1499170
Cl       0.0000000       0.0000000       1.6328018
 H      -0.5139978      -0.8902703      -0.4942949
 H      -0.5139978       0.8902703      -0.4942949
 H       1.0279956       0.0000000      -0.4942949

Orthonormality violations 27290, Maximum Violation 0.000189
Trying to orthonormalize
No violations of the orthonormality
No violations of the orthonormality
 
PNOF8/ADABelief Calculation
==================
 
  Nitext  Nit_orb  Time   Nit_occ  Time         Eelec          Etot           Ediff      maxdiff    MaxGrad_orb  Grad_occ
     1      10    2.2e+01    0    2.5e+01  -551.30458583  -499.92619967 -10550.30458583   0.000100   4.0e-04   1.7e-04 0.03
 
RESULTS OF THE OCCUPATION OPTIMIZATION
========================================
   1    1.9999994  -104.87919136
   2    1.9999745  -11.29233994
   3    1.9999118  -10.58500375
   4    1.9991592  -8.05062855
   5    1.9994261  -8.04718165
   6    1.9994708  -8.04643355
   7    1.9842318  -1.07869301
   8    1.9771892  -0.74145987
   9    1.9760645  -0.72115681
  10    1.9748898  -0.70905898
  11    1.9699543  -0.63900033
  12    1.9723123  -0.48044887
  13    1.9695655  -0.47868742
  14    0.0081209  -0.01603581
  15    0.0091327  -0.01712794
  16    0.0275493  -0.04552304
  17    0.0140448  -0.02073858
  18    0.0133304  -0.02032898
  19    0.0129002  -0.02022231
  20    0.0059878  -0.02828894
  21    0.0005252  -0.01215138
  22    0.0004726  -0.01077886
  23    0.0004540  -0.01060602
  24    0.0000596  -0.00176167
  25    0.0000236  -0.00051324
  26    0.0000004  -0.00001528
  27    0.0079127  -0.01609202
  28    0.0089220  -0.01713764
  29    0.0007443  -0.00178094
  30    0.0039659  -0.00824016
  31    0.0038299  -0.00955794
  32    0.0033481  -0.00803616
  33    0.0018572  -0.00996814
  34    0.0000023  -0.00019900
  35    0.0000698  -0.00225278
  36    0.0003696  -0.00904869
  37    0.0000116  -0.00035359
  38    0.0000007  -0.00002002
  39    0.0000001  -0.00000272
  40    0.0077742  -0.01569513
  41    0.0073230  -0.01900628
  42    0.0007334  -0.00171557
  43    0.0033756  -0.00625461
  44    0.0029943  -0.00632392
  45    0.0029219  -0.00646649
  46    0.0018539  -0.00995485
  47    0.0000002  -0.00000458
  48    0.0000141  -0.00053255
  49    0.0000102  -0.00012340
  50    0.0000062  -0.00013437
  51    0.0000003  -0.00000758
  52    0.0000000  -0.00000029
  53    0.0063870  -0.01775470
  54    0.0006782  -0.00162886
  55    0.0006470  -0.00153605
  56    0.0015319  -0.00370450
  57    0.0010947  -0.00277828
  58    0.0010191  -0.00463571
  59    0.0017490  -0.00950231
  60    0.0000002  -0.00000345
  61    0.0000130  -0.00011162
  62    0.0000035  -0.00033564
  63    0.0000040  -0.00004024
  64    0.0000002  -0.00000299
  65    0.0000000  -0.00000025
  66    0.0000401  -0.00013963
  67    0.0006738  -0.00162592
  68    0.0000771  -0.00024742
  69    0.0007965  -0.00223393
  70    0.0009488  -0.00249749
  71    0.0009464  -0.00246602
  72    0.0016200  -0.00876250
  73    0.0000001  -0.00000214
  74    0.0000015  -0.00008469
  75    0.0000009  -0.00002367
  76    0.0000037  -0.00008351
  77    0.0000001  -0.00000169
  78    0.0000000  -0.00000021
  79    0.0000354  -0.00012153
  80    0.0006390  -0.00151957
  81    0.0000624  -0.00019549
  82    0.0003905  -0.00112091
  83    0.0004333  -0.00114365
  84    0.0004186  -0.00106896
  85    0.0016147  -0.00869353
  86    0.0000001  -0.00000175
  87    0.0000006  -0.00001532
  88    0.0000005  -0.00001333
  89    0.0000010  -0.00002760
  90    0.0000001  -0.00000086
  91    0.0000000  -0.00000007
  92    0.0000317  -0.00011521
  93    0.0000865  -0.00030145
  94    0.0000603  -0.00018325
  95    0.0002723  -0.00075209
  96    0.0003813  -0.00107048
  97    0.0002910  -0.00080957
  98    0.0002001  -0.00095829
  99    0.0000001  -0.00000177
 100    0.0000005  -0.00001446
 101    0.0000004  -0.00001213
 102    0.0000008  -0.00001991
 103    0.0000001  -0.00000080
 104    0.0000000  -0.00000005
 105    0.0000306  -0.00011598
 106    0.0000472  -0.00015587
 107    0.0000494  -0.00016145
 108    0.0002313  -0.00066712
 109    0.0003457  -0.00105538
 110    0.0002707  -0.00086601
 111    0.0001724  -0.00083993
 112    0.0000001  -0.00000177
 113    0.0000004  -0.00001072
 114    0.0000004  -0.00001076
 115    0.0000003  -0.00000639
 116    0.0000001  -0.00000053
 117    0.0000000  -0.00000004
 118    0.0000278  -0.00010200
 119    0.0000421  -0.00015140
 120    0.0000301  -0.00011072
 121    0.0001274  -0.00041847
 122    0.0002115  -0.00067589
 123    0.0002009  -0.00060775
 124    0.0001641  -0.00136927
 125    0.0000001  -0.00000171
 126    0.0000003  -0.00000661
 127    0.0000003  -0.00000600
 128    0.0000003  -0.00000542
 129    0.0000001  -0.00000052
 130    0.0000000  -0.00000003
 131    0.0000218  -0.00008888
 132    0.0000398  -0.00013711
 133    0.0000278  -0.00010735
 134    0.0000969  -0.00028179
 135    0.0000957  -0.00029322
 136    0.0001925  -0.00059286
 137    0.0001619  -0.00081063
 138    0.0000001  -0.00000154
 139    0.0000002  -0.00000484
 140    0.0000002  -0.00000386
 141    0.0000003  -0.00000500
 142    0.0000001  -0.00000043
 143    0.0000000  -0.00000002
 144    0.0000180  -0.00008027
 145    0.0000343  -0.00012315
 146    0.0000173  -0.00007779
 147    0.0000864  -0.00026449
 148    0.0000821  -0.00027009
 149    0.0000939  -0.00029839
 150    0.0001228  -0.00096165
 151    0.0000001  -0.00000127
 152    0.0000002  -0.00000399
 153    0.0000002  -0.00000356
 154    0.0000001  -0.00000244
 155    0.0000001  -0.00000049
 156    0.0000000  -0.00000002
 157    0.0000122  -0.00005536
 158    0.0000270  -0.00011162
 159    0.0000143  -0.00007113
 160    0.0000660  -0.00020652
 161    0.0000638  -0.00019924
 162    0.0000866  -0.00029187
 163    0.0001227  -0.00094749
 164    0.0000001  -0.00000111
 165    0.0000002  -0.00000378
 166    0.0000002  -0.00000342
 167    0.0000001  -0.00000183
 168    0.0000000  -0.00000041
 169    0.0000000  -0.00000002
 170    0.0000081  -0.00003814
 171    0.0000196  -0.00008770
 172    0.0000121  -0.00005470
 173    0.0000484  -0.00016566
 174    0.0000478  -0.00016950
 175    0.0000506  -0.00017805
 176    0.0000519  -0.00020813
 177    0.0000001  -0.00000113
 178    0.0000002  -0.00000314
 179    0.0000002  -0.00000274
 180    0.0000001  -0.00000145
 181    0.0000000  -0.00000039
 182    0.0000000  -0.00000001
 183    0.0000075  -0.00003828
 184    0.0000135  -0.00006860
 185    0.0000114  -0.00004552
 186    0.0000442  -0.00014349
 187    0.0000432  -0.00014274
 188    0.0000455  -0.00015851
 189    0.0000512  -0.00020638
 190    0.0000001  -0.00000107
 191    0.0000002  -0.00000291
 192    0.0000001  -0.00000260
 193    0.0000001  -0.00000077
 194    0.0000000  -0.00000041
 195    0.0000000  -0.00000002
 196    0.0000064  -0.00003421
 197    0.0000092  -0.00004254
 198    0.0000094  -0.00004200
 199    0.0000320  -0.00012894
 200    0.0000330  -0.00012922
 201    0.0000248  -0.00011542
 202    0.0000386  -0.00017397
 203    0.0000001  -0.00000082
 204    0.0000001  -0.00000282
 205    0.0000001  -0.00000220
 206    0.0000001  -0.00000054
 207    0.0000000  -0.00000025
 208    0.0000000  -0.00000001
 
----------------
 Final Energies 
----------------
Final NOF Total Energy =    -499.9261997
 
Total Orbital Internal Iterations = 10
Total Occupation Internal Iterations = 0
 
Elapsed time:   65.59 Seconds

---------------------------------
   Lowdin Population Analysis    
---------------------------------
 Idx  Atom   Population   Charge 
---------------------------------
  1     C     6.080      -0.080
  2    Cl    16.644       0.356
  3     H     1.092      -0.092
  4     H     1.093      -0.093
  5     H     1.092      -0.092

---------------------------------
   M Diagnostic: 0.03
---------------------------------

