Computing Integrals
Basis Set                                            = def2-qzvp
Auxiliary Basis Set                                  = def2-universal-jkfit
Gaussian Type                                        = Spherical
Elapsed time:    2.52 Seconds

Number of basis functions                   (NBF)    = 70
Number of auxiliary basis functions         (NBFAUX) = 128
Inactive Doubly occupied orbitals up to     (NO1)    = 0
No. considered Strongly Doubly occupied MOs (NDOC)   = 9
No. considered Strongly Singly occupied MOs (NSOC)   = 0
NO. of Weakly occ. per St. Doubly occ.  MOs (NCWO)   = 6
Dimension of the Nat. Orb. subspace         (NBF5)   = 63
No. of electrons                                     = 18
    No. of alpha electrons                           = 9
    No. of beta electrons                            = 9
Multiplicity                                         = 1

Geometry
========
Cl       0.0000000       0.0000000       0.0000000

No violations of the orthonormality
No violations of the orthonormality
 
PNOF8/ADABelief Calculation
==================
 
  Nitext  Nit_orb  Time   Nit_occ  Time         Eelec          Etot           Ediff      maxdiff    MaxGrad_orb  Grad_occ
     1      10    2.0e+01    0    2.4e+01  -460.11459593  -460.11459593 -10459.11459593   0.000510   2.0e-03   1.7e-04 0.02
 
RESULTS OF THE OCCUPATION OPTIMIZATION
========================================
   1    1.9999971  -104.55153837
   2    1.9994677  -10.24783454
   3    1.9993240  -7.71537378
   4    1.9992705  -7.71521035
   5    1.9991798  -7.71472336
   6    1.9845673  -0.74992097
   7    1.9768102  -0.16978362
   8    1.9715602  -0.16952838
   9    1.9713370  -0.16920248
  10    0.0092350  -0.01530639
  11    0.0093214  -0.01555736
  12    0.0099996  -0.01651009
  13    0.0072185  -0.02955147
  14    0.0005960  -0.01321092
  15    0.0005172  -0.01129273
  16    0.0005268  -0.01128944
  17    0.0004344  -0.01090454
  18    0.0000014  -0.00030693
  19    0.0090527  -0.01507287
  20    0.0091042  -0.01502804
  21    0.0090655  -0.02053430
  22    0.0020303  -0.00992071
  23    0.0001006  -0.00140748
  24    0.0000837  -0.00089945
  25    0.0000922  -0.00131309
  26    0.0000655  -0.00166363
  27    0.0000010  -0.00003148
  28    0.0084682  -0.01879653
  29    0.0084598  -0.01903296
  30    0.0023341  -0.00901216
  31    0.0019936  -0.00997553
  32    0.0000851  -0.00109746
  33    0.0000787  -0.00261712
  34    0.0000185  -0.00014982
  35    0.0000121  -0.00012181
  36    0.0000002  -0.00001356
  37    0.0006452  -0.00145350
  38    0.0006485  -0.00145272
  39    0.0007420  -0.00161363
  40    0.0019464  -0.01002983
  41    0.0000140  -0.00013398
  42    0.0000195  -0.00015294
  43    0.0000139  -0.00013837
  44    0.0000077  -0.00009078
  45    0.0000001  -0.00001139
  46    0.0006434  -0.00144916
  47    0.0006383  -0.00144021
  48    0.0007395  -0.00160965
  49    0.0019262  -0.00981493
  50    0.0000124  -0.00012747
  51    0.0000161  -0.00014269
  52    0.0000134  -0.00086566
  53    0.0000068  -0.00007856
  54    0.0000001  -0.00001102
  55    0.0006185  -0.00139201
  56    0.0002677  -0.00100419
  57    0.0003093  -0.00116011
  58    0.0003176  -0.00161634
  59    0.0000121  -0.00012587
  60    0.0000144  -0.00013637
  61    0.0000113  -0.00014570
  62    0.0000058  -0.00047957
  63    0.0000001  -0.00001026
 
----------------
 Final Energies 
----------------
Final NOF Total Energy =    -460.1145959
 
Total Orbital Internal Iterations = 10
Total Occupation Internal Iterations = 0
 
Elapsed time:   58.47 Seconds

---------------------------------
   Lowdin Population Analysis    
---------------------------------
 Idx  Atom   Population   Charge 
---------------------------------
  1    Cl    18.000      -1.000

---------------------------------
   M Diagnostic: 0.02
---------------------------------

