Computing Integrals
Basis Set                                            = def2-qzvp
Auxiliary Basis Set                                  = def2-universal-jkfit
Gaussian Type                                        = Spherical
Elapsed time:    2.75 Seconds

Number of basis functions                   (NBF)    = 200
Number of auxiliary basis functions         (NBFAUX) = 292
Inactive Doubly occupied orbitals up to     (NO1)    = 0
No. considered Strongly Doubly occupied MOs (NDOC)   = 17
No. considered Strongly Singly occupied MOs (NSOC)   = 0
NO. of Weakly occ. per St. Doubly occ.  MOs (NCWO)   = 10
Dimension of the Nat. Orb. subspace         (NBF5)   = 187
No. of electrons                                     = 34
    No. of alpha electrons                           = 17
    No. of beta electrons                            = 17
Multiplicity                                         = 1

Geometry
========
 S       1.0572291       0.0000000      -0.6622784
 S      -1.0572291       0.0000000      -0.6622784
 H       1.2093176       0.0000000       0.6627105
 H      -1.2093176       0.0000000       0.6627105

Orthonormality violations 3555, Maximum Violation 0.000019
Trying to orthonormalize
No violations of the orthonormality
No violations of the orthonormality
 
PNOF8/ADABelief Calculation
==================
 
  Nitext  Nit_orb  Time   Nit_occ  Time         Eelec          Etot           Ediff      maxdiff    MaxGrad_orb  Grad_occ
     1      10    1.1e+01    0    1.2e+01  -880.69795114  -797.26445239 -10879.69795114   0.000100   4.0e-04   1.7e-04 0.03
 
RESULTS OF THE OCCUPATION OPTIMIZATION
========================================
   1    1.9999994  -92.03620551
   2    1.9999994  -92.03550878
   3    1.9999374  -9.00782031
   4    1.9999159  -9.00040260
   5    1.9989343  -6.71322906
   6    1.9989024  -6.69990731
   7    1.9990490  -6.69467299
   8    1.9988014  -6.69417918
   9    1.9993435  -6.69165235
  10    1.9991333  -6.69156210
  11    1.9818457  -0.94583835
  12    1.9816425  -0.93640587
  13    1.9732030  -0.60352476
  14    1.9697047  -0.59772771
  15    1.9681514  -0.54140636
  16    1.9742378  -0.41538991
  17    1.9734465  -0.41494955
  18    0.0083436  -0.01911006
  19    0.0070844  -0.01748288
  20    0.0294005  -0.04893471
  21    0.0156714  -0.02886693
  22    0.0148395  -0.02932450
  23    0.0053851  -0.02462155
  24    0.0056591  -0.02667648
  25    0.0006347  -0.01060826
  26    0.0004166  -0.00729655
  27    0.0006146  -0.01046084
  28    0.0005333  -0.01053135
  29    0.0009697  -0.01383701
  30    0.0009711  -0.01391821
  31    0.0000791  -0.00276969
  32    0.0000455  -0.00038480
  33    0.0000004  -0.00000475
  34    0.0000004  -0.00000635
  35    0.0070350  -0.01449571
  36    0.0068375  -0.01460444
  37    0.0007949  -0.00175055
  38    0.0067810  -0.01261233
  39    0.0068071  -0.01473182
  40    0.0037319  -0.01294761
  41    0.0035837  -0.01770826
  42    0.0001525  -0.00240097
  43    0.0001709  -0.00268659
  44    0.0005325  -0.01039806
  45    0.0003641  -0.00670415
  46    0.0000720  -0.00263690
  47    0.0000165  -0.00053701
  48    0.0000015  -0.00002214
  49    0.0000088  -0.00032071
  50    0.0000001  -0.00000185
  51    0.0000000  -0.00000105
  52    0.0062618  -0.01510446
  53    0.0062551  -0.01489751
  54    0.0006464  -0.00144720
  55    0.0057287  -0.01128156
  56    0.0020779  -0.00699003
  57    0.0035697  -0.01278558
  58    0.0032456  -0.01249810
  59    0.0000176  -0.00079615
  60    0.0000183  -0.00049719
  61    0.0000243  -0.00022497
  62    0.0000153  -0.00011642
  63    0.0000187  -0.00013969
  64    0.0000126  -0.00012203
  65    0.0000008  -0.00000886
  66    0.0000034  -0.00035664
  67    0.0000000  -0.00000069
  68    0.0000000  -0.00000071
  69    0.0021735  -0.00864080
  70    0.0019492  -0.00755205
  71    0.0005823  -0.00129068
  72    0.0011057  -0.00285400
  73    0.0020129  -0.00707719
  74    0.0022997  -0.01130628
  75    0.0018734  -0.00936087
  76    0.0000125  -0.00009371
  77    0.0000150  -0.00012349
  78    0.0000083  -0.00006945
  79    0.0000135  -0.00011783
  80    0.0000104  -0.00008591
  81    0.0000117  -0.00009671
  82    0.0000005  -0.00000722
  83    0.0000025  -0.00006914
  84    0.0000000  -0.00000057
  85    0.0000000  -0.00000074
  86    0.0009248  -0.00270918
  87    0.0013811  -0.00562694
  88    0.0000855  -0.00027769
  89    0.0005013  -0.00124080
  90    0.0003430  -0.00094068
  91    0.0019680  -0.01072345
  92    0.0017685  -0.00898713
  93    0.0000115  -0.00009244
  94    0.0000119  -0.00009652
  95    0.0000072  -0.00006015
  96    0.0000069  -0.00006022
  97    0.0000091  -0.00009440
  98    0.0000107  -0.00008657
  99    0.0000005  -0.00000683
 100    0.0000021  -0.00007528
 101    0.0000000  -0.00000055
 102    0.0000000  -0.00000067
 103    0.0007083  -0.00172141
 104    0.0007784  -0.00259342
 105    0.0000777  -0.00021929
 106    0.0001472  -0.00043455
 107    0.0002991  -0.00089125
 108    0.0007229  -0.00271805
 109    0.0013353  -0.00670775
 110    0.0000102  -0.00008458
 111    0.0000066  -0.00005632
 112    0.0000041  -0.00006646
 113    0.0000059  -0.00005091
 114    0.0000069  -0.00005995
 115    0.0000102  -0.00008378
 116    0.0000004  -0.00000644
 117    0.0000001  -0.00000261
 118    0.0000000  -0.00000053
 119    0.0000000  -0.00000014
 120    0.0003859  -0.00097159
 121    0.0005880  -0.00151072
 122    0.0000742  -0.00020618
 123    0.0001444  -0.00046180
 124    0.0001332  -0.00041792
 125    0.0002217  -0.00088028
 126    0.0002247  -0.00100952
 127    0.0000087  -0.00008492
 128    0.0000055  -0.00005104
 129    0.0000033  -0.00006360
 130    0.0000051  -0.00007272
 131    0.0000046  -0.00005621
 132    0.0000092  -0.00008638
 133    0.0000004  -0.00000494
 134    0.0000001  -0.00000170
 135    0.0000000  -0.00000045
 136    0.0000000  -0.00000012
 137    0.0003207  -0.00090620
 138    0.0005232  -0.00123413
 139    0.0000645  -0.00019558
 140    0.0000860  -0.00031181
 141    0.0001213  -0.00043890
 142    0.0001974  -0.00089343
 143    0.0001777  -0.00073605
 144    0.0000074  -0.00008915
 145    0.0000050  -0.00006234
 146    0.0000021  -0.00002916
 147    0.0000040  -0.00009046
 148    0.0000038  -0.00012075
 149    0.0000085  -0.00007075
 150    0.0000004  -0.00000471
 151    0.0000001  -0.00000147
 152    0.0000000  -0.00000040
 153    0.0000000  -0.00000010
 154    0.0002362  -0.00076904
 155    0.0002386  -0.00078935
 156    0.0000634  -0.00018155
 157    0.0000655  -0.00019784
 158    0.0000997  -0.00034795
 159    0.0001327  -0.00076574
 160    0.0001617  -0.00071135
 161    0.0000064  -0.00005546
 162    0.0000038  -0.00033697
 163    0.0000015  -0.00001449
 164    0.0000019  -0.00006773
 165    0.0000014  -0.00001307
 166    0.0000079  -0.00006488
 167    0.0000003  -0.00000426
 168    0.0000000  -0.00000106
 169    0.0000000  -0.00000038
 170    0.0000000  -0.00000006
 171    0.0001640  -0.00055083
 172    0.0001266  -0.00043778
 173    0.0000592  -0.00017639
 174    0.0000642  -0.00018870
 175    0.0000632  -0.00018975
 176    0.0001285  -0.00060538
 177    0.0001246  -0.00074819
 178    0.0000052  -0.00012629
 179    0.0000029  -0.00003938
 180    0.0000008  -0.00000903
 181    0.0000012  -0.00001239
 182    0.0000010  -0.00001056
 183    0.0000075  -0.00007319
 184    0.0000003  -0.00000382
 185    0.0000000  -0.00000099
 186    0.0000000  -0.00000036
 187    0.0000000  -0.00000004
 
----------------
 Final Energies 
----------------
Final NOF Total Energy =    -797.2644524
 
Total Orbital Internal Iterations = 10
Total Occupation Internal Iterations = 0
 
Elapsed time:   30.90 Seconds

---------------------------------
   Lowdin Population Analysis    
---------------------------------
 Idx  Atom   Population   Charge 
---------------------------------
  1     S    15.724       0.276
  2     S    15.725       0.275
  3     H     1.275      -0.275
  4     H     1.276      -0.276

---------------------------------
   M Diagnostic: 0.03
---------------------------------

