Computing Integrals
Basis Set                                            = def2-qzvp
Auxiliary Basis Set                                  = def2-universal-jkfit
Gaussian Type                                        = Spherical
Elapsed time:    3.75 Seconds

Number of basis functions                   (NBF)    = 200
Number of auxiliary basis functions         (NBFAUX) = 292
Inactive Doubly occupied orbitals up to     (NO1)    = 0
No. considered Strongly Doubly occupied MOs (NDOC)   = 17
No. considered Strongly Singly occupied MOs (NSOC)   = 0
NO. of Weakly occ. per St. Doubly occ.  MOs (NCWO)   = 10
Dimension of the Nat. Orb. subspace         (NBF5)   = 187
No. of electrons                                     = 34
    No. of alpha electrons                           = 17
    No. of beta electrons                            = 17
Multiplicity                                         = 1

Geometry
========
 S      -0.0687310       1.0220312      -0.4834061
 S       0.0687310      -1.0220312      -0.4834061
 H       0.8386269       1.2863190       0.4675986
 H      -0.8386269      -1.2863190       0.4675986

Orthonormality violations 13775, Maximum Violation 0.000073
Trying to orthonormalize
No violations of the orthonormality
No violations of the orthonormality
 
PNOF8/ADABelief Calculation
==================
 
  Nitext  Nit_orb  Time   Nit_occ  Time         Eelec          Etot           Ediff      maxdiff    MaxGrad_orb  Grad_occ
     1      10    1.1e+01    0    1.2e+01  -882.68596347  -797.27685976 -10881.68596347   0.000099   4.0e-04   1.9e-04 0.03
 
RESULTS OF THE OCCUPATION OPTIMIZATION
========================================
   1    1.9999994  -92.03808386
   2    1.9999994  -92.03785994
   3    1.9999375  -9.01205004
   4    1.9999071  -8.99801023
   5    1.9990527  -6.71953552
   6    1.9992164  -6.69787487
   7    1.9991151  -6.69660071
   8    1.9985318  -6.69615591
   9    1.9989741  -6.69591287
  10    1.9992420  -6.69404923
  11    1.9831224  -0.95809147
  12    1.9828959  -0.94197394
  13    1.9739529  -0.59444504
  14    1.9700369  -0.59183235
  15    1.9687900  -0.54181628
  16    1.9739981  -0.42368662
  17    1.9719606  -0.42280049
  18    0.0097721  -0.01897456
  19    0.0077690  -0.01880567
  20    0.0205274  -0.04207952
  21    0.0157235  -0.02933367
  22    0.0152901  -0.03001504
  23    0.0061605  -0.02743101
  24    0.0053125  -0.02511882
  25    0.0006581  -0.01087802
  26    0.0005264  -0.01033424
  27    0.0008721  -0.01347169
  28    0.0006875  -0.01110471
  29    0.0006981  -0.01120213
  30    0.0009043  -0.01325286
  31    0.0000822  -0.00309733
  32    0.0000484  -0.00052465
  33    0.0000005  -0.00000727
  34    0.0000004  -0.00000677
  35    0.0080441  -0.01464770
  36    0.0070564  -0.01469251
  37    0.0060103  -0.01255818
  38    0.0066757  -0.01248792
  39    0.0051780  -0.01248042
  40    0.0034559  -0.01286753
  41    0.0038727  -0.01830645
  42    0.0000313  -0.00024304
  43    0.0004182  -0.00774349
  44    0.0005326  -0.01045819
  45    0.0000871  -0.00314393
  46    0.0000183  -0.00082059
  47    0.0000130  -0.00031319
  48    0.0000079  -0.00006927
  49    0.0000083  -0.00031498
  50    0.0000000  -0.00000120
  51    0.0000000  -0.00000128
  52    0.0071950  -0.01599739
  53    0.0065663  -0.01475044
  54    0.0036506  -0.01026815
  55    0.0053423  -0.01126760
  56    0.0020379  -0.00745336
  57    0.0020629  -0.00981365
  58    0.0022608  -0.01080844
  59    0.0000194  -0.00080891
  60    0.0000165  -0.00013067
  61    0.0000176  -0.00013068
  62    0.0000589  -0.00057760
  63    0.0000150  -0.00013665
  64    0.0000084  -0.00007189
  65    0.0000010  -0.00000982
  66    0.0000022  -0.00014415
  67    0.0000000  -0.00000061
  68    0.0000000  -0.00000113
  69    0.0009777  -0.00254679
  70    0.0022180  -0.00859097
  71    0.0004742  -0.00123051
  72    0.0013127  -0.00342823
  73    0.0014541  -0.00486838
  74    0.0020062  -0.01027436
  75    0.0020393  -0.01004687
  76    0.0000112  -0.00009541
  77    0.0000163  -0.00012748
  78    0.0000107  -0.00009123
  79    0.0000174  -0.00013362
  80    0.0000118  -0.00009405
  81    0.0000060  -0.00005687
  82    0.0000003  -0.00000544
  83    0.0000017  -0.00001399
  84    0.0000000  -0.00000063
  85    0.0000000  -0.00000061
  86    0.0007888  -0.00174489
  87    0.0009047  -0.00257194
  88    0.0001880  -0.00054818
  89    0.0004156  -0.00108972
  90    0.0007174  -0.00180839
  91    0.0019662  -0.00935085
  92    0.0018483  -0.00925707
  93    0.0000098  -0.00009320
  94    0.0000145  -0.00011585
  95    0.0000087  -0.00007502
  96    0.0000092  -0.00009358
  97    0.0000100  -0.00009225
  98    0.0000039  -0.00033605
  99    0.0000003  -0.00000501
 100    0.0000016  -0.00001247
 101    0.0000000  -0.00000062
 102    0.0000000  -0.00000058
 103    0.0004596  -0.00104578
 104    0.0006042  -0.00146064
 105    0.0001266  -0.00042591
 106    0.0002216  -0.00066419
 107    0.0005122  -0.00125130
 108    0.0006918  -0.00274307
 109    0.0007127  -0.00280288
 110    0.0000090  -0.00007511
 111    0.0000103  -0.00008517
 112    0.0000077  -0.00006643
 113    0.0000075  -0.00006971
 114    0.0000081  -0.00006802
 115    0.0000031  -0.00004438
 116    0.0000002  -0.00000409
 117    0.0000001  -0.00000231
 118    0.0000000  -0.00000013
 119    0.0000000  -0.00000048
 120    0.0003665  -0.00091830
 121    0.0004262  -0.00117788
 122    0.0000650  -0.00020455
 123    0.0000749  -0.00027014
 124    0.0003568  -0.00096794
 125    0.0002664  -0.00175135
 126    0.0002638  -0.00167331
 127    0.0000078  -0.00006488
 128    0.0000091  -0.00007447
 129    0.0000066  -0.00008696
 130    0.0000062  -0.00006157
 131    0.0000071  -0.00007228
 132    0.0000026  -0.00002477
 133    0.0000002  -0.00000415
 134    0.0000001  -0.00000196
 135    0.0000000  -0.00000010
 136    0.0000000  -0.00000040
 137    0.0001773  -0.00058361
 138    0.0002243  -0.00070848
 139    0.0000613  -0.00020282
 140    0.0000703  -0.00020516
 141    0.0001979  -0.00071509
 142    0.0002279  -0.00138959
 143    0.0002311  -0.00096356
 144    0.0000053  -0.00007907
 145    0.0000060  -0.00005405
 146    0.0000058  -0.00005271
 147    0.0000053  -0.00005378
 148    0.0000060  -0.00005615
 149    0.0000021  -0.00003807
 150    0.0000002  -0.00000344
 151    0.0000000  -0.00000115
 152    0.0000000  -0.00000007
 153    0.0000000  -0.00000035
 154    0.0001481  -0.00047539
 155    0.0001345  -0.00054097
 156    0.0000554  -0.00018544
 157    0.0000654  -0.00019566
 158    0.0001615  -0.00061091
 159    0.0001375  -0.00083166
 160    0.0002030  -0.00108780
 161    0.0000037  -0.00015422
 162    0.0000050  -0.00006304
 163    0.0000036  -0.00007440
 164    0.0000039  -0.00008538
 165    0.0000052  -0.00007250
 166    0.0000020  -0.00001399
 167    0.0000002  -0.00000345
 168    0.0000000  -0.00000109
 169    0.0000000  -0.00000005
 170    0.0000000  -0.00000037
 171    0.0001101  -0.00038760
 172    0.0000984  -0.00037651
 173    0.0000512  -0.00017024
 174    0.0000612  -0.00018615
 175    0.0001411  -0.00048827
 176    0.0001288  -0.00073750
 177    0.0001334  -0.00082960
 178    0.0000023  -0.00012356
 179    0.0000036  -0.00009416
 180    0.0000030  -0.00002833
 181    0.0000018  -0.00001542
 182    0.0000041  -0.00024033
 183    0.0000019  -0.00001483
 184    0.0000002  -0.00000324
 185    0.0000000  -0.00000072
 186    0.0000000  -0.00000004
 187    0.0000000  -0.00000033
 
----------------
 Final Energies 
----------------
Final NOF Total Energy =    -797.2768598
 
Total Orbital Internal Iterations = 10
Total Occupation Internal Iterations = 0
 
Elapsed time:   30.87 Seconds

---------------------------------
   Lowdin Population Analysis    
---------------------------------
 Idx  Atom   Population   Charge 
---------------------------------
  1     S    15.731       0.269
  2     S    15.731       0.269
  3     H     1.268      -0.268
  4     H     1.270      -0.270

---------------------------------
   M Diagnostic: 0.03
---------------------------------

