Computing Integrals
Basis Set                                            = def2-qzvp
Auxiliary Basis Set                                  = def2-universal-jkfit
Gaussian Type                                        = Spherical
Elapsed time:    1.69 Seconds

Number of basis functions                   (NBF)    = 114
Number of auxiliary basis functions         (NBFAUX) = 154
Inactive Doubly occupied orbitals up to     (NO1)    = 0
No. considered Strongly Doubly occupied MOs (NDOC)   = 7
No. considered Strongly Singly occupied MOs (NSOC)   = 1
NO. of Weakly occ. per St. Doubly occ.  MOs (NCWO)   = 15
Dimension of the Nat. Orb. subspace         (NBF5)   = 113
No. of electrons                                     = 15
    No. of alpha electrons                           = 8
    No. of beta electrons                            = 7
Multiplicity                                         = 2

Geometry
========
 N       0.0000000       0.0000000       0.5729836
 O       0.0000000       0.0000000      -0.5729836

No violations of the orthonormality
No violations of the orthonormality
 
PNOF8/ADABelief Calculation
==================
 
  Nitext  Nit_orb  Time   Nit_occ  Time         Eelec          Etot           Ediff      maxdiff    MaxGrad_orb  Grad_occ
     1      10    9.6e+00    0    1.2e+01  -155.61934943  -129.76009098 -10154.61934943   0.000964   3.9e-03   1.8e-04 0.04
 
RESULTS OF THE OCCUPATION OPTIMIZATION
========================================
   1    1.9999779  -20.71827243
   2    1.9999544  -15.72723709
   3    1.9866394  -1.43669675
   4    1.9811101  -0.95384673
   5    1.9730591  -0.89962113
   6    1.9768740  -0.72829206
   7    1.9611287  -0.69028585
   8    1.0000000  -0.23266284
   9    0.0356306  -0.05543742
  10    0.0070499  -0.01401932
  11    0.0225423  -0.04436356
  12    0.0073793  -0.01725332
  13    0.0057197  -0.01825609
  14    0.0000309  -0.00088999
  15    0.0000125  -0.00046787
  16    0.0029060  -0.00654247
  17    0.0048669  -0.01009766
  18    0.0031094  -0.00804024
  19    0.0038167  -0.00817800
  20    0.0030170  -0.00803563
  21    0.0000034  -0.00006728
  22    0.0000024  -0.00004935
  23    0.0001805  -0.00059407
  24    0.0046350  -0.00953560
  25    0.0003184  -0.00116047
  26    0.0018874  -0.00499025
  27    0.0015835  -0.00711894
  28    0.0000032  -0.00005347
  29    0.0000020  -0.00004230
  30    0.0000196  -0.00009880
  31    0.0037442  -0.00757292
  32    0.0002719  -0.00092150
  33    0.0016646  -0.00424504
  34    0.0011419  -0.00397352
  35    0.0000028  -0.00004715
  36    0.0000014  -0.00007422
  37    0.0000185  -0.00010098
  38    0.0006954  -0.00221480
  39    0.0002560  -0.00089572
  40    0.0015091  -0.00362937
  41    0.0005436  -0.00316899
  42    0.0000026  -0.00004408
  43    0.0000007  -0.00002431
  44    0.0000154  -0.00008335
  45    0.0005489  -0.00341996
  46    0.0001207  -0.00044734
  47    0.0009487  -0.00291132
  48    0.0002662  -0.00106483
  49    0.0000007  -0.00002422
  50    0.0000006  -0.00002171
  51    0.0000136  -0.00008358
  52    0.0004642  -0.00135558
  53    0.0001202  -0.00043578
  54    0.0005455  -0.00334619
  55    0.0002303  -0.00087036
  56    0.0000005  -0.00001971
  57    0.0000005  -0.00002663
  58    0.0000130  -0.00008232
  59    0.0004050  -0.00127476
  60    0.0000663  -0.00031037
  61    0.0003382  -0.00129483
  62    0.0002236  -0.00086333
  63    0.0000004  -0.00001737
  64    0.0000005  -0.00001840
  65    0.0000124  -0.00007459
  66    0.0002309  -0.00068351
  67    0.0000281  -0.00018384
  68    0.0002934  -0.00148454
  69    0.0001569  -0.00071072
  70    0.0000003  -0.00002382
  71    0.0000004  -0.00001515
  72    0.0000119  -0.00007242
  73    0.0002185  -0.00066283
  74    0.0000263  -0.00014933
  75    0.0001390  -0.00042900
  76    0.0001206  -0.00055815
  77    0.0000002  -0.00000724
  78    0.0000003  -0.00003653
  79    0.0000116  -0.00007189
  80    0.0001527  -0.00054845
  81    0.0000212  -0.00011981
  82    0.0001240  -0.00049150
  83    0.0001163  -0.00051935
  84    0.0000002  -0.00000350
  85    0.0000002  -0.00000866
  86    0.0000104  -0.00007225
  87    0.0000389  -0.00025330
  88    0.0000161  -0.00010687
  89    0.0001026  -0.00042998
  90    0.0001105  -0.00122292
  91    0.0000002  -0.00000308
  92    0.0000002  -0.00000364
  93    0.0000099  -0.00005741
  94    0.0000330  -0.00019702
  95    0.0000153  -0.00009804
  96    0.0000894  -0.00040061
  97    0.0000746  -0.00060663
  98    0.0000001  -0.00000157
  99    0.0000002  -0.00000317
 100    0.0000093  -0.00005647
 101    0.0000232  -0.00013842
 102    0.0000147  -0.00009760
 103    0.0000277  -0.00014012
 104    0.0000307  -0.00016585
 105    0.0000001  -0.00000152
 106    0.0000001  -0.00000180
 107    0.0000086  -0.00005481
 108    0.0000194  -0.00012287
 109    0.0000141  -0.00009219
 110    0.0000243  -0.00013124
 111    0.0000252  -0.00013759
 112    0.0000001  -0.00000077
 113    0.0000001  -0.00000044
 
----------------
 Final Energies 
----------------
Final NOF Total Energy =    -129.7600910
 
Total Orbital Internal Iterations = 10
Total Occupation Internal Iterations = 0
 
Elapsed time:   27.44 Seconds

---------------------------------
   Lowdin Population Analysis    
---------------------------------
 Idx  Atom   Population   Charge 
---------------------------------
  1     N     7.125      -0.125
  2     O     7.875       0.125

---------------------------------
   M Diagnostic: 0.04
---------------------------------

