Computing Integrals
Basis Set                                            = def2-qzvp
Auxiliary Basis Set                                  = def2-universal-jkfit
Gaussian Type                                        = Spherical
Elapsed time:    1.69 Seconds

Number of basis functions                   (NBF)    = 114
Number of auxiliary basis functions         (NBFAUX) = 154
Inactive Doubly occupied orbitals up to     (NO1)    = 0
No. considered Strongly Doubly occupied MOs (NDOC)   = 7
No. considered Strongly Singly occupied MOs (NSOC)   = 2
NO. of Weakly occ. per St. Doubly occ.  MOs (NCWO)   = 15
Dimension of the Nat. Orb. subspace         (NBF5)   = 114
No. of electrons                                     = 16
    No. of alpha electrons                           = 9
    No. of beta electrons                            = 7
Multiplicity                                         = 3

Geometry
========
 N       0.0000000       0.0000000       0.6348700
 O       0.0000000       0.0000000      -0.6348700

Orthonormality violations 6, Maximum Violation 0.000001
Trying to orthonormalize
No violations of the orthonormality
No violations of the orthonormality
 
PNOF8/ADABelief Calculation
==================
 
  Nitext  Nit_orb  Time   Nit_occ  Time         Eelec          Etot           Ediff      maxdiff    MaxGrad_orb  Grad_occ
     1      10    9.8e+00    0    1.2e+01  -153.06318309  -129.72465323 -10152.06318309   0.000100   4.0e-04   1.7e-04 0.03
 
RESULTS OF THE OCCUPATION OPTIMIZATION
========================================
   1    1.9999747  -20.25274962
   2    1.9999338  -15.36448471
   3    1.9867754  -0.99042618
   4    1.9755354  -0.56005415
   5    1.9685048  -0.49264423
   6    1.9765244  -0.29382739
   7    1.9740599  -0.29368132
   8    1.0000000  -0.06794390
   9    1.0000000  -0.06791565
  10    0.0099192  -0.01456753
  11    0.0102326  -0.01487440
  12    0.0271044  -0.04442106
  13    0.0099381  -0.01680246
  14    0.0074680  -0.01928422
  15    0.0000298  -0.00095393
  16    0.0000124  -0.00050987
  17    0.0049777  -0.00844303
  18    0.0051641  -0.00868044
  19    0.0033536  -0.00728435
  20    0.0049944  -0.00788090
  21    0.0020275  -0.00745928
  22    0.0000054  -0.00008506
  23    0.0000032  -0.00005512
  24    0.0046645  -0.00794106
  25    0.0048732  -0.00814346
  26    0.0002779  -0.00085414
  27    0.0023563  -0.00429305
  28    0.0007956  -0.00266307
  29    0.0000047  -0.00006307
  30    0.0000027  -0.00005099
  31    0.0044123  -0.00757695
  32    0.0011222  -0.00289140
  33    0.0002666  -0.00083333
  34    0.0023012  -0.00428373
  35    0.0007920  -0.00262776
  36    0.0000042  -0.00005984
  37    0.0000015  -0.00003880
  38    0.0005599  -0.00151549
  39    0.0008180  -0.00413964
  40    0.0001516  -0.00052682
  41    0.0020587  -0.00463389
  42    0.0006063  -0.00546763
  43    0.0000040  -0.00005843
  44    0.0000012  -0.00002807
  45    0.0004148  -0.00152074
  46    0.0004804  -0.00145133
  47    0.0001068  -0.00040113
  48    0.0011141  -0.00272507
  49    0.0003688  -0.00131813
  50    0.0000031  -0.00005059
  51    0.0000010  -0.00002378
  52    0.0003076  -0.00080329
  53    0.0003346  -0.00090412
  54    0.0000927  -0.00039011
  55    0.0005961  -0.00152804
  56    0.0003431  -0.00116397
  57    0.0000029  -0.00004980
  58    0.0000009  -0.00002148
  59    0.0002168  -0.00069024
  60    0.0002479  -0.00073419
  61    0.0000256  -0.00012701
  62    0.0002470  -0.00069256
  63    0.0002817  -0.00096125
  64    0.0000028  -0.00004848
  65    0.0000006  -0.00002805
  66    0.0001942  -0.00056549
  67    0.0000618  -0.00028542
  68    0.0000216  -0.00011634
  69    0.0001908  -0.00067156
  70    0.0002719  -0.00094948
  71    0.0000024  -0.00004645
  72    0.0000005  -0.00000858
  73    0.0001444  -0.00051060
  74    0.0000359  -0.00017443
  75    0.0000197  -0.00011041
  76    0.0001863  -0.00054342
  77    0.0001387  -0.00175730
  78    0.0000021  -0.00007501
  79    0.0000004  -0.00002875
  80    0.0000397  -0.00014527
  81    0.0000247  -0.00012426
  82    0.0000173  -0.00010953
  83    0.0001685  -0.00053454
  84    0.0000425  -0.00022389
  85    0.0000016  -0.00004369
  86    0.0000004  -0.00002071
  87    0.0000268  -0.00012871
  88    0.0000207  -0.00010952
  89    0.0000168  -0.00010453
  90    0.0001476  -0.00049953
  91    0.0000259  -0.00014755
  92    0.0000014  -0.00003514
  93    0.0000002  -0.00000569
  94    0.0000229  -0.00012962
  95    0.0000203  -0.00011177
  96    0.0000145  -0.00008962
  97    0.0001089  -0.00048713
  98    0.0000242  -0.00013072
  99    0.0000012  -0.00002569
 100    0.0000002  -0.00000386
 101    0.0000206  -0.00010343
 102    0.0000198  -0.00009862
 103    0.0000133  -0.00007702
 104    0.0000399  -0.00015186
 105    0.0000195  -0.00011505
 106    0.0000005  -0.00001159
 107    0.0000002  -0.00000317
 108    0.0000188  -0.00009144
 109    0.0000192  -0.00009401
 110    0.0000130  -0.00007325
 111    0.0000167  -0.00010868
 112    0.0000190  -0.00011503
 113    0.0000003  -0.00001505
 114    0.0000001  -0.00000101
 
----------------
 Final Energies 
----------------
Final NOF Total Energy =    -129.7246532
 
Total Orbital Internal Iterations = 10
Total Occupation Internal Iterations = 0
 
Elapsed time:   28.68 Seconds

---------------------------------
   Lowdin Population Analysis    
---------------------------------
 Idx  Atom   Population   Charge 
---------------------------------
  1     N     7.579      -0.579
  2     O     8.421      -0.421

---------------------------------
   M Diagnostic: 0.03
---------------------------------

