Computing Integrals
Basis Set                                            = def2-qzvp
Auxiliary Basis Set                                  = def2-universal-jkfit
Gaussian Type                                        = Spherical
Elapsed time:    1.67 Seconds

Number of basis functions                   (NBF)    = 114
Number of auxiliary basis functions         (NBFAUX) = 154
Inactive Doubly occupied orbitals up to     (NO1)    = 0
No. considered Strongly Doubly occupied MOs (NDOC)   = 7
No. considered Strongly Singly occupied MOs (NSOC)   = 0
NO. of Weakly occ. per St. Doubly occ.  MOs (NCWO)   = 15
Dimension of the Nat. Orb. subspace         (NBF5)   = 112
No. of electrons                                     = 14
    No. of alpha electrons                           = 7
    No. of beta electrons                            = 7
Multiplicity                                         = 1

Geometry
========
 N       0.0000000       0.0000000      -0.5454291
 N       0.0000000       0.0000000       0.5454291

No violations of the orthonormality
No violations of the orthonormality
 
PNOF8/ADABelief Calculation
==================
 
  Nitext  Nit_orb  Time   Nit_occ  Time         Eelec          Etot           Ediff      maxdiff    MaxGrad_orb  Grad_occ
     1      10    9.8e+00    0    1.2e+01  -133.19785058  -109.42791538 -10132.19785058   0.000499   2.0e-03   1.6e-04 0.03
 
RESULTS OF THE OCCUPATION OPTIMIZATION
========================================
   1    1.9999519  -15.68452755
   2    1.9999514  -15.68202485
   3    1.9856575  -1.19305845
   4    1.9832194  -0.94373205
   5    1.9743175  -0.81247919
   6    1.9638965  -0.64528779
   7    1.9637227  -0.64521025
   8    0.0330222  -0.04741859
   9    0.0327013  -0.04721355
  10    0.0147965  -0.03091811
  11    0.0067933  -0.01694315
  12    0.0055361  -0.01566685
  13    0.0000340  -0.00101056
  14    0.0000338  -0.00098038
  15    0.0028562  -0.00570609
  16    0.0027923  -0.00561876
  17    0.0038911  -0.00917339
  18    0.0033178  -0.00742098
  19    0.0027606  -0.00699020
  20    0.0000035  -0.00005715
  21    0.0000033  -0.00008127
  22    0.0001919  -0.00055031
  23    0.0002052  -0.00059492
  24    0.0032427  -0.00773996
  25    0.0015871  -0.00437152
  26    0.0015310  -0.00444892
  27    0.0000034  -0.00008566
  28    0.0000031  -0.00006351
  29    0.0000478  -0.00020156
  30    0.0001997  -0.00056097
  31    0.0029049  -0.00730947
  32    0.0014372  -0.00466846
  33    0.0012384  -0.00610869
  34    0.0000029  -0.00004433
  35    0.0000025  -0.00004101
  36    0.0000242  -0.00010946
  37    0.0000486  -0.00020337
  38    0.0001926  -0.00061347
  39    0.0009607  -0.00249724
  40    0.0008933  -0.00248169
  41    0.0000022  -0.00004073
  42    0.0000023  -0.00004449
  43    0.0000240  -0.00010997
  44    0.0000233  -0.00011104
  45    0.0001505  -0.00049842
  46    0.0005331  -0.00178679
  47    0.0005068  -0.00191129
  48    0.0000005  -0.00002191
  49    0.0000005  -0.00001871
  50    0.0000177  -0.00009304
  51    0.0000231  -0.00010774
  52    0.0001033  -0.00035099
  53    0.0004839  -0.00397789
  54    0.0005062  -0.00341765
  55    0.0000004  -0.00001821
  56    0.0000005  -0.00001719
  57    0.0000152  -0.00007849
  58    0.0000202  -0.00010519
  59    0.0000998  -0.00035672
  60    0.0004421  -0.00137005
  61    0.0003072  -0.00146766
  62    0.0000004  -0.00001473
  63    0.0000005  -0.00001639
  64    0.0000149  -0.00007557
  65    0.0000180  -0.00009008
  66    0.0000982  -0.00031967
  67    0.0004164  -0.00129766
  68    0.0002508  -0.00085034
  69    0.0000003  -0.00002656
  70    0.0000005  -0.00001715
  71    0.0000137  -0.00006498
  72    0.0000152  -0.00007438
  73    0.0000860  -0.00036167
  74    0.0002639  -0.00086220
  75    0.0002055  -0.00071411
  76    0.0000003  -0.00001019
  77    0.0000004  -0.00003894
  78    0.0000128  -0.00006273
  79    0.0000137  -0.00007383
  80    0.0000290  -0.00016766
  81    0.0001992  -0.00099507
  82    0.0001945  -0.00065228
  83    0.0000002  -0.00000524
  84    0.0000002  -0.00000770
  85    0.0000113  -0.00006231
  86    0.0000124  -0.00006867
  87    0.0000270  -0.00013603
  88    0.0001105  -0.00041157
  89    0.0001125  -0.00043243
  90    0.0000002  -0.00000227
  91    0.0000001  -0.00000205
  92    0.0000102  -0.00005665
  93    0.0000103  -0.00006014
  94    0.0000243  -0.00012580
  95    0.0001036  -0.00041436
  96    0.0001045  -0.00046589
  97    0.0000001  -0.00000199
  98    0.0000001  -0.00000184
  99    0.0000087  -0.00005444
 100    0.0000102  -0.00005613
 101    0.0000208  -0.00010922
 102    0.0001009  -0.00040669
 103    0.0001008  -0.00044320
 104    0.0000001  -0.00000114
 105    0.0000001  -0.00000176
 106    0.0000064  -0.00004644
 107    0.0000098  -0.00005487
 108    0.0000158  -0.00007971
 109    0.0000312  -0.00016526
 110    0.0000944  -0.00040952
 111    0.0000001  -0.00000055
 112    0.0000001  -0.00000056
 
----------------
 Final Energies 
----------------
Final NOF Total Energy =    -109.4279154
 
Total Orbital Internal Iterations = 10
Total Occupation Internal Iterations = 0
 
Elapsed time:   27.86 Seconds

---------------------------------
   Lowdin Population Analysis    
---------------------------------
 Idx  Atom   Population   Charge 
---------------------------------
  1     N     7.001      -0.001
  2     N     6.999       0.001

---------------------------------
   M Diagnostic: 0.03
---------------------------------

