Computing Integrals
Basis Set                                            = def2-qzvp
Auxiliary Basis Set                                  = def2-universal-jkfit
Gaussian Type                                        = Spherical
Elapsed time:    2.90 Seconds

Number of basis functions                   (NBF)    = 150
Number of auxiliary basis functions         (NBFAUX) = 532
Inactive Doubly occupied orbitals up to     (NO1)    = 0
No. considered Strongly Doubly occupied MOs (NDOC)   = 35
No. considered Strongly Singly occupied MOs (NSOC)   = 0
NO. of Weakly occ. per St. Doubly occ.  MOs (NCWO)   = 3
Dimension of the Nat. Orb. subspace         (NBF5)   = 140
No. of electrons                                     = 70
    No. of alpha electrons                           = 35
    No. of beta electrons                            = 35
Multiplicity                                         = 1

Geometry
========
Br       0.0000000       0.0000000       1.1379300
Br       0.0000000       0.0000000      -1.1379300

No violations of the orthonormality
No violations of the orthonormality
 
PNOF8/ADABelief Calculation
==================
 
  Nitext  Nit_orb  Time   Nit_occ  Time         Eelec          Etot           Ediff      maxdiff    MaxGrad_orb  Grad_occ
     1      10    1.1e+01    0    1.2e+01 -5431.26832472 -5146.43500722 -15430.26832472   0.000100   4.0e-04   2.2e-04 0.03
 
RESULTS OF THE OCCUPATION OPTIMIZATION
========================================
   1    1.9999999  -490.05055074
   2    1.9999999  -490.04408113
   3    1.9999981  -65.39858838
   4    1.9999980  -65.39253787
   5    1.9999942  -58.63745973
   6    1.9999970  -58.63741256
   7    1.9999970  -58.63329589
   8    1.9999972  -58.63255636
   9    1.9999970  -58.63241207
  10    1.9999971  -58.63237860
  11    1.9999334  -9.91263930
  12    1.9999170  -9.91183797
  13    1.9997386  -7.52711254
  14    1.9997407  -7.52090083
  15    1.9997189  -7.51706022
  16    1.9997388  -7.51691303
  17    1.9998594  -7.51313896
  18    1.9998090  -7.51290178
  19    1.9951452  -3.26019636
  20    1.9973405  -3.25956297
  21    1.9976996  -3.25831417
  22    1.9934729  -3.25783080
  23    1.9973953  -3.25689279
  24    1.9973290  -3.25339543
  25    1.9969316  -3.24983918
  26    1.9973566  -3.24746167
  27    1.9972251  -3.24730195
  28    1.9974902  -3.24642893
  29    1.9801005  -1.03652852
  30    1.9802457  -1.03217876
  31    1.9666036  -0.58626997
  32    1.9731417  -0.47686455
  33    1.9734434  -0.47686319
  34    1.9729405  -0.47684447
  35    1.9735067  -0.47664513
  36    0.0096536  -0.03087903
  37    0.0097672  -0.03020744
  38    0.0096452  -0.03076935
  39    0.0096160  -0.03067331
  40    0.0315941  -0.06537060
  41    0.0099147  -0.03442427
  42    0.0098158  -0.03392370
  43    0.0012093  -0.01179482
  44    0.0013322  -0.00910418
  45    0.0013466  -0.01196208
  46    0.0013026  -0.00661115
  47    0.0014625  -0.00804419
  48    0.0013589  -0.01393700
  49    0.0055709  -0.03787963
  50    0.0011660  -0.00869123
  51    0.0013933  -0.01424605
  52    0.0038552  -0.02878278
  53    0.0001155  -0.00286594
  54    0.0000564  -0.00036948
  55    0.0001789  -0.00598640
  56    0.0002060  -0.00151947
  57    0.0001796  -0.00547020
  58    0.0001819  -0.00856084
  59    0.0000302  -0.00029302
  60    0.0000332  -0.00105303
  61    0.0000012  -0.00046947
  62    0.0000013  -0.00048350
  63    0.0000014  -0.00064124
  64    0.0000024  -0.00011994
  65    0.0000012  -0.00046358
  66    0.0000050  -0.00162663
  67    0.0000010  -0.00004217
  68    0.0000008  -0.00004207
  69    0.0000000  -0.00000543
  70    0.0000000  -0.00000537
  71    0.0092063  -0.03045861
  72    0.0096104  -0.03059404
  73    0.0092602  -0.03064210
  74    0.0095424  -0.03052004
  75    0.0009220  -0.00244705
  76    0.0083010  -0.03889621
  77    0.0092387  -0.04316731
  78    0.0011911  -0.00951425
  79    0.0008378  -0.00466600
  80    0.0011879  -0.00919063
  81    0.0011416  -0.01098881
  82    0.0007499  -0.00373111
  83    0.0006420  -0.00324939
  84    0.0004781  -0.00226661
  85    0.0006902  -0.00442383
  86    0.0011563  -0.00870714
  87    0.0005005  -0.00231631
  88    0.0000404  -0.00036499
  89    0.0000458  -0.00033750
  90    0.0000422  -0.00033566
  91    0.0000384  -0.00039090
  92    0.0000427  -0.00038860
  93    0.0000406  -0.00035418
  94    0.0000283  -0.00253592
  95    0.0000249  -0.00022594
  96    0.0000010  -0.00004242
  97    0.0000008  -0.00003661
  98    0.0000008  -0.00003481
  99    0.0000006  -0.00002567
 100    0.0000009  -0.00004443
 101    0.0000007  -0.00003262
 102    0.0000005  -0.00002538
 103    0.0000006  -0.00002743
 104    0.0000000  -0.00000374
 105    0.0000000  -0.00000314
 106    0.0076334  -0.03157682
 107    0.0076819  -0.03132875
 108    0.0076512  -0.03150463
 109    0.0076999  -0.03161209
 110    0.0008803  -0.00236977
 111    0.0015386  -0.00597577
 112    0.0008450  -0.00273077
 113    0.0001094  -0.00056922
 114    0.0006050  -0.00260986
 115    0.0001088  -0.00073601
 116    0.0006243  -0.00274548
 117    0.0004586  -0.00334084
 118    0.0006038  -0.00262509
 119    0.0004780  -0.00226514
 120    0.0004442  -0.00254454
 121    0.0001100  -0.00056080
 122    0.0004991  -0.00231078
 123    0.0000351  -0.00108844
 124    0.0000384  -0.00175000
 125    0.0000401  -0.00032927
 126    0.0000368  -0.00191584
 127    0.0000370  -0.00065886
 128    0.0000389  -0.00031627
 129    0.0000245  -0.00022509
 130    0.0000085  -0.00191673
 131    0.0000007  -0.00002846
 132    0.0000008  -0.00003428
 133    0.0000007  -0.00003167
 134    0.0000000  -0.00000412
 135    0.0000008  -0.00003606
 136    0.0000000  -0.00000539
 137    0.0000005  -0.00002360
 138    0.0000005  -0.00002209
 139    0.0000000  -0.00000336
 140    0.0000000  -0.00000251
 
----------------
 Final Energies 
----------------
Final NOF Total Energy =   -5146.4350072
 
Total Orbital Internal Iterations = 10
Total Occupation Internal Iterations = 0
 
Elapsed time:   29.01 Seconds

---------------------------------
   Lowdin Population Analysis    
---------------------------------
 Idx  Atom   Population   Charge 
---------------------------------
  1    Br    35.000       0.000
  2    Br    35.000      -0.000

---------------------------------
   M Diagnostic: 0.03
---------------------------------

