Computing Integrals
Basis Set                                            = def2-qzvp
Auxiliary Basis Set                                  = def2-universal-jkfit
Gaussian Type                                        = Spherical
Elapsed time:   15.01 Seconds

Number of basis functions                   (NBF)    = 718
Number of auxiliary basis functions         (NBFAUX) = 928
Inactive Doubly occupied orbitals up to     (NO1)    = 0
No. considered Strongly Doubly occupied MOs (NDOC)   = 54
No. considered Strongly Singly occupied MOs (NSOC)   = 0
NO. of Weakly occ. per St. Doubly occ.  MOs (NCWO)   = 12
Dimension of the Nat. Orb. subspace         (NBF5)   = 702
No. of electrons                                     = 108
    No. of alpha electrons                           = 54
    No. of beta electrons                            = 54
Multiplicity                                         = 1

Geometry
========
 N       0.0000000       0.0000000       4.0966500
 C       0.0000000       0.0000000       5.2389330
 H       0.0000000       0.0000000       6.3063400
 I       0.0000000       0.0000000       0.8379080
 C       0.0000000       0.0000000      -1.2574380
 C       0.0000000       1.2035120      -1.9485380
 C       0.0000000       1.1986190      -3.3357790
 C       0.0000000       0.0000000      -4.0323620
 C       0.0000000      -1.1986190      -3.3357790
 C       0.0000000      -1.2035120      -1.9485380
 H       0.0000000       2.1411600      -1.4086920
 H       0.0000000       2.1394520      -3.8714410
 H       0.0000000       0.0000000      -5.1147180
 H       0.0000000      -2.1394520      -3.8714410
 H       0.0000000      -2.1411600      -1.4086920

No violations of the orthonormality
No violations of the orthonormality
 
PNOF8/ADABelief Calculation
==================
 
  Nitext  Nit_orb  Time   Nit_occ  Time         Eelec          Etot           Ediff      maxdiff    MaxGrad_orb  Grad_occ
     1      10    1.3e+02    0    3.3e+01 -3466.77360376 -2765.56999160 -13465.77360376   0.000713   2.9e-03   2.3e-04 0.04
 
RESULTS OF THE OCCUPATION OPTIMIZATION
========================================
   1    2.0000000  -149.64782477
   2    1.9999999  -64.71612583
   3    1.9999999  -64.70360877
   4    1.9999999  -64.70153982
   5    1.9999997  -26.25747380
   6    1.9999830  -13.18266523
   7    1.9999834  -12.34632956
   8    1.9999627  -11.28212849
   9    1.9999596  -11.25811563
  10    1.9999593  -11.25684108
  11    1.9999596  -11.25677027
  12    1.9999620  -11.25557223
  13    1.9999585  -11.25403640
  14    1.9999528  -11.25338723
  15    1.9999963  -11.24324233
  16    1.9999948  -11.01227320
  17    1.9999950  -11.00746122
  18    1.9999944  -10.96493613
  19    1.9999940  -10.63608488
  20    1.9999934  -10.26428026
  21    1.9999915  -9.92417845
  22    1.9997977  -4.46700408
  23    1.9998183  -4.42548750
  24    1.9998411  -4.42049181
  25    1.9993249  -4.05760304
  26    1.9993282  -4.05727180
  27    1.9994746  -4.05535220
  28    1.9992193  -4.05104621
  29    1.9991735  -4.04932712
  30    1.9840734  -1.25999440
  31    1.9789727  -0.90087801
  32    1.9793201  -0.89951580
  33    1.9728551  -0.88535639
  34    1.9768513  -0.84645712
  35    1.9783826  -0.83942141
  36    1.9762950  -0.83859697
  37    1.9757144  -0.83631253
  38    1.9759535  -0.83400779
  39    1.9753658  -0.82065767
  40    1.9765127  -0.81485300
  41    1.9768277  -0.73695087
  42    1.9744976  -0.71448074
  43    1.9741677  -0.71196369
  44    1.9743789  -0.71156302
  45    1.9736577  -0.70046508
  46    1.9700799  -0.63615721
  47    1.9796107  -0.62674420
  48    1.9659324  -0.54086798
  49    1.9636286  -0.52994645
  50    1.9636639  -0.52993055
  51    1.9683906  -0.43307161
  52    1.9701796  -0.43234500
  53    1.9691840  -0.42948721
  54    1.9638319  -0.32649733
  55    0.0361296  -0.03996003
  56    0.0273878  -0.03353549
  57    0.0253652  -0.03161449
  58    0.0290568  -0.03531615
  59    0.0286401  -0.03723774
  60    0.0286667  -0.03723829
  61    0.0311171  -0.04671487
  62    0.0078534  -0.01687186
  63    0.0197529  -0.02997168
  64    0.0145219  -0.02112342
  65    0.0142862  -0.02094642
  66    0.0145365  -0.02107467
  67    0.0145473  -0.02131696
  68    0.0139158  -0.02099983
  69    0.0165514  -0.02585881
  70    0.0150238  -0.02733145
  71    0.0146378  -0.02697796
  72    0.0145729  -0.02689960
  73    0.0143163  -0.02663048
  74    0.0060902  -0.01565820
  75    0.0134025  -0.02558455
  76    0.0211273  -0.03388547
  77    0.0048262  -0.01344024
  78    0.0131568  -0.02596826
  79    0.0085387  -0.02189866
  80    0.0007327  -0.00507385
  81    0.0006846  -0.00474632
  82    0.0004332  -0.00389453
  83    0.0005783  -0.00399030
  84    0.0005761  -0.00394664
  85    0.0000591  -0.00097955
  86    0.0000972  -0.00130088
  87    0.0000781  -0.00107758
  88    0.0000021  -0.00002380
  89    0.0000016  -0.00001947
  90    0.0000015  -0.00001817
  91    0.0000017  -0.00002065
  92    0.0000017  -0.00002030
  93    0.0000021  -0.00003094
  94    0.0000012  -0.00001587
  95    0.0000282  -0.00061668
  96    0.0000208  -0.00045640
  97    0.0000166  -0.00030269
  98    0.0000081  -0.00007124
  99    0.0000203  -0.00047584
 100    0.0000178  -0.00039444
 101    0.0000165  -0.00036906
 102    0.0000028  -0.00003486
 103    0.0000057  -0.00013593
 104    0.0000000  -0.00000046
 105    0.0000000  -0.00000015
 106    0.0000000  -0.00000016
 107    0.0000000  -0.00000015
 108    0.0000000  -0.00000004
 109    0.0000052  -0.00002934
 110    0.0015022  -0.00371268
 111    0.0015237  -0.00398982
 112    0.0007889  -0.00161450
 113    0.0041051  -0.00726052
 114    0.0041117  -0.00725504
 115    0.0016249  -0.00356712
 116    0.0026563  -0.00600577
 117    0.0052642  -0.01109653
 118    0.0042531  -0.00771051
 119    0.0042422  -0.00759822
 120    0.0040359  -0.00724679
 121    0.0035778  -0.00662202
 122    0.0031496  -0.00555394
 123    0.0020592  -0.00456094
 124    0.0043545  -0.00880972
 125    0.0039719  -0.00878456
 126    0.0042259  -0.00896273
 127    0.0039414  -0.00879605
 128    0.0047462  -0.01324923
 129    0.0035831  -0.00865551
 130    0.0046728  -0.01042588
 131    0.0044352  -0.01266024
 132    0.0024446  -0.00573026
 133    0.0037631  -0.01068700
 134    0.0000126  -0.00013980
 135    0.0000123  -0.00012178
 136    0.0000129  -0.00010706
 137    0.0000114  -0.00009539
 138    0.0000124  -0.00013858
 139    0.0000189  -0.00015563
 140    0.0000117  -0.00009813
 141    0.0000537  -0.00090719
 142    0.0000017  -0.00002038
 143    0.0000008  -0.00001155
 144    0.0000011  -0.00001738
 145    0.0000007  -0.00000794
 146    0.0000004  -0.00000439
 147    0.0000005  -0.00000422
 148    0.0000004  -0.00000263
 149    0.0000038  -0.00003873
 150    0.0000042  -0.00004161
 151    0.0000045  -0.00004989
 152    0.0000047  -0.00004407
 153    0.0000047  -0.00004874
 154    0.0000046  -0.00004872
 155    0.0000041  -0.00004178
 156    0.0000020  -0.00004201
 157    0.0000017  -0.00002150
 158    0.0000000  -0.00000038
 159    0.0000000  -0.00000017
 160    0.0000000  -0.00000016
 161    0.0000000  -0.00000015
 162    0.0000000  -0.00000004
 163    0.0000047  -0.00002679
 164    0.0007748  -0.00161340
 165    0.0008091  -0.00179286
 166    0.0006305  -0.00126239
 167    0.0030224  -0.00537700
 168    0.0030226  -0.00538228
 169    0.0006015  -0.00143213
 170    0.0026440  -0.00600180
 171    0.0035260  -0.00680189
 172    0.0034398  -0.00582198
 173    0.0031607  -0.00547673
 174    0.0032490  -0.00554735
 175    0.0033552  -0.00573307
 176    0.0021756  -0.00449178
 177    0.0016250  -0.00413633
 178    0.0026666  -0.00583899
 179    0.0026597  -0.00588460
 180    0.0025907  -0.00575909
 181    0.0026627  -0.00591928
 182    0.0043006  -0.01231254
 183    0.0025351  -0.00577566
 184    0.0004081  -0.00103822
 185    0.0039102  -0.01149878
 186    0.0016760  -0.00658501
 187    0.0007714  -0.00354904
 188    0.0000121  -0.00010634
 189    0.0000120  -0.00010050
 190    0.0000119  -0.00009564
 191    0.0000099  -0.00007753
 192    0.0000119  -0.00009495
 193    0.0000186  -0.00013484
 194    0.0000099  -0.00007862
 195    0.0000158  -0.00012151
 196    0.0000008  -0.00001621
 197    0.0000007  -0.00000720
 198    0.0000005  -0.00000632
 199    0.0000004  -0.00000435
 200    0.0000004  -0.00000294
 201    0.0000003  -0.00000258
 202    0.0000003  -0.00000190
 203    0.0000032  -0.00003384
 204    0.0000037  -0.00004084
 205    0.0000041  -0.00004326
 206    0.0000041  -0.00005595
 207    0.0000038  -0.00003730
 208    0.0000042  -0.00004165
 209    0.0000034  -0.00003183
 210    0.0000020  -0.00002368
 211    0.0000016  -0.00001894
 212    0.0000000  -0.00000042
 213    0.0000000  -0.00000012
 214    0.0000000  -0.00000016
 215    0.0000000  -0.00000012
 216    0.0000000  -0.00000004
 217    0.0000046  -0.00002821
 218    0.0002490  -0.00068032
 219    0.0006095  -0.00125665
 220    0.0002413  -0.00060961
 221    0.0002121  -0.00055128
 222    0.0002191  -0.00055927
 223    0.0004337  -0.00106712
 224    0.0014888  -0.00528321
 225    0.0003841  -0.00096282
 226    0.0021576  -0.00434025
 227    0.0018184  -0.00422851
 228    0.0020021  -0.00460391
 229    0.0018055  -0.00417684
 230    0.0017029  -0.00549530
 231    0.0014165  -0.00420379
 232    0.0009656  -0.00302770
 233    0.0009227  -0.00361250
 234    0.0009305  -0.00297062
 235    0.0009357  -0.00380423
 236    0.0037235  -0.01116744
 237    0.0013972  -0.00565224
 238    0.0003566  -0.00091354
 239    0.0036657  -0.01002014
 240    0.0011333  -0.00395009
 241    0.0006584  -0.00275976
 242    0.0000109  -0.00008207
 243    0.0000108  -0.00008256
 244    0.0000107  -0.00008743
 245    0.0000099  -0.00008003
 246    0.0000116  -0.00009170
 247    0.0000173  -0.00012539
 248    0.0000091  -0.00007432
 249    0.0000138  -0.00010373
 250    0.0000006  -0.00000674
 251    0.0000005  -0.00000466
 252    0.0000004  -0.00000417
 253    0.0000004  -0.00000372
 254    0.0000004  -0.00000287
 255    0.0000003  -0.00000252
 256    0.0000002  -0.00000125
 257    0.0000031  -0.00003699
 258    0.0000035  -0.00003642
 259    0.0000035  -0.00003657
 260    0.0000039  -0.00005155
 261    0.0000033  -0.00003768
 262    0.0000037  -0.00004184
 263    0.0000034  -0.00003299
 264    0.0000016  -0.00002067
 265    0.0000014  -0.00001902
 266    0.0000000  -0.00000039
 267    0.0000000  -0.00000011
 268    0.0000000  -0.00000015
 269    0.0000000  -0.00000014
 270    0.0000000  -0.00000004
 271    0.0000040  -0.00002344
 272    0.0002137  -0.00052737
 273    0.0004055  -0.00091209
 274    0.0002276  -0.00054043
 275    0.0001451  -0.00039929
 276    0.0001473  -0.00040306
 277    0.0000643  -0.00017493
 278    0.0013569  -0.00527141
 279    0.0003125  -0.00080596
 280    0.0005997  -0.00155459
 281    0.0007887  -0.00244046
 282    0.0005901  -0.00152807
 283    0.0005836  -0.00152774
 284    0.0005966  -0.00160227
 285    0.0008301  -0.00266058
 286    0.0007270  -0.00201594
 287    0.0008278  -0.00221322
 288    0.0007703  -0.00225522
 289    0.0008198  -0.00225389
 290    0.0009980  -0.00449970
 291    0.0009145  -0.00266875
 292    0.0002812  -0.00073108
 293    0.0031812  -0.01018988
 294    0.0009468  -0.00302316
 295    0.0005756  -0.00362529
 296    0.0000102  -0.00007906
 297    0.0000104  -0.00008016
 298    0.0000097  -0.00007978
 299    0.0000093  -0.00007425
 300    0.0000095  -0.00007461
 301    0.0000166  -0.00012359
 302    0.0000085  -0.00006712
 303    0.0000127  -0.00010026
 304    0.0000005  -0.00000633
 305    0.0000005  -0.00000424
 306    0.0000004  -0.00000342
 307    0.0000004  -0.00000286
 308    0.0000003  -0.00000247
 309    0.0000003  -0.00000242
 310    0.0000002  -0.00000117
 311    0.0000030  -0.00003732
 312    0.0000032  -0.00003325
 313    0.0000032  -0.00003481
 314    0.0000036  -0.00004416
 315    0.0000029  -0.00003400
 316    0.0000034  -0.00003630
 317    0.0000033  -0.00003382
 318    0.0000015  -0.00001740
 319    0.0000013  -0.00001678
 320    0.0000000  -0.00000039
 321    0.0000000  -0.00000014
 322    0.0000000  -0.00000010
 323    0.0000000  -0.00000013
 324    0.0000000  -0.00000004
 325    0.0000037  -0.00001930
 326    0.0001386  -0.00037349
 327    0.0002874  -0.00081309
 328    0.0001572  -0.00039073
 329    0.0000503  -0.00017650
 330    0.0000507  -0.00017872
 331    0.0000566  -0.00014070
 332    0.0012417  -0.00524014
 333    0.0002884  -0.00071862
 334    0.0003586  -0.00113268
 335    0.0003709  -0.00099019
 336    0.0003790  -0.00109093
 337    0.0004542  -0.00126470
 338    0.0005118  -0.00184206
 339    0.0002619  -0.00069654
 340    0.0003883  -0.00142865
 341    0.0003946  -0.00111276
 342    0.0004770  -0.00120744
 343    0.0003715  -0.00135822
 344    0.0009076  -0.00410632
 345    0.0004850  -0.00174683
 346    0.0000947  -0.00025360
 347    0.0002991  -0.00134908
 348    0.0006218  -0.00230447
 349    0.0004204  -0.00194591
 350    0.0000098  -0.00007736
 351    0.0000103  -0.00008104
 352    0.0000091  -0.00007699
 353    0.0000093  -0.00007437
 354    0.0000093  -0.00007199
 355    0.0000076  -0.00005724
 356    0.0000085  -0.00006828
 357    0.0000071  -0.00005518
 358    0.0000005  -0.00000510
 359    0.0000005  -0.00000422
 360    0.0000003  -0.00000246
 361    0.0000003  -0.00000237
 362    0.0000003  -0.00000254
 363    0.0000003  -0.00000220
 364    0.0000002  -0.00000145
 365    0.0000011  -0.00001322
 366    0.0000015  -0.00001867
 367    0.0000012  -0.00001406
 368    0.0000034  -0.00003956
 369    0.0000011  -0.00001528
 370    0.0000016  -0.00001888
 371    0.0000015  -0.00001837
 372    0.0000014  -0.00001701
 373    0.0000013  -0.00001461
 374    0.0000000  -0.00000037
 375    0.0000000  -0.00000010
 376    0.0000000  -0.00000009
 377    0.0000000  -0.00000015
 378    0.0000000  -0.00000004
 379    0.0000032  -0.00001847
 380    0.0001370  -0.00036016
 381    0.0001978  -0.00059106
 382    0.0001350  -0.00036157
 383    0.0000354  -0.00012924
 384    0.0000334  -0.00012685
 385    0.0000364  -0.00013376
 386    0.0008457  -0.00209326
 387    0.0002461  -0.00059168
 388    0.0003136  -0.00083934
 389    0.0003170  -0.00109103
 390    0.0002968  -0.00098214
 391    0.0003688  -0.00103187
 392    0.0003632  -0.00136326
 393    0.0002612  -0.00069682
 394    0.0001665  -0.00053143
 395    0.0002398  -0.00073664
 396    0.0003981  -0.00149894
 397    0.0002399  -0.00075553
 398    0.0004533  -0.00161761
 399    0.0003702  -0.00101031
 400    0.0000646  -0.00018395
 401    0.0001829  -0.00078267
 402    0.0004271  -0.00178904
 403    0.0004153  -0.00177538
 404    0.0000087  -0.00007519
 405    0.0000098  -0.00007704
 406    0.0000087  -0.00007157
 407    0.0000089  -0.00007095
 408    0.0000090  -0.00007299
 409    0.0000065  -0.00005051
 410    0.0000076  -0.00006205
 411    0.0000058  -0.00004746
 412    0.0000004  -0.00000363
 413    0.0000004  -0.00000409
 414    0.0000003  -0.00000210
 415    0.0000003  -0.00000224
 416    0.0000003  -0.00000155
 417    0.0000003  -0.00000185
 418    0.0000002  -0.00000112
 419    0.0000010  -0.00002284
 420    0.0000011  -0.00001675
 421    0.0000011  -0.00002477
 422    0.0000033  -0.00004799
 423    0.0000011  -0.00001417
 424    0.0000011  -0.00001494
 425    0.0000012  -0.00002110
 426    0.0000014  -0.00002281
 427    0.0000009  -0.00001126
 428    0.0000000  -0.00000037
 429    0.0000000  -0.00000011
 430    0.0000000  -0.00000009
 431    0.0000000  -0.00000011
 432    0.0000000  -0.00000005
 433    0.0000031  -0.00001812
 434    0.0001273  -0.00033572
 435    0.0001821  -0.00048447
 436    0.0001132  -0.00028787
 437    0.0000291  -0.00011525
 438    0.0000291  -0.00011463
 439    0.0000327  -0.00011911
 440    0.0008432  -0.00202835
 441    0.0000371  -0.00013790
 442    0.0002502  -0.00074755
 443    0.0002461  -0.00074226
 444    0.0002728  -0.00073129
 445    0.0003129  -0.00103692
 446    0.0003193  -0.00128751
 447    0.0001124  -0.00031446
 448    0.0000981  -0.00035055
 449    0.0001132  -0.00045390
 450    0.0000940  -0.00035471
 451    0.0001311  -0.00047935
 452    0.0002473  -0.00095703
 453    0.0001443  -0.00053132
 454    0.0000388  -0.00015766
 455    0.0000498  -0.00022690
 456    0.0001764  -0.00062111
 457    0.0002661  -0.00197266
 458    0.0000082  -0.00006564
 459    0.0000085  -0.00007097
 460    0.0000079  -0.00006356
 461    0.0000085  -0.00006662
 462    0.0000081  -0.00006325
 463    0.0000057  -0.00004635
 464    0.0000073  -0.00006050
 465    0.0000050  -0.00004188
 466    0.0000004  -0.00000333
 467    0.0000004  -0.00000319
 468    0.0000003  -0.00000185
 469    0.0000003  -0.00000185
 470    0.0000003  -0.00000153
 471    0.0000003  -0.00000166
 472    0.0000002  -0.00000105
 473    0.0000010  -0.00001867
 474    0.0000009  -0.00002682
 475    0.0000010  -0.00002166
 476    0.0000025  -0.00004017
 477    0.0000009  -0.00002761
 478    0.0000011  -0.00001272
 479    0.0000012  -0.00001117
 480    0.0000012  -0.00001399
 481    0.0000009  -0.00001202
 482    0.0000000  -0.00000039
 483    0.0000000  -0.00000014
 484    0.0000000  -0.00000012
 485    0.0000000  -0.00000014
 486    0.0000000  -0.00000004
 487    0.0000029  -0.00001779
 488    0.0000924  -0.00024483
 489    0.0001404  -0.00036017
 490    0.0000836  -0.00021962
 491    0.0000277  -0.00008583
 492    0.0000277  -0.00009463
 493    0.0000321  -0.00011779
 494    0.0006534  -0.00268625
 495    0.0000337  -0.00013873
 496    0.0001826  -0.00051803
 497    0.0001433  -0.00046971
 498    0.0002215  -0.00067503
 499    0.0001852  -0.00050601
 500    0.0001728  -0.00054106
 501    0.0001079  -0.00030872
 502    0.0000889  -0.00031177
 503    0.0000925  -0.00032303
 504    0.0000835  -0.00029588
 505    0.0001016  -0.00038007
 506    0.0000425  -0.00020317
 507    0.0001052  -0.00039946
 508    0.0000289  -0.00013169
 509    0.0000409  -0.00022825
 510    0.0001450  -0.00054449
 511    0.0001932  -0.00105710
 512    0.0000075  -0.00005737
 513    0.0000076  -0.00005824
 514    0.0000062  -0.00004862
 515    0.0000077  -0.00006310
 516    0.0000078  -0.00006148
 517    0.0000027  -0.00003433
 518    0.0000068  -0.00005460
 519    0.0000039  -0.00003662
 520    0.0000004  -0.00000319
 521    0.0000004  -0.00000307
 522    0.0000003  -0.00000195
 523    0.0000003  -0.00000181
 524    0.0000003  -0.00000159
 525    0.0000002  -0.00000129
 526    0.0000002  -0.00000113
 527    0.0000009  -0.00001858
 528    0.0000007  -0.00000852
 529    0.0000009  -0.00002916
 530    0.0000021  -0.00003642
 531    0.0000008  -0.00001229
 532    0.0000009  -0.00002927
 533    0.0000009  -0.00001220
 534    0.0000010  -0.00001111
 535    0.0000007  -0.00001643
 536    0.0000000  -0.00000038
 537    0.0000000  -0.00000014
 538    0.0000000  -0.00000010
 539    0.0000000  -0.00000018
 540    0.0000000  -0.00000004
 541    0.0000028  -0.00001779
 542    0.0000786  -0.00023378
 543    0.0001259  -0.00034948
 544    0.0000725  -0.00021606
 545    0.0000266  -0.00008356
 546    0.0000251  -0.00007261
 547    0.0000283  -0.00011030
 548    0.0002787  -0.00082123
 549    0.0000282  -0.00011857
 550    0.0001056  -0.00034831
 551    0.0001190  -0.00037467
 552    0.0001077  -0.00038083
 553    0.0001367  -0.00043388
 554    0.0001215  -0.00042355
 555    0.0000941  -0.00029300
 556    0.0000751  -0.00026665
 557    0.0000826  -0.00031306
 558    0.0000637  -0.00026149
 559    0.0000838  -0.00028274
 560    0.0000415  -0.00021161
 561    0.0000912  -0.00034695
 562    0.0000264  -0.00012599
 563    0.0000316  -0.00015557
 564    0.0001162  -0.00061379
 565    0.0001311  -0.00089628
 566    0.0000063  -0.00004890
 567    0.0000060  -0.00004869
 568    0.0000057  -0.00005476
 569    0.0000076  -0.00005852
 570    0.0000071  -0.00005444
 571    0.0000023  -0.00003064
 572    0.0000067  -0.00005397
 573    0.0000028  -0.00003134
 574    0.0000004  -0.00000318
 575    0.0000003  -0.00000224
 576    0.0000003  -0.00000172
 577    0.0000003  -0.00000205
 578    0.0000002  -0.00000148
 579    0.0000002  -0.00000144
 580    0.0000002  -0.00000107
 581    0.0000008  -0.00001174
 582    0.0000007  -0.00000920
 583    0.0000008  -0.00000988
 584    0.0000019  -0.00002527
 585    0.0000007  -0.00000895
 586    0.0000008  -0.00002463
 587    0.0000008  -0.00003224
 588    0.0000006  -0.00000796
 589    0.0000006  -0.00000559
 590    0.0000000  -0.00000035
 591    0.0000000  -0.00000013
 592    0.0000000  -0.00000010
 593    0.0000000  -0.00000014
 594    0.0000000  -0.00000004
 595    0.0000025  -0.00001229
 596    0.0000653  -0.00019950
 597    0.0000976  -0.00027938
 598    0.0000552  -0.00017280
 599    0.0000217  -0.00007477
 600    0.0000212  -0.00008204
 601    0.0000223  -0.00008598
 602    0.0002721  -0.00094425
 603    0.0000238  -0.00011379
 604    0.0000911  -0.00028142
 605    0.0000669  -0.00024074
 606    0.0000756  -0.00026735
 607    0.0001075  -0.00036031
 608    0.0000758  -0.00027663
 609    0.0000940  -0.00029372
 610    0.0000416  -0.00016495
 611    0.0000642  -0.00025855
 612    0.0000425  -0.00017517
 613    0.0000612  -0.00024107
 614    0.0000345  -0.00016364
 615    0.0000743  -0.00028171
 616    0.0000248  -0.00012111
 617    0.0000302  -0.00015078
 618    0.0001042  -0.00062401
 619    0.0000981  -0.00043354
 620    0.0000039  -0.00003833
 621    0.0000058  -0.00004678
 622    0.0000053  -0.00004891
 623    0.0000072  -0.00005539
 624    0.0000064  -0.00005483
 625    0.0000023  -0.00002803
 626    0.0000058  -0.00004704
 627    0.0000024  -0.00003277
 628    0.0000004  -0.00000280
 629    0.0000003  -0.00000194
 630    0.0000003  -0.00000136
 631    0.0000002  -0.00000147
 632    0.0000002  -0.00000139
 633    0.0000002  -0.00000121
 634    0.0000002  -0.00000092
 635    0.0000005  -0.00000587
 636    0.0000006  -0.00000667
 637    0.0000007  -0.00000837
 638    0.0000019  -0.00002267
 639    0.0000005  -0.00000568
 640    0.0000007  -0.00000774
 641    0.0000007  -0.00000634
 642    0.0000006  -0.00002494
 643    0.0000005  -0.00001459
 644    0.0000000  -0.00000035
 645    0.0000000  -0.00000009
 646    0.0000000  -0.00000013
 647    0.0000000  -0.00000011
 648    0.0000000  -0.00000004
 649    0.0000018  -0.00001149
 650    0.0000493  -0.00017202
 651    0.0000763  -0.00021979
 652    0.0000476  -0.00015917
 653    0.0000206  -0.00008209
 654    0.0000168  -0.00006783
 655    0.0000177  -0.00006895
 656    0.0002551  -0.00088314
 657    0.0000231  -0.00009917
 658    0.0000684  -0.00023919
 659    0.0000619  -0.00021673
 660    0.0000655  -0.00023398
 661    0.0000677  -0.00024005
 662    0.0000674  -0.00025122
 663    0.0000736  -0.00028217
 664    0.0000382  -0.00014674
 665    0.0000396  -0.00016008
 666    0.0000364  -0.00014265
 667    0.0000400  -0.00015511
 668    0.0000322  -0.00015221
 669    0.0000462  -0.00019102
 670    0.0000209  -0.00009803
 671    0.0000268  -0.00013695
 672    0.0000792  -0.00030298
 673    0.0000952  -0.00038864
 674    0.0000036  -0.00004059
 675    0.0000026  -0.00003840
 676    0.0000040  -0.00003811
 677    0.0000038  -0.00003938
 678    0.0000059  -0.00004747
 679    0.0000012  -0.00001344
 680    0.0000028  -0.00003529
 681    0.0000011  -0.00001139
 682    0.0000003  -0.00000188
 683    0.0000003  -0.00000182
 684    0.0000002  -0.00000140
 685    0.0000002  -0.00000141
 686    0.0000002  -0.00000130
 687    0.0000002  -0.00000116
 688    0.0000002  -0.00000087
 689    0.0000005  -0.00000526
 690    0.0000005  -0.00000529
 691    0.0000005  -0.00000521
 692    0.0000010  -0.00003830
 693    0.0000005  -0.00000579
 694    0.0000005  -0.00000548
 695    0.0000005  -0.00000392
 696    0.0000005  -0.00000910
 697    0.0000005  -0.00000468
 698    0.0000000  -0.00000035
 699    0.0000000  -0.00000009
 700    0.0000000  -0.00000009
 701    0.0000000  -0.00000010
 702    0.0000000  -0.00000005
 
----------------
 Final Energies 
----------------
Final NOF Total Energy =   -2765.5699916
 
Total Orbital Internal Iterations = 10
Total Occupation Internal Iterations = 0
 
Elapsed time:  222.04 Seconds

---------------------------------
   Lowdin Population Analysis    
---------------------------------
 Idx  Atom   Population   Charge 
---------------------------------
  1     N     6.894       0.106
  2     C     5.949       0.051
  3     H     1.135      -0.135
  4     I    52.626       0.374
  5     C     6.386      -0.386
  6     C     5.967       0.033
  7     C     5.934       0.066
  8     C     5.927       0.073
  9     C     5.934       0.066
 10     C     5.963       0.037
 11     H     1.057      -0.057
 12     H     1.058      -0.058
 13     H     1.056      -0.056
 14     H     1.059      -0.059
 15     H     1.056      -0.056

---------------------------------
   M Diagnostic: 0.04
---------------------------------

