Computing Integrals
Basis Set                                            = def2-qzvp
Auxiliary Basis Set                                  = def2-universal-jkfit
Gaussian Type                                        = Spherical
Elapsed time:    1.81 Seconds

Number of basis functions                   (NBF)    = 127
Number of auxiliary basis functions         (NBFAUX) = 205
Inactive Doubly occupied orbitals up to     (NO1)    = 0
No. considered Strongly Doubly occupied MOs (NDOC)   = 13
No. considered Strongly Singly occupied MOs (NSOC)   = 0
NO. of Weakly occ. per St. Doubly occ.  MOs (NCWO)   = 8
Dimension of the Nat. Orb. subspace         (NBF5)   = 117
No. of electrons                                     = 26
    No. of alpha electrons                           = 13
    No. of beta electrons                            = 13
Multiplicity                                         = 1

Geometry
========
Cl       0.0000000       0.0000000       0.5629020
 F       0.0000000       0.0000000      -1.0632600

Orthonormality violations 568, Maximum Violation 0.000012
Trying to orthonormalize
No violations of the orthonormality
No violations of the orthonormality
 
PNOF8/ADABelief Calculation
==================
 
  Nitext  Nit_orb  Time   Nit_occ  Time         Eelec          Etot           Ediff      maxdiff    MaxGrad_orb  Grad_occ
     1      10    1.0e+01    0    1.2e+01  -609.54524821  -559.75688319 -10608.54524821   0.000099   4.0e-04   1.9e-04 0.03
 
RESULTS OF THE OCCUPATION OPTIMIZATION
========================================
   1    1.9999985  -104.98524141
   2    1.9999857  -26.40160237
   3    1.9998883  -10.67490398
   4    1.9991582  -8.14588660
   5    1.9993136  -8.13950190
   6    1.9994302  -8.13930590
   7    1.9871911  -1.63122848
   8    1.9841271  -1.12823093
   9    1.9652718  -0.78981288
  10    1.9789947  -0.74886115
  11    1.9794008  -0.74723121
  12    1.9775271  -0.53640660
  13    1.9714742  -0.53216012
  14    0.0084854  -0.01735152
  15    0.0093679  -0.01868473
  16    0.0105174  -0.02322270
  17    0.0111601  -0.02369894
  18    0.0342772  -0.06830305
  19    0.0065324  -0.02939162
  20    0.0056992  -0.02233942
  21    0.0004456  -0.01059431
  22    0.0005119  -0.01192953
  23    0.0004370  -0.01055491
  24    0.0000453  -0.00064979
  25    0.0000053  -0.00015278
  26    0.0000005  -0.00004067
  27    0.0079073  -0.01682394
  28    0.0072529  -0.02018275
  29    0.0039209  -0.01219303
  30    0.0040839  -0.01238875
  31    0.0001869  -0.00079811
  32    0.0042699  -0.01472274
  33    0.0024692  -0.00976930
  34    0.0000741  -0.00294994
  35    0.0000637  -0.00075170
  36    0.0002997  -0.00745090
  37    0.0000149  -0.00045120
  38    0.0000030  -0.00011311
  39    0.0000002  -0.00002862
  40    0.0063177  -0.01743498
  41    0.0021291  -0.00925712
  42    0.0033319  -0.00911829
  43    0.0038654  -0.01030717
  44    0.0000509  -0.00026526
  45    0.0019558  -0.01005300
  46    0.0024302  -0.00969544
  47    0.0000120  -0.00014827
  48    0.0000619  -0.00081841
  49    0.0000534  -0.00145694
  50    0.0000115  -0.00043814
  51    0.0000022  -0.00026255
  52    0.0000002  -0.00001292
  53    0.0049524  -0.01347901
  54    0.0015514  -0.00656905
  55    0.0015218  -0.00665510
  56    0.0006296  -0.00249445
  57    0.0000478  -0.00018247
  58    0.0018943  -0.00993821
  59    0.0009521  -0.00649318
  60    0.0000099  -0.00014897
  61    0.0000149  -0.00020548
  62    0.0000144  -0.00016598
  63    0.0000106  -0.00018032
  64    0.0000019  -0.00004991
  65    0.0000001  -0.00001101
  66    0.0004825  -0.00134720
  67    0.0006924  -0.00175386
  68    0.0005135  -0.00332963
  69    0.0004901  -0.00187709
  70    0.0000478  -0.00018242
  71    0.0004173  -0.00162809
  72    0.0005772  -0.00274774
  73    0.0000077  -0.00010768
  74    0.0000115  -0.00014610
  75    0.0000126  -0.00042039
  76    0.0000099  -0.00013632
  77    0.0000016  -0.00004449
  78    0.0000001  -0.00001064
  79    0.0001677  -0.00080896
  80    0.0006774  -0.00174522
  81    0.0002844  -0.00117855
  82    0.0002762  -0.00110713
  83    0.0000396  -0.00017176
  84    0.0003717  -0.00222009
  85    0.0002424  -0.00120197
  86    0.0000071  -0.00010355
  87    0.0000079  -0.00011443
  88    0.0000085  -0.00011845
  89    0.0000084  -0.00012195
  90    0.0000001  -0.00001088
  91    0.0000001  -0.00000791
  92    0.0001086  -0.00062349
  93    0.0005889  -0.00152260
  94    0.0002775  -0.00113495
  95    0.0002604  -0.00104907
  96    0.0000393  -0.00017255
  97    0.0002423  -0.00129133
  98    0.0002337  -0.00112590
  99    0.0000070  -0.00009660
 100    0.0000074  -0.00010560
 101    0.0000084  -0.00011669
 102    0.0000076  -0.00010518
 103    0.0000001  -0.00000572
 104    0.0000001  -0.00000723
 105    0.0001041  -0.00047814
 106    0.0002128  -0.00096968
 107    0.0002318  -0.00101023
 108    0.0002396  -0.00096514
 109    0.0000387  -0.00015090
 110    0.0001891  -0.00098856
 111    0.0002048  -0.00104162
 112    0.0000064  -0.00009366
 113    0.0000071  -0.00009825
 114    0.0000080  -0.00011029
 115    0.0000033  -0.00035284
 116    0.0000000  -0.00000381
 117    0.0000001  -0.00000686
 
----------------
 Final Energies 
----------------
Final NOF Total Energy =    -559.7568832
 
Total Orbital Internal Iterations = 10
Total Occupation Internal Iterations = 0
 
Elapsed time:   28.93 Seconds

---------------------------------
   Lowdin Population Analysis    
---------------------------------
 Idx  Atom   Population   Charge 
---------------------------------
  1    Cl    16.892       0.108
  2     F     9.108      -0.108

---------------------------------
   M Diagnostic: 0.03
---------------------------------

