Computing Integrals
Basis Set                                            = def2-qzvp
Auxiliary Basis Set                                  = def2-universal-jkfit
Gaussian Type                                        = Spherical
Elapsed time:    8.74 Seconds

Number of basis functions                   (NBF)    = 574
Number of auxiliary basis functions         (NBFAUX) = 758
Inactive Doubly occupied orbitals up to     (NO1)    = 0
No. considered Strongly Doubly occupied MOs (NDOC)   = 47
No. considered Strongly Singly occupied MOs (NSOC)   = 0
NO. of Weakly occ. per St. Doubly occ.  MOs (NCWO)   = 11
Dimension of the Nat. Orb. subspace         (NBF5)   = 564
No. of electrons                                     = 94
    No. of alpha electrons                           = 47
    No. of beta electrons                            = 47
Multiplicity                                         = 1

Geometry
========
 I       0.0000000       0.0000000       1.5420400
 C       0.0000000       0.0000000      -0.5530040
 C       0.0000000       1.2055670      -1.2382030
 C       0.0000000       1.1991150      -2.6254240
 C       0.0000000       0.0000000      -3.3209690
 C       0.0000000      -1.1991150      -2.6254240
 C       0.0000000      -1.2055670      -1.2382030
 H       0.0000000       2.1423770      -0.6975470
 H       0.0000000       2.1396780      -3.1612290
 H       0.0000000       0.0000000      -4.4031950
 H       0.0000000      -2.1396780      -3.1612290
 H       0.0000000      -2.1423770      -0.6975470

No violations of the orthonormality
No violations of the orthonormality
 
PNOF8/ADABelief Calculation
==================
 
  Nitext  Nit_orb  Time   Nit_occ  Time         Eelec          Etot           Ediff      maxdiff    MaxGrad_orb  Grad_occ
     1      10    5.3e+01    0    2.8e+01 -3203.97538200 -2671.54194282 -13202.97538200   0.000804   3.2e-03   2.3e-04 0.04
 
RESULTS OF THE OCCUPATION OPTIMIZATION
========================================
   1    2.0000000  -149.45213656
   2    1.9999999  -64.74770150
   3    1.9999999  -64.73432760
   4    1.9999999  -64.73341499
   5    1.9999997  -26.22963170
   6    1.9999578  -11.26621798
   7    1.9999623  -11.26600025
   8    1.9999616  -11.26283178
   9    1.9999631  -11.26115973
  10    1.9999594  -11.26069711
  11    1.9999548  -11.25905776
  12    1.9999934  -11.22758645
  13    1.9999925  -11.07088815
  14    1.9999918  -11.00474547
  15    1.9999916  -10.96052105
  16    1.9999915  -10.95688834
  17    1.9999884  -9.96642828
  18    1.9999852  -9.95160498
  19    1.9999843  -9.93646327
  20    1.9997696  -5.21101022
  21    1.9993829  -4.07989381
  22    1.9993680  -4.07983480
  23    1.9993281  -4.07908485
  24    1.9993396  -4.07614421
  25    1.9992348  -4.07603749
  26    1.9991972  -4.07576574
  27    1.9991691  -4.07292687
  28    1.9796523  -0.93405164
  29    1.9810684  -0.92071390
  30    1.9732814  -0.90388965
  31    1.9786310  -0.88704375
  32    1.9784207  -0.88321104
  33    1.9766893  -0.84455660
  34    1.9757254  -0.83184545
  35    1.9758419  -0.82571885
  36    1.9722660  -0.81357831
  37    1.9741203  -0.71557721
  38    1.9744698  -0.71462744
  39    1.9740335  -0.70742577
  40    1.9744852  -0.69985526
  41    1.9765017  -0.69869589
  42    1.9731719  -0.69853777
  43    1.9658317  -0.54659564
  44    1.9693653  -0.44590045
  45    1.9689980  -0.43859902
  46    1.9682794  -0.43036009
  47    1.9639960  -0.33976657
  48    0.0359942  -0.04075075
  49    0.0281199  -0.03475672
  50    0.0210568  -0.02867390
  51    0.0223137  -0.03070412
  52    0.0317636  -0.04709012
  53    0.0136187  -0.02045700
  54    0.0072475  -0.01671830
  55    0.0135233  -0.02021043
  56    0.0136709  -0.02038275
  57    0.0141327  -0.02104463
  58    0.0144342  -0.02108323
  59    0.0207532  -0.03207722
  60    0.0144231  -0.02667619
  61    0.0149560  -0.02739602
  62    0.0136329  -0.02604965
  63    0.0153420  -0.02843355
  64    0.0145774  -0.02748720
  65    0.0244029  -0.03732937
  66    0.0045882  -0.01292391
  67    0.0128409  -0.02569849
  68    0.0007260  -0.00504690
  69    0.0006964  -0.00488908
  70    0.0006633  -0.00458021
  71    0.0005592  -0.00446214
  72    0.0005683  -0.00441280
  73    0.0005159  -0.00411060
  74    0.0005106  -0.00404705
  75    0.0001637  -0.00208812
  76    0.0000028  -0.00003179
  77    0.0000028  -0.00003550
  78    0.0000027  -0.00003717
  79    0.0000026  -0.00003222
  80    0.0000023  -0.00003943
  81    0.0000018  -0.00002751
  82    0.0000019  -0.00003091
  83    0.0000022  -0.00003284
  84    0.0000311  -0.00068521
  85    0.0000286  -0.00063155
  86    0.0000272  -0.00059682
  87    0.0000082  -0.00008744
  88    0.0000236  -0.00051972
  89    0.0000315  -0.00068275
  90    0.0000000  -0.00000045
  91    0.0000000  -0.00000015
  92    0.0000000  -0.00000017
  93    0.0000000  -0.00000016
  94    0.0000000  -0.00000007
  95    0.0000018  -0.00001228
  96    0.0007586  -0.00159381
  97    0.0044742  -0.00880797
  98    0.0038844  -0.00783454
  99    0.0005980  -0.00140071
 100    0.0047711  -0.00893931
 101    0.0055949  -0.01398617
 102    0.0039964  -0.00767783
 103    0.0043034  -0.00778290
 104    0.0037815  -0.00710371
 105    0.0041480  -0.00762547
 106    0.0055125  -0.01177005
 107    0.0046369  -0.01060131
 108    0.0041499  -0.00920317
 109    0.0036955  -0.00875595
 110    0.0026709  -0.00599856
 111    0.0025619  -0.00582447
 112    0.0008360  -0.00180861
 113    0.0045635  -0.01294678
 114    0.0023935  -0.00569393
 115    0.0000197  -0.00014753
 116    0.0000171  -0.00013018
 117    0.0000157  -0.00012123
 118    0.0000182  -0.00013542
 119    0.0000175  -0.00013608
 120    0.0000279  -0.00040315
 121    0.0000178  -0.00014031
 122    0.0000169  -0.00012401
 123    0.0000021  -0.00002953
 124    0.0000025  -0.00003241
 125    0.0000019  -0.00002917
 126    0.0000014  -0.00001965
 127    0.0000013  -0.00001706
 128    0.0000016  -0.00002273
 129    0.0000018  -0.00002713
 130    0.0000009  -0.00001473
 131    0.0000035  -0.00005723
 132    0.0000030  -0.00004735
 133    0.0000021  -0.00003699
 134    0.0000070  -0.00007048
 135    0.0000034  -0.00003767
 136    0.0000035  -0.00005744
 137    0.0000000  -0.00000045
 138    0.0000000  -0.00000012
 139    0.0000000  -0.00000017
 140    0.0000000  -0.00000016
 141    0.0000000  -0.00000003
 142    0.0000018  -0.00001265
 143    0.0006992  -0.00160303
 144    0.0034168  -0.00636814
 145    0.0016749  -0.00354682
 146    0.0005025  -0.00113826
 147    0.0035304  -0.00673440
 148    0.0047132  -0.01227468
 149    0.0030395  -0.00554170
 150    0.0030951  -0.00542385
 151    0.0029350  -0.00540016
 152    0.0032539  -0.00558956
 153    0.0004575  -0.00118069
 154    0.0026759  -0.00592271
 155    0.0026685  -0.00588874
 156    0.0025707  -0.00584543
 157    0.0009818  -0.00297158
 158    0.0015412  -0.00618736
 159    0.0005860  -0.00137261
 160    0.0037637  -0.01138462
 161    0.0016588  -0.00628579
 162    0.0000158  -0.00011678
 163    0.0000158  -0.00012129
 164    0.0000130  -0.00010258
 165    0.0000169  -0.00012958
 166    0.0000135  -0.00010218
 167    0.0000178  -0.00013268
 168    0.0000170  -0.00013083
 169    0.0000103  -0.00007558
 170    0.0000020  -0.00003116
 171    0.0000022  -0.00003369
 172    0.0000019  -0.00002829
 173    0.0000008  -0.00001163
 174    0.0000010  -0.00001695
 175    0.0000011  -0.00001707
 176    0.0000006  -0.00000664
 177    0.0000008  -0.00001368
 178    0.0000027  -0.00003192
 179    0.0000028  -0.00003585
 180    0.0000017  -0.00002478
 181    0.0000060  -0.00005197
 182    0.0000033  -0.00004549
 183    0.0000019  -0.00002715
 184    0.0000000  -0.00000044
 185    0.0000000  -0.00000015
 186    0.0000000  -0.00000014
 187    0.0000000  -0.00000012
 188    0.0000000  -0.00000003
 189    0.0000014  -0.00001017
 190    0.0005991  -0.00122979
 191    0.0006865  -0.00152569
 192    0.0013342  -0.00326955
 193    0.0003868  -0.00093600
 194    0.0031909  -0.00561889
 195    0.0045378  -0.01186506
 196    0.0021526  -0.00443676
 197    0.0021520  -0.00439751
 198    0.0022738  -0.00469645
 199    0.0020989  -0.00449134
 200    0.0003764  -0.00095430
 201    0.0012596  -0.00370238
 202    0.0009299  -0.00267559
 203    0.0014838  -0.00571572
 204    0.0007922  -0.00297535
 205    0.0009098  -0.00294491
 206    0.0004182  -0.00104222
 207    0.0034162  -0.01069386
 208    0.0014896  -0.00616554
 209    0.0000148  -0.00010265
 210    0.0000131  -0.00009302
 211    0.0000126  -0.00009302
 212    0.0000156  -0.00011219
 213    0.0000131  -0.00010078
 214    0.0000149  -0.00011043
 215    0.0000158  -0.00012087
 216    0.0000099  -0.00007296
 217    0.0000019  -0.00002918
 218    0.0000020  -0.00003160
 219    0.0000018  -0.00002473
 220    0.0000007  -0.00001229
 221    0.0000008  -0.00001595
 222    0.0000007  -0.00000787
 223    0.0000006  -0.00000626
 224    0.0000004  -0.00000268
 225    0.0000024  -0.00003207
 226    0.0000019  -0.00002662
 227    0.0000016  -0.00002267
 228    0.0000047  -0.00004558
 229    0.0000017  -0.00002423
 230    0.0000009  -0.00001217
 231    0.0000000  -0.00000045
 232    0.0000000  -0.00000015
 233    0.0000000  -0.00000013
 234    0.0000000  -0.00000016
 235    0.0000000  -0.00000003
 236    0.0000013  -0.00000879
 237    0.0004113  -0.00091774
 238    0.0005396  -0.00123491
 239    0.0006991  -0.00156792
 240    0.0003539  -0.00086850
 241    0.0005459  -0.00152161
 242    0.0006183  -0.00156803
 243    0.0014535  -0.00471156
 244    0.0013390  -0.00427366
 245    0.0013505  -0.00412984
 246    0.0010497  -0.00309409
 247    0.0002936  -0.00074065
 248    0.0003214  -0.00111718
 249    0.0008223  -0.00255764
 250    0.0009045  -0.00284706
 251    0.0004612  -0.00197165
 252    0.0007701  -0.00240114
 253    0.0001435  -0.00040479
 254    0.0011370  -0.00513508
 255    0.0008544  -0.00301180
 256    0.0000121  -0.00009601
 257    0.0000123  -0.00012084
 258    0.0000118  -0.00012371
 259    0.0000153  -0.00011301
 260    0.0000120  -0.00009148
 261    0.0000127  -0.00009453
 262    0.0000116  -0.00009044
 263    0.0000080  -0.00005936
 264    0.0000019  -0.00003047
 265    0.0000014  -0.00001808
 266    0.0000007  -0.00000735
 267    0.0000006  -0.00000584
 268    0.0000007  -0.00001026
 269    0.0000006  -0.00000761
 270    0.0000005  -0.00000511
 271    0.0000004  -0.00000234
 272    0.0000015  -0.00001833
 273    0.0000008  -0.00001688
 274    0.0000008  -0.00001747
 275    0.0000035  -0.00005394
 276    0.0000013  -0.00002046
 277    0.0000009  -0.00002645
 278    0.0000000  -0.00000045
 279    0.0000000  -0.00000016
 280    0.0000000  -0.00000017
 281    0.0000000  -0.00000013
 282    0.0000000  -0.00000004
 283    0.0000011  -0.00000856
 284    0.0003568  -0.00093246
 285    0.0003793  -0.00094288
 286    0.0002363  -0.00061777
 287    0.0003462  -0.00080069
 288    0.0003144  -0.00085167
 289    0.0002820  -0.00071799
 290    0.0005767  -0.00154900
 291    0.0005769  -0.00157210
 292    0.0003479  -0.00091726
 293    0.0002430  -0.00075336
 294    0.0001175  -0.00030704
 295    0.0003193  -0.00092030
 296    0.0002408  -0.00073695
 297    0.0004532  -0.00170296
 298    0.0003978  -0.00134889
 299    0.0004352  -0.00165325
 300    0.0000943  -0.00026437
 301    0.0005210  -0.00250890
 302    0.0003862  -0.00183960
 303    0.0000113  -0.00008653
 304    0.0000118  -0.00010575
 305    0.0000101  -0.00007666
 306    0.0000104  -0.00007458
 307    0.0000112  -0.00008213
 308    0.0000102  -0.00007733
 309    0.0000111  -0.00008131
 310    0.0000066  -0.00005120
 311    0.0000017  -0.00002109
 312    0.0000010  -0.00001830
 313    0.0000005  -0.00000516
 314    0.0000005  -0.00000416
 315    0.0000005  -0.00000406
 316    0.0000005  -0.00000593
 317    0.0000005  -0.00000426
 318    0.0000004  -0.00000220
 319    0.0000009  -0.00001204
 320    0.0000008  -0.00001782
 321    0.0000008  -0.00001686
 322    0.0000032  -0.00005199
 323    0.0000011  -0.00001787
 324    0.0000008  -0.00001191
 325    0.0000000  -0.00000042
 326    0.0000000  -0.00000014
 327    0.0000000  -0.00000018
 328    0.0000000  -0.00000019
 329    0.0000000  -0.00000004
 330    0.0000009  -0.00000479
 331    0.0002706  -0.00077080
 332    0.0001342  -0.00040438
 333    0.0002014  -0.00053315
 334    0.0000692  -0.00019013
 335    0.0002763  -0.00079059
 336    0.0002589  -0.00071038
 337    0.0002593  -0.00081135
 338    0.0003326  -0.00089217
 339    0.0002732  -0.00084088
 340    0.0002015  -0.00054816
 341    0.0000678  -0.00020750
 342    0.0001633  -0.00055207
 343    0.0001703  -0.00066041
 344    0.0002635  -0.00093745
 345    0.0003911  -0.00124794
 346    0.0001967  -0.00082319
 347    0.0000764  -0.00022449
 348    0.0003730  -0.00129628
 349    0.0003035  -0.00133541
 350    0.0000099  -0.00007597
 351    0.0000112  -0.00008099
 352    0.0000099  -0.00007275
 353    0.0000094  -0.00007026
 354    0.0000103  -0.00007500
 355    0.0000084  -0.00006048
 356    0.0000089  -0.00006474
 357    0.0000064  -0.00004877
 358    0.0000010  -0.00001277
 359    0.0000007  -0.00001059
 360    0.0000005  -0.00000476
 361    0.0000004  -0.00000312
 362    0.0000004  -0.00000343
 363    0.0000004  -0.00000320
 364    0.0000004  -0.00000295
 365    0.0000004  -0.00000203
 366    0.0000008  -0.00001908
 367    0.0000007  -0.00001302
 368    0.0000007  -0.00001118
 369    0.0000019  -0.00003241
 370    0.0000010  -0.00002122
 371    0.0000007  -0.00001098
 372    0.0000000  -0.00000044
 373    0.0000000  -0.00000010
 374    0.0000000  -0.00000016
 375    0.0000000  -0.00000018
 376    0.0000000  -0.00000003
 377    0.0000008  -0.00000371
 378    0.0002050  -0.00053657
 379    0.0001165  -0.00033704
 380    0.0001039  -0.00029978
 381    0.0000572  -0.00015236
 382    0.0002460  -0.00071424
 383    0.0000886  -0.00031530
 384    0.0001887  -0.00054276
 385    0.0002764  -0.00084209
 386    0.0001623  -0.00049554
 387    0.0001525  -0.00049639
 388    0.0000571  -0.00017981
 389    0.0001411  -0.00047987
 390    0.0001314  -0.00041651
 391    0.0001027  -0.00040456
 392    0.0003123  -0.00164364
 393    0.0001259  -0.00054968
 394    0.0000602  -0.00020188
 395    0.0003244  -0.00216314
 396    0.0001652  -0.00071632
 397    0.0000071  -0.00005515
 398    0.0000078  -0.00006161
 399    0.0000090  -0.00007017
 400    0.0000092  -0.00006927
 401    0.0000092  -0.00006801
 402    0.0000076  -0.00005980
 403    0.0000078  -0.00005895
 404    0.0000032  -0.00003702
 405    0.0000008  -0.00001627
 406    0.0000007  -0.00000825
 407    0.0000005  -0.00000344
 408    0.0000004  -0.00000295
 409    0.0000004  -0.00000267
 410    0.0000004  -0.00000265
 411    0.0000003  -0.00000143
 412    0.0000003  -0.00000166
 413    0.0000007  -0.00001079
 414    0.0000005  -0.00000485
 415    0.0000006  -0.00000643
 416    0.0000011  -0.00001709
 417    0.0000007  -0.00001206
 418    0.0000006  -0.00000562
 419    0.0000000  -0.00000040
 420    0.0000000  -0.00000017
 421    0.0000000  -0.00000012
 422    0.0000000  -0.00000008
 423    0.0000000  -0.00000005
 424    0.0000002  -0.00000084
 425    0.0001465  -0.00039452
 426    0.0000877  -0.00025987
 427    0.0000853  -0.00024711
 428    0.0000384  -0.00012360
 429    0.0001555  -0.00047365
 430    0.0000580  -0.00022377
 431    0.0001578  -0.00051251
 432    0.0000985  -0.00032812
 433    0.0001248  -0.00037216
 434    0.0001216  -0.00035701
 435    0.0000440  -0.00015239
 436    0.0000903  -0.00032705
 437    0.0001138  -0.00041090
 438    0.0000883  -0.00031024
 439    0.0001160  -0.00041988
 440    0.0001086  -0.00048217
 441    0.0000506  -0.00016998
 442    0.0000883  -0.00040372
 443    0.0001115  -0.00048458
 444    0.0000065  -0.00004948
 445    0.0000063  -0.00004974
 446    0.0000088  -0.00006582
 447    0.0000023  -0.00003180
 448    0.0000072  -0.00005616
 449    0.0000061  -0.00004784
 450    0.0000060  -0.00004842
 451    0.0000026  -0.00003389
 452    0.0000005  -0.00000498
 453    0.0000006  -0.00000662
 454    0.0000005  -0.00000321
 455    0.0000004  -0.00000188
 456    0.0000004  -0.00000201
 457    0.0000004  -0.00000165
 458    0.0000003  -0.00000174
 459    0.0000003  -0.00000154
 460    0.0000006  -0.00000825
 461    0.0000005  -0.00000362
 462    0.0000005  -0.00000518
 463    0.0000009  -0.00003228
 464    0.0000006  -0.00000680
 465    0.0000006  -0.00000517
 466    0.0000000  -0.00000038
 467    0.0000000  -0.00000011
 468    0.0000000  -0.00000011
 469    0.0000000  -0.00000010
 470    0.0000000  -0.00000004
 471    0.0000002  -0.00000093
 472    0.0001090  -0.00029974
 473    0.0000664  -0.00021113
 474    0.0000660  -0.00021382
 475    0.0000323  -0.00012207
 476    0.0001186  -0.00035352
 477    0.0000546  -0.00021856
 478    0.0001004  -0.00033757
 479    0.0000684  -0.00024711
 480    0.0001033  -0.00030738
 481    0.0000945  -0.00031263
 482    0.0000359  -0.00014211
 483    0.0000848  -0.00030083
 484    0.0000499  -0.00018156
 485    0.0000667  -0.00026104
 486    0.0000682  -0.00026703
 487    0.0000930  -0.00032500
 488    0.0000298  -0.00013520
 489    0.0000799  -0.00041147
 490    0.0000779  -0.00030435
 491    0.0000055  -0.00004494
 492    0.0000059  -0.00004837
 493    0.0000068  -0.00005113
 494    0.0000022  -0.00002992
 495    0.0000065  -0.00005076
 496    0.0000057  -0.00004813
 497    0.0000056  -0.00004786
 498    0.0000016  -0.00001872
 499    0.0000005  -0.00000387
 500    0.0000004  -0.00000250
 501    0.0000004  -0.00000197
 502    0.0000004  -0.00000185
 503    0.0000003  -0.00000168
 504    0.0000003  -0.00000186
 505    0.0000003  -0.00000143
 506    0.0000003  -0.00000172
 507    0.0000005  -0.00000432
 508    0.0000005  -0.00000384
 509    0.0000004  -0.00000221
 510    0.0000009  -0.00002810
 511    0.0000005  -0.00000496
 512    0.0000005  -0.00000476
 513    0.0000000  -0.00000039
 514    0.0000000  -0.00000009
 515    0.0000000  -0.00000010
 516    0.0000000  -0.00000009
 517    0.0000000  -0.00000005
 518    0.0000002  -0.00000090
 519    0.0000446  -0.00015045
 520    0.0000441  -0.00016565
 521    0.0000354  -0.00013355
 522    0.0000201  -0.00007168
 523    0.0000603  -0.00020747
 524    0.0000443  -0.00018443
 525    0.0000664  -0.00023085
 526    0.0000533  -0.00019657
 527    0.0000454  -0.00017161
 528    0.0000819  -0.00027332
 529    0.0000186  -0.00009437
 530    0.0000425  -0.00017817
 531    0.0000418  -0.00016458
 532    0.0000489  -0.00018626
 533    0.0000458  -0.00017115
 534    0.0000493  -0.00018482
 535    0.0000208  -0.00011155
 536    0.0000764  -0.00035899
 537    0.0000662  -0.00026440
 538    0.0000022  -0.00003638
 539    0.0000051  -0.00004554
 540    0.0000042  -0.00004465
 541    0.0000017  -0.00001955
 542    0.0000031  -0.00003906
 543    0.0000049  -0.00004186
 544    0.0000050  -0.00004446
 545    0.0000012  -0.00001481
 546    0.0000004  -0.00000187
 547    0.0000004  -0.00000245
 548    0.0000003  -0.00000153
 549    0.0000003  -0.00000164
 550    0.0000003  -0.00000136
 551    0.0000003  -0.00000142
 552    0.0000003  -0.00000135
 553    0.0000003  -0.00000141
 554    0.0000005  -0.00000288
 555    0.0000004  -0.00000189
 556    0.0000004  -0.00000198
 557    0.0000009  -0.00003216
 558    0.0000004  -0.00000297
 559    0.0000004  -0.00000242
 560    0.0000000  -0.00000039
 561    0.0000000  -0.00000011
 562    0.0000000  -0.00000011
 563    0.0000000  -0.00000011
 564    0.0000000  -0.00000004
 
----------------
 Final Energies 
----------------
Final NOF Total Energy =   -2671.5419428
 
Total Orbital Internal Iterations = 10
Total Occupation Internal Iterations = 0
 
Elapsed time:  106.79 Seconds

---------------------------------
   Lowdin Population Analysis    
---------------------------------
 Idx  Atom   Population   Charge 
---------------------------------
  1     I    52.603       0.397
  2     C     6.401      -0.401
  3     C     5.963       0.037
  4     C     5.932       0.068
  5     C     5.926       0.074
  6     C     5.932       0.068
  7     C     5.964       0.036
  8     H     1.055      -0.055
  9     H     1.056      -0.056
 10     H     1.055      -0.055
 11     H     1.057      -0.057
 12     H     1.057      -0.057

---------------------------------
   M Diagnostic: 0.04
---------------------------------

