Computing Integrals
Basis Set                                            = def2-qzvp
Auxiliary Basis Set                                  = def2-universal-jkfit
Gaussian Type                                        = Spherical
Elapsed time:    1.75 Seconds

Number of basis functions                   (NBF)    = 144
Number of auxiliary basis functions         (NBFAUX) = 170
Inactive Doubly occupied orbitals up to     (NO1)    = 0
No. considered Strongly Doubly occupied MOs (NDOC)   = 7
No. considered Strongly Singly occupied MOs (NSOC)   = 0
NO. of Weakly occ. per St. Doubly occ.  MOs (NCWO)   = 19
Dimension of the Nat. Orb. subspace         (NBF5)   = 140
No. of electrons                                     = 14
    No. of alpha electrons                           = 7
    No. of beta electrons                            = 7
Multiplicity                                         = 1

Geometry
========
 N       0.0000000       0.0000000       0.6477730
 C       0.0000000       0.0000000      -0.4953480
 H       0.0000000       0.0000000      -1.5623240

Orthonormality violations 5984, Maximum Violation 0.000182
Trying to orthonormalize
No violations of the orthonormality
No violations of the orthonormality
 
PNOF8/ADABelief Calculation
==================
 
  Nitext  Nit_orb  Time   Nit_occ  Time         Eelec          Etot           Ediff      maxdiff    MaxGrad_orb  Grad_occ
     1      10    1.0e+01    0    1.2e+01  -117.41435492   -93.31981850 -10116.41435492   0.000099   4.0e-04   1.9e-04 0.04
 
RESULTS OF THE OCCUPATION OPTIMIZATION
========================================
   1    1.9999626  -15.60098579
   2    1.9999421  -11.29329140
   3    1.9839467  -1.09593326
   4    1.9775439  -0.83301510
   5    1.9774309  -0.76498038
   6    1.9651159  -0.52840745
   7    1.9628914  -0.52682502
   8    0.0272344  -0.03613442
   9    0.0336599  -0.04079278
  10    0.0127689  -0.02635561
  11    0.0138622  -0.02093392
  12    0.0059185  -0.01620439
  13    0.0000414  -0.00090025
  14    0.0000315  -0.00095661
  15    0.0039055  -0.00708277
  16    0.0002873  -0.00070023
  17    0.0045388  -0.01082191
  18    0.0022505  -0.00450723
  19    0.0029665  -0.00701890
  20    0.0000058  -0.00009490
  21    0.0000016  -0.00002020
  22    0.0029948  -0.00539552
  23    0.0002665  -0.00062355
  24    0.0026465  -0.00629118
  25    0.0021043  -0.00462000
  26    0.0022798  -0.00589459
  27    0.0000041  -0.00004656
  28    0.0000015  -0.00001908
  29    0.0028577  -0.00515193
  30    0.0002638  -0.00061849
  31    0.0006511  -0.00196929
  32    0.0017293  -0.00388281
  33    0.0012328  -0.00606106
  34    0.0000032  -0.00010091
  35    0.0000013  -0.00001789
  36    0.0000269  -0.00009178
  37    0.0002540  -0.00061516
  38    0.0005969  -0.00275021
  39    0.0008138  -0.00189194
  40    0.0007484  -0.00228693
  41    0.0000021  -0.00002516
  42    0.0000011  -0.00005696
  43    0.0000178  -0.00007722
  44    0.0000284  -0.00009750
  45    0.0004195  -0.00126279
  46    0.0006585  -0.00179282
  47    0.0007302  -0.00289416
  48    0.0000003  -0.00003478
  49    0.0000001  -0.00000251
  50    0.0000149  -0.00006583
  51    0.0000220  -0.00009153
  52    0.0002559  -0.00081575
  53    0.0002960  -0.00141252
  54    0.0005399  -0.00368827
  55    0.0000002  -0.00000433
  56    0.0000001  -0.00000180
  57    0.0000101  -0.00006245
  58    0.0000183  -0.00007582
  59    0.0001745  -0.00055258
  60    0.0001543  -0.00047386
  61    0.0004399  -0.00138057
  62    0.0000002  -0.00000422
  63    0.0000000  -0.00000119
  64    0.0000091  -0.00003876
  65    0.0000155  -0.00007269
  66    0.0001295  -0.00046571
  67    0.0001219  -0.00033395
  68    0.0002504  -0.00080492
  69    0.0000001  -0.00000258
  70    0.0000000  -0.00000058
  71    0.0000078  -0.00003697
  72    0.0000115  -0.00006560
  73    0.0000996  -0.00037164
  74    0.0001179  -0.00032681
  75    0.0002260  -0.00080708
  76    0.0000001  -0.00000214
  77    0.0000000  -0.00000036
  78    0.0000056  -0.00003107
  79    0.0000103  -0.00005565
  80    0.0000834  -0.00029739
  81    0.0000978  -0.00034330
  82    0.0001643  -0.00060028
  83    0.0000001  -0.00000155
  84    0.0000000  -0.00000025
  85    0.0000056  -0.00003216
  86    0.0000092  -0.00005346
  87    0.0000551  -0.00021062
  88    0.0000618  -0.00026835
  89    0.0001426  -0.00072809
  90    0.0000001  -0.00000137
  91    0.0000000  -0.00000022
  92    0.0000045  -0.00002339
  93    0.0000079  -0.00003922
  94    0.0000392  -0.00016279
  95    0.0000456  -0.00021536
  96    0.0000991  -0.00036685
  97    0.0000001  -0.00000133
  98    0.0000000  -0.00000022
  99    0.0000039  -0.00002110
 100    0.0000071  -0.00003529
 101    0.0000273  -0.00013206
 102    0.0000372  -0.00014777
 103    0.0000892  -0.00031566
 104    0.0000000  -0.00000124
 105    0.0000000  -0.00000021
 106    0.0000031  -0.00001614
 107    0.0000066  -0.00003573
 108    0.0000227  -0.00010291
 109    0.0000304  -0.00012200
 110    0.0000670  -0.00029612
 111    0.0000000  -0.00000118
 112    0.0000000  -0.00000012
 113    0.0000022  -0.00001103
 114    0.0000048  -0.00003282
 115    0.0000161  -0.00007968
 116    0.0000240  -0.00009767
 117    0.0000597  -0.00025918
 118    0.0000000  -0.00000095
 119    0.0000000  -0.00000012
 120    0.0000019  -0.00001049
 121    0.0000042  -0.00002871
 122    0.0000157  -0.00007477
 123    0.0000190  -0.00009037
 124    0.0000507  -0.00022198
 125    0.0000000  -0.00000056
 126    0.0000000  -0.00000012
 127    0.0000015  -0.00000926
 128    0.0000036  -0.00002348
 129    0.0000146  -0.00006590
 130    0.0000177  -0.00009783
 131    0.0000273  -0.00013751
 132    0.0000000  -0.00000051
 133    0.0000000  -0.00000012
 134    0.0000013  -0.00000762
 135    0.0000033  -0.00001600
 136    0.0000137  -0.00006499
 137    0.0000138  -0.00006411
 138    0.0000209  -0.00009607
 139    0.0000000  -0.00000039
 140    0.0000000  -0.00000011
 
----------------
 Final Energies 
----------------
Final NOF Total Energy =     -93.3198185
 
Total Orbital Internal Iterations = 10
Total Occupation Internal Iterations = 0
 
Elapsed time:   28.98 Seconds

---------------------------------
   Lowdin Population Analysis    
---------------------------------
 Idx  Atom   Population   Charge 
---------------------------------
  1     N     6.897       0.103
  2     C     5.961       0.039
  3     H     1.142      -0.142

---------------------------------
   M Diagnostic: 0.04
---------------------------------

