Computing Integrals
Basis Set                                            = def2-qzvp
Auxiliary Basis Set                                  = def2-universal-jkfit
Gaussian Type                                        = Spherical
Elapsed time:    2.37 Seconds

Number of basis functions                   (NBF)    = 142
Number of auxiliary basis functions         (NBFAUX) = 254
Inactive Doubly occupied orbitals up to     (NO1)    = 0
No. considered Strongly Doubly occupied MOs (NDOC)   = 27
No. considered Strongly Singly occupied MOs (NSOC)   = 0
NO. of Weakly occ. per St. Doubly occ.  MOs (NCWO)   = 4
Dimension of the Nat. Orb. subspace         (NBF5)   = 135
No. of electrons                                     = 54
    No. of alpha electrons                           = 27
    No. of beta electrons                            = 27
Multiplicity                                         = 1

Geometry
========
Te       0.0000000       0.0000000       0.7695493
 H      -1.1553660       0.0000000      -0.3847747
 H       1.1553660       0.0000000      -0.3847747

Orthonormality violations 5260, Maximum Violation 0.000041
Trying to orthonormalize
No violations of the orthonormality
No violations of the orthonormality
 
PNOF8/ADABelief Calculation
==================
 
  Nitext  Nit_orb  Time   Nit_occ  Time         Eelec          Etot           Ediff      maxdiff    MaxGrad_orb  Grad_occ
     1      10    1.0e+01    0    1.2e+01 -2326.18322950 -2292.25694191 -12325.18322950   0.000193   7.7e-04   2.1e-04 0.03
 
RESULTS OF THE OCCUPATION OPTIMIZATION
========================================
   1    2.0000000  -141.02663390
   2    1.9999999  -61.90826925
   3    1.9999999  -61.89765742
   4    1.9999999  -61.77922574
   5    1.9999996  -24.94852475
   6    1.9999984  -9.82690007
   7    1.9999978  -9.77654342
   8    1.9999893  -9.72184114
   9    1.9999965  -9.70085074
  10    1.9999953  -9.69442731
  11    1.9999849  -9.68689561
  12    1.9999769  -9.66196741
  13    1.9999834  -9.66128274
  14    1.9997855  -4.96417768
  15    1.9994173  -3.82497202
  16    1.9992623  -3.82447221
  17    1.9993438  -3.82295751
  18    1.9993503  -3.82294872
  19    1.9991443  -3.82219215
  20    1.9991271  -3.82167844
  21    1.9991077  -3.82137660
  22    1.9825238  -0.90522567
  23    1.9755368  -0.86447958
  24    1.9724939  -0.74818340
  25    1.9721605  -0.72185759
  26    1.9658009  -0.51331581
  27    1.9659689  -0.46880375
  28    0.0255139  -0.03119982
  29    0.0290978  -0.03334170
  30    0.0157041  -0.02432886
  31    0.0153788  -0.02407606
  32    0.0142282  -0.02343740
  33    0.0048375  -0.01212535
  34    0.0006873  -0.00441547
  35    0.0006511  -0.00411909
  36    0.0005893  -0.00370474
  37    0.0004200  -0.00249125
  38    0.0005171  -0.00317769
  39    0.0004569  -0.00282560
  40    0.0004242  -0.00253163
  41    0.0001573  -0.00078477
  42    0.0000093  -0.00008810
  43    0.0000077  -0.00007626
  44    0.0000089  -0.00007943
  45    0.0000015  -0.00001683
  46    0.0000011  -0.00001470
  47    0.0000039  -0.00004817
  48    0.0000006  -0.00000760
  49    0.0000004  -0.00000495
  50    0.0000001  -0.00000176
  51    0.0000000  -0.00000072
  52    0.0000000  -0.00000067
  53    0.0000000  -0.00000072
  54    0.0000000  -0.00000021
  55    0.0056345  -0.00883985
  56    0.0019806  -0.00313221
  57    0.0068757  -0.01376057
  58    0.0067052  -0.01362345
  59    0.0044726  -0.01000780
  60    0.0046165  -0.01172763
  61    0.0000759  -0.00038061
  62    0.0001181  -0.00059914
  63    0.0001108  -0.00054307
  64    0.0001286  -0.00062318
  65    0.0000984  -0.00048705
  66    0.0001271  -0.00062280
  67    0.0001089  -0.00051454
  68    0.0000254  -0.00013221
  69    0.0000037  -0.00005386
  70    0.0000077  -0.00007370
  71    0.0000027  -0.00003935
  72    0.0000012  -0.00001578
  73    0.0000009  -0.00001170
  74    0.0000028  -0.00002836
  75    0.0000005  -0.00000546
  76    0.0000004  -0.00000347
  77    0.0000001  -0.00000176
  78    0.0000000  -0.00000068
  79    0.0000000  -0.00000057
  80    0.0000000  -0.00000069
  81    0.0000000  -0.00000021
  82    0.0014779  -0.00247358
  83    0.0015725  -0.00252428
  84    0.0046391  -0.01067250
  85    0.0046015  -0.01075684
  86    0.0040616  -0.01082474
  87    0.0044456  -0.01184566
  88    0.0000718  -0.00036927
  89    0.0000799  -0.00040623
  90    0.0000893  -0.00042681
  91    0.0000691  -0.00034646
  92    0.0000208  -0.00012331
  93    0.0000809  -0.00041602
  94    0.0000284  -0.00016515
  95    0.0000183  -0.00010959
  96    0.0000021  -0.00002453
  97    0.0000041  -0.00005262
  98    0.0000017  -0.00002103
  99    0.0000010  -0.00001260
 100    0.0000008  -0.00001175
 101    0.0000023  -0.00002415
 102    0.0000005  -0.00000530
 103    0.0000004  -0.00000306
 104    0.0000001  -0.00000174
 105    0.0000000  -0.00000056
 106    0.0000000  -0.00000059
 107    0.0000000  -0.00000041
 108    0.0000000  -0.00000016
 109    0.0014048  -0.00235353
 110    0.0015482  -0.00248132
 111    0.0006206  -0.00145660
 112    0.0008207  -0.00201910
 113    0.0017009  -0.00499378
 114    0.0035765  -0.01050489
 115    0.0000572  -0.00031053
 116    0.0000239  -0.00013779
 117    0.0000662  -0.00034091
 118    0.0000319  -0.00018044
 119    0.0000198  -0.00012191
 120    0.0000728  -0.00036965
 121    0.0000212  -0.00012474
 122    0.0000134  -0.00009608
 123    0.0000016  -0.00001945
 124    0.0000035  -0.00004626
 125    0.0000016  -0.00001886
 126    0.0000010  -0.00001250
 127    0.0000007  -0.00000939
 128    0.0000016  -0.00001788
 129    0.0000005  -0.00000547
 130    0.0000004  -0.00000300
 131    0.0000001  -0.00000167
 132    0.0000000  -0.00000050
 133    0.0000000  -0.00000045
 134    0.0000000  -0.00000040
 135    0.0000000  -0.00000014
 
----------------
 Final Energies 
----------------
Final NOF Total Energy =   -2292.2569419
 
Total Orbital Internal Iterations = 10
Total Occupation Internal Iterations = 0
 
Elapsed time:   29.49 Seconds

---------------------------------
   Lowdin Population Analysis    
---------------------------------
 Idx  Atom   Population   Charge 
---------------------------------
  1    Te    51.359       0.641
  2     H     1.320      -0.320
  3     H     1.320      -0.320

---------------------------------
   M Diagnostic: 0.03
---------------------------------

