Computing Integrals
Basis Set                                            = def2-qzvp
Auxiliary Basis Set                                  = def2-universal-jkfit
Gaussian Type                                        = Spherical
Elapsed time:    1.64 Seconds

Number of basis functions                   (NBF)    = 57
Number of auxiliary basis functions         (NBFAUX) = 77
Inactive Doubly occupied orbitals up to     (NO1)    = 0
No. considered Strongly Doubly occupied MOs (NDOC)   = 5
No. considered Strongly Singly occupied MOs (NSOC)   = 0
NO. of Weakly occ. per St. Doubly occ.  MOs (NCWO)   = 10
Dimension of the Nat. Orb. subspace         (NBF5)   = 55
No. of electrons                                     = 10
    No. of alpha electrons                           = 5
    No. of beta electrons                            = 5
Multiplicity                                         = 1

Geometry
========
Ne       0.0000000       0.0000000       0.0000000

No violations of the orthonormality
No violations of the orthonormality
 
PNOF8/ADABelief Calculation
==================
 
  Nitext  Nit_orb  Time   Nit_occ  Time         Eelec          Etot           Ediff      maxdiff    MaxGrad_orb  Grad_occ
     1      10    8.9e+00    0    1.1e+01  -128.85270409  -128.85270409 -10127.85270409   0.000098   3.9e-04   1.8e-04 0.01
 
RESULTS OF THE OCCUPATION OPTIMIZATION
========================================
   1    1.9999633  -32.82889142
   2    1.9900284  -1.97530245
   3    1.9838723  -0.90387965
   4    1.9851454  -0.90348117
   5    1.9817702  -0.90248524
   6    0.0091381  -0.02176291
   7    0.0096201  -0.02884662
   8    0.0101777  -0.02270539
   9    0.0059934  -0.01983996
  10    0.0000215  -0.00137964
  11    0.0038335  -0.01155387
  12    0.0038683  -0.01179123
  13    0.0041449  -0.01190903
  14    0.0029149  -0.01131099
  15    0.0000040  -0.00011444
  16    0.0038107  -0.01151715
  17    0.0002713  -0.00133467
  18    0.0006271  -0.00230329
  19    0.0005238  -0.00735778
  20    0.0000032  -0.00010461
  21    0.0006120  -0.00231490
  22    0.0002701  -0.00133048
  23    0.0005477  -0.00188616
  24    0.0002317  -0.00133835
  25    0.0000022  -0.00009027
  26    0.0002651  -0.00136410
  27    0.0002638  -0.00131164
  28    0.0002841  -0.00134175
  29    0.0002276  -0.00133123
  30    0.0000015  -0.00007528
  31    0.0002607  -0.00127882
  32    0.0002596  -0.00130608
  33    0.0002775  -0.00133563
  34    0.0000183  -0.00019833
  35    0.0000012  -0.00006878
  36    0.0002606  -0.00126810
  37    0.0002504  -0.00116553
  38    0.0000188  -0.00014558
  39    0.0000176  -0.00015342
  40    0.0000011  -0.00006432
  41    0.0000182  -0.00017773
  42    0.0000176  -0.00019262
  43    0.0000176  -0.00013889
  44    0.0000152  -0.00014327
  45    0.0000010  -0.00006564
  46    0.0000156  -0.00013247
  47    0.0000172  -0.00018850
  48    0.0000171  -0.00013830
  49    0.0000151  -0.00014266
  50    0.0000006  -0.00000686
  51    0.0000154  -0.00013194
  52    0.0000163  -0.00017244
  53    0.0000151  -0.00014578
  54    0.0000140  -0.00013793
  55    0.0000005  -0.00004966
 
----------------
 Final Energies 
----------------
Final NOF Total Energy =    -128.8527041
 
Total Orbital Internal Iterations = 10
Total Occupation Internal Iterations = 0
 
Elapsed time:   26.38 Seconds

---------------------------------
   Lowdin Population Analysis    
---------------------------------
 Idx  Atom   Population   Charge 
---------------------------------
  1    Ne    10.000      -0.000

---------------------------------
   M Diagnostic: 0.01
---------------------------------

