Computing Integrals
Basis Set                                            = def2-qzvp
Auxiliary Basis Set                                  = def2-universal-jkfit
Gaussian Type                                        = Spherical
Elapsed time:    1.70 Seconds

Number of basis functions                   (NBF)    = 177
Number of auxiliary basis functions         (NBFAUX) = 147
Inactive Doubly occupied orbitals up to     (NO1)    = 0
No. considered Strongly Doubly occupied MOs (NDOC)   = 5
No. considered Strongly Singly occupied MOs (NSOC)   = 0
NO. of Weakly occ. per St. Doubly occ.  MOs (NCWO)   = 34
Dimension of the Nat. Orb. subspace         (NBF5)   = 175
No. of electrons                                     = 10
    No. of alpha electrons                           = 5
    No. of beta electrons                            = 5
Multiplicity                                         = 1

Geometry
========
 H       0.6292771       0.6292771      -0.6292771
 C       0.0000000       0.0000000       0.0000000
 H      -0.6292771      -0.6292771      -0.6292771
 H       0.6292771      -0.6292771       0.6292771
 H      -0.6292771       0.6292771       0.6292771

Orthonormality violations 16884, Maximum Violation 0.000129
Trying to orthonormalize
No violations of the orthonormality
No violations of the orthonormality
 
PNOF8/ADABelief Calculation
==================
 
  Nitext  Nit_orb  Time   Nit_occ  Time         Eelec          Etot           Ediff      maxdiff    MaxGrad_orb  Grad_occ
     1      10    1.1e+01    0    1.2e+01   -53.90392009   -40.46781767 -10052.90392009   0.000094   3.7e-04   1.5e-04 0.02
 
RESULTS OF THE OCCUPATION OPTIMIZATION
========================================
   1    1.9999049  -11.21674181
   2    1.9760359  -0.68173886
   3    1.9747864  -0.67179098
   4    1.9746858  -0.67008789
   5    1.9723064  -0.64825438
   6    0.0159162  -0.02067474
   7    0.0161823  -0.02122697
   8    0.0165356  -0.02149799
   9    0.0148325  -0.02037418
  10    0.0000856  -0.00182599
  11    0.0048404  -0.00711856
  12    0.0045667  -0.00691557
  13    0.0045393  -0.00691222
  14    0.0045121  -0.00700481
  15    0.0000047  -0.00014434
  16    0.0043616  -0.00662797
  17    0.0014206  -0.00302149
  18    0.0017544  -0.00363081
  19    0.0011056  -0.00251502
  20    0.0000018  -0.00001244
  21    0.0011058  -0.00233005
  22    0.0011288  -0.00235686
  23    0.0011345  -0.00233682
  24    0.0011036  -0.00492027
  25    0.0000015  -0.00001829
  26    0.0005566  -0.00117825
  27    0.0005846  -0.00124190
  28    0.0002894  -0.00068274
  29    0.0010443  -0.00217222
  30    0.0000009  -0.00003993
  31    0.0002962  -0.00072455
  32    0.0005318  -0.00120945
  33    0.0002893  -0.00067828
  34    0.0003233  -0.00076795
  35    0.0000002  -0.00000166
  36    0.0001062  -0.00028656
  37    0.0002695  -0.00065798
  38    0.0001076  -0.00027934
  39    0.0003097  -0.00079512
  40    0.0000001  -0.00000068
  41    0.0000983  -0.00026726
  42    0.0002423  -0.00060704
  43    0.0001040  -0.00029744
  44    0.0002428  -0.00057696
  45    0.0000000  -0.00000054
  46    0.0000948  -0.00026715
  47    0.0001084  -0.00028718
  48    0.0000998  -0.00026676
  49    0.0001061  -0.00027751
  50    0.0000000  -0.00000049
  51    0.0000633  -0.00017146
  52    0.0000585  -0.00016746
  53    0.0000670  -0.00017911
  54    0.0001002  -0.00027265
  55    0.0000000  -0.00000044
  56    0.0000514  -0.00016040
  57    0.0000491  -0.00014372
  58    0.0000569  -0.00016522
  59    0.0000584  -0.00017706
  60    0.0000000  -0.00000038
  61    0.0000396  -0.00013284
  62    0.0000438  -0.00014477
  63    0.0000498  -0.00016501
  64    0.0000466  -0.00015326
  65    0.0000000  -0.00000034
  66    0.0000289  -0.00010432
  67    0.0000305  -0.00010821
  68    0.0000322  -0.00010756
  69    0.0000426  -0.00014258
  70    0.0000000  -0.00000033
  71    0.0000266  -0.00009482
  72    0.0000141  -0.00004544
  73    0.0000283  -0.00010509
  74    0.0000337  -0.00010883
  75    0.0000000  -0.00000034
  76    0.0000230  -0.00008285
  77    0.0000127  -0.00004406
  78    0.0000243  -0.00010306
  79    0.0000190  -0.00007701
  80    0.0000000  -0.00000030
  81    0.0000179  -0.00007344
  82    0.0000119  -0.00004311
  83    0.0000235  -0.00008519
  84    0.0000111  -0.00004307
  85    0.0000000  -0.00000024
  86    0.0000109  -0.00004034
  87    0.0000090  -0.00003963
  88    0.0000154  -0.00006974
  89    0.0000108  -0.00004347
  90    0.0000000  -0.00000021
  91    0.0000102  -0.00003830
  92    0.0000070  -0.00003074
  93    0.0000125  -0.00004386
  94    0.0000085  -0.00003893
  95    0.0000000  -0.00000020
  96    0.0000092  -0.00003746
  97    0.0000066  -0.00003076
  98    0.0000075  -0.00003611
  99    0.0000083  -0.00004041
 100    0.0000000  -0.00000017
 101    0.0000048  -0.00001946
 102    0.0000065  -0.00002939
 103    0.0000063  -0.00002832
 104    0.0000074  -0.00003212
 105    0.0000000  -0.00000020
 106    0.0000043  -0.00001945
 107    0.0000044  -0.00002308
 108    0.0000055  -0.00002779
 109    0.0000066  -0.00003101
 110    0.0000000  -0.00000016
 111    0.0000035  -0.00001136
 112    0.0000036  -0.00001649
 113    0.0000052  -0.00002639
 114    0.0000051  -0.00002911
 115    0.0000000  -0.00000013
 116    0.0000030  -0.00000880
 117    0.0000035  -0.00001364
 118    0.0000045  -0.00002102
 119    0.0000037  -0.00001545
 120    0.0000000  -0.00000013
 121    0.0000030  -0.00000795
 122    0.0000030  -0.00001059
 123    0.0000035  -0.00001218
 124    0.0000032  -0.00001080
 125    0.0000000  -0.00000011
 126    0.0000027  -0.00000636
 127    0.0000026  -0.00000632
 128    0.0000028  -0.00000725
 129    0.0000031  -0.00001053
 130    0.0000000  -0.00000012
 131    0.0000025  -0.00000507
 132    0.0000022  -0.00000703
 133    0.0000024  -0.00000700
 134    0.0000027  -0.00000790
 135    0.0000000  -0.00000012
 136    0.0000023  -0.00000482
 137    0.0000018  -0.00000360
 138    0.0000020  -0.00000629
 139    0.0000024  -0.00000622
 140    0.0000000  -0.00000010
 141    0.0000022  -0.00000514
 142    0.0000016  -0.00000151
 143    0.0000018  -0.00000526
 144    0.0000020  -0.00000554
 145    0.0000000  -0.00000010
 146    0.0000017  -0.00000133
 147    0.0000014  -0.00000092
 148    0.0000018  -0.00000336
 149    0.0000017  -0.00000228
 150    0.0000000  -0.00000012
 151    0.0000015  -0.00000106
 152    0.0000013  -0.00000071
 153    0.0000015  -0.00000165
 154    0.0000016  -0.00000157
 155    0.0000000  -0.00000005
 156    0.0000013  -0.00000119
 157    0.0000012  -0.00000075
 158    0.0000014  -0.00000150
 159    0.0000015  -0.00000161
 160    0.0000000  -0.00000009
 161    0.0000012  -0.00000105
 162    0.0000011  -0.00000080
 163    0.0000013  -0.00000091
 164    0.0000014  -0.00000191
 165    0.0000000  -0.00000006
 166    0.0000012  -0.00000091
 167    0.0000010  -0.00000092
 168    0.0000012  -0.00000150
 169    0.0000014  -0.00000202
 170    0.0000000  -0.00000007
 171    0.0000010  -0.00000058
 172    0.0000010  -0.00000050
 173    0.0000011  -0.00000063
 174    0.0000012  -0.00000119
 175    0.0000000  -0.00000007
 
----------------
 Final Energies 
----------------
Final NOF Total Energy =     -40.4678177
 
Total Orbital Internal Iterations = 10
Total Occupation Internal Iterations = 0
 
Elapsed time:   29.97 Seconds

---------------------------------
   Lowdin Population Analysis    
---------------------------------
 Idx  Atom   Population   Charge 
---------------------------------
  1     H     1.075      -0.075
  2     C     5.699       0.301
  3     H     1.075      -0.075
  4     H     1.076      -0.076
  5     H     1.075      -0.075

---------------------------------
   M Diagnostic: 0.02
---------------------------------

