Computing Integrals
Basis Set                                            = def2-qzvp
Auxiliary Basis Set                                  = def2-universal-jkfit
Gaussian Type                                        = Spherical
Elapsed time:    2.25 Seconds

Number of basis functions                   (NBF)    = 60
Number of auxiliary basis functions         (NBFAUX) = 46
Inactive Doubly occupied orbitals up to     (NO1)    = 0
No. considered Strongly Doubly occupied MOs (NDOC)   = 1
No. considered Strongly Singly occupied MOs (NSOC)   = 1
NO. of Weakly occ. per St. Doubly occ.  MOs (NCWO)   = 58
Dimension of the Nat. Orb. subspace         (NBF5)   = 60
No. of electrons                                     = 3
    No. of alpha electrons                           = 2
    No. of beta electrons                            = 1
Multiplicity                                         = 2

Geometry
========
He       0.0000000       0.0000000      -0.8056528
He       0.0000000       0.0000000       0.8056528

Orthonormality violations 78, Maximum Violation 0.000006
Trying to orthonormalize
No violations of the orthonormality
No violations of the orthonormality
 
PNOF8/ADABelief Calculation
==================
 
  Nitext  Nit_orb  Time   Nit_occ  Time         Eelec          Etot           Ediff      maxdiff    MaxGrad_orb  Grad_occ
     1      10    1.9e+01    0    2.3e+01    -6.24875379    -4.93509578 -10005.24875379   0.000079   3.2e-04   1.9e-04 0.02
 
RESULTS OF THE OCCUPATION OPTIMIZATION
========================================
   1    1.9784814  -1.43906668
   2    1.0000000  -0.83393037
   3    0.0087257  -0.01100174
   4    0.0028714  -0.00422384
   5    0.0023254  -0.00354619
   6    0.0023250  -0.00354551
   7    0.0015243  -0.00259019
   8    0.0010650  -0.00181301
   9    0.0010639  -0.00181184
  10    0.0007968  -0.00164630
  11    0.0001029  -0.00032800
  12    0.0000880  -0.00031168
  13    0.0000775  -0.00026493
  14    0.0000713  -0.00026166
  15    0.0000565  -0.00017965
  16    0.0000457  -0.00015586
  17    0.0000433  -0.00015212
  18    0.0000340  -0.00014378
  19    0.0000295  -0.00013822
  20    0.0000288  -0.00012918
  21    0.0000276  -0.00012971
  22    0.0000276  -0.00012367
  23    0.0000266  -0.00009937
  24    0.0000241  -0.00008199
  25    0.0000229  -0.00008131
  26    0.0000202  -0.00007947
  27    0.0000190  -0.00008018
  28    0.0000123  -0.00008723
  29    0.0000098  -0.00003280
  30    0.0000069  -0.00003881
  31    0.0000048  -0.00004159
  32    0.0000039  -0.00003938
  33    0.0000036  -0.00003150
  34    0.0000031  -0.00002980
  35    0.0000030  -0.00002909
  36    0.0000028  -0.00002181
  37    0.0000026  -0.00002236
  38    0.0000023  -0.00001938
  39    0.0000020  -0.00001966
  40    0.0000020  -0.00002089
  41    0.0000019  -0.00001609
  42    0.0000019  -0.00001655
  43    0.0000017  -0.00001557
  44    0.0000017  -0.00001594
  45    0.0000016  -0.00001502
  46    0.0000012  -0.00000611
  47    0.0000007  0.00000572
  48    0.0000007  0.00000559
  49    0.0000006  0.00000529
  50    0.0000005  0.00000463
  51    0.0000005  0.00000426
  52    0.0000004  0.00000416
  53    0.0000004  0.00000407
  54    0.0000004  0.00000402
  55    0.0000004  0.00000424
  56    0.0000004  0.00000404
  57    0.0000004  0.00000386
  58    0.0000003  0.00000372
  59    0.0000003  0.00000370
  60    0.0000002  0.00000215
 
----------------
 Final Energies 
----------------
Final NOF Total Energy =      -4.9350958
 
Total Orbital Internal Iterations = 10
Total Occupation Internal Iterations = 0
 
Elapsed time:   57.79 Seconds

---------------------------------
   Lowdin Population Analysis    
---------------------------------
 Idx  Atom   Population   Charge 
---------------------------------
  1    He     1.319       0.681
  2    He     1.681       0.319

---------------------------------
   M Diagnostic: 0.02
---------------------------------

