Computing Integrals
Basis Set                                            = def2-qzvp
Auxiliary Basis Set                                  = def2-universal-jkfit
Gaussian Type                                        = Spherical
Elapsed time:    3.24 Seconds

Number of basis functions                   (NBF)    = 184
Number of auxiliary basis functions         (NBFAUX) = 282
Inactive Doubly occupied orbitals up to     (NO1)    = 0
No. considered Strongly Doubly occupied MOs (NDOC)   = 16
No. considered Strongly Singly occupied MOs (NSOC)   = 1
NO. of Weakly occ. per St. Doubly occ.  MOs (NCWO)   = 10
Dimension of the Nat. Orb. subspace         (NBF5)   = 177
No. of electrons                                     = 33
    No. of alpha electrons                           = 17
    No. of beta electrons                            = 16
Multiplicity                                         = 2

Geometry
========
Cl      -0.5609740      -0.9946370       0.0000000
 O       0.0000000       0.9587120       0.0000000
 O       1.1920690       1.1548920       0.0000000

No violations of the orthonormality
No violations of the orthonormality
 
PNOF8/ADABelief Calculation
==================
 
  Nitext  Nit_orb  Time   Nit_occ  Time         Eelec          Etot           Ediff      maxdiff    MaxGrad_orb  Grad_occ
     1      10    2.4e+01    0    2.7e+01  -699.53945484  -610.14788651 -10698.53945484   0.000700   2.8e-03   1.6e-04 0.04
 
RESULTS OF THE OCCUPATION OPTIMIZATION
========================================
   1    1.9999994  -104.93050477
   2    1.9999741  -20.78749363
   3    1.9999733  -20.78607984
   4    1.9996500  -10.62309860
   5    1.9993872  -8.09551501
   6    1.9993790  -8.09203281
   7    1.9994956  -8.09100808
   8    1.9878700  -1.56158060
   9    1.9838296  -1.23133099
  10    1.9840090  -1.08710659
  11    1.9683982  -0.89224766
  12    1.9765186  -0.76916258
  13    1.9787960  -0.72214181
  14    1.9587851  -0.56257869
  15    1.9737047  -0.50585881
  16    1.9697301  -0.50475897
  17    1.0000000  -0.31908422
  18    0.0100625  -0.01771321
  19    0.0080722  -0.01661813
  20    0.0408309  -0.07446680
  21    0.0063145  -0.02071873
  22    0.0072017  -0.01554838
  23    0.0304817  -0.05875046
  24    0.0058123  -0.02068823
  25    0.0066547  -0.02419087
  26    0.0045963  -0.02020535
  27    0.0004168  -0.01006758
  28    0.0004682  -0.01069295
  29    0.0005015  -0.01161734
  30    0.0003020  -0.00810921
  31    0.0000044  -0.00008166
  32    0.0000053  -0.00008706
  33    0.0000003  -0.00003491
  34    0.0098357  -0.01752086
  35    0.0079145  -0.01649830
  36    0.0001003  -0.00040135
  37    0.0059472  -0.01451697
  38    0.0042115  -0.00944647
  39    0.0004327  -0.00152046
  40    0.0042409  -0.01692931
  41    0.0031308  -0.00899808
  42    0.0019084  -0.00824751
  43    0.0000141  -0.00072750
  44    0.0000695  -0.00317258
  45    0.0000381  -0.00108734
  46    0.0000125  -0.00042891
  47    0.0000032  -0.00006972
  48    0.0000030  -0.00010133
  49    0.0000001  -0.00001821
  50    0.0088059  -0.01594240
  51    0.0069050  -0.01885175
  52    0.0000408  -0.00014570
  53    0.0037414  -0.00912778
  54    0.0038953  -0.00884775
  55    0.0001659  -0.00066844
  56    0.0020243  -0.01030595
  57    0.0020643  -0.00730792
  58    0.0017639  -0.00780540
  59    0.0000117  -0.00016399
  60    0.0000268  -0.00078293
  61    0.0000116  -0.00012693
  62    0.0000057  -0.00007515
  63    0.0000031  -0.00005843
  64    0.0000029  -0.00005615
  65    0.0000001  -0.00000555
  66    0.0005046  -0.00125819
  67    0.0017037  -0.00719361
  68    0.0000380  -0.00014279
  69    0.0033426  -0.00827203
  70    0.0034483  -0.00792171
  71    0.0001273  -0.00054004
  72    0.0019950  -0.01023277
  73    0.0017922  -0.00701629
  74    0.0014831  -0.00700550
  75    0.0000109  -0.00012638
  76    0.0000120  -0.00013335
  77    0.0000108  -0.00012245
  78    0.0000052  -0.00007135
  79    0.0000030  -0.00005681
  80    0.0000027  -0.00005992
  81    0.0000000  -0.00000270
  82    0.0004832  -0.00124358
  83    0.0006427  -0.00164995
  84    0.0000378  -0.00014451
  85    0.0005349  -0.00184309
  86    0.0025235  -0.00757916
  87    0.0001105  -0.00050796
  88    0.0004810  -0.00147215
  89    0.0010618  -0.00403698
  90    0.0011756  -0.00610878
  91    0.0000102  -0.00011706
  92    0.0000091  -0.00010729
  93    0.0000102  -0.00011949
  94    0.0000047  -0.00006898
  95    0.0000029  -0.00005814
  96    0.0000026  -0.00005716
  97    0.0000000  -0.00000180
  98    0.0002111  -0.00084384
  99    0.0006405  -0.00164589
 100    0.0000373  -0.00014167
 101    0.0003368  -0.00121545
 102    0.0010904  -0.00352168
 103    0.0000922  -0.00047127
 104    0.0004731  -0.00148969
 105    0.0004718  -0.00382210
 106    0.0004771  -0.00488878
 107    0.0000095  -0.00010531
 108    0.0000082  -0.00009414
 109    0.0000098  -0.00011057
 110    0.0000045  -0.00006427
 111    0.0000028  -0.00011159
 112    0.0000025  -0.00006685
 113    0.0000000  -0.00000174
 114    0.0001410  -0.00060103
 115    0.0001602  -0.00069905
 116    0.0000369  -0.00014717
 117    0.0003258  -0.00114349
 118    0.0003407  -0.00120332
 119    0.0000871  -0.00045048
 120    0.0004434  -0.00206879
 121    0.0003717  -0.00207775
 122    0.0002317  -0.00100191
 123    0.0000089  -0.00009826
 124    0.0000075  -0.00009420
 125    0.0000092  -0.00010633
 126    0.0000043  -0.00006015
 127    0.0000027  -0.00010032
 128    0.0000025  -0.00015100
 129    0.0000000  -0.00000164
 130    0.0001137  -0.00052904
 131    0.0001144  -0.00058060
 132    0.0000352  -0.00013872
 133    0.0002499  -0.00094036
 134    0.0003286  -0.00107879
 135    0.0000433  -0.00022806
 136    0.0002073  -0.00101315
 137    0.0002530  -0.00103291
 138    0.0002005  -0.00094023
 139    0.0000078  -0.00009068
 140    0.0000069  -0.00008127
 141    0.0000080  -0.00009001
 142    0.0000042  -0.00006148
 143    0.0000021  -0.00007683
 144    0.0000017  -0.00003391
 145    0.0000000  -0.00000121
 146    0.0000585  -0.00020300
 147    0.0000883  -0.00042772
 148    0.0000309  -0.00012487
 149    0.0002451  -0.00087959
 150    0.0002354  -0.00087902
 151    0.0000347  -0.00022525
 152    0.0001813  -0.00091519
 153    0.0001932  -0.00082649
 154    0.0001896  -0.00088560
 155    0.0000075  -0.00011170
 156    0.0000066  -0.00008161
 157    0.0000070  -0.00009155
 158    0.0000040  -0.00005505
 159    0.0000015  -0.00002972
 160    0.0000014  -0.00002926
 161    0.0000000  -0.00000103
 162    0.0000537  -0.00021287
 163    0.0000539  -0.00025333
 164    0.0000268  -0.00009984
 165    0.0001660  -0.00068431
 166    0.0002060  -0.00077149
 167    0.0000265  -0.00016162
 168    0.0001325  -0.00101036
 169    0.0001770  -0.00080204
 170    0.0001039  -0.00076827
 171    0.0000070  -0.00008364
 172    0.0000062  -0.00007857
 173    0.0000065  -0.00007868
 174    0.0000030  -0.00033608
 175    0.0000009  -0.00003138
 176    0.0000013  -0.00002363
 177    0.0000000  -0.00000091
 
----------------
 Final Energies 
----------------
Final NOF Total Energy =    -610.1478865
 
Total Orbital Internal Iterations = 10
Total Occupation Internal Iterations = 0
 
Elapsed time:   67.26 Seconds

---------------------------------
   Lowdin Population Analysis    
---------------------------------
 Idx  Atom   Population   Charge 
---------------------------------
  1    Cl    17.007      -0.007
  2     O     8.048      -0.048
  3     O     7.945       0.055

---------------------------------
   M Diagnostic: 0.04
---------------------------------

