W4-11-s
/software/eb2024/easybuild/software/common/software/Julia/1.11.3-linux-x86_64/bin/julia
Job runing on nh012
Choosing scratch ...
Automatic scratch folder selection
/scratch/pobleyef/284229
/scratch/pobleyef/284229 directory
cp W4-11-s.jl W4-11-s.jld2 to  /scratch/pobleyef/284229/.
Computing Integrals
Basis Set                                            = def2-qzvp
Auxiliary Basis Set                                  = def2-universal-jkfit
Gaussian Type                                        = Spherical
Elapsed time:    3.63 Seconds

Number of basis functions                   (NBF)    = 70
Number of auxiliary basis functions         (NBFAUX) = 128
Inactive Doubly occupied orbitals up to     (NO1)    = 0
No. considered Strongly Doubly occupied MOs (NDOC)   = 7
No. considered Strongly Singly occupied MOs (NSOC)   = 2
NO. of Weakly occ. per St. Doubly occ.  MOs (NCWO)   = 8
Dimension of the Nat. Orb. subspace         (NBF5)   = 65
No. of electrons                                     = 16
    No. of alpha electrons                           = 9
    No. of beta electrons                            = 7
Multiplicity                                         = 3

Geometry
========
 S       0.0000000       0.0000000       0.0000000

No violations of the orthonormality
No violations of the orthonormality
 
PNOF8/ADABelief Calculation
==================
 
  Nitext  Nit_orb  Time   Nit_occ  Time         Eelec          Etot           Ediff      maxdiff    MaxGrad_orb  Grad_occ
     1      10    2.8e+01   30    3.4e+01  -397.68224546  -397.68224546 -10396.68224546   0.019498   7.8e-02   1.9e-04 0.02
     2      20    1.6e-01   38    1.2e-01  -397.81377264  -397.81377264    -0.13152718   0.383385   1.5e+00   2.6e-04 0.02
     3      20    1.8e-01   23    8.6e-02  -397.86435597  -397.86435597    -0.05058333   0.018364   7.3e-02   2.2e-04 0.02
     4      20    1.5e-01   23    7.9e-02  -397.87475046  -397.87475046    -0.01039449   0.055824   2.2e-01   1.6e-04 0.02
     5      20    1.3e-01   27    9.1e-02  -397.88498586  -397.88498586    -0.01023540   0.045218   1.8e-01   1.6e-04 0.02
     6      20    1.5e-01   20    7.1e-02  -397.89528732  -397.89528732    -0.01030146   0.050699   2.0e-01   1.6e-04 0.02
     7      20    1.8e-01   20    6.4e-02  -397.89957599  -397.89957599    -0.00428867   0.045574   1.8e-01   1.1e-04 0.02
     8      20    1.4e-01   11    4.0e-02  -397.90548200  -397.90548200    -0.00590601   0.036795   1.5e-01   2.0e-04 0.02
     9      20    1.4e-01   11    4.1e-02  -397.90657433  -397.90657433    -0.00109233   0.048698   1.9e-01   1.8e-04 0.02
    10      20    1.5e-01    9    3.8e-02  -397.90994114  -397.90994114    -0.00336681   0.041234   1.6e-01   1.7e-04 0.02
    11      20    1.6e-01    9    3.1e-02  -397.91121453  -397.91121453    -0.00127339   0.041922   1.7e-01   1.8e-04 0.02
    12      20    1.3e-01    9    3.4e-02  -397.91260789  -397.91260789    -0.00139336   0.049984   2.0e-01   2.4e-04 0.02
    13      20    1.3e-01   13    5.2e-02  -397.91312038  -397.91312038    -0.00051250   0.027963   1.1e-01   1.9e-04 0.02
    14      20    1.3e-01   13    4.2e-02  -397.91358748  -397.91358748    -0.00046710   0.033139   1.3e-01   1.6e-04 0.02
    15      20    1.4e-01    6    2.6e-02  -397.91421105  -397.91421105    -0.00062357   0.025092   1.0e-01   1.7e-04 0.02
    16      20    1.5e-01    8    3.1e-02  -397.91474760  -397.91474760    -0.00053655   0.033712   1.3e-01   2.4e-04 0.02
    17      20    1.3e-01   10    3.6e-02  -397.91562067  -397.91562067    -0.00087307   0.036267   1.5e-01   2.2e-04 0.02
    18      20    1.4e-01    8    3.2e-02  -397.91712187  -397.91712187    -0.00150120   0.034648   1.4e-01   2.0e-04 0.02
    19      20    1.5e-01    8    3.4e-02  -397.91753470  -397.91753470    -0.00041283   0.027849   1.1e-01   2.2e-04 0.02
    20      20    1.1e-01    5    2.0e-02  -397.91831054  -397.91831054    -0.00077584   0.025197   1.0e-01   2.0e-04 0.02
    21      20    1.5e-01    0    5.3e-03  -397.91835411  -397.91835411    -0.00004357   0.025197   1.0e-01   2.0e-04 0.02
    22      40    2.5e-01    6    2.7e-02  -397.92035139  -397.92035139    -0.00199728   0.001768   7.1e-03   2.3e-04 0.02
    23      40    2.3e-01    3    1.3e-02  -397.92040426  -397.92040426    -0.00005287   0.002848   1.1e-02   1.6e-04 0.02
    24      40    2.4e-01   11    3.9e-02  -397.92047026  -397.92047026    -0.00006600   0.004593   1.8e-02   1.4e-04 0.02
    25      40    2.3e-01    3    1.4e-02  -397.92053038  -397.92053038    -0.00006013   0.003258   1.3e-02   1.6e-04 0.02
    26      40    2.4e-01    3    2.0e-02  -397.92056060  -397.92056060    -0.00003022   0.003802   1.5e-02   1.5e-04 0.02
    27      40    2.6e-01    3    1.3e-02  -397.92058401  -397.92058401    -0.00002341   0.003784   1.5e-02   1.4e-04 0.02
    28      40    2.4e-01    2    9.7e-03  -397.92059981  -397.92059981    -0.00001579   0.004042   1.6e-02   1.4e-04 0.02
    29      40    2.2e-01    3    1.3e-02  -397.92061238  -397.92061238    -0.00001257   0.003878   1.6e-02   1.5e-04 0.02
    30      40    2.1e-01    1    7.3e-03  -397.92061812  -397.92061812    -0.00000575   0.004332   1.7e-02   1.6e-04 0.02
    31      40    2.6e-01    0    5.3e-03  -397.92062343  -397.92062343    -0.00000531   0.003941   1.6e-02   1.6e-04 0.02
    32      50    2.9e-01    4    2.1e-02  -397.92065274  -397.92065274    -0.00002931   0.002496   1.0e-02   9.9e-05 0.02
    33      50    3.0e-01    0    5.3e-03  -397.92065542  -397.92065542    -0.00000267   0.002496   1.0e-02   9.9e-05 0.02
    34      53    2.9e-01    0    5.1e-03  -397.92069639  -397.92069639    -0.00004097   0.000500   2.0e-03   1.5e-04 0.02
 
RESULTS OF THE OCCUPATION OPTIMIZATION
========================================
   1    1.9999987  -92.06644063
   2    1.9994815  -9.02867223
   3    1.9987752  -6.71008144
   4    1.9984001  -6.70911738
   5    1.9973410  -6.70670215
   6    1.9792284  -0.89701307
   7    1.9649195  -0.41532815
   8    1.0000000  -0.25285878
   9    1.0000000  -0.25257214
  10    0.0074567  -0.01262263
  11    0.0061991  -0.02685382
  12    0.0018975  -0.02114785
  13    0.0008053  -0.00896384
  14    0.0008161  -0.00940156
  15    0.0004302  -0.00809514
  16    0.0000008  -0.00001838
  17    0.0072159  -0.01618631
  18    0.0045122  -0.01785703
  19    0.0005285  -0.00755227
  20    0.0005753  -0.01186388
  21    0.0002828  -0.00448268
  22    0.0000283  -0.00026304
  23    0.0000002  -0.00000880
  24    0.0068897  -0.01174402
  25    0.0042014  -0.01365954
  26    0.0000626  -0.00079036
  27    0.0000646  -0.00062944
  28    0.0000777  -0.00259456
  29    0.0000246  -0.00023562
  30    0.0000001  -0.00000602
  31    0.0067961  -0.01162015
  32    0.0017554  -0.00862518
  33    0.0000612  -0.00074123
  34    0.0000617  -0.00050650
  35    0.0000129  -0.00042862
  36    0.0000201  -0.00019444
  37    0.0000001  -0.00000373
  38    0.0054197  -0.00996885
  39    0.0017220  -0.00842350
  40    0.0000558  -0.00068655
  41    0.0000594  -0.00049747
  42    0.0000121  -0.00010679
  43    0.0000045  -0.00005011
  44    0.0000001  -0.00000360
  45    0.0004591  -0.00100953
  46    0.0017059  -0.00835357
  47    0.0000304  -0.00026134
  48    0.0000127  -0.00010450
  49    0.0000108  -0.00009217
  50    0.0000042  -0.00004762
  51    0.0000000  -0.00000234
  52    0.0004545  -0.00098230
  53    0.0003569  -0.00105665
  54    0.0000134  -0.00057670
  55    0.0000116  -0.00009435
  56    0.0000076  -0.00006538
  57    0.0000033  -0.00009119
  58    0.0000000  -0.00000234
  59    0.0003888  -0.00086669
  60    0.0003188  -0.00095191
  61    0.0000097  -0.00008184
  62    0.0000094  -0.00008010
  63    0.0000046  -0.00005055
  64    0.0000032  -0.00050894
  65    0.0000000  -0.00000166
 
----------------
 Final Energies 
----------------
Final NOF Total Energy =    -397.9206964
 
Total Orbital Internal Iterations = 963
Total Occupation Internal Iterations = 340
 
Elapsed time:   90.11 Seconds

---------------------------------
   Lowdin Population Analysis    
---------------------------------
 Idx  Atom   Population   Charge 
---------------------------------
  1     S    16.000      -0.000

---------------------------------
   M Diagnostic: 0.02
---------------------------------

Recovering execution output...
Moving from /scratch/pobleyef/284229 to /home-nas/pobleyef/Poison-NOF/ncwomax/P30-5/GNOF/arina.284229
mkdir -p /home-nas/pobleyef/Poison-NOF/ncwomax/P30-5/GNOF/arina.284229
mv /scratch/pobleyef/284229/* /home-nas/pobleyef/Poison-NOF/ncwomax/P30-5/GNOF/arina.284229
