Computing Integrals
Basis Set                                            = def2-qzvp
Auxiliary Basis Set                                  = def2-universal-jkfit
Gaussian Type                                        = Spherical
Elapsed time:    1.73 Seconds

Number of basis functions                   (NBF)    = 87
Number of auxiliary basis functions         (NBFAUX) = 95
Inactive Doubly occupied orbitals up to     (NO1)    = 0
No. considered Strongly Doubly occupied MOs (NDOC)   = 5
No. considered Strongly Singly occupied MOs (NSOC)   = 0
NO. of Weakly occ. per St. Doubly occ.  MOs (NCWO)   = 16
Dimension of the Nat. Orb. subspace         (NBF5)   = 85
No. of electrons                                     = 10
    No. of alpha electrons                           = 5
    No. of beta electrons                            = 5
Multiplicity                                         = 1

Geometry
========
 O       0.0000000       0.0000000      -0.4822198
 H       0.0000000       0.0000000       0.4822198

Orthonormality violations 163, Maximum Violation 0.000009
Trying to orthonormalize
No violations of the orthonormality
No violations of the orthonormality
 
PNOF8/ADABelief Calculation
==================
 
  Nitext  Nit_orb  Time   Nit_occ  Time         Eelec          Etot           Ediff      maxdiff    MaxGrad_orb  Grad_occ
     1      10    9.1e+00    0    1.2e+01   -80.09884764   -75.70934621 -10079.09884764   0.000100   4.0e-04   1.9e-04 0.03
 
RESULTS OF THE OCCUPATION OPTIMIZATION
========================================
   1    1.9999841  -20.19412170
   2    1.9873134  -0.86309700
   3    1.9697968  -0.34066512
   4    1.9764971  -0.13959842
   5    1.9741031  -0.13941406
   6    0.0149916  -0.01901146
   7    0.0154018  -0.01940297
   8    0.0216529  -0.02846112
   9    0.0084123  -0.02021349
  10    0.0000130  -0.00052689
  11    0.0043556  -0.00751012
  12    0.0047411  -0.00760278
  13    0.0041729  -0.00723187
  14    0.0013415  -0.00484873
  15    0.0000018  -0.00002382
  16    0.0043117  -0.00742446
  17    0.0011469  -0.00311951
  18    0.0037301  -0.00679421
  19    0.0010422  -0.00336923
  20    0.0000007  -0.00003705
  21    0.0007928  -0.00190294
  22    0.0007659  -0.00303828
  23    0.0003061  -0.00081048
  24    0.0006380  -0.00319980
  25    0.0000001  -0.00001016
  26    0.0005058  -0.00130425
  27    0.0003504  -0.00096068
  28    0.0000837  -0.00028718
  29    0.0003427  -0.00114411
  30    0.0000000  -0.00000187
  31    0.0003290  -0.00085171
  32    0.0003439  -0.00095466
  33    0.0000682  -0.00020247
  34    0.0003194  -0.00109008
  35    0.0000000  -0.00000163
  36    0.0003059  -0.00080189
  37    0.0003328  -0.00090785
  38    0.0000436  -0.00014733
  39    0.0002895  -0.00095708
  40    0.0000000  -0.00000132
  41    0.0001090  -0.00032985
  42    0.0002009  -0.00065779
  43    0.0000399  -0.00015126
  44    0.0001319  -0.00147774
  45    0.0000000  -0.00000081
  46    0.0000857  -0.00023383
  47    0.0001201  -0.00039988
  48    0.0000345  -0.00014723
  49    0.0000416  -0.00020122
  50    0.0000000  -0.00000076
  51    0.0000289  -0.00014873
  52    0.0000210  -0.00010520
  53    0.0000207  -0.00012800
  54    0.0000219  -0.00012270
  55    0.0000000  -0.00000065
  56    0.0000209  -0.00008628
  57    0.0000198  -0.00011001
  58    0.0000172  -0.00011729
  59    0.0000210  -0.00011411
  60    0.0000000  -0.00000059
  61    0.0000184  -0.00009584
  62    0.0000186  -0.00010847
  63    0.0000114  -0.00006696
  64    0.0000199  -0.00011203
  65    0.0000000  -0.00000058
  66    0.0000165  -0.00009209
  67    0.0000171  -0.00008530
  68    0.0000085  -0.00004351
  69    0.0000192  -0.00010713
  70    0.0000000  -0.00000051
  71    0.0000113  -0.00005469
  72    0.0000111  -0.00006010
  73    0.0000066  -0.00001630
  74    0.0000182  -0.00010681
  75    0.0000000  -0.00000048
  76    0.0000087  -0.00005550
  77    0.0000069  -0.00004574
  78    0.0000038  -0.00000948
  79    0.0000150  -0.00009838
  80    0.0000000  -0.00000049
  81    0.0000053  -0.00002153
  82    0.0000048  -0.00002170
  83    0.0000032  -0.00000810
  84    0.0000123  -0.00007308
  85    0.0000000  -0.00000048
 
----------------
 Final Energies 
----------------
Final NOF Total Energy =     -75.7093462
 
Total Orbital Internal Iterations = 10
Total Occupation Internal Iterations = 0
 
Elapsed time:   27.95 Seconds

---------------------------------
   Lowdin Population Analysis    
---------------------------------
 Idx  Atom   Population   Charge 
---------------------------------
  1     O     8.381      -0.381
  2     H     1.619      -0.619

---------------------------------
   M Diagnostic: 0.03
---------------------------------

