Computing Integrals
Basis Set                                            = def2-qzvp
Auxiliary Basis Set                                  = def2-universal-jkfit
Gaussian Type                                        = Spherical
Elapsed time:    3.02 Seconds

Number of basis functions                   (NBF)    = 204
Number of auxiliary basis functions         (NBFAUX) = 208
Inactive Doubly occupied orbitals up to     (NO1)    = 0
No. considered Strongly Doubly occupied MOs (NDOC)   = 10
No. considered Strongly Singly occupied MOs (NSOC)   = 0
NO. of Weakly occ. per St. Doubly occ.  MOs (NCWO)   = 19
Dimension of the Nat. Orb. subspace         (NBF5)   = 200
No. of electrons                                     = 20
    No. of alpha electrons                           = 10
    No. of beta electrons                            = 10
Multiplicity                                         = 1

Geometry
========
 H      -0.0913883      -0.2448128       0.0130826
 H       1.5272733       0.3383121       0.6525543
 O      -1.2208378      -0.2356182       0.0613147
 O       1.2462132      -0.2206110      -0.0771381
 H      -1.4612604       0.3627299      -0.6498135

No violations of the orthonormality
No violations of the orthonormality
 
PNOF8/ADABelief Calculation
==================
 
  Nitext  Nit_orb  Time   Nit_occ  Time         Eelec          Etot           Ediff      maxdiff    MaxGrad_orb  Grad_occ
     1      10    1.1e+01    0    1.2e+01  -185.28940491  -152.12105699 -10184.28940491   0.000901   3.6e-03   1.9e-04 0.03
 
RESULTS OF THE OCCUPATION OPTIMIZATION
========================================
   1    1.9999871  -20.31334655
   2    1.9999864  -20.26894067
   3    1.9873084  -0.98351736
   4    1.9871280  -0.93711458
   5    1.9712889  -0.46584604
   6    1.9722672  -0.42640725
   7    1.9714917  -0.39693844
   8    1.9794343  -0.29429375
   9    1.9775949  -0.27366753
  10    1.9747676  -0.22332782
  11    0.0140492  -0.01912685
  12    0.0132219  -0.01888022
  13    0.0124133  -0.01930511
  14    0.0205102  -0.03332305
  15    0.0221928  -0.02974270
  16    0.0202296  -0.02885408
  17    0.0056687  -0.01502564
  18    0.0081280  -0.01922478
  19    0.0000121  -0.00047114
  20    0.0000110  -0.00042637
  21    0.0046267  -0.00795013
  22    0.0052915  -0.00935276
  23    0.0044974  -0.00817867
  24    0.0036129  -0.00757633
  25    0.0043908  -0.00783368
  26    0.0040778  -0.00779791
  27    0.0034246  -0.00832002
  28    0.0011590  -0.00574637
  29    0.0000007  -0.00000614
  30    0.0000007  -0.00000586
  31    0.0044838  -0.00790958
  32    0.0012677  -0.00366331
  33    0.0010756  -0.00310998
  34    0.0035362  -0.00751767
  35    0.0003423  -0.00098585
  36    0.0037248  -0.00739066
  37    0.0012899  -0.00470070
  38    0.0009152  -0.00314737
  39    0.0000004  -0.00004092
  40    0.0000005  -0.00000516
  41    0.0008163  -0.00195710
  42    0.0007705  -0.00290598
  43    0.0007407  -0.00223518
  44    0.0003338  -0.00100037
  45    0.0003321  -0.00095863
  46    0.0003637  -0.00105735
  47    0.0008502  -0.00443978
  48    0.0005807  -0.00240430
  49    0.0000001  -0.00000302
  50    0.0000004  -0.00004113
  51    0.0004939  -0.00125689
  52    0.0007392  -0.00182607
  53    0.0005582  -0.00156461
  54    0.0002531  -0.00082070
  55    0.0002403  -0.00082186
  56    0.0001087  -0.00030661
  57    0.0004504  -0.00196900
  58    0.0005156  -0.00166440
  59    0.0000000  -0.00000145
  60    0.0000000  -0.00000146
  61    0.0003029  -0.00089147
  62    0.0003618  -0.00098750
  63    0.0003705  -0.00110539
  64    0.0000643  -0.00024815
  65    0.0000456  -0.00017559
  66    0.0000413  -0.00015795
  67    0.0002902  -0.00115917
  68    0.0004312  -0.00146557
  69    0.0000000  -0.00000122
  70    0.0000000  -0.00000102
  71    0.0001395  -0.00044145
  72    0.0003178  -0.00087742
  73    0.0003421  -0.00099915
  74    0.0000544  -0.00017647
  75    0.0000409  -0.00015029
  76    0.0000345  -0.00013135
  77    0.0002815  -0.00111887
  78    0.0002941  -0.00102436
  79    0.0000000  -0.00000105
  80    0.0000000  -0.00000078
  81    0.0000951  -0.00030217
  82    0.0001064  -0.00036020
  83    0.0001909  -0.00069072
  84    0.0000416  -0.00016921
  85    0.0000363  -0.00014225
  86    0.0000310  -0.00013534
  87    0.0002698  -0.00102747
  88    0.0002762  -0.00093887
  89    0.0000000  -0.00000113
  90    0.0000000  -0.00000058
  91    0.0000716  -0.00024432
  92    0.0000926  -0.00031492
  93    0.0001082  -0.00039785
  94    0.0000309  -0.00012901
  95    0.0000328  -0.00013405
  96    0.0000277  -0.00013029
  97    0.0001125  -0.00071985
  98    0.0001505  -0.00142058
  99    0.0000000  -0.00000080
 100    0.0000000  -0.00000054
 101    0.0000495  -0.00019946
 102    0.0000749  -0.00026767
 103    0.0000968  -0.00033665
 104    0.0000152  -0.00007121
 105    0.0000300  -0.00012989
 106    0.0000256  -0.00011398
 107    0.0000862  -0.00086258
 108    0.0001110  -0.00089305
 109    0.0000000  -0.00000073
 110    0.0000000  -0.00000053
 111    0.0000207  -0.00010506
 112    0.0000378  -0.00017219
 113    0.0000502  -0.00021052
 114    0.0000125  -0.00005508
 115    0.0000198  -0.00010656
 116    0.0000143  -0.00006629
 117    0.0000316  -0.00017981
 118    0.0000331  -0.00018080
 119    0.0000000  -0.00000068
 120    0.0000000  -0.00000045
 121    0.0000200  -0.00010267
 122    0.0000249  -0.00013660
 123    0.0000243  -0.00013405
 124    0.0000111  -0.00004747
 125    0.0000075  -0.00003845
 126    0.0000096  -0.00004312
 127    0.0000215  -0.00012813
 128    0.0000217  -0.00012350
 129    0.0000000  -0.00000067
 130    0.0000000  -0.00000047
 131    0.0000157  -0.00007233
 132    0.0000218  -0.00011192
 133    0.0000207  -0.00011339
 134    0.0000096  -0.00004685
 135    0.0000068  -0.00003101
 136    0.0000067  -0.00003078
 137    0.0000201  -0.00012303
 138    0.0000202  -0.00012494
 139    0.0000000  -0.00000059
 140    0.0000000  -0.00000042
 141    0.0000131  -0.00006684
 142    0.0000190  -0.00010743
 143    0.0000199  -0.00011442
 144    0.0000073  -0.00003458
 145    0.0000044  -0.00001669
 146    0.0000047  -0.00001558
 147    0.0000194  -0.00011559
 148    0.0000153  -0.00009856
 149    0.0000000  -0.00000058
 150    0.0000000  -0.00000041
 151    0.0000113  -0.00005068
 152    0.0000172  -0.00010459
 153    0.0000192  -0.00011105
 154    0.0000058  -0.00001845
 155    0.0000032  -0.00001652
 156    0.0000032  -0.00001502
 157    0.0000166  -0.00011288
 158    0.0000127  -0.00007977
 159    0.0000000  -0.00000053
 160    0.0000000  -0.00000036
 161    0.0000106  -0.00005103
 162    0.0000158  -0.00009299
 163    0.0000147  -0.00008414
 164    0.0000031  -0.00001170
 165    0.0000024  -0.00000986
 166    0.0000024  -0.00000952
 167    0.0000161  -0.00009426
 168    0.0000107  -0.00007191
 169    0.0000000  -0.00000054
 170    0.0000000  -0.00000037
 171    0.0000052  -0.00002008
 172    0.0000095  -0.00005384
 173    0.0000112  -0.00006563
 174    0.0000027  -0.00000906
 175    0.0000019  -0.00000810
 176    0.0000021  -0.00000812
 177    0.0000102  -0.00006632
 178    0.0000079  -0.00005453
 179    0.0000000  -0.00000054
 180    0.0000000  -0.00000024
 181    0.0000041  -0.00002092
 182    0.0000093  -0.00005115
 183    0.0000060  -0.00003205
 184    0.0000019  -0.00000646
 185    0.0000017  -0.00000713
 186    0.0000017  -0.00000690
 187    0.0000085  -0.00005721
 188    0.0000048  -0.00002825
 189    0.0000000  -0.00000046
 190    0.0000000  -0.00000020
 191    0.0000033  -0.00001710
 192    0.0000054  -0.00002952
 193    0.0000056  -0.00002927
 194    0.0000017  -0.00000579
 195    0.0000015  -0.00000530
 196    0.0000017  -0.00000577
 197    0.0000042  -0.00002554
 198    0.0000036  -0.00002609
 199    0.0000000  -0.00000038
 200    0.0000000  -0.00000028
 
----------------
 Final Energies 
----------------
Final NOF Total Energy =    -152.1210570
 
Total Orbital Internal Iterations = 10
Total Occupation Internal Iterations = 0
 
Elapsed time:   29.12 Seconds

---------------------------------
   Lowdin Population Analysis    
---------------------------------
 Idx  Atom   Population   Charge 
---------------------------------
  1     H     1.476      -0.476
  2     H     1.518      -0.518
  3     O     7.654       0.346
  4     O     7.911       0.089
  5     H     1.441      -0.441

---------------------------------
   M Diagnostic: 0.03
---------------------------------

