Computing Integrals
Basis Set                                            = def2-qzvp
Auxiliary Basis Set                                  = def2-universal-jkfit
Gaussian Type                                        = Spherical
Elapsed time:    2.97 Seconds

Number of basis functions                   (NBF)    = 184
Number of auxiliary basis functions         (NBFAUX) = 282
Inactive Doubly occupied orbitals up to     (NO1)    = 0
No. considered Strongly Doubly occupied MOs (NDOC)   = 17
No. considered Strongly Singly occupied MOs (NSOC)   = 0
NO. of Weakly occ. per St. Doubly occ.  MOs (NCWO)   = 9
Dimension of the Nat. Orb. subspace         (NBF5)   = 170
No. of electrons                                     = 34
    No. of alpha electrons                           = 17
    No. of beta electrons                            = 17
Multiplicity                                         = 1

Geometry
========
 S       0.0000000       0.0000000       0.5566340
 F       0.0000000       1.2128210      -0.4947860
 F       0.0000000      -1.2128210      -0.4947860

Orthonormality violations 628, Maximum Violation 0.000006
Trying to orthonormalize
No violations of the orthonormality
No violations of the orthonormality
 
PNOF8/ADABelief Calculation
==================
 
  Nitext  Nit_orb  Time   Nit_occ  Time         Eelec          Etot           Ediff      maxdiff    MaxGrad_orb  Grad_occ
     1      10    2.2e+01    0    2.5e+01  -710.17561584  -597.55700905 -10709.17561584   0.000100   4.0e-04   2.4e-04 0.03
 
RESULTS OF THE OCCUPATION OPTIMIZATION
========================================
   1    1.9999982  -92.15804159
   2    1.9999833  -26.39178249
   3    1.9999777  -26.39174139
   4    1.9998961  -9.10847774
   5    1.9993342  -6.80485741
   6    1.9991431  -6.79993460
   7    1.9992104  -6.79378298
   8    1.9868128  -1.62541446
   9    1.9865982  -1.62402524
  10    1.9824747  -0.96035279
  11    1.9690297  -0.80959718
  12    1.9689782  -0.80850684
  13    1.9795657  -0.75150779
  14    1.9794941  -0.75094923
  15    1.9790018  -0.75036903
  16    1.9788078  -0.74936060
  17    1.9741466  -0.45253796
  18    0.0080909  -0.01609756
  19    0.0106012  -0.02315721
  20    0.0111661  -0.02364925
  21    0.0102985  -0.02213167
  22    0.0102568  -0.02202023
  23    0.0302529  -0.06056301
  24    0.0302117  -0.06060741
  25    0.0055710  -0.02471086
  26    0.0062280  -0.02375754
  27    0.0062252  -0.02391583
  28    0.0006375  -0.01073422
  29    0.0003738  -0.00646686
  30    0.0005485  -0.01070677
  31    0.0000185  -0.00021405
  32    0.0000037  -0.00010377
  33    0.0000045  -0.00015013
  34    0.0000003  -0.00003958
  35    0.0069367  -0.01849475
  36    0.0038780  -0.01125902
  37    0.0040818  -0.01202295
  38    0.0040556  -0.01258656
  39    0.0040953  -0.01259736
  40    0.0002277  -0.00093855
  41    0.0002248  -0.00094117
  42    0.0038219  -0.01307934
  43    0.0026231  -0.00933634
  44    0.0026187  -0.01165354
  45    0.0000696  -0.00256126
  46    0.0003516  -0.00651647
  47    0.0000497  -0.00128775
  48    0.0000142  -0.00084861
  49    0.0000032  -0.00017428
  50    0.0000036  -0.00008260
  51    0.0000003  -0.00001684
  52    0.0048250  -0.01184243
  53    0.0037191  -0.01020297
  54    0.0036066  -0.00967335
  55    0.0037860  -0.01003001
  56    0.0037641  -0.00970967
  57    0.0002137  -0.00089827
  58    0.0002075  -0.00088371
  59    0.0030418  -0.01191448
  60    0.0025471  -0.01111455
  61    0.0026089  -0.00960783
  62    0.0000251  -0.00027825
  63    0.0000638  -0.00193252
  64    0.0000111  -0.00014741
  65    0.0000127  -0.00016508
  66    0.0000031  -0.00009977
  67    0.0000031  -0.00023201
  68    0.0000002  -0.00001807
  69    0.0046990  -0.01167524
  70    0.0016011  -0.00687946
  71    0.0009607  -0.00386943
  72    0.0006443  -0.00256369
  73    0.0006596  -0.00259445
  74    0.0002094  -0.00087594
  75    0.0001928  -0.00082286
  76    0.0018069  -0.00867166
  77    0.0009807  -0.00683155
  78    0.0005475  -0.00423693
  79    0.0000107  -0.00014204
  80    0.0000250  -0.00022074
  81    0.0000103  -0.00014134
  82    0.0000124  -0.00015488
  83    0.0000031  -0.00007005
  84    0.0000026  -0.00006073
  85    0.0000002  -0.00001900
  86    0.0004788  -0.00129083
  87    0.0007300  -0.00312915
  88    0.0005178  -0.00216935
  89    0.0005591  -0.00340941
  90    0.0005305  -0.00320856
  91    0.0000369  -0.00017424
  92    0.0000369  -0.00017541
  93    0.0013816  -0.00650412
  94    0.0002406  -0.00127221
  95    0.0003839  -0.00258430
  96    0.0000100  -0.00013575
  97    0.0000090  -0.00012352
  98    0.0000099  -0.00012880
  99    0.0000120  -0.00015636
 100    0.0000028  -0.00007807
 101    0.0000024  -0.00006191
 102    0.0000002  -0.00001627
 103    0.0004692  -0.00122343
 104    0.0002958  -0.00119961
 105    0.0003006  -0.00119857
 106    0.0004668  -0.00154912
 107    0.0004683  -0.00149931
 108    0.0000301  -0.00016315
 109    0.0000350  -0.00016737
 110    0.0013646  -0.00631450
 111    0.0002400  -0.00115549
 112    0.0002375  -0.00115875
 113    0.0000095  -0.00012472
 114    0.0000088  -0.00011929
 115    0.0000094  -0.00012213
 116    0.0000109  -0.00017692
 117    0.0000025  -0.00005908
 118    0.0000001  -0.00000740
 119    0.0000002  -0.00000941
 120    0.0001447  -0.00056767
 121    0.0002573  -0.00105758
 122    0.0002650  -0.00110291
 123    0.0003005  -0.00116505
 124    0.0002895  -0.00116059
 125    0.0000184  -0.00013574
 126    0.0000302  -0.00014337
 127    0.0002296  -0.00114873
 128    0.0002221  -0.00111589
 129    0.0002202  -0.00110025
 130    0.0000093  -0.00012346
 131    0.0000086  -0.00011412
 132    0.0000092  -0.00012250
 133    0.0000102  -0.00018734
 134    0.0000020  -0.00005190
 135    0.0000001  -0.00000544
 136    0.0000001  -0.00000776
 137    0.0001073  -0.00045706
 138    0.0000639  -0.00030851
 139    0.0000542  -0.00025803
 140    0.0002818  -0.00114460
 141    0.0002874  -0.00115038
 142    0.0000174  -0.00012935
 143    0.0000159  -0.00012256
 144    0.0001606  -0.00082135
 145    0.0002090  -0.00105848
 146    0.0002113  -0.00107077
 147    0.0000091  -0.00012812
 148    0.0000083  -0.00011025
 149    0.0000089  -0.00011668
 150    0.0000090  -0.00015829
 151    0.0000015  -0.00006430
 152    0.0000001  -0.00000483
 153    0.0000001  -0.00000731
 154    0.0001017  -0.00042307
 155    0.0000459  -0.00021786
 156    0.0000453  -0.00022363
 157    0.0001133  -0.00047006
 158    0.0000827  -0.00040502
 159    0.0000153  -0.00011371
 160    0.0000156  -0.00011821
 161    0.0001473  -0.00069002
 162    0.0001112  -0.00066939
 163    0.0001339  -0.00082913
 164    0.0000088  -0.00011518
 165    0.0000080  -0.00010956
 166    0.0000089  -0.00011679
 167    0.0000040  -0.00031337
 168    0.0000004  -0.00005133
 169    0.0000001  -0.00000436
 170    0.0000001  -0.00000593
 
----------------
 Final Energies 
----------------
Final NOF Total Energy =    -597.5570090
 
Total Orbital Internal Iterations = 10
Total Occupation Internal Iterations = 0
 
Elapsed time:   64.77 Seconds

---------------------------------
   Lowdin Population Analysis    
---------------------------------
 Idx  Atom   Population   Charge 
---------------------------------
  1     S    16.006      -0.006
  2     F     8.997       0.003
  3     F     8.997       0.003

---------------------------------
   M Diagnostic: 0.03
---------------------------------

