Computing Integrals
Basis Set                                            = def2-qzvp
Auxiliary Basis Set                                  = def2-universal-jkfit
Gaussian Type                                        = Spherical
Elapsed time:    1.81 Seconds

Number of basis functions                   (NBF)    = 147
Number of auxiliary basis functions         (NBFAUX) = 131
Inactive Doubly occupied orbitals up to     (NO1)    = 0
No. considered Strongly Doubly occupied MOs (NDOC)   = 5
No. considered Strongly Singly occupied MOs (NSOC)   = 0
NO. of Weakly occ. per St. Doubly occ.  MOs (NCWO)   = 1
Dimension of the Nat. Orb. subspace         (NBF5)   = 10
No. of electrons                                     = 10
    No. of alpha electrons                           = 5
    No. of beta electrons                            = 5
Multiplicity                                         = 1

Geometry
========
 N      -1.1495506      -0.0399443       1.5977359
 H      -0.7993897      -0.9919745       1.5888383
 H      -0.7131478       0.3976979       2.4021449
 H      -0.7006725       0.4080986       0.7846342

No violations of the orthonormality
No violations of the orthonormality
 
PNOF5/ADABelief Calculation
==================
 
  Nitext  Nit_orb  Time   Nit_occ  Time         Eelec          Etot           Ediff      maxdiff    MaxGrad_orb  Grad_occ
     1      10    9.2e+00    0    1.2e+01   -68.17855913   -56.30080977 -10067.17855913   0.000474   1.9e-03   3.9e-05 0.02
 
RESULTS OF THE OCCUPATION OPTIMIZATION
========================================
   1    1.9997381  -15.52882775
   2    1.9831317  -0.77976842
   3    1.9831102  -0.77969036
   4    1.9819458  -0.76580213
   5    1.9880728  -0.55889385
   6    0.0119272  -0.01012851
   7    0.0180542  -0.01596797
   8    0.0168898  -0.01538065
   9    0.0168683  -0.01537214
  10    0.0002619  -0.00734595
 
----------------
 Final Energies 
----------------
Final NOF Total Energy =     -56.3008098
 
Total Orbital Internal Iterations = 10
Total Occupation Internal Iterations = 0
 
Elapsed time:   27.08 Seconds

---------------------------------
   Lowdin Population Analysis    
---------------------------------
 Idx  Atom   Population   Charge 
---------------------------------
  1     N     6.444       0.556
  2     H     1.193      -0.193
  3     H     1.193      -0.193
  4     H     1.170      -0.170

---------------------------------
   M Diagnostic: 0.02
---------------------------------

