Computing Integrals
Basis Set                                            = def2-qzvp
Auxiliary Basis Set                                  = def2-universal-jkfit
Gaussian Type                                        = Spherical
Elapsed time:    1.66 Seconds

Number of basis functions                   (NBF)    = 100
Number of auxiliary basis functions         (NBFAUX) = 146
Inactive Doubly occupied orbitals up to     (NO1)    = 0
No. considered Strongly Doubly occupied MOs (NDOC)   = 9
No. considered Strongly Singly occupied MOs (NSOC)   = 0
NO. of Weakly occ. per St. Doubly occ.  MOs (NCWO)   = 1
Dimension of the Nat. Orb. subspace         (NBF5)   = 18
No. of electrons                                     = 18
    No. of alpha electrons                           = 9
    No. of beta electrons                            = 9
Multiplicity                                         = 1

Geometry
========
 S       0.7716119       1.3262688      -0.9387166
 H      -0.1907513       1.8427406      -1.7174752

No violations of the orthonormality
No violations of the orthonormality
 
PNOF5/ADABelief Calculation
==================
 
  Nitext  Nit_orb  Time   Nit_occ  Time         Eelec          Etot           Ediff      maxdiff    MaxGrad_orb  Grad_occ
     1      10    9.2e+00    0    1.2e+01  -404.52557305  -398.21364136 -10403.52557305   0.000582   2.3e-03   7.4e-05 0.02
 
RESULTS OF THE OCCUPATION OPTIMIZATION
========================================
   1    1.9999716  -90.71779150
   2    1.9996922  -7.15260564
   3    1.9997117  -7.14773730
   4    1.9997060  -7.13389689
   5    1.9997055  -7.13130718
   6    1.9832388  -0.39327205
   7    1.9894447  -0.24946194
   8    1.9893751  -0.24767017
   9    1.9893286  -0.24630161
  10    0.0106714  -0.00543178
  11    0.0106249  -0.00542969
  12    0.0105553  -0.00542300
  13    0.0167612  -0.00997117
  14    0.0002945  -0.00362344
  15    0.0002940  -0.00362260
  16    0.0002883  -0.00359652
  17    0.0003078  -0.00371276
  18    0.0000284  -0.00552126
 
----------------
 Final Energies 
----------------
Final NOF Total Energy =    -398.2136414
 
Total Orbital Internal Iterations = 10
Total Occupation Internal Iterations = 0
 
Elapsed time:   26.95 Seconds

---------------------------------
   Lowdin Population Analysis    
---------------------------------
 Idx  Atom   Population   Charge 
---------------------------------
  1     S    16.583      -0.583
  2     H     1.417      -0.417

---------------------------------
   M Diagnostic: 0.02
---------------------------------

