Computing Integrals
Basis Set                                            = def2-qzvp
Auxiliary Basis Set                                  = def2-universal-jkfit
Gaussian Type                                        = Spherical
Elapsed time:    3.66 Seconds

Number of basis functions                   (NBF)    = 287
Number of auxiliary basis functions         (NBFAUX) = 385
Inactive Doubly occupied orbitals up to     (NO1)    = 0
No. considered Strongly Doubly occupied MOs (NDOC)   = 22
No. considered Strongly Singly occupied MOs (NSOC)   = 0
NO. of Weakly occ. per St. Doubly occ.  MOs (NCWO)   = 1
Dimension of the Nat. Orb. subspace         (NBF5)   = 44
No. of electrons                                     = 44
    No. of alpha electrons                           = 22
    No. of beta electrons                            = 22
Multiplicity                                         = 1

Geometry
========
Cl      -0.0002746       0.0192429       2.3225374
 C       0.0002134       0.0002029      -0.0000524
 H       0.7609800      -0.7510163       0.0064136
 H      -1.0307506      -0.2830071       0.0021836
 H       0.2704285       1.0346447      -0.0086604
Cl      -0.0005966      -0.0200671      -2.3224218

Orthonormality violations 37886, Maximum Violation 0.000122
Trying to orthonormalize
No violations of the orthonormality
No violations of the orthonormality
 
PNOF5/ADABelief Calculation
==================
 
  Nitext  Nit_orb  Time   Nit_occ  Time         Eelec          Etot           Ediff      maxdiff    MaxGrad_orb  Grad_occ
     1      10    1.1e+01    0    1.2e+01 -1069.16922056  -958.88988259 -11068.16922056   0.000361   1.4e-03   2.3e-04 0.02
 
RESULTS OF THE OCCUPATION OPTIMIZATION
========================================
   1    1.9999542  -96.52956829
   2    1.9999542  -96.37447805
   3    1.9999774  -18.38757420
   4    1.9999769  -18.16300286
   5    1.9996282  -11.16150852
   6    1.9998153  -7.86696459
   7    1.9998124  -7.86550286
   8    1.9998133  -7.82786969
   9    1.9998138  -7.82696262
  10    1.9998259  -7.77557715
  11    1.9998218  -7.76412843
  12    1.9847470  -0.59403367
  13    1.9847309  -0.59363246
  14    1.9847371  -0.59306320
  15    1.9917150  -0.43593304
  16    1.9917349  -0.41981637
  17    1.9917018  -0.41167372
  18    1.9916558  -0.41167032
  19    1.9916925  -0.40986033
  20    1.9906961  -0.40768819
  21    1.9916567  -0.40663280
  22    1.9914539  -0.40285909
  23    0.0085461  -0.00580937
  24    0.0083433  -0.00573003
  25    0.0093039  -0.00606927
  26    0.0083075  -0.00569900
  27    0.0083442  -0.00573097
  28    0.0082982  -0.00570306
  29    0.0082651  -0.00570680
  30    0.0082850  -0.00581306
  31    0.0152629  -0.01222269
  32    0.0152691  -0.01222527
  33    0.0152530  -0.01222103
  34    0.0001782  -0.00269599
  35    0.0001741  -0.00266424
  36    0.0001862  -0.00276225
  37    0.0001867  -0.00276147
  38    0.0001876  -0.00277983
  39    0.0001847  -0.00276656
  40    0.0003718  -0.00750560
  41    0.0000231  -0.00051721
  42    0.0000226  -0.00049354
  43    0.0000458  -0.00823768
  44    0.0000458  -0.00821394
 
----------------
 Final Energies 
----------------
Final NOF Total Energy =    -958.8898826
 
Total Orbital Internal Iterations = 10
Total Occupation Internal Iterations = 0
 
Elapsed time:   30.25 Seconds

---------------------------------
   Lowdin Population Analysis    
---------------------------------
 Idx  Atom   Population   Charge 
---------------------------------
  1    Cl    17.424      -0.424
  2     C     5.853       0.147
  3     H     1.101      -0.101
  4     H     1.100      -0.100
  5     H     1.101      -0.101
  6    Cl    17.422      -0.422

---------------------------------
   M Diagnostic: 0.02
---------------------------------

