Computing Integrals
Basis Set                                            = def2-qzvp
Auxiliary Basis Set                                  = def2-universal-jkfit
Gaussian Type                                        = Spherical
Elapsed time:    1.62 Seconds

Number of basis functions                   (NBF)    = 114
Number of auxiliary basis functions         (NBFAUX) = 154
Inactive Doubly occupied orbitals up to     (NO1)    = 0
No. considered Strongly Doubly occupied MOs (NDOC)   = 7
No. considered Strongly Singly occupied MOs (NSOC)   = 0
NO. of Weakly occ. per St. Doubly occ.  MOs (NCWO)   = 1
Dimension of the Nat. Orb. subspace         (NBF5)   = 14
No. of electrons                                     = 14
    No. of alpha electrons                           = 7
    No. of beta electrons                            = 7
Multiplicity                                         = 1

Geometry
========
 N       0.0000000       0.0000000      -0.5454291
 N       0.0000000       0.0000000       0.5454291

Orthonormality violations 805, Maximum Violation 0.000060
Trying to orthonormalize
No violations of the orthonormality
No violations of the orthonormality
 
PNOF5/ADABelief Calculation
==================
 
  Nitext  Nit_orb  Time   Nit_occ  Time         Eelec          Etot           Ediff      maxdiff    MaxGrad_orb  Grad_occ
     1      10    9.3e+00    0    1.2e+01  -132.87432713  -109.10439192 -10131.87432713   0.000213   8.5e-04   4.9e-05 0.06
 
RESULTS OF THE OCCUPATION OPTIMIZATION
========================================
   1    1.9997457  -15.62036270
   2    1.9997457  -15.62025308
   3    1.9963014  -1.43381528
   4    1.9930213  -0.76841846
   5    1.9930152  -0.76808939
   6    1.9388171  -0.62653781
   7    1.9387879  -0.62652923
   8    0.0612121  -0.03382904
   9    0.0611829  -0.03382239
  10    0.0069848  -0.00763362
  11    0.0069787  -0.00762962
  12    0.0036986  -0.00704822
  13    0.0002543  -0.00726937
  14    0.0002543  -0.00726917
 
----------------
 Final Energies 
----------------
Final NOF Total Energy =    -109.1043919
 
Total Orbital Internal Iterations = 10
Total Occupation Internal Iterations = 0
 
Elapsed time:   28.34 Seconds

---------------------------------
   Lowdin Population Analysis    
---------------------------------
 Idx  Atom   Population   Charge 
---------------------------------
  1     N     7.000      -0.000
  2     N     7.000       0.000

---------------------------------
   M Diagnostic: 0.06
---------------------------------

