Computing Integrals
Basis Set                                            = def2-qzvp
Auxiliary Basis Set                                  = def2-universal-jkfit
Gaussian Type                                        = Spherical
Elapsed time:    2.96 Seconds

Number of basis functions                   (NBF)    = 150
Number of auxiliary basis functions         (NBFAUX) = 532
Inactive Doubly occupied orbitals up to     (NO1)    = 0
No. considered Strongly Doubly occupied MOs (NDOC)   = 35
No. considered Strongly Singly occupied MOs (NSOC)   = 0
NO. of Weakly occ. per St. Doubly occ.  MOs (NCWO)   = 1
Dimension of the Nat. Orb. subspace         (NBF5)   = 70
No. of electrons                                     = 70
    No. of alpha electrons                           = 35
    No. of beta electrons                            = 35
Multiplicity                                         = 1

Geometry
========
Br       0.0000000       0.0000000       1.1379300
Br       0.0000000       0.0000000      -1.1379300

No violations of the orthonormality
No violations of the orthonormality
 
PNOF5/ADABelief Calculation
==================
 
  Nitext  Nit_orb  Time   Nit_occ  Time         Eelec          Etot           Ediff      maxdiff    MaxGrad_orb  Grad_occ
     1      10    1.0e+01    0    1.2e+01 -5429.93000177 -5145.09668426 -15428.93000177   0.001064   4.3e-03   2.6e-04 0.05
     2      30    3.9e+00    0    2.0e-02 -5429.93000177 -5145.09668426     0.00000000   0.001064   4.3e-03   2.6e-04 0.05
     3      50    7.0e+00    0    1.9e-02 -5429.93000177 -5145.09668426     0.00000000   0.001064   4.3e-03   2.6e-04 0.05
     4      70    9.9e+00    0    3.3e-02 -5429.93000177 -5145.09668426     0.00000000   0.001064   4.3e-03   2.6e-04 0.05
     5      90    1.3e+01    0    3.4e-02 -5429.93000890 -5145.09669140    -0.00000714   0.001492   6.0e-03   2.6e-04 0.05
     6     100    1.4e+01    0    2.7e-02 -5429.93001007 -5145.09669257    -0.00000116   0.001035   4.1e-03   2.6e-04 0.05
     7     110    1.5e+01    0    3.3e-02 -5429.93001119 -5145.09669368    -0.00000112   0.001295   5.2e-03   2.6e-04 0.05
     8     120    1.7e+01    0    2.4e-02 -5429.93001265 -5145.09669515    -0.00000146   0.001048   4.2e-03   2.6e-04 0.05
     9     130    1.8e+01    0    4.2e-02 -5429.93001388 -5145.09669638    -0.00000123   0.001057   4.2e-03   2.6e-04 0.05
    10     140    1.9e+01    0    3.4e-02 -5429.93001505 -5145.09669755    -0.00000117   0.000982   3.9e-03   2.6e-04 0.05
 
RESULTS OF THE OCCUPATION OPTIMIZATION
========================================
   1    1.9999908  -430.32874171
   2    1.9999907  -429.86105618
   3    1.9999997  -81.71795964
   4    1.9999999  -80.48854227
   5    1.9999997  -79.61036929
   6    1.9999993  -74.67729557
   7    1.9999992  -73.64763072
   8    1.9999991  -72.16065808
   9    1.9999989  -70.55980978
  10    1.9999986  -67.79870946
  11    1.9994468  -5.62766132
  12    1.9994451  -5.62569500
  13    1.9994436  -5.62479849
  14    1.9994428  -5.62408718
  15    1.9994411  -5.61997260
  16    1.9994348  -5.61678992
  17    1.9994412  -5.58043886
  18    1.9994267  -5.56819977
  19    1.9994241  -5.56645982
  20    1.9994242  -5.56618437
  21    1.9994195  -5.56022031
  22    1.9994159  -5.55987293
  23    1.9993954  -5.17522052
  24    1.9993906  -5.17238158
  25    1.9993897  -5.17227610
  26    1.9993885  -5.16924309
  27    1.9993858  -5.16854031
  28    1.9993783  -5.16275368
  29    1.9957725  -0.67564097
  30    1.9957144  -0.67453619
  31    1.9955005  -0.66840276
  32    1.9954671  -0.66813971
  33    1.9954322  -0.66700746
  34    1.9954322  -0.66653165
  35    1.9511838  -0.56447620
  36    0.0488162  -0.02285951
  37    0.0045678  -0.00416192
  38    0.0045678  -0.00416146
  39    0.0045329  -0.00414882
  40    0.0044995  -0.00413219
  41    0.0042856  -0.00403554
  42    0.0042275  -0.00400903
  43    0.0006217  -0.00458989
  44    0.0006142  -0.00456985
  45    0.0006115  -0.00456136
  46    0.0006103  -0.00456257
  47    0.0006094  -0.00455642
  48    0.0006046  -0.00454535
  49    0.0005841  -0.00464104
  50    0.0005805  -0.00462646
  51    0.0005758  -0.00461294
  52    0.0005759  -0.00461424
  53    0.0005733  -0.00460647
  54    0.0005588  -0.00455986
  55    0.0005652  -0.00457232
  56    0.0005589  -0.00454985
  57    0.0005572  -0.00454697
  58    0.0005564  -0.00454469
  59    0.0005549  -0.00454022
  60    0.0005532  -0.00453516
  61    0.0000014  -0.00006313
  62    0.0000011  -0.00006162
  63    0.0000009  -0.00005611
  64    0.0000008  -0.00005655
  65    0.0000007  -0.00005518
  66    0.0000003  -0.00004310
  67    0.0000001  -0.00002957
  68    0.0000003  -0.00004163
  69    0.0000093  -0.00764772
  70    0.0000092  -0.00764513
 
----------------
 Final Energies 
----------------
Final NOF Total Energy =   -5145.0966976
 
Total Orbital Internal Iterations = 850
Total Occupation Internal Iterations = 0
 
Elapsed time:  147.04 Seconds

---------------------------------
   Lowdin Population Analysis    
---------------------------------
 Idx  Atom   Population   Charge 
---------------------------------
  1    Br    35.000       0.000
  2    Br    35.000      -0.000

---------------------------------
   M Diagnostic: 0.05
---------------------------------

