Computing Integrals
Basis Set                                            = def2-qzvp
Auxiliary Basis Set                                  = def2-universal-jkfit
Gaussian Type                                        = Spherical
Elapsed time:   19.84 Seconds

Number of basis functions                   (NBF)    = 718
Number of auxiliary basis functions         (NBFAUX) = 928
Inactive Doubly occupied orbitals up to     (NO1)    = 0
No. considered Strongly Doubly occupied MOs (NDOC)   = 54
No. considered Strongly Singly occupied MOs (NSOC)   = 0
NO. of Weakly occ. per St. Doubly occ.  MOs (NCWO)   = 1
Dimension of the Nat. Orb. subspace         (NBF5)   = 108
No. of electrons                                     = 108
    No. of alpha electrons                           = 54
    No. of beta electrons                            = 54
Multiplicity                                         = 1

Geometry
========
 N       0.0000000       0.0000000       4.0966500
 C       0.0000000       0.0000000       5.2389330
 H       0.0000000       0.0000000       6.3063400
 I       0.0000000       0.0000000       0.8379080
 C       0.0000000       0.0000000      -1.2574380
 C       0.0000000       1.2035120      -1.9485380
 C       0.0000000       1.1986190      -3.3357790
 C       0.0000000       0.0000000      -4.0323620
 C       0.0000000      -1.1986190      -3.3357790
 C       0.0000000      -1.2035120      -1.9485380
 H       0.0000000       2.1411600      -1.4086920
 H       0.0000000       2.1394520      -3.8714410
 H       0.0000000       0.0000000      -5.1147180
 H       0.0000000      -2.1394520      -3.8714410
 H       0.0000000      -2.1411600      -1.4086920

No violations of the orthonormality
No violations of the orthonormality
 
PNOF5/ADABelief Calculation
==================
 
  Nitext  Nit_orb  Time   Nit_occ  Time         Eelec          Etot           Ediff      maxdiff    MaxGrad_orb  Grad_occ
     1      10    2.9e+01    0    1.3e+01 -3465.15592706 -2763.95231490 -13464.15592706   0.000698   2.8e-03   2.9e-04 0.47
 
RESULTS OF THE OCCUPATION OPTIMIZATION
========================================
   1    2.0000000  -147.59997789
   2    2.0000000  -63.22831703
   3    2.0000000  -62.83099196
   4    2.0000000  -62.72438046
   5    2.0000000  -27.19392599
   6    1.9997422  -15.52279279
   7    2.0000000  -11.68168200
   8    2.0000000  -11.45373635
   9    1.9995906  -11.24502516
  10    1.9996146  -11.23121579
  11    1.9996177  -11.22292678
  12    1.9996175  -11.22083765
  13    1.9996181  -11.21795536
  14    1.9996182  -11.21667839
  15    1.9996179  -11.21664390
  16    2.0000000  -10.94409753
  17    1.9999998  -10.29507799
  18    1.9999983  -9.53888041
  19    1.9999982  -9.46159979
  20    1.9999970  -9.40608269
  21    1.9999944  -9.33222516
  22    1.9999485  -6.54708419
  23    1.9999409  -5.92993018
  24    1.9999310  -5.22607287
  25    1.9999282  -5.21293704
  26    1.9999287  -5.02616742
  27    1.9999250  -4.94132561
  28    1.9999281  -4.93668076
  29    1.9999298  -4.92713109
  30    1.9964465  -1.23406010
  31    1.9867783  -0.87025067
  32    1.9857793  -0.86311044
  33    1.9922533  -0.84417452
  34    1.9920206  -0.83416537
  35    1.9919671  -0.83167527
  36    1.9862193  -0.81088275
  37    1.9964057  -0.79793165
  38    1.9966714  -0.77419425
  39    1.9846733  -0.69791084
  40    1.9845978  -0.69590188
  41    1.9843492  -0.69434011
  42    1.9843348  -0.69232218
  43    1.9843254  -0.69223389
  44    1.9925733  -0.67096519
  45    1.9865062  -0.66656734
  46    1.9857090  -0.64650744
  47    1.9848573  -0.63365299
  48    1.9847455  -0.63307242
  49    1.9842441  -0.62258325
  50    1.9816365  -0.58882004
  51    1.9637759  -0.54043511
  52    1.9394756  -0.50869741
  53    1.9394254  -0.50864275
  54    1.5264437  -0.20047424
  55    0.4735563  -0.06516142
  56    0.0605746  -0.02841347
  57    0.0605244  -0.02839461
  58    0.0362241  -0.02032848
  59    0.0183635  -0.01191958
  60    0.0157559  -0.01120871
  61    0.0152545  -0.01096897
  62    0.0151427  -0.01104168
  63    0.0142910  -0.01068912
  64    0.0134938  -0.01065419
  65    0.0074267  -0.00769060
  66    0.0156746  -0.01294950
  67    0.0156652  -0.01294979
  68    0.0156508  -0.01296396
  69    0.0154022  -0.01281144
  70    0.0153267  -0.01278648
  71    0.0033286  -0.00328917
  72    0.0035943  -0.00364107
  73    0.0137807  -0.01254707
  74    0.0080329  -0.00871366
  75    0.0079794  -0.00866451
  76    0.0077467  -0.00848964
  77    0.0142207  -0.01202164
  78    0.0132217  -0.01144364
  79    0.0035535  -0.00600424
  80    0.0000702  -0.00053278
  81    0.0000719  -0.00054454
  82    0.0000750  -0.00055033
  83    0.0000713  -0.00054153
  84    0.0000718  -0.00055486
  85    0.0000690  -0.00053722
  86    0.0000591  -0.00050265
  87    0.0000515  -0.00046722
  88    0.0000056  -0.00012033
  89    0.0000030  -0.00007081
  90    0.0000018  -0.00004998
  91    0.0000017  -0.00004703
  92    0.0000002  -0.00000998
  93    0.0000000  -0.00000216
  94    0.0003821  -0.00772706
  95    0.0003818  -0.00772308
  96    0.0003819  -0.00772457
  97    0.0003825  -0.00773424
  98    0.0003823  -0.00773119
  99    0.0003854  -0.00777417
 100    0.0004094  -0.00813935
 101    0.0000000  -0.00000180
 102    0.0000000  -0.00000237
 103    0.0002578  -0.00733774
 104    0.0000000  -0.00000059
 105    0.0000000  -0.00000022
 106    0.0000000  -0.00000008
 107    0.0000000  -0.00000031
 108    0.0000000  -0.00000002
 
----------------
 Final Energies 
----------------
Final NOF Total Energy =   -2763.9523149
 
Total Orbital Internal Iterations = 10
Total Occupation Internal Iterations = 0
 
Elapsed time:   54.07 Seconds

---------------------------------
   Lowdin Population Analysis    
---------------------------------
 Idx  Atom   Population   Charge 
---------------------------------
  1     N     6.885       0.115
  2     C     5.952       0.048
  3     H     1.143      -0.143
  4     I    52.585       0.415
  5     C     6.399      -0.399
  6     C     5.968       0.032
  7     C     5.934       0.066
  8     C     5.930       0.070
  9     C     5.934       0.066
 10     C     5.966       0.034
 11     H     1.062      -0.062
 12     H     1.061      -0.061
 13     H     1.060      -0.060
 14     H     1.061      -0.061
 15     H     1.060      -0.060

---------------------------------
   M Diagnostic: 0.47
---------------------------------

