Computing Integrals
Basis Set                                            = def2-qzvp
Auxiliary Basis Set                                  = def2-universal-jkfit
Gaussian Type                                        = Spherical
Elapsed time:   11.57 Seconds

Number of basis functions                   (NBF)    = 574
Number of auxiliary basis functions         (NBFAUX) = 758
Inactive Doubly occupied orbitals up to     (NO1)    = 0
No. considered Strongly Doubly occupied MOs (NDOC)   = 47
No. considered Strongly Singly occupied MOs (NSOC)   = 0
NO. of Weakly occ. per St. Doubly occ.  MOs (NCWO)   = 1
Dimension of the Nat. Orb. subspace         (NBF5)   = 94
No. of electrons                                     = 94
    No. of alpha electrons                           = 47
    No. of beta electrons                            = 47
Multiplicity                                         = 1

Geometry
========
 I       0.0000000       0.0000000       1.5420400
 C       0.0000000       0.0000000      -0.5530040
 C       0.0000000       1.2055670      -1.2382030
 C       0.0000000       1.1991150      -2.6254240
 C       0.0000000       0.0000000      -3.3209690
 C       0.0000000      -1.1991150      -2.6254240
 C       0.0000000      -1.2055670      -1.2382030
 H       0.0000000       2.1423770      -0.6975470
 H       0.0000000       2.1396780      -3.1612290
 H       0.0000000       0.0000000      -4.4031950
 H       0.0000000      -2.1396780      -3.1612290
 H       0.0000000      -2.1423770      -0.6975470

Orthonormality violations 241156, Maximum Violation 0.000200
Trying to orthonormalize
No violations of the orthonormality
No violations of the orthonormality
 
PNOF5/ADABelief Calculation
==================
 
  Nitext  Nit_orb  Time   Nit_occ  Time         Eelec          Etot           Ediff      maxdiff    MaxGrad_orb  Grad_occ
     1      10    1.9e+01    0    1.2e+01 -3202.66091301 -2670.22747383 -13201.66091301   0.000494   2.0e-03   1.3e-04 0.03
 
RESULTS OF THE OCCUPATION OPTIMIZATION
========================================
   1    1.9999999  -149.42469575
   2    1.9999998  -63.86451173
   3    1.9999998  -63.79393321
   4    1.9999998  -63.70628994
   5    1.9999995  -25.88159850
   6    1.9996130  -11.25243847
   7    1.9996179  -11.24177140
   8    1.9996178  -11.23689884
   9    1.9996183  -11.23344174
  10    1.9996180  -11.23032027
  11    1.9996182  -11.22985674
  12    1.9999986  -10.95269740
  13    1.9999984  -10.89614115
  14    1.9999964  -9.78568625
  15    1.9999907  -9.67699800
  16    1.9999865  -9.15896039
  17    1.9999791  -8.46018180
  18    1.9999722  -8.29020504
  19    1.9999749  -8.23431108
  20    1.9999619  -7.38726730
  21    1.9999462  -6.87544788
  22    1.9999385  -5.72051444
  23    1.9999313  -5.37294552
  24    1.9999280  -5.29652855
  25    1.9999250  -5.27833669
  26    1.9999293  -5.27220536
  27    1.9999275  -5.22620093
  28    1.9922193  -0.86214958
  29    1.9920019  -0.84951991
  30    1.9919640  -0.84549825
  31    1.9858090  -0.83382130
  32    1.9847040  -0.71394448
  33    1.9864344  -0.71130553
  34    1.9846580  -0.70848373
  35    1.9843580  -0.70780514
  36    1.9939194  -0.70561164
  37    1.9843651  -0.70512558
  38    1.9843689  -0.70455852
  39    1.9854263  -0.66583491
  40    1.9933118  -0.65701650
  41    1.9852030  -0.65633419
  42    1.9846997  -0.65195244
  43    1.9850300  -0.65014208
  44    1.9696987  -0.64099207
  45    1.9818832  -0.63818682
  46    1.9841161  -0.63381964
  47    1.9835083  -0.62703735
  48    0.0164917  -0.01154988
  49    0.0158839  -0.01132768
  50    0.0181168  -0.01211539
  51    0.0303013  -0.01972830
  52    0.0149700  -0.01107547
  53    0.0153003  -0.01118207
  54    0.0147970  -0.01110152
  55    0.0066882  -0.00606945
  56    0.0145737  -0.01098587
  57    0.0156311  -0.01302821
  58    0.0156349  -0.01303384
  59    0.0060806  -0.00584592
  60    0.0156420  -0.01307312
  61    0.0153420  -0.01288616
  62    0.0135656  -0.01019084
  63    0.0152960  -0.01290452
  64    0.0141910  -0.01158319
  65    0.0080360  -0.00877673
  66    0.0079981  -0.00874061
  67    0.0077807  -0.00859157
  68    0.0000725  -0.00054373
  69    0.0000707  -0.00053488
  70    0.0000750  -0.00056348
  71    0.0000720  -0.00054218
  72    0.0000687  -0.00052315
  73    0.0000615  -0.00047769
  74    0.0000538  -0.00046048
  75    0.0000381  -0.00035197
  76    0.0000251  -0.00026715
  77    0.0000278  -0.00026762
  78    0.0000209  -0.00023519
  79    0.0000135  -0.00014695
  80    0.0000093  -0.00011171
  81    0.0000036  -0.00004231
  82    0.0000016  -0.00001194
  83    0.0000014  -0.00000807
  84    0.0003818  -0.00772557
  85    0.0003820  -0.00772787
  86    0.0003817  -0.00772539
  87    0.0003822  -0.00773277
  88    0.0003821  -0.00773226
  89    0.0003870  -0.00780207
  90    0.0000005  -0.00000054
  91    0.0000002  -0.00000035
  92    0.0000002  -0.00000092
  93    0.0000002  -0.00000083
  94    0.0000001  -0.00000010
 
----------------
 Final Energies 
----------------
Final NOF Total Energy =   -2670.2274738
 
Total Orbital Internal Iterations = 10
Total Occupation Internal Iterations = 0
 
Elapsed time:   42.19 Seconds

---------------------------------
   Lowdin Population Analysis    
---------------------------------
 Idx  Atom   Population   Charge 
---------------------------------
  1     I    52.648       0.352
  2     C     6.376      -0.376
  3     C     5.959       0.041
  4     C     5.927       0.073
  5     C     5.919       0.081
  6     C     5.928       0.072
  7     C     5.954       0.046
  8     H     1.057      -0.057
  9     H     1.059      -0.059
 10     H     1.056      -0.056
 11     H     1.059      -0.059
 12     H     1.057      -0.057

---------------------------------
   M Diagnostic: 0.03
---------------------------------

