Computing Integrals
Basis Set                                            = def2-qzvp
Auxiliary Basis Set                                  = def2-universal-jkfit
Gaussian Type                                        = Spherical
Elapsed time:    2.00 Seconds

Number of basis functions                   (NBF)    = 127
Number of auxiliary basis functions         (NBFAUX) = 205
Inactive Doubly occupied orbitals up to     (NO1)    = 0
No. considered Strongly Doubly occupied MOs (NDOC)   = 13
No. considered Strongly Singly occupied MOs (NSOC)   = 0
NO. of Weakly occ. per St. Doubly occ.  MOs (NCWO)   = 1
Dimension of the Nat. Orb. subspace         (NBF5)   = 26
No. of electrons                                     = 26
    No. of alpha electrons                           = 13
    No. of beta electrons                            = 13
Multiplicity                                         = 1

Geometry
========
Cl       0.0000000       0.0000000       0.5629020
 F       0.0000000       0.0000000      -1.0632600

Orthonormality violations 587, Maximum Violation 0.000021
Trying to orthonormalize
No violations of the orthonormality
No violations of the orthonormality
 
PNOF5/ADABelief Calculation
==================
 
  Nitext  Nit_orb  Time   Nit_occ  Time         Eelec          Etot           Ediff      maxdiff    MaxGrad_orb  Grad_occ
     1      10    9.4e+00    0    1.2e+01  -608.83541139  -559.04704637 -10607.83541139   0.000205   8.2e-04   2.4e-04 0.04
 
RESULTS OF THE OCCUPATION OPTIMIZATION
========================================
   1    1.9999731  -103.24690158
   2    1.9998634  -26.31338892
   3    1.9997916  -9.22427967
   4    1.9998086  -9.11622576
   5    1.9998041  -9.11023300
   6    1.9998036  -9.10644851
   7    1.9942792  -1.01572883
   8    1.9942793  -1.01554225
   9    1.9942628  -1.01512940
  10    1.9570711  -0.84121543
  11    1.9937276  -0.75514653
  12    1.9937217  -0.75506765
  13    1.9932805  -0.74522560
  14    0.0067195  -0.00635394
  15    0.0062783  -0.00617055
  16    0.0062724  -0.00616752
  17    0.0429289  -0.03447722
  18    0.0057372  -0.00941547
  19    0.0057207  -0.00940556
  20    0.0057208  -0.00940588
  21    0.0001964  -0.00295268
  22    0.0001959  -0.00295224
  23    0.0001914  -0.00292709
  24    0.0002084  -0.00306464
  25    0.0001366  -0.00656810
  26    0.0000269  -0.00579389
 
----------------
 Final Energies 
----------------
Final NOF Total Energy =    -559.0470464
 
Total Orbital Internal Iterations = 10
Total Occupation Internal Iterations = 0
 
Elapsed time:   28.47 Seconds

---------------------------------
   Lowdin Population Analysis    
---------------------------------
 Idx  Atom   Population   Charge 
---------------------------------
  1    Cl    16.888       0.112
  2     F     9.112      -0.112

---------------------------------
   M Diagnostic: 0.04
---------------------------------

