Computing Integrals
Basis Set                                            = def2-qzvp
Auxiliary Basis Set                                  = def2-universal-jkfit
Gaussian Type                                        = Spherical
Elapsed time:    1.72 Seconds

Number of basis functions                   (NBF)    = 144
Number of auxiliary basis functions         (NBFAUX) = 170
Inactive Doubly occupied orbitals up to     (NO1)    = 0
No. considered Strongly Doubly occupied MOs (NDOC)   = 7
No. considered Strongly Singly occupied MOs (NSOC)   = 0
NO. of Weakly occ. per St. Doubly occ.  MOs (NCWO)   = 1
Dimension of the Nat. Orb. subspace         (NBF5)   = 14
No. of electrons                                     = 14
    No. of alpha electrons                           = 7
    No. of beta electrons                            = 7
Multiplicity                                         = 1

Geometry
========
 N       0.0000000       0.0000000       0.6477730
 C       0.0000000       0.0000000      -0.4953480
 H       0.0000000       0.0000000      -1.5623240

Orthonormality violations 4909, Maximum Violation 0.000196
Trying to orthonormalize
No violations of the orthonormality
No violations of the orthonormality
 
PNOF5/ADABelief Calculation
==================
 
  Nitext  Nit_orb  Time   Nit_occ  Time         Eelec          Etot           Ediff      maxdiff    MaxGrad_orb  Grad_occ
     1      10    9.3e+00    0    1.2e+01  -117.12046837   -93.02593194 -10116.12046837   0.000122   4.9e-04   1.1e-04 0.06
 
RESULTS OF THE OCCUPATION OPTIMIZATION
========================================
   1    1.9997439  -15.53253764
   2    1.9995925  -11.24851929
   3    1.9963131  -1.23060649
   4    1.9862544  -0.81312157
   5    1.9919319  -0.66680448
   6    1.9393661  -0.51001914
   7    1.9397096  -0.50999365
   8    0.0602904  -0.02842970
   9    0.0606339  -0.02850908
  10    0.0080681  -0.00810212
  11    0.0137456  -0.01253764
  12    0.0036869  -0.00612663
  13    0.0004075  -0.00811527
  14    0.0002561  -0.00730187
 
----------------
 Final Energies 
----------------
Final NOF Total Energy =     -93.0259319
 
Total Orbital Internal Iterations = 10
Total Occupation Internal Iterations = 0
 
Elapsed time:   28.41 Seconds

---------------------------------
   Lowdin Population Analysis    
---------------------------------
 Idx  Atom   Population   Charge 
---------------------------------
  1     N     6.889       0.111
  2     C     5.961       0.039
  3     H     1.150      -0.150

---------------------------------
   M Diagnostic: 0.06
---------------------------------

