Computing Integrals
Basis Set                                            = def2-qzvp
Auxiliary Basis Set                                  = def2-universal-jkfit
Gaussian Type                                        = Spherical
Elapsed time:    3.53 Seconds

Number of basis functions                   (NBF)    = 294
Number of auxiliary basis functions         (NBFAUX) = 258
Inactive Doubly occupied orbitals up to     (NO1)    = 0
No. considered Strongly Doubly occupied MOs (NDOC)   = 9
No. considered Strongly Singly occupied MOs (NSOC)   = 0
NO. of Weakly occ. per St. Doubly occ.  MOs (NCWO)   = 1
Dimension of the Nat. Orb. subspace         (NBF5)   = 18
No. of electrons                                     = 18
    No. of alpha electrons                           = 9
    No. of beta electrons                            = 9
Multiplicity                                         = 1

Geometry
========
 C      -0.0000000       0.0000000       0.7632579
 C      -0.0000000      -0.0000000      -0.7632579
 H      -0.8806855       0.5084640       1.1578428
 H       0.0000000      -1.0169281       1.1578428
 H       0.8806855       0.5084640       1.1578428
 H       0.8806855      -0.5084640      -1.1578428
 H      -0.8806855      -0.5084640      -1.1578428
 H       0.0000000       1.0169281      -1.1578428

Orthonormality violations 50135, Maximum Violation 0.000152
Trying to orthonormalize
No violations of the orthonormality
No violations of the orthonormality
 
PNOF5/ADABelief Calculation
==================
 
  Nitext  Nit_orb  Time   Nit_occ  Time         Eelec          Etot           Ediff      maxdiff    MaxGrad_orb  Grad_occ
     1      10    1.0e+01    0    1.2e+01  -121.67694186   -79.39543813 -10120.67694186   0.000232   9.3e-04   1.4e-04 0.02
 
RESULTS OF THE OCCUPATION OPTIMIZATION
========================================
   1    1.9996243  -11.19192385
   2    1.9996246  -11.19191608
   3    1.9858237  -0.69191745
   4    1.9837058  -0.65271007
   5    1.9836010  -0.65252615
   6    1.9836084  -0.65252366
   7    1.9835943  -0.65251256
   8    1.9835820  -0.65247103
   9    1.9834435  -0.65226981
  10    0.0165565  -0.01302030
  11    0.0164180  -0.01297425
  12    0.0164057  -0.01297046
  13    0.0163916  -0.01296565
  14    0.0163990  -0.01296848
  15    0.0162942  -0.01293233
  16    0.0141763  -0.01192970
  17    0.0003754  -0.00761354
  18    0.0003757  -0.00761527
 
----------------
 Final Energies 
----------------
Final NOF Total Energy =     -79.3954381
 
Total Orbital Internal Iterations = 10
Total Occupation Internal Iterations = 0
 
Elapsed time:   29.47 Seconds

---------------------------------
   Lowdin Population Analysis    
---------------------------------
 Idx  Atom   Population   Charge 
---------------------------------
  1     C     5.797       0.203
  2     C     5.797       0.203
  3     H     1.068      -0.068
  4     H     1.067      -0.067
  5     H     1.067      -0.067
  6     H     1.068      -0.068
  7     H     1.068      -0.068
  8     H     1.068      -0.068

---------------------------------
   M Diagnostic: 0.02
---------------------------------

