Computing Integrals
Basis Set                                            = def2-qzvp
Auxiliary Basis Set                                  = def2-universal-jkfit
Gaussian Type                                        = Spherical
Elapsed time:    1.71 Seconds

Number of basis functions                   (NBF)    = 177
Number of auxiliary basis functions         (NBFAUX) = 147
Inactive Doubly occupied orbitals up to     (NO1)    = 0
No. considered Strongly Doubly occupied MOs (NDOC)   = 5
No. considered Strongly Singly occupied MOs (NSOC)   = 0
NO. of Weakly occ. per St. Doubly occ.  MOs (NCWO)   = 1
Dimension of the Nat. Orb. subspace         (NBF5)   = 10
No. of electrons                                     = 10
    No. of alpha electrons                           = 5
    No. of beta electrons                            = 5
Multiplicity                                         = 1

Geometry
========
 H       0.6292771       0.6292771      -0.6292771
 C       0.0000000       0.0000000       0.0000000
 H      -0.6292771      -0.6292771      -0.6292771
 H       0.6292771      -0.6292771       0.6292771
 H      -0.6292771       0.6292771       0.6292771

Orthonormality violations 9893, Maximum Violation 0.000118
Trying to orthonormalize
No violations of the orthonormality
No violations of the orthonormality
 
PNOF5/ADABelief Calculation
==================
 
  Nitext  Nit_orb  Time   Nit_occ  Time         Eelec          Etot           Ediff      maxdiff    MaxGrad_orb  Grad_occ
     1      10    9.4e+00    0    1.2e+01   -53.72519645   -40.28909403 -10052.72519645   0.000184   7.4e-04   8.6e-06 0.02
 
RESULTS OF THE OCCUPATION OPTIMIZATION
========================================
   1    1.9996244  -11.18959853
   2    1.9837130  -0.65459609
   3    1.9836363  -0.65391060
   4    1.9836341  -0.65387553
   5    1.9836055  -0.65358680
   6    0.0163945  -0.01290697
   7    0.0163659  -0.01289426
   8    0.0163637  -0.01289313
   9    0.0162870  -0.01286038
  10    0.0003756  -0.00760930
 
----------------
 Final Energies 
----------------
Final NOF Total Energy =     -40.2890940
 
Total Orbital Internal Iterations = 10
Total Occupation Internal Iterations = 0
 
Elapsed time:   28.53 Seconds

---------------------------------
   Lowdin Population Analysis    
---------------------------------
 Idx  Atom   Population   Charge 
---------------------------------
  1     H     1.077      -0.077
  2     C     5.693       0.307
  3     H     1.077      -0.077
  4     H     1.077      -0.077
  5     H     1.077      -0.077

---------------------------------
   M Diagnostic: 0.02
---------------------------------

