Computing Integrals
Basis Set                                            = def2-qzvp
Auxiliary Basis Set                                  = def2-universal-jkfit
Gaussian Type                                        = Spherical
Elapsed time:    1.88 Seconds

Number of basis functions                   (NBF)    = 147
Number of auxiliary basis functions         (NBFAUX) = 131
Inactive Doubly occupied orbitals up to     (NO1)    = 0
No. considered Strongly Doubly occupied MOs (NDOC)   = 5
No. considered Strongly Singly occupied MOs (NSOC)   = 0
NO. of Weakly occ. per St. Doubly occ.  MOs (NCWO)   = 1
Dimension of the Nat. Orb. subspace         (NBF5)   = 10
No. of electrons                                     = 10
    No. of alpha electrons                           = 5
    No. of beta electrons                            = 5
Multiplicity                                         = 1

Geometry
========
 N       0.0000000       0.0000000      -0.2890945
 H      -0.4675891      -0.8098881       0.0963648
 H      -0.4675891       0.8098881       0.0963648
 H       0.9351782       0.0000000       0.0963648

No violations of the orthonormality
No violations of the orthonormality
 
PNOF5/ADABelief Calculation
==================
 
  Nitext  Nit_orb  Time   Nit_occ  Time         Eelec          Etot           Ediff      maxdiff    MaxGrad_orb  Grad_occ
     1      10    9.3e+00    0    1.2e+01   -68.26762312   -56.30120241 -10067.26762312   0.000926   3.7e-03   7.5e-05 0.02
 
RESULTS OF THE OCCUPATION OPTIMIZATION
========================================
   1    1.9997377  -15.52535082
   2    1.9833701  -0.78104297
   3    1.9833397  -0.78097656
   4    1.9833358  -0.78096015
   5    1.9876593  -0.55035800
   6    0.0123407  -0.01027507
   7    0.0166642  -0.01524324
   8    0.0166603  -0.01524223
   9    0.0166299  -0.01523063
  10    0.0002623  -0.00734904
 
----------------
 Final Energies 
----------------
Final NOF Total Energy =     -56.3012024
 
Total Orbital Internal Iterations = 10
Total Occupation Internal Iterations = 0
 
Elapsed time:   27.27 Seconds

---------------------------------
   Lowdin Population Analysis    
---------------------------------
 Idx  Atom   Population   Charge 
---------------------------------
  1     N     6.423       0.577
  2     H     1.192      -0.192
  3     H     1.192      -0.192
  4     H     1.192      -0.192

---------------------------------
   M Diagnostic: 0.02
---------------------------------

