SIE4x4-he2+_1.5
/software/eb2024/easybuild/software/common/software/Julia/1.11.3-linux-x86_64/bin/julia
Job runing on nh013
Choosing scratch ...
Automatic scratch folder selection
/scratch/pobleyef/283449
/scratch/pobleyef/283449 directory
cp SIE4x4-he2+_1.5.jl SIE4x4-he2+_1.5.jld2 to  /scratch/pobleyef/283449/.
SIE4x4-he2+_1.5_C.jld2 not found
SIE4x4-he2+_1.5_n.jld2 not found
Computing Integrals
Basis Set                                            = def2-qzvp
Auxiliary Basis Set                                  = def2-universal-jkfit
Gaussian Type                                        = Spherical
Elapsed time:    3.35 Seconds

Number of basis functions                   (NBF)    = 60
Number of auxiliary basis functions         (NBFAUX) = 46
Inactive Doubly occupied orbitals up to     (NO1)    = 0
No. considered Strongly Doubly occupied MOs (NDOC)   = 1
No. considered Strongly Singly occupied MOs (NSOC)   = 1
NO. of Weakly occ. per St. Doubly occ.  MOs (NCWO)   = 1
Dimension of the Nat. Orb. subspace         (NBF5)   = 3
No. of electrons                                     = 3
    No. of alpha electrons                           = 2
    No. of beta electrons                            = 1
Multiplicity                                         = 2

Geometry
========
He       0.0000000       0.0000000      -0.8056528
He       0.0000000       0.0000000       0.8056528

No violations of the orthonormality
No violations of the orthonormality
 
PNOF5/ADABelief Calculation
==================
 
  Nitext  Nit_orb  Time   Nit_occ  Time         Eelec          Etot           Ediff      maxdiff    MaxGrad_orb  Grad_occ
     1      10    2.8e+01    1    3.4e+01    -6.19285350    -4.87919549 -10005.19285350   0.021465   8.6e-02   1.3e-04 0.00
     2      10    6.4e-03    2    3.1e-04    -6.19966409    -4.88600608    -0.00681059   0.016028   6.4e-02   5.0e-05 0.00
     3      10    5.9e-03    2    2.6e-04    -6.20325891    -4.88960091    -0.00359483   0.012017   4.8e-02   1.8e-05 0.00
     4      10    6.0e-03    2    2.5e-04    -6.20399255    -4.89033455    -0.00073364   0.012000   4.8e-02   1.6e-06 0.01
     5      10    4.0e-02    1    2.6e-04    -6.20406339    -4.89040538    -0.00007083   0.012095   4.8e-02   1.4e-05 0.01
     6      10    5.8e-03    0    2.3e-04    -6.20407238    -4.89041437    -0.00000899   0.011210   4.5e-02   3.0e-05 0.01
     7      16    8.8e-03    0    2.2e-04    -6.20468809    -4.89103009    -0.00061572   0.000486   1.9e-03   9.2e-06 0.01
 
RESULTS OF THE OCCUPATION OPTIMIZATION
========================================
   1    1.9941516  -1.33757211
   2    1.0000000  -0.91275877
   3    0.0058484  -0.01008045
 
----------------
 Final Energies 
----------------
Final NOF Total Energy =      -4.8910301
 
Total Orbital Internal Iterations = 76
Total Occupation Internal Iterations = 8
 
Elapsed time:   81.34 Seconds

---------------------------------
   Lowdin Population Analysis    
---------------------------------
 Idx  Atom   Population   Charge 
---------------------------------
  1    He     1.143       0.857
  2    He     1.857       0.143

---------------------------------
   M Diagnostic: 0.01
---------------------------------

Recovering execution output...
Moving from /scratch/pobleyef/283449 to /home-nas/pobleyef/Poison-NOF/ncwo1/P30-5/PNOF5/arina.283449
mkdir -p /home-nas/pobleyef/Poison-NOF/ncwo1/P30-5/PNOF5/arina.283449
mv /scratch/pobleyef/283449/* /home-nas/pobleyef/Poison-NOF/ncwo1/P30-5/PNOF5/arina.283449
