Computing Integrals
Basis Set                                            = def2-qzvp
Auxiliary Basis Set                                  = def2-universal-jkfit
Gaussian Type                                        = Spherical
Elapsed time:    1.72 Seconds

Number of basis functions                   (NBF)    = 70
Number of auxiliary basis functions         (NBFAUX) = 128
Inactive Doubly occupied orbitals up to     (NO1)    = 0
No. considered Strongly Doubly occupied MOs (NDOC)   = 7
No. considered Strongly Singly occupied MOs (NSOC)   = 2
NO. of Weakly occ. per St. Doubly occ.  MOs (NCWO)   = 1
Dimension of the Nat. Orb. subspace         (NBF5)   = 16
No. of electrons                                     = 16
    No. of alpha electrons                           = 9
    No. of beta electrons                            = 7
Multiplicity                                         = 3

Geometry
========
 S       0.0000000       0.0000000       0.0000000

No violations of the orthonormality
No violations of the orthonormality
 
PNOF5/ADABelief Calculation
==================
 
  Nitext  Nit_orb  Time   Nit_occ  Time         Eelec          Etot           Ediff      maxdiff    MaxGrad_orb  Grad_occ
     1      10    9.0e+00    0    1.2e+01  -397.54854955  -397.54854955 -10396.54854955   0.000493   2.0e-03   5.6e-05 0.01
 
RESULTS OF THE OCCUPATION OPTIMIZATION
========================================
   1    1.9999712  -90.90520467
   2    1.9996887  -7.56655929
   3    1.9996879  -7.56483070
   4    1.9997364  -7.49784046
   5    1.9997270  -7.49687553
   6    1.9936974  -0.67690976
   7    1.9936477  -0.67591898
   8    1.0000000  -0.24104064
   9    1.0000000  -0.24103194
  10    0.0063523  -0.00544920
  11    0.0063026  -0.00543002
  12    0.0002730  -0.00350027
  13    0.0002636  -0.00344289
  14    0.0003121  -0.00379315
  15    0.0003113  -0.00378979
  16    0.0000288  -0.00559312
 
----------------
 Final Energies 
----------------
Final NOF Total Energy =    -397.5485495
 
Total Orbital Internal Iterations = 10
Total Occupation Internal Iterations = 0
 
Elapsed time:   26.80 Seconds

---------------------------------
   Lowdin Population Analysis    
---------------------------------
 Idx  Atom   Population   Charge 
---------------------------------
  1     S    16.000      -0.000

---------------------------------
   M Diagnostic: 0.01
---------------------------------

