Computing Integrals
Basis Set                                            = def2-qzvp
Auxiliary Basis Set                                  = def2-universal-jkfit
Gaussian Type                                        = Spherical
Elapsed time:    4.20 Seconds

Number of basis functions                   (NBF)    = 171
Number of auxiliary basis functions         (NBFAUX) = 231
Inactive Doubly occupied orbitals up to     (NO1)    = 0
No. considered Strongly Doubly occupied MOs (NDOC)   = 12
No. considered Strongly Singly occupied MOs (NSOC)   = 0
NO. of Weakly occ. per St. Doubly occ.  MOs (NCWO)   = 1
Dimension of the Nat. Orb. subspace         (NBF5)   = 24
No. of electrons                                     = 24
    No. of alpha electrons                           = 12
    No. of beta electrons                            = 12
Multiplicity                                         = 1

Geometry
========
 O       0.0000000       0.0000000       0.4412240
 O       0.0000000       1.0825250      -0.2206120
 O       0.0000000      -1.0825250      -0.2206120

Orthonormality violations 9904, Maximum Violation 0.000112
Trying to orthonormalize
No violations of the orthonormality
No violations of the orthonormality
 
PNOF5/ADABelief Calculation
==================
 
  Nitext  Nit_orb  Time   Nit_occ  Time         Eelec          Etot           Ediff      maxdiff    MaxGrad_orb  Grad_occ
     1      10    3.9e+01    0    2.5e+01  -293.62776873  -224.60088012 -10292.62776873   0.000249   1.0e-03   1.1e-04 0.43
 
RESULTS OF THE OCCUPATION OPTIMIZATION
========================================
   1    1.9998121  -20.73339604
   2    1.9998156  -20.65761013
   3    1.9998156  -20.65759235
   4    1.9728853  -1.03578004
   5    1.9728944  -1.03577787
   6    1.9961043  -1.01742706
   7    1.9960721  -1.01657052
   8    1.9945375  -0.96242956
   9    1.9944878  -0.96081809
  10    1.9944086  -0.94486647
  11    1.9943600  -0.94344118
  12    1.5744320  -0.46303929
  13    0.4255680  -0.16190879
  14    0.0056400  -0.00817707
  15    0.0055914  -0.00814432
  16    0.0055122  -0.00810024
  17    0.0054625  -0.00806523
  18    0.0039279  -0.00593525
  19    0.0038957  -0.00591790
  20    0.0271056  -0.02820011
  21    0.0271147  -0.02820628
  22    0.0001844  -0.00695075
  23    0.0001844  -0.00695112
  24    0.0001879  -0.00707535
 
----------------
 Final Energies 
----------------
Final NOF Total Energy =    -224.6008801
 
Total Orbital Internal Iterations = 10
Total Occupation Internal Iterations = 0
 
Elapsed time:   84.02 Seconds

---------------------------------
   Lowdin Population Analysis    
---------------------------------
 Idx  Atom   Population   Charge 
---------------------------------
  1     O     8.052      -0.052
  2     O     7.974       0.026
  3     O     7.974       0.026

---------------------------------
   M Diagnostic: 0.43
---------------------------------

