Computing Integrals
Basis Set                                            = def2-qzvp
Auxiliary Basis Set                                  = def2-universal-jkfit
Gaussian Type                                        = Spherical
Elapsed time:    7.51 Seconds

Number of basis functions                   (NBF)    = 184
Number of auxiliary basis functions         (NBFAUX) = 282
Inactive Doubly occupied orbitals up to     (NO1)    = 0
No. considered Strongly Doubly occupied MOs (NDOC)   = 16
No. considered Strongly Singly occupied MOs (NSOC)   = 1
NO. of Weakly occ. per St. Doubly occ.  MOs (NCWO)   = 1
Dimension of the Nat. Orb. subspace         (NBF5)   = 33
No. of electrons                                     = 33
    No. of alpha electrons                           = 17
    No. of beta electrons                            = 16
Multiplicity                                         = 2

Geometry
========
Cl      -0.5609740      -0.9946370       0.0000000
 O       0.0000000       0.9587120       0.0000000
 O       1.1920690       1.1548920       0.0000000

Orthonormality violations 1391, Maximum Violation 0.000012
Trying to orthonormalize
No violations of the orthonormality
No violations of the orthonormality
 
PNOF5/ADABelief Calculation
==================
 
  Nitext  Nit_orb  Time   Nit_occ  Time         Eelec          Etot           Ediff      maxdiff    MaxGrad_orb  Grad_occ
     1      10    6.5e+01    0    2.4e+01  -698.63523038  -609.24366206 -10697.63523038   0.000497   2.0e-03   1.5e-04 0.17
 
RESULTS OF THE OCCUPATION OPTIMIZATION
========================================
   1    1.9999534  -96.96075186
   2    1.9998184  -20.71149993
   3    1.9998119  -20.64840891
   4    1.9999727  -18.20728672
   5    1.9998176  -8.20241605
   6    1.9998116  -8.07789710
   7    1.9998234  -7.99140729
   8    1.9979074  -1.16440889
   9    1.9803482  -1.15888052
  10    1.9943839  -0.96110433
  11    1.9943074  -0.95738856
  12    1.9942623  -0.93849801
  13    1.9937781  -0.70352396
  14    1.9936851  -0.70090291
  15    1.9936180  -0.69774488
  16    1.8279842  -0.69642867
  17    1.0000000  -0.22864417
  18    0.1720158  -0.09174276
  19    0.0063820  -0.00594099
  20    0.0063149  -0.00588426
  21    0.0062219  -0.00582160
  22    0.0057377  -0.00831087
  23    0.0056926  -0.00839706
  24    0.0056161  -0.00830183
  25    0.0196518  -0.02368766
  26    0.0020926  -0.00407826
  27    0.0001766  -0.00272783
  28    0.0001884  -0.00282272
  29    0.0001824  -0.00275797
  30    0.0000273  -0.00055916
  31    0.0001881  -0.00710550
  32    0.0001816  -0.00688928
  33    0.0000466  -0.00832170
 
----------------
 Final Energies 
----------------
Final NOF Total Energy =    -609.2436621
 
Total Orbital Internal Iterations = 10
Total Occupation Internal Iterations = 0
 
Elapsed time:  112.27 Seconds

---------------------------------
   Lowdin Population Analysis    
---------------------------------
 Idx  Atom   Population   Charge 
---------------------------------
  1    Cl    17.084      -0.084
  2     O     7.984       0.016
  3     O     7.933       0.067

---------------------------------
   M Diagnostic: 0.17
---------------------------------

