Computing Integrals
Basis Set                                            = def2-qzvp
Auxiliary Basis Set                                  = def2-universal-jkfit
Gaussian Type                                        = Spherical
Elapsed time:    1.75 Seconds

Number of basis functions                   (NBF)    = 87
Number of auxiliary basis functions         (NBFAUX) = 95
Inactive Doubly occupied orbitals up to     (NO1)    = 0
No. considered Strongly Doubly occupied MOs (NDOC)   = 5
No. considered Strongly Singly occupied MOs (NSOC)   = 0
NO. of Weakly occ. per St. Doubly occ.  MOs (NCWO)   = 1
Dimension of the Nat. Orb. subspace         (NBF5)   = 10
No. of electrons                                     = 10
    No. of alpha electrons                           = 5
    No. of beta electrons                            = 5
Multiplicity                                         = 1

Geometry
========
 O       0.0000000       0.0000000      -0.4822198
 H       0.0000000       0.0000000       0.4822198

Orthonormality violations 191, Maximum Violation 0.000009
Trying to orthonormalize
No violations of the orthonormality
No violations of the orthonormality
 
PNOF5/ADABelief Calculation
==================
 
  Nitext  Nit_orb  Time   Nit_occ  Time         Eelec          Etot           Ediff      maxdiff    MaxGrad_orb  Grad_occ
     1      10    9.1e+00    0    1.2e+01   -79.88032665   -75.49082521 -10078.88032665   0.000137   5.5e-04   6.6e-06 0.02
 
RESULTS OF THE OCCUPATION OPTIMIZATION
========================================
   1    1.9998092  -20.15708716
   2    1.9784998  -0.47486870
   3    1.9868990  -0.31765750
   4    1.9867238  -0.31357365
   5    1.9865986  -0.31106585
   6    0.0134014  -0.01039172
   7    0.0132762  -0.01035829
   8    0.0131010  -0.01031832
   9    0.0215002  -0.01588705
  10    0.0001908  -0.00704304
 
----------------
 Final Energies 
----------------
Final NOF Total Energy =     -75.4908252
 
Total Orbital Internal Iterations = 10
Total Occupation Internal Iterations = 0
 
Elapsed time:   28.07 Seconds

---------------------------------
   Lowdin Population Analysis    
---------------------------------
 Idx  Atom   Population   Charge 
---------------------------------
  1     O     8.386      -0.386
  2     H     1.614      -0.614

---------------------------------
   M Diagnostic: 0.02
---------------------------------

