Computing Integrals
Basis Set                                            = def2-qzvp
Auxiliary Basis Set                                  = def2-universal-jkfit
Gaussian Type                                        = Spherical
Elapsed time:    2.99 Seconds

Number of basis functions                   (NBF)    = 204
Number of auxiliary basis functions         (NBFAUX) = 208
Inactive Doubly occupied orbitals up to     (NO1)    = 0
No. considered Strongly Doubly occupied MOs (NDOC)   = 10
No. considered Strongly Singly occupied MOs (NSOC)   = 0
NO. of Weakly occ. per St. Doubly occ.  MOs (NCWO)   = 1
Dimension of the Nat. Orb. subspace         (NBF5)   = 20
No. of electrons                                     = 20
    No. of alpha electrons                           = 10
    No. of beta electrons                            = 10
Multiplicity                                         = 1

Geometry
========
 H      -0.0913883      -0.2448128       0.0130826
 H       1.5272733       0.3383121       0.6525543
 O      -1.2208378      -0.2356182       0.0613147
 O       1.2462132      -0.2206110      -0.0771381
 H      -1.4612604       0.3627299      -0.6498135

Orthonormality violations 23873, Maximum Violation 0.000148
Trying to orthonormalize
No violations of the orthonormality
No violations of the orthonormality
 
PNOF5/ADABelief Calculation
==================
 
  Nitext  Nit_orb  Time   Nit_occ  Time         Eelec          Etot           Ediff      maxdiff    MaxGrad_orb  Grad_occ
     1      10    9.8e+00    0    1.2e+01  -184.83330389  -151.66495597 -10183.83330389   0.000201   8.0e-04   2.3e-05 0.02
 
RESULTS OF THE OCCUPATION OPTIMIZATION
========================================
   1    1.9998121  -20.26872534
   2    1.9998113  -20.21725333
   3    1.9802742  -0.60028288
   4    1.9898244  -0.58385274
   5    1.9794255  -0.54574217
   6    1.9924212  -0.50783070
   7    1.9891538  -0.44303684
   8    1.9892441  -0.44270031
   9    1.9877777  -0.37911530
  10    1.9878153  -0.37707438
  11    0.0121847  -0.01022758
  12    0.0122223  -0.01025546
  13    0.0107559  -0.00991352
  14    0.0108462  -0.00996430
  15    0.0075788  -0.00817316
  16    0.0205745  -0.01621487
  17    0.0101756  -0.01046588
  18    0.0197258  -0.01644236
  19    0.0001887  -0.00700555
  20    0.0001879  -0.00698545
 
----------------
 Final Energies 
----------------
Final NOF Total Energy =    -151.6649560
 
Total Orbital Internal Iterations = 10
Total Occupation Internal Iterations = 0
 
Elapsed time:   29.31 Seconds

---------------------------------
   Lowdin Population Analysis    
---------------------------------
 Idx  Atom   Population   Charge 
---------------------------------
  1     H     1.473      -0.473
  2     H     1.516      -0.516
  3     O     7.657       0.343
  4     O     7.912       0.088
  5     H     1.442      -0.442

---------------------------------
   M Diagnostic: 0.02
---------------------------------

