Computing Integrals
Basis Set                                            = def2-qzvp
Auxiliary Basis Set                                  = def2-universal-jkfit
Gaussian Type                                        = Spherical
Elapsed time:    1.58 Seconds

Number of basis functions                   (NBF)    = 57
Number of auxiliary basis functions         (NBFAUX) = 77
Inactive Doubly occupied orbitals up to     (NO1)    = 0
No. considered Strongly Doubly occupied MOs (NDOC)   = 5
No. considered Strongly Singly occupied MOs (NSOC)   = 0
NO. of Weakly occ. per St. Doubly occ.  MOs (NCWO)   = 10
Dimension of the Nat. Orb. subspace         (NBF5)   = 55
No. of electrons                                     = 10
    No. of alpha electrons                           = 5
    No. of beta electrons                            = 5
Multiplicity                                         = 1

Geometry
========
 F      -0.2051159       1.1919457      -0.6962901

No violations of the orthonormality
No violations of the orthonormality
 
PNOF7/ADABelief Calculation
==================
 
  Nitext  Nit_orb  Time   Nit_occ  Time         Eelec          Etot           Ediff      maxdiff    MaxGrad_orb  Grad_occ
     1      10    9.1e+00    0    1.1e+01   -99.57420176   -99.57420176 -10098.57420176   0.000099   4.0e-04   2.3e-04 0.02
 
RESULTS OF THE OCCUPATION OPTIMIZATION
========================================
   1    1.9998287  -25.82851808
   2    1.9827340  -0.44042266
   3    1.9822554  -0.43790435
   4    1.9818903  -0.43392661
   5    1.9815036  -0.42233405
   6    0.0155441  -0.01294505
   7    0.0150344  -0.01281063
   8    0.0152983  -0.01290019
   9    0.0155671  -0.01308471
  10    0.0001621  -0.00703237
  11    0.0014079  -0.00215359
  12    0.0014744  -0.00235021
  13    0.0011543  -0.00189248
  14    0.0009297  -0.00178222
  15    0.0000056  -0.00014283
  16    0.0009634  -0.00170041
  17    0.0010028  -0.00161337
  18    0.0006573  -0.00133770
  19    0.0003173  -0.00077802
  20    0.0000015  -0.00017108
  21    0.0004271  -0.00105501
  22    0.0003065  -0.00078131
  23    0.0003703  -0.00086739
  24    0.0002908  -0.00075815
  25    0.0000007  -0.00001935
  26    0.0000946  -0.00027312
  27    0.0000927  -0.00029044
  28    0.0001035  -0.00029963
  29    0.0000954  -0.00028895
  30    0.0000003  -0.00001300
  31    0.0000180  -0.00009320
  32    0.0000794  -0.00025960
  33    0.0000698  -0.00023586
  34    0.0000268  -0.00015032
  35    0.0000003  -0.00001170
  36    0.0000140  -0.00007321
  37    0.0000589  -0.00021736
  38    0.0000472  -0.00019754
  39    0.0000154  -0.00007210
  40    0.0000002  -0.00001028
  41    0.0000104  -0.00005972
  42    0.0000374  -0.00013772
  43    0.0000247  -0.00012142
  44    0.0000097  -0.00005984
  45    0.0000002  -0.00000733
  46    0.0000099  -0.00005087
  47    0.0000128  -0.00006953
  48    0.0000112  -0.00006879
  49    0.0000077  -0.00005436
  50    0.0000002  -0.00000496
  51    0.0000070  -0.00004540
  52    0.0000103  -0.00005745
  53    0.0000081  -0.00003926
  54    0.0000060  -0.00003847
  55    0.0000002  -0.00001000
 
----------------
 Final Energies 
----------------
Final NOF Total Energy =     -99.5742018
 
Total Orbital Internal Iterations = 10
Total Occupation Internal Iterations = 0
 
Elapsed time:   26.59 Seconds

---------------------------------
   Lowdin Population Analysis    
---------------------------------
 Idx  Atom   Population   Charge 
---------------------------------
  1     F    10.000      -1.000

---------------------------------
   M Diagnostic: 0.02
---------------------------------

