Computing Integrals
Basis Set                                            = def2-qzvp
Auxiliary Basis Set                                  = def2-universal-jkfit
Gaussian Type                                        = Spherical
Elapsed time:    1.76 Seconds

Number of basis functions                   (NBF)    = 147
Number of auxiliary basis functions         (NBFAUX) = 131
Inactive Doubly occupied orbitals up to     (NO1)    = 0
No. considered Strongly Doubly occupied MOs (NDOC)   = 5
No. considered Strongly Singly occupied MOs (NSOC)   = 0
NO. of Weakly occ. per St. Doubly occ.  MOs (NCWO)   = 28
Dimension of the Nat. Orb. subspace         (NBF5)   = 145
No. of electrons                                     = 10
    No. of alpha electrons                           = 5
    No. of beta electrons                            = 5
Multiplicity                                         = 1

Geometry
========
 N      -1.0714682      -0.0091258       1.5027946
 H      -0.6175728      -0.9169838       1.4741486
 H      -0.6009001       0.4868762       2.2535558
 H      -0.7630722       0.4831850       0.6081727

Orthonormality violations 16211, Maximum Violation 0.000178
Trying to orthonormalize
No violations of the orthonormality
No violations of the orthonormality
 
PNOF7/ADABelief Calculation
==================
 
  Nitext  Nit_orb  Time   Nit_occ  Time         Eelec          Etot           Ediff      maxdiff    MaxGrad_orb  Grad_occ
     1      10    1.0e+01    0    1.2e+01   -68.10491884   -56.36650628 -10067.10491884   0.000093   3.7e-04   1.5e-04 0.03
 
RESULTS OF THE OCCUPATION OPTIMIZATION
========================================
   1    1.9995435  -15.55228959
   2    1.9691666  -0.79541418
   3    1.9690526  -0.79486789
   4    1.9639083  -0.75562277
   5    1.9760112  -0.57578193
   6    0.0187414  -0.01304592
   7    0.0286750  -0.02179580
   8    0.0235741  -0.01937823
   9    0.0234338  -0.01929357
  10    0.0003132  -0.00799528
  11    0.0018044  -0.00210685
  12    0.0038250  -0.00421237
  13    0.0038139  -0.00441373
  14    0.0037899  -0.00439173
  15    0.0000502  -0.00094006
  16    0.0010616  -0.00136167
  17    0.0015421  -0.00197623
  18    0.0015319  -0.00206176
  19    0.0015432  -0.00207572
  20    0.0000472  -0.00091039
  21    0.0010324  -0.00134127
  22    0.0014867  -0.00192664
  23    0.0014796  -0.00202272
  24    0.0014435  -0.00198111
  25    0.0000352  -0.00066563
  26    0.0003477  -0.00054032
  27    0.0001184  -0.00022269
  28    0.0000918  -0.00022234
  29    0.0001531  -0.00028600
  30    0.0000063  -0.00030402
  31    0.0003428  -0.00053230
  32    0.0001037  -0.00020038
  33    0.0000797  -0.00019675
  34    0.0000940  -0.00021552
  35    0.0000010  -0.00001038
  36    0.0002410  -0.00040041
  37    0.0000727  -0.00016948
  38    0.0000779  -0.00019238
  39    0.0000791  -0.00019759
  40    0.0000005  -0.00000447
  41    0.0001496  -0.00033005
  42    0.0000594  -0.00013846
  43    0.0000711  -0.00016167
  44    0.0000711  -0.00016248
  45    0.0000003  -0.00002184
  46    0.0001483  -0.00032540
  47    0.0000419  -0.00010747
  48    0.0000577  -0.00013338
  49    0.0000435  -0.00012576
  50    0.0000002  -0.00000103
  51    0.0000261  -0.00006328
  52    0.0000331  -0.00010178
  53    0.0000447  -0.00012803
  54    0.0000367  -0.00012249
  55    0.0000002  -0.00000087
  56    0.0000155  -0.00004999
  57    0.0000291  -0.00007662
  58    0.0000275  -0.00007694
  59    0.0000315  -0.00007950
  60    0.0000002  -0.00000085
  61    0.0000137  -0.00004262
  62    0.0000231  -0.00005442
  63    0.0000193  -0.00005804
  64    0.0000207  -0.00005997
  65    0.0000002  -0.00000068
  66    0.0000092  -0.00003525
  67    0.0000135  -0.00004331
  68    0.0000161  -0.00005204
  69    0.0000190  -0.00005458
  70    0.0000002  -0.00000063
  71    0.0000087  -0.00003238
  72    0.0000114  -0.00003285
  73    0.0000091  -0.00003138
  74    0.0000178  -0.00004064
  75    0.0000001  -0.00000064
  76    0.0000083  -0.00002606
  77    0.0000093  -0.00002306
  78    0.0000077  -0.00002934
  79    0.0000113  -0.00003102
  80    0.0000001  -0.00000065
  81    0.0000069  -0.00002660
  82    0.0000093  -0.00002927
  83    0.0000074  -0.00002369
  84    0.0000083  -0.00002436
  85    0.0000001  -0.00000059
  86    0.0000052  -0.00002355
  87    0.0000065  -0.00002144
  88    0.0000069  -0.00002294
  89    0.0000056  -0.00002218
  90    0.0000001  -0.00000055
  91    0.0000048  -0.00002241
  92    0.0000062  -0.00001729
  93    0.0000057  -0.00001890
  94    0.0000048  -0.00001653
  95    0.0000001  -0.00000057
  96    0.0000030  -0.00001196
  97    0.0000048  -0.00001238
  98    0.0000036  -0.00001212
  99    0.0000044  -0.00001682
 100    0.0000001  -0.00000051
 101    0.0000026  -0.00000953
 102    0.0000037  -0.00001131
 103    0.0000031  -0.00001005
 104    0.0000035  -0.00001152
 105    0.0000001  -0.00000051
 106    0.0000026  -0.00000852
 107    0.0000035  -0.00000960
 108    0.0000030  -0.00001011
 109    0.0000035  -0.00001021
 110    0.0000001  -0.00000053
 111    0.0000023  -0.00000533
 112    0.0000027  -0.00000782
 113    0.0000026  -0.00000579
 114    0.0000033  -0.00000900
 115    0.0000001  -0.00000048
 116    0.0000020  -0.00000365
 117    0.0000022  -0.00000650
 118    0.0000026  -0.00000797
 119    0.0000028  -0.00000785
 120    0.0000001  -0.00000046
 121    0.0000019  -0.00000336
 122    0.0000020  -0.00000504
 123    0.0000025  -0.00000598
 124    0.0000023  -0.00000531
 125    0.0000001  -0.00000051
 126    0.0000018  -0.00000258
 127    0.0000019  -0.00000181
 128    0.0000023  -0.00000332
 129    0.0000022  -0.00000337
 130    0.0000001  -0.00000043
 131    0.0000017  -0.00000179
 132    0.0000017  -0.00000035
 133    0.0000022  -0.00000178
 134    0.0000018  -0.00000131
 135    0.0000001  -0.00000051
 136    0.0000017  -0.00000065
 137    0.0000014  0.00000003
 138    0.0000017  -0.00000174
 139    0.0000016  -0.00000064
 140    0.0000001  -0.00000045
 141    0.0000016  -0.00000084
 142    0.0000013  -0.00000019
 143    0.0000015  -0.00000011
 144    0.0000013  -0.00000023
 145    0.0000001  -0.00000062
 
----------------
 Final Energies 
----------------
Final NOF Total Energy =     -56.3665063
 
Total Orbital Internal Iterations = 10
Total Occupation Internal Iterations = 0
 
Elapsed time:   29.49 Seconds

---------------------------------
   Lowdin Population Analysis    
---------------------------------
 Idx  Atom   Population   Charge 
---------------------------------
  1     N     6.469       0.531
  2     H     1.198      -0.198
  3     H     1.198      -0.198
  4     H     1.134      -0.134

---------------------------------
   M Diagnostic: 0.03
---------------------------------

