Computing Integrals
Basis Set                                            = def2-qzvp
Auxiliary Basis Set                                  = def2-universal-jkfit
Gaussian Type                                        = Spherical
Elapsed time:    1.69 Seconds

Number of basis functions                   (NBF)    = 56
Number of auxiliary basis functions         (NBFAUX) = 160
Inactive Doubly occupied orbitals up to     (NO1)    = 0
No. considered Strongly Doubly occupied MOs (NDOC)   = 9
No. considered Strongly Singly occupied MOs (NSOC)   = 1
NO. of Weakly occ. per St. Doubly occ.  MOs (NCWO)   = 5
Dimension of the Nat. Orb. subspace         (NBF5)   = 55
No. of electrons                                     = 19
    No. of alpha electrons                           = 10
    No. of beta electrons                            = 9
Multiplicity                                         = 2

Geometry
========
 K       0.0000000       0.0000000       0.0000000

No violations of the orthonormality
No violations of the orthonormality
 
PNOF7/ADABelief Calculation
==================
 
  Nitext  Nit_orb  Time   Nit_occ  Time         Eelec          Etot           Ediff      maxdiff    MaxGrad_orb  Grad_occ
     1      10    9.0e+00    0    1.2e+01  -599.23853829  -599.23853829 -10598.23853829   0.000099   4.0e-04   1.8e-04 0.02
 
RESULTS OF THE OCCUPATION OPTIMIZATION
========================================
   1    1.9999606  -118.81282187
   2    1.9999972  -29.22086425
   3    1.9999913  -11.51503137
   4    1.9999971  -11.51450077
   5    1.9999954  -11.51204058
   6    1.9940844  -1.37748923
   7    1.9935882  -1.35020976
   8    1.9723179  -0.97618706
   9    1.9766120  -0.97319375
  10    1.0000000  -0.07791848
  11    0.0113420  -0.01047488
  12    0.0094424  -0.00921038
  13    0.0056774  -0.00655567
  14    0.0052828  -0.00622839
  15    0.0000018  -0.00001843
  16    0.0000007  -0.00000747
  17    0.0000037  -0.00003298
  18    0.0000023  -0.00008350
  19    0.0000389  -0.00833584
  20    0.0087485  -0.00793062
  21    0.0079445  -0.00759235
  22    0.0002687  -0.00037954
  23    0.0002219  -0.00034506
  24    0.0000008  -0.00001089
  25    0.0000006  -0.00000552
  26    0.0000016  -0.00001681
  27    0.0000001  -0.00000210
  28    0.0000002  -0.00009434
  29    0.0028247  -0.00291137
  30    0.0075326  -0.00719457
  31    0.0002106  -0.00032595
  32    0.0002045  -0.00032498
  33    0.0000007  -0.00000916
  34    0.0000005  -0.00000381
  35    0.0000016  -0.00001614
  36    0.0000001  -0.00000092
  37    0.0000001  -0.00000038
  38    0.0002549  -0.00043060
  39    0.0025334  -0.00271283
  40    0.0001656  -0.00028754
  41    0.0001271  -0.00024566
  42    0.0000007  -0.00000680
  43    0.0000005  -0.00000341
  44    0.0000010  -0.00000966
  45    0.0000001  -0.00000088
  46    0.0000001  -0.00000004
  47    0.0002179  -0.00034458
  48    0.0002293  -0.00039803
  49    0.0000896  -0.00011881
  50    0.0000794  -0.00011198
  51    0.0000006  -0.00000381
  52    0.0000005  -0.00000331
  53    0.0000007  -0.00000749
  54    0.0000001  -0.00000090
  55    0.0000001  -0.00000002
 
----------------
 Final Energies 
----------------
Final NOF Total Energy =    -599.2385383
 
Total Orbital Internal Iterations = 10
Total Occupation Internal Iterations = 0
 
Elapsed time:   26.63 Seconds

---------------------------------
   Lowdin Population Analysis    
---------------------------------
 Idx  Atom   Population   Charge 
---------------------------------
  1     K    19.000      -0.000

---------------------------------
   M Diagnostic: 0.02
---------------------------------

