Computing Integrals
Basis Set                                            = def2-qzvp
Auxiliary Basis Set                                  = def2-universal-jkfit
Gaussian Type                                        = Spherical
Elapsed time:    1.55 Seconds

Number of basis functions                   (NBF)    = 57
Number of auxiliary basis functions         (NBFAUX) = 77
Inactive Doubly occupied orbitals up to     (NO1)    = 0
No. considered Strongly Doubly occupied MOs (NDOC)   = 4
No. considered Strongly Singly occupied MOs (NSOC)   = 1
NO. of Weakly occ. per St. Doubly occ.  MOs (NCWO)   = 13
Dimension of the Nat. Orb. subspace         (NBF5)   = 57
No. of electrons                                     = 9
    No. of alpha electrons                           = 5
    No. of beta electrons                            = 4
Multiplicity                                         = 2

Geometry
========
 F       0.0000000       0.0000000       0.0000000

No violations of the orthonormality
No violations of the orthonormality
 
PNOF7/ADABelief Calculation
==================
 
  Nitext  Nit_orb  Time   Nit_occ  Time         Eelec          Etot           Ediff      maxdiff    MaxGrad_orb  Grad_occ
     1      10    9.2e+00    0    1.1e+01   -99.54445027   -99.54445027 -10098.54445027   0.000088   3.5e-04   1.5e-04 0.01
 
RESULTS OF THE OCCUPATION OPTIMIZATION
========================================
   1    1.9997930  -26.38460078
   2    1.9820821  -1.03994380
   3    1.9821131  -1.03640812
   4    1.9820582  -1.03168366
   5    1.0000000  -0.45235875
   6    0.0117836  -0.01389940
   7    0.0116622  -0.01388035
   8    0.0117046  -0.01391117
   9    0.0001661  -0.00720748
  10    0.0029824  -0.00495492
  11    0.0030151  -0.00495356
  12    0.0030084  -0.00494945
  13    0.0000342  -0.00094477
  14    0.0022552  -0.00414036
  15    0.0022732  -0.00412930
  16    0.0022284  -0.00406920
  17    0.0000020  -0.00018821
  18    0.0003737  -0.00099194
  19    0.0003620  -0.00098653
  20    0.0003626  -0.00098350
  21    0.0000012  -0.00003036
  22    0.0001627  -0.00053984
  23    0.0001692  -0.00054439
  24    0.0001659  -0.00054178
  25    0.0000010  -0.00002714
  26    0.0001339  -0.00040038
  27    0.0001387  -0.00045123
  28    0.0001371  -0.00046585
  29    0.0000004  -0.00001508
  30    0.0000984  -0.00035950
  31    0.0001220  -0.00038636
  32    0.0001198  -0.00041155
  33    0.0000004  -0.00001320
  34    0.0000735  -0.00025603
  35    0.0000690  -0.00029454
  36    0.0001148  -0.00034081
  37    0.0000004  -0.00001272
  38    0.0000385  -0.00015410
  39    0.0000328  -0.00013613
  40    0.0000288  -0.00013916
  41    0.0000003  -0.00001092
  42    0.0000174  -0.00009912
  43    0.0000148  -0.00008902
  44    0.0000188  -0.00010019
  45    0.0000003  -0.00000935
  46    0.0000107  -0.00006255
  47    0.0000107  -0.00006748
  48    0.0000131  -0.00008299
  49    0.0000003  -0.00000883
  50    0.0000098  -0.00005552
  51    0.0000096  -0.00005500
  52    0.0000083  -0.00005103
  53    0.0000002  -0.00000570
  54    0.0000022  -0.00002946
  55    0.0000077  -0.00004486
  56    0.0000074  -0.00004460
  57    0.0000002  -0.00001474
 
----------------
 Final Energies 
----------------
Final NOF Total Energy =     -99.5444503
 
Total Orbital Internal Iterations = 10
Total Occupation Internal Iterations = 0
 
Elapsed time:   26.67 Seconds

---------------------------------
   Lowdin Population Analysis    
---------------------------------
 Idx  Atom   Population   Charge 
---------------------------------
  1     F     9.000      -0.000

---------------------------------
   M Diagnostic: 0.01
---------------------------------

