Computing Integrals
Basis Set                                            = def2-qzvp
Auxiliary Basis Set                                  = def2-universal-jkfit
Gaussian Type                                        = Spherical
Elapsed time:    2.00 Seconds

Number of basis functions                   (NBF)    = 113
Number of auxiliary basis functions         (NBFAUX) = 237
Inactive Doubly occupied orbitals up to     (NO1)    = 0
No. considered Strongly Doubly occupied MOs (NDOC)   = 14
No. considered Strongly Singly occupied MOs (NSOC)   = 0
NO. of Weakly occ. per St. Doubly occ.  MOs (NCWO)   = 7
Dimension of the Nat. Orb. subspace         (NBF5)   = 112
No. of electrons                                     = 28
    No. of alpha electrons                           = 14
    No. of beta electrons                            = 14
Multiplicity                                         = 1

Geometry
========
 K       0.0000000       0.0000000      -1.0888710
 F       0.0000000       0.0000000       1.0888710

Orthonormality violations 57, Maximum Violation 0.000002
Trying to orthonormalize
No violations of the orthonormality
No violations of the orthonormality
 
PNOF7/ADABelief Calculation
==================
 
  Nitext  Nit_orb  Time   Nit_occ  Time         Eelec          Etot           Ediff      maxdiff    MaxGrad_orb  Grad_occ
     1      10    1.0e+01    0    1.2e+01  -740.42992357  -698.87811556 -10739.42992357   0.000096   3.8e-04   2.3e-04 0.02
 
RESULTS OF THE OCCUPATION OPTIMIZATION
========================================
   1    1.9999596  -118.13611405
   2    1.9999988  -29.81024187
   3    1.9998281  -26.07006991
   4    1.9999974  -11.48698144
   5    1.9999968  -11.48358635
   6    1.9999979  -11.47977523
   7    1.9956012  -1.49686002
   8    1.9895203  -1.16423091
   9    1.9784781  -0.94817622
  10    1.9779580  -0.94510104
  11    1.9847497  -0.70857599
  12    1.9813657  -0.68441769
  13    1.9815702  -0.67492565
  14    1.9815389  -0.67144450
  15    0.0156476  -0.01495882
  16    0.0158994  -0.01519525
  17    0.0148167  -0.01467563
  18    0.0132815  -0.01365324
  19    0.0112782  -0.01033069
  20    0.0113573  -0.01046232
  21    0.0064650  -0.00692342
  22    0.0041926  -0.00499994
  23    0.0000005  -0.00000679
  24    0.0000011  -0.00000914
  25    0.0000007  -0.00000751
  26    0.0001611  -0.00699617
  27    0.0000008  -0.00003685
  28    0.0000394  -0.00833505
  29    0.0012218  -0.00203887
  30    0.0014272  -0.00228248
  31    0.0014101  -0.00227369
  32    0.0010618  -0.00198691
  33    0.0086394  -0.00777285
  34    0.0083009  -0.00764051
  35    0.0035671  -0.00440254
  36    0.0001101  -0.00018484
  37    0.0000003  -0.00000468
  38    0.0000004  -0.00000612
  39    0.0000004  -0.00000577
  40    0.0000045  -0.00013720
  41    0.0000002  -0.00000044
  42    0.0000005  -0.00014815
  43    0.0009580  -0.00171987
  44    0.0006801  -0.00135197
  45    0.0011084  -0.00189879
  46    0.0003447  -0.00096620
  47    0.0017022  -0.00184763
  48    0.0015213  -0.00178257
  49    0.0001908  -0.00032612
  50    0.0000462  -0.00010353
  51    0.0000003  -0.00000410
  52    0.0000004  -0.00000571
  53    0.0000003  -0.00000543
  54    0.0000023  -0.00019686
  55    0.0000001  -0.00000004
  56    0.0000001  -0.00000014
  57    0.0004182  -0.00095590
  58    0.0002447  -0.00072874
  59    0.0010488  -0.00181646
  60    0.0002851  -0.00082499
  61    0.0002173  -0.00035827
  62    0.0001835  -0.00033445
  63    0.0000896  -0.00015604
  64    0.0000175  -0.00004285
  65    0.0000003  -0.00000382
  66    0.0000003  -0.00000538
  67    0.0000003  -0.00000420
  68    0.0000015  -0.00003075
  69    0.0000000  -0.00000002
  70    0.0000001  -0.00000013
  71    0.0000998  -0.00031655
  72    0.0000958  -0.00030730
  73    0.0001022  -0.00033110
  74    0.0001004  -0.00033028
  75    0.0001389  -0.00023427
  76    0.0000665  -0.00008109
  77    0.0000759  -0.00013208
  78    0.0000135  -0.00003259
  79    0.0000003  -0.00000345
  80    0.0000003  -0.00000473
  81    0.0000003  -0.00000428
  82    0.0000012  -0.00002781
  83    0.0000000  -0.00000000
  84    0.0000001  -0.00000009
  85    0.0000760  -0.00026468
  86    0.0000638  -0.00021054
  87    0.0000762  -0.00026025
  88    0.0000894  -0.00030523
  89    0.0000451  -0.00007609
  90    0.0000611  -0.00007771
  91    0.0000570  -0.00008379
  92    0.0000107  -0.00002186
  93    0.0000002  -0.00000100
  94    0.0000003  -0.00000449
  95    0.0000003  -0.00000406
  96    0.0000008  -0.00002336
  97    0.0000000  -0.00000000
  98    0.0000001  -0.00000008
  99    0.0000398  -0.00014998
 100    0.0000189  -0.00009371
 101    0.0000719  -0.00024027
 102    0.0000874  -0.00030212
 103    0.0000208  -0.00003659
 104    0.0000312  -0.00004846
 105    0.0000343  -0.00004311
 106    0.0000082  -0.00001635
 107    0.0000002  -0.00000048
 108    0.0000003  -0.00000174
 109    0.0000003  -0.00000287
 110    0.0000005  -0.00002057
 111    0.0000000  -0.00000028
 112    0.0000001  -0.00000003
 
----------------
 Final Energies 
----------------
Final NOF Total Energy =    -698.8781156
 
Total Orbital Internal Iterations = 10
Total Occupation Internal Iterations = 0
 
Elapsed time:   29.16 Seconds

---------------------------------
   Lowdin Population Analysis    
---------------------------------
 Idx  Atom   Population   Charge 
---------------------------------
  1     K    18.433       0.567
  2     F     9.567      -0.567

---------------------------------
   M Diagnostic: 0.02
---------------------------------

