Computing Integrals
Basis Set                                            = def2-qzvp
Auxiliary Basis Set                                  = def2-universal-jkfit
Gaussian Type                                        = Spherical
Elapsed time:    1.62 Seconds

Number of basis functions                   (NBF)    = 87
Number of auxiliary basis functions         (NBFAUX) = 95
Inactive Doubly occupied orbitals up to     (NO1)    = 0
No. considered Strongly Doubly occupied MOs (NDOC)   = 5
No. considered Strongly Singly occupied MOs (NSOC)   = 0
NO. of Weakly occ. per St. Doubly occ.  MOs (NCWO)   = 16
Dimension of the Nat. Orb. subspace         (NBF5)   = 85
No. of electrons                                     = 10
    No. of alpha electrons                           = 5
    No. of beta electrons                            = 5
Multiplicity                                         = 1

Geometry
========
 F       0.0000000       0.0000000       0.4576912
 H       0.0000000       0.0000000      -0.4576912

Orthonormality violations 2302, Maximum Violation 0.000056
Trying to orthonormalize
No violations of the orthonormality
No violations of the orthonormality
 
PNOF7/ADABelief Calculation
==================
 
  Nitext  Nit_orb  Time   Nit_occ  Time         Eelec          Etot           Ediff      maxdiff    MaxGrad_orb  Grad_occ
     1      10    9.1e+00    0    1.2e+01  -105.39513404  -100.19229758 -10104.39513404   0.000099   4.0e-04   2.2e-04 0.03
 
RESULTS OF THE OCCUPATION OPTIMIZATION
========================================
   1    1.9998254  -26.29931788
   2    1.9715712  -1.00254491
   3    1.9876477  -0.94482165
   4    1.9872807  -0.93353339
   5    1.9872595  -0.93090118
   6    0.0099170  -0.01246607
   7    0.0099714  -0.01251781
   8    0.0099609  -0.01254208
   9    0.0249036  -0.02543081
  10    0.0001612  -0.00704044
  11    0.0011007  -0.00221542
  12    0.0010731  -0.00223978
  13    0.0011441  -0.00230677
  14    0.0021470  -0.00337296
  15    0.0000082  -0.00030842
  16    0.0009540  -0.00192560
  17    0.0008438  -0.00177988
  18    0.0004558  -0.00121004
  19    0.0006712  -0.00126216
  20    0.0000032  -0.00018513
  21    0.0004501  -0.00119604
  22    0.0005684  -0.00137854
  23    0.0004108  -0.00112367
  24    0.0003699  -0.00086890
  25    0.0000008  -0.00000584
  26    0.0000832  -0.00030428
  27    0.0000983  -0.00033469
  28    0.0001211  -0.00033551
  29    0.0001455  -0.00033617
  30    0.0000002  -0.00000340
  31    0.0000812  -0.00028954
  32    0.0000659  -0.00026326
  33    0.0000902  -0.00030354
  34    0.0000522  -0.00015456
  35    0.0000002  -0.00001554
  36    0.0000536  -0.00023101
  37    0.0000288  -0.00014483
  38    0.0000771  -0.00027760
  39    0.0000390  -0.00009145
  40    0.0000001  -0.00000226
  41    0.0000468  -0.00020057
  42    0.0000171  -0.00010326
  43    0.0000270  -0.00015248
  44    0.0000286  -0.00006612
  45    0.0000001  -0.00000122
  46    0.0000133  -0.00008745
  47    0.0000140  -0.00008918
  48    0.0000242  -0.00011469
  49    0.0000191  -0.00006566
  50    0.0000001  -0.00000101
  51    0.0000124  -0.00006918
  52    0.0000122  -0.00007294
  53    0.0000104  -0.00007112
  54    0.0000160  -0.00005703
  55    0.0000001  -0.00000079
  56    0.0000068  -0.00003049
  57    0.0000066  -0.00002554
  58    0.0000064  -0.00003368
  59    0.0000096  -0.00003687
  60    0.0000001  -0.00000067
  61    0.0000057  -0.00002494
  62    0.0000049  -0.00002647
  63    0.0000059  -0.00002845
  64    0.0000082  -0.00003569
  65    0.0000001  -0.00000049
  66    0.0000049  -0.00002849
  67    0.0000046  -0.00002143
  68    0.0000055  -0.00002772
  69    0.0000061  -0.00002550
  70    0.0000001  -0.00000050
  71    0.0000043  -0.00001918
  72    0.0000038  -0.00002258
  73    0.0000049  -0.00002260
  74    0.0000054  -0.00001811
  75    0.0000001  -0.00000049
  76    0.0000039  -0.00001833
  77    0.0000033  -0.00001612
  78    0.0000043  -0.00002303
  79    0.0000043  -0.00001447
  80    0.0000001  -0.00000046
  81    0.0000025  -0.00000484
  82    0.0000030  -0.00001365
  83    0.0000036  -0.00001404
  84    0.0000034  -0.00000919
  85    0.0000001  -0.00000051
 
----------------
 Final Energies 
----------------
Final NOF Total Energy =    -100.1922976
 
Total Orbital Internal Iterations = 10
Total Occupation Internal Iterations = 0
 
Elapsed time:   27.89 Seconds

---------------------------------
   Lowdin Population Analysis    
---------------------------------
 Idx  Atom   Population   Charge 
---------------------------------
  1     F     8.508       0.492
  2     H     1.492      -0.492

---------------------------------
   M Diagnostic: 0.03
---------------------------------

