Computing Integrals
Basis Set                                            = def2-qzvp
Auxiliary Basis Set                                  = def2-universal-jkfit
Gaussian Type                                        = Spherical
Elapsed time:    3.45 Seconds

Number of basis functions                   (NBF)    = 234
Number of auxiliary basis functions         (NBFAUX) = 224
Inactive Doubly occupied orbitals up to     (NO1)    = 0
No. considered Strongly Doubly occupied MOs (NDOC)   = 8
No. considered Strongly Singly occupied MOs (NSOC)   = 2
NO. of Weakly occ. per St. Doubly occ.  MOs (NCWO)   = 28
Dimension of the Nat. Orb. subspace         (NBF5)   = 234
No. of electrons                                     = 18
    No. of alpha electrons                           = 10
    No. of beta electrons                            = 8
Multiplicity                                         = 3

Geometry
========
 C       0.0008704      -0.5056106       0.0000000
 H      -1.0553769      -0.7480585       0.0000000
 H       0.5207479      -0.7707125       0.9124497
 H       0.5207479      -0.7707125      -0.9124497
 H       0.0121404       0.7967756       0.0000000
 O       0.0008704       1.9983186       0.0000000

Orthonormality violations 18411, Maximum Violation 0.000061
Trying to orthonormalize
No violations of the orthonormality
No violations of the orthonormality
 
PNOF7/ADABelief Calculation
==================
 
  Nitext  Nit_orb  Time   Nit_occ  Time         Eelec          Etot           Ediff      maxdiff    MaxGrad_orb  Grad_occ
     1      10    1.1e+01    0    1.2e+01  -146.18115107  -115.27088402 -10145.18115107   0.000091   3.7e-04   1.9e-04 0.06
 
RESULTS OF THE OCCUPATION OPTIMIZATION
========================================
   1    1.9997248  -20.61634883
   2    1.9992650  -11.25024617
   3    1.9714736  -0.89843036
   4    1.9716895  -0.88805316
   5    1.9646199  -0.72621540
   6    1.9645589  -0.72612908
   7    1.9644788  -0.72537261
   8    1.9329565  -0.72360460
   9    1.0000000  -0.35860865
  10    1.0000000  -0.27602958
  11    0.0550923  -0.02885362
  12    0.0237968  -0.01728501
  13    0.0237330  -0.01726176
  14    0.0236683  -0.01723905
  15    0.0177297  -0.01509835
  16    0.0171595  -0.01480399
  17    0.0004583  -0.00838663
  18    0.0002409  -0.00789178
  19    0.0049548  -0.00376117
  20    0.0056369  -0.00542210
  21    0.0056106  -0.00541194
  22    0.0055725  -0.00538348
  23    0.0041471  -0.00505800
  24    0.0049110  -0.00541460
  25    0.0000884  -0.00120235
  26    0.0000282  -0.00064808
  27    0.0046108  -0.00365419
  28    0.0029302  -0.00322293
  29    0.0029413  -0.00322280
  30    0.0029094  -0.00319906
  31    0.0027876  -0.00394231
  32    0.0029350  -0.00401848
  33    0.0000866  -0.00119313
  34    0.0000047  -0.00028726
  35    0.0014039  -0.00122011
  36    0.0019740  -0.00229288
  37    0.0019646  -0.00228771
  38    0.0019352  -0.00226909
  39    0.0011594  -0.00204365
  40    0.0010696  -0.00178646
  41    0.0000855  -0.00117829
  42    0.0000001  -0.00001854
  43    0.0003072  -0.00047660
  44    0.0002482  -0.00040495
  45    0.0002607  -0.00041495
  46    0.0003065  -0.00047237
  47    0.0008297  -0.00132222
  48    0.0009725  -0.00166662
  49    0.0000097  -0.00037716
  50    0.0000001  -0.00000074
  51    0.0002394  -0.00041639
  52    0.0002344  -0.00038459
  53    0.0002029  -0.00034771
  54    0.0002436  -0.00040253
  55    0.0004116  -0.00090421
  56    0.0004082  -0.00091918
  57    0.0000021  -0.00002169
  58    0.0000001  -0.00000064
  59    0.0001557  -0.00025084
  60    0.0001465  -0.00027775
  61    0.0001805  -0.00031773
  62    0.0002088  -0.00035489
  63    0.0003575  -0.00083602
  64    0.0003019  -0.00071039
  65    0.0000006  -0.00003482
  66    0.0000001  -0.00000060
  67    0.0000870  -0.00013357
  68    0.0001378  -0.00024778
  69    0.0001362  -0.00023979
  70    0.0001349  -0.00024233
  71    0.0002108  -0.00049933
  72    0.0001896  -0.00049535
  73    0.0000005  -0.00000382
  74    0.0000001  -0.00000055
  75    0.0000467  -0.00007542
  76    0.0001121  -0.00021440
  77    0.0001040  -0.00020767
  78    0.0001067  -0.00021001
  79    0.0002036  -0.00047220
  80    0.0001558  -0.00038732
  81    0.0000003  -0.00000284
  82    0.0000001  -0.00000052
  83    0.0000357  -0.00006772
  84    0.0000686  -0.00016470
  85    0.0000681  -0.00016497
  86    0.0000698  -0.00016575
  87    0.0001617  -0.00036681
  88    0.0001393  -0.00036645
  89    0.0000003  -0.00000316
  90    0.0000001  -0.00000049
  91    0.0000216  -0.00005397
  92    0.0000503  -0.00011626
  93    0.0000487  -0.00011538
  94    0.0000508  -0.00011756
  95    0.0000751  -0.00021315
  96    0.0000763  -0.00019736
  97    0.0000002  -0.00000173
  98    0.0000001  -0.00000049
  99    0.0000140  -0.00004204
 100    0.0000412  -0.00010025
 101    0.0000329  -0.00008821
 102    0.0000415  -0.00010123
 103    0.0000615  -0.00016578
 104    0.0000529  -0.00016117
 105    0.0000002  -0.00000170
 106    0.0000001  -0.00000050
 107    0.0000122  -0.00004825
 108    0.0000358  -0.00008298
 109    0.0000310  -0.00007766
 110    0.0000308  -0.00007818
 111    0.0000279  -0.00011679
 112    0.0000437  -0.00013964
 113    0.0000002  -0.00000169
 114    0.0000001  -0.00000044
 115    0.0000095  -0.00002194
 116    0.0000264  -0.00005721
 117    0.0000245  -0.00005907
 118    0.0000159  -0.00004456
 119    0.0000218  -0.00009041
 120    0.0000164  -0.00007267
 121    0.0000002  -0.00000153
 122    0.0000000  -0.00000041
 123    0.0000072  -0.00001395
 124    0.0000162  -0.00004274
 125    0.0000214  -0.00005052
 126    0.0000119  -0.00003619
 127    0.0000166  -0.00006758
 128    0.0000158  -0.00007393
 129    0.0000002  -0.00000128
 130    0.0000000  -0.00000043
 131    0.0000064  -0.00001846
 132    0.0000105  -0.00003301
 133    0.0000156  -0.00003911
 134    0.0000096  -0.00003095
 135    0.0000150  -0.00006910
 136    0.0000131  -0.00006244
 137    0.0000002  -0.00000131
 138    0.0000000  -0.00000044
 139    0.0000050  -0.00001011
 140    0.0000087  -0.00002886
 141    0.0000143  -0.00003850
 142    0.0000095  -0.00003115
 143    0.0000129  -0.00006125
 144    0.0000097  -0.00005364
 145    0.0000002  -0.00000121
 146    0.0000000  -0.00000043
 147    0.0000045  -0.00000731
 148    0.0000075  -0.00002717
 149    0.0000080  -0.00002566
 150    0.0000093  -0.00002541
 151    0.0000122  -0.00005605
 152    0.0000086  -0.00004699
 153    0.0000002  -0.00000115
 154    0.0000000  -0.00000039
 155    0.0000042  -0.00000727
 156    0.0000068  -0.00002131
 157    0.0000078  -0.00002851
 158    0.0000083  -0.00002337
 159    0.0000115  -0.00005436
 160    0.0000081  -0.00004398
 161    0.0000001  -0.00000106
 162    0.0000000  -0.00000035
 163    0.0000036  -0.00000607
 164    0.0000059  -0.00001710
 165    0.0000065  -0.00002216
 166    0.0000079  -0.00002153
 167    0.0000111  -0.00005317
 168    0.0000074  -0.00004306
 169    0.0000001  -0.00000103
 170    0.0000000  -0.00000037
 171    0.0000034  -0.00000955
 172    0.0000048  -0.00001902
 173    0.0000060  -0.00002034
 174    0.0000071  -0.00001818
 175    0.0000110  -0.00004740
 176    0.0000067  -0.00003193
 177    0.0000001  -0.00000096
 178    0.0000000  -0.00000033
 179    0.0000031  -0.00000380
 180    0.0000042  -0.00001522
 181    0.0000047  -0.00001784
 182    0.0000048  -0.00001870
 183    0.0000094  -0.00003921
 184    0.0000053  -0.00001869
 185    0.0000001  -0.00000108
 186    0.0000000  -0.00000034
 187    0.0000029  -0.00000389
 188    0.0000040  -0.00001395
 189    0.0000043  -0.00001466
 190    0.0000035  -0.00001333
 191    0.0000086  -0.00003917
 192    0.0000049  -0.00001751
 193    0.0000001  -0.00000095
 194    0.0000000  -0.00000032
 195    0.0000027  -0.00000335
 196    0.0000037  -0.00001149
 197    0.0000036  -0.00001359
 198    0.0000033  -0.00001213
 199    0.0000070  -0.00002750
 200    0.0000044  -0.00001629
 201    0.0000001  -0.00000096
 202    0.0000000  -0.00000031
 203    0.0000027  -0.00000256
 204    0.0000035  -0.00001180
 205    0.0000032  -0.00001102
 206    0.0000032  -0.00001034
 207    0.0000036  -0.00000925
 208    0.0000039  -0.00000933
 209    0.0000001  -0.00000087
 210    0.0000000  -0.00000030
 211    0.0000025  -0.00000326
 212    0.0000025  -0.00000720
 213    0.0000028  -0.00001092
 214    0.0000028  -0.00000989
 215    0.0000032  -0.00000609
 216    0.0000033  -0.00000564
 217    0.0000001  -0.00000087
 218    0.0000000  -0.00000033
 219    0.0000024  -0.00000287
 220    0.0000018  -0.00000365
 221    0.0000023  -0.00000708
 222    0.0000026  -0.00000495
 223    0.0000029  -0.00000270
 224    0.0000027  -0.00000372
 225    0.0000001  -0.00000078
 226    0.0000000  -0.00000030
 227    0.0000023  -0.00000382
 228    0.0000017  -0.00000231
 229    0.0000016  -0.00000195
 230    0.0000018  -0.00000223
 231    0.0000005  -0.00000180
 232    0.0000008  -0.00000229
 233    0.0000001  -0.00000070
 234    0.0000000  -0.00000029
 
----------------
 Final Energies 
----------------
Final NOF Total Energy =    -115.2708840
 
Total Orbital Internal Iterations = 10
Total Occupation Internal Iterations = 0
 
Elapsed time:   31.37 Seconds

---------------------------------
   Lowdin Population Analysis    
---------------------------------
 Idx  Atom   Population   Charge 
---------------------------------
  1     C     5.583       0.417
  2     H     1.087      -0.087
  3     H     1.088      -0.088
  4     H     1.088      -0.088
  5     H     1.382      -0.382
  6     O     7.771       0.229

---------------------------------
   M Diagnostic: 0.06
---------------------------------

