Computing Integrals
Basis Set                                            = def2-qzvp
Auxiliary Basis Set                                  = def2-universal-jkfit
Gaussian Type                                        = Spherical
Elapsed time:    1.78 Seconds

Number of basis functions                   (NBF)    = 117
Number of auxiliary basis functions         (NBFAUX) = 113
Inactive Doubly occupied orbitals up to     (NO1)    = 0
No. considered Strongly Doubly occupied MOs (NDOC)   = 4
No. considered Strongly Singly occupied MOs (NSOC)   = 1
NO. of Weakly occ. per St. Doubly occ.  MOs (NCWO)   = 28
Dimension of the Nat. Orb. subspace         (NBF5)   = 117
No. of electrons                                     = 9
    No. of alpha electrons                           = 5
    No. of beta electrons                            = 4
Multiplicity                                         = 2

Geometry
========
 N       0.0000000       0.0000000       0.4242463
 H      -0.8023121       0.0000000      -0.2121232
 H       0.8023121       0.0000000      -0.2121232

Orthonormality violations 3394, Maximum Violation 0.000032
Trying to orthonormalize
No violations of the orthonormality
No violations of the orthonormality
 
PNOF7/ADABelief Calculation
==================
 
  Nitext  Nit_orb  Time   Nit_occ  Time         Eelec          Etot           Ediff      maxdiff    MaxGrad_orb  Grad_occ
     1      10    1.0e+01    0    1.2e+01   -63.30462809   -55.74034345 -10062.30462809   0.000093   3.7e-04   1.4e-04 0.04
 
RESULTS OF THE OCCUPATION OPTIMIZATION
========================================
   1    1.9995107  -15.58101860
   2    1.9595349  -0.82939571
   3    1.9589753  -0.82568583
   4    1.9653885  -0.66230859
   5    1.0000000  -0.28426954
   6    0.0186647  -0.01274617
   7    0.0304197  -0.02375519
   8    0.0298108  -0.02344000
   9    0.0003327  -0.00823982
  10    0.0078388  -0.00586582
  11    0.0051354  -0.00567699
  12    0.0050590  -0.00560707
  13    0.0000587  -0.00106042
  14    0.0031799  -0.00332455
  15    0.0034015  -0.00406747
  16    0.0032902  -0.00397199
  17    0.0000456  -0.00082037
  18    0.0014658  -0.00177510
  19    0.0012717  -0.00177616
  20    0.0011999  -0.00170828
  21    0.0000403  -0.00076035
  22    0.0010139  -0.00137242
  23    0.0001853  -0.00038345
  24    0.0001987  -0.00037626
  25    0.0000073  -0.00033814
  26    0.0007605  -0.00104945
  27    0.0001731  -0.00035951
  28    0.0001853  -0.00039411
  29    0.0000004  -0.00002337
  30    0.0006632  -0.00098529
  31    0.0000771  -0.00017764
  32    0.0001666  -0.00033586
  33    0.0000003  -0.00000909
  34    0.0003240  -0.00046158
  35    0.0000637  -0.00015290
  36    0.0001527  -0.00032625
  37    0.0000003  -0.00000177
  38    0.0002077  -0.00042046
  39    0.0000573  -0.00014450
  40    0.0000872  -0.00017551
  41    0.0000003  -0.00000148
  42    0.0001713  -0.00032106
  43    0.0000547  -0.00015261
  44    0.0000657  -0.00016663
  45    0.0000002  -0.00000125
  46    0.0000830  -0.00016447
  47    0.0000435  -0.00012336
  48    0.0000573  -0.00013279
  49    0.0000002  -0.00000119
  50    0.0000514  -0.00011650
  51    0.0000316  -0.00009443
  52    0.0000431  -0.00012682
  53    0.0000002  -0.00000115
  54    0.0000393  -0.00010203
  55    0.0000200  -0.00005869
  56    0.0000322  -0.00008147
  57    0.0000002  -0.00000119
  58    0.0000316  -0.00008658
  59    0.0000123  -0.00004143
  60    0.0000226  -0.00006137
  61    0.0000002  -0.00000093
  62    0.0000261  -0.00007135
  63    0.0000104  -0.00003555
  64    0.0000130  -0.00003840
  65    0.0000002  -0.00000106
  66    0.0000143  -0.00004773
  67    0.0000097  -0.00003540
  68    0.0000107  -0.00003470
  69    0.0000002  -0.00000094
  70    0.0000123  -0.00004129
  71    0.0000077  -0.00003210
  72    0.0000099  -0.00002806
  73    0.0000002  -0.00000090
  74    0.0000105  -0.00003807
  75    0.0000073  -0.00002782
  76    0.0000090  -0.00003288
  77    0.0000002  -0.00000086
  78    0.0000100  -0.00003544
  79    0.0000067  -0.00002285
  80    0.0000086  -0.00002810
  81    0.0000002  -0.00000090
  82    0.0000088  -0.00003345
  83    0.0000057  -0.00001698
  84    0.0000076  -0.00002898
  85    0.0000002  -0.00000067
  86    0.0000074  -0.00002598
  87    0.0000054  -0.00001045
  88    0.0000073  -0.00002079
  89    0.0000002  -0.00000073
  90    0.0000068  -0.00002494
  91    0.0000050  -0.00001373
  92    0.0000060  -0.00001551
  93    0.0000002  -0.00000070
  94    0.0000045  -0.00001854
  95    0.0000043  -0.00001056
  96    0.0000047  -0.00001331
  97    0.0000002  -0.00000073
  98    0.0000040  -0.00001456
  99    0.0000042  -0.00001113
 100    0.0000042  -0.00000870
 101    0.0000002  -0.00000057
 102    0.0000037  -0.00001165
 103    0.0000039  -0.00001064
 104    0.0000040  -0.00001163
 105    0.0000002  -0.00000058
 106    0.0000032  -0.00000912
 107    0.0000033  -0.00000473
 108    0.0000034  -0.00001030
 109    0.0000002  -0.00000065
 110    0.0000028  -0.00000828
 111    0.0000030  -0.00000510
 112    0.0000029  -0.00000645
 113    0.0000002  -0.00000053
 114    0.0000021  -0.00000438
 115    0.0000012  -0.00000122
 116    0.0000024  -0.00000336
 117    0.0000002  -0.00000157
 
----------------
 Final Energies 
----------------
Final NOF Total Energy =     -55.7403435
 
Total Orbital Internal Iterations = 10
Total Occupation Internal Iterations = 0
 
Elapsed time:   29.14 Seconds

---------------------------------
   Lowdin Population Analysis    
---------------------------------
 Idx  Atom   Population   Charge 
---------------------------------
  1     N     6.510       0.490
  2     H     1.245      -0.245
  3     H     1.245      -0.245

---------------------------------
   M Diagnostic: 0.04
---------------------------------

