Computing Integrals
Basis Set                                            = def2-qzvp
Auxiliary Basis Set                                  = def2-universal-jkfit
Gaussian Type                                        = Spherical
Elapsed time:    1.73 Seconds

Number of basis functions                   (NBF)    = 147
Number of auxiliary basis functions         (NBFAUX) = 129
Inactive Doubly occupied orbitals up to     (NO1)    = 0
No. considered Strongly Doubly occupied MOs (NDOC)   = 4
No. considered Strongly Singly occupied MOs (NSOC)   = 1
NO. of Weakly occ. per St. Doubly occ.  MOs (NCWO)   = 35
Dimension of the Nat. Orb. subspace         (NBF5)   = 145
No. of electrons                                     = 9
    No. of alpha electrons                           = 5
    No. of beta electrons                            = 4
Multiplicity                                         = 2

Geometry
========
 C       0.0000000       0.0000000       0.0000000
 H       0.5386581       0.9329832       0.0000000
 H       0.5386581      -0.9329832       0.0000000
 H      -1.0773162       0.0000000       0.0000000

Orthonormality violations 10203, Maximum Violation 0.000091
Trying to orthonormalize
No violations of the orthonormality
No violations of the orthonormality
 
PNOF7/ADABelief Calculation
==================
 
  Nitext  Nit_orb  Time   Nit_occ  Time         Eelec          Etot           Ediff      maxdiff    MaxGrad_orb  Grad_occ
     1      10    1.0e+01    0    1.2e+01   -49.41869026   -39.72633641 -10048.41869026   0.000094   3.7e-04   1.4e-04 0.03
 
RESULTS OF THE OCCUPATION OPTIMIZATION
========================================
   1    1.9992632  -11.22266738
   2    1.9602562  -0.71117130
   3    1.9606293  -0.70990161
   4    1.9607589  -0.70871634
   5    1.0000000  -0.21166009
   6    0.0246968  -0.01744563
   7    0.0246955  -0.01742917
   8    0.0239966  -0.01704851
   9    0.0004640  -0.00842740
  10    0.0067966  -0.00616288
  11    0.0066916  -0.00610825
  12    0.0066671  -0.00608837
  13    0.0000916  -0.00125215
  14    0.0044537  -0.00438805
  15    0.0043928  -0.00434407
  16    0.0043127  -0.00411693
  17    0.0000879  -0.00122123
  18    0.0018265  -0.00213874
  19    0.0018001  -0.00212018
  20    0.0018018  -0.00211908
  21    0.0000773  -0.00097668
  22    0.0003043  -0.00047470
  23    0.0005724  -0.00076583
  24    0.0016050  -0.00179654
  25    0.0000085  -0.00037064
  26    0.0002293  -0.00036056
  27    0.0003562  -0.00053611
  28    0.0003732  -0.00054042
  29    0.0000010  -0.00002071
  30    0.0001977  -0.00032318
  31    0.0001790  -0.00029980
  32    0.0001992  -0.00037041
  33    0.0000009  -0.00000582
  34    0.0001740  -0.00030783
  35    0.0001432  -0.00024933
  36    0.0001718  -0.00027702
  37    0.0000005  -0.00001966
  38    0.0000951  -0.00018934
  39    0.0000916  -0.00020664
  40    0.0001262  -0.00023014
  41    0.0000004  -0.00000192
  42    0.0000845  -0.00018899
  43    0.0000899  -0.00018128
  44    0.0000840  -0.00017712
  45    0.0000003  -0.00000157
  46    0.0000781  -0.00016279
  47    0.0000784  -0.00016009
  48    0.0000774  -0.00017652
  49    0.0000003  -0.00000148
  50    0.0000616  -0.00015230
  51    0.0000656  -0.00013533
  52    0.0000704  -0.00013105
  53    0.0000002  -0.00000134
  54    0.0000513  -0.00010445
  55    0.0000371  -0.00006758
  56    0.0000518  -0.00012074
  57    0.0000002  -0.00000110
  58    0.0000428  -0.00007627
  59    0.0000231  -0.00006266
  60    0.0000475  -0.00008116
  61    0.0000002  -0.00000114
  62    0.0000244  -0.00006494
  63    0.0000212  -0.00004943
  64    0.0000264  -0.00005818
  65    0.0000002  -0.00000115
  66    0.0000189  -0.00004169
  67    0.0000144  -0.00003690
  68    0.0000195  -0.00003989
  69    0.0000002  -0.00000100
  70    0.0000122  -0.00003620
  71    0.0000144  -0.00003880
  72    0.0000172  -0.00003660
  73    0.0000002  -0.00000090
  74    0.0000112  -0.00003245
  75    0.0000139  -0.00003463
  76    0.0000146  -0.00003763
  77    0.0000002  -0.00000098
  78    0.0000107  -0.00002917
  79    0.0000134  -0.00002896
  80    0.0000120  -0.00003061
  81    0.0000002  -0.00000089
  82    0.0000092  -0.00002686
  83    0.0000107  -0.00002687
  84    0.0000102  -0.00002516
  85    0.0000002  -0.00000084
  86    0.0000089  -0.00002460
  87    0.0000102  -0.00002538
  88    0.0000100  -0.00002736
  89    0.0000002  -0.00000071
  90    0.0000078  -0.00001971
  91    0.0000081  -0.00001874
  92    0.0000065  -0.00001729
  93    0.0000002  -0.00000070
  94    0.0000068  -0.00001982
  95    0.0000075  -0.00001633
  96    0.0000061  -0.00001757
  97    0.0000002  -0.00000065
  98    0.0000064  -0.00001911
  99    0.0000065  -0.00001729
 100    0.0000061  -0.00001835
 101    0.0000002  -0.00000069
 102    0.0000057  -0.00001283
 103    0.0000052  -0.00001425
 104    0.0000054  -0.00001377
 105    0.0000002  -0.00000047
 106    0.0000035  -0.00001163
 107    0.0000044  -0.00001384
 108    0.0000049  -0.00001250
 109    0.0000002  -0.00000054
 110    0.0000033  -0.00001210
 111    0.0000042  -0.00001174
 112    0.0000035  -0.00001039
 113    0.0000002  -0.00000054
 114    0.0000031  -0.00001019
 115    0.0000036  -0.00001121
 116    0.0000032  -0.00000900
 117    0.0000002  -0.00000059
 118    0.0000031  -0.00000627
 119    0.0000030  -0.00000848
 120    0.0000025  -0.00000520
 121    0.0000002  -0.00000057
 122    0.0000025  -0.00000458
 123    0.0000028  -0.00000395
 124    0.0000022  -0.00000330
 125    0.0000001  -0.00000054
 126    0.0000023  -0.00000394
 127    0.0000026  -0.00000405
 128    0.0000020  -0.00000242
 129    0.0000001  -0.00000058
 130    0.0000023  -0.00000297
 131    0.0000026  -0.00000362
 132    0.0000020  -0.00000117
 133    0.0000001  -0.00000052
 134    0.0000021  -0.00000172
 135    0.0000024  -0.00000279
 136    0.0000018  -0.00000097
 137    0.0000001  -0.00000046
 138    0.0000021  -0.00000163
 139    0.0000020  -0.00000116
 140    0.0000015  -0.00000058
 141    0.0000001  -0.00000067
 142    0.0000020  -0.00000127
 143    0.0000017  -0.00000122
 144    0.0000013  -0.00000082
 145    0.0000001  -0.00000033
 
----------------
 Final Energies 
----------------
Final NOF Total Energy =     -39.7263364
 
Total Orbital Internal Iterations = 10
Total Occupation Internal Iterations = 0
 
Elapsed time:   29.12 Seconds

---------------------------------
   Lowdin Population Analysis    
---------------------------------
 Idx  Atom   Population   Charge 
---------------------------------
  1     C     5.574       0.426
  2     H     1.141      -0.141
  3     H     1.142      -0.142
  4     H     1.142      -0.142

---------------------------------
   M Diagnostic: 0.03
---------------------------------

