Computing Integrals
Basis Set                                            = def2-qzvp
Auxiliary Basis Set                                  = def2-universal-jkfit
Gaussian Type                                        = Spherical
Elapsed time:    1.73 Seconds

Number of basis functions                   (NBF)    = 177
Number of auxiliary basis functions         (NBFAUX) = 147
Inactive Doubly occupied orbitals up to     (NO1)    = 0
No. considered Strongly Doubly occupied MOs (NDOC)   = 5
No. considered Strongly Singly occupied MOs (NSOC)   = 0
NO. of Weakly occ. per St. Doubly occ.  MOs (NCWO)   = 34
Dimension of the Nat. Orb. subspace         (NBF5)   = 175
No. of electrons                                     = 10
    No. of alpha electrons                           = 5
    No. of beta electrons                            = 5
Multiplicity                                         = 1

Geometry
========
 C       0.0000000       0.0000000       0.0000000
 H       0.6278371      -0.6278371       0.6278371
 H      -0.6278371       0.6278371       0.6278371
 H      -0.6278371      -0.6278371      -0.6278371
 H       0.6278371       0.6278371      -0.6278371

Orthonormality violations 31329, Maximum Violation 1789.686094
Trying to orthonormalize
No violations of the orthonormality
No violations of the orthonormality
 
PNOF7/ADABelief Calculation
==================
 
  Nitext  Nit_orb  Time   Nit_occ  Time         Eelec          Etot           Ediff      maxdiff    MaxGrad_orb  Grad_occ
     1      10    1.1e+01   88    1.4e+01   -52.55536048   -39.08844010 -10051.55536048   0.093405   7.7e-01   6.6e-04 0.70
     2      10    1.9e+00   18    4.7e-01   -53.27850895   -39.81158856    -0.72314846   0.214362   8.6e-01   1.8e-04 0.11
     3      10    1.7e+00   13    3.3e-01   -53.54753413   -40.08061374    -0.26902518   0.119409   4.8e-01   2.3e-04 0.05
     4      10    1.8e+00   18    5.3e-01   -53.62579956   -40.15887917    -0.07826543   0.093964   3.8e-01   2.8e-04 0.04
     5      10    1.5e+00   17    5.2e-01   -53.69387698   -40.22695659    -0.06807742   0.114728   4.6e-01   1.9e-04 0.03
     6      10    1.6e+00   12    3.8e-01   -53.72405975   -40.25713936    -0.03018277   0.118850   4.8e-01   2.0e-04 0.03
     7      10    1.5e+00    8    2.3e-01   -53.76612998   -40.29920960    -0.04207023   0.113716   4.5e-01   1.5e-04 0.03
     8      10    1.5e+00    0    6.2e-02   -53.76752524   -40.30060485    -0.00139526   0.113715   4.5e-01   1.5e-04 0.03
     9      30    4.5e+00    7    2.6e-01   -53.83194053   -40.36502014    -0.06441529   0.003155   1.3e-02   2.1e-04 0.03
    10      30    4.1e+00    9    3.1e-01   -53.83297343   -40.36605305    -0.00103291   0.005406   2.2e-02   1.7e-04 0.03
    11      30    4.5e+00    4    1.9e-01   -53.83334693   -40.36642655    -0.00037350   0.005352   2.1e-02   1.4e-04 0.03
    12      30    4.7e+00    2    1.4e-01   -53.83343332   -40.36651294    -0.00008639   0.005116   2.0e-02   1.6e-04 0.03
    13      30    4.5e+00    1    1.3e-01   -53.83345446   -40.36653407    -0.00002114   0.004241   1.7e-02   1.5e-04 0.03
    14      30    4.3e+00    0    6.0e-02   -53.83346306   -40.36654268    -0.00000860   0.005150   2.1e-02   1.4e-04 0.03
    15      40    5.8e+00    0    6.0e-02   -53.83349821   -40.36657782    -0.00003514   0.000813   3.3e-03   1.2e-04 0.03
 
RESULTS OF THE OCCUPATION OPTIMIZATION
========================================
   1    1.9993043  -11.20890215
   2    1.9687829  -0.67145909
   3    1.9687701  -0.67140809
   4    1.9687959  -0.67140714
   5    1.9683527  -0.67048053
   6    0.0212873  -0.01545086
   7    0.0209545  -0.01527609
   8    0.0209793  -0.01528763
   9    0.0209623  -0.01528720
  10    0.0004456  -0.00822068
  11    0.0055067  -0.00514928
  12    0.0053471  -0.00505791
  13    0.0053407  -0.00505522
  14    0.0053381  -0.00505606
  15    0.0000795  -0.00109731
  16    0.0020678  -0.00230945
  17    0.0020009  -0.00226601
  18    0.0020072  -0.00226944
  19    0.0020150  -0.00227656
  20    0.0000795  -0.00109895
  21    0.0019831  -0.00227434
  22    0.0019819  -0.00226032
  23    0.0019889  -0.00226272
  24    0.0019886  -0.00226075
  25    0.0000792  -0.00109412
  26    0.0002585  -0.00033594
  27    0.0001746  -0.00028439
  28    0.0001595  -0.00026577
  29    0.0001642  -0.00027401
  30    0.0000087  -0.00035584
  31    0.0001511  -0.00026389
  32    0.0001356  -0.00024420
  33    0.0001367  -0.00024941
  34    0.0001521  -0.00025950
  35    0.0000006  -0.00003013
  36    0.0000977  -0.00020040
  37    0.0001184  -0.00022441
  38    0.0001153  -0.00021639
  39    0.0001281  -0.00022836
  40    0.0000005  -0.00000588
  41    0.0000870  -0.00019107
  42    0.0001102  -0.00020457
  43    0.0001072  -0.00020637
  44    0.0001085  -0.00020702
  45    0.0000003  -0.00000181
  46    0.0000596  -0.00016096
  47    0.0001061  -0.00020357
  48    0.0000972  -0.00019741
  49    0.0000991  -0.00019898
  50    0.0000002  -0.00000082
  51    0.0000515  -0.00014759
  52    0.0000682  -0.00015654
  53    0.0000724  -0.00015835
  54    0.0000692  -0.00015702
  55    0.0000001  -0.00000055
  56    0.0000246  -0.00007113
  57    0.0000406  -0.00009116
  58    0.0000432  -0.00009177
  59    0.0000351  -0.00008535
  60    0.0000001  -0.00000061
  61    0.0000131  -0.00005572
  62    0.0000379  -0.00008405
  63    0.0000382  -0.00008334
  64    0.0000329  -0.00007848
  65    0.0000001  -0.00000052
  66    0.0000120  -0.00005353
  67    0.0000288  -0.00007326
  68    0.0000325  -0.00007679
  69    0.0000269  -0.00007138
  70    0.0000001  -0.00000049
  71    0.0000057  -0.00002312
  72    0.0000151  -0.00003560
  73    0.0000218  -0.00003963
  74    0.0000166  -0.00003701
  75    0.0000001  -0.00000054
  76    0.0000043  -0.00002120
  77    0.0000114  -0.00003325
  78    0.0000135  -0.00003408
  79    0.0000121  -0.00003396
  80    0.0000001  -0.00000052
  81    0.0000042  -0.00002114
  82    0.0000110  -0.00002288
  83    0.0000125  -0.00002823
  84    0.0000110  -0.00002421
  85    0.0000001  -0.00000047
  86    0.0000034  -0.00001820
  87    0.0000095  -0.00002495
  88    0.0000104  -0.00002566
  89    0.0000089  -0.00002070
  90    0.0000001  -0.00000045
  91    0.0000033  -0.00001583
  92    0.0000084  -0.00002363
  93    0.0000091  -0.00002095
  94    0.0000082  -0.00002297
  95    0.0000001  -0.00000044
  96    0.0000029  -0.00001098
  97    0.0000069  -0.00001773
  98    0.0000077  -0.00001940
  99    0.0000073  -0.00001957
 100    0.0000001  -0.00000042
 101    0.0000024  -0.00001035
 102    0.0000059  -0.00001515
 103    0.0000061  -0.00001646
 104    0.0000051  -0.00001276
 105    0.0000001  -0.00000045
 106    0.0000020  -0.00000776
 107    0.0000055  -0.00001542
 108    0.0000048  -0.00001450
 109    0.0000045  -0.00001535
 110    0.0000001  -0.00000042
 111    0.0000019  -0.00000709
 112    0.0000045  -0.00001251
 113    0.0000046  -0.00001408
 114    0.0000037  -0.00001336
 115    0.0000001  -0.00000039
 116    0.0000019  -0.00000639
 117    0.0000032  -0.00000985
 118    0.0000036  -0.00001282
 119    0.0000030  -0.00000990
 120    0.0000001  -0.00000038
 121    0.0000019  -0.00000683
 122    0.0000031  -0.00000991
 123    0.0000028  -0.00000930
 124    0.0000028  -0.00000938
 125    0.0000001  -0.00000038
 126    0.0000016  -0.00000223
 127    0.0000030  -0.00000765
 128    0.0000026  -0.00000708
 129    0.0000023  -0.00000556
 130    0.0000001  -0.00000039
 131    0.0000016  -0.00000271
 132    0.0000023  -0.00000428
 133    0.0000022  -0.00000631
 134    0.0000019  -0.00000442
 135    0.0000001  -0.00000036
 136    0.0000015  -0.00000184
 137    0.0000018  -0.00000373
 138    0.0000019  -0.00000445
 139    0.0000016  -0.00000333
 140    0.0000001  -0.00000036
 141    0.0000014  -0.00000052
 142    0.0000016  -0.00000379
 143    0.0000018  -0.00000357
 144    0.0000015  -0.00000300
 145    0.0000001  -0.00000038
 146    0.0000014  -0.00000101
 147    0.0000015  -0.00000111
 148    0.0000013  -0.00000121
 149    0.0000012  -0.00000110
 150    0.0000001  -0.00000035
 151    0.0000014  -0.00000077
 152    0.0000011  -0.00000101
 153    0.0000013  -0.00000105
 154    0.0000011  -0.00000113
 155    0.0000001  -0.00000039
 156    0.0000013  -0.00000048
 157    0.0000010  -0.00000111
 158    0.0000011  -0.00000108
 159    0.0000010  -0.00000082
 160    0.0000001  -0.00000035
 161    0.0000011  -0.00000076
 162    0.0000010  -0.00000077
 163    0.0000009  -0.00000048
 164    0.0000010  -0.00000031
 165    0.0000001  -0.00000034
 166    0.0000011  -0.00000042
 167    0.0000009  -0.00000059
 168    0.0000008  -0.00000042
 169    0.0000010  -0.00000073
 170    0.0000001  -0.00000035
 171    0.0000011  -0.00000040
 172    0.0000007  -0.00000059
 173    0.0000008  -0.00000040
 174    0.0000009  -0.00000052
 175    0.0000001  -0.00000034
 
----------------
 Final Energies 
----------------
Final NOF Total Energy =     -40.3665778
 
Total Orbital Internal Iterations = 300
Total Occupation Internal Iterations = 197
 
Elapsed time:   83.20 Seconds

---------------------------------
   Lowdin Population Analysis    
---------------------------------
 Idx  Atom   Population   Charge 
---------------------------------
  1     C     5.684       0.316
  2     H     1.079      -0.079
  3     H     1.079      -0.079
  4     H     1.079      -0.079
  5     H     1.079      -0.079

---------------------------------
   M Diagnostic: 0.03
---------------------------------

