Computing Integrals
Basis Set                                            = def2-qzvp
Auxiliary Basis Set                                  = def2-universal-jkfit
Gaussian Type                                        = Spherical
Elapsed time:    1.72 Seconds

Number of basis functions                   (NBF)    = 87
Number of auxiliary basis functions         (NBFAUX) = 95
Inactive Doubly occupied orbitals up to     (NO1)    = 0
No. considered Strongly Doubly occupied MOs (NDOC)   = 4
No. considered Strongly Singly occupied MOs (NSOC)   = 1
NO. of Weakly occ. per St. Doubly occ.  MOs (NCWO)   = 20
Dimension of the Nat. Orb. subspace         (NBF5)   = 85
No. of electrons                                     = 9
    No. of alpha electrons                           = 5
    No. of beta electrons                            = 4
Multiplicity                                         = 2

Geometry
========
 O       0.0000000       0.0000000       0.4844483
 H       0.0000000       0.0000000      -0.4844483

Orthonormality violations 2391, Maximum Violation 0.000063
Trying to orthonormalize
No violations of the orthonormality
No violations of the orthonormality
 
PNOF7/ADABelief Calculation
==================
 
  Nitext  Nit_orb  Time   Nit_occ  Time         Eelec          Etot           Ediff      maxdiff    MaxGrad_orb  Grad_occ
     1      10    9.1e+00    0    1.2e+01   -79.93935876   -75.57004920 -10078.93935876   0.000100   4.0e-04   1.5e-04 0.04
 
RESULTS OF THE OCCUPATION OPTIMIZATION
========================================
   1    1.9997014  -20.62158233
   2    1.9597225  -0.93918208
   3    1.9750533  -0.84480604
   4    1.9751928  -0.83356833
   5    1.0000000  -0.35879152
   6    0.0155094  -0.01402172
   7    0.0154111  -0.01400841
   8    0.0325635  -0.02839198
   9    0.0002348  -0.00778664
  10    0.0042665  -0.00514258
  11    0.0046255  -0.00532319
  12    0.0037755  -0.00507352
  13    0.0000322  -0.00076099
  14    0.0029538  -0.00402570
  15    0.0027162  -0.00384326
  16    0.0028249  -0.00403063
  17    0.0000229  -0.00055067
  18    0.0006919  -0.00126896
  19    0.0006669  -0.00127294
  20    0.0006203  -0.00110270
  21    0.0000036  -0.00025268
  22    0.0003131  -0.00066298
  23    0.0004860  -0.00086934
  24    0.0001303  -0.00034960
  25    0.0000010  -0.00001332
  26    0.0002949  -0.00065042
  27    0.0002849  -0.00059211
  28    0.0001122  -0.00032009
  29    0.0000005  -0.00000460
  30    0.0002181  -0.00049413
  31    0.0002824  -0.00063460
  32    0.0000882  -0.00018048
  33    0.0000004  -0.00000382
  34    0.0001704  -0.00042105
  35    0.0001705  -0.00042129
  36    0.0000375  -0.00010542
  37    0.0000003  -0.00000240
  38    0.0001572  -0.00039454
  39    0.0001458  -0.00041621
  40    0.0000315  -0.00010755
  41    0.0000003  -0.00000187
  42    0.0000753  -0.00022089
  43    0.0000352  -0.00015765
  44    0.0000226  -0.00007551
  45    0.0000003  -0.00000211
  46    0.0000436  -0.00011127
  47    0.0000252  -0.00008232
  48    0.0000167  -0.00006620
  49    0.0000003  -0.00000108
  50    0.0000283  -0.00009225
  51    0.0000193  -0.00006863
  52    0.0000103  -0.00005611
  53    0.0000003  -0.00000131
  54    0.0000199  -0.00007027
  55    0.0000142  -0.00005791
  56    0.0000083  -0.00002983
  57    0.0000002  -0.00000078
  58    0.0000140  -0.00005898
  59    0.0000129  -0.00005728
  60    0.0000076  -0.00003519
  61    0.0000002  -0.00000092
  62    0.0000123  -0.00004878
  63    0.0000113  -0.00004819
  64    0.0000064  -0.00002739
  65    0.0000002  -0.00000085
  66    0.0000109  -0.00004572
  67    0.0000108  -0.00005042
  68    0.0000053  -0.00002086
  69    0.0000002  -0.00000084
  70    0.0000092  -0.00004445
  71    0.0000092  -0.00003548
  72    0.0000051  -0.00002000
  73    0.0000002  -0.00000076
  74    0.0000070  -0.00004290
  75    0.0000085  -0.00003318
  76    0.0000042  -0.00001324
  77    0.0000002  -0.00000080
  78    0.0000070  -0.00003104
  79    0.0000068  -0.00003208
  80    0.0000041  -0.00001806
  81    0.0000002  -0.00000083
  82    0.0000044  -0.00002257
  83    0.0000041  -0.00001874
  84    0.0000030  -0.00000948
  85    0.0000002  -0.00001551
 
----------------
 Final Energies 
----------------
Final NOF Total Energy =     -75.5700492
 
Total Orbital Internal Iterations = 10
Total Occupation Internal Iterations = 0
 
Elapsed time:   27.95 Seconds

---------------------------------
   Lowdin Population Analysis    
---------------------------------
 Idx  Atom   Population   Charge 
---------------------------------
  1     O     7.589       0.411
  2     H     1.411      -0.411

---------------------------------
   M Diagnostic: 0.04
---------------------------------

