Computing Integrals
Basis Set                                            = def2-qzvp
Auxiliary Basis Set                                  = def2-universal-jkfit
Gaussian Type                                        = Spherical
Elapsed time:   11.41 Seconds

Number of basis functions                   (NBF)    = 642
Number of auxiliary basis functions         (NBFAUX) = 634
Inactive Doubly occupied orbitals up to     (NO1)    = 0
No. considered Strongly Doubly occupied MOs (NDOC)   = 25
No. considered Strongly Singly occupied MOs (NSOC)   = 0
NO. of Weakly occ. per St. Doubly occ.  MOs (NCWO)   = 24
Dimension of the Nat. Orb. subspace         (NBF5)   = 625
No. of electrons                                     = 50
    No. of alpha electrons                           = 25
    No. of beta electrons                            = 25
Multiplicity                                         = 1

Geometry
========
 C      -1.4389280      -0.1098150       0.5320710
 H      -2.4723350       0.0745730       0.8248840
 O      -1.4725270      -1.0835520      -0.5024510
 C      -0.7982190       1.2040860       0.0870420
 H      -1.4570380       1.6941530      -0.6322070
 H      -0.7309590       1.8612060       0.9598960
 C       0.5916280       1.0561430      -0.5438030
 H       1.0126080       2.0524650      -0.6999240
 H       0.5035310       0.5962270      -1.5304770
 H      -0.5860970      -1.4623720      -0.5039450
 H      -0.9167790      -0.5057240       1.4080120
 C       1.5807110       0.2380840       0.2816880
 H       2.6061380       0.4720480      -0.0111360
 H       1.4811300       0.4692730       1.3425220
 O       1.3607170      -1.1796070       0.1661890
 H       1.8431270      -1.4775620      -0.6095270

Orthonormality violations 201015, Maximum Violation 0.000259
Trying to orthonormalize
No violations of the orthonormality
No violations of the orthonormality
 
PNOF7/ADABelief Calculation
==================
 
  Nitext  Nit_orb  Time   Nit_occ  Time         Eelec          Etot           Ediff      maxdiff    MaxGrad_orb  Grad_occ
     1      10    9.7e+01    0    1.8e+01  -572.25756094  -307.83908152 -10571.25756094   0.000096   3.9e-04   1.9e-04 0.04
 
RESULTS OF THE OCCUPATION OPTIMIZATION
========================================
   1    1.9997167  -20.57580063
   2    1.9997098  -20.53845243
   3    1.9992840  -11.27795361
   4    1.9992851  -11.25427687
   5    1.9992905  -11.22274054
   6    1.9992901  -11.21534589
   7    1.9696082  -0.91177873
   8    1.9720656  -0.88705771
   9    1.9584807  -0.84516681
  10    1.9598835  -0.82459195
  11    1.9846750  -0.80386857
  12    1.9832204  -0.77471261
  13    1.9829870  -0.74176078
  14    1.9832916  -0.74088819
  15    1.9679009  -0.74053241
  16    1.9676717  -0.72205586
  17    1.9667170  -0.71558967
  18    1.9682964  -0.70943043
  19    1.9683535  -0.70551033
  20    1.9683137  -0.68472804
  21    1.9683482  -0.68465596
  22    1.9684466  -0.68296992
  23    1.9682054  -0.68240408
  24    1.9681348  -0.67741094
  25    1.9683426  -0.67447876
  26    0.0220894  -0.01600516
  27    0.0221795  -0.01604428
  28    0.0222917  -0.01637299
  29    0.0220836  -0.01608397
  30    0.0221295  -0.01629593
  31    0.0221608  -0.01611641
  32    0.0221394  -0.01655970
  33    0.0221589  -0.01657881
  34    0.0278071  -0.02005201
  35    0.0270716  -0.01990889
  36    0.0268848  -0.02007103
  37    0.0132176  -0.01254113
  38    0.0133865  -0.01267009
  39    0.0130612  -0.01266276
  40    0.0114545  -0.01176966
  41    0.0363677  -0.02934012
  42    0.0377356  -0.03055498
  43    0.0230587  -0.02151555
  44    0.0256734  -0.02350993
  45    0.0004422  -0.00818925
  46    0.0004415  -0.00818558
  47    0.0004437  -0.00822273
  48    0.0004446  -0.00823551
  49    0.0002247  -0.00759757
  50    0.0002237  -0.00758614
  51    0.0044520  -0.00450461
  52    0.0044932  -0.00452860
  53    0.0041680  -0.00434335
  54    0.0044242  -0.00449890
  55    0.0042141  -0.00438748
  56    0.0044647  -0.00452186
  57    0.0041257  -0.00436924
  58    0.0042614  -0.00446762
  59    0.0027828  -0.00324945
  60    0.0023427  -0.00291486
  61    0.0022374  -0.00285288
  62    0.0012627  -0.00208450
  63    0.0013345  -0.00215843
  64    0.0012752  -0.00211235
  65    0.0014298  -0.00231118
  66    0.0025499  -0.00329127
  67    0.0025787  -0.00332769
  68    0.0023594  -0.00347271
  69    0.0025710  -0.00365359
  70    0.0000875  -0.00120875
  71    0.0000881  -0.00122008
  72    0.0000900  -0.00123515
  73    0.0000920  -0.00125825
  74    0.0000338  -0.00079728
  75    0.0000327  -0.00077599
  76    0.0023072  -0.00255185
  77    0.0022967  -0.00253508
  78    0.0023121  -0.00265591
  79    0.0022065  -0.00251231
  80    0.0022537  -0.00260046
  81    0.0021488  -0.00245223
  82    0.0023458  -0.00271235
  83    0.0022969  -0.00266137
  84    0.0010157  -0.00146923
  85    0.0011698  -0.00167862
  86    0.0012172  -0.00174290
  87    0.0008974  -0.00156159
  88    0.0009165  -0.00157570
  89    0.0010246  -0.00172236
  90    0.0009019  -0.00156028
  91    0.0006080  -0.00109961
  92    0.0006542  -0.00116448
  93    0.0010949  -0.00176434
  94    0.0009885  -0.00167051
  95    0.0000862  -0.00118648
  96    0.0000851  -0.00117465
  97    0.0000866  -0.00120214
  98    0.0000861  -0.00119527
  99    0.0000227  -0.00055402
 100    0.0000219  -0.00054035
 101    0.0019899  -0.00229496
 102    0.0020908  -0.00236963
 103    0.0021699  -0.00248858
 104    0.0020445  -0.00232754
 105    0.0021727  -0.00249595
 106    0.0020885  -0.00235960
 107    0.0021816  -0.00252486
 108    0.0021083  -0.00247389
 109    0.0009457  -0.00139203
 110    0.0010337  -0.00151752
 111    0.0010395  -0.00152875
 112    0.0007213  -0.00133312
 113    0.0007315  -0.00131521
 114    0.0008237  -0.00145426
 115    0.0008187  -0.00145217
 116    0.0004630  -0.00089164
 117    0.0004191  -0.00083021
 118    0.0010340  -0.00172772
 119    0.0007963  -0.00138798
 120    0.0000820  -0.00112717
 121    0.0000817  -0.00112666
 122    0.0000809  -0.00111804
 123    0.0000812  -0.00112071
 124    0.0000041  -0.00012082
 125    0.0000034  -0.00022785
 126    0.0001515  -0.00026930
 127    0.0001488  -0.00026474
 128    0.0001759  -0.00030193
 129    0.0001423  -0.00025953
 130    0.0001916  -0.00032224
 131    0.0001528  -0.00026850
 132    0.0001724  -0.00030106
 133    0.0001876  -0.00031884
 134    0.0002280  -0.00037697
 135    0.0002548  -0.00041930
 136    0.0002374  -0.00040225
 137    0.0001506  -0.00038324
 138    0.0001504  -0.00036816
 139    0.0001468  -0.00037901
 140    0.0002044  -0.00044834
 141    0.0000284  -0.00009134
 142    0.0000323  -0.00009815
 143    0.0000863  -0.00020926
 144    0.0000803  -0.00020440
 145    0.0000087  -0.00035876
 146    0.0000087  -0.00035487
 147    0.0000086  -0.00035949
 148    0.0000088  -0.00036070
 149    0.0000035  -0.00023323
 150    0.0000005  -0.00000436
 151    0.0001379  -0.00024812
 152    0.0001393  -0.00025178
 153    0.0001324  -0.00024173
 154    0.0001344  -0.00025200
 155    0.0001358  -0.00024112
 156    0.0001415  -0.00025110
 157    0.0001336  -0.00024902
 158    0.0001314  -0.00024517
 159    0.0002167  -0.00036337
 160    0.0001985  -0.00035022
 161    0.0002150  -0.00037012
 162    0.0001204  -0.00031459
 163    0.0001319  -0.00034921
 164    0.0001188  -0.00033416
 165    0.0001426  -0.00038369
 166    0.0000238  -0.00007383
 167    0.0000248  -0.00007740
 168    0.0000704  -0.00017652
 169    0.0000752  -0.00018340
 170    0.0000011  -0.00001060
 171    0.0000019  -0.00001498
 172    0.0000014  -0.00001167
 173    0.0000010  -0.00001022
 174    0.0000005  -0.00000483
 175    0.0000001  -0.00001335
 176    0.0001157  -0.00021258
 177    0.0001104  -0.00020194
 178    0.0001176  -0.00021661
 179    0.0001126  -0.00020882
 180    0.0001195  -0.00022990
 181    0.0001145  -0.00020770
 182    0.0001175  -0.00022340
 183    0.0001195  -0.00022190
 184    0.0000565  -0.00013030
 185    0.0000673  -0.00017163
 186    0.0000659  -0.00017253
 187    0.0000932  -0.00028437
 188    0.0001173  -0.00031178
 189    0.0001077  -0.00029220
 190    0.0001207  -0.00033300
 191    0.0000156  -0.00005366
 192    0.0000182  -0.00005636
 193    0.0000585  -0.00018100
 194    0.0000518  -0.00016466
 195    0.0000005  -0.00003103
 196    0.0000008  -0.00003373
 197    0.0000005  -0.00003087
 198    0.0000005  -0.00003137
 199    0.0000001  -0.00001392
 200    0.0000001  -0.00000077
 201    0.0001103  -0.00021256
 202    0.0001076  -0.00020403
 203    0.0001085  -0.00021343
 204    0.0001065  -0.00020131
 205    0.0001101  -0.00020855
 206    0.0001120  -0.00021315
 207    0.0001112  -0.00021070
 208    0.0001131  -0.00021696
 209    0.0000444  -0.00012241
 210    0.0000619  -0.00015046
 211    0.0000523  -0.00014182
 212    0.0000820  -0.00025482
 213    0.0000989  -0.00028431
 214    0.0000831  -0.00025166
 215    0.0000906  -0.00028014
 216    0.0000141  -0.00004659
 217    0.0000132  -0.00004754
 218    0.0000454  -0.00012172
 219    0.0000390  -0.00010824
 220    0.0000003  -0.00000252
 221    0.0000003  -0.00000381
 222    0.0000004  -0.00000470
 223    0.0000002  -0.00000216
 224    0.0000001  -0.00000085
 225    0.0000001  -0.00000060
 226    0.0000861  -0.00018428
 227    0.0000935  -0.00018781
 228    0.0000933  -0.00019346
 229    0.0000957  -0.00019045
 230    0.0000938  -0.00019038
 231    0.0000921  -0.00018967
 232    0.0000928  -0.00019457
 233    0.0000972  -0.00019558
 234    0.0000299  -0.00008604
 235    0.0000243  -0.00007351
 236    0.0000348  -0.00008296
 237    0.0000469  -0.00017832
 238    0.0000652  -0.00022472
 239    0.0000479  -0.00017899
 240    0.0000639  -0.00021454
 241    0.0000103  -0.00004372
 242    0.0000109  -0.00004337
 243    0.0000311  -0.00008519
 244    0.0000340  -0.00008824
 245    0.0000002  -0.00000177
 246    0.0000002  -0.00000146
 247    0.0000004  -0.00000294
 248    0.0000002  -0.00000123
 249    0.0000001  -0.00000059
 250    0.0000001  -0.00000057
 251    0.0000553  -0.00014539
 252    0.0000565  -0.00014466
 253    0.0000581  -0.00014982
 254    0.0000559  -0.00014384
 255    0.0000567  -0.00014684
 256    0.0000587  -0.00014749
 257    0.0000567  -0.00014768
 258    0.0000576  -0.00014892
 259    0.0000202  -0.00005805
 260    0.0000174  -0.00005830
 261    0.0000234  -0.00006429
 262    0.0000151  -0.00005051
 263    0.0000300  -0.00006813
 264    0.0000261  -0.00008203
 265    0.0000315  -0.00011115
 266    0.0000089  -0.00003737
 267    0.0000085  -0.00004000
 268    0.0000258  -0.00007862
 269    0.0000244  -0.00007828
 270    0.0000002  -0.00000157
 271    0.0000001  -0.00000130
 272    0.0000003  -0.00000179
 273    0.0000001  -0.00000094
 274    0.0000001  -0.00000053
 275    0.0000001  -0.00000051
 276    0.0000356  -0.00008749
 277    0.0000338  -0.00008253
 278    0.0000382  -0.00009537
 279    0.0000344  -0.00008354
 280    0.0000378  -0.00009464
 281    0.0000321  -0.00008337
 282    0.0000388  -0.00009416
 283    0.0000405  -0.00009973
 284    0.0000202  -0.00005326
 285    0.0000137  -0.00004572
 286    0.0000177  -0.00005283
 287    0.0000119  -0.00003526
 288    0.0000105  -0.00004324
 289    0.0000140  -0.00004683
 290    0.0000128  -0.00004574
 291    0.0000066  -0.00002047
 292    0.0000053  -0.00001854
 293    0.0000183  -0.00005618
 294    0.0000139  -0.00004998
 295    0.0000001  -0.00000101
 296    0.0000001  -0.00000102
 297    0.0000003  -0.00000153
 298    0.0000001  -0.00000093
 299    0.0000001  -0.00000049
 300    0.0000001  -0.00000047
 301    0.0000339  -0.00008262
 302    0.0000317  -0.00008253
 303    0.0000368  -0.00009378
 304    0.0000304  -0.00008089
 305    0.0000324  -0.00008832
 306    0.0000299  -0.00008098
 307    0.0000355  -0.00009450
 308    0.0000343  -0.00009118
 309    0.0000164  -0.00004554
 310    0.0000131  -0.00004614
 311    0.0000168  -0.00005359
 312    0.0000107  -0.00003414
 313    0.0000073  -0.00003422
 314    0.0000106  -0.00004341
 315    0.0000097  -0.00004326
 316    0.0000040  -0.00001586
 317    0.0000045  -0.00001658
 318    0.0000097  -0.00003799
 319    0.0000106  -0.00004118
 320    0.0000001  -0.00000082
 321    0.0000001  -0.00000097
 322    0.0000002  -0.00000142
 323    0.0000001  -0.00000080
 324    0.0000001  -0.00000046
 325    0.0000001  -0.00000049
 326    0.0000332  -0.00008240
 327    0.0000280  -0.00007509
 328    0.0000281  -0.00007826
 329    0.0000251  -0.00007376
 330    0.0000267  -0.00007693
 331    0.0000288  -0.00007407
 332    0.0000287  -0.00008017
 333    0.0000298  -0.00007862
 334    0.0000143  -0.00003538
 335    0.0000104  -0.00003213
 336    0.0000102  -0.00003249
 337    0.0000088  -0.00003040
 338    0.0000058  -0.00002465
 339    0.0000063  -0.00003121
 340    0.0000073  -0.00003471
 341    0.0000038  -0.00001492
 342    0.0000029  -0.00001174
 343    0.0000084  -0.00003794
 344    0.0000071  -0.00003527
 345    0.0000001  -0.00000088
 346    0.0000001  -0.00000076
 347    0.0000002  -0.00000105
 348    0.0000001  -0.00000076
 349    0.0000000  -0.00000045
 350    0.0000001  -0.00000045
 351    0.0000123  -0.00003485
 352    0.0000112  -0.00003436
 353    0.0000132  -0.00003814
 354    0.0000124  -0.00003585
 355    0.0000147  -0.00004115
 356    0.0000121  -0.00003541
 357    0.0000129  -0.00003938
 358    0.0000141  -0.00004123
 359    0.0000133  -0.00003540
 360    0.0000096  -0.00002908
 361    0.0000086  -0.00002779
 362    0.0000086  -0.00002681
 363    0.0000051  -0.00002551
 364    0.0000061  -0.00002886
 365    0.0000059  -0.00003138
 366    0.0000027  -0.00001071
 367    0.0000021  -0.00001026
 368    0.0000077  -0.00002711
 369    0.0000051  -0.00002112
 370    0.0000001  -0.00000074
 371    0.0000001  -0.00000076
 372    0.0000002  -0.00000099
 373    0.0000001  -0.00000077
 374    0.0000000  -0.00000039
 375    0.0000001  -0.00000042
 376    0.0000102  -0.00003275
 377    0.0000083  -0.00003005
 378    0.0000102  -0.00003374
 379    0.0000082  -0.00002852
 380    0.0000110  -0.00003584
 381    0.0000119  -0.00003338
 382    0.0000107  -0.00003290
 383    0.0000119  -0.00003548
 384    0.0000118  -0.00002741
 385    0.0000071  -0.00002395
 386    0.0000071  -0.00002325
 387    0.0000074  -0.00002161
 388    0.0000045  -0.00002253
 389    0.0000058  -0.00002740
 390    0.0000056  -0.00002656
 391    0.0000019  -0.00000498
 392    0.0000016  -0.00000408
 393    0.0000048  -0.00002174
 394    0.0000046  -0.00002170
 395    0.0000001  -0.00000066
 396    0.0000001  -0.00000070
 397    0.0000002  -0.00000100
 398    0.0000001  -0.00000075
 399    0.0000000  -0.00000039
 400    0.0000001  -0.00000042
 401    0.0000063  -0.00002507
 402    0.0000067  -0.00002481
 403    0.0000085  -0.00002933
 404    0.0000072  -0.00002595
 405    0.0000101  -0.00003230
 406    0.0000064  -0.00002546
 407    0.0000088  -0.00003136
 408    0.0000089  -0.00003180
 409    0.0000094  -0.00001763
 410    0.0000062  -0.00001814
 411    0.0000056  -0.00001701
 412    0.0000070  -0.00002039
 413    0.0000040  -0.00001997
 414    0.0000046  -0.00002336
 415    0.0000048  -0.00002546
 416    0.0000013  -0.00000247
 417    0.0000013  -0.00000250
 418    0.0000042  -0.00001764
 419    0.0000038  -0.00001490
 420    0.0000001  -0.00000068
 421    0.0000001  -0.00000064
 422    0.0000001  -0.00000095
 423    0.0000001  -0.00000071
 424    0.0000000  -0.00000039
 425    0.0000000  -0.00000044
 426    0.0000060  -0.00002326
 427    0.0000051  -0.00002215
 428    0.0000073  -0.00002723
 429    0.0000057  -0.00002298
 430    0.0000091  -0.00003003
 431    0.0000062  -0.00002350
 432    0.0000077  -0.00002846
 433    0.0000060  -0.00002596
 434    0.0000081  -0.00001964
 435    0.0000055  -0.00001320
 436    0.0000044  -0.00001397
 437    0.0000066  -0.00002364
 438    0.0000026  -0.00001128
 439    0.0000041  -0.00001917
 440    0.0000042  -0.00002205
 441    0.0000012  -0.00000284
 442    0.0000011  -0.00000222
 443    0.0000039  -0.00001578
 444    0.0000025  -0.00001072
 445    0.0000001  -0.00000060
 446    0.0000001  -0.00000063
 447    0.0000001  -0.00000082
 448    0.0000001  -0.00000071
 449    0.0000000  -0.00000035
 450    0.0000000  -0.00000043
 451    0.0000053  -0.00001723
 452    0.0000047  -0.00001710
 453    0.0000063  -0.00001874
 454    0.0000049  -0.00001677
 455    0.0000067  -0.00001693
 456    0.0000052  -0.00001710
 457    0.0000059  -0.00001641
 458    0.0000056  -0.00001748
 459    0.0000075  -0.00001514
 460    0.0000038  -0.00001180
 461    0.0000041  -0.00001093
 462    0.0000065  -0.00001282
 463    0.0000020  -0.00000517
 464    0.0000033  -0.00001312
 465    0.0000038  -0.00001332
 466    0.0000011  -0.00000198
 467    0.0000010  -0.00000191
 468    0.0000029  -0.00001254
 469    0.0000023  -0.00000769
 470    0.0000001  -0.00000054
 471    0.0000001  -0.00000061
 472    0.0000001  -0.00000078
 473    0.0000001  -0.00000067
 474    0.0000000  -0.00000035
 475    0.0000000  -0.00000038
 476    0.0000046  -0.00001576
 477    0.0000044  -0.00001459
 478    0.0000047  -0.00001679
 479    0.0000043  -0.00001578
 480    0.0000058  -0.00001715
 481    0.0000045  -0.00001675
 482    0.0000049  -0.00001863
 483    0.0000051  -0.00001730
 484    0.0000071  -0.00001188
 485    0.0000038  -0.00000968
 486    0.0000039  -0.00000977
 487    0.0000062  -0.00000928
 488    0.0000019  -0.00000481
 489    0.0000031  -0.00000906
 490    0.0000038  -0.00001313
 491    0.0000009  -0.00000171
 492    0.0000008  -0.00000168
 493    0.0000025  -0.00000826
 494    0.0000019  -0.00000653
 495    0.0000001  -0.00000052
 496    0.0000001  -0.00000059
 497    0.0000001  -0.00000079
 498    0.0000001  -0.00000062
 499    0.0000000  -0.00000035
 500    0.0000000  -0.00000042
 501    0.0000043  -0.00001442
 502    0.0000038  -0.00001462
 503    0.0000035  -0.00001287
 504    0.0000036  -0.00001388
 505    0.0000055  -0.00001720
 506    0.0000037  -0.00001401
 507    0.0000040  -0.00001454
 508    0.0000039  -0.00001576
 509    0.0000068  -0.00000975
 510    0.0000033  -0.00000799
 511    0.0000033  -0.00000850
 512    0.0000062  -0.00002040
 513    0.0000017  -0.00000534
 514    0.0000018  -0.00000608
 515    0.0000026  -0.00000653
 516    0.0000008  -0.00000148
 517    0.0000008  -0.00000150
 518    0.0000022  -0.00000728
 519    0.0000016  -0.00000524
 520    0.0000001  -0.00000050
 521    0.0000001  -0.00000054
 522    0.0000001  -0.00000079
 523    0.0000001  -0.00000066
 524    0.0000000  -0.00000035
 525    0.0000000  -0.00000038
 526    0.0000033  -0.00001260
 527    0.0000035  -0.00001299
 528    0.0000031  -0.00001137
 529    0.0000035  -0.00001238
 530    0.0000052  -0.00001797
 531    0.0000034  -0.00001420
 532    0.0000035  -0.00001236
 533    0.0000035  -0.00001265
 534    0.0000058  -0.00001074
 535    0.0000028  -0.00000685
 536    0.0000030  -0.00000783
 537    0.0000062  -0.00000749
 538    0.0000016  -0.00000277
 539    0.0000015  -0.00000423
 540    0.0000019  -0.00000530
 541    0.0000007  -0.00000144
 542    0.0000006  -0.00000130
 543    0.0000016  -0.00000506
 544    0.0000012  -0.00000393
 545    0.0000001  -0.00000047
 546    0.0000001  -0.00000051
 547    0.0000001  -0.00000074
 548    0.0000001  -0.00000064
 549    0.0000000  -0.00000035
 550    0.0000000  -0.00000040
 551    0.0000029  -0.00001126
 552    0.0000031  -0.00001102
 553    0.0000028  -0.00001071
 554    0.0000028  -0.00001100
 555    0.0000034  -0.00001161
 556    0.0000026  -0.00001077
 557    0.0000035  -0.00001202
 558    0.0000031  -0.00001158
 559    0.0000054  -0.00000895
 560    0.0000024  -0.00000538
 561    0.0000026  -0.00000567
 562    0.0000057  -0.00001144
 563    0.0000013  -0.00000303
 564    0.0000013  -0.00000254
 565    0.0000017  -0.00000451
 566    0.0000006  -0.00000140
 567    0.0000006  -0.00000140
 568    0.0000015  -0.00000566
 569    0.0000011  -0.00000338
 570    0.0000001  -0.00000045
 571    0.0000001  -0.00000051
 572    0.0000001  -0.00000074
 573    0.0000001  -0.00000063
 574    0.0000000  -0.00000034
 575    0.0000000  -0.00000038
 576    0.0000025  -0.00000963
 577    0.0000023  -0.00000980
 578    0.0000027  -0.00000988
 579    0.0000026  -0.00001001
 580    0.0000032  -0.00001078
 581    0.0000026  -0.00000977
 582    0.0000028  -0.00000993
 583    0.0000028  -0.00001049
 584    0.0000050  -0.00000874
 585    0.0000024  -0.00000490
 586    0.0000022  -0.00000508
 587    0.0000048  -0.00001003
 588    0.0000011  -0.00000198
 589    0.0000010  -0.00000185
 590    0.0000012  -0.00000301
 591    0.0000005  -0.00000130
 592    0.0000006  -0.00000122
 593    0.0000013  -0.00000394
 594    0.0000011  -0.00000237
 595    0.0000001  -0.00000046
 596    0.0000001  -0.00000052
 597    0.0000001  -0.00000075
 598    0.0000001  -0.00000064
 599    0.0000000  -0.00000032
 600    0.0000000  -0.00000038
 601    0.0000017  -0.00000569
 602    0.0000022  -0.00000709
 603    0.0000020  -0.00000652
 604    0.0000022  -0.00000673
 605    0.0000026  -0.00000751
 606    0.0000022  -0.00000712
 607    0.0000023  -0.00000689
 608    0.0000021  -0.00000714
 609    0.0000049  -0.00000729
 610    0.0000023  -0.00000456
 611    0.0000019  -0.00000412
 612    0.0000046  -0.00000899
 613    0.0000009  -0.00000173
 614    0.0000009  -0.00000166
 615    0.0000011  -0.00000193
 616    0.0000005  -0.00000132
 617    0.0000005  -0.00000121
 618    0.0000010  -0.00000225
 619    0.0000010  -0.00000200
 620    0.0000001  -0.00000044
 621    0.0000001  -0.00000048
 622    0.0000001  -0.00000065
 623    0.0000001  -0.00000064
 624    0.0000000  -0.00000031
 625    0.0000000  -0.00000038
 
----------------
 Final Energies 
----------------
Final NOF Total Energy =    -307.8390815
 
Total Orbital Internal Iterations = 10
Total Occupation Internal Iterations = 0
 
Elapsed time:  152.73 Seconds

---------------------------------
   Lowdin Population Analysis    
---------------------------------
 Idx  Atom   Population   Charge 
---------------------------------
  1     C     6.100      -0.100
  2     H     1.064      -0.064
  3     O     7.438       0.562
  4     C     5.909       0.091
  5     H     1.052      -0.052
  6     H     1.050      -0.050
  7     C     5.910       0.090
  8     H     1.050      -0.050
  9     H     1.052      -0.052
 10     H     1.364      -0.364
 11     H     1.064      -0.064
 12     C     6.072      -0.072
 13     H     1.067      -0.067
 14     H     1.058      -0.058
 15     O     7.411       0.589
 16     H     1.339      -0.339

---------------------------------
   M Diagnostic: 0.04
---------------------------------

