Computing Integrals
Basis Set                                            = def2-qzvp
Auxiliary Basis Set                                  = def2-universal-jkfit
Gaussian Type                                        = Spherical
Elapsed time:    3.92 Seconds

Number of basis functions                   (NBF)    = 257
Number of auxiliary basis functions         (NBFAUX) = 367
Inactive Doubly occupied orbitals up to     (NO1)    = 0
No. considered Strongly Doubly occupied MOs (NDOC)   = 21
No. considered Strongly Singly occupied MOs (NSOC)   = 0
NO. of Weakly occ. per St. Doubly occ.  MOs (NCWO)   = 11
Dimension of the Nat. Orb. subspace         (NBF5)   = 252
No. of electrons                                     = 42
    No. of alpha electrons                           = 21
    No. of beta electrons                            = 21
Multiplicity                                         = 1

Geometry
========
Cl       0.0000000       1.4939925       0.8346445
 C       0.0000000       0.0000000      -0.1555982
Cl       0.0000000      -1.4939925       0.8346445
 H       0.8986495       0.0000000      -0.7568453
 H      -0.8986495       0.0000000      -0.7568453

Orthonormality violations 14030, Maximum Violation 0.000056
Trying to orthonormalize
No violations of the orthonormality
No violations of the orthonormality
 
PNOF7/ADABelief Calculation
==================
 
  Nitext  Nit_orb  Time   Nit_occ  Time         Eelec          Etot           Ediff      maxdiff    MaxGrad_orb  Grad_occ
     1      10    1.3e+01    0    1.2e+01 -1091.27255791  -958.45068563 -11090.27255791   0.000100   4.0e-04   2.2e-04 0.07
 
RESULTS OF THE OCCUPATION OPTIMIZATION
========================================
   1    1.9999244  -97.64427993
   2    1.9999240  -94.98281546
   3    1.9999962  -20.45376242
   4    1.9999742  -17.25138046
   5    1.9992864  -11.33962383
   6    1.9996704  -8.59091448
   7    1.9992636  -8.05437281
   8    1.9994098  -8.04387995
   9    1.9993018  -8.04299751
  10    1.9994490  -8.04276434
  11    1.9995668  -8.04050757
  12    1.9810708  -0.80703541
  13    1.9802891  -0.78701825
  14    1.9684511  -0.76870455
  15    1.9683842  -0.76776524
  16    1.9779517  -0.74991746
  17    1.9328392  -0.70211726
  18    1.9285370  -0.68519917
  19    1.9685353  -0.66024566
  20    1.9657196  -0.62174194
  21    1.9504088  -0.53938062
  22    0.0163838  -0.00967872
  23    0.0133759  -0.00891503
  24    0.0120560  -0.00854027
  25    0.0689358  -0.03782568
  26    0.0643549  -0.03653895
  27    0.0107003  -0.00784045
  28    0.0222803  -0.01737558
  29    0.0222617  -0.01736189
  30    0.0094802  -0.00747328
  31    0.0097854  -0.00777099
  32    0.0002213  -0.00251162
  33    0.0002078  -0.00246073
  34    0.0002270  -0.00253562
  35    0.0002259  -0.00253128
  36    0.0002827  -0.00328780
  37    0.0003234  -0.00362331
  38    0.0004604  -0.00839773
  39    0.0000246  -0.00043274
  40    0.0000005  -0.00000987
  41    0.0000493  -0.00826247
  42    0.0000470  -0.00809669
  43    0.0141662  -0.00819476
  44    0.0128632  -0.00836597
  45    0.0109838  -0.00770864
  46    0.0010104  -0.00125761
  47    0.0011421  -0.00141507
  48    0.0089010  -0.00697217
  49    0.0035817  -0.00407315
  50    0.0035480  -0.00404478
  51    0.0076628  -0.00591755
  52    0.0063568  -0.00517012
  53    0.0002008  -0.00231084
  54    0.0001993  -0.00225501
  55    0.0001922  -0.00239668
  56    0.0002192  -0.00256223
  57    0.0001680  -0.00185434
  58    0.0000014  -0.00001517
  59    0.0000822  -0.00112171
  60    0.0000002  -0.00000892
  61    0.0000004  -0.00000683
  62    0.0000087  -0.00100553
  63    0.0000105  -0.00127217
  64    0.0125517  -0.00720500
  65    0.0070792  -0.00503828
  66    0.0070603  -0.00531724
  67    0.0006527  -0.00087512
  68    0.0007535  -0.00097533
  69    0.0008952  -0.00115053
  70    0.0025613  -0.00304180
  71    0.0025185  -0.00300942
  72    0.0008947  -0.00117056
  73    0.0008829  -0.00111798
  74    0.0000018  -0.00002871
  75    0.0001383  -0.00155510
  76    0.0001385  -0.00156023
  77    0.0001399  -0.00158282
  78    0.0001440  -0.00159499
  79    0.0000010  -0.00001158
  80    0.0000779  -0.00104239
  81    0.0000001  -0.00000078
  82    0.0000004  -0.00000431
  83    0.0000082  -0.00092439
  84    0.0000084  -0.00097076
  85    0.0062274  -0.00416517
  86    0.0005545  -0.00069522
  87    0.0006714  -0.00087027
  88    0.0006111  -0.00079178
  89    0.0007027  -0.00095677
  90    0.0005852  -0.00080587
  91    0.0023380  -0.00278838
  92    0.0023645  -0.00281665
  93    0.0005689  -0.00079241
  94    0.0005900  -0.00084340
  95    0.0000015  -0.00001702
  96    0.0000021  -0.00003030
  97    0.0001337  -0.00152767
  98    0.0000023  -0.00003017
  99    0.0001360  -0.00154201
 100    0.0000007  -0.00000830
 101    0.0000751  -0.00100245
 102    0.0000001  -0.00000077
 103    0.0000003  -0.00000275
 104    0.0000081  -0.00091445
 105    0.0000079  -0.00091943
 106    0.0000915  -0.00014928
 107    0.0001535  -0.00020960
 108    0.0003546  -0.00049374
 109    0.0000735  -0.00012806
 110    0.0000578  -0.00011043
 111    0.0003418  -0.00050016
 112    0.0002460  -0.00042512
 113    0.0002391  -0.00041567
 114    0.0004076  -0.00060837
 115    0.0005155  -0.00075372
 116    0.0000014  -0.00001329
 117    0.0000013  -0.00001652
 118    0.0000025  -0.00002963
 119    0.0000007  -0.00000758
 120    0.0000021  -0.00002733
 121    0.0000005  -0.00000549
 122    0.0000104  -0.00038688
 123    0.0000001  -0.00000074
 124    0.0000003  -0.00000233
 125    0.0000014  -0.00044083
 126    0.0000013  -0.00040140
 127    0.0000474  -0.00005715
 128    0.0000927  -0.00017020
 129    0.0001021  -0.00018070
 130    0.0000477  -0.00009471
 131    0.0000441  -0.00008979
 132    0.0003060  -0.00045581
 133    0.0001729  -0.00031544
 134    0.0001600  -0.00030210
 135    0.0003229  -0.00051249
 136    0.0004560  -0.00072036
 137    0.0000013  -0.00001178
 138    0.0000008  -0.00000790
 139    0.0000015  -0.00001614
 140    0.0000006  -0.00000598
 141    0.0000011  -0.00001042
 142    0.0000005  -0.00000489
 143    0.0000020  -0.00002770
 144    0.0000001  -0.00000058
 145    0.0000003  -0.00000230
 146    0.0000001  -0.00000082
 147    0.0000002  -0.00000098
 148    0.0000367  -0.00005633
 149    0.0000498  -0.00012111
 150    0.0000833  -0.00015736
 151    0.0000354  -0.00006898
 152    0.0000286  -0.00006029
 153    0.0001029  -0.00017389
 154    0.0001363  -0.00026508
 155    0.0001427  -0.00028162
 156    0.0001085  -0.00018213
 157    0.0001119  -0.00019837
 158    0.0000012  -0.00001044
 159    0.0000004  -0.00000314
 160    0.0000010  -0.00001050
 161    0.0000004  -0.00000296
 162    0.0000007  -0.00000684
 163    0.0000005  -0.00000430
 164    0.0000015  -0.00002593
 165    0.0000001  -0.00000050
 166    0.0000003  -0.00000230
 167    0.0000001  -0.00000059
 168    0.0000001  -0.00000069
 169    0.0000278  -0.00004941
 170    0.0000376  -0.00009215
 171    0.0000588  -0.00012476
 172    0.0000333  -0.00006435
 173    0.0000242  -0.00005689
 174    0.0000854  -0.00016790
 175    0.0001222  -0.00024757
 176    0.0001318  -0.00025482
 177    0.0000936  -0.00016954
 178    0.0000891  -0.00016832
 179    0.0000010  -0.00000974
 180    0.0000003  -0.00000168
 181    0.0000009  -0.00000853
 182    0.0000003  -0.00000249
 183    0.0000006  -0.00000589
 184    0.0000004  -0.00000411
 185    0.0000015  -0.00002294
 186    0.0000001  -0.00000053
 187    0.0000003  -0.00000184
 188    0.0000001  -0.00000043
 189    0.0000001  -0.00000044
 190    0.0000228  -0.00004310
 191    0.0000310  -0.00006990
 192    0.0000423  -0.00008340
 193    0.0000257  -0.00005372
 194    0.0000232  -0.00005266
 195    0.0000668  -0.00014332
 196    0.0000859  -0.00020198
 197    0.0000930  -0.00021368
 198    0.0000673  -0.00014576
 199    0.0000725  -0.00014248
 200    0.0000010  -0.00000924
 201    0.0000003  -0.00000115
 202    0.0000004  -0.00000421
 203    0.0000003  -0.00000203
 204    0.0000005  -0.00000508
 205    0.0000004  -0.00000300
 206    0.0000012  -0.00001917
 207    0.0000001  -0.00000049
 208    0.0000003  -0.00000160
 209    0.0000000  -0.00000031
 210    0.0000000  -0.00000038
 211    0.0000210  -0.00004395
 212    0.0000237  -0.00005319
 213    0.0000274  -0.00005794
 214    0.0000238  -0.00004720
 215    0.0000182  -0.00004836
 216    0.0000334  -0.00009863
 217    0.0000518  -0.00014110
 218    0.0000507  -0.00014074
 219    0.0000550  -0.00012771
 220    0.0000389  -0.00009760
 221    0.0000010  -0.00000817
 222    0.0000003  -0.00000116
 223    0.0000004  -0.00000259
 224    0.0000003  -0.00000163
 225    0.0000005  -0.00000438
 226    0.0000004  -0.00000289
 227    0.0000007  -0.00001559
 228    0.0000001  -0.00000050
 229    0.0000003  -0.00000156
 230    0.0000000  -0.00000032
 231    0.0000000  -0.00000027
 232    0.0000148  -0.00003859
 233    0.0000193  -0.00005180
 234    0.0000248  -0.00005173
 235    0.0000135  -0.00004163
 236    0.0000114  -0.00003559
 237    0.0000303  -0.00009274
 238    0.0000394  -0.00010923
 239    0.0000389  -0.00010768
 240    0.0000494  -0.00011092
 241    0.0000302  -0.00007758
 242    0.0000009  -0.00000814
 243    0.0000002  -0.00000090
 244    0.0000003  -0.00000179
 245    0.0000003  -0.00000149
 246    0.0000005  -0.00000417
 247    0.0000003  -0.00000188
 248    0.0000006  -0.00003893
 249    0.0000001  -0.00000049
 250    0.0000003  -0.00000136
 251    0.0000000  -0.00000027
 252    0.0000000  -0.00000024
 
----------------
 Final Energies 
----------------
Final NOF Total Energy =    -958.4506856
 
Total Orbital Internal Iterations = 10
Total Occupation Internal Iterations = 0
 
Elapsed time:   33.89 Seconds

---------------------------------
   Lowdin Population Analysis    
---------------------------------
 Idx  Atom   Population   Charge 
---------------------------------
  1    Cl    16.614       0.386
  2     C     6.527      -0.527
  3    Cl    16.615       0.385
  4     H     1.122      -0.122
  5     H     1.122      -0.122

---------------------------------
   M Diagnostic: 0.07
---------------------------------

