Computing Integrals
Basis Set                                            = def2-qzvp
Auxiliary Basis Set                                  = def2-universal-jkfit
Gaussian Type                                        = Spherical
Elapsed time:    2.34 Seconds

Number of basis functions                   (NBF)    = 140
Number of auxiliary basis functions         (NBFAUX) = 256
Inactive Doubly occupied orbitals up to     (NO1)    = 0
No. considered Strongly Doubly occupied MOs (NDOC)   = 17
No. considered Strongly Singly occupied MOs (NSOC)   = 0
NO. of Weakly occ. per St. Doubly occ.  MOs (NCWO)   = 7
Dimension of the Nat. Orb. subspace         (NBF5)   = 136
No. of electrons                                     = 34
    No. of alpha electrons                           = 17
    No. of beta electrons                            = 17
Multiplicity                                         = 1

Geometry
========
Cl       0.0000000       0.0000000       1.0211660
Cl       0.0000000       0.0000000      -1.0211660

No violations of the orthonormality
No violations of the orthonormality
 
PNOF7/ADABelief Calculation
==================
 
  Nitext  Nit_orb  Time   Nit_occ  Time         Eelec          Etot           Ediff      maxdiff    MaxGrad_orb  Grad_occ
     1      10    1.0e+01    0    1.2e+01  -994.15183399  -919.27081693 -10993.15183399   0.000535   2.1e-03   2.4e-04 0.19
 
RESULTS OF THE OCCUPATION OPTIMIZATION
========================================
   1    1.9999232  -95.54190361
   2    1.9999231  -95.49143453
   3    1.9999908  -20.01974258
   4    1.9999903  -19.96964372
   5    1.9993454  -8.08911134
   6    1.9993369  -8.08727132
   7    1.9993100  -8.07973047
   8    1.9993146  -8.07947760
   9    1.9995658  -8.07585518
  10    1.9995597  -8.07511205
  11    1.9783491  -0.84489243
  12    1.9781726  -0.84004610
  13    1.9676341  -0.72305601
  14    1.9678256  -0.71813849
  15    1.9593392  -0.61614520
  16    1.9585343  -0.61021378
  17    1.8137570  -0.59385569
  18    0.1854439  -0.07773144
  19    0.0178815  -0.01108576
  20    0.0177504  -0.01113724
  21    0.0132043  -0.00957193
  22    0.0125191  -0.00916061
  23    0.0119701  -0.00908927
  24    0.0120623  -0.00904456
  25    0.0002245  -0.00243074
  26    0.0002228  -0.00242252
  27    0.0001993  -0.00242121
  28    0.0002037  -0.00249232
  29    0.0003235  -0.00354984
  30    0.0003263  -0.00357180
  31    0.0000021  -0.00002021
  32    0.0000020  -0.00002056
  33    0.0000492  -0.00827075
  34    0.0000491  -0.00825875
  35    0.0005995  -0.00067702
  36    0.0159463  -0.00977264
  37    0.0153018  -0.00964296
  38    0.0105833  -0.00783157
  39    0.0115681  -0.00837716
  40    0.0068623  -0.00552517
  41    0.0064652  -0.00522247
  42    0.0002019  -0.00238286
  43    0.0001977  -0.00232891
  44    0.0001939  -0.00213588
  45    0.0001982  -0.00216027
  46    0.0001793  -0.00194750
  47    0.0001696  -0.00185304
  48    0.0000016  -0.00001822
  49    0.0000014  -0.00001654
  50    0.0000095  -0.00109018
  51    0.0000095  -0.00109139
  52    0.0000578  -0.00009149
  53    0.0066680  -0.00465574
  54    0.0066916  -0.00473621
  55    0.0066567  -0.00525092
  56    0.0066086  -0.00518833
  57    0.0009035  -0.00116032
  58    0.0010331  -0.00131309
  59    0.0000044  -0.00005387
  60    0.0000037  -0.00005110
  61    0.0001441  -0.00159916
  62    0.0001426  -0.00159023
  63    0.0001487  -0.00161195
  64    0.0001476  -0.00160155
  65    0.0000013  -0.00001427
  66    0.0000013  -0.00001450
  67    0.0000083  -0.00094953
  68    0.0000083  -0.00094942
  69    0.0000540  -0.00008957
  70    0.0004541  -0.00060105
  71    0.0005602  -0.00069999
  72    0.0008193  -0.00109145
  73    0.0008315  -0.00112903
  74    0.0007031  -0.00096855
  75    0.0007555  -0.00103213
  76    0.0000030  -0.00003174
  77    0.0000029  -0.00002949
  78    0.0001393  -0.00155590
  79    0.0001376  -0.00154632
  80    0.0000041  -0.00004774
  81    0.0000041  -0.00004399
  82    0.0000013  -0.00001321
  83    0.0000012  -0.00001279
  84    0.0000082  -0.00093836
  85    0.0000082  -0.00093657
  86    0.0000367  -0.00007831
  87    0.0002710  -0.00039789
  88    0.0002014  -0.00031039
  89    0.0004372  -0.00061670
  90    0.0004362  -0.00061591
  91    0.0006295  -0.00088848
  92    0.0006402  -0.00090302
  93    0.0000025  -0.00002825
  94    0.0000028  -0.00002805
  95    0.0000041  -0.00004909
  96    0.0000039  -0.00004909
  97    0.0000027  -0.00002935
  98    0.0000031  -0.00003091
  99    0.0000012  -0.00001252
 100    0.0000012  -0.00001357
 101    0.0000014  -0.00043342
 102    0.0000014  -0.00043269
 103    0.0000273  -0.00006045
 104    0.0001916  -0.00023483
 105    0.0000953  -0.00017158
 106    0.0003030  -0.00046429
 107    0.0003209  -0.00048770
 108    0.0006077  -0.00086066
 109    0.0005743  -0.00082226
 110    0.0000021  -0.00002054
 111    0.0000023  -0.00002161
 112    0.0000027  -0.00002666
 113    0.0000022  -0.00002255
 114    0.0000026  -0.00002527
 115    0.0000020  -0.00002198
 116    0.0000012  -0.00001249
 117    0.0000011  -0.00001022
 118    0.0000002  -0.00000201
 119    0.0000001  -0.00000260
 120    0.0000238  -0.00005872
 121    0.0000532  -0.00012087
 122    0.0000601  -0.00013357
 123    0.0001706  -0.00024121
 124    0.0000816  -0.00015874
 125    0.0001512  -0.00027585
 126    0.0001203  -0.00020877
 127    0.0000019  -0.00001875
 128    0.0000020  -0.00001863
 129    0.0000020  -0.00001957
 130    0.0000019  -0.00001915
 131    0.0000021  -0.00002111
 132    0.0000018  -0.00001834
 133    0.0000009  -0.00001863
 134    0.0000008  -0.00001845
 135    0.0000001  -0.00000164
 136    0.0000001  -0.00000210
 
----------------
 Final Energies 
----------------
Final NOF Total Energy =    -919.2708169
 
Total Orbital Internal Iterations = 10
Total Occupation Internal Iterations = 0
 
Elapsed time:   28.47 Seconds

---------------------------------
   Lowdin Population Analysis    
---------------------------------
 Idx  Atom   Population   Charge 
---------------------------------
  1    Cl    17.000       0.000
  2    Cl    17.000      -0.000

---------------------------------
   M Diagnostic: 0.19
---------------------------------

