Computing Integrals
Basis Set                                            = def2-qzvp
Auxiliary Basis Set                                  = def2-universal-jkfit
Gaussian Type                                        = Spherical
Elapsed time:    1.61 Seconds

Number of basis functions                   (NBF)    = 100
Number of auxiliary basis functions         (NBFAUX) = 146
Inactive Doubly occupied orbitals up to     (NO1)    = 0
No. considered Strongly Doubly occupied MOs (NDOC)   = 9
No. considered Strongly Singly occupied MOs (NSOC)   = 0
NO. of Weakly occ. per St. Doubly occ.  MOs (NCWO)   = 10
Dimension of the Nat. Orb. subspace         (NBF5)   = 99
No. of electrons                                     = 18
    No. of alpha electrons                           = 9
    No. of beta electrons                            = 9
Multiplicity                                         = 1

Geometry
========
Cl       0.0000000       0.0000000      -0.6414757
 H       0.0000000       0.0000000       0.6414757

Orthonormality violations 4354, Maximum Violation 0.000110
Trying to orthonormalize
No violations of the orthonormality
No violations of the orthonormality
 
PNOF7/ADABelief Calculation
==================
 
  Nitext  Nit_orb  Time   Nit_occ  Time         Eelec          Etot           Ediff      maxdiff    MaxGrad_orb  Grad_occ
     1      10    9.7e+00    0    1.2e+01  -467.26220500  -460.25025305 -10466.26220500   0.000096   3.8e-04   1.2e-04 0.03
 
RESULTS OF THE OCCUPATION OPTIMIZATION
========================================
   1    1.9999324  -94.77983728
   2    1.9999945  -20.65866410
   3    1.9994192  -8.05248660
   4    1.9993214  -8.04659557
   5    1.9995570  -8.04348425
   6    1.9785317  -0.84590619
   7    1.9724357  -0.69552556
   8    1.9721111  -0.69212887
   9    1.9492808  -0.55089452
  10    0.0187114  -0.01084086
  11    0.0156316  -0.01034557
  12    0.0152925  -0.01020517
  13    0.0161544  -0.01293125
  14    0.0002309  -0.00265926
  15    0.0002025  -0.00236554
  16    0.0002576  -0.00301953
  17    0.0000036  -0.00004172
  18    0.0000496  -0.00828593
  19    0.0144696  -0.00849587
  20    0.0102108  -0.00756515
  21    0.0101173  -0.00752029
  22    0.0021096  -0.00251336
  23    0.0002001  -0.00227313
  24    0.0001799  -0.00227816
  25    0.0001738  -0.00195015
  26    0.0000011  -0.00000953
  27    0.0000086  -0.00097133
  28    0.0112669  -0.00684671
  29    0.0007526  -0.00101999
  30    0.0007647  -0.00102508
  31    0.0014167  -0.00184224
  32    0.0000051  -0.00004046
  33    0.0001386  -0.00157294
  34    0.0001412  -0.00157150
  35    0.0000001  -0.00000759
  36    0.0000073  -0.00087525
  37    0.0060732  -0.00411951
  38    0.0006188  -0.00083738
  39    0.0006006  -0.00083066
  40    0.0010942  -0.00149810
  41    0.0000023  -0.00002203
  42    0.0001360  -0.00154382
  43    0.0000023  -0.00002792
  44    0.0000001  -0.00000081
  45    0.0000014  -0.00044137
  46    0.0000506  -0.00007716
  47    0.0002564  -0.00036141
  48    0.0002471  -0.00034524
  49    0.0002114  -0.00035484
  50    0.0000017  -0.00001422
  51    0.0000148  -0.00035788
  52    0.0000015  -0.00001210
  53    0.0000001  -0.00000071
  54    0.0000002  -0.00000120
  55    0.0000369  -0.00005897
  56    0.0001703  -0.00028760
  57    0.0001961  -0.00032102
  58    0.0001848  -0.00033796
  59    0.0000009  -0.00000757
  60    0.0000023  -0.00002640
  61    0.0000012  -0.00000976
  62    0.0000001  -0.00000057
  63    0.0000001  -0.00000088
  64    0.0000336  -0.00005871
  65    0.0001193  -0.00018334
  66    0.0001557  -0.00023114
  67    0.0001017  -0.00019629
  68    0.0000006  -0.00000302
  69    0.0000017  -0.00001670
  70    0.0000012  -0.00000927
  71    0.0000001  -0.00000050
  72    0.0000001  -0.00000067
  73    0.0000319  -0.00005337
  74    0.0000817  -0.00012988
  75    0.0001082  -0.00016547
  76    0.0000722  -0.00015405
  77    0.0000006  -0.00000190
  78    0.0000010  -0.00000869
  79    0.0000008  -0.00000415
  80    0.0000001  -0.00000049
  81    0.0000001  -0.00000061
  82    0.0000290  -0.00004594
  83    0.0000335  -0.00009378
  84    0.0000476  -0.00010603
  85    0.0000660  -0.00015337
  86    0.0000004  -0.00000139
  87    0.0000009  -0.00000805
  88    0.0000007  -0.00000338
  89    0.0000001  -0.00000044
  90    0.0000001  -0.00000052
  91    0.0000161  -0.00004176
  92    0.0000141  -0.00005376
  93    0.0000344  -0.00008090
  94    0.0000574  -0.00012992
  95    0.0000004  -0.00000129
  96    0.0000009  -0.00000586
  97    0.0000006  -0.00000233
  98    0.0000001  -0.00000035
  99    0.0000001  -0.00000032
 
----------------
 Final Energies 
----------------
Final NOF Total Energy =    -460.2502531
 
Total Orbital Internal Iterations = 10
Total Occupation Internal Iterations = 0
 
Elapsed time:   28.62 Seconds

---------------------------------
   Lowdin Population Analysis    
---------------------------------
 Idx  Atom   Population   Charge 
---------------------------------
  1    Cl    16.632       0.368
  2     H     1.368      -0.368

---------------------------------
   M Diagnostic: 0.03
---------------------------------

