Computing Integrals
Basis Set                                            = def2-qzvp
Auxiliary Basis Set                                  = def2-universal-jkfit
Gaussian Type                                        = Spherical
Elapsed time:    1.62 Seconds

Number of basis functions                   (NBF)    = 100
Number of auxiliary basis functions         (NBFAUX) = 146
Inactive Doubly occupied orbitals up to     (NO1)    = 0
No. considered Strongly Doubly occupied MOs (NDOC)   = 9
No. considered Strongly Singly occupied MOs (NSOC)   = 0
NO. of Weakly occ. per St. Doubly occ.  MOs (NCWO)   = 10
Dimension of the Nat. Orb. subspace         (NBF5)   = 99
No. of electrons                                     = 18
    No. of alpha electrons                           = 9
    No. of beta electrons                            = 9
Multiplicity                                         = 1

Geometry
========
 H       0.0000000       0.0000000      -0.6357120
Cl       0.0000000       0.0000000       0.6357120

Orthonormality violations 2548, Maximum Violation 0.000051
Trying to orthonormalize
No violations of the orthonormality
No violations of the orthonormality
 
PNOF7/ADABelief Calculation
==================
 
  Nitext  Nit_orb  Time   Nit_occ  Time         Eelec          Etot           Ediff      maxdiff    MaxGrad_orb  Grad_occ
     1      10    9.7e+00    0    1.2e+01  -467.32557932  -460.25005287 -10466.32557932   0.000092   3.7e-04   1.4e-04 0.03
 
RESULTS OF THE OCCUPATION OPTIMIZATION
========================================
   1    1.9999321  -94.79227391
   2    1.9999948  -20.64794492
   3    1.9994293  -8.04819676
   4    1.9993059  -8.04818491
   5    1.9995643  -8.04326678
   6    1.9795932  -0.85396141
   7    1.9733244  -0.69873500
   8    1.9644046  -0.64682113
   9    1.9599902  -0.59230397
  10    0.0172748  -0.01043200
  11    0.0155032  -0.01006850
  12    0.0143192  -0.00977189
  13    0.0151111  -0.01236584
  14    0.0002238  -0.00254462
  15    0.0002306  -0.00279680
  16    0.0002346  -0.00280732
  17    0.0000044  -0.00004225
  18    0.0000495  -0.00828386
  19    0.0148290  -0.00927253
  20    0.0110917  -0.00792514
  21    0.0100609  -0.00753727
  22    0.0021415  -0.00255262
  23    0.0001845  -0.00229548
  24    0.0001873  -0.00207510
  25    0.0001880  -0.00206680
  26    0.0000003  -0.00000969
  27    0.0000083  -0.00094639
  28    0.0067922  -0.00474541
  29    0.0082088  -0.00601744
  30    0.0008027  -0.00106594
  31    0.0014009  -0.00182685
  32    0.0000153  -0.00037053
  33    0.0001382  -0.00155997
  34    0.0001398  -0.00156858
  35    0.0000001  -0.00000082
  36    0.0000082  -0.00094227
  37    0.0004940  -0.00061790
  38    0.0005124  -0.00065333
  39    0.0005949  -0.00083270
  40    0.0011183  -0.00153138
  41    0.0000025  -0.00002918
  42    0.0001312  -0.00150168
  43    0.0000034  -0.00003322
  44    0.0000001  -0.00000069
  45    0.0000014  -0.00043388
  46    0.0002978  -0.00041663
  47    0.0000910  -0.00015250
  48    0.0002926  -0.00039125
  49    0.0002091  -0.00035491
  50    0.0000023  -0.00002068
  51    0.0000027  -0.00003061
  52    0.0000014  -0.00001493
  53    0.0000001  -0.00000066
  54    0.0000001  -0.00000110
  55    0.0001450  -0.00019961
  56    0.0000606  -0.00011442
  57    0.0002488  -0.00038852
  58    0.0001433  -0.00030102
  59    0.0000018  -0.00001515
  60    0.0000010  -0.00000938
  61    0.0000009  -0.00000788
  62    0.0000001  -0.00000065
  63    0.0000001  -0.00000090
  64    0.0000656  -0.00011158
  65    0.0000503  -0.00009989
  66    0.0001316  -0.00019474
  67    0.0000992  -0.00020228
  68    0.0000016  -0.00001193
  69    0.0000008  -0.00000665
  70    0.0000008  -0.00000663
  71    0.0000001  -0.00000037
  72    0.0000001  -0.00000075
  73    0.0000552  -0.00008906
  74    0.0000369  -0.00008643
  75    0.0001127  -0.00017496
  76    0.0000694  -0.00015995
  77    0.0000015  -0.00001125
  78    0.0000008  -0.00000398
  79    0.0000007  -0.00000321
  80    0.0000001  -0.00000038
  81    0.0000001  -0.00000062
  82    0.0000342  -0.00006016
  83    0.0000327  -0.00007539
  84    0.0000683  -0.00012019
  85    0.0000668  -0.00016467
  86    0.0000013  -0.00000989
  87    0.0000007  -0.00000355
  88    0.0000006  -0.00000188
  89    0.0000001  -0.00000028
  90    0.0000001  -0.00000061
  91    0.0000222  -0.00004479
  92    0.0000077  -0.00003595
  93    0.0000439  -0.00007666
  94    0.0000472  -0.00011645
  95    0.0000011  -0.00000811
  96    0.0000007  -0.00000207
  97    0.0000005  -0.00000136
  98    0.0000001  -0.00000026
  99    0.0000001  -0.00000037
 
----------------
 Final Energies 
----------------
Final NOF Total Energy =    -460.2500529
 
Total Orbital Internal Iterations = 10
Total Occupation Internal Iterations = 0
 
Elapsed time:   28.50 Seconds

---------------------------------
   Lowdin Population Analysis    
---------------------------------
 Idx  Atom   Population   Charge 
---------------------------------
  1     H     1.384      -0.384
  2    Cl    16.616       0.384

---------------------------------
   M Diagnostic: 0.03
---------------------------------

