Computing Integrals
Basis Set                                            = def2-qzvp
Auxiliary Basis Set                                  = def2-universal-jkfit
Gaussian Type                                        = Spherical
Elapsed time:    4.08 Seconds

Number of basis functions                   (NBF)    = 244
Number of auxiliary basis functions         (NBFAUX) = 314
Inactive Doubly occupied orbitals up to     (NO1)    = 0
No. considered Strongly Doubly occupied MOs (NDOC)   = 16
No. considered Strongly Singly occupied MOs (NSOC)   = 0
NO. of Weakly occ. per St. Doubly occ.  MOs (NCWO)   = 14
Dimension of the Nat. Orb. subspace         (NBF5)   = 240
No. of electrons                                     = 32
    No. of alpha electrons                           = 16
    No. of beta electrons                            = 16
Multiplicity                                         = 1

Geometry
========
 H      -1.6666499       0.0000000      -0.7937658
 C      -0.6032500       0.0000000      -0.7937658
 C       0.6032500       0.0000000      -0.7937658
 H       1.6666499       0.0000000      -0.7937658
Ar       0.0000000       0.0000000       3.1750633

Orthonormality violations 74, Maximum Violation 0.000004
Trying to orthonormalize
No violations of the orthonormality
No violations of the orthonormality
 
PNOF7/ADABelief Calculation
==================
 
  Nitext  Nit_orb  Time   Nit_occ  Time         Eelec          Etot           Ediff      maxdiff    MaxGrad_orb  Grad_occ
     1      10    1.2e+01    0    1.2e+01  -661.61828375  -604.00220272 -10660.61828375   0.000096   3.9e-04   1.7e-04 0.14
 
RESULTS OF THE OCCUPATION OPTIMIZATION
========================================
   1    1.9999201  -109.94971929
   2    1.9999890  -20.72174147
   3    1.9992921  -11.21993525
   4    1.9992945  -11.21992139
   5    1.9996852  -9.83806678
   6    1.9995385  -9.57195423
   7    1.9996630  -9.56898803
   8    1.9825514  -0.98514257
   9    1.9877618  -0.88696373
  10    1.9819726  -0.82731274
  11    1.9636900  -0.76907429
  12    1.9636577  -0.76902678
  13    1.9743237  -0.76552703
  14    1.9662551  -0.64850091
  15    1.8546612  -0.42731993
  16    1.8539656  -0.42730141
  17    0.1341940  -0.04583466
  18    0.1329326  -0.04543007
  19    0.0160936  -0.01077672
  20    0.0097637  -0.00811595
  21    0.0244134  -0.01789826
  22    0.0244056  -0.01788576
  23    0.0091730  -0.00789735
  24    0.0092263  -0.00802869
  25    0.0095202  -0.00957523
  26    0.0001973  -0.00255858
  27    0.0001845  -0.00243077
  28    0.0001935  -0.00245955
  29    0.0004365  -0.00808513
  30    0.0004386  -0.00809588
  31    0.0000091  -0.00019671
  32    0.0000415  -0.00807778
  33    0.0069680  -0.00373227
  34    0.0068455  -0.00367267
  35    0.0114602  -0.00768026
  36    0.0085478  -0.00707145
  37    0.0049063  -0.00485928
  38    0.0048611  -0.00483299
  39    0.0070245  -0.00620923
  40    0.0008439  -0.00130221
  41    0.0048744  -0.00516674
  42    0.0001307  -0.00169947
  43    0.0001513  -0.00202213
  44    0.0001195  -0.00160033
  45    0.0001035  -0.00146320
  46    0.0001035  -0.00146251
  47    0.0000003  -0.00001194
  48    0.0000150  -0.00204007
  49    0.0043620  -0.00271819
  50    0.0044185  -0.00284067
  51    0.0054747  -0.00434032
  52    0.0066528  -0.00578259
  53    0.0027357  -0.00306506
  54    0.0027340  -0.00305826
  55    0.0006546  -0.00104799
  56    0.0006128  -0.00098112
  57    0.0008531  -0.00142404
  58    0.0000063  -0.00012542
  59    0.0001224  -0.00163813
  60    0.0000003  -0.00000451
  61    0.0000749  -0.00098180
  62    0.0000744  -0.00097663
  63    0.0000002  -0.00000259
  64    0.0000124  -0.00171658
  65    0.0002092  -0.00023578
  66    0.0007554  -0.00045238
  67    0.0004009  -0.00055303
  68    0.0004844  -0.00072271
  69    0.0026536  -0.00302065
  70    0.0026558  -0.00302120
  71    0.0005046  -0.00083300
  72    0.0005328  -0.00088058
  73    0.0008485  -0.00140672
  74    0.0000005  -0.00000699
  75    0.0000008  -0.00000852
  76    0.0000002  -0.00000274
  77    0.0000726  -0.00093534
  78    0.0000733  -0.00094085
  79    0.0000002  -0.00000195
  80    0.0000096  -0.00130092
  81    0.0001738  -0.00021364
  82    0.0001372  -0.00018816
  83    0.0001682  -0.00026599
  84    0.0000649  -0.00013909
  85    0.0005105  -0.00074762
  86    0.0004937  -0.00073304
  87    0.0003137  -0.00052635
  88    0.0003824  -0.00064394
  89    0.0002760  -0.00051510
  90    0.0000003  -0.00000400
  91    0.0000005  -0.00000692
  92    0.0000001  -0.00000119
  93    0.0000095  -0.00036394
  94    0.0000096  -0.00036566
  95    0.0000001  -0.00000125
  96    0.0000011  -0.00041230
  97    0.0000307  -0.00004123
  98    0.0000765  -0.00008978
  99    0.0000324  -0.00005487
 100    0.0000351  -0.00008916
 101    0.0004956  -0.00073194
 102    0.0004889  -0.00072270
 103    0.0001775  -0.00032980
 104    0.0002918  -0.00049494
 105    0.0002603  -0.00044191
 106    0.0000002  -0.00000350
 107    0.0000004  -0.00000539
 108    0.0000001  -0.00000093
 109    0.0000030  -0.00002987
 110    0.0000029  -0.00002912
 111    0.0000001  -0.00000107
 112    0.0000001  -0.00000057
 113    0.0000268  -0.00003528
 114    0.0000588  -0.00010015
 115    0.0000299  -0.00005865
 116    0.0000330  -0.00008162
 117    0.0001442  -0.00030288
 118    0.0001765  -0.00031395
 119    0.0000514  -0.00012355
 120    0.0001255  -0.00023317
 121    0.0002414  -0.00040703
 122    0.0000002  -0.00000268
 123    0.0000003  -0.00000351
 124    0.0000001  -0.00000080
 125    0.0000017  -0.00002090
 126    0.0000014  -0.00001898
 127    0.0000001  -0.00000083
 128    0.0000001  -0.00000027
 129    0.0000221  -0.00004177
 130    0.0000535  -0.00006274
 131    0.0000243  -0.00005336
 132    0.0000294  -0.00007118
 133    0.0001369  -0.00028174
 134    0.0001458  -0.00031816
 135    0.0000420  -0.00010641
 136    0.0000631  -0.00013614
 137    0.0001504  -0.00032510
 138    0.0000002  -0.00000252
 139    0.0000002  -0.00000321
 140    0.0000001  -0.00000086
 141    0.0000009  -0.00002603
 142    0.0000012  -0.00001711
 143    0.0000001  -0.00000079
 144    0.0000000  -0.00000030
 145    0.0000122  -0.00002737
 146    0.0000148  -0.00002048
 147    0.0000207  -0.00004550
 148    0.0000290  -0.00006377
 149    0.0001098  -0.00020869
 150    0.0001157  -0.00021263
 151    0.0000307  -0.00008841
 152    0.0000510  -0.00012696
 153    0.0001374  -0.00029688
 154    0.0000002  -0.00000223
 155    0.0000002  -0.00000216
 156    0.0000001  -0.00000064
 157    0.0000007  -0.00001448
 158    0.0000008  -0.00003135
 159    0.0000001  -0.00000079
 160    0.0000000  -0.00000025
 161    0.0000093  -0.00002104
 162    0.0000134  -0.00002019
 163    0.0000141  -0.00004565
 164    0.0000111  -0.00004166
 165    0.0000769  -0.00018454
 166    0.0000777  -0.00018516
 167    0.0000180  -0.00005477
 168    0.0000312  -0.00008925
 169    0.0001044  -0.00025747
 170    0.0000002  -0.00000226
 171    0.0000002  -0.00000212
 172    0.0000001  -0.00000066
 173    0.0000007  -0.00001572
 174    0.0000007  -0.00001221
 175    0.0000001  -0.00000068
 176    0.0000000  -0.00000016
 177    0.0000077  -0.00001904
 178    0.0000108  -0.00002343
 179    0.0000120  -0.00002779
 180    0.0000094  -0.00003481
 181    0.0000546  -0.00013481
 182    0.0000514  -0.00013243
 183    0.0000138  -0.00004635
 184    0.0000286  -0.00008262
 185    0.0000582  -0.00019179
 186    0.0000002  -0.00000211
 187    0.0000002  -0.00000172
 188    0.0000001  -0.00000062
 189    0.0000006  -0.00001866
 190    0.0000006  -0.00001842
 191    0.0000001  -0.00000069
 192    0.0000000  -0.00000014
 193    0.0000066  -0.00001702
 194    0.0000080  -0.00002040
 195    0.0000066  -0.00001880
 196    0.0000079  -0.00002708
 197    0.0000414  -0.00010587
 198    0.0000400  -0.00010466
 199    0.0000129  -0.00003888
 200    0.0000210  -0.00005950
 201    0.0000507  -0.00012619
 202    0.0000002  -0.00000205
 203    0.0000002  -0.00000154
 204    0.0000001  -0.00000058
 205    0.0000004  -0.00000601
 206    0.0000004  -0.00000542
 207    0.0000001  -0.00000061
 208    0.0000000  -0.00000011
 209    0.0000065  -0.00001573
 210    0.0000077  -0.00001735
 211    0.0000039  -0.00001253
 212    0.0000042  -0.00001718
 213    0.0000375  -0.00009806
 214    0.0000370  -0.00009746
 215    0.0000069  -0.00002601
 216    0.0000168  -0.00004932
 217    0.0000461  -0.00015539
 218    0.0000002  -0.00000184
 219    0.0000002  -0.00000144
 220    0.0000001  -0.00000059
 221    0.0000003  -0.00000412
 222    0.0000003  -0.00000491
 223    0.0000001  -0.00000050
 224    0.0000000  -0.00000011
 225    0.0000055  -0.00001487
 226    0.0000061  -0.00001567
 227    0.0000034  -0.00001209
 228    0.0000034  -0.00001270
 229    0.0000259  -0.00006649
 230    0.0000268  -0.00006719
 231    0.0000037  -0.00001300
 232    0.0000110  -0.00004118
 233    0.0000277  -0.00007667
 234    0.0000002  -0.00000126
 235    0.0000002  -0.00000118
 236    0.0000001  -0.00000055
 237    0.0000003  -0.00000693
 238    0.0000003  -0.00000664
 239    0.0000001  -0.00000041
 240    0.0000000  -0.00000011
 
----------------
 Final Energies 
----------------
Final NOF Total Energy =    -604.0022027
 
Total Orbital Internal Iterations = 10
Total Occupation Internal Iterations = 0
 
Elapsed time:   31.85 Seconds

---------------------------------
   Lowdin Population Analysis    
---------------------------------
 Idx  Atom   Population   Charge 
---------------------------------
  1     H     1.149      -0.149
  2     C     5.855       0.145
  3     C     5.855       0.145
  4     H     1.149      -0.149
  5    Ar    17.993       0.007

---------------------------------
   M Diagnostic: 0.14
---------------------------------

