Computing Integrals
Basis Set                                            = def2-qzvp
Auxiliary Basis Set                                  = def2-universal-jkfit
Gaussian Type                                        = Spherical
Elapsed time:    1.67 Seconds

Number of basis functions                   (NBF)    = 70
Number of auxiliary basis functions         (NBFAUX) = 128
Inactive Doubly occupied orbitals up to     (NO1)    = 0
No. considered Strongly Doubly occupied MOs (NDOC)   = 9
No. considered Strongly Singly occupied MOs (NSOC)   = 0
NO. of Weakly occ. per St. Doubly occ.  MOs (NCWO)   = 6
Dimension of the Nat. Orb. subspace         (NBF5)   = 63
No. of electrons                                     = 18
    No. of alpha electrons                           = 9
    No. of beta electrons                            = 9
Multiplicity                                         = 1

Geometry
========
Ar       0.0000000       0.0000000       0.0000000

No violations of the orthonormality
No violations of the orthonormality
 
PNOF7/ADABelief Calculation
==================
 
  Nitext  Nit_orb  Time   Nit_occ  Time         Eelec          Etot           Ediff      maxdiff    MaxGrad_orb  Grad_occ
     1      10    9.0e+00    0    1.2e+01  -526.93549915  -526.93549915 -10525.93549915   0.000086   3.5e-04   1.3e-04 0.02
 
RESULTS OF THE OCCUPATION OPTIMIZATION
========================================
   1    1.9999263  -109.69731355
   2    1.9999813  -21.08932119
   3    1.9996588  -9.67227101
   4    1.9996536  -9.64010417
   5    1.9994244  -9.57375653
   6    1.9880410  -0.89144542
   7    1.9819636  -0.82582633
   8    1.9750808  -0.77401951
   9    1.9670839  -0.65723600
  10    0.0157009  -0.01066045
  11    0.0095705  -0.00806340
  12    0.0093960  -0.00805923
  13    0.0093599  -0.00818486
  14    0.0001876  -0.00248705
  15    0.0001831  -0.00236031
  16    0.0001815  -0.00232710
  17    0.0000168  -0.00033479
  18    0.0000425  -0.00820655
  19    0.0109970  -0.00751682
  20    0.0084312  -0.00706438
  21    0.0071789  -0.00636602
  22    0.0008652  -0.00133781
  23    0.0001523  -0.00202885
  24    0.0001557  -0.00204158
  25    0.0001535  -0.00201761
  26    0.0000006  -0.00000974
  27    0.0000103  -0.00140269
  28    0.0056404  -0.00444693
  29    0.0062911  -0.00561027
  30    0.0006131  -0.00097733
  31    0.0005650  -0.00093110
  32    0.0001234  -0.00164373
  33    0.0000029  -0.00003678
  34    0.0000019  -0.00003117
  35    0.0000004  -0.00000823
  36    0.0000098  -0.00131724
  37    0.0003836  -0.00053945
  38    0.0004642  -0.00071320
  39    0.0004837  -0.00080809
  40    0.0005192  -0.00086035
  41    0.0001069  -0.00147493
  42    0.0000018  -0.00002229
  43    0.0000017  -0.00002134
  44    0.0000003  -0.00000735
  45    0.0000097  -0.00130413
  46    0.0001357  -0.00024817
  47    0.0001187  -0.00019865
  48    0.0002281  -0.00040658
  49    0.0003612  -0.00062146
  50    0.0000035  -0.00004173
  51    0.0000016  -0.00001618
  52    0.0000014  -0.00001596
  53    0.0000003  -0.00000732
  54    0.0000012  -0.00042246
  55    0.0000584  -0.00007553
  56    0.0000436  -0.00010773
  57    0.0001365  -0.00027639
  58    0.0002885  -0.00047858
  59    0.0000020  -0.00002082
  60    0.0000013  -0.00001431
  61    0.0000012  -0.00001373
  62    0.0000003  -0.00001234
  63    0.0000002  -0.00000576
 
----------------
 Final Energies 
----------------
Final NOF Total Energy =    -526.9354992
 
Total Orbital Internal Iterations = 10
Total Occupation Internal Iterations = 0
 
Elapsed time:   26.68 Seconds

---------------------------------
   Lowdin Population Analysis    
---------------------------------
 Idx  Atom   Population   Charge 
---------------------------------
  1    Ar    18.000      -0.000

---------------------------------
   M Diagnostic: 0.02
---------------------------------

