Computing Integrals
Basis Set                                            = def2-qzvp
Auxiliary Basis Set                                  = def2-universal-jkfit
Gaussian Type                                        = Spherical
Elapsed time:    1.62 Seconds

Number of basis functions                   (NBF)    = 70
Number of auxiliary basis functions         (NBFAUX) = 128
Inactive Doubly occupied orbitals up to     (NO1)    = 0
No. considered Strongly Doubly occupied MOs (NDOC)   = 6
No. considered Strongly Singly occupied MOs (NSOC)   = 1
NO. of Weakly occ. per St. Doubly occ.  MOs (NCWO)   = 10
Dimension of the Nat. Orb. subspace         (NBF5)   = 67
No. of electrons                                     = 13
    No. of alpha electrons                           = 7
    No. of beta electrons                            = 6
Multiplicity                                         = 2

Geometry
========
Al       0.0000000       0.0000000       0.0000000

No violations of the orthonormality
No violations of the orthonormality
 
PNOF7/ADABelief Calculation
==================
 
  Nitext  Nit_orb  Time   Nit_occ  Time         Eelec          Etot           Ediff      maxdiff    MaxGrad_orb  Grad_occ
     1      10    9.1e+00    0    1.2e+01  -241.98857481  -241.98857481 -10240.98857481   0.000097   3.9e-04   1.9e-04 0.13
 
RESULTS OF THE OCCUPATION OPTIMIZATION
========================================
   1    1.9999437  -58.40617193
   2    1.9980370  -3.68670446
   3    1.9980701  -3.68319032
   4    1.9980855  -3.66044888
   5    1.9979402  -3.62874105
   6    1.8223046  -0.39781391
   7    1.0000000  -0.12393551
   8    0.0804094  -0.02191347
   9    0.0014099  -0.00685392
  10    0.0015291  -0.00727010
  11    0.0013821  -0.00685435
  12    0.0015391  -0.00737517
  13    0.0000539  -0.00593960
  14    0.0799179  -0.02181791
  15    0.0003749  -0.00172091
  16    0.0002335  -0.00110828
  17    0.0002906  -0.00138538
  18    0.0002928  -0.00144578
  19    0.0000016  -0.00023781
  20    0.0063242  -0.00270999
  21    0.0002092  -0.00102863
  22    0.0001125  -0.00059248
  23    0.0001457  -0.00071935
  24    0.0000615  -0.00028950
  25    0.0000003  -0.00000322
  26    0.0043555  -0.00180502
  27    0.0000183  -0.00013241
  28    0.0000158  -0.00008868
  29    0.0000863  -0.00044529
  30    0.0000234  -0.00015607
  31    0.0000001  -0.00000174
  32    0.0041218  -0.00175614
  33    0.0000150  -0.00007131
  34    0.0000066  -0.00003858
  35    0.0000072  -0.00005148
  36    0.0000218  -0.00009832
  37    0.0000001  -0.00000127
  38    0.0009267  -0.00057516
  39    0.0000130  -0.00006692
  40    0.0000055  -0.00003230
  41    0.0000054  -0.00002527
  42    0.0000094  -0.00005428
  43    0.0000001  -0.00000113
  44    0.0009127  -0.00053629
  45    0.0000080  -0.00004756
  46    0.0000037  -0.00001922
  47    0.0000036  -0.00001837
  48    0.0000050  -0.00002564
  49    0.0000001  -0.00000078
  50    0.0003104  -0.00017379
  51    0.0000049  -0.00002610
  52    0.0000029  -0.00001444
  53    0.0000035  -0.00001703
  54    0.0000037  -0.00001984
  55    0.0000000  -0.00000075
  56    0.0002156  -0.00014230
  57    0.0000038  -0.00001765
  58    0.0000027  -0.00001155
  59    0.0000029  -0.00001329
  60    0.0000037  -0.00001887
  61    0.0000000  -0.00000063
  62    0.0002012  -0.00014056
  63    0.0000027  -0.00001231
  64    0.0000025  -0.00001006
  65    0.0000026  -0.00001087
  66    0.0000026  -0.00001070
  67    0.0000000  -0.00000046
 
----------------
 Final Energies 
----------------
Final NOF Total Energy =    -241.9885748
 
Total Orbital Internal Iterations = 10
Total Occupation Internal Iterations = 0
 
Elapsed time:   26.84 Seconds

---------------------------------
   Lowdin Population Analysis    
---------------------------------
 Idx  Atom   Population   Charge 
---------------------------------
  1    Al    13.000      -0.000

---------------------------------
   M Diagnostic: 0.13
---------------------------------

