Computing Integrals
Basis Set                                            = def2-qzvp
Auxiliary Basis Set                                  = def2-universal-jkfit
Gaussian Type                                        = Spherical
Elapsed time:    4.09 Seconds

Number of basis functions                   (NBF)    = 241
Number of auxiliary basis functions         (NBFAUX) = 359
Inactive Doubly occupied orbitals up to     (NO1)    = 0
No. considered Strongly Doubly occupied MOs (NDOC)   = 20
No. considered Strongly Singly occupied MOs (NSOC)   = 0
NO. of Weakly occ. per St. Doubly occ.  MOs (NCWO)   = 11
Dimension of the Nat. Orb. subspace         (NBF5)   = 240
No. of electrons                                     = 40
    No. of alpha electrons                           = 20
    No. of beta electrons                            = 20
Multiplicity                                         = 1

Geometry
========
Al       0.0000000       0.0000000       0.0000000
 F       0.0000000       1.6317660       0.0000000
 F       1.4131500      -0.8158830       0.0000000
 F      -1.4131500      -0.8158830       0.0000000

Orthonormality violations 8810, Maximum Violation 0.000025
Trying to orthonormalize
No violations of the orthonormality
No violations of the orthonormality
 
PNOF7/ADABelief Calculation
==================
 
  Nitext  Nit_orb  Time   Nit_occ  Time         Eelec          Etot           Ediff      maxdiff    MaxGrad_orb  Grad_occ
     1      10    2.3e+01    0    2.6e+01  -700.36181943  -541.03612608 -10699.36181943   0.000100   4.0e-04   3.1e-04 0.02
 
RESULTS OF THE OCCUPATION OPTIMIZATION
========================================
   1    1.9999448  -58.39537852
   2    1.9998293  -26.29075804
   3    1.9998340  -26.29043572
   4    1.9998337  -26.29027256
   5    1.9987366  -3.92745935
   6    1.9986206  -3.88407934
   7    1.9982440  -3.60967314
   8    1.9980097  -3.52970907
   9    1.9821939  -0.94520356
  10    1.9826113  -0.94460883
  11    1.9822252  -0.94298122
  12    1.9823424  -0.94141911
  13    1.9818532  -0.93348261
  14    1.9816197  -0.93056394
  15    1.9867820  -0.92735974
  16    1.9868807  -0.92725213
  17    1.9866781  -0.92536801
  18    1.9866588  -0.92269680
  19    1.9866044  -0.91959229
  20    1.9856177  -0.90995874
  21    0.0110469  -0.01328744
  22    0.0110874  -0.01331166
  23    0.0110453  -0.01331479
  24    0.0109525  -0.01323772
  25    0.0107825  -0.01309639
  26    0.0109134  -0.01319603
  27    0.0150534  -0.01658958
  28    0.0149913  -0.01662640
  29    0.0150793  -0.01674224
  30    0.0146786  -0.01649233
  31    0.0147174  -0.01649485
  32    0.0146439  -0.01644260
  33    0.0011838  -0.00604756
  34    0.0011992  -0.00616790
  35    0.0013294  -0.00679951
  36    0.0012332  -0.00653275
  37    0.0001614  -0.00704886
  38    0.0001606  -0.00703602
  39    0.0001611  -0.00703953
  40    0.0000532  -0.00593847
  41    0.0015652  -0.00281517
  42    0.0012442  -0.00242852
  43    0.0012582  -0.00244398
  44    0.0012626  -0.00243364
  45    0.0012015  -0.00240470
  46    0.0011141  -0.00228469
  47    0.0017629  -0.00284188
  48    0.0017096  -0.00279212
  49    0.0015137  -0.00254266
  50    0.0013085  -0.00229917
  51    0.0014232  -0.00244038
  52    0.0013292  -0.00232078
  53    0.0003356  -0.00168671
  54    0.0003155  -0.00160421
  55    0.0000423  -0.00030632
  56    0.0000101  -0.00010542
  57    0.0000023  -0.00018558
  58    0.0000021  -0.00017769
  59    0.0000053  -0.00014209
  60    0.0000015  -0.00022802
  61    0.0009951  -0.00197433
  62    0.0004636  -0.00113538
  63    0.0004278  -0.00108226
  64    0.0004051  -0.00105401
  65    0.0004128  -0.00105389
  66    0.0004812  -0.00113150
  67    0.0008951  -0.00162364
  68    0.0008257  -0.00157762
  69    0.0005799  -0.00133130
  70    0.0009661  -0.00177378
  71    0.0006144  -0.00135809
  72    0.0009181  -0.00168635
  73    0.0002257  -0.00114844
  74    0.0002165  -0.00110455
  75    0.0000010  -0.00000539
  76    0.0000028  -0.00002152
  77    0.0000008  -0.00002440
  78    0.0000014  -0.00003203
  79    0.0000024  -0.00018394
  80    0.0000002  -0.00000212
  81    0.0005279  -0.00118364
  82    0.0003707  -0.00097071
  83    0.0003584  -0.00095707
  84    0.0003606  -0.00095104
  85    0.0003781  -0.00098151
  86    0.0003443  -0.00093575
  87    0.0004148  -0.00106179
  88    0.0004436  -0.00111438
  89    0.0003113  -0.00082296
  90    0.0006152  -0.00141693
  91    0.0003314  -0.00086523
  92    0.0006137  -0.00139105
  93    0.0002211  -0.00111899
  94    0.0000170  -0.00011838
  95    0.0000010  -0.00000410
  96    0.0000026  -0.00000970
  97    0.0000005  -0.00001716
  98    0.0000008  -0.00002211
  99    0.0000006  -0.00001610
 100    0.0000001  -0.00000097
 101    0.0000935  -0.00029935
 102    0.0000921  -0.00031087
 103    0.0000875  -0.00030779
 104    0.0001115  -0.00032803
 105    0.0001136  -0.00032253
 106    0.0001008  -0.00031333
 107    0.0001001  -0.00030353
 108    0.0000923  -0.00028999
 109    0.0000963  -0.00028241
 110    0.0000808  -0.00025712
 111    0.0000864  -0.00027711
 112    0.0000786  -0.00026055
 113    0.0000147  -0.00010522
 114    0.0000027  -0.00000879
 115    0.0000009  -0.00000387
 116    0.0000023  -0.00000695
 117    0.0000004  -0.00001292
 118    0.0000003  -0.00000986
 119    0.0000004  -0.00001307
 120    0.0000000  -0.00000047
 121    0.0000711  -0.00026301
 122    0.0000394  -0.00016746
 123    0.0000641  -0.00023926
 124    0.0000879  -0.00030449
 125    0.0000880  -0.00030431
 126    0.0000833  -0.00029450
 127    0.0000585  -0.00022106
 128    0.0000359  -0.00014542
 129    0.0000346  -0.00016512
 130    0.0000691  -0.00020729
 131    0.0000776  -0.00025219
 132    0.0000715  -0.00024840
 133    0.0000039  -0.00001094
 134    0.0000015  -0.00000753
 135    0.0000009  -0.00000434
 136    0.0000023  -0.00000594
 137    0.0000003  -0.00001053
 138    0.0000002  -0.00000803
 139    0.0000003  -0.00000907
 140    0.0000000  -0.00000019
 141    0.0000281  -0.00013492
 142    0.0000336  -0.00016192
 143    0.0000320  -0.00014487
 144    0.0000661  -0.00026053
 145    0.0000765  -0.00027420
 146    0.0000741  -0.00027040
 147    0.0000508  -0.00017181
 148    0.0000165  -0.00008477
 149    0.0000120  -0.00006734
 150    0.0000202  -0.00009943
 151    0.0000537  -0.00017511
 152    0.0000617  -0.00020546
 153    0.0000014  -0.00000505
 154    0.0000011  -0.00000538
 155    0.0000008  -0.00000399
 156    0.0000022  -0.00000617
 157    0.0000002  -0.00000758
 158    0.0000002  -0.00000584
 159    0.0000002  -0.00000629
 160    0.0000000  -0.00000014
 161    0.0000237  -0.00011845
 162    0.0000260  -0.00012132
 163    0.0000275  -0.00012914
 164    0.0000364  -0.00015530
 165    0.0000265  -0.00013727
 166    0.0000605  -0.00021922
 167    0.0000239  -0.00008107
 168    0.0000116  -0.00006885
 169    0.0000109  -0.00005877
 170    0.0000150  -0.00007543
 171    0.0000438  -0.00012338
 172    0.0000477  -0.00014970
 173    0.0000012  -0.00000546
 174    0.0000010  -0.00000522
 175    0.0000008  -0.00000480
 176    0.0000022  -0.00000608
 177    0.0000001  -0.00000743
 178    0.0000001  -0.00000252
 179    0.0000002  -0.00000516
 180    0.0000000  -0.00000012
 181    0.0000179  -0.00009651
 182    0.0000183  -0.00009822
 183    0.0000187  -0.00009523
 184    0.0000188  -0.00010010
 185    0.0000215  -0.00010608
 186    0.0000261  -0.00011895
 187    0.0000088  -0.00004906
 188    0.0000076  -0.00004773
 189    0.0000082  -0.00004797
 190    0.0000083  -0.00004801
 191    0.0000252  -0.00008885
 192    0.0000280  -0.00009004
 193    0.0000011  -0.00000563
 194    0.0000006  -0.00000424
 195    0.0000008  -0.00000441
 196    0.0000020  -0.00000472
 197    0.0000001  -0.00000235
 198    0.0000001  -0.00001010
 199    0.0000002  -0.00000595
 200    0.0000000  -0.00000005
 201    0.0000076  -0.00006300
 202    0.0000147  -0.00008320
 203    0.0000140  -0.00008148
 204    0.0000130  -0.00007789
 205    0.0000106  -0.00006293
 206    0.0000140  -0.00007426
 207    0.0000065  -0.00004382
 208    0.0000075  -0.00004457
 209    0.0000062  -0.00004056
 210    0.0000071  -0.00004568
 211    0.0000090  -0.00005070
 212    0.0000092  -0.00005122
 213    0.0000009  -0.00000490
 214    0.0000005  -0.00000422
 215    0.0000008  -0.00000417
 216    0.0000019  -0.00000454
 217    0.0000001  -0.00000677
 218    0.0000001  -0.00000310
 219    0.0000001  -0.00000711
 220    0.0000000  -0.00000004
 221    0.0000052  -0.00003448
 222    0.0000056  -0.00003738
 223    0.0000077  -0.00003777
 224    0.0000075  -0.00004010
 225    0.0000077  -0.00004109
 226    0.0000064  -0.00003803
 227    0.0000054  -0.00003353
 228    0.0000052  -0.00003270
 229    0.0000052  -0.00003078
 230    0.0000059  -0.00003664
 231    0.0000066  -0.00003810
 232    0.0000047  -0.00003407
 233    0.0000007  -0.00000446
 234    0.0000004  -0.00000387
 235    0.0000007  -0.00000436
 236    0.0000017  -0.00000543
 237    0.0000000  -0.00000035
 238    0.0000000  -0.00000028
 239    0.0000001  -0.00000068
 240    0.0000000  -0.00000002
 
----------------
 Final Energies 
----------------
Final NOF Total Energy =    -541.0361261
 
Total Orbital Internal Iterations = 10
Total Occupation Internal Iterations = 0
 
Elapsed time:   67.54 Seconds

---------------------------------
   Lowdin Population Analysis    
---------------------------------
 Idx  Atom   Population   Charge 
---------------------------------
  1    Al    13.805      -0.805
  2     F     8.732       0.268
  3     F     8.732       0.268
  4     F     8.732       0.268

---------------------------------
   M Diagnostic: 0.02
---------------------------------

