Computing Integrals
Basis Set                                            = def2-qzvp
Auxiliary Basis Set                                  = def2-universal-jkfit
Gaussian Type                                        = Spherical
Elapsed time:    2.57 Seconds

Number of basis functions                   (NBF)    = 70
Number of auxiliary basis functions         (NBFAUX) = 128
Inactive Doubly occupied orbitals up to     (NO1)    = 0
No. considered Strongly Doubly occupied MOs (NDOC)   = 6
No. considered Strongly Singly occupied MOs (NSOC)   = 3
NO. of Weakly occ. per St. Doubly occ.  MOs (NCWO)   = 10
Dimension of the Nat. Orb. subspace         (NBF5)   = 69
No. of electrons                                     = 15
    No. of alpha electrons                           = 9
    No. of beta electrons                            = 6
Multiplicity                                         = 4

Geometry
========
 P       0.0000000       0.0000000       0.0000000

No violations of the orthonormality
No violations of the orthonormality
 
PNOF7/ADABelief Calculation
==================
 
  Nitext  Nit_orb  Time   Nit_occ  Time         Eelec          Etot           Ediff      maxdiff    MaxGrad_orb  Grad_occ
     1      10    2.1e+01    0    2.5e+01  -340.87784554  -340.87784554 -10339.87784554   0.000099   4.0e-04   1.6e-04 0.06
 
RESULTS OF THE OCCUPATION OPTIMIZATION
========================================
   1    1.9999615  -79.83284076
   2    1.9988506  -6.01790867
   3    1.9987601  -6.00747732
   4    1.9987082  -5.95593530
   5    1.9986076  -5.83613135
   6    1.8962318  -0.70875104
   7    1.0000000  -0.21929082
   8    1.0000000  -0.21928270
   9    1.0000000  -0.21924369
  10    0.0184771  -0.00933864
  11    0.0007514  -0.00598661
  12    0.0007900  -0.00623808
  13    0.0008243  -0.00637804
  14    0.0008309  -0.00640614
  15    0.0000365  -0.00558804
  16    0.0184569  -0.00932587
  17    0.0002325  -0.00175752
  18    0.0002125  -0.00166467
  19    0.0001958  -0.00159126
  20    0.0002011  -0.00162275
  21    0.0000010  -0.00024686
  22    0.0181394  -0.00921833
  23    0.0001762  -0.00133046
  24    0.0001412  -0.00107224
  25    0.0000837  -0.00069451
  26    0.0000630  -0.00052736
  27    0.0000002  -0.00000575
  28    0.0180398  -0.00905676
  29    0.0001598  -0.00123598
  30    0.0000543  -0.00039822
  31    0.0000630  -0.00043508
  32    0.0000179  -0.00016488
  33    0.0000001  -0.00000373
  34    0.0177893  -0.00899037
  35    0.0000265  -0.00028616
  36    0.0000316  -0.00022928
  37    0.0000248  -0.00017457
  38    0.0000086  -0.00005647
  39    0.0000001  -0.00000358
  40    0.0093779  -0.00489620
  41    0.0000179  -0.00014193
  42    0.0000202  -0.00014883
  43    0.0000184  -0.00014121
  44    0.0000070  -0.00004614
  45    0.0000001  -0.00000355
  46    0.0018161  -0.00119844
  47    0.0000083  -0.00005579
  48    0.0000162  -0.00014463
  49    0.0000092  -0.00010141
  50    0.0000062  -0.00003704
  51    0.0000001  -0.00000327
  52    0.0005634  -0.00055757
  53    0.0000079  -0.00005406
  54    0.0000094  -0.00005855
  55    0.0000083  -0.00005614
  56    0.0000052  -0.00002766
  57    0.0000001  -0.00000342
  58    0.0005549  -0.00055495
  59    0.0000065  -0.00004270
  60    0.0000085  -0.00005590
  61    0.0000075  -0.00005202
  62    0.0000049  -0.00002583
  63    0.0000001  -0.00000389
  64    0.0005534  -0.00055533
  65    0.0000054  -0.00003199
  66    0.0000079  -0.00005364
  67    0.0000049  -0.00002486
  68    0.0000045  -0.00002381
  69    0.0000001  -0.00000190
 
----------------
 Final Energies 
----------------
Final NOF Total Energy =    -340.8778455
 
Total Orbital Internal Iterations = 10
Total Occupation Internal Iterations = 0
 
Elapsed time:   61.01 Seconds

---------------------------------
   Lowdin Population Analysis    
---------------------------------
 Idx  Atom   Population   Charge 
---------------------------------
  1     P    15.000      -0.000

---------------------------------
   M Diagnostic: 0.06
---------------------------------

