Computing Integrals
Basis Set                                            = def2-qzvp
Auxiliary Basis Set                                  = def2-universal-jkfit
Gaussian Type                                        = Spherical
Elapsed time:    1.57 Seconds

Number of basis functions                   (NBF)    = 57
Number of auxiliary basis functions         (NBFAUX) = 77
Inactive Doubly occupied orbitals up to     (NO1)    = 0
No. considered Strongly Doubly occupied MOs (NDOC)   = 2
No. considered Strongly Singly occupied MOs (NSOC)   = 3
NO. of Weakly occ. per St. Doubly occ.  MOs (NCWO)   = 26
Dimension of the Nat. Orb. subspace         (NBF5)   = 57
No. of electrons                                     = 7
    No. of alpha electrons                           = 5
    No. of beta electrons                            = 2
Multiplicity                                         = 4

Geometry
========
 N       0.0000000       0.0000000       0.0000000

No violations of the orthonormality
No violations of the orthonormality
 
PNOF7/ADABelief Calculation
==================
 
  Nitext  Nit_orb  Time   Nit_occ  Time         Eelec          Etot           Ediff      maxdiff    MaxGrad_orb  Grad_occ
     1      10    8.9e+00    0    1.2e+01   -54.53781882   -54.53781882 -10053.53781882   0.000883   3.5e-03   1.1e-04 0.04
 
RESULTS OF THE OCCUPATION OPTIMIZATION
========================================
   1    1.9994431  -15.62640145
   2    1.9408912  -0.98940395
   3    1.0000000  -0.31342104
   4    1.0000000  -0.31339196
   5    1.0000000  -0.31332667
   6    0.0124370  -0.00809191
   7    0.0003453  -0.00836666
   8    0.0070918  -0.00477837
   9    0.0000577  -0.00098697
  10    0.0069850  -0.00475493
  11    0.0000573  -0.00097208
  12    0.0059608  -0.00459565
  13    0.0000531  -0.00093673
  14    0.0051304  -0.00460814
  15    0.0000085  -0.00038525
  16    0.0048019  -0.00466434
  17    0.0000028  -0.00005070
  18    0.0047486  -0.00466762
  19    0.0000026  -0.00004896
  20    0.0047409  -0.00466822
  21    0.0000023  -0.00004527
  22    0.0047231  -0.00466857
  23    0.0000021  -0.00004398
  24    0.0002194  -0.00042110
  25    0.0000020  -0.00003840
  26    0.0002107  -0.00041981
  27    0.0000018  -0.00003226
  28    0.0002093  -0.00041928
  29    0.0000018  -0.00002915
  30    0.0002081  -0.00041757
  31    0.0000017  -0.00002902
  32    0.0002076  -0.00041782
  33    0.0000017  -0.00002744
  34    0.0002062  -0.00041559
  35    0.0000016  -0.00002815
  36    0.0002020  -0.00041068
  37    0.0000016  -0.00002713
  38    0.0001846  -0.00035614
  39    0.0000015  -0.00002614
  40    0.0001789  -0.00035168
  41    0.0000015  -0.00002690
  42    0.0001740  -0.00034187
  43    0.0000015  -0.00002613
  44    0.0001730  -0.00034276
  45    0.0000015  -0.00002484
  46    0.0001565  -0.00032969
  47    0.0000014  -0.00002456
  48    0.0000767  -0.00005878
  49    0.0000014  -0.00002478
  50    0.0000389  -0.00004929
  51    0.0000014  -0.00002374
  52    0.0000165  -0.00004562
  53    0.0000012  -0.00000757
  54    0.0000149  -0.00004610
  55    0.0000010  -0.00000612
  56    0.0000118  -0.00004587
  57    0.0000004  -0.00003718
 
----------------
 Final Energies 
----------------
Final NOF Total Energy =     -54.5378188
 
Total Orbital Internal Iterations = 10
Total Occupation Internal Iterations = 0
 
Elapsed time:   26.49 Seconds

---------------------------------
   Lowdin Population Analysis    
---------------------------------
 Idx  Atom   Population   Charge 
---------------------------------
  1     N     7.000       0.000

---------------------------------
   M Diagnostic: 0.04
---------------------------------

