Computing Integrals
Basis Set                                            = def2-qzvp
Auxiliary Basis Set                                  = def2-universal-jkfit
Gaussian Type                                        = Spherical
Elapsed time:    1.74 Seconds

Number of basis functions                   (NBF)    = 70
Number of auxiliary basis functions         (NBFAUX) = 128
Inactive Doubly occupied orbitals up to     (NO1)    = 0
No. considered Strongly Doubly occupied MOs (NDOC)   = 6
No. considered Strongly Singly occupied MOs (NSOC)   = 2
NO. of Weakly occ. per St. Doubly occ.  MOs (NCWO)   = 10
Dimension of the Nat. Orb. subspace         (NBF5)   = 68
No. of electrons                                     = 14
    No. of alpha electrons                           = 8
    No. of beta electrons                            = 6
Multiplicity                                         = 3

Geometry
========
Si       0.0000000       0.0000000       0.0000000

No violations of the orthonormality
No violations of the orthonormality
 
PNOF7/ADABelief Calculation
==================
 
  Nitext  Nit_orb  Time   Nit_occ  Time         Eelec          Etot           Ediff      maxdiff    MaxGrad_orb  Grad_occ
     1      10    9.1e+00    0    1.2e+01  -288.99497315  -288.99497315 -10287.99497315   0.000097   3.9e-04   2.1e-04 0.15
 
RESULTS OF THE OCCUPATION OPTIMIZATION
========================================
   1    1.9999540  -68.69212514
   2    1.9984784  -4.79537200
   3    1.9984745  -4.77710715
   4    1.9984711  -4.76069209
   5    1.9982050  -4.67794017
   6    1.8310915  -0.54273798
   7    1.0000000  -0.16964901
   8    1.0000000  -0.16964565
   9    0.1283073  -0.04009982
  10    0.0011455  -0.00705308
  11    0.0011274  -0.00689705
  12    0.0011477  -0.00711621
  13    0.0010736  -0.00677164
  14    0.0000439  -0.00572788
  15    0.0130058  -0.00657757
  16    0.0003050  -0.00186569
  17    0.0001880  -0.00121764
  18    0.0002669  -0.00168206
  19    0.0002383  -0.00151039
  20    0.0000013  -0.00023954
  21    0.0128790  -0.00648504
  22    0.0001953  -0.00121578
  23    0.0001221  -0.00082252
  24    0.0000744  -0.00045789
  25    0.0000826  -0.00052814
  26    0.0000003  -0.00000433
  27    0.0044443  -0.00228217
  28    0.0000894  -0.00065619
  29    0.0000383  -0.00023557
  30    0.0000109  -0.00009524
  31    0.0000409  -0.00026243
  32    0.0000001  -0.00000293
  33    0.0044084  -0.00226729
  34    0.0000255  -0.00020008
  35    0.0000239  -0.00013370
  36    0.0000069  -0.00003589
  37    0.0000270  -0.00015220
  38    0.0000001  -0.00000233
  39    0.0028379  -0.00151544
  40    0.0000116  -0.00008959
  41    0.0000104  -0.00006860
  42    0.0000052  -0.00003014
  43    0.0000210  -0.00012652
  44    0.0000001  -0.00000170
  45    0.0010855  -0.00079233
  46    0.0000071  -0.00003965
  47    0.0000066  -0.00005063
  48    0.0000039  -0.00002451
  49    0.0000129  -0.00008733
  50    0.0000001  -0.00000162
  51    0.0007968  -0.00062517
  52    0.0000063  -0.00003706
  53    0.0000044  -0.00002732
  54    0.0000035  -0.00001557
  55    0.0000106  -0.00006215
  56    0.0000001  -0.00000152
  57    0.0005782  -0.00048934
  58    0.0000051  -0.00002885
  59    0.0000041  -0.00002433
  60    0.0000031  -0.00001390
  61    0.0000075  -0.00004624
  62    0.0000001  -0.00000144
  63    0.0005652  -0.00048130
  64    0.0000042  -0.00002451
  65    0.0000037  -0.00001562
  66    0.0000030  -0.00001323
  67    0.0000072  -0.00005032
  68    0.0000001  -0.00000122
 
----------------
 Final Energies 
----------------
Final NOF Total Energy =    -288.9949732
 
Total Orbital Internal Iterations = 10
Total Occupation Internal Iterations = 0
 
Elapsed time:   26.78 Seconds

---------------------------------
   Lowdin Population Analysis    
---------------------------------
 Idx  Atom   Population   Charge 
---------------------------------
  1    Si    14.000      -0.000

---------------------------------
   M Diagnostic: 0.15
---------------------------------

