Computing Integrals
Basis Set                                            = def2-qzvp
Auxiliary Basis Set                                  = def2-universal-jkfit
Gaussian Type                                        = Spherical
Elapsed time:    1.54 Seconds

Number of basis functions                   (NBF)    = 57
Number of auxiliary basis functions         (NBFAUX) = 75
Inactive Doubly occupied orbitals up to     (NO1)    = 0
No. considered Strongly Doubly occupied MOs (NDOC)   = 2
No. considered Strongly Singly occupied MOs (NSOC)   = 2
NO. of Weakly occ. per St. Doubly occ.  MOs (NCWO)   = 26
Dimension of the Nat. Orb. subspace         (NBF5)   = 56
No. of electrons                                     = 6
    No. of alpha electrons                           = 4
    No. of beta electrons                            = 2
Multiplicity                                         = 3

Geometry
========
 C       0.0000000       0.0000000       0.0000000

No violations of the orthonormality
No violations of the orthonormality
 
PNOF7/ADABelief Calculation
==================
 
  Nitext  Nit_orb  Time   Nit_occ  Time         Eelec          Etot           Ediff      maxdiff    MaxGrad_orb  Grad_occ
     1      10    9.0e+00    0    1.2e+01   -37.82513555   -37.82513555 -10036.82513555   0.000100   4.0e-04   1.3e-04 0.17
 
RESULTS OF THE OCCUPATION OPTIMIZATION
========================================
   1    1.9992144  -11.30441085
   2    1.8205969  -0.71854706
   3    1.0000000  -0.24246759
   4    1.0000000  -0.24246355
   5    0.1541450  -0.06037773
   6    0.0004838  -0.00865132
   7    0.0049526  -0.00391672
   8    0.0001197  -0.00144027
   9    0.0042241  -0.00326806
  10    0.0000674  -0.00084013
  11    0.0041505  -0.00324440
  12    0.0000649  -0.00082181
  13    0.0038270  -0.00383765
  14    0.0000121  -0.00042150
  15    0.0038038  -0.00383606
  16    0.0000047  -0.00006292
  17    0.0011839  -0.00119618
  18    0.0000045  -0.00004839
  19    0.0011818  -0.00119511
  20    0.0000029  -0.00003916
  21    0.0006050  -0.00064033
  22    0.0000026  -0.00003615
  23    0.0002217  -0.00037396
  24    0.0000023  -0.00002824
  25    0.0002182  -0.00037285
  26    0.0000018  -0.00002097
  27    0.0001184  -0.00019398
  28    0.0000017  -0.00002076
  29    0.0001123  -0.00019239
  30    0.0000016  -0.00001940
  31    0.0001005  -0.00017440
  32    0.0000015  -0.00001850
  33    0.0000955  -0.00017765
  34    0.0000014  -0.00001600
  35    0.0000884  -0.00012786
  36    0.0000014  -0.00001604
  37    0.0000776  -0.00012405
  38    0.0000013  -0.00001646
  39    0.0000622  -0.00010176
  40    0.0000012  -0.00001489
  41    0.0000506  -0.00006684
  42    0.0000012  -0.00001502
  43    0.0000497  -0.00005650
  44    0.0000012  -0.00001353
  45    0.0000458  -0.00005625
  46    0.0000012  -0.00001329
  47    0.0000227  -0.00004991
  48    0.0000012  -0.00002821
  49    0.0000210  -0.00004995
  50    0.0000011  -0.00001030
  51    0.0000173  -0.00003442
  52    0.0000011  -0.00000398
  53    0.0000147  -0.00003307
  54    0.0000010  -0.00000382
  55    0.0000129  -0.00003298
  56    0.0000009  -0.00003515
 
----------------
 Final Energies 
----------------
Final NOF Total Energy =     -37.8251356
 
Total Orbital Internal Iterations = 10
Total Occupation Internal Iterations = 0
 
Elapsed time:   26.75 Seconds

---------------------------------
   Lowdin Population Analysis    
---------------------------------
 Idx  Atom   Population   Charge 
---------------------------------
  1     C     6.000      -0.000

---------------------------------
   M Diagnostic: 0.17
---------------------------------

