Computing Integrals
Basis Set                                            = def2-qzvp
Auxiliary Basis Set                                  = def2-universal-jkfit
Gaussian Type                                        = Spherical
Elapsed time:    1.82 Seconds

Number of basis functions                   (NBF)    = 117
Number of auxiliary basis functions         (NBFAUX) = 113
Inactive Doubly occupied orbitals up to     (NO1)    = 0
No. considered Strongly Doubly occupied MOs (NDOC)   = 5
No. considered Strongly Singly occupied MOs (NSOC)   = 0
NO. of Weakly occ. per St. Doubly occ.  MOs (NCWO)   = 22
Dimension of the Nat. Orb. subspace         (NBF5)   = 115
No. of electrons                                     = 10
    No. of alpha electrons                           = 5
    No. of beta electrons                            = 5
Multiplicity                                         = 1

Geometry
========
 O       0.0000000       0.0000000      -0.3893611
 H       0.7629844       0.0000000       0.1946806
 H      -0.7629844       0.0000000       0.1946806

Orthonormality violations 8253, Maximum Violation 0.000070
Trying to orthonormalize
No violations of the orthonormality
No violations of the orthonormality
 
PNOF7/ADABelief Calculation
==================
 
  Nitext  Nit_orb  Time   Nit_occ  Time         Eelec          Etot           Ediff      maxdiff    MaxGrad_orb  Grad_occ
     1      10    9.8e+00    0    1.2e+01   -85.36028682   -76.20178838 -10084.36028682   0.000095   3.8e-04   1.5e-04 0.03
 
RESULTS OF THE OCCUPATION OPTIMIZATION
========================================
   1    1.9997081  -20.56995531
   2    1.9697051  -0.89608045
   3    1.9696125  -0.89607669
   4    1.9828581  -0.74919073
   5    1.9826794  -0.74838989
   6    0.0137403  -0.01298876
   7    0.0136814  -0.01295943
   8    0.0249868  -0.02281984
   9    0.0248849  -0.02279682
  10    0.0002241  -0.00758952
  11    0.0013379  -0.00215120
  12    0.0012351  -0.00205428
  13    0.0028453  -0.00386638
  14    0.0029194  -0.00392445
  15    0.0000327  -0.00078173
  16    0.0008099  -0.00140318
  17    0.0007971  -0.00138465
  18    0.0011610  -0.00181457
  19    0.0011439  -0.00180521
  20    0.0000227  -0.00055817
  21    0.0007602  -0.00136329
  22    0.0007730  -0.00136962
  23    0.0010319  -0.00168482
  24    0.0010246  -0.00167813
  25    0.0000070  -0.00018416
  26    0.0001682  -0.00037629
  27    0.0001613  -0.00036894
  28    0.0000912  -0.00022097
  29    0.0000738  -0.00019023
  30    0.0000034  -0.00023198
  31    0.0001477  -0.00037207
  32    0.0001401  -0.00036262
  33    0.0000704  -0.00018237
  34    0.0000626  -0.00017868
  35    0.0000003  -0.00000250
  36    0.0001331  -0.00034739
  37    0.0001202  -0.00032910
  38    0.0000441  -0.00011767
  39    0.0000393  -0.00011101
  40    0.0000002  -0.00001239
  41    0.0000965  -0.00030412
  42    0.0000957  -0.00030317
  43    0.0000386  -0.00009280
  44    0.0000365  -0.00008976
  45    0.0000001  -0.00000162
  46    0.0000487  -0.00018190
  47    0.0000548  -0.00019462
  48    0.0000349  -0.00008598
  49    0.0000274  -0.00008375
  50    0.0000001  -0.00000092
  51    0.0000191  -0.00005145
  52    0.0000147  -0.00004564
  53    0.0000179  -0.00006367
  54    0.0000208  -0.00006487
  55    0.0000001  -0.00000071
  56    0.0000129  -0.00003883
  57    0.0000119  -0.00003741
  58    0.0000146  -0.00005452
  59    0.0000135  -0.00005367
  60    0.0000001  -0.00000065
  61    0.0000096  -0.00003419
  62    0.0000092  -0.00003415
  63    0.0000106  -0.00003815
  64    0.0000101  -0.00003849
  65    0.0000001  -0.00000065
  66    0.0000063  -0.00002827
  67    0.0000084  -0.00002794
  68    0.0000070  -0.00003704
  69    0.0000076  -0.00003745
  70    0.0000001  -0.00000060
  71    0.0000053  -0.00002502
  72    0.0000079  -0.00002844
  73    0.0000061  -0.00002453
  74    0.0000065  -0.00002438
  75    0.0000001  -0.00000066
  76    0.0000047  -0.00002337
  77    0.0000060  -0.00002588
  78    0.0000056  -0.00002228
  79    0.0000049  -0.00002001
  80    0.0000001  -0.00000053
  81    0.0000041  -0.00001833
  82    0.0000054  -0.00002276
  83    0.0000054  -0.00001659
  84    0.0000041  -0.00001410
  85    0.0000001  -0.00000050
  86    0.0000038  -0.00001456
  87    0.0000041  -0.00001794
  88    0.0000045  -0.00001434
  89    0.0000036  -0.00000895
  90    0.0000001  -0.00000055
  91    0.0000033  -0.00001065
  92    0.0000040  -0.00001356
  93    0.0000029  -0.00000869
  94    0.0000030  -0.00000763
  95    0.0000001  -0.00000048
  96    0.0000030  -0.00000884
  97    0.0000035  -0.00000788
  98    0.0000027  -0.00000592
  99    0.0000026  -0.00000598
 100    0.0000001  -0.00000049
 101    0.0000023  -0.00000300
 102    0.0000030  -0.00000784
 103    0.0000026  -0.00000656
 104    0.0000024  -0.00000458
 105    0.0000001  -0.00000047
 106    0.0000022  -0.00000024
 107    0.0000026  -0.00000327
 108    0.0000022  -0.00000494
 109    0.0000018  -0.00000260
 110    0.0000001  -0.00000108
 111    0.0000017  -0.00000053
 112    0.0000024  -0.00000221
 113    0.0000015  -0.00000219
 114    0.0000017  -0.00000233
 115    0.0000001  -0.00000074
 
----------------
 Final Energies 
----------------
Final NOF Total Energy =     -76.2017884
 
Total Orbital Internal Iterations = 10
Total Occupation Internal Iterations = 0
 
Elapsed time:   29.15 Seconds

---------------------------------
   Lowdin Population Analysis    
---------------------------------
 Idx  Atom   Population   Charge 
---------------------------------
  1     O     7.348       0.652
  2     H     1.326      -0.326
  3     H     1.326      -0.326

---------------------------------
   M Diagnostic: 0.03
---------------------------------

