Computing Integrals
Basis Set                                            = def2-qzvp
Auxiliary Basis Set                                  = def2-universal-jkfit
Gaussian Type                                        = Spherical
Elapsed time:    3.05 Seconds

Number of basis functions                   (NBF)    = 231
Number of auxiliary basis functions         (NBFAUX) = 265
Inactive Doubly occupied orbitals up to     (NO1)    = 0
No. considered Strongly Doubly occupied MOs (NDOC)   = 12
No. considered Strongly Singly occupied MOs (NSOC)   = 0
NO. of Weakly occ. per St. Doubly occ.  MOs (NCWO)   = 18
Dimension of the Nat. Orb. subspace         (NBF5)   = 228
No. of electrons                                     = 24
    No. of alpha electrons                           = 12
    No. of beta electrons                            = 12
Multiplicity                                         = 1

Geometry
========
 C       0.0000000       0.0000000       0.4897580
 H       0.0000000       0.0000000       1.5767760
 H       0.0000000       0.0000000      -1.0189300
 O       0.0000000       1.0474770      -0.2185250
 O       0.0000000      -1.0474770      -0.2185250

No violations of the orthonormality
No violations of the orthonormality
 
PNOF7/ADABelief Calculation
==================
 
  Nitext  Nit_orb  Time   Nit_occ  Time         Eelec          Etot           Ediff      maxdiff    MaxGrad_orb  Grad_occ
     1      10    1.1e+01    0    1.2e+01  -261.14623069  -189.07895993 -10260.14623069   0.000498   2.0e-03   1.4e-04 0.10
 
RESULTS OF THE OCCUPATION OPTIMIZATION
========================================
   1    1.9997336  -20.61650830
   2    1.9997447  -20.58466316
   3    1.9993043  -11.39370259
   4    1.9743028  -1.09150143
   5    1.9771775  -1.09083215
   6    1.9838464  -0.91166749
   7    1.9831087  -0.85827525
   8    1.9838720  -0.80628991
   9    1.9838399  -0.80560758
  10    1.9698163  -0.80451072
  11    1.9490095  -0.67230807
  12    1.8987538  -0.57950491
  13    0.0973389  -0.04825833
  14    0.0449840  -0.02929916
  15    0.0198554  -0.01620378
  16    0.0130111  -0.01187246
  17    0.0129842  -0.01186579
  18    0.0128943  -0.01255163
  19    0.0106978  -0.01108808
  20    0.0187498  -0.02088738
  21    0.0216422  -0.02312079
  22    0.0004300  -0.00810275
  23    0.0002235  -0.00757101
  24    0.0002244  -0.00757992
  25    0.0033999  -0.00288977
  26    0.0030183  -0.00307913
  27    0.0037944  -0.00428821
  28    0.0013897  -0.00213054
  29    0.0013767  -0.00212061
  30    0.0015158  -0.00250085
  31    0.0021136  -0.00313361
  32    0.0019608  -0.00334886
  33    0.0025466  -0.00406226
  34    0.0000953  -0.00134752
  35    0.0000258  -0.00062292
  36    0.0000269  -0.00064491
  37    0.0002370  -0.00040777
  38    0.0020392  -0.00222378
  39    0.0034511  -0.00388393
  40    0.0006198  -0.00113905
  41    0.0006213  -0.00114167
  42    0.0009373  -0.00170902
  43    0.0017843  -0.00256794
  44    0.0010006  -0.00200210
  45    0.0006367  -0.00134055
  46    0.0000790  -0.00108649
  47    0.0000034  -0.00023392
  48    0.0000074  -0.00020282
  49    0.0001267  -0.00020903
  50    0.0005546  -0.00090113
  51    0.0019941  -0.00252720
  52    0.0005127  -0.00100329
  53    0.0005167  -0.00100469
  54    0.0006271  -0.00120644
  55    0.0007649  -0.00131798
  56    0.0008749  -0.00166435
  57    0.0006284  -0.00131572
  58    0.0000786  -0.00106124
  59    0.0000006  -0.00001313
  60    0.0000038  -0.00024593
  61    0.0000746  -0.00010442
  62    0.0001929  -0.00036555
  63    0.0002308  -0.00039225
  64    0.0001675  -0.00040572
  65    0.0001636  -0.00040171
  66    0.0002727  -0.00062398
  67    0.0001835  -0.00040664
  68    0.0000651  -0.00018803
  69    0.0000600  -0.00020158
  70    0.0000084  -0.00034712
  71    0.0000003  -0.00000314
  72    0.0000013  -0.00002433
  73    0.0000243  -0.00003342
  74    0.0000620  -0.00014950
  75    0.0001966  -0.00033640
  76    0.0001447  -0.00036799
  77    0.0001471  -0.00036679
  78    0.0002684  -0.00062807
  79    0.0001618  -0.00039990
  80    0.0000465  -0.00013711
  81    0.0000466  -0.00015846
  82    0.0000007  -0.00001464
  83    0.0000002  -0.00000542
  84    0.0000004  -0.00000446
  85    0.0000112  -0.00002785
  86    0.0000398  -0.00009403
  87    0.0001925  -0.00034141
  88    0.0001108  -0.00028520
  89    0.0001101  -0.00028422
  90    0.0001267  -0.00032067
  91    0.0001274  -0.00033259
  92    0.0000352  -0.00013841
  93    0.0000368  -0.00012632
  94    0.0000005  -0.00002461
  95    0.0000002  -0.00000325
  96    0.0000003  -0.00000290
  97    0.0000060  -0.00002518
  98    0.0000278  -0.00005148
  99    0.0001159  -0.00024425
 100    0.0000757  -0.00022918
 101    0.0000778  -0.00022847
 102    0.0000825  -0.00025659
 103    0.0000996  -0.00030351
 104    0.0000207  -0.00008549
 105    0.0000290  -0.00010274
 106    0.0000005  -0.00000521
 107    0.0000002  -0.00000080
 108    0.0000003  -0.00000185
 109    0.0000055  -0.00001854
 110    0.0000197  -0.00004368
 111    0.0000927  -0.00021341
 112    0.0000479  -0.00014086
 113    0.0000514  -0.00014917
 114    0.0000622  -0.00019642
 115    0.0000912  -0.00025298
 116    0.0000157  -0.00006285
 117    0.0000193  -0.00007476
 118    0.0000005  -0.00000524
 119    0.0000002  -0.00000098
 120    0.0000002  -0.00000222
 121    0.0000045  -0.00001601
 122    0.0000142  -0.00002822
 123    0.0000642  -0.00015910
 124    0.0000285  -0.00009751
 125    0.0000199  -0.00007342
 126    0.0000323  -0.00008875
 127    0.0000517  -0.00016572
 128    0.0000130  -0.00005650
 129    0.0000111  -0.00005467
 130    0.0000003  -0.00000349
 131    0.0000002  -0.00000131
 132    0.0000002  -0.00000179
 133    0.0000033  -0.00000788
 134    0.0000079  -0.00003328
 135    0.0000604  -0.00014480
 136    0.0000115  -0.00004505
 137    0.0000115  -0.00004519
 138    0.0000161  -0.00006715
 139    0.0000226  -0.00007384
 140    0.0000084  -0.00003890
 141    0.0000093  -0.00003911
 142    0.0000003  -0.00000241
 143    0.0000001  -0.00000088
 144    0.0000002  -0.00000204
 145    0.0000030  -0.00000632
 146    0.0000065  -0.00001880
 147    0.0000471  -0.00011858
 148    0.0000098  -0.00004056
 149    0.0000102  -0.00003921
 150    0.0000126  -0.00005957
 151    0.0000127  -0.00005808
 152    0.0000059  -0.00003092
 153    0.0000074  -0.00003229
 154    0.0000003  -0.00000200
 155    0.0000001  -0.00000531
 156    0.0000002  -0.00000209
 157    0.0000024  -0.00000475
 158    0.0000059  -0.00001955
 159    0.0000338  -0.00009141
 160    0.0000066  -0.00003361
 161    0.0000091  -0.00003573
 162    0.0000099  -0.00004923
 163    0.0000103  -0.00004357
 164    0.0000058  -0.00002782
 165    0.0000064  -0.00003386
 166    0.0000002  -0.00000147
 167    0.0000001  -0.00000307
 168    0.0000002  -0.00000376
 169    0.0000022  -0.00000625
 170    0.0000049  -0.00001524
 171    0.0000144  -0.00004130
 172    0.0000058  -0.00002979
 173    0.0000079  -0.00003392
 174    0.0000085  -0.00004349
 175    0.0000085  -0.00003789
 176    0.0000054  -0.00002650
 177    0.0000051  -0.00002716
 178    0.0000002  -0.00000145
 179    0.0000001  -0.00000083
 180    0.0000002  -0.00000099
 181    0.0000019  -0.00000523
 182    0.0000043  -0.00000561
 183    0.0000125  -0.00003748
 184    0.0000055  -0.00002819
 185    0.0000060  -0.00002870
 186    0.0000072  -0.00003615
 187    0.0000074  -0.00003698
 188    0.0000041  -0.00001709
 189    0.0000044  -0.00002324
 190    0.0000002  -0.00000118
 191    0.0000001  -0.00000052
 192    0.0000002  -0.00000426
 193    0.0000017  -0.00000427
 194    0.0000031  -0.00000793
 195    0.0000114  -0.00003608
 196    0.0000047  -0.00002204
 197    0.0000053  -0.00002280
 198    0.0000066  -0.00003306
 199    0.0000063  -0.00002696
 200    0.0000041  -0.00001747
 201    0.0000032  -0.00001550
 202    0.0000002  -0.00000104
 203    0.0000001  -0.00000056
 204    0.0000001  -0.00000350
 205    0.0000016  -0.00000438
 206    0.0000028  -0.00000753
 207    0.0000099  -0.00003369
 208    0.0000041  -0.00002094
 209    0.0000047  -0.00002301
 210    0.0000056  -0.00002799
 211    0.0000058  -0.00002533
 212    0.0000033  -0.00001325
 213    0.0000028  -0.00001078
 214    0.0000002  -0.00000101
 215    0.0000001  -0.00000047
 216    0.0000001  -0.00000109
 217    0.0000015  -0.00000356
 218    0.0000025  -0.00000634
 219    0.0000064  -0.00002320
 220    0.0000035  -0.00001029
 221    0.0000045  -0.00002157
 222    0.0000054  -0.00002723
 223    0.0000043  -0.00001979
 224    0.0000033  -0.00001312
 225    0.0000021  -0.00000781
 226    0.0000002  -0.00000079
 227    0.0000001  -0.00000046
 228    0.0000001  -0.00000119
 
----------------
 Final Energies 
----------------
Final NOF Total Energy =    -189.0789599
 
Total Orbital Internal Iterations = 10
Total Occupation Internal Iterations = 0
 
Elapsed time:   29.80 Seconds

---------------------------------
   Lowdin Population Analysis    
---------------------------------
 Idx  Atom   Population   Charge 
---------------------------------
  1     C     6.491      -0.491
  2     H     1.085      -0.085
  3     H     1.199      -0.199
  4     O     7.573       0.427
  5     O     7.652       0.348

---------------------------------
   M Diagnostic: 0.10
---------------------------------

