Computing Integrals
Basis Set                                            = def2-qzvp
Auxiliary Basis Set                                  = def2-universal-jkfit
Gaussian Type                                        = Spherical
Elapsed time:    2.59 Seconds

Number of basis functions                   (NBF)    = 231
Number of auxiliary basis functions         (NBFAUX) = 265
Inactive Doubly occupied orbitals up to     (NO1)    = 0
No. considered Strongly Doubly occupied MOs (NDOC)   = 12
No. considered Strongly Singly occupied MOs (NSOC)   = 0
NO. of Weakly occ. per St. Doubly occ.  MOs (NCWO)   = 18
Dimension of the Nat. Orb. subspace         (NBF5)   = 228
No. of electrons                                     = 24
    No. of alpha electrons                           = 12
    No. of beta electrons                            = 12
Multiplicity                                         = 1

Geometry
========
 C       0.0000000       0.4210350       0.0000000
 H      -0.3830630       1.4480420       0.0000000
 H      -0.6595560      -1.3436440       0.0000000
 O       1.1585180       0.1170880       0.0000000
 O      -1.0281910      -0.4459140       0.0000000

Orthonormality violations 27378, Maximum Violation 0.000119
Trying to orthonormalize
No violations of the orthonormality
No violations of the orthonormality
 
PNOF7/ADABelief Calculation
==================
 
  Nitext  Nit_orb  Time   Nit_occ  Time         Eelec          Etot           Ediff      maxdiff    MaxGrad_orb  Grad_occ
     1      10    1.1e+01    0    1.2e+01  -259.41261994  -189.17784360 -10258.41261994   0.000097   3.9e-04   1.6e-04 0.13
 
RESULTS OF THE OCCUPATION OPTIMIZATION
========================================
   1    1.9997202  -20.61190184
   2    1.9997122  -20.58763314
   3    1.9993039  -11.36342943
   4    1.9793355  -1.16918536
   5    1.9719215  -1.00348971
   6    1.9700911  -0.93530508
   7    1.9844472  -0.81202597
   8    1.9843378  -0.80886176
   9    1.9812654  -0.80079469
  10    1.9816407  -0.79904067
  11    1.9681234  -0.76748274
  12    1.8654827  -0.56652948
  13    0.1309912  -0.06064201
  14    0.0212776  -0.01667176
  15    0.0134461  -0.01267910
  16    0.0138374  -0.01300592
  17    0.0122416  -0.01182718
  18    0.0122121  -0.01185199
  19    0.0246569  -0.02309954
  20    0.0242835  -0.02421498
  21    0.0164281  -0.01946903
  22    0.0004365  -0.00816308
  23    0.0002242  -0.00754964
  24    0.0002229  -0.00757101
  25    0.0029936  -0.00255662
  26    0.0039103  -0.00426409
  27    0.0019412  -0.00295631
  28    0.0020079  -0.00303064
  29    0.0012975  -0.00210207
  30    0.0013191  -0.00213601
  31    0.0024517  -0.00354525
  32    0.0020635  -0.00323907
  33    0.0026226  -0.00438507
  34    0.0000873  -0.00121030
  35    0.0000269  -0.00064396
  36    0.0000301  -0.00072405
  37    0.0002063  -0.00024245
  38    0.0034191  -0.00374609
  39    0.0016675  -0.00252599
  40    0.0016351  -0.00249331
  41    0.0008149  -0.00138202
  42    0.0007363  -0.00131163
  43    0.0012620  -0.00197452
  44    0.0007703  -0.00145750
  45    0.0006940  -0.00147427
  46    0.0000859  -0.00122516
  47    0.0000221  -0.00052328
  48    0.0000207  -0.00051459
  49    0.0001429  -0.00018863
  50    0.0020860  -0.00254751
  51    0.0006042  -0.00110121
  52    0.0005514  -0.00106130
  53    0.0006955  -0.00125678
  54    0.0006681  -0.00123521
  55    0.0012117  -0.00193242
  56    0.0007115  -0.00140385
  57    0.0006489  -0.00140402
  58    0.0000724  -0.00094401
  59    0.0000090  -0.00021779
  60    0.0000033  -0.00022559
  61    0.0000814  -0.00009345
  62    0.0002871  -0.00047983
  63    0.0001929  -0.00048148
  64    0.0001984  -0.00046718
  65    0.0001422  -0.00036845
  66    0.0001669  -0.00039298
  67    0.0000799  -0.00021735
  68    0.0000708  -0.00018885
  69    0.0000690  -0.00025319
  70    0.0000086  -0.00035238
  71    0.0000040  -0.00025082
  72    0.0000008  -0.00001090
  73    0.0000477  -0.00004861
  74    0.0002235  -0.00038107
  75    0.0001609  -0.00043216
  76    0.0001753  -0.00042756
  77    0.0001245  -0.00033096
  78    0.0001345  -0.00034137
  79    0.0000551  -0.00017858
  80    0.0000656  -0.00015415
  81    0.0000546  -0.00018771
  82    0.0000018  -0.00001765
  83    0.0000003  -0.00000637
  84    0.0000005  -0.00000530
  85    0.0000168  -0.00000893
  86    0.0002010  -0.00033476
  87    0.0001208  -0.00031255
  88    0.0001036  -0.00028936
  89    0.0000981  -0.00028388
  90    0.0001125  -0.00031430
  91    0.0000548  -0.00012438
  92    0.0000346  -0.00012153
  93    0.0000377  -0.00013657
  94    0.0000010  -0.00001531
  95    0.0000002  -0.00000153
  96    0.0000003  -0.00000283
  97    0.0000114  -0.00000316
  98    0.0001161  -0.00024455
  99    0.0000845  -0.00028406
 100    0.0000794  -0.00024984
 101    0.0000839  -0.00025506
 102    0.0000699  -0.00025374
 103    0.0000314  -0.00010023
 104    0.0000179  -0.00006904
 105    0.0000280  -0.00011584
 106    0.0000006  -0.00002983
 107    0.0000001  -0.00001306
 108    0.0000002  -0.00000178
 109    0.0000065  -0.00001255
 110    0.0000881  -0.00020656
 111    0.0000803  -0.00025679
 112    0.0000506  -0.00019409
 113    0.0000757  -0.00021126
 114    0.0000550  -0.00017889
 115    0.0000262  -0.00007535
 116    0.0000133  -0.00005201
 117    0.0000178  -0.00007391
 118    0.0000003  -0.00000486
 119    0.0000001  -0.00000100
 120    0.0000001  -0.00001314
 121    0.0000061  -0.00000902
 122    0.0000788  -0.00016714
 123    0.0000099  -0.00004987
 124    0.0000196  -0.00006515
 125    0.0000428  -0.00012180
 126    0.0000193  -0.00007046
 127    0.0000236  -0.00007722
 128    0.0000112  -0.00005526
 129    0.0000169  -0.00008428
 130    0.0000003  -0.00000238
 131    0.0000001  -0.00000078
 132    0.0000001  -0.00000107
 133    0.0000035  -0.00001190
 134    0.0000542  -0.00012742
 135    0.0000088  -0.00004304
 136    0.0000157  -0.00005060
 137    0.0000089  -0.00004092
 138    0.0000123  -0.00004450
 139    0.0000160  -0.00005147
 140    0.0000073  -0.00003168
 141    0.0000110  -0.00004461
 142    0.0000003  -0.00000206
 143    0.0000001  -0.00000065
 144    0.0000001  -0.00000073
 145    0.0000029  -0.00000481
 146    0.0000467  -0.00011972
 147    0.0000087  -0.00004179
 148    0.0000118  -0.00004570
 149    0.0000081  -0.00003721
 150    0.0000088  -0.00003986
 151    0.0000098  -0.00004348
 152    0.0000061  -0.00002597
 153    0.0000077  -0.00003561
 154    0.0000002  -0.00000176
 155    0.0000001  -0.00000072
 156    0.0000001  -0.00000070
 157    0.0000019  -0.00000309
 158    0.0000357  -0.00009358
 159    0.0000066  -0.00003380
 160    0.0000105  -0.00003983
 161    0.0000062  -0.00003122
 162    0.0000082  -0.00003202
 163    0.0000084  -0.00004104
 164    0.0000051  -0.00002296
 165    0.0000065  -0.00003569
 166    0.0000002  -0.00000160
 167    0.0000001  -0.00000064
 168    0.0000001  -0.00000063
 169    0.0000017  -0.00000391
 170    0.0000143  -0.00003956
 171    0.0000063  -0.00003014
 172    0.0000089  -0.00003205
 173    0.0000061  -0.00002625
 174    0.0000066  -0.00002820
 175    0.0000075  -0.00002669
 176    0.0000048  -0.00001992
 177    0.0000053  -0.00003387
 178    0.0000002  -0.00000127
 179    0.0000001  -0.00000057
 180    0.0000001  -0.00000057
 181    0.0000013  -0.00000331
 182    0.0000120  -0.00003891
 183    0.0000062  -0.00003031
 184    0.0000087  -0.00003653
 185    0.0000050  -0.00002658
 186    0.0000065  -0.00002595
 187    0.0000055  -0.00002483
 188    0.0000039  -0.00001609
 189    0.0000047  -0.00002614
 190    0.0000002  -0.00000106
 191    0.0000001  -0.00000068
 192    0.0000001  -0.00000061
 193    0.0000009  -0.00000285
 194    0.0000112  -0.00003652
 195    0.0000055  -0.00002674
 196    0.0000074  -0.00002971
 197    0.0000046  -0.00002306
 198    0.0000062  -0.00002812
 199    0.0000035  -0.00001575
 200    0.0000033  -0.00001372
 201    0.0000043  -0.00001897
 202    0.0000001  -0.00000085
 203    0.0000001  -0.00000055
 204    0.0000001  -0.00000051
 205    0.0000007  -0.00000248
 206    0.0000086  -0.00003171
 207    0.0000049  -0.00002659
 208    0.0000068  -0.00003045
 209    0.0000037  -0.00001951
 210    0.0000055  -0.00002453
 211    0.0000028  -0.00001078
 212    0.0000032  -0.00001214
 213    0.0000038  -0.00001719
 214    0.0000001  -0.00000106
 215    0.0000001  -0.00000054
 216    0.0000001  -0.00000051
 217    0.0000005  -0.00000222
 218    0.0000064  -0.00002320
 219    0.0000041  -0.00001850
 220    0.0000060  -0.00002625
 221    0.0000030  -0.00001044
 222    0.0000049  -0.00001403
 223    0.0000022  -0.00000845
 224    0.0000026  -0.00000892
 225    0.0000036  -0.00001647
 226    0.0000001  -0.00000080
 227    0.0000001  -0.00000053
 228    0.0000001  -0.00000052
 
----------------
 Final Energies 
----------------
Final NOF Total Energy =    -189.1778436
 
Total Orbital Internal Iterations = 10
Total Occupation Internal Iterations = 0
 
Elapsed time:   30.96 Seconds

---------------------------------
   Lowdin Population Analysis    
---------------------------------
 Idx  Atom   Population   Charge 
---------------------------------
  1     C     6.504      -0.504
  2     H     1.097      -0.097
  3     H     1.294      -0.294
  4     O     7.703       0.297
  5     O     7.401       0.599

---------------------------------
   M Diagnostic: 0.13
---------------------------------

