Computing Integrals
Basis Set                                            = def2-qzvp
Auxiliary Basis Set                                  = def2-universal-jkfit
Gaussian Type                                        = Spherical
Elapsed time:    1.62 Seconds

Number of basis functions                   (NBF)    = 100
Number of auxiliary basis functions         (NBFAUX) = 146
Inactive Doubly occupied orbitals up to     (NO1)    = 0
No. considered Strongly Doubly occupied MOs (NDOC)   = 9
No. considered Strongly Singly occupied MOs (NSOC)   = 0
NO. of Weakly occ. per St. Doubly occ.  MOs (NCWO)   = 1
Dimension of the Nat. Orb. subspace         (NBF5)   = 18
No. of electrons                                     = 18
    No. of alpha electrons                           = 9
    No. of beta electrons                            = 9
Multiplicity                                         = 1

Geometry
========
Cl       0.0000000       0.0000000       0.6372241
 H       0.0000000       0.0000000      -0.6372241

Orthonormality violations 4084, Maximum Violation 0.000137
Trying to orthonormalize
No violations of the orthonormality
No violations of the orthonormality
 
PNOF5/ADABelief Calculation
==================
 
  Nitext  Nit_orb  Time   Nit_occ  Time         Eelec          Etot           Ediff      maxdiff    MaxGrad_orb  Grad_occ
     1      10    9.2e+00    0    1.2e+01  -467.23390225  -460.17516599 -10466.23390225   0.000099   4.0e-04   1.5e-04 0.02
 
RESULTS OF THE OCCUPATION OPTIMIZATION
========================================
   1    1.9999518  -93.63943700
   2    1.9999998  -21.71583760
   3    1.9998183  -8.08056859
   4    1.9998099  -8.02386836
   5    1.9998259  -8.00934123
   6    1.9841818  -0.77288229
   7    1.9927577  -0.68429761
   8    1.9925522  -0.67842736
   9    1.9927043  -0.67783462
  10    0.0072957  -0.00645372
  11    0.0074478  -0.00651451
  12    0.0072423  -0.00644426
  13    0.0158182  -0.01319177
  14    0.0001741  -0.00273737
  15    0.0001901  -0.00282975
  16    0.0001817  -0.00270758
  17    0.0000002  -0.00005521
  18    0.0000482  -0.00838960
 
----------------
 Final Energies 
----------------
Final NOF Total Energy =    -460.1751660
 
Total Orbital Internal Iterations = 10
Total Occupation Internal Iterations = 0
 
Elapsed time:   28.14 Seconds

---------------------------------
   Lowdin Population Analysis    
---------------------------------
 Idx  Atom   Population   Charge 
---------------------------------
  1    Cl    16.619       0.381
  2     H     1.381      -0.381

---------------------------------
   M Diagnostic: 0.02
---------------------------------

