Computing Integrals
Basis Set                                            = def2-qzvp
Auxiliary Basis Set                                  = def2-universal-jkfit
Gaussian Type                                        = Spherical
Elapsed time:    3.17 Seconds

Number of basis functions                   (NBF)    = 234
Number of auxiliary basis functions         (NBFAUX) = 222
Inactive Doubly occupied orbitals up to     (NO1)    = 0
No. considered Strongly Doubly occupied MOs (NDOC)   = 8
No. considered Strongly Singly occupied MOs (NSOC)   = 0
NO. of Weakly occ. per St. Doubly occ.  MOs (NCWO)   = 1
Dimension of the Nat. Orb. subspace         (NBF5)   = 16
No. of electrons                                     = 16
    No. of alpha electrons                           = 8
    No. of beta electrons                            = 8
Multiplicity                                         = 1

Geometry
========
 C      -0.6634720       0.0000000       0.0000000
 C       0.6634720       0.0000000       0.0000000
 H      -1.2345990      -0.9225180       0.0000000
 H      -1.2345990       0.9225180       0.0000000
 H       1.2345990       0.9225180       0.0000000
 H       1.2345990      -0.9225180       0.0000000

Orthonormality violations 21247, Maximum Violation 0.000095
Trying to orthonormalize
No violations of the orthonormality
No violations of the orthonormality
 
PNOF5/ADABelief Calculation
==================
 
  Nitext  Nit_orb  Time   Nit_occ  Time         Eelec          Etot           Ediff      maxdiff    MaxGrad_orb  Grad_occ
     1      10    9.7e+00    0    1.2e+01  -111.61521883   -78.18981780 -10110.61521883   0.000100   4.0e-04   1.1e-04 0.08
 
RESULTS OF THE OCCUPATION OPTIMIZATION
========================================
   1    1.9996225  -11.19788873
   2    1.9996212  -11.19786828
   3    1.9938800  -0.87864896
   4    1.9841959  -0.68467140
   5    1.9841711  -0.68464187
   6    1.9841411  -0.68459835
   7    1.9841294  -0.68456895
   8    1.9176155  -0.38752973
   9    0.0823845  -0.02857512
  10    0.0158706  -0.01294786
  11    0.0158589  -0.01294365
  12    0.0158289  -0.01293304
  13    0.0158041  -0.01292427
  14    0.0061200  -0.00729074
  15    0.0003788  -0.00768563
  16    0.0003775  -0.00767725
 
----------------
 Final Energies 
----------------
Final NOF Total Energy =     -78.1898178
 
Total Orbital Internal Iterations = 10
Total Occupation Internal Iterations = 0
 
Elapsed time:   29.12 Seconds

---------------------------------
   Lowdin Population Analysis    
---------------------------------
 Idx  Atom   Population   Charge 
---------------------------------
  1     C     5.823       0.177
  2     C     5.823       0.177
  3     H     1.088      -0.088
  4     H     1.088      -0.088
  5     H     1.088      -0.088
  6     H     1.088      -0.088

---------------------------------
   M Diagnostic: 0.08
---------------------------------

