Computing Integrals
Basis Set                                            = def2-qzvp
Auxiliary Basis Set                                  = def2-universal-jkfit
Gaussian Type                                        = Spherical
Elapsed time:   11.99 Seconds

Number of basis functions                   (NBF)    = 595
Number of auxiliary basis functions         (NBFAUX) = 651
Inactive Doubly occupied orbitals up to     (NO1)    = 0
No. considered Strongly Doubly occupied MOs (NDOC)   = 28
No. considered Strongly Singly occupied MOs (NSOC)   = 0
NO. of Weakly occ. per St. Doubly occ.  MOs (NCWO)   = 1
Dimension of the Nat. Orb. subspace         (NBF5)   = 56
No. of electrons                                     = 56
    No. of alpha electrons                           = 28
    No. of beta electrons                            = 28
Multiplicity                                         = 1

Geometry
========
 S       0.6667756       2.0543737       0.1497769
 N      -1.6208143       0.8029236      -0.0255457
 N       0.2449572      -0.5242493      -0.4713313
 C      -0.2803360       0.7522508      -0.1204862
 H      -2.1841745      -0.0203276      -0.1168586
 H      -2.0547292       1.6577096       0.2662196
 H      -0.0281872      -0.7636030      -1.4152348
 C      -0.0786670      -1.5992779       0.4590026
 C       0.5126049      -2.9092094      -0.0100574
 H       0.3455546      -1.3217094       1.4217956
 H      -1.1576888      -1.7300771       0.6165865
 H       1.5947639      -2.8506008      -0.0718052
 H       0.2444810      -3.7087085       0.6744280
 H       0.1276498      -3.1776847      -0.9930000

No violations of the orthonormality
No violations of the orthonormality
 
PNOF5/ADABelief Calculation
==================
 
  Nitext  Nit_orb  Time   Nit_occ  Time         Eelec          Etot           Ediff      maxdiff    MaxGrad_orb  Grad_occ
     1      10    1.6e+01    0    1.2e+01  -917.97293692  -625.13495858 -10916.97293692   0.000481   1.9e-03   6.4e-05 0.03
 
RESULTS OF THE OCCUPATION OPTIMIZATION
========================================
   1    1.9999716  -90.92636771
   2    1.9997376  -15.57787150
   3    1.9997394  -15.54566584
   4    1.9996124  -11.34677150
   5    1.9996232  -11.24943606
   6    1.9996253  -11.20719056
   7    1.9996830  -7.43233587
   8    1.9996820  -7.42037487
   9    1.9997181  -7.38629959
  10    1.9997121  -7.37188568
  11    1.9905327  -0.95920782
  12    1.9862680  -0.87823171
  13    1.9854294  -0.86215634
  14    1.9855428  -0.85442090
  15    1.9851305  -0.82656065
  16    1.9838815  -0.81324190
  17    1.9864655  -0.73257187
  18    1.9833839  -0.68953536
  19    1.9836789  -0.68823984
  20    1.9839080  -0.67487815
  21    1.9837271  -0.67426516
  22    1.9840087  -0.67061721
  23    1.9837706  -0.66659443
  24    1.9938735  -0.61213366
  25    1.9904496  -0.58445584
  26    1.9890122  -0.57417557
  27    1.9929027  -0.57010319
  28    1.9729843  -0.54642212
  29    0.0270157  -0.01481056
  30    0.0070973  -0.00547231
  31    0.0109878  -0.00892245
  32    0.0095504  -0.00886268
  33    0.0061265  -0.00507592
  34    0.0162294  -0.01183044
  35    0.0159913  -0.01289274
  36    0.0162729  -0.01304410
  37    0.0160920  -0.01295917
  38    0.0163211  -0.01336330
  39    0.0166161  -0.01351515
  40    0.0135345  -0.01195408
  41    0.0161185  -0.01512122
  42    0.0148695  -0.01426730
  43    0.0144572  -0.01434332
  44    0.0145706  -0.01445567
  45    0.0137320  -0.01401370
  46    0.0094673  -0.01107828
  47    0.0002879  -0.00360303
  48    0.0002819  -0.00355390
  49    0.0003180  -0.00385156
  50    0.0003170  -0.00383122
  51    0.0003747  -0.00760949
  52    0.0003768  -0.00764992
  53    0.0003876  -0.00783028
  54    0.0002606  -0.00734272
  55    0.0002624  -0.00738361
  56    0.0000284  -0.00553430
 
----------------
 Final Energies 
----------------
Final NOF Total Energy =    -625.1349586
 
Total Orbital Internal Iterations = 10
Total Occupation Internal Iterations = 0
 
Elapsed time:   35.57 Seconds

---------------------------------
   Lowdin Population Analysis    
---------------------------------
 Idx  Atom   Population   Charge 
---------------------------------
  1     S    15.684       0.316
  2     N     6.375       0.625
  3     N     6.559       0.441
  4     C     6.776      -0.776
  5     H     1.169      -0.169
  6     H     1.160      -0.160
  7     H     1.178      -0.178
  8     C     6.027      -0.027
  9     C     5.775       0.225
 10     H     1.049      -0.049
 11     H     1.068      -0.068
 12     H     1.058      -0.058
 13     H     1.061      -0.061
 14     H     1.063      -0.063

---------------------------------
   M Diagnostic: 0.03
---------------------------------

