Computing Integrals
Basis Set                                            = def2-qzvp
Auxiliary Basis Set                                  = def2-universal-jkfit
Gaussian Type                                        = Spherical
Elapsed time:   11.26 Seconds

Number of basis functions                   (NBF)    = 642
Number of auxiliary basis functions         (NBFAUX) = 634
Inactive Doubly occupied orbitals up to     (NO1)    = 0
No. considered Strongly Doubly occupied MOs (NDOC)   = 25
No. considered Strongly Singly occupied MOs (NSOC)   = 0
NO. of Weakly occ. per St. Doubly occ.  MOs (NCWO)   = 1
Dimension of the Nat. Orb. subspace         (NBF5)   = 50
No. of electrons                                     = 50
    No. of alpha electrons                           = 25
    No. of beta electrons                            = 25
Multiplicity                                         = 1

Geometry
========
 C       1.5783850       0.1476900       0.3438090
 H       1.3947500       0.0129680       1.4135450
 O       1.3599290      -1.0862030      -0.3597820
 C       0.6538450       1.2150990      -0.2213220
 H       1.0578270       2.1802830       0.0939240
 H       0.7296930       1.1848640      -1.3114380
 C      -0.8173340       1.1521270       0.2081560
 H      -1.3035250       2.0657380      -0.1458280
 H      -0.8837650       1.1597620       1.2992600
 H       1.9841200      -1.7344460      -0.0213850
 H       2.6162860       0.4589480       0.2065440
 C      -1.6277250      -0.0340520      -0.3113010
 H      -2.6842290       0.1510150      -0.1185660
 H      -1.5018680      -0.1181460      -1.3975060
 O      -1.3242620      -1.2601540       0.3333770
 H      -0.4176510      -1.4753140       0.0766370

Orthonormality violations 237714, Maximum Violation 0.000215
Trying to orthonormalize
No violations of the orthonormality
No violations of the orthonormality
 
PNOF5/ADABelief Calculation
==================
 
  Nitext  Nit_orb  Time   Nit_occ  Time         Eelec          Etot           Ediff      maxdiff    MaxGrad_orb  Grad_occ
     1      10    1.5e+01    0    1.2e+01  -571.08932788  -307.51346622 -10570.08932788   0.000096   3.8e-04   1.9e-04 0.02
 
RESULTS OF THE OCCUPATION OPTIMIZATION
========================================
   1    1.9998121  -20.54788669
   2    1.9998121  -20.50314851
   3    1.9996207  -11.26665849
   4    1.9996216  -11.23888130
   5    1.9996231  -11.20795300
   6    1.9996227  -11.19861646
   7    1.9821244  -0.89474940
   8    1.9813673  -0.86948856
   9    1.9850446  -0.86495552
  10    1.9817795  -0.83991522
  11    1.9931183  -0.78973645
  12    1.9917474  -0.75335329
  13    1.9860259  -0.73106562
  14    1.9861321  -0.70984690
  15    1.9914081  -0.70514716
  16    1.9916241  -0.70495251
  17    1.9858267  -0.70412557
  18    1.9834803  -0.69547087
  19    1.9836007  -0.69470260
  20    1.9835367  -0.66946287
  21    1.9837093  -0.66679068
  22    1.9833694  -0.66606922
  23    1.9832513  -0.66583838
  24    1.9835546  -0.66115797
  25    1.9836463  -0.65822572
  26    0.0163537  -0.01300150
  27    0.0164454  -0.01307234
  28    0.0167487  -0.01347270
  29    0.0166306  -0.01337564
  30    0.0162907  -0.01304125
  31    0.0164633  -0.01315748
  32    0.0163993  -0.01350860
  33    0.0165197  -0.01359939
  34    0.0141733  -0.01210179
  35    0.0083759  -0.00966333
  36    0.0085919  -0.00980760
  37    0.0138679  -0.01209257
  38    0.0139741  -0.01229993
  39    0.0082526  -0.00976603
  40    0.0068817  -0.00882267
  41    0.0182205  -0.01784345
  42    0.0149554  -0.01594236
  43    0.0186327  -0.01840463
  44    0.0178756  -0.01828724
  45    0.0003773  -0.00763799
  46    0.0003769  -0.00763346
  47    0.0003784  -0.00766775
  48    0.0003793  -0.00767667
  49    0.0001879  -0.00701041
  50    0.0001879  -0.00701699
 
----------------
 Final Energies 
----------------
Final NOF Total Energy =    -307.5134662
 
Total Orbital Internal Iterations = 10
Total Occupation Internal Iterations = 0
 
Elapsed time:   36.66 Seconds

---------------------------------
   Lowdin Population Analysis    
---------------------------------
 Idx  Atom   Population   Charge 
---------------------------------
  1     C     6.071      -0.071
  2     H     1.060      -0.060
  3     O     7.390       0.610
  4     C     5.913       0.087
  5     H     1.045      -0.045
  6     H     1.044      -0.044
  7     C     5.912       0.088
  8     H     1.046      -0.046
  9     H     1.048      -0.048
 10     H     1.333      -0.333
 11     H     1.063      -0.063
 12     C     6.107      -0.107
 13     H     1.061      -0.061
 14     H     1.062      -0.062
 15     O     7.448       0.552
 16     H     1.395      -0.395

---------------------------------
   M Diagnostic: 0.02
---------------------------------

