Computing Integrals
Basis Set                                            = def2-qzvp
Auxiliary Basis Set                                  = def2-universal-jkfit
Gaussian Type                                        = Spherical
Elapsed time:    1.64 Seconds

Number of basis functions                   (NBF)    = 100
Number of auxiliary basis functions         (NBFAUX) = 146
Inactive Doubly occupied orbitals up to     (NO1)    = 0
No. considered Strongly Doubly occupied MOs (NDOC)   = 7
No. considered Strongly Singly occupied MOs (NSOC)   = 1
NO. of Weakly occ. per St. Doubly occ.  MOs (NCWO)   = 1
Dimension of the Nat. Orb. subspace         (NBF5)   = 15
No. of electrons                                     = 15
    No. of alpha electrons                           = 8
    No. of beta electrons                            = 7
Multiplicity                                         = 2

Geometry
========
Si       0.0000000       0.0000000       0.7671269
 H       0.0000000       0.0000000      -0.7671269

Orthonormality violations 2868, Maximum Violation 0.000058
Trying to orthonormalize
No violations of the orthonormality
No violations of the orthonormality
 
PNOF5/ADABelief Calculation
==================
 
  Nitext  Nit_orb  Time   Nit_occ  Time         Eelec          Etot           Ediff      maxdiff    MaxGrad_orb  Grad_occ
     1      10    9.3e+00    0    1.2e+01  -294.33292756  -289.50421796 -10293.33292756   0.000100   4.0e-04   1.6e-04 0.06
 
RESULTS OF THE OCCUPATION OPTIMIZATION
========================================
   1    1.9999608  -68.40427681
   2    1.9992915  -4.84227890
   3    1.9992893  -4.84139199
   4    1.9992902  -4.84108850
   5    1.9992697  -4.81577424
   6    1.9819167  -0.54658521
   7    1.9385714  -0.46946086
   8    1.0000000  -0.14213873
   9    0.0614286  -0.02333352
  10    0.0180833  -0.01149569
  11    0.0007303  -0.00532202
  12    0.0007098  -0.00526241
  13    0.0007107  -0.00517559
  14    0.0007085  -0.00517125
  15    0.0000392  -0.00562006
 
----------------
 Final Energies 
----------------
Final NOF Total Energy =    -289.5042180
 
Total Orbital Internal Iterations = 10
Total Occupation Internal Iterations = 0
 
Elapsed time:   28.17 Seconds

---------------------------------
   Lowdin Population Analysis    
---------------------------------
 Idx  Atom   Population   Charge 
---------------------------------
  1    Si    13.779       0.221
  2     H     1.221      -0.221

---------------------------------
   M Diagnostic: 0.06
---------------------------------

