Computing Integrals
Basis Set                                            = def2-qzvp
Auxiliary Basis Set                                  = def2-universal-jkfit
Gaussian Type                                        = Spherical
Elapsed time:    3.17 Seconds

Number of basis functions                   (NBF)    = 229
Number of auxiliary basis functions         (NBFAUX) = 347
Inactive Doubly occupied orbitals up to     (NO1)    = 0
No. considered Strongly Doubly occupied MOs (NDOC)   = 31
No. considered Strongly Singly occupied MOs (NSOC)   = 0
NO. of Weakly occ. per St. Doubly occ.  MOs (NCWO)   = 1
Dimension of the Nat. Orb. subspace         (NBF5)   = 62
No. of electrons                                     = 62
    No. of alpha electrons                           = 31
    No. of beta electrons                            = 31
Multiplicity                                         = 1

Geometry
========
 I       0.0000000       0.0000000       0.3252620
 C       0.0000000       0.0000000      -1.8032450
 H       0.0000000       1.0301960      -2.1397970
 H      -0.8921760      -0.5150980      -2.1397970
 H       0.8921760      -0.5150980      -2.1397970

No violations of the orthonormality
No violations of the orthonormality
 
PNOF5/ADABelief Calculation
==================
 
  Nitext  Nit_orb  Time   Nit_occ  Time         Eelec          Etot           Ediff      maxdiff    MaxGrad_orb  Grad_occ
     1      10    1.0e+01    0    1.2e+01 -2598.56752447 -2478.33674425 -12597.56752447   0.000784   3.1e-03   2.0e-04 0.04
 
RESULTS OF THE OCCUPATION OPTIMIZATION
========================================
   1    2.0000000  -148.99072096
   2    2.0000000  -63.85782138
   3    2.0000000  -63.42543337
   4    2.0000000  -58.32748840
   5    2.0000000  -31.56118924
   6    1.9996229  -11.24960519
   7    1.9999996  -10.96435643
   8    1.9999996  -10.90736855
   9    1.9999985  -10.09490087
  10    1.9999968  -9.93548742
  11    1.9999935  -9.31203689
  12    1.9999816  -8.79105962
  13    1.9999815  -8.57633125
  14    1.9999804  -8.38447798
  15    1.9999519  -7.16198960
  16    1.9999460  -6.47000716
  17    1.9999312  -5.56886619
  18    1.9999265  -5.28162842
  19    1.9999272  -5.21296417
  20    1.9999235  -5.16489480
  21    1.9999224  -5.13841154
  22    1.9999223  -5.13438932
  23    1.9967950  -0.83964867
  24    1.9848571  -0.71662685
  25    1.9863871  -0.71546155
  26    1.9847635  -0.71438309
  27    1.9847263  -0.71367001
  28    1.9907894  -0.68311262
  29    1.9876120  -0.68218440
  30    1.9825335  -0.66912123
  31    1.9638367  -0.59104677
  32    0.0361633  -0.02125830
  33    0.0174665  -0.01236037
  34    0.0123880  -0.00986086
  35    0.0092106  -0.00806143
  36    0.0152737  -0.01275346
  37    0.0152365  -0.01273740
  38    0.0136129  -0.01028476
  39    0.0151429  -0.01269735
  40    0.0032050  -0.00353228
  41    0.0000777  -0.00055149
  42    0.0000776  -0.00055421
  43    0.0000765  -0.00055026
  44    0.0000728  -0.00053739
  45    0.0000735  -0.00053335
  46    0.0000688  -0.00051838
  47    0.0000540  -0.00044980
  48    0.0000481  -0.00041040
  49    0.0000196  -0.00025181
  50    0.0000185  -0.00018034
  51    0.0000184  -0.00020912
  52    0.0000065  -0.00010138
  53    0.0000032  -0.00004293
  54    0.0000015  -0.00002290
  55    0.0000004  -0.00000610
  56    0.0000004  -0.00000494
  57    0.0003771  -0.00764642
  58    0.0000000  -0.00000022
  59    0.0000000  -0.00000025
  60    0.0000000  -0.00000028
  61    0.0000000  -0.00000025
  62    0.0000000  -0.00000003
 
----------------
 Final Energies 
----------------
Final NOF Total Energy =   -2478.3367443
 
Total Orbital Internal Iterations = 10
Total Occupation Internal Iterations = 0
 
Elapsed time:   28.86 Seconds

---------------------------------
   Lowdin Population Analysis    
---------------------------------
 Idx  Atom   Population   Charge 
---------------------------------
  1     I    52.731       0.269
  2     C     5.980       0.020
  3     H     1.097      -0.097
  4     H     1.096      -0.096
  5     H     1.096      -0.096

---------------------------------
   M Diagnostic: 0.04
---------------------------------

