Computing Integrals
Basis Set                                            = def2-qzvp
Auxiliary Basis Set                                  = def2-universal-jkfit
Gaussian Type                                        = Spherical
Elapsed time:    2.31 Seconds

Number of basis functions                   (NBF)    = 190
Number of auxiliary basis functions         (NBFAUX) = 200
Inactive Doubly occupied orbitals up to     (NO1)    = 0
No. considered Strongly Doubly occupied MOs (NDOC)   = 9
No. considered Strongly Singly occupied MOs (NSOC)   = 0
NO. of Weakly occ. per St. Doubly occ.  MOs (NCWO)   = 1
Dimension of the Nat. Orb. subspace         (NBF5)   = 18
No. of electrons                                     = 18
    No. of alpha electrons                           = 9
    No. of beta electrons                            = 9
Multiplicity                                         = 1

Geometry
========
Si       0.0000000      -0.0000000       0.0000000
 H       0.8560414       0.8560414      -0.8560414
 H      -0.8560414      -0.8560414      -0.8560414
 H       0.8560414      -0.8560414       0.8560414
 H      -0.8560414       0.8560414       0.8560414

Orthonormality violations 5896, Maximum Violation 0.000039
Trying to orthonormalize
No violations of the orthonormality
No violations of the orthonormality
 
PNOF5/ADABelief Calculation
==================
 
  Nitext  Nit_orb  Time   Nit_occ  Time         Eelec          Etot           Ediff      maxdiff    MaxGrad_orb  Grad_occ
     1      10    9.6e+00    0    1.2e+01  -312.65023832  -291.35258743 -10311.65023832   0.000098   3.9e-04   1.2e-04 0.02
 
RESULTS OF THE OCCUPATION OPTIMIZATION
========================================
   1    1.9999608  -68.33820231
   2    1.9993450  -4.81260212
   3    1.9993397  -4.81009039
   4    1.9993394  -4.80990747
   5    1.9993369  -4.80842655
   6    1.9842100  -0.55383243
   7    1.9842266  -0.55379564
   8    1.9841107  -0.55377455
   9    1.9840719  -0.55367121
  10    0.0159281  -0.01058465
  11    0.0158893  -0.01057456
  12    0.0157734  -0.01053579
  13    0.0157900  -0.01054282
  14    0.0006631  -0.00496563
  15    0.0006606  -0.00495850
  16    0.0006603  -0.00495788
  17    0.0006550  -0.00494305
  18    0.0000392  -0.00561603
 
----------------
 Final Energies 
----------------
Final NOF Total Energy =    -291.3525874
 
Total Orbital Internal Iterations = 10
Total Occupation Internal Iterations = 0
 
Elapsed time:   28.95 Seconds

---------------------------------
   Lowdin Population Analysis    
---------------------------------
 Idx  Atom   Population   Charge 
---------------------------------
  1    Si    13.474       0.526
  2     H     1.131      -0.131
  3     H     1.131      -0.131
  4     H     1.131      -0.131
  5     H     1.131      -0.131

---------------------------------
   M Diagnostic: 0.02
---------------------------------

