Computing Integrals
Basis Set                                            = def2-qzvp
Auxiliary Basis Set                                  = def2-universal-jkfit
Gaussian Type                                        = Spherical
Elapsed time:    1.73 Seconds

Number of basis functions                   (NBF)    = 147
Number of auxiliary basis functions         (NBFAUX) = 129
Inactive Doubly occupied orbitals up to     (NO1)    = 0
No. considered Strongly Doubly occupied MOs (NDOC)   = 4
No. considered Strongly Singly occupied MOs (NSOC)   = 0
NO. of Weakly occ. per St. Doubly occ.  MOs (NCWO)   = 1
Dimension of the Nat. Orb. subspace         (NBF5)   = 8
No. of electrons                                     = 8
    No. of alpha electrons                           = 4
    No. of beta electrons                            = 4
Multiplicity                                         = 1

Geometry
========
 B       0.0000000      -0.0000000       0.0000000
 H      -0.5966928       1.0335023       0.0000000
 H      -0.5966928      -1.0335023       0.0000000
 H       1.1933857       0.0000000       0.0000000

Orthonormality violations 8210, Maximum Violation 0.000099
Trying to orthonormalize
No violations of the orthonormality
No violations of the orthonormality
 
PNOF5/ADABelief Calculation
==================
 
  Nitext  Nit_orb  Time   Nit_occ  Time         Eelec          Etot           Ediff      maxdiff    MaxGrad_orb  Grad_occ
     1      10    9.3e+00    0    1.2e+01   -33.87295005   -26.45355321 -10032.87295005   0.000093   3.7e-04   5.2e-05 0.02
 
RESULTS OF THE OCCUPATION OPTIMIZATION
========================================
   1    1.9994127  -7.59956873
   2    1.9846176  -0.57527247
   3    1.9846150  -0.57527239
   4    1.9846113  -0.57526849
   5    0.0153887  -0.01090551
   6    0.0153850  -0.01090447
   7    0.0153824  -0.01090363
   8    0.0005873  -0.00802916
 
----------------
 Final Energies 
----------------
Final NOF Total Energy =     -26.4535532
 
Total Orbital Internal Iterations = 10
Total Occupation Internal Iterations = 0
 
Elapsed time:   28.32 Seconds

---------------------------------
   Lowdin Population Analysis    
---------------------------------
 Idx  Atom   Population   Charge 
---------------------------------
  1     B     4.730       0.270
  2     H     1.090      -0.090
  3     H     1.090      -0.090
  4     H     1.090      -0.090

---------------------------------
   M Diagnostic: 0.02
---------------------------------

