Computing Integrals
Basis Set                                            = def2-qzvp
Auxiliary Basis Set                                  = def2-universal-jkfit
Gaussian Type                                        = Spherical
Elapsed time:    1.53 Seconds

Number of basis functions                   (NBF)    = 57
Number of auxiliary basis functions         (NBFAUX) = 77
Inactive Doubly occupied orbitals up to     (NO1)    = 0
No. considered Strongly Doubly occupied MOs (NDOC)   = 4
No. considered Strongly Singly occupied MOs (NSOC)   = 1
NO. of Weakly occ. per St. Doubly occ.  MOs (NCWO)   = 1
Dimension of the Nat. Orb. subspace         (NBF5)   = 9
No. of electrons                                     = 9
    No. of alpha electrons                           = 5
    No. of beta electrons                            = 4
Multiplicity                                         = 2

Geometry
========
 F       0.0000000       0.0000000       0.0000000

No violations of the orthonormality
No violations of the orthonormality
 
PNOF5/ADABelief Calculation
==================
 
  Nitext  Nit_orb  Time   Nit_occ  Time         Eelec          Etot           Ediff      maxdiff    MaxGrad_orb  Grad_occ
     1      10    9.0e+00    0    1.2e+01   -99.45828397   -99.45828397 -10098.45828397   0.000094   3.8e-04   3.4e-05 0.01
 
RESULTS OF THE OCCUPATION OPTIMIZATION
========================================
   1    1.9998653  -26.34377770
   2    1.9942206  -1.02817604
   3    1.9941937  -1.02755678
   4    1.9941782  -1.02720359
   5    1.0000000  -0.42075890
   6    0.0058218  -0.00958652
   7    0.0058063  -0.00957742
   8    0.0057794  -0.00956126
   9    0.0001347  -0.00650348
 
----------------
 Final Energies 
----------------
Final NOF Total Energy =     -99.4582840
 
Total Orbital Internal Iterations = 10
Total Occupation Internal Iterations = 0
 
Elapsed time:   26.82 Seconds

---------------------------------
   Lowdin Population Analysis    
---------------------------------
 Idx  Atom   Population   Charge 
---------------------------------
  1     F     9.000      -0.000

---------------------------------
   M Diagnostic: 0.01
---------------------------------

