Computing Integrals
Basis Set                                            = def2-qzvp
Auxiliary Basis Set                                  = def2-universal-jkfit
Gaussian Type                                        = Spherical
Elapsed time:    1.75 Seconds

Number of basis functions                   (NBF)    = 70
Number of auxiliary basis functions         (NBFAUX) = 128
Inactive Doubly occupied orbitals up to     (NO1)    = 0
No. considered Strongly Doubly occupied MOs (NDOC)   = 8
No. considered Strongly Singly occupied MOs (NSOC)   = 1
NO. of Weakly occ. per St. Doubly occ.  MOs (NCWO)   = 1
Dimension of the Nat. Orb. subspace         (NBF5)   = 17
No. of electrons                                     = 17
    No. of alpha electrons                           = 9
    No. of beta electrons                            = 8
Multiplicity                                         = 2

Geometry
========
Cl       0.0000000       0.0000000       0.0000000

No violations of the orthonormality
No violations of the orthonormality
 
PNOF5/ADABelief Calculation
==================
 
  Nitext  Nit_orb  Time   Nit_occ  Time         Eelec          Etot           Ediff      maxdiff    MaxGrad_orb  Grad_occ
     1      10    9.0e+00    0    1.2e+01  -459.53165777  -459.53165777 -10458.53165777   0.000099   4.0e-04   1.1e-04 0.01
 
RESULTS OF THE OCCUPATION OPTIMIZATION
========================================
   1    1.9999524  -95.62589918
   2    1.9999832  -19.83803934
   3    1.9998188  -8.07904529
   4    1.9998047  -8.05668569
   5    1.9998242  -8.03344008
   6    1.9932215  -0.72852893
   7    1.9931247  -0.72274768
   8    1.9930549  -0.72055572
   9    1.0000000  -0.28487487
  10    0.0069451  -0.00638809
  11    0.0068753  -0.00636331
  12    0.0067785  -0.00633262
  13    0.0001758  -0.00271801
  14    0.0001953  -0.00283616
  15    0.0001812  -0.00274164
  16    0.0000168  -0.00041013
  17    0.0000476  -0.00842725
 
----------------
 Final Energies 
----------------
Final NOF Total Energy =    -459.5316578
 
Total Orbital Internal Iterations = 10
Total Occupation Internal Iterations = 0
 
Elapsed time:   26.89 Seconds

---------------------------------
   Lowdin Population Analysis    
---------------------------------
 Idx  Atom   Population   Charge 
---------------------------------
  1    Cl    17.000      -0.000

---------------------------------
   M Diagnostic: 0.01
---------------------------------

