Computing Integrals
Basis Set                                            = def2-qzvp
Auxiliary Basis Set                                  = def2-universal-jkfit
Gaussian Type                                        = Spherical
Elapsed time:    2.73 Seconds

Number of basis functions                   (NBF)    = 184
Number of auxiliary basis functions         (NBFAUX) = 282
Inactive Doubly occupied orbitals up to     (NO1)    = 0
No. considered Strongly Doubly occupied MOs (NDOC)   = 16
No. considered Strongly Singly occupied MOs (NSOC)   = 1
NO. of Weakly occ. per St. Doubly occ.  MOs (NCWO)   = 1
Dimension of the Nat. Orb. subspace         (NBF5)   = 33
No. of electrons                                     = 33
    No. of alpha electrons                           = 17
    No. of beta electrons                            = 16
Multiplicity                                         = 2

Geometry
========
Cl       0.0000000       0.0000000       0.3705400
 O       0.0000000       1.2590820      -0.3936990
 O       0.0000000      -1.2590820      -0.3936990

No violations of the orthonormality
No violations of the orthonormality
 
PNOF5/ADABelief Calculation
==================
 
  Nitext  Nit_orb  Time   Nit_occ  Time         Eelec          Etot           Ediff      maxdiff    MaxGrad_orb  Grad_occ
     1      10    1.0e+01    0    1.2e+01  -720.41159275  -609.23767466 -10719.41159275   0.000496   2.0e-03   1.3e-04 0.02
 
RESULTS OF THE OCCUPATION OPTIMIZATION
========================================
   1    1.9999736  -103.43449677
   2    1.9998153  -20.67003252
   3    1.9998137  -20.55614998
   4    1.9998341  -9.29854641
   5    1.9998019  -9.28740135
   6    1.9998073  -9.22538152
   7    1.9998004  -9.20710560
   8    1.9898672  -1.15303342
   9    1.9964746  -0.98212846
  10    1.9844262  -0.96581147
  11    1.9931391  -0.91083998
  12    1.9930591  -0.89974000
  13    1.9947984  -0.81207506
  14    1.9881949  -0.76470823
  15    1.9920286  -0.75871178
  16    1.9919645  -0.75579634
  17    1.0000000  -0.27974406
  18    0.0080355  -0.00933315
  19    0.0079714  -0.00931248
  20    0.0118051  -0.01221278
  21    0.0052016  -0.00496892
  22    0.0069409  -0.00921713
  23    0.0068609  -0.00914014
  24    0.0155738  -0.01631376
  25    0.0035254  -0.00421979
  26    0.0101328  -0.01337956
  27    0.0001996  -0.00300255
  28    0.0001927  -0.00295716
  29    0.0001981  -0.00296819
  30    0.0001659  -0.00267115
  31    0.0001863  -0.00698078
  32    0.0001847  -0.00695559
  33    0.0000264  -0.00576215
 
----------------
 Final Energies 
----------------
Final NOF Total Energy =    -609.2376747
 
Total Orbital Internal Iterations = 10
Total Occupation Internal Iterations = 0
 
Elapsed time:   28.20 Seconds

---------------------------------
   Lowdin Population Analysis    
---------------------------------
 Idx  Atom   Population   Charge 
---------------------------------
  1    Cl    16.587       0.413
  2     O     8.341      -0.341
  3     O     8.072      -0.072

---------------------------------
   M Diagnostic: 0.02
---------------------------------

