Computing Integrals
Basis Set                                            = def2-qzvp
Auxiliary Basis Set                                  = def2-universal-jkfit
Gaussian Type                                        = Spherical
Elapsed time:    1.61 Seconds

Number of basis functions                   (NBF)    = 57
Number of auxiliary basis functions         (NBFAUX) = 77
Inactive Doubly occupied orbitals up to     (NO1)    = 0
No. considered Strongly Doubly occupied MOs (NDOC)   = 5
No. considered Strongly Singly occupied MOs (NSOC)   = 0
NO. of Weakly occ. per St. Doubly occ.  MOs (NCWO)   = 10
Dimension of the Nat. Orb. subspace         (NBF5)   = 55
No. of electrons                                     = 10
    No. of alpha electrons                           = 5
    No. of beta electrons                            = 5
Multiplicity                                         = 1

Geometry
========
 F      -0.2051159       1.1919457      -0.6962901

No violations of the orthonormality
No violations of the orthonormality
 
PNOF5/ADABelief Calculation
==================
 
  Nitext  Nit_orb  Time   Nit_occ  Time         Eelec          Etot           Ediff      maxdiff    MaxGrad_orb  Grad_occ
     1      10    9.1e+00    0    1.2e+01   -99.55518654   -99.55518654 -10098.55518654   0.000098   3.9e-04   1.9e-04 0.01
 
RESULTS OF THE OCCUPATION OPTIMIZATION
========================================
   1    1.9998635  -25.80948082
   2    1.9889637  -0.42846455
   3    1.9889932  -0.42784952
   4    1.9891422  -0.42558959
   5    1.9886648  -0.42091683
   6    0.0095765  -0.01001221
   7    0.0094964  -0.01000794
   8    0.0093169  -0.00993081
   9    0.0094416  -0.00997765
  10    0.0001311  -0.00627171
  11    0.0006809  -0.00140804
  12    0.0006439  -0.00135794
  13    0.0007295  -0.00145816
  14    0.0005858  -0.00131733
  15    0.0000029  -0.00005731
  16    0.0005457  -0.00111687
  17    0.0003054  -0.00081760
  18    0.0004931  -0.00104738
  19    0.0005119  -0.00106459
  20    0.0000011  -0.00012051
  21    0.0004361  -0.00099756
  22    0.0003021  -0.00082575
  23    0.0003039  -0.00082036
  24    0.0003433  -0.00087394
  25    0.0000005  -0.00000928
  26    0.0000528  -0.00015283
  27    0.0000555  -0.00015835
  28    0.0000504  -0.00016053
  29    0.0000532  -0.00016028
  30    0.0000002  -0.00000554
  31    0.0000131  -0.00008079
  32    0.0000233  -0.00012043
  33    0.0000418  -0.00014766
  34    0.0000395  -0.00014353
  35    0.0000002  -0.00000373
  36    0.0000106  -0.00006949
  37    0.0000119  -0.00007021
  38    0.0000331  -0.00012254
  39    0.0000303  -0.00012578
  40    0.0000002  -0.00000227
  41    0.0000076  -0.00005540
  42    0.0000081  -0.00005918
  43    0.0000230  -0.00010475
  44    0.0000176  -0.00009415
  45    0.0000001  -0.00000005
  46    0.0000070  -0.00004957
  47    0.0000065  -0.00005035
  48    0.0000086  -0.00005702
  49    0.0000082  -0.00006119
  50    0.0000001  0.00000036
  51    0.0000050  -0.00003896
  52    0.0000046  -0.00003141
  53    0.0000066  -0.00004482
  54    0.0000050  -0.00003057
  55    0.0000001  -0.00000510
 
----------------
 Final Energies 
----------------
Final NOF Total Energy =     -99.5551865
 
Total Orbital Internal Iterations = 10
Total Occupation Internal Iterations = 0
 
Elapsed time:   27.19 Seconds

---------------------------------
   Lowdin Population Analysis    
---------------------------------
 Idx  Atom   Population   Charge 
---------------------------------
  1     F    10.000      -1.000

---------------------------------
   M Diagnostic: 0.01
---------------------------------

