Computing Integrals
Basis Set                                            = def2-qzvp
Auxiliary Basis Set                                  = def2-universal-jkfit
Gaussian Type                                        = Spherical
Elapsed time:    2.13 Seconds

Number of basis functions                   (NBF)    = 57
Number of auxiliary basis functions         (NBFAUX) = 77
Inactive Doubly occupied orbitals up to     (NO1)    = 0
No. considered Strongly Doubly occupied MOs (NDOC)   = 4
No. considered Strongly Singly occupied MOs (NSOC)   = 1
NO. of Weakly occ. per St. Doubly occ.  MOs (NCWO)   = 13
Dimension of the Nat. Orb. subspace         (NBF5)   = 57
No. of electrons                                     = 9
    No. of alpha electrons                           = 5
    No. of beta electrons                            = 4
Multiplicity                                         = 2

Geometry
========
 F       0.0000000       0.0000000       0.0000000

No violations of the orthonormality
No violations of the orthonormality
 
PNOF5/ADABelief Calculation
==================
 
  Nitext  Nit_orb  Time   Nit_occ  Time         Eelec          Etot           Ediff      maxdiff    MaxGrad_orb  Grad_occ
     1      10    9.3e+00    0    1.2e+01   -99.48701111   -99.48701111 -10098.48701111   0.000094   3.8e-04   1.0e-04 0.01
 
RESULTS OF THE OCCUPATION OPTIMIZATION
========================================
   1    1.9998524  -26.36343140
   2    1.9922811  -1.03040821
   3    1.9922227  -1.02907499
   4    1.9922248  -1.02773668
   5    1.0000000  -0.41915680
   6    0.0056548  -0.00925236
   7    0.0056573  -0.00925422
   8    0.0056161  -0.00923003
   9    0.0001299  -0.00627767
  10    0.0008309  -0.00203002
  11    0.0008246  -0.00202003
  12    0.0008138  -0.00201341
  13    0.0000141  -0.00044797
  14    0.0007269  -0.00173706
  15    0.0007323  -0.00173796
  16    0.0007269  -0.00173413
  17    0.0000011  -0.00011610
  18    0.0003206  -0.00099533
  19    0.0003118  -0.00098469
  20    0.0003109  -0.00098097
  21    0.0000006  -0.00000797
  22    0.0000679  -0.00025925
  23    0.0000674  -0.00025880
  24    0.0000681  -0.00025892
  25    0.0000005  -0.00000708
  26    0.0000579  -0.00019347
  27    0.0000555  -0.00019451
  28    0.0000556  -0.00019071
  29    0.0000002  -0.00000410
  30    0.0000440  -0.00016945
  31    0.0000518  -0.00019524
  32    0.0000541  -0.00020499
  33    0.0000002  -0.00000345
  34    0.0000337  -0.00014298
  35    0.0000375  -0.00013374
  36    0.0000354  -0.00013913
  37    0.0000002  0.00000038
  38    0.0000185  -0.00010032
  39    0.0000151  -0.00009600
  40    0.0000170  -0.00009940
  41    0.0000002  0.00000049
  42    0.0000096  -0.00007141
  43    0.0000101  -0.00007098
  44    0.0000081  -0.00006230
  45    0.0000002  0.00000074
  46    0.0000050  -0.00003499
  47    0.0000069  -0.00004052
  48    0.0000052  -0.00003635
  49    0.0000002  0.00000082
  50    0.0000043  -0.00002256
  51    0.0000037  -0.00002195
  52    0.0000043  -0.00002200
  53    0.0000001  0.00000065
  54    0.0000011  -0.00001279
  55    0.0000033  -0.00001781
  56    0.0000035  -0.00001830
  57    0.0000001  -0.00000543
 
----------------
 Final Energies 
----------------
Final NOF Total Energy =     -99.4870111
 
Total Orbital Internal Iterations = 10
Total Occupation Internal Iterations = 0
 
Elapsed time:   29.73 Seconds

---------------------------------
   Lowdin Population Analysis    
---------------------------------
 Idx  Atom   Population   Charge 
---------------------------------
  1     F     9.000      -0.000

---------------------------------
   M Diagnostic: 0.01
---------------------------------

