Computing Integrals
Basis Set                                            = def2-qzvp
Auxiliary Basis Set                                  = def2-universal-jkfit
Gaussian Type                                        = Spherical
Elapsed time:    1.86 Seconds

Number of basis functions                   (NBF)    = 56
Number of auxiliary basis functions         (NBFAUX) = 160
Inactive Doubly occupied orbitals up to     (NO1)    = 0
No. considered Strongly Doubly occupied MOs (NDOC)   = 9
No. considered Strongly Singly occupied MOs (NSOC)   = 1
NO. of Weakly occ. per St. Doubly occ.  MOs (NCWO)   = 5
Dimension of the Nat. Orb. subspace         (NBF5)   = 55
No. of electrons                                     = 19
    No. of alpha electrons                           = 10
    No. of beta electrons                            = 9
Multiplicity                                         = 2

Geometry
========
 K       0.0000000       0.0000000       0.0000000

No violations of the orthonormality
No violations of the orthonormality
 
PNOF5/ADABelief Calculation
==================
 
  Nitext  Nit_orb  Time   Nit_occ  Time         Eelec          Etot           Ediff      maxdiff    MaxGrad_orb  Grad_occ
     1      10    9.6e+00    0    1.3e+01  -599.21910564  -599.21910564 -10598.21910564   0.000098   3.9e-04   1.7e-04 0.01
 
RESULTS OF THE OCCUPATION OPTIMIZATION
========================================
   1    1.9999607  -118.49059883
   2    1.9999983  -29.52508986
   3    1.9999963  -11.50898769
   4    1.9999980  -11.50889673
   5    1.9999973  -11.50828397
   6    1.9982251  -1.37663816
   7    1.9981918  -1.37310419
   8    1.9832570  -0.98292639
   9    1.9873125  -0.97975587
  10    1.0000000  -0.07375490
  11    0.0066564  -0.00712947
  12    0.0065201  -0.00698863
  13    0.0017013  -0.00283941
  14    0.0016720  -0.00281191
  15    0.0000010  -0.00000167
  16    0.0000004  -0.00000044
  17    0.0000015  -0.00000482
  18    0.0000014  -0.00004878
  19    0.0000387  -0.00830777
  20    0.0045073  -0.00480384
  21    0.0044387  -0.00469297
  22    0.0000325  -0.00007508
  23    0.0000314  -0.00007341
  24    0.0000005  -0.00000069
  25    0.0000004  -0.00000014
  26    0.0000007  -0.00000075
  27    0.0000001  -0.00000000
  28    0.0000004  -0.00011949
  29    0.0012837  -0.00149604
  30    0.0044211  -0.00469530
  31    0.0000306  -0.00007179
  32    0.0000293  -0.00006957
  33    0.0000004  -0.00000031
  34    0.0000004  -0.00000004
  35    0.0000007  -0.00000164
  36    0.0000001  0.00000000
  37    0.0000001  0.00000000
  38    0.0001641  -0.00030666
  39    0.0012070  -0.00143233
  40    0.0000288  -0.00006082
  41    0.0000278  -0.00005947
  42    0.0000004  0.00000000
  43    0.0000004  -0.00000001
  44    0.0000005  -0.00000060
  45    0.0000001  0.00000000
  46    0.0000001  -0.00000000
  47    0.0000760  -0.00011660
  48    0.0001561  -0.00029560
  49    0.0000150  -0.00001536
  50    0.0000144  -0.00001584
  51    0.0000004  -0.00000000
  52    0.0000004  -0.00000000
  53    0.0000003  0.00000001
  54    0.0000001  0.00000000
  55    0.0000001  0.00000000
 
----------------
 Final Energies 
----------------
Final NOF Total Energy =    -599.2191056
 
Total Orbital Internal Iterations = 10
Total Occupation Internal Iterations = 0
 
Elapsed time:   29.16 Seconds

---------------------------------
   Lowdin Population Analysis    
---------------------------------
 Idx  Atom   Population   Charge 
---------------------------------
  1     K    19.000      -0.000

---------------------------------
   M Diagnostic: 0.01
---------------------------------

