Computing Integrals
Basis Set                                            = def2-qzvp
Auxiliary Basis Set                                  = def2-universal-jkfit
Gaussian Type                                        = Spherical
Elapsed time:    1.64 Seconds

Number of basis functions                   (NBF)    = 177
Number of auxiliary basis functions         (NBFAUX) = 147
Inactive Doubly occupied orbitals up to     (NO1)    = 0
No. considered Strongly Doubly occupied MOs (NDOC)   = 5
No. considered Strongly Singly occupied MOs (NSOC)   = 0
NO. of Weakly occ. per St. Doubly occ.  MOs (NCWO)   = 34
Dimension of the Nat. Orb. subspace         (NBF5)   = 175
No. of electrons                                     = 10
    No. of alpha electrons                           = 5
    No. of beta electrons                            = 5
Multiplicity                                         = 1

Geometry
========
 C       0.0000000       0.0000000       0.0000000
 H       0.6278371      -0.6278371       0.6278371
 H      -0.6278371       0.6278371       0.6278371
 H      -0.6278371      -0.6278371      -0.6278371
 H       0.6278371       0.6278371      -0.6278371

Orthonormality violations 31329, Maximum Violation 2200.467618
Trying to orthonormalize
No violations of the orthonormality
No violations of the orthonormality
 
PNOF5/ADABelief Calculation
==================
 
  Nitext  Nit_orb  Time   Nit_occ  Time         Eelec          Etot           Ediff      maxdiff    MaxGrad_orb  Grad_occ
     1      10    1.0e+01   29    1.3e+01   -52.49232993   -39.02540954 -10051.49232993   0.177800   1.3e+00   1.5e-04 0.04
     2      10    1.5e+00   11    3.2e-01   -53.45465228   -39.98773190    -0.96232235   0.206727   8.3e-01   1.1e-04 0.02
     3      10    1.7e+00    5    2.0e-01   -53.50840270   -40.04148232    -0.05375042   0.170295   6.8e-01   2.1e-04 0.02
     4      10    1.7e+00    9    3.3e-01   -53.66161022   -40.19468984    -0.15320752   0.067109   2.7e-01   1.6e-04 0.02
     5      10    1.5e+00    5    2.3e-01   -53.69144081   -40.22452042    -0.02983058   0.182411   7.3e-01   2.2e-04 0.02
     6      10    1.4e+00    0    8.8e-02   -53.69185631   -40.22493592    -0.00041550   0.182411   7.3e-01   2.2e-04 0.02
     7      30    4.5e+00    8    3.5e-01   -53.79188162   -40.32496123    -0.10002531   0.006069   2.4e-02   1.8e-04 0.02
     8      30    4.5e+00    2    1.5e-01   -53.79268726   -40.32576687    -0.00080564   0.008225   3.3e-02   1.4e-04 0.02
     9      30    4.5e+00    1    9.8e-02   -53.79274832   -40.32582794    -0.00006107   0.009726   3.9e-02   2.2e-04 0.02
    10      30    4.5e+00    2    1.5e-01   -53.79281677   -40.32589639    -0.00006845   0.007796   3.1e-02   1.3e-04 0.02
    11      30    4.6e+00    0    6.6e-02   -53.79282581   -40.32590543    -0.00000904   0.007796   3.1e-02   1.3e-04 0.02
    12      50    7.1e+00    0    1.1e-01   -53.79295225   -40.32603186    -0.00012644   0.000568   2.3e-03   1.3e-04 0.02
 
RESULTS OF THE OCCUPATION OPTIMIZATION
========================================
   1    1.9993692  -11.10545408
   2    2.0000000  -0.77906335
   3    1.9765946  -0.66201360
   4    1.9763161  -0.66152636
   5    1.9761996  -0.66146994
   6    0.0143242  -0.01134523
   7    0.0143486  -0.01135349
   8    0.0140981  -0.01125223
   9    0.0000000  -0.00000180
  10    0.0004203  -0.00805477
  11    0.0040485  -0.00417413
  12    0.0040269  -0.00416399
  13    0.0040049  -0.00415416
  14    0.0000000  -0.00000064
  15    0.0000821  -0.00117794
  16    0.0028137  -0.00293805
  17    0.0027423  -0.00290723
  18    0.0026359  -0.00285570
  19    0.0000000  -0.00000048
  20    0.0000614  -0.00086567
  21    0.0018891  -0.00216854
  22    0.0018365  -0.00214275
  23    0.0018403  -0.00214129
  24    0.0000000  -0.00000020
  25    0.0000582  -0.00084469
  26    0.0001177  -0.00021651
  27    0.0001113  -0.00021064
  28    0.0001631  -0.00023158
  29    0.0000000  -0.00000020
  30    0.0000063  -0.00030107
  31    0.0000992  -0.00018533
  32    0.0001087  -0.00019542
  33    0.0001189  -0.00019589
  34    0.0000000  -0.00000020
  35    0.0000004  -0.00001313
  36    0.0000976  -0.00018502
  37    0.0000953  -0.00018177
  38    0.0001062  -0.00018501
  39    0.0000000  -0.00000017
  40    0.0000004  -0.00000667
  41    0.0000859  -0.00016056
  42    0.0000885  -0.00016180
  43    0.0000868  -0.00016103
  44    0.0000000  -0.00000013
  45    0.0000002  -0.00000150
  46    0.0000830  -0.00015986
  47    0.0000798  -0.00015836
  48    0.0000847  -0.00016023
  49    0.0000000  -0.00000012
  50    0.0000002  -0.00000135
  51    0.0000656  -0.00015120
  52    0.0000665  -0.00015209
  53    0.0000561  -0.00014515
  54    0.0000000  -0.00000006
  55    0.0000001  -0.00000030
  56    0.0000438  -0.00010774
  57    0.0000482  -0.00011115
  58    0.0000459  -0.00009209
  59    0.0000000  -0.00000002
  60    0.0000001  -0.00000032
  61    0.0000375  -0.00008977
  62    0.0000354  -0.00008671
  63    0.0000328  -0.00009871
  64    0.0000000  -0.00000002
  65    0.0000001  0.00000009
  66    0.0000291  -0.00007309
  67    0.0000280  -0.00007230
  68    0.0000277  -0.00007293
  69    0.0000000  -0.00000001
  70    0.0000001  -0.00000003
  71    0.0000091  -0.00002751
  72    0.0000086  -0.00002738
  73    0.0000193  -0.00002620
  74    0.0000000  -0.00000000
  75    0.0000001  0.00000006
  76    0.0000078  -0.00002416
  77    0.0000072  -0.00002362
  78    0.0000153  -0.00002389
  79    0.0000000  -0.00000000
  80    0.0000001  0.00000004
  81    0.0000077  -0.00002364
  82    0.0000072  -0.00002356
  83    0.0000110  -0.00002429
  84    0.0000000  -0.00000000
  85    0.0000001  0.00000009
  86    0.0000065  -0.00002227
  87    0.0000062  -0.00002192
  88    0.0000079  -0.00002365
  89    0.0000000  -0.00000000
  90    0.0000001  0.00000009
  91    0.0000051  -0.00001537
  92    0.0000060  -0.00001540
  93    0.0000076  -0.00001623
  94    0.0000000  -0.00000000
  95    0.0000001  0.00000009
  96    0.0000044  -0.00001352
  97    0.0000049  -0.00001358
  98    0.0000069  -0.00001552
  99    0.0000000  -0.00000000
 100    0.0000001  0.00000009
 101    0.0000041  -0.00001110
 102    0.0000043  -0.00001131
 103    0.0000051  -0.00001172
 104    0.0000000  -0.00000000
 105    0.0000001  0.00000010
 106    0.0000031  -0.00000888
 107    0.0000041  -0.00000939
 108    0.0000046  -0.00000950
 109    0.0000000  -0.00000000
 110    0.0000001  0.00000011
 111    0.0000026  -0.00000811
 112    0.0000030  -0.00000855
 113    0.0000042  -0.00000797
 114    0.0000000  -0.00000000
 115    0.0000001  0.00000011
 116    0.0000023  -0.00000769
 117    0.0000025  -0.00000651
 118    0.0000033  -0.00000911
 119    0.0000000  -0.00000000
 120    0.0000001  0.00000008
 121    0.0000021  -0.00000638
 122    0.0000025  -0.00000807
 123    0.0000029  -0.00000854
 124    0.0000000  -0.00000000
 125    0.0000000  0.00000009
 126    0.0000017  -0.00000528
 127    0.0000021  -0.00000619
 128    0.0000027  -0.00000684
 129    0.0000000  -0.00000000
 130    0.0000000  0.00000010
 131    0.0000014  -0.00000253
 132    0.0000016  -0.00000286
 133    0.0000021  -0.00000397
 134    0.0000000  -0.00000000
 135    0.0000000  0.00000010
 136    0.0000012  -0.00000139
 137    0.0000013  -0.00000187
 138    0.0000020  -0.00000263
 139    0.0000000  -0.00000000
 140    0.0000000  0.00000009
 141    0.0000011  -0.00000097
 142    0.0000012  -0.00000181
 143    0.0000018  -0.00000255
 144    0.0000000  -0.00000000
 145    0.0000000  0.00000008
 146    0.0000010  -0.00000185
 147    0.0000011  -0.00000128
 148    0.0000015  -0.00000206
 149    0.0000000  -0.00000000
 150    0.0000000  0.00000009
 151    0.0000009  -0.00000053
 152    0.0000009  -0.00000035
 153    0.0000014  -0.00000168
 154    0.0000000  -0.00000000
 155    0.0000000  0.00000012
 156    0.0000009  -0.00000080
 157    0.0000009  -0.00000083
 158    0.0000013  -0.00000147
 159    0.0000000  -0.00000000
 160    0.0000000  0.00000012
 161    0.0000009  -0.00000058
 162    0.0000008  -0.00000071
 163    0.0000011  -0.00000072
 164    0.0000000  -0.00000000
 165    0.0000000  0.00000010
 166    0.0000008  -0.00000073
 167    0.0000008  -0.00000106
 168    0.0000011  -0.00000119
 169    0.0000000  -0.00000000
 170    0.0000000  0.00000010
 171    0.0000008  -0.00000084
 172    0.0000006  -0.00000035
 173    0.0000009  -0.00000072
 174    0.0000000  -0.00000000
 175    0.0000000  0.00000011
 
----------------
 Final Energies 
----------------
Final NOF Total Energy =     -40.3260319
 
Total Orbital Internal Iterations = 260
Total Occupation Internal Iterations = 72
 
Elapsed time:   73.86 Seconds

---------------------------------
   Lowdin Population Analysis    
---------------------------------
 Idx  Atom   Population   Charge 
---------------------------------
  1     C     5.689       0.311
  2     H     1.074      -0.074
  3     H     1.079      -0.079
  4     H     1.079      -0.079
  5     H     1.079      -0.079

---------------------------------
   M Diagnostic: 0.02
---------------------------------

