Computing Integrals
Basis Set                                            = def2-qzvp
Auxiliary Basis Set                                  = def2-universal-jkfit
Gaussian Type                                        = Spherical
Elapsed time:    1.74 Seconds

Number of basis functions                   (NBF)    = 87
Number of auxiliary basis functions         (NBFAUX) = 95
Inactive Doubly occupied orbitals up to     (NO1)    = 0
No. considered Strongly Doubly occupied MOs (NDOC)   = 4
No. considered Strongly Singly occupied MOs (NSOC)   = 1
NO. of Weakly occ. per St. Doubly occ.  MOs (NCWO)   = 20
Dimension of the Nat. Orb. subspace         (NBF5)   = 85
No. of electrons                                     = 9
    No. of alpha electrons                           = 5
    No. of beta electrons                            = 4
Multiplicity                                         = 2

Geometry
========
 O       0.0000000       0.0000000       0.4844483
 H       0.0000000       0.0000000      -0.4844483

Orthonormality violations 2562, Maximum Violation 0.000073
Trying to orthonormalize
No violations of the orthonormality
No violations of the orthonormality
 
PNOF5/ADABelief Calculation
==================
 
  Nitext  Nit_orb  Time   Nit_occ  Time         Eelec          Etot           Ediff      maxdiff    MaxGrad_orb  Grad_occ
     1      10    9.0e+00    0    1.2e+01   -79.87846758   -75.50915801 -10078.87846758   0.000098   3.9e-04   1.6e-04 0.02
 
RESULTS OF THE OCCUPATION OPTIMIZATION
========================================
   1    1.9997768  -20.60842253
   2    1.9792198  -0.94566516
   3    1.9900874  -0.82637254
   4    1.9900937  -0.82581933
   5    1.0000000  -0.32494226
   6    0.0071351  -0.00901595
   7    0.0072263  -0.00906208
   8    0.0169390  -0.01789013
   9    0.0001828  -0.00678786
  10    0.0009404  -0.00179884
  11    0.0009108  -0.00168074
  12    0.0018688  -0.00301438
  13    0.0000197  -0.00052008
  14    0.0009204  -0.00167692
  15    0.0008884  -0.00175103
  16    0.0009801  -0.00167998
  17    0.0000162  -0.00041684
  18    0.0004451  -0.00102205
  19    0.0004249  -0.00100283
  20    0.0006515  -0.00124734
  21    0.0000022  -0.00015975
  22    0.0000924  -0.00027941
  23    0.0000988  -0.00028562
  24    0.0000746  -0.00023152
  25    0.0000004  -0.00000288
  26    0.0000915  -0.00027497
  27    0.0000932  -0.00027744
  28    0.0000719  -0.00022421
  29    0.0000002  -0.00000275
  30    0.0000730  -0.00019202
  31    0.0000789  -0.00019639
  32    0.0000658  -0.00016491
  33    0.0000002  -0.00000060
  34    0.0000699  -0.00019758
  35    0.0000621  -0.00019136
  36    0.0000258  -0.00008892
  37    0.0000002  0.00000031
  38    0.0000598  -0.00017623
  39    0.0000488  -0.00016528
  40    0.0000257  -0.00009938
  41    0.0000001  0.00000031
  42    0.0000284  -0.00008022
  43    0.0000309  -0.00008097
  44    0.0000196  -0.00007412
  45    0.0000001  0.00000027
  46    0.0000126  -0.00005054
  47    0.0000149  -0.00005329
  48    0.0000166  -0.00006365
  49    0.0000001  0.00000026
  50    0.0000089  -0.00003026
  51    0.0000069  -0.00002881
  52    0.0000111  -0.00004248
  53    0.0000001  -0.00000080
  54    0.0000064  -0.00002742
  55    0.0000053  -0.00002636
  56    0.0000055  -0.00002865
  57    0.0000001  -0.00000352
  58    0.0000047  -0.00002039
  59    0.0000047  -0.00002052
  60    0.0000053  -0.00002489
  61    0.0000001  -0.00000159
  62    0.0000041  -0.00001820
  63    0.0000043  -0.00001658
  64    0.0000043  -0.00002198
  65    0.0000001  0.00000017
  66    0.0000036  -0.00001390
  67    0.0000037  -0.00001556
  68    0.0000034  -0.00001636
  69    0.0000001  0.00000017
  70    0.0000032  -0.00001279
  71    0.0000032  -0.00001199
  72    0.0000034  -0.00001323
  73    0.0000001  0.00000030
  74    0.0000025  -0.00000715
  75    0.0000024  -0.00000862
  76    0.0000030  -0.00001022
  77    0.0000001  -0.00000060
  78    0.0000023  -0.00000707
  79    0.0000024  -0.00000493
  80    0.0000027  -0.00000687
  81    0.0000001  0.00000032
  82    0.0000018  -0.00000452
  83    0.0000016  -0.00000166
  84    0.0000020  -0.00000702
  85    0.0000001  0.00000034
 
----------------
 Final Energies 
----------------
Final NOF Total Energy =     -75.5091580
 
Total Orbital Internal Iterations = 10
Total Occupation Internal Iterations = 0
 
Elapsed time:   28.10 Seconds

---------------------------------
   Lowdin Population Analysis    
---------------------------------
 Idx  Atom   Population   Charge 
---------------------------------
  1     O     7.592       0.408
  2     H     1.408      -0.408

---------------------------------
   M Diagnostic: 0.02
---------------------------------

