Computing Integrals
Basis Set                                            = def2-qzvp
Auxiliary Basis Set                                  = def2-universal-jkfit
Gaussian Type                                        = Spherical
Elapsed time:    1.72 Seconds

Number of basis functions                   (NBF)    = 117
Number of auxiliary basis functions         (NBFAUX) = 113
Inactive Doubly occupied orbitals up to     (NO1)    = 0
No. considered Strongly Doubly occupied MOs (NDOC)   = 5
No. considered Strongly Singly occupied MOs (NSOC)   = 1
NO. of Weakly occ. per St. Doubly occ.  MOs (NCWO)   = 22
Dimension of the Nat. Orb. subspace         (NBF5)   = 116
No. of electrons                                     = 11
    No. of alpha electrons                           = 6
    No. of beta electrons                            = 5
Multiplicity                                         = 2

Geometry
========
 H       0.1465678      -0.2472646       0.0000000
 F       0.0000000       1.2115485       0.0000000
 H      -0.1465678      -0.9642839       0.0000000

Orthonormality violations 3659, Maximum Violation 0.000173
Trying to orthonormalize
No violations of the orthonormality
No violations of the orthonormality
 
PNOF5/ADABelief Calculation
==================
 
  Nitext  Nit_orb  Time   Nit_occ  Time         Eelec          Etot           Ediff      maxdiff    MaxGrad_orb  Grad_occ
     1      10    9.8e+00    0    1.2e+01  -106.74458369  -100.62919370 -10105.74458369   0.000095   3.8e-04   1.9e-04 0.02
 
RESULTS OF THE OCCUPATION OPTIMIZATION
========================================
   1    1.9998664  -26.35970424
   2    1.9926751  -1.04357650
   3    1.9925727  -1.03818353
   4    1.9925118  -1.03753111
   5    1.9711292  -0.64386729
   6    1.0000000  -0.40162768
   7    0.0161568  -0.01178441
   8    0.0054880  -0.00909327
   9    0.0054519  -0.00906433
  10    0.0053094  -0.00890146
  11    0.0001313  -0.00631173
  12    0.0044425  -0.00404864
  13    0.0007349  -0.00192262
  14    0.0007756  -0.00195671
  15    0.0007481  -0.00192541
  16    0.0000014  -0.00012137
  17    0.0038125  -0.00340256
  18    0.0006639  -0.00161185
  19    0.0006178  -0.00158342
  20    0.0006705  -0.00164348
  21    0.0000001  -0.00000411
  22    0.0034514  -0.00323673
  23    0.0003388  -0.00101833
  24    0.0003336  -0.00101960
  25    0.0003323  -0.00101135
  26    0.0000001  -0.00000424
  27    0.0002123  -0.00031030
  28    0.0000614  -0.00024923
  29    0.0000626  -0.00025105
  30    0.0000615  -0.00025164
  31    0.0000001  0.00000017
  32    0.0001614  -0.00023805
  33    0.0000509  -0.00021592
  34    0.0000623  -0.00022613
  35    0.0000526  -0.00021768
  36    0.0000000  0.00000013
  37    0.0001413  -0.00022316
  38    0.0000438  -0.00018347
  39    0.0000431  -0.00018218
  40    0.0000495  -0.00019348
  41    0.0000000  0.00000015
  42    0.0000975  -0.00019438
  43    0.0000334  -0.00013082
  44    0.0000343  -0.00013079
  45    0.0000354  -0.00014107
  46    0.0000000  0.00000014
  47    0.0000814  -0.00014483
  48    0.0000271  -0.00010274
  49    0.0000132  -0.00008535
  50    0.0000244  -0.00009383
  51    0.0000000  0.00000014
  52    0.0000749  -0.00014211
  53    0.0000120  -0.00007728
  54    0.0000067  -0.00005732
  55    0.0000124  -0.00007796
  56    0.0000000  0.00000013
  57    0.0000592  -0.00011232
  58    0.0000074  -0.00003882
  59    0.0000058  -0.00003583
  60    0.0000058  -0.00003579
  61    0.0000000  0.00000013
  62    0.0000549  -0.00010996
  63    0.0000053  -0.00002359
  64    0.0000031  -0.00002148
  65    0.0000044  -0.00002286
  66    0.0000000  0.00000015
  67    0.0000388  -0.00009881
  68    0.0000036  -0.00002046
  69    0.0000031  -0.00001839
  70    0.0000033  -0.00002073
  71    0.0000000  0.00000013
  72    0.0000196  -0.00004263
  73    0.0000029  -0.00001553
  74    0.0000027  -0.00001548
  75    0.0000029  -0.00001617
  76    0.0000000  0.00000014
  77    0.0000142  -0.00003659
  78    0.0000026  -0.00001461
  79    0.0000024  -0.00001399
  80    0.0000025  -0.00001489
  81    0.0000000  0.00000012
  82    0.0000110  -0.00003483
  83    0.0000025  -0.00001010
  84    0.0000021  -0.00000511
  85    0.0000019  -0.00000673
  86    0.0000000  0.00000014
  87    0.0000100  -0.00002961
  88    0.0000024  -0.00001019
  89    0.0000020  -0.00000608
  90    0.0000018  -0.00000326
  91    0.0000000  0.00000014
  92    0.0000083  -0.00002866
  93    0.0000022  -0.00000626
  94    0.0000014  0.00000088
  95    0.0000016  -0.00000026
  96    0.0000000  0.00000014
  97    0.0000069  -0.00002586
  98    0.0000017  0.00000080
  99    0.0000010  0.00000218
 100    0.0000016  0.00000196
 101    0.0000000  0.00000014
 102    0.0000068  -0.00002450
 103    0.0000014  0.00000071
 104    0.0000010  0.00000276
 105    0.0000012  0.00000283
 106    0.0000000  0.00000017
 107    0.0000058  -0.00002411
 108    0.0000011  0.00000251
 109    0.0000010  0.00000274
 110    0.0000011  0.00000201
 111    0.0000000  0.00000018
 112    0.0000031  -0.00001593
 113    0.0000011  0.00000284
 114    0.0000007  0.00000193
 115    0.0000007  0.00000198
 116    0.0000000  0.00000018
 
----------------
 Final Energies 
----------------
Final NOF Total Energy =    -100.6291937
 
Total Orbital Internal Iterations = 10
Total Occupation Internal Iterations = 0
 
Elapsed time:   28.89 Seconds

---------------------------------
   Lowdin Population Analysis    
---------------------------------
 Idx  Atom   Population   Charge 
---------------------------------
  1     H     1.156      -0.156
  2     F     8.866       0.134
  3     H     0.977       0.023

---------------------------------
   M Diagnostic: 0.02
---------------------------------

