Computing Integrals
Basis Set                                            = def2-qzvp
Auxiliary Basis Set                                  = def2-universal-jkfit
Gaussian Type                                        = Spherical
Elapsed time:    1.70 Seconds

Number of basis functions                   (NBF)    = 87
Number of auxiliary basis functions         (NBFAUX) = 95
Inactive Doubly occupied orbitals up to     (NO1)    = 0
No. considered Strongly Doubly occupied MOs (NDOC)   = 5
No. considered Strongly Singly occupied MOs (NSOC)   = 0
NO. of Weakly occ. per St. Doubly occ.  MOs (NCWO)   = 16
Dimension of the Nat. Orb. subspace         (NBF5)   = 85
No. of electrons                                     = 10
    No. of alpha electrons                           = 5
    No. of beta electrons                            = 5
Multiplicity                                         = 1

Geometry
========
 F       0.0000000       0.0000000       0.4576912
 H       0.0000000       0.0000000      -0.4576912

Orthonormality violations 2282, Maximum Violation 0.000061
Trying to orthonormalize
No violations of the orthonormality
No violations of the orthonormality
 
PNOF5/ADABelief Calculation
==================
 
  Nitext  Nit_orb  Time   Nit_occ  Time         Eelec          Etot           Ediff      maxdiff    MaxGrad_orb  Grad_occ
     1      10    9.1e+00    0    1.2e+01  -105.37763891  -100.17480245 -10104.37763891   0.000097   3.9e-04   1.6e-04 0.02
 
RESULTS OF THE OCCUPATION OPTIMIZATION
========================================
   1    1.9998561  -26.28028644
   2    1.9810844  -1.03639821
   3    1.9919524  -0.92265276
   4    1.9918116  -0.92088418
   5    1.9918456  -0.91859664
   6    0.0064749  -0.00968859
   7    0.0065378  -0.00972309
   8    0.0064213  -0.00965916
   9    0.0162097  -0.01922610
  10    0.0001340  -0.00637193
  11    0.0006588  -0.00162636
  12    0.0006346  -0.00159347
  13    0.0006465  -0.00160067
  14    0.0014203  -0.00260912
  15    0.0000073  -0.00026086
  16    0.0004344  -0.00116049
  17    0.0004341  -0.00111096
  18    0.0003905  -0.00108746
  19    0.0005528  -0.00117219
  20    0.0000014  -0.00012089
  21    0.0004108  -0.00108241
  22    0.0003826  -0.00108305
  23    0.0003804  -0.00104712
  24    0.0004955  -0.00111039
  25    0.0000004  -0.00000161
  26    0.0000553  -0.00018684
  27    0.0000526  -0.00018454
  28    0.0000491  -0.00018183
  29    0.0000913  -0.00027262
  30    0.0000001  -0.00000051
  31    0.0000440  -0.00015372
  32    0.0000463  -0.00015633
  33    0.0000464  -0.00017710
  34    0.0000405  -0.00012025
  35    0.0000001  -0.00000088
  36    0.0000244  -0.00013619
  37    0.0000336  -0.00015611
  38    0.0000419  -0.00015153
  39    0.0000265  -0.00009386
  40    0.0000001  -0.00000513
  41    0.0000151  -0.00009750
  42    0.0000309  -0.00014707
  43    0.0000263  -0.00013721
  44    0.0000207  -0.00008340
  45    0.0000001  0.00000012
  46    0.0000117  -0.00008026
  47    0.0000109  -0.00007803
  48    0.0000189  -0.00010077
  49    0.0000151  -0.00006233
  50    0.0000001  0.00000011
  51    0.0000089  -0.00006123
  52    0.0000090  -0.00006094
  53    0.0000082  -0.00005931
  54    0.0000142  -0.00005744
  55    0.0000001  0.00000011
  56    0.0000039  -0.00001353
  57    0.0000037  -0.00001383
  58    0.0000038  -0.00001013
  59    0.0000081  -0.00004441
  60    0.0000001  0.00000015
  61    0.0000030  -0.00001305
  62    0.0000033  -0.00001451
  63    0.0000035  -0.00001386
  64    0.0000065  -0.00002564
  65    0.0000001  0.00000014
  66    0.0000028  -0.00001251
  67    0.0000028  -0.00001116
  68    0.0000032  -0.00001442
  69    0.0000045  -0.00002296
  70    0.0000001  0.00000017
  71    0.0000024  -0.00000736
  72    0.0000024  -0.00000889
  73    0.0000028  -0.00001029
  74    0.0000041  -0.00001679
  75    0.0000000  0.00000014
  76    0.0000021  -0.00000476
  77    0.0000023  -0.00000979
  78    0.0000026  -0.00000793
  79    0.0000033  -0.00001277
  80    0.0000000  0.00000016
  81    0.0000019  -0.00000606
  82    0.0000014  -0.00000235
  83    0.0000022  -0.00000716
  84    0.0000025  -0.00001039
  85    0.0000000  0.00000018
 
----------------
 Final Energies 
----------------
Final NOF Total Energy =    -100.1748025
 
Total Orbital Internal Iterations = 10
Total Occupation Internal Iterations = 0
 
Elapsed time:   28.09 Seconds

---------------------------------
   Lowdin Population Analysis    
---------------------------------
 Idx  Atom   Population   Charge 
---------------------------------
  1     F     8.512       0.488
  2     H     1.488      -0.488

---------------------------------
   M Diagnostic: 0.02
---------------------------------

