Computing Integrals
Basis Set                                            = def2-qzvp
Auxiliary Basis Set                                  = def2-universal-jkfit
Gaussian Type                                        = Spherical
Elapsed time:    4.00 Seconds

Number of basis functions                   (NBF)    = 257
Number of auxiliary basis functions         (NBFAUX) = 367
Inactive Doubly occupied orbitals up to     (NO1)    = 0
No. considered Strongly Doubly occupied MOs (NDOC)   = 21
No. considered Strongly Singly occupied MOs (NSOC)   = 0
NO. of Weakly occ. per St. Doubly occ.  MOs (NCWO)   = 11
Dimension of the Nat. Orb. subspace         (NBF5)   = 252
No. of electrons                                     = 42
    No. of alpha electrons                           = 21
    No. of beta electrons                            = 21
Multiplicity                                         = 1

Geometry
========
Cl       0.0000000       1.4939925       0.8346445
 C       0.0000000       0.0000000      -0.1555982
Cl       0.0000000      -1.4939925       0.8346445
 H       0.8986495       0.0000000      -0.7568453
 H      -0.8986495       0.0000000      -0.7568453

Orthonormality violations 15148, Maximum Violation 0.000054
Trying to orthonormalize
No violations of the orthonormality
No violations of the orthonormality
 
PNOF5/ADABelief Calculation
==================
 
  Nitext  Nit_orb  Time   Nit_occ  Time         Eelec          Etot           Ediff      maxdiff    MaxGrad_orb  Grad_occ
     1      10    1.4e+01    0    1.2e+01 -1091.20463204  -958.38275976 -11090.20463204   0.000097   3.9e-04   1.8e-04 0.02
 
RESULTS OF THE OCCUPATION OPTIMIZATION
========================================
   1    1.9999301  -95.22732279
   2    1.9999319  -94.45405084
   3    1.9999995  -20.97489753
   4    1.9999958  -19.89167656
   5    1.9994544  -11.35479818
   6    1.9997930  -8.35733630
   7    1.9994622  -8.04684402
   8    1.9994280  -8.03036764
   9    1.9995393  -8.02973536
  10    1.9996788  -8.02960372
  11    1.9995715  -8.02928097
  12    1.9864076  -0.81645924
  13    1.9864681  -0.81601574
  14    1.9785916  -0.75580687
  15    1.9785671  -0.75575621
  16    1.9869776  -0.67638838
  17    1.9867206  -0.67538351
  18    1.9864994  -0.67263161
  19    1.9857769  -0.66962998
  20    1.9853847  -0.66812694
  21    1.9839877  -0.66021086
  22    0.0064073  -0.00562986
  23    0.0060684  -0.00545197
  24    0.0059834  -0.00540639
  25    0.0059413  -0.00541420
  26    0.0059141  -0.00539985
  27    0.0059154  -0.00539471
  28    0.0141761  -0.01236675
  29    0.0141666  -0.01236044
  30    0.0113085  -0.01042041
  31    0.0113612  -0.01046751
  32    0.0001617  -0.00220659
  33    0.0001814  -0.00229886
  34    0.0001930  -0.00234830
  35    0.0001832  -0.00220308
  36    0.0001984  -0.00259971
  37    0.0002054  -0.00267956
  38    0.0003883  -0.00768343
  39    0.0000038  -0.00012423
  40    0.0000001  -0.00000310
  41    0.0000483  -0.00818758
  42    0.0000488  -0.00824295
  43    0.0053457  -0.00466658
  44    0.0053239  -0.00467395
  45    0.0052931  -0.00462648
  46    0.0052215  -0.00460868
  47    0.0051425  -0.00457566
  48    0.0050679  -0.00450394
  49    0.0028581  -0.00349634
  50    0.0028624  -0.00349923
  51    0.0007920  -0.00117225
  52    0.0008053  -0.00118471
  53    0.0001570  -0.00186959
  54    0.0001368  -0.00182165
  55    0.0001503  -0.00205738
  56    0.0001649  -0.00222090
  57    0.0001172  -0.00140508
  58    0.0000003  -0.00000053
  59    0.0000521  -0.00076844
  60    0.0000001  -0.00000165
  61    0.0000001  0.00000016
  62    0.0000065  -0.00074472
  63    0.0000078  -0.00092705
  64    0.0030419  -0.00293318
  65    0.0023515  -0.00245285
  66    0.0021452  -0.00227614
  67    0.0014955  -0.00178756
  68    0.0013795  -0.00170999
  69    0.0012503  -0.00157491
  70    0.0019505  -0.00249275
  71    0.0019432  -0.00248656
  72    0.0006379  -0.00099001
  73    0.0006476  -0.00100396
  74    0.0001074  -0.00134318
  75    0.0000005  -0.00000789
  76    0.0001152  -0.00139960
  77    0.0001168  -0.00139528
  78    0.0001169  -0.00139440
  79    0.0000003  -0.00000181
  80    0.0000485  -0.00068787
  81    0.0000000  0.00000012
  82    0.0000001  0.00000015
  83    0.0000059  -0.00066952
  84    0.0000059  -0.00067610
  85    0.0009994  -0.00111397
  86    0.0005344  -0.00072890
  87    0.0004980  -0.00068084
  88    0.0004381  -0.00062443
  89    0.0004288  -0.00059944
  90    0.0003816  -0.00054027
  91    0.0019188  -0.00242637
  92    0.0019021  -0.00240930
  93    0.0006328  -0.00098925
  94    0.0006173  -0.00097034
  95    0.0000008  -0.00000882
  96    0.0000004  -0.00000019
  97    0.0000008  -0.00000444
  98    0.0001044  -0.00131606
  99    0.0001028  -0.00128373
 100    0.0000002  0.00000006
 101    0.0000478  -0.00068794
 102    0.0000000  0.00000013
 103    0.0000000  0.00000014
 104    0.0000059  -0.00066845
 105    0.0000059  -0.00067426
 106    0.0000726  -0.00015666
 107    0.0001187  -0.00021555
 108    0.0000873  -0.00018264
 109    0.0001417  -0.00024208
 110    0.0001559  -0.00025538
 111    0.0001419  -0.00024336
 112    0.0001122  -0.00021964
 113    0.0001133  -0.00022083
 114    0.0000496  -0.00011697
 115    0.0000511  -0.00011649
 116    0.0000005  -0.00000122
 117    0.0000003  0.00000011
 118    0.0000003  0.00000000
 119    0.0000009  -0.00000469
 120    0.0000008  -0.00000730
 121    0.0000002  0.00000015
 122    0.0000059  -0.00028906
 123    0.0000000  0.00000013
 124    0.0000000  0.00000014
 125    0.0000014  -0.00042444
 126    0.0000013  -0.00040748
 127    0.0000476  -0.00011738
 128    0.0000679  -0.00014253
 129    0.0000671  -0.00014053
 130    0.0001014  -0.00018194
 131    0.0000925  -0.00017258
 132    0.0001000  -0.00018053
 133    0.0000996  -0.00020609
 134    0.0001026  -0.00020861
 135    0.0000417  -0.00010585
 136    0.0000432  -0.00010699
 137    0.0000003  -0.00000037
 138    0.0000003  0.00000012
 139    0.0000003  0.00000009
 140    0.0000006  -0.00000132
 141    0.0000004  -0.00000058
 142    0.0000001  0.00000021
 143    0.0000007  -0.00000565
 144    0.0000000  0.00000013
 145    0.0000000  0.00000015
 146    0.0000001  0.00000018
 147    0.0000001  0.00000020
 148    0.0000355  -0.00009023
 149    0.0000582  -0.00010972
 150    0.0000595  -0.00011039
 151    0.0000564  -0.00010919
 152    0.0000578  -0.00010729
 153    0.0000603  -0.00010800
 154    0.0000852  -0.00017882
 155    0.0000838  -0.00017605
 156    0.0000190  -0.00005548
 157    0.0000183  -0.00005403
 158    0.0000002  0.00000020
 159    0.0000003  0.00000010
 160    0.0000002  0.00000010
 161    0.0000004  -0.00000075
 162    0.0000003  0.00000008
 163    0.0000001  0.00000028
 164    0.0000006  -0.00000488
 165    0.0000000  0.00000013
 166    0.0000000  0.00000015
 167    0.0000000  0.00000016
 168    0.0000001  0.00000016
 169    0.0000275  -0.00007321
 170    0.0000419  -0.00008641
 171    0.0000419  -0.00008540
 172    0.0000448  -0.00008917
 173    0.0000463  -0.00008950
 174    0.0000446  -0.00008795
 175    0.0000835  -0.00017434
 176    0.0000837  -0.00017635
 177    0.0000159  -0.00005015
 178    0.0000156  -0.00005028
 179    0.0000001  0.00000024
 180    0.0000003  0.00000016
 181    0.0000002  0.00000017
 182    0.0000004  0.00000007
 183    0.0000003  0.00000005
 184    0.0000001  0.00000026
 185    0.0000006  -0.00000482
 186    0.0000000  0.00000012
 187    0.0000000  0.00000015
 188    0.0000000  0.00000014
 189    0.0000000  0.00000014
 190    0.0000175  -0.00005419
 191    0.0000303  -0.00007125
 192    0.0000272  -0.00006824
 193    0.0000357  -0.00007715
 194    0.0000329  -0.00007230
 195    0.0000370  -0.00007634
 196    0.0000733  -0.00016909
 197    0.0000740  -0.00016841
 198    0.0000143  -0.00003709
 199    0.0000127  -0.00003080
 200    0.0000001  0.00000028
 201    0.0000003  0.00000014
 202    0.0000002  0.00000022
 203    0.0000002  0.00000018
 204    0.0000002  0.00000014
 205    0.0000001  0.00000027
 206    0.0000005  -0.00000411
 207    0.0000000  0.00000012
 208    0.0000000  0.00000015
 209    0.0000000  0.00000009
 210    0.0000000  0.00000012
 211    0.0000103  -0.00001964
 212    0.0000101  -0.00002151
 213    0.0000104  -0.00002058
 214    0.0000127  -0.00002253
 215    0.0000155  -0.00002402
 216    0.0000118  -0.00001953
 217    0.0000496  -0.00013823
 218    0.0000494  -0.00013800
 219    0.0000112  -0.00002358
 220    0.0000118  -0.00002872
 221    0.0000001  0.00000028
 222    0.0000003  0.00000019
 223    0.0000001  0.00000026
 224    0.0000002  0.00000023
 225    0.0000002  0.00000015
 226    0.0000001  0.00000025
 227    0.0000004  -0.00000353
 228    0.0000000  0.00000012
 229    0.0000000  0.00000015
 230    0.0000000  0.00000009
 231    0.0000000  0.00000008
 232    0.0000070  -0.00001474
 233    0.0000100  -0.00001767
 234    0.0000102  -0.00001836
 235    0.0000115  -0.00002017
 236    0.0000137  -0.00001942
 237    0.0000117  -0.00002081
 238    0.0000260  -0.00007811
 239    0.0000274  -0.00008126
 240    0.0000090  -0.00002609
 241    0.0000083  -0.00002413
 242    0.0000001  0.00000026
 243    0.0000003  0.00000023
 244    0.0000001  0.00000028
 245    0.0000001  0.00000026
 246    0.0000002  0.00000025
 247    0.0000001  0.00000024
 248    0.0000003  -0.00001653
 249    0.0000000  0.00000012
 250    0.0000000  0.00000016
 251    0.0000000  0.00000008
 252    0.0000000  0.00000008
 
----------------
 Final Energies 
----------------
Final NOF Total Energy =    -958.3827598
 
Total Orbital Internal Iterations = 10
Total Occupation Internal Iterations = 0
 
Elapsed time:   34.99 Seconds

---------------------------------
   Lowdin Population Analysis    
---------------------------------
 Idx  Atom   Population   Charge 
---------------------------------
  1    Cl    16.622       0.378
  2     C     6.517      -0.517
  3    Cl    16.622       0.378
  4     H     1.119      -0.119
  5     H     1.119      -0.119

---------------------------------
   M Diagnostic: 0.02
---------------------------------

