Computing Integrals
Basis Set                                            = def2-qzvp
Auxiliary Basis Set                                  = def2-universal-jkfit
Gaussian Type                                        = Spherical
Elapsed time:    2.33 Seconds

Number of basis functions                   (NBF)    = 140
Number of auxiliary basis functions         (NBFAUX) = 256
Inactive Doubly occupied orbitals up to     (NO1)    = 0
No. considered Strongly Doubly occupied MOs (NDOC)   = 17
No. considered Strongly Singly occupied MOs (NSOC)   = 0
NO. of Weakly occ. per St. Doubly occ.  MOs (NCWO)   = 7
Dimension of the Nat. Orb. subspace         (NBF5)   = 136
No. of electrons                                     = 34
    No. of alpha electrons                           = 17
    No. of beta electrons                            = 17
Multiplicity                                         = 1

Geometry
========
Cl       0.0000000       0.0000000       1.0211660
Cl       0.0000000       0.0000000      -1.0211660

Orthonormality violations 3934, Maximum Violation 0.000050
Trying to orthonormalize
No violations of the orthonormality
No violations of the orthonormality
 
PNOF5/ADABelief Calculation
==================
 
  Nitext  Nit_orb  Time   Nit_occ  Time         Eelec          Etot           Ediff      maxdiff    MaxGrad_orb  Grad_occ
     1      10    1.0e+01    0    1.2e+01  -994.08810451  -919.20708746 -10993.08810451   0.000095   3.8e-04   1.7e-04 0.01
 
RESULTS OF THE OCCUPATION OPTIMIZATION
========================================
   1    1.9999359  -95.14404841
   2    1.9999316  -94.49100335
   3    1.9999997  -21.02848017
   4    1.9999954  -20.04794681
   5    1.9997855  -8.41690870
   6    1.9995794  -8.09063269
   7    1.9994426  -8.07340846
   8    1.9995427  -8.07251229
   9    1.9995698  -8.07185522
  10    1.9995628  -8.07182541
  11    1.9906132  -0.84814962
  12    1.9858403  -0.70308778
  13    1.9858598  -0.70187325
  14    1.9851837  -0.70009386
  15    1.9851916  -0.69934207
  16    1.9846901  -0.69686064
  17    1.9846139  -0.69602916
  18    0.0068014  -0.00594343
  19    0.0067707  -0.00593282
  20    0.0066930  -0.00587683
  21    0.0066831  -0.00587685
  22    0.0065635  -0.00579876
  23    0.0065511  -0.00579038
  24    0.0078693  -0.00766359
  25    0.0001797  -0.00222430
  26    0.0001630  -0.00197387
  27    0.0001948  -0.00235267
  28    0.0001866  -0.00223042
  29    0.0002039  -0.00265338
  30    0.0002128  -0.00275545
  31    0.0000040  -0.00012988
  32    0.0000001  -0.00000489
  33    0.0000484  -0.00820076
  34    0.0000488  -0.00823046
  35    0.0053513  -0.00500880
  36    0.0053064  -0.00498619
  37    0.0053474  -0.00502576
  38    0.0053068  -0.00500272
  39    0.0053465  -0.00505636
  40    0.0053692  -0.00507185
  41    0.0006588  -0.00090488
  42    0.0001402  -0.00187320
  43    0.0001596  -0.00211722
  44    0.0001447  -0.00200639
  45    0.0001440  -0.00204872
  46    0.0001170  -0.00139203
  47    0.0000004  -0.00000252
  48    0.0000001  -0.00000309
  49    0.0000000  -0.00000014
  50    0.0000067  -0.00076850
  51    0.0000079  -0.00094362
  52    0.0023245  -0.00249542
  53    0.0022970  -0.00247340
  54    0.0019201  -0.00218969
  55    0.0019664  -0.00222838
  56    0.0013541  -0.00172300
  57    0.0014127  -0.00177652
  58    0.0004041  -0.00064108
  59    0.0001147  -0.00139281
  60    0.0001050  -0.00132842
  61    0.0001153  -0.00139405
  62    0.0001164  -0.00138753
  63    0.0000974  -0.00122075
  64    0.0000003  -0.00000116
  65    0.0000001  -0.00000014
  66    0.0000000  -0.00000009
  67    0.0000059  -0.00067131
  68    0.0000059  -0.00067388
  69    0.0007061  -0.00089891
  70    0.0007239  -0.00093842
  71    0.0005707  -0.00077644
  72    0.0005810  -0.00080335
  73    0.0005267  -0.00074903
  74    0.0004694  -0.00067037
  75    0.0003930  -0.00063521
  76    0.0000010  -0.00001206
  77    0.0000010  -0.00001213
  78    0.0000009  -0.00000819
  79    0.0000992  -0.00139298
  80    0.0000009  -0.00000832
  81    0.0000003  -0.00000118
  82    0.0000001  -0.00000004
  83    0.0000000  -0.00000000
  84    0.0000059  -0.00067102
  85    0.0000013  -0.00040877
  86    0.0000856  -0.00018413
  87    0.0000926  -0.00019243
  88    0.0001354  -0.00023742
  89    0.0001343  -0.00023677
  90    0.0001635  -0.00026308
  91    0.0001668  -0.00026576
  92    0.0000264  -0.00006910
  93    0.0000007  -0.00000318
  94    0.0000006  -0.00000302
  95    0.0000006  -0.00000272
  96    0.0000093  -0.00021107
  97    0.0000005  -0.00000288
  98    0.0000003  -0.00000032
  99    0.0000001  -0.00000002
 100    0.0000000  0.00000003
 101    0.0000014  -0.00042480
 102    0.0000000  -0.00000006
 103    0.0000706  -0.00015031
 104    0.0000740  -0.00015427
 105    0.0000869  -0.00016616
 106    0.0000889  -0.00016951
 107    0.0001266  -0.00020457
 108    0.0001295  -0.00020563
 109    0.0000202  -0.00006279
 110    0.0000005  -0.00000033
 111    0.0000005  -0.00000022
 112    0.0000005  -0.00000047
 113    0.0000012  -0.00000882
 114    0.0000004  -0.00000048
 115    0.0000002  -0.00000023
 116    0.0000001  0.00000005
 117    0.0000000  0.00000003
 118    0.0000000  0.00000005
 119    0.0000000  0.00000004
 120    0.0000467  -0.00009789
 121    0.0000452  -0.00009726
 122    0.0000549  -0.00010316
 123    0.0000559  -0.00010364
 124    0.0000594  -0.00010567
 125    0.0000610  -0.00010665
 126    0.0000151  -0.00003760
 127    0.0000005  -0.00000034
 128    0.0000005  -0.00000032
 129    0.0000005  -0.00000032
 130    0.0000007  -0.00000329
 131    0.0000004  -0.00000017
 132    0.0000002  -0.00000009
 133    0.0000001  0.00000005
 134    0.0000000  0.00000003
 135    0.0000000  0.00000004
 136    0.0000000  0.00000004
 
----------------
 Final Energies 
----------------
Final NOF Total Energy =    -919.2070875
 
Total Orbital Internal Iterations = 10
Total Occupation Internal Iterations = 0
 
Elapsed time:   29.64 Seconds

---------------------------------
   Lowdin Population Analysis    
---------------------------------
 Idx  Atom   Population   Charge 
---------------------------------
  1    Cl    17.000       0.000
  2    Cl    17.000      -0.000

---------------------------------
   M Diagnostic: 0.01
---------------------------------

