Computing Integrals
Basis Set                                            = def2-qzvp
Auxiliary Basis Set                                  = def2-universal-jkfit
Gaussian Type                                        = Spherical
Elapsed time:    2.68 Seconds

Number of basis functions                   (NBF)    = 157
Number of auxiliary basis functions         (NBFAUX) = 221
Inactive Doubly occupied orbitals up to     (NO1)    = 0
No. considered Strongly Doubly occupied MOs (NDOC)   = 11
No. considered Strongly Singly occupied MOs (NSOC)   = 0
NO. of Weakly occ. per St. Doubly occ.  MOs (NCWO)   = 13
Dimension of the Nat. Orb. subspace         (NBF5)   = 154
No. of electrons                                     = 22
    No. of alpha electrons                           = 11
    No. of beta electrons                            = 11
Multiplicity                                         = 1

Geometry
========
 P       0.0000000       0.0000000       0.5341990
 C       0.0000000       0.0000000      -0.9915770
 H       0.0000000       0.0000000      -2.0635260

Orthonormality violations 5822, Maximum Violation 0.000078
Trying to orthonormalize
No violations of the orthonormality
No violations of the orthonormality
 
PNOF5/ADABelief Calculation
==================
 
  Nitext  Nit_orb  Time   Nit_occ  Time         Eelec          Etot           Ediff      maxdiff    MaxGrad_orb  Grad_occ
     1      10    1.1e+01    0    1.2e+01  -416.55941243  -379.32766897 -10415.55941243   0.000099   3.9e-04   1.7e-04 0.08
 
RESULTS OF THE OCCUPATION OPTIMIZATION
========================================
   1    1.9999597  -79.28738396
   2    1.9994525  -11.24410223
   3    1.9995644  -6.48119035
   4    1.9995642  -6.48086740
   5    1.9991566  -5.77514471
   6    1.9990637  -5.54968983
   7    1.9938454  -0.91850914
   8    1.9796089  -0.76581266
   9    1.9853894  -0.59073144
  10    1.9163466  -0.39615789
  11    1.9189020  -0.39252805
  12    0.0806882  -0.02708271
  13    0.0754304  -0.02554062
  14    0.0062535  -0.00441076
  15    0.0130272  -0.01144960
  16    0.0031398  -0.00398361
  17    0.0004317  -0.00413152
  18    0.0005046  -0.00465103
  19    0.0004347  -0.00427914
  20    0.0004338  -0.00427114
  21    0.0003854  -0.00766435
  22    0.0000362  -0.00572726
  23    0.0001181  -0.00011598
  24    0.0037136  -0.00200488
  25    0.0024127  -0.00195210
  26    0.0035565  -0.00405742
  27    0.0013210  -0.00204829
  28    0.0002150  -0.00182628
  29    0.0001967  -0.00170255
  30    0.0000002  -0.00000202
  31    0.0000002  -0.00000419
  32    0.0000557  -0.00082353
  33    0.0000014  -0.00012919
  34    0.0001030  -0.00011294
  35    0.0026469  -0.00138998
  36    0.0023555  -0.00191599
  37    0.0015478  -0.00201427
  38    0.0010426  -0.00155710
  39    0.0001395  -0.00117901
  40    0.0001377  -0.00117924
  41    0.0000001  -0.00000006
  42    0.0000002  -0.00000093
  43    0.0000484  -0.00065984
  44    0.0000013  -0.00012320
  45    0.0000803  -0.00007833
  46    0.0018236  -0.00106201
  47    0.0017298  -0.00142940
  48    0.0015293  -0.00199371
  49    0.0003042  -0.00058558
  50    0.0001366  -0.00115378
  51    0.0000009  -0.00000336
  52    0.0000001  0.00000015
  53    0.0000002  -0.00000010
  54    0.0000482  -0.00065378
  55    0.0000011  -0.00023842
  56    0.0000298  -0.00003878
  57    0.0000073  -0.00002072
  58    0.0007828  -0.00070078
  59    0.0001350  -0.00024330
  60    0.0000953  -0.00020889
  61    0.0000096  -0.00011826
  62    0.0000007  -0.00000176
  63    0.0000001  0.00000024
  64    0.0000002  -0.00000022
  65    0.0000064  -0.00029064
  66    0.0000001  0.00000008
  67    0.0000235  -0.00003516
  68    0.0000063  -0.00001766
  69    0.0006630  -0.00063114
  70    0.0001347  -0.00024250
  71    0.0000666  -0.00016238
  72    0.0000008  -0.00000160
  73    0.0000005  -0.00000135
  74    0.0000001  0.00000023
  75    0.0000002  0.00000015
  76    0.0000007  -0.00000485
  77    0.0000000  0.00000012
  78    0.0000204  -0.00002763
  79    0.0000055  -0.00001126
  80    0.0001131  -0.00013647
  81    0.0001128  -0.00022651
  82    0.0000465  -0.00012348
  83    0.0000007  -0.00000069
  84    0.0000004  -0.00000013
  85    0.0000001  0.00000023
  86    0.0000002  0.00000020
  87    0.0000006  -0.00000875
  88    0.0000000  0.00000010
  89    0.0000106  -0.00001684
  90    0.0000049  -0.00001110
  91    0.0000700  -0.00010702
  92    0.0000962  -0.00020752
  93    0.0000377  -0.00011627
  94    0.0000005  0.00000005
  95    0.0000004  0.00000006
  96    0.0000001  0.00000025
  97    0.0000001  0.00000017
  98    0.0000006  -0.00000387
  99    0.0000000  0.00000007
 100    0.0000069  -0.00001402
 101    0.0000037  -0.00001034
 102    0.0000588  -0.00009021
 103    0.0000822  -0.00018459
 104    0.0000321  -0.00009402
 105    0.0000005  0.00000005
 106    0.0000003  0.00000010
 107    0.0000001  0.00000024
 108    0.0000001  0.00000024
 109    0.0000004  -0.00000346
 110    0.0000000  0.00000006
 111    0.0000053  -0.00001101
 112    0.0000035  -0.00000599
 113    0.0000507  -0.00008516
 114    0.0000679  -0.00015988
 115    0.0000248  -0.00005070
 116    0.0000004  -0.00000011
 117    0.0000003  0.00000004
 118    0.0000001  0.00000025
 119    0.0000001  0.00000025
 120    0.0000004  -0.00000516
 121    0.0000000  0.00000006
 122    0.0000050  -0.00001272
 123    0.0000028  -0.00000578
 124    0.0000423  -0.00007884
 125    0.0000428  -0.00010894
 126    0.0000191  -0.00005108
 127    0.0000004  0.00000009
 128    0.0000003  0.00000016
 129    0.0000001  0.00000021
 130    0.0000001  0.00000025
 131    0.0000004  -0.00001128
 132    0.0000000  0.00000006
 133    0.0000041  -0.00000732
 134    0.0000027  -0.00000515
 135    0.0000398  -0.00006355
 136    0.0000301  -0.00007649
 137    0.0000150  -0.00003699
 138    0.0000003  0.00000011
 139    0.0000003  0.00000016
 140    0.0000001  0.00000023
 141    0.0000001  0.00000023
 142    0.0000002  0.00000021
 143    0.0000000  0.00000006
 144    0.0000029  -0.00000631
 145    0.0000022  -0.00000477
 146    0.0000387  -0.00006274
 147    0.0000287  -0.00007389
 148    0.0000098  -0.00002010
 149    0.0000003  0.00000015
 150    0.0000002  0.00000021
 151    0.0000001  0.00000022
 152    0.0000001  0.00000026
 153    0.0000002  -0.00000025
 154    0.0000000  0.00000006
 
----------------
 Final Energies 
----------------
Final NOF Total Energy =    -379.3276690
 
Total Orbital Internal Iterations = 10
Total Occupation Internal Iterations = 0
 
Elapsed time:   29.93 Seconds

---------------------------------
   Lowdin Population Analysis    
---------------------------------
 Idx  Atom   Population   Charge 
---------------------------------
  1     P    14.620       0.380
  2     C     6.196      -0.196
  3     H     1.184      -0.184

---------------------------------
   M Diagnostic: 0.08
---------------------------------

