Computing Integrals
Basis Set                                            = def2-qzvp
Auxiliary Basis Set                                  = def2-universal-jkfit
Gaussian Type                                        = Spherical
Elapsed time:    1.66 Seconds

Number of basis functions                   (NBF)    = 100
Number of auxiliary basis functions         (NBFAUX) = 146
Inactive Doubly occupied orbitals up to     (NO1)    = 0
No. considered Strongly Doubly occupied MOs (NDOC)   = 9
No. considered Strongly Singly occupied MOs (NSOC)   = 0
NO. of Weakly occ. per St. Doubly occ.  MOs (NCWO)   = 10
Dimension of the Nat. Orb. subspace         (NBF5)   = 99
No. of electrons                                     = 18
    No. of alpha electrons                           = 9
    No. of beta electrons                            = 9
Multiplicity                                         = 1

Geometry
========
 H       0.0000000       0.0000000      -0.6357120
Cl       0.0000000       0.0000000       0.6357120

Orthonormality violations 2753, Maximum Violation 0.000056
Trying to orthonormalize
No violations of the orthonormality
No violations of the orthonormality
 
PNOF5/ADABelief Calculation
==================
 
  Nitext  Nit_orb  Time   Nit_occ  Time         Eelec          Etot           Ediff      maxdiff    MaxGrad_orb  Grad_occ
     1      10    1.0e+01    0    1.2e+01  -467.30126766  -460.22574121 -10466.30126766   0.000097   3.9e-04   1.6e-04 0.01
 
RESULTS OF THE OCCUPATION OPTIMIZATION
========================================
   1    1.9999377  -94.24025283
   2    1.9999994  -21.18926896
   3    1.9994516  -8.04091681
   4    1.9995625  -8.03507075
   5    1.9996928  -8.03221954
   6    1.9853988  -0.81714205
   7    1.9867015  -0.67243420
   8    1.9845915  -0.66394646
   9    1.9844277  -0.66281014
  10    0.0065001  -0.00571590
  11    0.0065821  -0.00575609
  12    0.0064759  -0.00574349
  13    0.0096243  -0.00916875
  14    0.0001710  -0.00224918
  15    0.0001784  -0.00235238
  16    0.0001845  -0.00246271
  17    0.0000004  -0.00000897
  18    0.0000483  -0.00818715
  19    0.0055483  -0.00473629
  20    0.0054521  -0.00469447
  21    0.0050207  -0.00446329
  22    0.0021239  -0.00266347
  23    0.0001223  -0.00178020
  24    0.0001434  -0.00176728
  25    0.0001409  -0.00168886
  26    0.0000001  0.00000007
  27    0.0000062  -0.00071373
  28    0.0028366  -0.00274567
  29    0.0026229  -0.00261329
  30    0.0010064  -0.00135745
  31    0.0012427  -0.00171784
  32    0.0000094  -0.00022299
  33    0.0001119  -0.00136432
  34    0.0001157  -0.00138552
  35    0.0000000  0.00000006
  36    0.0000061  -0.00069804
  37    0.0004315  -0.00061378
  38    0.0004559  -0.00062892
  39    0.0003448  -0.00049974
  40    0.0011812  -0.00166864
  41    0.0000009  -0.00000791
  42    0.0000014  -0.00001022
  43    0.0001038  -0.00127463
  44    0.0000000  0.00000005
  45    0.0000013  -0.00041971
  46    0.0000820  -0.00016832
  47    0.0001064  -0.00019628
  48    0.0001513  -0.00024842
  49    0.0001017  -0.00018590
  50    0.0000008  -0.00000208
  51    0.0000007  -0.00000081
  52    0.0000013  -0.00000923
  53    0.0000000  0.00000006
  54    0.0000001  0.00000022
  55    0.0000538  -0.00011721
  56    0.0000647  -0.00013850
  57    0.0001160  -0.00020037
  58    0.0001006  -0.00018508
  59    0.0000006  -0.00000096
  60    0.0000004  0.00000011
  61    0.0000006  -0.00000026
  62    0.0000000  0.00000006
  63    0.0000001  0.00000018
  64    0.0000494  -0.00011453
  65    0.0000548  -0.00010875
  66    0.0000667  -0.00011699
  67    0.0000667  -0.00013720
  68    0.0000006  0.00000007
  69    0.0000004  0.00000024
  70    0.0000005  -0.00000007
  71    0.0000000  0.00000006
  72    0.0000000  0.00000015
  73    0.0000371  -0.00008234
  74    0.0000383  -0.00008304
  75    0.0000592  -0.00009687
  76    0.0000587  -0.00011542
  77    0.0000005  0.00000006
  78    0.0000003  0.00000025
  79    0.0000004  0.00000018
  80    0.0000000  0.00000006
  81    0.0000000  0.00000015
  82    0.0000272  -0.00006590
  83    0.0000201  -0.00005976
  84    0.0000435  -0.00008252
  85    0.0000556  -0.00011145
  86    0.0000005  0.00000023
  87    0.0000003  0.00000043
  88    0.0000004  0.00000028
  89    0.0000000  0.00000007
  90    0.0000000  0.00000016
  91    0.0000064  -0.00001737
  92    0.0000112  -0.00001996
  93    0.0000141  -0.00002296
  94    0.0000458  -0.00010500
  95    0.0000004  0.00000037
  96    0.0000002  0.00000044
  97    0.0000004  0.00000040
  98    0.0000000  0.00000006
  99    0.0000000  0.00000014
 
----------------
 Final Energies 
----------------
Final NOF Total Energy =    -460.2257412
 
Total Orbital Internal Iterations = 10
Total Occupation Internal Iterations = 0
 
Elapsed time:   29.40 Seconds

---------------------------------
   Lowdin Population Analysis    
---------------------------------
 Idx  Atom   Population   Charge 
---------------------------------
  1     H     1.384      -0.384
  2    Cl    16.616       0.384

---------------------------------
   M Diagnostic: 0.01
---------------------------------

