Computing Integrals
Basis Set                                            = def2-qzvp
Auxiliary Basis Set                                  = def2-universal-jkfit
Gaussian Type                                        = Spherical
Elapsed time:    4.35 Seconds

Number of basis functions                   (NBF)    = 114
Number of auxiliary basis functions         (NBFAUX) = 154
Inactive Doubly occupied orbitals up to     (NO1)    = 0
No. considered Strongly Doubly occupied MOs (NDOC)   = 7
No. considered Strongly Singly occupied MOs (NSOC)   = 2
NO. of Weakly occ. per St. Doubly occ.  MOs (NCWO)   = 15
Dimension of the Nat. Orb. subspace         (NBF5)   = 114
No. of electrons                                     = 16
    No. of alpha electrons                           = 9
    No. of beta electrons                            = 7
Multiplicity                                         = 3

Geometry
========
 O       0.0000000       0.0000000      -0.6096935
 O       0.0000000       0.0000000       0.6096935

Orthonormality violations 5050, Maximum Violation 0.000089
Trying to orthonormalize
No violations of the orthonormality
No violations of the orthonormality
 
PNOF5/ADABelief Calculation
==================
 
  Nitext  Nit_orb  Time   Nit_occ  Time         Eelec          Etot           Ediff      maxdiff    MaxGrad_orb  Grad_occ
     1      10    3.1e+01    0    6.0e+01  -177.55301275  -149.77899839 -10176.55301275   0.000100   4.0e-04   1.7e-04 0.02
 
RESULTS OF THE OCCUPATION OPTIMIZATION
========================================
   1    1.9997685  -20.68331378
   2    1.9997689  -20.68268563
   3    1.9795710  -1.17131502
   4    1.9939027  -0.95689169
   5    1.9938189  -0.95579782
   6    1.9937335  -0.95325390
   7    1.9937709  -0.95322282
   8    1.0000000  -0.29412956
   9    1.0000000  -0.29409781
  10    0.0043264  -0.00613203
  11    0.0043478  -0.00614245
  12    0.0043186  -0.00613159
  13    0.0042473  -0.00608538
  14    0.0182482  -0.02263226
  15    0.0001866  -0.00690298
  16    0.0001863  -0.00689973
  17    0.0006285  -0.00134367
  18    0.0006272  -0.00133615
  19    0.0006101  -0.00132031
  20    0.0005886  -0.00130123
  21    0.0012445  -0.00247615
  22    0.0000214  -0.00053169
  23    0.0000211  -0.00052853
  24    0.0005729  -0.00119070
  25    0.0005853  -0.00119970
  26    0.0005241  -0.00115155
  27    0.0005394  -0.00116443
  28    0.0004413  -0.00110182
  29    0.0000171  -0.00044524
  30    0.0000171  -0.00044576
  31    0.0003581  -0.00088816
  32    0.0003564  -0.00088330
  33    0.0003534  -0.00087906
  34    0.0003323  -0.00085886
  35    0.0004186  -0.00107832
  36    0.0000024  -0.00016342
  37    0.0000026  -0.00012470
  38    0.0000937  -0.00027919
  39    0.0000915  -0.00027773
  40    0.0001139  -0.00029643
  41    0.0001114  -0.00029461
  42    0.0000207  -0.00009027
  43    0.0000015  -0.00003427
  44    0.0000022  -0.00009652
  45    0.0000891  -0.00026760
  46    0.0000899  -0.00026699
  47    0.0000925  -0.00027307
  48    0.0000913  -0.00027251
  49    0.0000205  -0.00005546
  50    0.0000004  -0.00000382
  51    0.0000005  -0.00000402
  52    0.0000553  -0.00015321
  53    0.0000538  -0.00015209
  54    0.0000605  -0.00015599
  55    0.0000585  -0.00015498
  56    0.0000085  -0.00005332
  57    0.0000003  -0.00000340
  58    0.0000003  -0.00000318
  59    0.0000408  -0.00013413
  60    0.0000392  -0.00013391
  61    0.0000405  -0.00013487
  62    0.0000409  -0.00013419
  63    0.0000067  -0.00004128
  64    0.0000003  -0.00000219
  65    0.0000003  -0.00000258
  66    0.0000380  -0.00013925
  67    0.0000345  -0.00013863
  68    0.0000393  -0.00014308
  69    0.0000384  -0.00014503
  70    0.0000042  -0.00002475
  71    0.0000002  -0.00000249
  72    0.0000002  -0.00000157
  73    0.0000092  -0.00003974
  74    0.0000175  -0.00004911
  75    0.0000099  -0.00003896
  76    0.0000274  -0.00006032
  77    0.0000037  -0.00002322
  78    0.0000002  -0.00000110
  79    0.0000002  -0.00000080
  80    0.0000052  -0.00003150
  81    0.0000098  -0.00003881
  82    0.0000045  -0.00002910
  83    0.0000057  -0.00003471
  84    0.0000029  -0.00001836
  85    0.0000002  0.00000009
  86    0.0000002  0.00000032
  87    0.0000040  -0.00002758
  88    0.0000047  -0.00002687
  89    0.0000043  -0.00002869
  90    0.0000049  -0.00002940
  91    0.0000027  -0.00001383
  92    0.0000002  0.00000032
  93    0.0000001  -0.00000045
  94    0.0000034  -0.00002137
  95    0.0000038  -0.00002460
  96    0.0000036  -0.00002280
  97    0.0000048  -0.00002689
  98    0.0000026  -0.00001354
  99    0.0000001  -0.00000128
 100    0.0000001  -0.00000038
 101    0.0000034  -0.00001987
 102    0.0000033  -0.00001968
 103    0.0000031  -0.00001853
 104    0.0000034  -0.00002079
 105    0.0000021  -0.00000557
 106    0.0000001  -0.00000039
 107    0.0000001  -0.00000558
 108    0.0000014  -0.00000950
 109    0.0000017  -0.00001160
 110    0.0000027  -0.00001788
 111    0.0000031  -0.00001977
 112    0.0000018  -0.00000537
 113    0.0000001  -0.00000519
 114    0.0000001  -0.00000068
 
----------------
 Final Energies 
----------------
Final NOF Total Energy =    -149.7789984
 
Total Orbital Internal Iterations = 10
Total Occupation Internal Iterations = 0
 
Elapsed time:  117.96 Seconds

---------------------------------
   Lowdin Population Analysis    
---------------------------------
 Idx  Atom   Population   Charge 
---------------------------------
  1     O     8.000       0.000
  2     O     8.000      -0.000

---------------------------------
   M Diagnostic: 0.02
---------------------------------

