Computing Integrals
Basis Set                                            = def2-qzvp
Auxiliary Basis Set                                  = def2-universal-jkfit
Gaussian Type                                        = Spherical
Elapsed time:    1.78 Seconds

Number of basis functions                   (NBF)    = 70
Number of auxiliary basis functions         (NBFAUX) = 128
Inactive Doubly occupied orbitals up to     (NO1)    = 0
No. considered Strongly Doubly occupied MOs (NDOC)   = 9
No. considered Strongly Singly occupied MOs (NSOC)   = 0
NO. of Weakly occ. per St. Doubly occ.  MOs (NCWO)   = 6
Dimension of the Nat. Orb. subspace         (NBF5)   = 63
No. of electrons                                     = 18
    No. of alpha electrons                           = 9
    No. of beta electrons                            = 9
Multiplicity                                         = 1

Geometry
========
Ar       0.0000000       0.0000000       0.0000000

No violations of the orthonormality
No violations of the orthonormality
 
PNOF5/ADABelief Calculation
==================
 
  Nitext  Nit_orb  Time   Nit_occ  Time         Eelec          Etot           Ediff      maxdiff    MaxGrad_orb  Grad_occ
     1      10    9.0e+00    0    1.2e+01  -526.91421408  -526.91421408 -10525.91421408   0.000098   3.9e-04   1.8e-04 0.01
 
RESULTS OF THE OCCUPATION OPTIMIZATION
========================================
   1    1.9999300  -107.80416623
   2    1.9999959  -23.10085678
   3    1.9997342  -9.57650356
   4    1.9997431  -9.56629087
   5    1.9995200  -9.55635162
   6    1.9926272  -0.81273119
   7    1.9908575  -0.80061807
   8    1.9885264  -0.79563868
   9    1.9881081  -0.78109522
  10    0.0056913  -0.00587838
  11    0.0051866  -0.00557758
  12    0.0054986  -0.00587530
  13    0.0053829  -0.00584319
  14    0.0001597  -0.00225830
  15    0.0001474  -0.00207625
  16    0.0001449  -0.00203908
  17    0.0000034  -0.00010491
  18    0.0000435  -0.00828291
  19    0.0033087  -0.00353519
  20    0.0028970  -0.00325782
  21    0.0024842  -0.00292708
  22    0.0008042  -0.00128969
  23    0.0001263  -0.00179492
  24    0.0001054  -0.00156705
  25    0.0001172  -0.00171294
  26    0.0000002  -0.00000486
  27    0.0000085  -0.00114999
  28    0.0024490  -0.00283999
  29    0.0028831  -0.00327467
  30    0.0006480  -0.00112000
  31    0.0005855  -0.00105297
  32    0.0001051  -0.00148413
  33    0.0000016  -0.00001446
  34    0.0000012  -0.00001082
  35    0.0000002  -0.00000068
  36    0.0000084  -0.00112625
  37    0.0003499  -0.00060367
  38    0.0004150  -0.00070514
  39    0.0003014  -0.00053467
  40    0.0003204  -0.00054165
  41    0.0000855  -0.00126555
  42    0.0000010  -0.00000432
  43    0.0000010  -0.00000362
  44    0.0000001  -0.00000033
  45    0.0000084  -0.00112303
  46    0.0000605  -0.00012485
  47    0.0000607  -0.00013944
  48    0.0001269  -0.00024472
  49    0.0001521  -0.00028258
  50    0.0000020  -0.00001559
  51    0.0000009  -0.00000050
  52    0.0000008  -0.00000040
  53    0.0000001  -0.00000028
  54    0.0000012  -0.00042813
  55    0.0000326  -0.00009574
  56    0.0000312  -0.00009444
  57    0.0000832  -0.00017426
  58    0.0001277  -0.00024999
  59    0.0000013  -0.00000355
  60    0.0000007  -0.00000037
  61    0.0000007  -0.00000047
  62    0.0000001  -0.00000002
  63    0.0000001  0.00000009
 
----------------
 Final Energies 
----------------
Final NOF Total Energy =    -526.9142141
 
Total Orbital Internal Iterations = 10
Total Occupation Internal Iterations = 0
 
Elapsed time:   26.64 Seconds

---------------------------------
   Lowdin Population Analysis    
---------------------------------
 Idx  Atom   Population   Charge 
---------------------------------
  1    Ar    18.000      -0.000

---------------------------------
   M Diagnostic: 0.01
---------------------------------

