Computing Integrals
Basis Set                                            = def2-qzvp
Auxiliary Basis Set                                  = def2-universal-jkfit
Gaussian Type                                        = Spherical
Elapsed time:    3.44 Seconds

Number of basis functions                   (NBF)    = 244
Number of auxiliary basis functions         (NBFAUX) = 314
Inactive Doubly occupied orbitals up to     (NO1)    = 0
No. considered Strongly Doubly occupied MOs (NDOC)   = 16
No. considered Strongly Singly occupied MOs (NSOC)   = 0
NO. of Weakly occ. per St. Doubly occ.  MOs (NCWO)   = 14
Dimension of the Nat. Orb. subspace         (NBF5)   = 240
No. of electrons                                     = 32
    No. of alpha electrons                           = 16
    No. of beta electrons                            = 16
Multiplicity                                         = 1

Geometry
========
 H      -1.6666499       0.0000000      -0.7937658
 C      -0.6032500       0.0000000      -0.7937658
 C       0.6032500       0.0000000      -0.7937658
 H       1.6666499       0.0000000      -0.7937658
Ar       0.0000000       0.0000000       3.1750633

Orthonormality violations 62, Maximum Violation 0.000003
Trying to orthonormalize
No violations of the orthonormality
No violations of the orthonormality
 
PNOF5/ADABelief Calculation
==================
 
  Nitext  Nit_orb  Time   Nit_occ  Time         Eelec          Etot           Ediff      maxdiff    MaxGrad_orb  Grad_occ
     1      10    1.2e+01    0    1.2e+01  -661.54136633  -603.92528530 -10660.54136633   0.000096   3.8e-04   1.9e-04 0.03
 
RESULTS OF THE OCCUPATION OPTIMIZATION
========================================
   1    1.9999286  -108.30572116
   2    1.9999975  -22.38470898
   3    1.9994627  -11.23231634
   4    1.9994628  -11.23230567
   5    1.9997549  -9.78608008
   6    1.9996310  -9.55113799
   7    1.9996318  -9.54900791
   8    1.9923285  -0.80284092
   9    1.9906224  -0.79375855
  10    1.9887890  -0.79256512
  11    1.9885177  -0.78547503
  12    1.9815517  -0.76557788
  13    1.9815515  -0.76557040
  14    1.9873850  -0.76309572
  15    1.9656342  -0.55497668
  16    1.9632935  -0.53843590
  17    0.0318553  -0.01768241
  18    0.0293218  -0.01699959
  19    0.0087046  -0.00866453
  20    0.0113647  -0.01032966
  21    0.0113665  -0.01033043
  22    0.0054507  -0.00572767
  23    0.0052996  -0.00560794
  24    0.0055554  -0.00585521
  25    0.0054666  -0.00583613
  26    0.0001525  -0.00217025
  27    0.0001558  -0.00221103
  28    0.0001476  -0.00204431
  29    0.0003834  -0.00759951
  30    0.0003834  -0.00759961
  31    0.0000020  -0.00008187
  32    0.0000421  -0.00811830
  33    0.0031141  -0.00249004
  34    0.0032030  -0.00261398
  35    0.0025407  -0.00296682
  36    0.0029633  -0.00348987
  37    0.0029625  -0.00348932
  38    0.0030445  -0.00335663
  39    0.0028356  -0.00321688
  40    0.0024263  -0.00285731
  41    0.0008214  -0.00129856
  42    0.0001229  -0.00176556
  43    0.0001203  -0.00172247
  44    0.0000965  -0.00140746
  45    0.0000727  -0.00108385
  46    0.0000727  -0.00108391
  47    0.0000001  -0.00000364
  48    0.0000115  -0.00158474
  49    0.0014380  -0.00133169
  50    0.0012631  -0.00125199
  51    0.0005578  -0.00091918
  52    0.0017779  -0.00228150
  53    0.0017773  -0.00228128
  54    0.0023218  -0.00276547
  55    0.0024716  -0.00291397
  56    0.0007816  -0.00123892
  57    0.0007132  -0.00115692
  58    0.0000904  -0.00133213
  59    0.0000914  -0.00134789
  60    0.0000001  0.00000029
  61    0.0000390  -0.00053061
  62    0.0000390  -0.00053063
  63    0.0000000  0.00000016
  64    0.0000083  -0.00111727
  65    0.0001269  -0.00023508
  66    0.0004126  -0.00055232
  67    0.0004099  -0.00071435
  68    0.0016366  -0.00212356
  69    0.0016364  -0.00212348
  70    0.0004757  -0.00076014
  71    0.0004130  -0.00065286
  72    0.0003471  -0.00057095
  73    0.0003506  -0.00057095
  74    0.0000004  0.00000036
  75    0.0000003  0.00000027
  76    0.0000001  0.00000025
  77    0.0000337  -0.00046514
  78    0.0000337  -0.00046545
  79    0.0000000  0.00000015
  80    0.0000083  -0.00111479
  81    0.0000582  -0.00010860
  82    0.0000737  -0.00011559
  83    0.0000917  -0.00019901
  84    0.0001392  -0.00025018
  85    0.0001389  -0.00024998
  86    0.0000519  -0.00012998
  87    0.0000441  -0.00011956
  88    0.0000954  -0.00020936
  89    0.0001064  -0.00023262
  90    0.0000002  0.00000022
  91    0.0000002  0.00000023
  92    0.0000001  0.00000020
  93    0.0000059  -0.00028704
  94    0.0000058  -0.00028699
  95    0.0000000  0.00000013
  96    0.0000011  -0.00041328
  97    0.0000375  -0.00009376
  98    0.0000288  -0.00008674
  99    0.0000736  -0.00017459
 100    0.0001334  -0.00024429
 101    0.0001339  -0.00024441
 102    0.0000399  -0.00010684
 103    0.0000412  -0.00011073
 104    0.0000613  -0.00014990
 105    0.0000946  -0.00021709
 106    0.0000002  0.00000022
 107    0.0000002  0.00000026
 108    0.0000001  0.00000021
 109    0.0000007  -0.00000498
 110    0.0000007  -0.00000510
 111    0.0000000  0.00000013
 112    0.0000000  0.00000016
 113    0.0000345  -0.00009020
 114    0.0000191  -0.00007254
 115    0.0000677  -0.00012502
 116    0.0001033  -0.00020449
 117    0.0001029  -0.00020424
 118    0.0000340  -0.00008921
 119    0.0000359  -0.00008432
 120    0.0000376  -0.00009182
 121    0.0000364  -0.00009078
 122    0.0000002  0.00000026
 123    0.0000001  0.00000027
 124    0.0000001  0.00000020
 125    0.0000005  -0.00000622
 126    0.0000004  -0.00000591
 127    0.0000000  0.00000013
 128    0.0000000  0.00000011
 129    0.0000185  -0.00003347
 130    0.0000143  -0.00003168
 131    0.0000519  -0.00010295
 132    0.0001009  -0.00020052
 133    0.0001007  -0.00020042
 134    0.0000254  -0.00007389
 135    0.0000307  -0.00008053
 136    0.0000320  -0.00008185
 137    0.0000315  -0.00007987
 138    0.0000002  0.00000024
 139    0.0000001  0.00000026
 140    0.0000001  0.00000021
 141    0.0000003  -0.00000917
 142    0.0000004  -0.00000704
 143    0.0000000  0.00000012
 144    0.0000000  0.00000009
 145    0.0000064  -0.00002500
 146    0.0000087  -0.00002894
 147    0.0000391  -0.00009903
 148    0.0000747  -0.00017673
 149    0.0000748  -0.00017683
 150    0.0000185  -0.00005376
 151    0.0000217  -0.00005737
 152    0.0000192  -0.00005449
 153    0.0000209  -0.00005872
 154    0.0000002  0.00000027
 155    0.0000001  0.00000024
 156    0.0000001  0.00000020
 157    0.0000003  -0.00000558
 158    0.0000003  -0.00000295
 159    0.0000000  0.00000012
 160    0.0000000  0.00000008
 161    0.0000049  -0.00001828
 162    0.0000054  -0.00001535
 163    0.0000240  -0.00006233
 164    0.0000600  -0.00015526
 165    0.0000600  -0.00015525
 166    0.0000082  -0.00002047
 167    0.0000056  -0.00001340
 168    0.0000069  -0.00001893
 169    0.0000079  -0.00001896
 170    0.0000002  0.00000027
 171    0.0000001  0.00000024
 172    0.0000001  0.00000021
 173    0.0000003  -0.00000418
 174    0.0000003  -0.00000929
 175    0.0000000  0.00000012
 176    0.0000000  0.00000006
 177    0.0000040  -0.00001363
 178    0.0000047  -0.00001420
 179    0.0000174  -0.00003698
 180    0.0000344  -0.00009567
 181    0.0000343  -0.00009561
 182    0.0000054  -0.00000827
 183    0.0000046  -0.00000711
 184    0.0000055  -0.00001147
 185    0.0000069  -0.00001458
 186    0.0000002  0.00000027
 187    0.0000001  0.00000024
 188    0.0000001  0.00000021
 189    0.0000002  -0.00000192
 190    0.0000002  -0.00000202
 191    0.0000000  0.00000012
 192    0.0000000  0.00000005
 193    0.0000030  -0.00000925
 194    0.0000038  -0.00000990
 195    0.0000162  -0.00003524
 196    0.0000243  -0.00007574
 197    0.0000243  -0.00007585
 198    0.0000028  -0.00000277
 199    0.0000038  -0.00000476
 200    0.0000051  -0.00000599
 201    0.0000060  -0.00001403
 202    0.0000002  0.00000035
 203    0.0000001  0.00000023
 204    0.0000001  0.00000021
 205    0.0000002  0.00000026
 206    0.0000001  0.00000014
 207    0.0000000  0.00000012
 208    0.0000000  0.00000005
 209    0.0000028  -0.00000793
 210    0.0000037  -0.00000940
 211    0.0000123  -0.00002380
 212    0.0000241  -0.00007643
 213    0.0000237  -0.00007616
 214    0.0000018  0.00000067
 215    0.0000020  0.00000078
 216    0.0000027  0.00000048
 217    0.0000053  -0.00001117
 218    0.0000002  0.00000034
 219    0.0000001  0.00000023
 220    0.0000001  0.00000020
 221    0.0000001  0.00000005
 222    0.0000001  0.00000012
 223    0.0000000  0.00000011
 224    0.0000000  0.00000005
 225    0.0000024  -0.00000679
 226    0.0000032  -0.00000787
 227    0.0000082  -0.00002343
 228    0.0000119  -0.00003496
 229    0.0000120  -0.00003498
 230    0.0000015  0.00000104
 231    0.0000016  0.00000082
 232    0.0000015  0.00000097
 233    0.0000038  -0.00000096
 234    0.0000002  0.00000032
 235    0.0000001  0.00000023
 236    0.0000001  0.00000021
 237    0.0000001  0.00000012
 238    0.0000001  0.00000012
 239    0.0000000  0.00000011
 240    0.0000000  0.00000005
 
----------------
 Final Energies 
----------------
Final NOF Total Energy =    -603.9252853
 
Total Orbital Internal Iterations = 10
Total Occupation Internal Iterations = 0
 
Elapsed time:   32.06 Seconds

---------------------------------
   Lowdin Population Analysis    
---------------------------------
 Idx  Atom   Population   Charge 
---------------------------------
  1     H     1.136      -0.136
  2     C     5.868       0.132
  3     C     5.868       0.132
  4     H     1.136      -0.136
  5    Ar    17.993       0.007

---------------------------------
   M Diagnostic: 0.03
---------------------------------

