Computing Integrals
Basis Set                                            = def2-qzvp
Auxiliary Basis Set                                  = def2-universal-jkfit
Gaussian Type                                        = Spherical
Elapsed time:    1.90 Seconds

Number of basis functions                   (NBF)    = 174
Number of auxiliary basis functions         (NBFAUX) = 186
Inactive Doubly occupied orbitals up to     (NO1)    = 0
No. considered Strongly Doubly occupied MOs (NDOC)   = 7
No. considered Strongly Singly occupied MOs (NSOC)   = 0
NO. of Weakly occ. per St. Doubly occ.  MOs (NCWO)   = 23
Dimension of the Nat. Orb. subspace         (NBF5)   = 168
No. of electrons                                     = 14
    No. of alpha electrons                           = 7
    No. of beta electrons                            = 7
Multiplicity                                         = 1

Geometry
========
 H       0.0000000       0.0000000       1.6666499
 C       0.0000000       0.0000000       0.6032500
 C       0.0000000       0.0000000      -0.6032500
 H       0.0000000       0.0000000      -1.6666499

Orthonormality violations 60, Maximum Violation 0.000004
Trying to orthonormalize
No violations of the orthonormality
No violations of the orthonormality
 
PNOF5/ADABelief Calculation
==================
 
  Nitext  Nit_orb  Time   Nit_occ  Time         Eelec          Etot           Ediff      maxdiff    MaxGrad_orb  Grad_occ
     1      10    1.0e+01    0    1.2e+01  -101.72818806   -77.01062775 -10100.72818806   0.000099   4.0e-04   1.9e-04 0.03
 
RESULTS OF THE OCCUPATION OPTIMIZATION
========================================
   1    1.9994683  -11.23363927
   2    1.9994680  -11.23362372
   3    1.9819340  -0.76579489
   4    1.9819386  -0.76578459
   5    1.9845502  -0.71813073
   6    1.9692729  -0.57839089
   7    1.9668713  -0.55988654
   8    0.0284064  -0.01671774
   9    0.0257048  -0.01589101
  10    0.0111965  -0.01004827
  11    0.0109717  -0.01006198
  12    0.0109752  -0.01006399
  13    0.0003829  -0.00759314
  14    0.0003827  -0.00759205
  15    0.0031320  -0.00260063
  16    0.0032066  -0.00272595
  17    0.0027011  -0.00297142
  18    0.0027727  -0.00333444
  19    0.0027741  -0.00333487
  20    0.0000725  -0.00108277
  21    0.0000724  -0.00108157
  22    0.0011854  -0.00119071
  23    0.0010060  -0.00111488
  24    0.0007046  -0.00102723
  25    0.0018504  -0.00233283
  26    0.0018508  -0.00233350
  27    0.0000362  -0.00049907
  28    0.0000362  -0.00049861
  29    0.0002079  -0.00033887
  30    0.0005878  -0.00072825
  31    0.0004471  -0.00072850
  32    0.0017006  -0.00217736
  33    0.0017020  -0.00217801
  34    0.0000324  -0.00045024
  35    0.0000322  -0.00044806
  36    0.0000620  -0.00011392
  37    0.0000831  -0.00012876
  38    0.0000842  -0.00019013
  39    0.0001442  -0.00024864
  40    0.0001436  -0.00024834
  41    0.0000057  -0.00028547
  42    0.0000057  -0.00028487
  43    0.0000425  -0.00010191
  44    0.0000473  -0.00010618
  45    0.0000810  -0.00017043
  46    0.0001343  -0.00024168
  47    0.0001356  -0.00024265
  48    0.0000003  -0.00001412
  49    0.0000006  -0.00000550
  50    0.0000377  -0.00010426
  51    0.0000309  -0.00009814
  52    0.0000618  -0.00010224
  53    0.0001040  -0.00019985
  54    0.0001018  -0.00019900
  55    0.0000002  -0.00000255
  56    0.0000003  -0.00001001
  57    0.0000160  -0.00003180
  58    0.0000144  -0.00003462
  59    0.0000404  -0.00009580
  60    0.0001000  -0.00019689
  61    0.0000959  -0.00019438
  62    0.0000002  -0.00000068
  63    0.0000002  -0.00000345
  64    0.0000123  -0.00002616
  65    0.0000063  -0.00002441
  66    0.0000355  -0.00008353
  67    0.0000772  -0.00017111
  68    0.0000787  -0.00017194
  69    0.0000002  -0.00000067
  70    0.0000002  -0.00000056
  71    0.0000049  -0.00002020
  72    0.0000051  -0.00001634
  73    0.0000225  -0.00005005
  74    0.0000602  -0.00015272
  75    0.0000609  -0.00015317
  76    0.0000001  -0.00000035
  77    0.0000001  -0.00000028
  78    0.0000033  -0.00001271
  79    0.0000048  -0.00001517
  80    0.0000165  -0.00003461
  81    0.0000337  -0.00009003
  82    0.0000359  -0.00009138
  83    0.0000001  -0.00000015
  84    0.0000001  -0.00000009
  85    0.0000032  -0.00000960
  86    0.0000043  -0.00000983
  87    0.0000127  -0.00002859
  88    0.0000245  -0.00007593
  89    0.0000250  -0.00007604
  90    0.0000001  0.00000010
  91    0.0000001  0.00000014
  92    0.0000021  -0.00000725
  93    0.0000039  -0.00000988
  94    0.0000118  -0.00002154
  95    0.0000236  -0.00007849
  96    0.0000239  -0.00007884
  97    0.0000001  0.00000014
  98    0.0000001  0.00000022
  99    0.0000019  -0.00000689
 100    0.0000035  -0.00000940
 101    0.0000075  -0.00001668
 102    0.0000119  -0.00003271
 103    0.0000119  -0.00003281
 104    0.0000001  0.00000014
 105    0.0000001  0.00000024
 106    0.0000018  -0.00000577
 107    0.0000032  -0.00000678
 108    0.0000057  -0.00000677
 109    0.0000101  -0.00003143
 110    0.0000112  -0.00003217
 111    0.0000001  0.00000020
 112    0.0000001  0.00000021
 113    0.0000016  -0.00000423
 114    0.0000027  -0.00000447
 115    0.0000043  -0.00000528
 116    0.0000089  -0.00002743
 117    0.0000084  -0.00002760
 118    0.0000001  0.00000025
 119    0.0000001  0.00000025
 120    0.0000015  -0.00000309
 121    0.0000024  -0.00000222
 122    0.0000041  -0.00000845
 123    0.0000078  -0.00002705
 124    0.0000077  -0.00002709
 125    0.0000001  0.00000025
 126    0.0000001  0.00000027
 127    0.0000013  -0.00000124
 128    0.0000022  -0.00000190
 129    0.0000028  -0.00000444
 130    0.0000062  -0.00002205
 131    0.0000063  -0.00002221
 132    0.0000001  0.00000028
 133    0.0000001  0.00000025
 134    0.0000012  -0.00000189
 135    0.0000019  -0.00000162
 136    0.0000023  -0.00000387
 137    0.0000050  -0.00001220
 138    0.0000051  -0.00001222
 139    0.0000001  0.00000026
 140    0.0000001  0.00000025
 141    0.0000011  -0.00000249
 142    0.0000016  -0.00000149
 143    0.0000023  -0.00000218
 144    0.0000043  -0.00001421
 145    0.0000042  -0.00001427
 146    0.0000001  0.00000025
 147    0.0000001  0.00000025
 148    0.0000009  -0.00000077
 149    0.0000014  -0.00000288
 150    0.0000022  -0.00000228
 151    0.0000038  -0.00000937
 152    0.0000035  -0.00000926
 153    0.0000001  0.00000027
 154    0.0000001  0.00000024
 155    0.0000009  -0.00000063
 156    0.0000014  -0.00000110
 157    0.0000017  -0.00000291
 158    0.0000033  -0.00000840
 159    0.0000024  -0.00000767
 160    0.0000001  0.00000026
 161    0.0000001  0.00000027
 162    0.0000008  -0.00000115
 163    0.0000013  -0.00000121
 164    0.0000012  -0.00000149
 165    0.0000030  -0.00000764
 166    0.0000020  -0.00000690
 167    0.0000001  0.00000022
 168    0.0000001  0.00000022
 
----------------
 Final Energies 
----------------
Final NOF Total Energy =     -77.0106277
 
Total Orbital Internal Iterations = 10
Total Occupation Internal Iterations = 0
 
Elapsed time:   29.96 Seconds

---------------------------------
   Lowdin Population Analysis    
---------------------------------
 Idx  Atom   Population   Charge 
---------------------------------
  1     H     1.135      -0.135
  2     C     5.865       0.135
  3     C     5.865       0.135
  4     H     1.135      -0.135

---------------------------------
   M Diagnostic: 0.03
---------------------------------

