Computing Integrals
Basis Set                                            = def2-qzvp
Auxiliary Basis Set                                  = def2-universal-jkfit
Gaussian Type                                        = Spherical
Elapsed time:    1.64 Seconds

Number of basis functions                   (NBF)    = 57
Number of auxiliary basis functions         (NBFAUX) = 75
Inactive Doubly occupied orbitals up to     (NO1)    = 0
No. considered Strongly Doubly occupied MOs (NDOC)   = 2
No. considered Strongly Singly occupied MOs (NSOC)   = 2
NO. of Weakly occ. per St. Doubly occ.  MOs (NCWO)   = 26
Dimension of the Nat. Orb. subspace         (NBF5)   = 56
No. of electrons                                     = 6
    No. of alpha electrons                           = 4
    No. of beta electrons                            = 2
Multiplicity                                         = 3

Geometry
========
 C       0.0000000       0.0000000       0.0000000

No violations of the orthonormality
No violations of the orthonormality
 
PNOF5/ADABelief Calculation
==================
 
  Nitext  Nit_orb  Time   Nit_occ  Time         Eelec          Etot           Ediff      maxdiff    MaxGrad_orb  Grad_occ
     1      10    8.8e+00    0    1.2e+01   -37.72771317   -37.72771317 -10036.72771317   0.000100   4.0e-04   1.0e-04 0.04
 
RESULTS OF THE OCCUPATION OPTIMIZATION
========================================
   1    1.9994595  -11.32818903
   2    1.9557364  -0.72115950
   3    1.0000000  -0.21522823
   4    1.0000000  -0.21522540
   5    0.0404804  -0.02241882
   6    0.0004100  -0.00802934
   7    0.0013823  -0.00133728
   8    0.0000416  -0.00057491
   9    0.0004271  -0.00052145
  10    0.0000377  -0.00053566
  11    0.0004240  -0.00051974
  12    0.0000375  -0.00053422
  13    0.0002744  -0.00028888
  14    0.0000055  -0.00029493
  15    0.0002634  -0.00025947
  16    0.0000009  -0.00000512
  17    0.0002619  -0.00029768
  18    0.0000008  -0.00000262
  19    0.0002575  -0.00028412
  20    0.0000006  -0.00000247
  21    0.0002186  -0.00026742
  22    0.0000006  -0.00000219
  23    0.0000353  -0.00006358
  24    0.0000005  -0.00000211
  25    0.0000352  -0.00006353
  26    0.0000004  -0.00001175
  27    0.0000253  -0.00004847
  28    0.0000004  -0.00000164
  29    0.0000249  -0.00004841
  30    0.0000004  -0.00000015
  31    0.0000214  -0.00004074
  32    0.0000003  -0.00000077
  33    0.0000206  -0.00003975
  34    0.0000003  0.00000012
  35    0.0000204  -0.00004034
  36    0.0000003  0.00000049
  37    0.0000191  -0.00003918
  38    0.0000003  0.00000003
  39    0.0000164  -0.00003779
  40    0.0000003  0.00000053
  41    0.0000125  -0.00002722
  42    0.0000003  0.00000051
  43    0.0000118  -0.00002703
  44    0.0000003  0.00000064
  45    0.0000118  -0.00002682
  46    0.0000003  0.00000050
  47    0.0000048  -0.00001577
  48    0.0000003  0.00000053
  49    0.0000045  -0.00001564
  50    0.0000003  0.00000057
  51    0.0000036  -0.00001348
  52    0.0000003  0.00000058
  53    0.0000033  -0.00001346
  54    0.0000003  0.00000029
  55    0.0000030  -0.00001240
  56    0.0000002  0.00000055
 
----------------
 Final Energies 
----------------
Final NOF Total Energy =     -37.7277132
 
Total Orbital Internal Iterations = 10
Total Occupation Internal Iterations = 0
 
Elapsed time:   26.41 Seconds

---------------------------------
   Lowdin Population Analysis    
---------------------------------
 Idx  Atom   Population   Charge 
---------------------------------
  1     C     6.000      -0.000

---------------------------------
   M Diagnostic: 0.04
---------------------------------

