W4-11-alf3
/software/eb2024/easybuild/software/common/software/Julia/1.11.3-linux-x86_64/bin/julia
Job runing on nagpu02
Choosing scratch ...
Automatic scratch folder selection
/scratch/pobleyef/284136
/scratch/pobleyef/284136 directory
cp W4-11-alf3.jl W4-11-alf3.jld2 to  /scratch/pobleyef/284136/.
Computing Integrals
Basis Set                                            = def2-qzvp
Auxiliary Basis Set                                  = def2-universal-jkfit
Gaussian Type                                        = Spherical
Elapsed time:   10.35 Seconds

Number of basis functions                   (NBF)    = 241
Number of auxiliary basis functions         (NBFAUX) = 359
Inactive Doubly occupied orbitals up to     (NO1)    = 0
No. considered Strongly Doubly occupied MOs (NDOC)   = 20
No. considered Strongly Singly occupied MOs (NSOC)   = 0
NO. of Weakly occ. per St. Doubly occ.  MOs (NCWO)   = 11
Dimension of the Nat. Orb. subspace         (NBF5)   = 240
No. of electrons                                     = 40
    No. of alpha electrons                           = 20
    No. of beta electrons                            = 20
Multiplicity                                         = 1

Geometry
========
Al       0.0000000       0.0000000       0.0000000
 F       0.0000000       1.6317660       0.0000000
 F       1.4131500      -0.8158830       0.0000000
 F      -1.4131500      -0.8158830       0.0000000

No violations of the orthonormality
No violations of the orthonormality
 
PNOF5/ADABelief Calculation
==================
 
  Nitext  Nit_orb  Time   Nit_occ  Time         Eelec          Etot           Ediff      maxdiff    MaxGrad_orb  Grad_occ
     1      10    5.9e+01   30    2.2e+01  -700.19999086  -540.87429750 -10699.19999086   0.001124   4.5e-03   3.2e-04 0.01
     2      20    8.2e+01    0    1.4e-01  -700.20872704  -540.88303368    -0.00873618   0.001124   4.5e-03   3.2e-04 0.01
     3      40    1.7e+02   35    2.3e+00  -700.22100710  -540.89531375    -0.01228006   0.262281   1.0e+00   2.3e-04 0.01
     4      40    1.6e+02    9    6.4e-01  -700.28106851  -540.95537516    -0.06006141   0.081046   3.2e-01   3.3e-04 0.01
     5      40    1.7e+02    9    6.3e-01  -700.29189959  -540.96620624    -0.01083108   0.003509   1.4e-02   3.4e-04 0.01
     6      40    1.7e+02    3    3.0e-01  -700.29667670  -540.97098334    -0.00477711   0.002844   1.1e-02   3.3e-04 0.01
     7      40    1.7e+02   10    7.0e-01  -700.29883995  -540.97314659    -0.00216325   0.002930   1.2e-02   2.4e-04 0.01
     8      40    1.7e+02    5    4.4e-01  -700.30044406  -540.97475070    -0.00160411   0.002979   1.2e-02   2.3e-04 0.01
     9      40    1.6e+02    5    4.1e-01  -700.30128323  -540.97558987    -0.00083917   0.003624   1.4e-02   2.6e-04 0.01
    10      40    1.7e+02    5    3.9e-01  -700.30183085  -540.97613750    -0.00054762   0.004652   1.9e-02   2.2e-04 0.01
    11      40    1.7e+02    0    1.6e-01  -700.30220807  -540.97651471    -0.00037721   0.003372   1.3e-02   3.0e-04 0.01
    12      50    2.1e+02    5    4.4e-01  -700.30247814  -540.97678478    -0.00027007   0.002296   9.2e-03   2.1e-04 0.01
    13      50    2.1e+02    1    2.9e-01  -700.30270104  -540.97700768    -0.00022290   0.008181   3.3e-02   2.1e-04 0.01
    14      50    2.1e+02    0    1.6e-01  -700.30278950  -540.97709614    -0.00008846   0.002639   1.1e-02   2.4e-04 0.01
    15      60    2.5e+02    0    1.5e-01  -700.30287688  -540.97718352    -0.00008738   0.001972   7.9e-03   2.5e-04 0.01
    16      70    2.9e+02    4    4.2e-01  -700.30293481  -540.97724145    -0.00005793   0.001404   5.6e-03   2.4e-04 0.01
    17      70    3.0e+02    0    1.7e-01  -700.30301658  -540.97732322    -0.00008177   0.001327   5.3e-03   2.5e-04 0.01
    18      80    3.3e+02    0    1.5e-01  -700.30303718  -540.97734382    -0.00002060   0.000936   3.7e-03   2.5e-04 0.01
 
RESULTS OF THE OCCUPATION OPTIMIZATION
========================================
   1    1.9999494  -58.36558191
   2    1.9998662  -26.27048346
   3    1.9998661  -26.27022420
   4    1.9998664  -26.27021975
   5    1.9988144  -3.79205350
   6    1.9988420  -3.78539490
   7    1.9986171  -3.70681265
   8    1.9986085  -3.69370734
   9    1.9893534  -0.95181670
  10    1.9893998  -0.95078359
  11    1.9893155  -0.95050937
  12    1.9892848  -0.94906258
  13    1.9891778  -0.94840147
  14    1.9891592  -0.94742509
  15    1.9916034  -0.90596195
  16    1.9915828  -0.90578304
  17    1.9915061  -0.90570596
  18    1.9915300  -0.90367767
  19    1.9915102  -0.90365611
  20    1.9915379  -0.90355431
  21    0.0068854  -0.00996295
  22    0.0069002  -0.00997438
  23    0.0069168  -0.00998272
  24    0.0068824  -0.00996278
  25    0.0068464  -0.00994470
  26    0.0068418  -0.00993848
  27    0.0090466  -0.01213787
  28    0.0090336  -0.01212775
  29    0.0089824  -0.01209336
  30    0.0089717  -0.01210517
  31    0.0089279  -0.01206503
  32    0.0089337  -0.01207642
  33    0.0009984  -0.00557844
  34    0.0010043  -0.00560630
  35    0.0009540  -0.00551364
  36    0.0011333  -0.00617278
  37    0.0001314  -0.00633124
  38    0.0001318  -0.00633686
  39    0.0001317  -0.00633398
  40    0.0000491  -0.00572634
  41    0.0006645  -0.00160189
  42    0.0006207  -0.00155003
  43    0.0006704  -0.00160630
  44    0.0007168  -0.00166873
  45    0.0007249  -0.00168038
  46    0.0006538  -0.00158633
  47    0.0008259  -0.00174907
  48    0.0007424  -0.00162829
  49    0.0007554  -0.00163474
  50    0.0007177  -0.00159935
  51    0.0007645  -0.00164735
  52    0.0006526  -0.00150741
  53    0.0002262  -0.00127338
  54    0.0002313  -0.00129798
  55    0.0001800  -0.00106298
  56    0.0000465  -0.00029545
  57    0.0000009  -0.00011348
  58    0.0000010  -0.00011786
  59    0.0000010  -0.00011637
  60    0.0000012  -0.00018837
  61    0.0003947  -0.00103922
  62    0.0004368  -0.00110296
  63    0.0003724  -0.00101400
  64    0.0003693  -0.00099325
  65    0.0003558  -0.00098060
  66    0.0004028  -0.00105319
  67    0.0004801  -0.00111459
  68    0.0004737  -0.00110834
  69    0.0004688  -0.00112925
  70    0.0004714  -0.00110972
  71    0.0004321  -0.00106188
  72    0.0005029  -0.00118709
  73    0.0001467  -0.00083390
  74    0.0001385  -0.00079231
  75    0.0000151  -0.00010601
  76    0.0000027  -0.00001152
  77    0.0000003  -0.00000897
  78    0.0000002  -0.00000599
  79    0.0000002  -0.00000701
  80    0.0000001  0.00000009
  81    0.0003516  -0.00096631
  82    0.0003898  -0.00101521
  83    0.0003405  -0.00094020
  84    0.0003397  -0.00095354
  85    0.0002977  -0.00089315
  86    0.0003208  -0.00091618
  87    0.0003784  -0.00098792
  88    0.0004480  -0.00110313
  89    0.0003657  -0.00096218
  90    0.0004117  -0.00104805
  91    0.0003248  -0.00091064
  92    0.0004321  -0.00105255
  93    0.0000121  -0.00007890
  94    0.0000020  -0.00001987
  95    0.0000037  -0.00000858
  96    0.0000006  -0.00000042
  97    0.0000002  -0.00000720
  98    0.0000001  -0.00000488
  99    0.0000002  -0.00000615
 100    0.0000001  0.00000010
 101    0.0000530  -0.00018559
 102    0.0000393  -0.00016450
 103    0.0000541  -0.00018692
 104    0.0000477  -0.00017893
 105    0.0000596  -0.00019030
 106    0.0000490  -0.00018011
 107    0.0000354  -0.00014734
 108    0.0000349  -0.00014209
 109    0.0000494  -0.00016217
 110    0.0000338  -0.00014210
 111    0.0000537  -0.00016361
 112    0.0000390  -0.00014886
 113    0.0000032  -0.00000374
 114    0.0000018  -0.00000079
 115    0.0000012  -0.00000013
 116    0.0000006  0.00000001
 117    0.0000001  -0.00000391
 118    0.0000001  -0.00000467
 119    0.0000002  -0.00000443
 120    0.0000001  0.00000009
 121    0.0000328  -0.00013481
 122    0.0000291  -0.00012460
 123    0.0000342  -0.00013735
 124    0.0000442  -0.00017476
 125    0.0000385  -0.00015973
 126    0.0000338  -0.00014876
 127    0.0000217  -0.00009705
 128    0.0000259  -0.00010493
 129    0.0000343  -0.00011859
 130    0.0000305  -0.00010857
 131    0.0000370  -0.00012961
 132    0.0000243  -0.00010816
 133    0.0000013  -0.00000042
 134    0.0000012  0.00000006
 135    0.0000012  -0.00000121
 136    0.0000006  -0.00000042
 137    0.0000001  -0.00000313
 138    0.0000001  -0.00000246
 139    0.0000001  -0.00000310
 140    0.0000000  0.00000023
 141    0.0000305  -0.00012814
 142    0.0000243  -0.00011843
 143    0.0000271  -0.00012353
 144    0.0000355  -0.00013991
 145    0.0000363  -0.00014137
 146    0.0000330  -0.00013951
 147    0.0000190  -0.00009908
 148    0.0000232  -0.00010683
 149    0.0000241  -0.00010807
 150    0.0000157  -0.00009050
 151    0.0000243  -0.00010947
 152    0.0000218  -0.00010457
 153    0.0000012  0.00000003
 154    0.0000012  -0.00000009
 155    0.0000010  -0.00000012
 156    0.0000005  0.00000003
 157    0.0000001  -0.00000258
 158    0.0000001  -0.00000242
 159    0.0000001  -0.00000248
 160    0.0000000  0.00000023
 161    0.0000248  -0.00011828
 162    0.0000219  -0.00011231
 163    0.0000224  -0.00011223
 164    0.0000238  -0.00011780
 165    0.0000232  -0.00011405
 166    0.0000265  -0.00012042
 167    0.0000120  -0.00007208
 168    0.0000217  -0.00009521
 169    0.0000142  -0.00008052
 170    0.0000134  -0.00007666
 171    0.0000119  -0.00007427
 172    0.0000192  -0.00008745
 173    0.0000008  -0.00000001
 174    0.0000008  0.00000006
 175    0.0000006  0.00000018
 176    0.0000003  0.00000020
 177    0.0000001  0.00000002
 178    0.0000001  -0.00000045
 179    0.0000001  0.00000009
 180    0.0000000  0.00000017
 181    0.0000105  -0.00007545
 182    0.0000128  -0.00008110
 183    0.0000161  -0.00009658
 184    0.0000196  -0.00010517
 185    0.0000170  -0.00010058
 186    0.0000206  -0.00011177
 187    0.0000106  -0.00005416
 188    0.0000096  -0.00005223
 189    0.0000088  -0.00005230
 190    0.0000076  -0.00004726
 191    0.0000111  -0.00005666
 192    0.0000094  -0.00005231
 193    0.0000007  0.00000002
 194    0.0000007  -0.00000017
 195    0.0000005  0.00000010
 196    0.0000002  0.00000021
 197    0.0000001  0.00000018
 198    0.0000001  0.00000011
 199    0.0000001  -0.00000112
 200    0.0000000  0.00000024
 201    0.0000096  -0.00006422
 202    0.0000105  -0.00006500
 203    0.0000112  -0.00006886
 204    0.0000108  -0.00006902
 205    0.0000119  -0.00007152
 206    0.0000100  -0.00006500
 207    0.0000063  -0.00004267
 208    0.0000059  -0.00004138
 209    0.0000069  -0.00004535
 210    0.0000069  -0.00004494
 211    0.0000085  -0.00005064
 212    0.0000075  -0.00004717
 213    0.0000006  0.00000011
 214    0.0000007  0.00000018
 215    0.0000005  0.00000021
 216    0.0000002  0.00000021
 217    0.0000001  0.00000012
 218    0.0000001  -0.00000053
 219    0.0000001  -0.00000231
 220    0.0000000  0.00000020
 221    0.0000046  -0.00001776
 222    0.0000044  -0.00001640
 223    0.0000048  -0.00001855
 224    0.0000041  -0.00001712
 225    0.0000058  -0.00001850
 226    0.0000046  -0.00001763
 227    0.0000049  -0.00002036
 228    0.0000035  -0.00001862
 229    0.0000052  -0.00002251
 230    0.0000040  -0.00001927
 231    0.0000047  -0.00002141
 232    0.0000041  -0.00001959
 233    0.0000003  0.00000022
 234    0.0000006  0.00000015
 235    0.0000002  0.00000004
 236    0.0000002  0.00000022
 237    0.0000000  -0.00000222
 238    0.0000001  -0.00000277
 239    0.0000000  -0.00000031
 240    0.0000000  0.00000007
 
----------------
 Final Energies 
----------------
Final NOF Total Energy =    -540.9773438
 
Total Orbital Internal Iterations = 820
Total Occupation Internal Iterations = 121
 
Elapsed time: 3542.49 Seconds

---------------------------------
   Lowdin Population Analysis    
---------------------------------
 Idx  Atom   Population   Charge 
---------------------------------
  1    Al    13.784      -0.784
  2     F     8.739       0.261
  3     F     8.739       0.261
  4     F     8.739       0.261

---------------------------------
   M Diagnostic: 0.01
---------------------------------

Recovering execution output...
Moving from /scratch/pobleyef/284136 to /home-nas/pobleyef/Poison-NOF/ncwomax/P30-5/PNOF5/arina.284136
mkdir -p /home-nas/pobleyef/Poison-NOF/ncwomax/P30-5/PNOF5/arina.284136
mv /scratch/pobleyef/284136/* /home-nas/pobleyef/Poison-NOF/ncwomax/P30-5/PNOF5/arina.284136
