Computing Integrals
Basis Set                                            = def2-qzvp
Auxiliary Basis Set                                  = def2-universal-jkfit
Gaussian Type                                        = Spherical
Elapsed time:    1.76 Seconds

Number of basis functions                   (NBF)    = 70
Number of auxiliary basis functions         (NBFAUX) = 128
Inactive Doubly occupied orbitals up to     (NO1)    = 0
No. considered Strongly Doubly occupied MOs (NDOC)   = 6
No. considered Strongly Singly occupied MOs (NSOC)   = 1
NO. of Weakly occ. per St. Doubly occ.  MOs (NCWO)   = 10
Dimension of the Nat. Orb. subspace         (NBF5)   = 67
No. of electrons                                     = 13
    No. of alpha electrons                           = 7
    No. of beta electrons                            = 6
Multiplicity                                         = 2

Geometry
========
Al       0.0000000       0.0000000       0.0000000

No violations of the orthonormality
No violations of the orthonormality
 
PNOF5/ADABelief Calculation
==================
 
  Nitext  Nit_orb  Time   Nit_occ  Time         Eelec          Etot           Ediff      maxdiff    MaxGrad_orb  Grad_occ
     1      10    9.2e+00    0    1.2e+01  -241.94827876  -241.94827876 -10240.94827876   0.000096   3.8e-04   1.4e-04 0.06
 
RESULTS OF THE OCCUPATION OPTIMIZATION
========================================
   1    1.9999495  -58.32524642
   2    1.9987675  -3.73087681
   3    1.9987241  -3.72050020
   4    1.9987906  -3.67764983
   5    1.9985935  -3.66366483
   6    1.9160398  -0.40328543
   7    1.0000000  -0.10393366
   8    0.0402832  -0.01307328
   9    0.0009831  -0.00544383
  10    0.0010297  -0.00561521
  11    0.0010411  -0.00572368
  12    0.0009846  -0.00549617
  13    0.0000489  -0.00573070
  14    0.0400604  -0.01303249
  15    0.0002630  -0.00139454
  16    0.0001520  -0.00084922
  17    0.0002218  -0.00121420
  18    0.0002207  -0.00120492
  19    0.0000012  -0.00018781
  20    0.0009049  -0.00047066
  21    0.0001460  -0.00082318
  22    0.0000197  -0.00013876
  23    0.0000043  -0.00003418
  24    0.0000137  -0.00009175
  25    0.0000001  0.00000001
  26    0.0007353  -0.00038373
  27    0.0000048  -0.00003711
  28    0.0000024  -0.00000469
  29    0.0000030  -0.00000718
  30    0.0000086  -0.00004327
  31    0.0000001  0.00000001
  32    0.0007257  -0.00038336
  33    0.0000025  -0.00000501
  34    0.0000014  -0.00000124
  35    0.0000019  -0.00000219
  36    0.0000014  -0.00000279
  37    0.0000000  0.00000002
  38    0.0004440  -0.00026737
  39    0.0000023  -0.00000119
  40    0.0000012  -0.00000076
  41    0.0000013  -0.00000116
  42    0.0000010  -0.00000066
  43    0.0000000  0.00000002
  44    0.0003929  -0.00021050
  45    0.0000018  -0.00000027
  46    0.0000009  -0.00000060
  47    0.0000008  -0.00000015
  48    0.0000007  -0.00000011
  49    0.0000000  0.00000001
  50    0.0001844  -0.00014366
  51    0.0000013  -0.00000019
  52    0.0000007  0.00000006
  53    0.0000007  -0.00000019
  54    0.0000007  -0.00000015
  55    0.0000000  0.00000002
  56    0.0001573  -0.00013562
  57    0.0000010  -0.00000007
  58    0.0000007  -0.00000008
  59    0.0000006  -0.00000011
  60    0.0000006  0.00000004
  61    0.0000000  0.00000001
  62    0.0000722  -0.00004977
  63    0.0000008  -0.00000006
  64    0.0000006  0.00000002
  65    0.0000005  -0.00000000
  66    0.0000006  -0.00000004
  67    0.0000000  0.00000001
 
----------------
 Final Energies 
----------------
Final NOF Total Energy =    -241.9482788
 
Total Orbital Internal Iterations = 10
Total Occupation Internal Iterations = 0
 
Elapsed time:   27.14 Seconds

---------------------------------
   Lowdin Population Analysis    
---------------------------------
 Idx  Atom   Population   Charge 
---------------------------------
  1    Al    13.000      -0.000

---------------------------------
   M Diagnostic: 0.06
---------------------------------

