Computing Integrals
Basis Set                                            = def2-qzvp
Auxiliary Basis Set                                  = def2-universal-jkfit
Gaussian Type                                        = Spherical
Elapsed time:    2.61 Seconds

Number of basis functions                   (NBF)    = 70
Number of auxiliary basis functions         (NBFAUX) = 128
Inactive Doubly occupied orbitals up to     (NO1)    = 0
No. considered Strongly Doubly occupied MOs (NDOC)   = 6
No. considered Strongly Singly occupied MOs (NSOC)   = 3
NO. of Weakly occ. per St. Doubly occ.  MOs (NCWO)   = 10
Dimension of the Nat. Orb. subspace         (NBF5)   = 69
No. of electrons                                     = 15
    No. of alpha electrons                           = 9
    No. of beta electrons                            = 6
Multiplicity                                         = 4

Geometry
========
 P       0.0000000       0.0000000       0.0000000

No violations of the orthonormality
No violations of the orthonormality
 
PNOF5/ADABelief Calculation
==================
 
  Nitext  Nit_orb  Time   Nit_occ  Time         Eelec          Etot           Ediff      maxdiff    MaxGrad_orb  Grad_occ
     1      10    2.1e+01    0    2.5e+01  -340.76956323  -340.76956323 -10339.76956323   0.000696   2.8e-03   2.3e-04 0.00
 
RESULTS OF THE OCCUPATION OPTIMIZATION
========================================
   1    1.9999314  -71.67306523
   2    1.9999989  -15.82187284
   3    1.9991139  -5.41352418
   4    1.9991005  -5.41351561
   5    1.9990907  -5.41344465
   6    1.9930745  -0.71090558
   7    1.0000000  -0.19627439
   8    1.0000000  -0.19622746
   9    1.0000000  -0.19614593
  10    0.0013615  -0.00118389
  11    0.0005562  -0.00473309
  12    0.0005442  -0.00470175
  13    0.0005190  -0.00462214
  14    0.0000002  -0.00000714
  15    0.0000665  -0.00843925
  16    0.0010270  -0.00089349
  17    0.0001719  -0.00141378
  18    0.0001804  -0.00146854
  19    0.0001860  -0.00150397
  20    0.0000002  0.00000004
  21    0.0000018  -0.00042524
  22    0.0010268  -0.00089297
  23    0.0001490  -0.00123386
  24    0.0001507  -0.00123927
  25    0.0001565  -0.00125684
  26    0.0000002  0.00000002
  27    0.0000001  -0.00000019
  28    0.0010225  -0.00089145
  29    0.0000264  -0.00021697
  30    0.0000163  -0.00017735
  31    0.0000146  -0.00016206
  32    0.0000001  0.00000006
  33    0.0000000  -0.00000017
  34    0.0010084  -0.00087867
  35    0.0000022  -0.00001028
  36    0.0000031  -0.00001214
  37    0.0000058  -0.00002043
  38    0.0000001  0.00000001
  39    0.0000000  0.00000003
  40    0.0010057  -0.00087592
  41    0.0000012  -0.00000491
  42    0.0000017  -0.00000692
  43    0.0000014  -0.00000411
  44    0.0000001  0.00000004
  45    0.0000000  0.00000003
  46    0.0002354  -0.00016791
  47    0.0000008  -0.00000056
  48    0.0000012  -0.00000165
  49    0.0000009  -0.00000307
  50    0.0000000  0.00000005
  51    0.0000000  0.00000003
  52    0.0001048  -0.00011670
  53    0.0000006  -0.00000045
  54    0.0000007  -0.00000027
  55    0.0000007  -0.00000078
  56    0.0000000  0.00000002
  57    0.0000000  0.00000002
  58    0.0000667  -0.00009482
  59    0.0000005  -0.00000017
  60    0.0000006  -0.00000010
  61    0.0000007  -0.00000069
  62    0.0000000  0.00000004
  63    0.0000000  0.00000003
  64    0.0000667  -0.00009430
  65    0.0000005  -0.00000014
  66    0.0000006  -0.00000003
  67    0.0000006  -0.00000062
  68    0.0000000  0.00000000
  69    0.0000000  0.00000003
 
----------------
 Final Energies 
----------------
Final NOF Total Energy =    -340.7695632
 
Total Orbital Internal Iterations = 10
Total Occupation Internal Iterations = 0
 
Elapsed time:   60.14 Seconds

---------------------------------
   Lowdin Population Analysis    
---------------------------------
 Idx  Atom   Population   Charge 
---------------------------------
  1     P    15.000       0.000

---------------------------------
   M Diagnostic: 0.00
---------------------------------

