Computing Integrals
Basis Set                                            = def2-qzvp
Auxiliary Basis Set                                  = def2-universal-jkfit
Gaussian Type                                        = Spherical
Elapsed time:    1.73 Seconds

Number of basis functions                   (NBF)    = 117
Number of auxiliary basis functions         (NBFAUX) = 113
Inactive Doubly occupied orbitals up to     (NO1)    = 0
No. considered Strongly Doubly occupied MOs (NDOC)   = 5
No. considered Strongly Singly occupied MOs (NSOC)   = 0
NO. of Weakly occ. per St. Doubly occ.  MOs (NCWO)   = 22
Dimension of the Nat. Orb. subspace         (NBF5)   = 115
No. of electrons                                     = 10
    No. of alpha electrons                           = 5
    No. of beta electrons                            = 5
Multiplicity                                         = 1

Geometry
========
 O       0.0000000       0.0000000      -0.3893611
 H       0.7629844       0.0000000       0.1946806
 H      -0.7629844       0.0000000       0.1946806

Orthonormality violations 7913, Maximum Violation 0.000079
Trying to orthonormalize
No violations of the orthonormality
No violations of the orthonormality
 
PNOF5/ADABelief Calculation
==================
 
  Nitext  Nit_orb  Time   Nit_occ  Time         Eelec          Etot           Ediff      maxdiff    MaxGrad_orb  Grad_occ
     1      10    9.9e+00    0    1.2e+01   -85.33965068   -76.18115224 -10084.33965068   0.000093   3.7e-04   2.1e-04 0.02
 
RESULTS OF THE OCCUPATION OPTIMIZATION
========================================
   1    1.9997691  -20.55717160
   2    1.9800841  -0.90615433
   3    1.9801211  -0.90585296
   4    1.9893807  -0.73098583
   5    1.9893807  -0.73079300
   6    0.0084187  -0.00967212
   7    0.0083911  -0.00966160
   8    0.0160345  -0.01677692
   9    0.0160979  -0.01679906
  10    0.0001858  -0.00685524
  11    0.0008297  -0.00155258
  12    0.0008571  -0.00157494
  13    0.0019707  -0.00297720
  14    0.0019343  -0.00295339
  15    0.0000206  -0.00053467
  16    0.0004880  -0.00102731
  17    0.0004943  -0.00102828
  18    0.0008343  -0.00145592
  19    0.0008129  -0.00143430
  20    0.0000154  -0.00039757
  21    0.0004855  -0.00101702
  22    0.0004781  -0.00101846
  23    0.0007838  -0.00139038
  24    0.0007931  -0.00139709
  25    0.0000051  -0.00011452
  26    0.0000934  -0.00021055
  27    0.0000948  -0.00021113
  28    0.0000579  -0.00018549
  29    0.0000675  -0.00019112
  30    0.0000025  -0.00016706
  31    0.0000818  -0.00022045
  32    0.0000842  -0.00022272
  33    0.0000513  -0.00016100
  34    0.0000557  -0.00016802
  35    0.0000003  -0.00000223
  36    0.0000717  -0.00018543
  37    0.0000768  -0.00019219
  38    0.0000310  -0.00010236
  39    0.0000338  -0.00010804
  40    0.0000001  -0.00000876
  41    0.0000627  -0.00017998
  42    0.0000621  -0.00018375
  43    0.0000287  -0.00009097
  44    0.0000296  -0.00009195
  45    0.0000001  -0.00000005
  46    0.0000358  -0.00013780
  47    0.0000322  -0.00013180
  48    0.0000215  -0.00007606
  49    0.0000262  -0.00008299
  50    0.0000001  0.00000027
  51    0.0000093  -0.00002734
  52    0.0000117  -0.00002957
  53    0.0000166  -0.00007074
  54    0.0000141  -0.00006654
  55    0.0000001  0.00000022
  56    0.0000075  -0.00001895
  57    0.0000080  -0.00001979
  58    0.0000110  -0.00005491
  59    0.0000116  -0.00005571
  60    0.0000001  0.00000023
  61    0.0000057  -0.00001437
  62    0.0000059  -0.00001740
  63    0.0000079  -0.00003382
  64    0.0000081  -0.00003416
  65    0.0000001  0.00000024
  66    0.0000052  -0.00001427
  67    0.0000039  -0.00001409
  68    0.0000060  -0.00002851
  69    0.0000055  -0.00002791
  70    0.0000001  0.00000022
  71    0.0000049  -0.00001225
  72    0.0000033  -0.00001155
  73    0.0000050  -0.00002200
  74    0.0000047  -0.00002167
  75    0.0000001  0.00000024
  76    0.0000038  -0.00001062
  77    0.0000029  -0.00001074
  78    0.0000038  -0.00001751
  79    0.0000043  -0.00001752
  80    0.0000001  0.00000024
  81    0.0000034  -0.00000741
  82    0.0000025  -0.00000626
  83    0.0000032  -0.00001604
  84    0.0000041  -0.00001744
  85    0.0000001  0.00000024
  86    0.0000026  -0.00000830
  87    0.0000024  -0.00000584
  88    0.0000028  -0.00001038
  89    0.0000034  -0.00001257
  90    0.0000001  0.00000023
  91    0.0000025  -0.00000629
  92    0.0000021  -0.00000229
  93    0.0000023  -0.00001061
  94    0.0000022  -0.00000847
  95    0.0000001  0.00000024
  96    0.0000022  -0.00000095
  97    0.0000019  -0.00000097
  98    0.0000020  -0.00000483
  99    0.0000020  -0.00000512
 100    0.0000001  0.00000023
 101    0.0000019  -0.00000115
 102    0.0000014  0.00000023
 103    0.0000018  -0.00000267
 104    0.0000019  -0.00000345
 105    0.0000001  0.00000020
 106    0.0000016  -0.00000058
 107    0.0000013  -0.00000011
 108    0.0000014  -0.00000274
 109    0.0000016  -0.00000296
 110    0.0000001  0.00000020
 111    0.0000015  -0.00000025
 112    0.0000010  0.00000076
 113    0.0000013  -0.00000220
 114    0.0000011  -0.00000233
 115    0.0000001  0.00000012
 
----------------
 Final Energies 
----------------
Final NOF Total Energy =     -76.1811522
 
Total Orbital Internal Iterations = 10
Total Occupation Internal Iterations = 0
 
Elapsed time:   28.87 Seconds

---------------------------------
   Lowdin Population Analysis    
---------------------------------
 Idx  Atom   Population   Charge 
---------------------------------
  1     O     7.351       0.649
  2     H     1.324      -0.324
  3     H     1.324      -0.324

---------------------------------
   M Diagnostic: 0.02
---------------------------------

