Computing Integrals
Basis Set                                            = def2-qzvp
Auxiliary Basis Set                                  = def2-universal-jkfit
Gaussian Type                                        = Spherical
Elapsed time:    3.47 Seconds

Number of basis functions                   (NBF)    = 231
Number of auxiliary basis functions         (NBFAUX) = 265
Inactive Doubly occupied orbitals up to     (NO1)    = 0
No. considered Strongly Doubly occupied MOs (NDOC)   = 12
No. considered Strongly Singly occupied MOs (NSOC)   = 0
NO. of Weakly occ. per St. Doubly occ.  MOs (NCWO)   = 18
Dimension of the Nat. Orb. subspace         (NBF5)   = 228
No. of electrons                                     = 24
    No. of alpha electrons                           = 12
    No. of beta electrons                            = 12
Multiplicity                                         = 1

Geometry
========
 C       0.0000000       0.4210350       0.0000000
 H      -0.3830630       1.4480420       0.0000000
 H      -0.6595560      -1.3436440       0.0000000
 O       1.1585180       0.1170880       0.0000000
 O      -1.0281910      -0.4459140       0.0000000

Orthonormality violations 28881, Maximum Violation 0.000108
Trying to orthonormalize
No violations of the orthonormality
No violations of the orthonormality
 
PNOF5/ADABelief Calculation
==================
 
  Nitext  Nit_orb  Time   Nit_occ  Time         Eelec          Etot           Ediff      maxdiff    MaxGrad_orb  Grad_occ
     1      10    1.1e+01    0    1.2e+01  -259.34675614  -189.11197980 -10258.34675614   0.000097   3.9e-04   2.2e-04 0.05
 
RESULTS OF THE OCCUPATION OPTIMIZATION
========================================
   1    1.9997817  -20.60314175
   2    1.9997843  -20.55909488
   3    1.9994407  -11.37646774
   4    1.9908785  -1.17433440
   5    1.9862863  -1.03858180
   6    1.9807460  -0.95039234
   7    1.9907959  -0.78912610
   8    1.9908102  -0.78810090
   9    1.9902828  -0.78407895
  10    1.9906058  -0.78314643
  11    1.9781270  -0.77333790
  12    1.9472041  -0.56838060
  13    0.0510344  -0.02826152
  14    0.0141658  -0.01245434
  15    0.0070956  -0.00874738
  16    0.0074327  -0.00901221
  17    0.0072196  -0.00877266
  18    0.0072499  -0.00879436
  19    0.0156556  -0.01687748
  20    0.0114246  -0.01409599
  21    0.0070464  -0.01065739
  22    0.0003849  -0.00764775
  23    0.0001836  -0.00679578
  24    0.0001852  -0.00685073
  25    0.0015373  -0.00143113
  26    0.0027732  -0.00343572
  27    0.0009119  -0.00171966
  28    0.0009519  -0.00175168
  29    0.0007475  -0.00145992
  30    0.0007462  -0.00146192
  31    0.0016478  -0.00273692
  32    0.0011031  -0.00213411
  33    0.0012176  -0.00256849
  34    0.0000602  -0.00090844
  35    0.0000137  -0.00036784
  36    0.0000179  -0.00047433
  37    0.0000816  -0.00012687
  38    0.0022241  -0.00273275
  39    0.0005795  -0.00119572
  40    0.0005511  -0.00114750
  41    0.0004756  -0.00099926
  42    0.0004702  -0.00099324
  43    0.0008671  -0.00153792
  44    0.0005595  -0.00117544
  45    0.0004377  -0.00110571
  46    0.0000583  -0.00086110
  47    0.0000104  -0.00024631
  48    0.0000114  -0.00030151
  49    0.0000625  -0.00009585
  50    0.0019856  -0.00254074
  51    0.0004465  -0.00099062
  52    0.0004364  -0.00096837
  53    0.0004420  -0.00095456
  54    0.0004299  -0.00094437
  55    0.0008181  -0.00147250
  56    0.0004803  -0.00108613
  57    0.0002741  -0.00072900
  58    0.0000462  -0.00064144
  59    0.0000048  -0.00011273
  60    0.0000021  -0.00016023
  61    0.0000369  -0.00004912
  62    0.0001326  -0.00023941
  63    0.0000929  -0.00026633
  64    0.0000898  -0.00025603
  65    0.0000711  -0.00020535
  66    0.0000732  -0.00020712
  67    0.0000556  -0.00017039
  68    0.0000394  -0.00011793
  69    0.0000359  -0.00013666
  70    0.0000063  -0.00028782
  71    0.0000022  -0.00016774
  72    0.0000004  -0.00000261
  73    0.0000195  -0.00003700
  74    0.0001244  -0.00023496
  75    0.0000801  -0.00025941
  76    0.0000770  -0.00024700
  77    0.0000579  -0.00018373
  78    0.0000593  -0.00018229
  79    0.0000549  -0.00018321
  80    0.0000359  -0.00011617
  81    0.0000257  -0.00010749
  82    0.0000011  -0.00000450
  83    0.0000002  -0.00000038
  84    0.0000003  -0.00000114
  85    0.0000071  -0.00001293
  86    0.0001198  -0.00021369
  87    0.0000599  -0.00017402
  88    0.0000547  -0.00016895
  89    0.0000496  -0.00015513
  90    0.0000576  -0.00017800
  91    0.0000422  -0.00013033
  92    0.0000210  -0.00009447
  93    0.0000228  -0.00010731
  94    0.0000006  -0.00000568
  95    0.0000001  0.00000010
  96    0.0000002  -0.00000072
  97    0.0000049  -0.00000860
  98    0.0000864  -0.00019439
  99    0.0000484  -0.00015228
 100    0.0000440  -0.00013236
 101    0.0000414  -0.00014995
 102    0.0000440  -0.00014787
 103    0.0000273  -0.00009087
 104    0.0000115  -0.00005345
 105    0.0000164  -0.00008518
 106    0.0000004  -0.00001578
 107    0.0000001  -0.00000719
 108    0.0000001  0.00000022
 109    0.0000030  -0.00000852
 110    0.0000686  -0.00016632
 111    0.0000477  -0.00015020
 112    0.0000344  -0.00013754
 113    0.0000389  -0.00011875
 114    0.0000320  -0.00011674
 115    0.0000222  -0.00008212
 116    0.0000087  -0.00004848
 117    0.0000109  -0.00006808
 118    0.0000002  -0.00000088
 119    0.0000001  0.00000022
 120    0.0000001  -0.00000706
 121    0.0000027  -0.00000925
 122    0.0000602  -0.00015452
 123    0.0000052  -0.00002029
 124    0.0000093  -0.00002591
 125    0.0000222  -0.00007766
 126    0.0000111  -0.00004412
 127    0.0000188  -0.00006836
 128    0.0000077  -0.00003436
 129    0.0000094  -0.00003068
 130    0.0000002  -0.00000025
 131    0.0000001  0.00000021
 132    0.0000001  0.00000016
 133    0.0000016  -0.00000654
 134    0.0000371  -0.00009474
 135    0.0000045  -0.00002075
 136    0.0000071  -0.00002156
 137    0.0000048  -0.00001892
 138    0.0000065  -0.00002025
 139    0.0000127  -0.00005439
 140    0.0000047  -0.00002346
 141    0.0000055  -0.00001909
 142    0.0000002  -0.00000022
 143    0.0000001  0.00000021
 144    0.0000001  0.00000018
 145    0.0000013  -0.00000284
 146    0.0000332  -0.00009379
 147    0.0000044  -0.00002109
 148    0.0000056  -0.00002034
 149    0.0000041  -0.00001382
 150    0.0000046  -0.00001620
 151    0.0000084  -0.00003452
 152    0.0000037  -0.00001613
 153    0.0000040  -0.00001547
 154    0.0000002  0.00000020
 155    0.0000001  0.00000020
 156    0.0000001  0.00000016
 157    0.0000008  -0.00000128
 158    0.0000253  -0.00007721
 159    0.0000035  -0.00001642
 160    0.0000050  -0.00001913
 161    0.0000033  -0.00001379
 162    0.0000042  -0.00001107
 163    0.0000069  -0.00002789
 164    0.0000032  -0.00001565
 165    0.0000035  -0.00001649
 166    0.0000001  0.00000026
 167    0.0000001  0.00000020
 168    0.0000001  0.00000020
 169    0.0000008  -0.00000122
 170    0.0000096  -0.00003108
 171    0.0000032  -0.00001542
 172    0.0000042  -0.00001657
 173    0.0000032  -0.00001055
 174    0.0000035  -0.00001247
 175    0.0000056  -0.00002432
 176    0.0000029  -0.00001115
 177    0.0000029  -0.00001577
 178    0.0000001  0.00000026
 179    0.0000001  0.00000020
 180    0.0000001  0.00000018
 181    0.0000006  -0.00000141
 182    0.0000083  -0.00003066
 183    0.0000032  -0.00001278
 184    0.0000041  -0.00001152
 185    0.0000027  -0.00001125
 186    0.0000033  -0.00001044
 187    0.0000043  -0.00001973
 188    0.0000023  -0.00001188
 189    0.0000026  -0.00000638
 190    0.0000001  0.00000025
 191    0.0000001  0.00000020
 192    0.0000001  0.00000016
 193    0.0000004  -0.00000071
 194    0.0000079  -0.00002937
 195    0.0000029  -0.00000962
 196    0.0000036  -0.00001232
 197    0.0000024  -0.00000767
 198    0.0000032  -0.00001091
 199    0.0000027  -0.00001459
 200    0.0000020  -0.00000394
 201    0.0000022  -0.00000510
 202    0.0000001  0.00000027
 203    0.0000001  0.00000021
 204    0.0000001  0.00000019
 205    0.0000003  -0.00000032
 206    0.0000063  -0.00002725
 207    0.0000026  -0.00000893
 208    0.0000032  -0.00000953
 209    0.0000020  -0.00000596
 210    0.0000029  -0.00000719
 211    0.0000022  -0.00001347
 212    0.0000019  -0.00000268
 213    0.0000020  -0.00000486
 214    0.0000001  0.00000028
 215    0.0000001  0.00000021
 216    0.0000001  0.00000019
 217    0.0000002  -0.00000032
 218    0.0000045  -0.00001997
 219    0.0000021  -0.00000791
 220    0.0000030  -0.00000878
 221    0.0000015  -0.00000149
 222    0.0000025  -0.00000378
 223    0.0000017  -0.00000742
 224    0.0000016  -0.00000306
 225    0.0000019  -0.00000349
 226    0.0000001  0.00000023
 227    0.0000001  0.00000020
 228    0.0000001  0.00000019
 
----------------
 Final Energies 
----------------
Final NOF Total Energy =    -189.1119798
 
Total Orbital Internal Iterations = 10
Total Occupation Internal Iterations = 0
 
Elapsed time:   31.11 Seconds

---------------------------------
   Lowdin Population Analysis    
---------------------------------
 Idx  Atom   Population   Charge 
---------------------------------
  1     C     6.484      -0.484
  2     H     1.088      -0.088
  3     H     1.289      -0.289
  4     O     7.740       0.260
  5     O     7.399       0.601

---------------------------------
   M Diagnostic: 0.05
---------------------------------

