Computing Integrals
Basis Set                                            = def2-qzvp
Auxiliary Basis Set                                  = def2-universal-jkfit
Gaussian Type                                        = Spherical
Elapsed time:    2.67 Seconds

Number of basis functions                   (NBF)    = 100
Number of auxiliary basis functions         (NBFAUX) = 146
Inactive Doubly occupied orbitals up to     (NO1)    = 0
No. considered Strongly Doubly occupied MOs (NDOC)   = 9
No. considered Strongly Singly occupied MOs (NSOC)   = 0
NO. of Weakly occ. per St. Doubly occ.  MOs (NCWO)   = 10
Dimension of the Nat. Orb. subspace         (NBF5)   = 99
No. of electrons                                     = 18
    No. of alpha electrons                           = 9
    No. of beta electrons                            = 9
Multiplicity                                         = 1

Geometry
========
 S       0.7716119       1.3262688      -0.9387166
 H      -0.1907513       1.8427406      -1.7174752

Orthonormality violations 2142, Maximum Violation 0.000030
Trying to orthonormalize
No violations of the orthonormality
No violations of the orthonormality
 
PNOF8/ADABelief Calculation
==================
 
  Nitext  Nit_orb  Time   Nit_occ  Time         Eelec          Etot           Ediff      maxdiff    MaxGrad_orb  Grad_occ
     1      10    2.2e+01    5    2.5e+01  -404.97815038  -398.66621869 -10403.97815038   0.001040   4.2e-03   2.1e-04 0.02
     2      20    1.7e+00    0    1.6e-02  -404.97827545  -398.66634377    -0.00012508   0.001040   4.2e-03   2.1e-04 0.02
     3      40    3.2e+00    5    1.4e-01  -404.97832772  -398.66639604    -0.00005227   0.007703   3.1e-02   1.4e-04 0.02
     4      40    3.2e+00    2    6.2e-02  -404.97863927  -398.66670759    -0.00031155   0.005419   2.2e-02   2.1e-04 0.02
     5      40    3.0e+00    0    5.4e-02  -404.97864389  -398.66671220    -0.00000461   0.005419   2.2e-02   2.1e-04 0.02
     6      60    4.6e+00    2    4.2e-02  -404.97877722  -398.66684553    -0.00013333   0.000823   3.3e-03   2.5e-04 0.02
 
RESULTS OF THE OCCUPATION OPTIMIZATION
========================================
   1    1.9999992  -91.70636321
   2    1.9998530  -8.66566548
   3    1.9985347  -6.35750587
   4    1.9980792  -6.35231454
   5    1.9987692  -6.35208156
   6    1.9810430  -0.63955814
   7    1.9750650  -0.29163603
   8    1.9714087  -0.11216929
   9    1.9692304  -0.11078319
  10    0.0097674  -0.01310225
  11    0.0099211  -0.01895964
  12    0.0162725  -0.02842911
  13    0.0069021  -0.02021259
  14    0.0011450  -0.01275440
  15    0.0010424  -0.01244616
  16    0.0006559  -0.01151045
  17    0.0001421  -0.00312583
  18    0.0000007  -0.00000952
  19    0.0095789  -0.01264911
  20    0.0088503  -0.01446866
  21    0.0026440  -0.00722820
  22    0.0067485  -0.02276739
  23    0.0000212  -0.00105259
  24    0.0007645  -0.01219566
  25    0.0006487  -0.01063790
  26    0.0000025  -0.00023072
  27    0.0000001  -0.00000109
  28    0.0095245  -0.01243431
  29    0.0079009  -0.01223474
  30    0.0022734  -0.00704254
  31    0.0020615  -0.00873769
  32    0.0000143  -0.00009568
  33    0.0000784  -0.00205543
  34    0.0001000  -0.00111006
  35    0.0000007  -0.00000655
  36    0.0000000  -0.00000065
  37    0.0009559  -0.00184998
  38    0.0006594  -0.00123858
  39    0.0022086  -0.00761257
  40    0.0012064  -0.00452429
  41    0.0000137  -0.00009420
  42    0.0000114  -0.00009634
  43    0.0000200  -0.00012585
  44    0.0000004  -0.00000531
  45    0.0000000  -0.00000056
  46    0.0003092  -0.00066709
  47    0.0006556  -0.00122840
  48    0.0005221  -0.00112862
  49    0.0009776  -0.00335190
  50    0.0000112  -0.00011341
  51    0.0000096  -0.00008148
  52    0.0000093  -0.00007789
  53    0.0000003  -0.00000451
  54    0.0000000  -0.00000051
  55    0.0002830  -0.00058034
  56    0.0003226  -0.00074831
  57    0.0003473  -0.00092386
  58    0.0004774  -0.00117036
  59    0.0000087  -0.00007300
  60    0.0000083  -0.00007507
  61    0.0000088  -0.00007551
  62    0.0000003  -0.00000348
  63    0.0000000  -0.00000009
  64    0.0001477  -0.00043369
  65    0.0000797  -0.00019419
  66    0.0002777  -0.00083844
  67    0.0003092  -0.00115708
  68    0.0000063  -0.00026326
  69    0.0000021  -0.00001921
  70    0.0000081  -0.00011487
  71    0.0000002  -0.00000329
  72    0.0000000  -0.00000006
  73    0.0000808  -0.00020361
  74    0.0000782  -0.00019309
  75    0.0001696  -0.00062374
  76    0.0001644  -0.00058644
  77    0.0000037  -0.00010545
  78    0.0000019  -0.00001923
  79    0.0000058  -0.00005213
  80    0.0000002  -0.00000213
  81    0.0000000  -0.00000006
  82    0.0000618  -0.00015474
  83    0.0000692  -0.00017798
  84    0.0001453  -0.00054075
  85    0.0000556  -0.00017036
  86    0.0000036  -0.00003998
  87    0.0000013  -0.00001424
  88    0.0000045  -0.00020682
  89    0.0000002  -0.00000187
  90    0.0000000  -0.00000008
  91    0.0000605  -0.00015774
  92    0.0000543  -0.00013637
  93    0.0000745  -0.00020589
  94    0.0000542  -0.00016857
  95    0.0000030  -0.00002567
  96    0.0000010  -0.00001153
  97    0.0000042  -0.00009556
  98    0.0000002  -0.00000166
  99    0.0000000  -0.00000006
 
----------------
 Final Energies 
----------------
Final NOF Total Energy =    -398.6668455
 
Total Orbital Internal Iterations = 210
Total Occupation Internal Iterations = 14
 
Elapsed time:   80.95 Seconds

---------------------------------
   Lowdin Population Analysis    
---------------------------------
 Idx  Atom   Population   Charge 
---------------------------------
  1     S    16.583      -0.583
  2     H     1.417      -0.417

---------------------------------
   M Diagnostic: 0.02
---------------------------------

