Computing Integrals
Basis Set                                            = def2-qzvp
Auxiliary Basis Set                                  = def2-universal-jkfit
Gaussian Type                                        = Spherical
Elapsed time:    2.68 Seconds

Number of basis functions                   (NBF)    = 147
Number of auxiliary basis functions         (NBFAUX) = 131
Inactive Doubly occupied orbitals up to     (NO1)    = 0
No. considered Strongly Doubly occupied MOs (NDOC)   = 5
No. considered Strongly Singly occupied MOs (NSOC)   = 0
NO. of Weakly occ. per St. Doubly occ.  MOs (NCWO)   = 28
Dimension of the Nat. Orb. subspace         (NBF5)   = 145
No. of electrons                                     = 10
    No. of alpha electrons                           = 5
    No. of beta electrons                            = 5
Multiplicity                                         = 1

Geometry
========
 N      -1.1495506      -0.0399443       1.5977359
 H      -0.7993897      -0.9919745       1.5888383
 H      -0.7131478       0.3976979       2.4021449
 H      -0.7006725       0.4080986       0.7846342

No violations of the orthonormality
No violations of the orthonormality
 
PNOF8/ADABelief Calculation
==================
 
  Nitext  Nit_orb  Time   Nit_occ  Time         Eelec          Etot           Ediff      maxdiff    MaxGrad_orb  Grad_occ
     1      10    2.2e+01    0    2.5e+01   -68.39059905   -56.51284969 -10067.39059905   0.000927   3.7e-03   9.6e-05 0.02
 
RESULTS OF THE OCCUPATION OPTIMIZATION
========================================
   1    1.9999645  -15.56059282
   2    1.9851545  -1.11488170
   3    1.9729197  -0.61757156
   4    1.9707056  -0.60829307
   5    1.9711834  -0.60619066
   6    0.0174721  -0.02429148
   7    0.0187380  -0.02518928
   8    0.0196302  -0.02582736
   9    0.0082025  -0.01619574
  10    0.0000305  -0.00092768
  11    0.0046901  -0.00786053
  12    0.0048490  -0.00795529
  13    0.0047930  -0.00811465
  14    0.0012483  -0.00519216
  15    0.0000018  -0.00003851
  16    0.0044056  -0.00780798
  17    0.0044574  -0.00772133
  18    0.0007181  -0.00156352
  19    0.0011666  -0.00344349
  20    0.0000014  -0.00000942
  21    0.0009991  -0.00221640
  22    0.0005525  -0.00127792
  23    0.0006318  -0.00176142
  24    0.0011374  -0.00335582
  25    0.0000008  -0.00000292
  26    0.0004571  -0.00115868
  27    0.0001808  -0.00052202
  28    0.0003886  -0.00094946
  29    0.0006850  -0.00169308
  30    0.0000006  -0.00005019
  31    0.0002731  -0.00073698
  32    0.0001287  -0.00043350
  33    0.0002983  -0.00077204
  34    0.0006803  -0.00169013
  35    0.0000000  -0.00000099
  36    0.0001252  -0.00044806
  37    0.0000862  -0.00027789
  38    0.0001941  -0.00054971
  39    0.0005470  -0.00288095
  40    0.0000000  -0.00000068
  41    0.0001014  -0.00033084
  42    0.0000648  -0.00021878
  43    0.0001052  -0.00033389
  44    0.0003505  -0.00097896
  45    0.0000000  -0.00000068
  46    0.0000646  -0.00020589
  47    0.0000490  -0.00017287
  48    0.0000911  -0.00028779
  49    0.0003318  -0.00092263
  50    0.0000000  -0.00000050
  51    0.0000570  -0.00018225
  52    0.0000443  -0.00015315
  53    0.0000550  -0.00019243
  54    0.0001613  -0.00075412
  55    0.0000000  -0.00000044
  56    0.0000444  -0.00015036
  57    0.0000356  -0.00013114
  58    0.0000492  -0.00017990
  59    0.0000647  -0.00024583
  60    0.0000000  -0.00000046
  61    0.0000299  -0.00010660
  62    0.0000301  -0.00011156
  63    0.0000273  -0.00011994
  64    0.0000482  -0.00017649
  65    0.0000000  -0.00000039
  66    0.0000186  -0.00007382
  67    0.0000130  -0.00005477
  68    0.0000239  -0.00009497
  69    0.0000413  -0.00014935
  70    0.0000000  -0.00000040
  71    0.0000130  -0.00006088
  72    0.0000116  -0.00004926
  73    0.0000119  -0.00005360
  74    0.0000345  -0.00013551
  75    0.0000000  -0.00000033
  76    0.0000113  -0.00005150
  77    0.0000112  -0.00005010
  78    0.0000114  -0.00004802
  79    0.0000290  -0.00011879
  80    0.0000000  -0.00000030
  81    0.0000102  -0.00004551
  82    0.0000089  -0.00003549
  83    0.0000102  -0.00004403
  84    0.0000226  -0.00009229
  85    0.0000000  -0.00000031
  86    0.0000090  -0.00003865
  87    0.0000062  -0.00002665
  88    0.0000089  -0.00003992
  89    0.0000202  -0.00008772
  90    0.0000000  -0.00000028
  91    0.0000078  -0.00003486
  92    0.0000049  -0.00001941
  93    0.0000062  -0.00003288
  94    0.0000159  -0.00008183
  95    0.0000000  -0.00000028
  96    0.0000047  -0.00002161
  97    0.0000044  -0.00001681
  98    0.0000055  -0.00002470
  99    0.0000106  -0.00005876
 100    0.0000000  -0.00000021
 101    0.0000042  -0.00001522
 102    0.0000031  -0.00000838
 103    0.0000042  -0.00001857
 104    0.0000092  -0.00005147
 105    0.0000000  -0.00000026
 106    0.0000037  -0.00000772
 107    0.0000030  -0.00000773
 108    0.0000030  -0.00000746
 109    0.0000076  -0.00004660
 110    0.0000000  -0.00000027
 111    0.0000035  -0.00000924
 112    0.0000022  -0.00000452
 113    0.0000024  -0.00000652
 114    0.0000075  -0.00004303
 115    0.0000000  -0.00000023
 116    0.0000022  -0.00000507
 117    0.0000022  -0.00000309
 118    0.0000022  -0.00000468
 119    0.0000059  -0.00004178
 120    0.0000000  -0.00000023
 121    0.0000021  -0.00000258
 122    0.0000020  -0.00000307
 123    0.0000021  -0.00000462
 124    0.0000048  -0.00002673
 125    0.0000000  -0.00000023
 126    0.0000019  -0.00000260
 127    0.0000016  -0.00000251
 128    0.0000018  -0.00000264
 129    0.0000035  -0.00001804
 130    0.0000000  -0.00000022
 131    0.0000018  -0.00000261
 132    0.0000013  -0.00000102
 133    0.0000016  -0.00000283
 134    0.0000035  -0.00001773
 135    0.0000000  -0.00000015
 136    0.0000016  -0.00000172
 137    0.0000013  -0.00000112
 138    0.0000016  -0.00000252
 139    0.0000030  -0.00001430
 140    0.0000000  -0.00000021
 141    0.0000014  -0.00000094
 142    0.0000012  -0.00000062
 143    0.0000015  -0.00000167
 144    0.0000027  -0.00000937
 145    0.0000000  -0.00000016
 
----------------
 Final Energies 
----------------
Final NOF Total Energy =     -56.5128497
 
Total Orbital Internal Iterations = 10
Total Occupation Internal Iterations = 0
 
Elapsed time:   61.51 Seconds

---------------------------------
   Lowdin Population Analysis    
---------------------------------
 Idx  Atom   Population   Charge 
---------------------------------
  1     N     6.442       0.558
  2     H     1.193      -0.193
  3     H     1.194      -0.194
  4     H     1.171      -0.171

---------------------------------
   M Diagnostic: 0.02
---------------------------------

