Computing Integrals
Basis Set                                            = def2-qzvp
Auxiliary Basis Set                                  = def2-universal-jkfit
Gaussian Type                                        = Spherical
Elapsed time:    3.65 Seconds

Number of basis functions                   (NBF)    = 247
Number of auxiliary basis functions         (NBFAUX) = 277
Inactive Doubly occupied orbitals up to     (NO1)    = 0
No. considered Strongly Doubly occupied MOs (NDOC)   = 14
No. considered Strongly Singly occupied MOs (NSOC)   = 0
NO. of Weakly occ. per St. Doubly occ.  MOs (NCWO)   = 16
Dimension of the Nat. Orb. subspace         (NBF5)   = 238
No. of electrons                                     = 28
    No. of alpha electrons                           = 14
    No. of beta electrons                            = 14
Multiplicity                                         = 1

Geometry
========
 S       0.7716119       1.3262688      -0.9387166
 H      -0.1907513       1.8427406      -1.7174752
 N      -1.1495506      -0.0399443       1.5977359
 H      -0.7993897      -0.9919745       1.5888383
 H      -0.7131478       0.3976979       2.4021449
 H      -0.7006725       0.4080986       0.7846342

No violations of the orthonormality
No violations of the orthonormality
 
PNOF8/ADABelief Calculation
==================
 
  Nitext  Nit_orb  Time   Nit_occ  Time         Eelec          Etot           Ediff      maxdiff    MaxGrad_orb  Grad_occ
     1      10    2.2e+01    0    2.5e+01  -499.81661881  -455.19654133 -10498.81661881   0.000681   2.7e-03   1.9e-04 0.03
 
RESULTS OF THE OCCUPATION OPTIMIZATION
========================================
   1    1.9999991  -91.72210178
   2    1.9999762  -15.39045300
   3    1.9996242  -8.67269102
   4    1.9992252  -6.38222722
   5    1.9991720  -6.37159916
   6    1.9991249  -6.37074689
   7    1.9822717  -0.92773014
   8    1.9832605  -0.68032574
   9    1.9723887  -0.45474442
  10    1.9747778  -0.45449516
  11    1.9706800  -0.44523625
  12    1.9712563  -0.28633087
  13    1.9729882  -0.13948463
  14    1.9710649  -0.12811091
  15    0.0095688  -0.01869210
  16    0.0075947  -0.01516178
  17    0.0175714  -0.02742164
  18    0.0187062  -0.02359277
  19    0.0207845  -0.02699344
  20    0.0192495  -0.02428145
  21    0.0074197  -0.02628375
  22    0.0069095  -0.01468097
  23    0.0008245  -0.01229510
  24    0.0007119  -0.01098970
  25    0.0007279  -0.01268273
  26    0.0003595  -0.00641251
  27    0.0000229  -0.00064258
  28    0.0000008  -0.00000802
  29    0.0081087  -0.01242265
  30    0.0073185  -0.01249364
  31    0.0070234  -0.01235964
  32    0.0048644  -0.00760634
  33    0.0011755  -0.00282548
  34    0.0048953  -0.00778321
  35    0.0021852  -0.00921211
  36    0.0038362  -0.00798665
  37    0.0000181  -0.00092423
  38    0.0000923  -0.00351923
  39    0.0000161  -0.00023089
  40    0.0000043  -0.00032451
  41    0.0000002  -0.00000149
  42    0.0000000  -0.00000021
  43    0.0077943  -0.01199572
  44    0.0070397  -0.01331730
  45    0.0021049  -0.00651471
  46    0.0045893  -0.00739850
  47    0.0007548  -0.00192711
  48    0.0011414  -0.00245310
  49    0.0021141  -0.00884783
  50    0.0033712  -0.00790140
  51    0.0000086  -0.00008837
  52    0.0000053  -0.00005239
  53    0.0000075  -0.00007304
  54    0.0000025  -0.00015259
  55    0.0000001  -0.00000207
  56    0.0000000  -0.00000018
  57    0.0011053  -0.00263134
  58    0.0027277  -0.00854351
  59    0.0007878  -0.00156038
  60    0.0003505  -0.00091016
  61    0.0007266  -0.00179571
  62    0.0006905  -0.00165387
  63    0.0020830  -0.00877882
  64    0.0012685  -0.00618408
  65    0.0000062  -0.00016351
  66    0.0000041  -0.00004318
  67    0.0000052  -0.00006027
  68    0.0000019  -0.00001947
  69    0.0000001  -0.00000121
  70    0.0000000  -0.00000018
  71    0.0006540  -0.00123997
  72    0.0008077  -0.00184932
  73    0.0005960  -0.00117797
  74    0.0002986  -0.00076278
  75    0.0006237  -0.00133536
  76    0.0006166  -0.00145366
  77    0.0018377  -0.00916317
  78    0.0010578  -0.00334421
  79    0.0000045  -0.00005288
  80    0.0000035  -0.00005124
  81    0.0000031  -0.00004045
  82    0.0000015  -0.00001534
  83    0.0000001  -0.00000115
  84    0.0000000  -0.00000018
  85    0.0006507  -0.00123283
  86    0.0006039  -0.00121365
  87    0.0001960  -0.00054860
  88    0.0001464  -0.00042156
  89    0.0003678  -0.00088546
  90    0.0005349  -0.00122108
  91    0.0003460  -0.00144786
  92    0.0003236  -0.00097325
  93    0.0000038  -0.00003947
  94    0.0000023  -0.00003242
  95    0.0000030  -0.00003551
  96    0.0000014  -0.00001412
  97    0.0000001  -0.00000087
  98    0.0000000  -0.00000013
  99    0.0003123  -0.00084032
 100    0.0003028  -0.00086541
 101    0.0001669  -0.00042201
 102    0.0001054  -0.00032484
 103    0.0003002  -0.00077492
 104    0.0001803  -0.00052077
 105    0.0001949  -0.00166797
 106    0.0002884  -0.00092393
 107    0.0000033  -0.00012863
 108    0.0000019  -0.00001712
 109    0.0000029  -0.00003876
 110    0.0000011  -0.00000963
 111    0.0000001  -0.00000080
 112    0.0000000  -0.00000015
 113    0.0003055  -0.00084427
 114    0.0002896  -0.00087801
 115    0.0000741  -0.00019685
 116    0.0000853  -0.00025621
 117    0.0001163  -0.00035458
 118    0.0000643  -0.00018954
 119    0.0001743  -0.00119077
 120    0.0001898  -0.00072625
 121    0.0000015  -0.00001352
 122    0.0000016  -0.00001439
 123    0.0000025  -0.00002965
 124    0.0000010  -0.00000822
 125    0.0000001  -0.00000074
 126    0.0000000  -0.00000015
 127    0.0001666  -0.00043722
 128    0.0000785  -0.00021263
 129    0.0000653  -0.00017500
 130    0.0000490  -0.00015404
 131    0.0000956  -0.00029617
 132    0.0000530  -0.00016059
 133    0.0000980  -0.00035979
 134    0.0001473  -0.00094257
 135    0.0000013  -0.00001130
 136    0.0000011  -0.00000798
 137    0.0000022  -0.00002734
 138    0.0000009  -0.00000870
 139    0.0000000  -0.00000065
 140    0.0000000  -0.00000014
 141    0.0000730  -0.00020800
 142    0.0000662  -0.00020175
 143    0.0000572  -0.00015817
 144    0.0000454  -0.00014719
 145    0.0000660  -0.00019197
 146    0.0000471  -0.00015113
 147    0.0000777  -0.00023681
 148    0.0001006  -0.00034479
 149    0.0000011  -0.00000950
 150    0.0000010  -0.00000824
 151    0.0000012  -0.00001014
 152    0.0000007  -0.00000659
 153    0.0000000  -0.00000068
 154    0.0000000  -0.00000013
 155    0.0000571  -0.00016403
 156    0.0000543  -0.00015495
 157    0.0000498  -0.00013828
 158    0.0000370  -0.00012349
 159    0.0000598  -0.00018172
 160    0.0000459  -0.00013859
 161    0.0000705  -0.00023837
 162    0.0000879  -0.00031861
 163    0.0000008  -0.00000563
 164    0.0000010  -0.00000850
 165    0.0000011  -0.00000804
 166    0.0000004  -0.00001194
 167    0.0000000  -0.00000050
 168    0.0000000  -0.00000011
 169    0.0000497  -0.00014108
 170    0.0000402  -0.00012817
 171    0.0000163  -0.00007245
 172    0.0000292  -0.00009949
 173    0.0000518  -0.00016379
 174    0.0000338  -0.00012173
 175    0.0000534  -0.00017711
 176    0.0000654  -0.00024680
 177    0.0000006  -0.00002132
 178    0.0000010  -0.00000849
 179    0.0000008  -0.00000594
 180    0.0000002  -0.00000234
 181    0.0000000  -0.00000044
 182    0.0000000  -0.00000011
 183    0.0000393  -0.00012022
 184    0.0000330  -0.00010382
 185    0.0000148  -0.00006468
 186    0.0000046  -0.00002938
 187    0.0000448  -0.00014508
 188    0.0000316  -0.00012316
 189    0.0000375  -0.00014997
 190    0.0000494  -0.00018617
 191    0.0000003  -0.00000331
 192    0.0000003  -0.00000384
 193    0.0000007  -0.00001205
 194    0.0000001  -0.00000141
 195    0.0000000  -0.00000039
 196    0.0000000  -0.00000010
 197    0.0000202  -0.00007514
 198    0.0000304  -0.00009914
 199    0.0000119  -0.00006048
 200    0.0000033  -0.00001822
 201    0.0000357  -0.00012477
 202    0.0000213  -0.00008789
 203    0.0000324  -0.00012668
 204    0.0000232  -0.00010417
 205    0.0000002  -0.00000187
 206    0.0000002  -0.00000265
 207    0.0000002  -0.00000279
 208    0.0000001  -0.00000120
 209    0.0000000  -0.00000036
 210    0.0000000  -0.00000010
 211    0.0000184  -0.00007307
 212    0.0000130  -0.00007019
 213    0.0000041  -0.00003045
 214    0.0000029  -0.00001675
 215    0.0000103  -0.00005496
 216    0.0000031  -0.00001752
 217    0.0000096  -0.00006110
 218    0.0000064  -0.00004558
 219    0.0000002  -0.00000174
 220    0.0000002  -0.00000254
 221    0.0000002  -0.00000172
 222    0.0000001  -0.00000091
 223    0.0000000  -0.00000036
 224    0.0000000  -0.00000010
 225    0.0000111  -0.00005896
 226    0.0000117  -0.00006324
 227    0.0000038  -0.00002875
 228    0.0000024  -0.00001408
 229    0.0000087  -0.00005209
 230    0.0000029  -0.00001684
 231    0.0000053  -0.00004520
 232    0.0000031  -0.00002271
 233    0.0000001  -0.00000149
 234    0.0000002  -0.00000198
 235    0.0000001  -0.00000111
 236    0.0000001  -0.00000071
 237    0.0000000  -0.00000034
 238    0.0000000  -0.00000008
 
----------------
 Final Energies 
----------------
Final NOF Total Energy =    -455.1965413
 
Total Orbital Internal Iterations = 10
Total Occupation Internal Iterations = 0
 
Elapsed time:   61.89 Seconds

---------------------------------
   Lowdin Population Analysis    
---------------------------------
 Idx  Atom   Population   Charge 
---------------------------------
  1     S    16.444      -0.444
  2     H     1.408      -0.408
  3     N     6.472       0.528
  4     H     1.215      -0.215
  5     H     1.215      -0.215
  6     H     1.246      -0.246

---------------------------------
   M Diagnostic: 0.03
---------------------------------

