Computing Integrals
Basis Set                                            = def2-qzvp
Auxiliary Basis Set                                  = def2-universal-jkfit
Gaussian Type                                        = Spherical
Elapsed time:    5.06 Seconds

Number of basis functions                   (NBF)    = 287
Number of auxiliary basis functions         (NBFAUX) = 385
Inactive Doubly occupied orbitals up to     (NO1)    = 0
No. considered Strongly Doubly occupied MOs (NDOC)   = 22
No. considered Strongly Singly occupied MOs (NSOC)   = 0
NO. of Weakly occ. per St. Doubly occ.  MOs (NCWO)   = 12
Dimension of the Nat. Orb. subspace         (NBF5)   = 286
No. of electrons                                     = 44
    No. of alpha electrons                           = 22
    No. of beta electrons                            = 22
Multiplicity                                         = 1

Geometry
========
Cl      -0.0002746       0.0192429       2.3225374
 C       0.0002134       0.0002029      -0.0000524
 H       0.7609800      -0.7510163       0.0064136
 H      -1.0307506      -0.2830071       0.0021836
 H       0.2704285       1.0346447      -0.0086604
Cl      -0.0005966      -0.0200671      -2.3224218

No violations of the orthonormality
No violations of the orthonormality
 
PNOF8/ADABelief Calculation
==================
 
  Nitext  Nit_orb  Time   Nit_occ  Time         Eelec          Etot           Ediff      maxdiff    MaxGrad_orb  Grad_occ
     1      10    2.7e+01    0    2.6e+01 -1070.34000201  -960.06066404 -11069.34000201   0.000998   4.0e-03   2.3e-04 0.03
 
RESULTS OF THE OCCUPATION OPTIMIZATION
========================================
   1    1.9999993  -104.65124322
   2    1.9999993  -104.65111736
   3    1.9999772  -11.16409689
   4    1.9998816  -10.33931018
   5    1.9998630  -10.33925330
   6    1.9993541  -7.81030892
   7    1.9995713  -7.81003161
   8    1.9989839  -7.80986554
   9    1.9990013  -7.80937812
  10    1.9990523  -7.80916821
  11    1.9992369  -7.80881743
  12    1.9836019  -0.86129004
  13    1.9832394  -0.85514598
  14    1.9813655  -0.76232087
  15    1.9733277  -0.49092361
  16    1.9721087  -0.48976883
  17    1.9674393  -0.33476858
  18    1.9706429  -0.26324466
  19    1.9705026  -0.26304860
  20    1.9680462  -0.26281814
  21    1.9680991  -0.26245967
  22    1.9809687  -0.25753254
  23    0.0078805  -0.02045205
  24    0.0106297  -0.01624408
  25    0.0103695  -0.01612367
  26    0.0096886  -0.01592772
  27    0.0098888  -0.01600528
  28    0.0308366  -0.04191487
  29    0.0114341  -0.01743050
  30    0.0121056  -0.01694270
  31    0.0063700  -0.02086831
  32    0.0068309  -0.02709359
  33    0.0069941  -0.02754141
  34    0.0005884  -0.01218127
  35    0.0005181  -0.01096501
  36    0.0005818  -0.01229668
  37    0.0005182  -0.01092232
  38    0.0001218  -0.00151244
  39    0.0004726  -0.01022259
  40    0.0000874  -0.00202838
  41    0.0000906  -0.00270744
  42    0.0000194  -0.00036359
  43    0.0000005  -0.00000706
  44    0.0000005  -0.00001336
  45    0.0027930  -0.01024488
  46    0.0103300  -0.01571440
  47    0.0100674  -0.01561986
  48    0.0096343  -0.01599691
  49    0.0098843  -0.01616843
  50    0.0006825  -0.00146577
  51    0.0107586  -0.01482670
  52    0.0041239  -0.00701686
  53    0.0063604  -0.02028791
  54    0.0020265  -0.01004945
  55    0.0020535  -0.01010830
  56    0.0000952  -0.00116832
  57    0.0003909  -0.00913615
  58    0.0003928  -0.00898986
  59    0.0004618  -0.01022716
  60    0.0001064  -0.00118536
  61    0.0001069  -0.00141884
  62    0.0000102  -0.00007849
  63    0.0000175  -0.00031072
  64    0.0000033  -0.00007207
  65    0.0000001  -0.00000097
  66    0.0000001  -0.00000113
  67    0.0023255  -0.00994086
  68    0.0103235  -0.01576793
  69    0.0100660  -0.01556034
  70    0.0084027  -0.01882056
  71    0.0085187  -0.01894126
  72    0.0006231  -0.00139070
  73    0.0024933  -0.00434992
  74    0.0039195  -0.00677227
  75    0.0039478  -0.01420548
  76    0.0019959  -0.01010373
  77    0.0020461  -0.01013407
  78    0.0000685  -0.00074239
  79    0.0000169  -0.00052227
  80    0.0000104  -0.00008026
  81    0.0000208  -0.00094112
  82    0.0000993  -0.00113433
  83    0.0000406  -0.00081352
  84    0.0000096  -0.00007360
  85    0.0000084  -0.00023910
  86    0.0000000  -0.00000053
  87    0.0000000  -0.00000039
  88    0.0000000  -0.00000004
  89    0.0022895  -0.00969396
  90    0.0002553  -0.00082394
  91    0.0006244  -0.00138568
  92    0.0006869  -0.00151705
  93    0.0006948  -0.00152146
  94    0.0000605  -0.00017984
  95    0.0009031  -0.00214975
  96    0.0028139  -0.00494379
  97    0.0006455  -0.00194740
  98    0.0019467  -0.00963532
  99    0.0019970  -0.00992123
 100    0.0000046  -0.00010038
 101    0.0000128  -0.00020581
 102    0.0000066  -0.00006859
 103    0.0000080  -0.00008019
 104    0.0000915  -0.00279326
 105    0.0000124  -0.00030102
 106    0.0000089  -0.00011619
 107    0.0000004  -0.00000524
 108    0.0000000  -0.00000026
 109    0.0000000  -0.00000027
 110    0.0000000  -0.00000002
 111    0.0008380  -0.00282231
 112    0.0000557  -0.00016913
 113    0.0005409  -0.00126114
 114    0.0006817  -0.00151182
 115    0.0000613  -0.00018720
 116    0.0000595  -0.00017998
 117    0.0008491  -0.00174256
 118    0.0014451  -0.00368883
 119    0.0006396  -0.00180935
 120    0.0019175  -0.00969588
 121    0.0015907  -0.00823000
 122    0.0000019  -0.00006463
 123    0.0000027  -0.00020887
 124    0.0000023  -0.00010892
 125    0.0000033  -0.00017177
 126    0.0000043  -0.00022776
 127    0.0000090  -0.00007261
 128    0.0000077  -0.00027434
 129    0.0000003  -0.00000253
 130    0.0000000  -0.00000025
 131    0.0000000  -0.00000028
 132    0.0000000  -0.00000002
 133    0.0007781  -0.00187280
 134    0.0000511  -0.00016370
 135    0.0000473  -0.00014957
 136    0.0001126  -0.00033314
 137    0.0000602  -0.00018667
 138    0.0000586  -0.00017791
 139    0.0006242  -0.00132822
 140    0.0008455  -0.00190399
 141    0.0002736  -0.00109893
 142    0.0006334  -0.00242447
 143    0.0006346  -0.00219537
 144    0.0000016  -0.00002555
 145    0.0000018  -0.00006663
 146    0.0000020  -0.00008331
 147    0.0000015  -0.00003774
 148    0.0000021  -0.00012259
 149    0.0000011  -0.00001912
 150    0.0000039  -0.00004161
 151    0.0000002  -0.00000203
 152    0.0000000  -0.00000020
 153    0.0000000  -0.00000027
 154    0.0000000  -0.00000003
 155    0.0006771  -0.00161367
 156    0.0000489  -0.00015362
 157    0.0000456  -0.00014240
 158    0.0000551  -0.00017633
 159    0.0000559  -0.00017703
 160    0.0000543  -0.00017043
 161    0.0003983  -0.00094074
 162    0.0004813  -0.00125751
 163    0.0000864  -0.00029594
 164    0.0005401  -0.00156890
 165    0.0002634  -0.00115567
 166    0.0000007  -0.00001361
 167    0.0000014  -0.00002111
 168    0.0000008  -0.00001644
 169    0.0000008  -0.00001524
 170    0.0000013  -0.00002052
 171    0.0000009  -0.00001792
 172    0.0000035  -0.00012674
 173    0.0000002  -0.00000187
 174    0.0000000  -0.00000018
 175    0.0000000  -0.00000022
 176    0.0000000  -0.00000003
 177    0.0004733  -0.00125048
 178    0.0000484  -0.00014798
 179    0.0000453  -0.00014141
 180    0.0000540  -0.00016881
 181    0.0000501  -0.00015659
 182    0.0000472  -0.00013711
 183    0.0001333  -0.00036848
 184    0.0003491  -0.00079492
 185    0.0000704  -0.00024330
 186    0.0002918  -0.00132836
 187    0.0002388  -0.00099824
 188    0.0000006  -0.00001197
 189    0.0000011  -0.00002067
 190    0.0000006  -0.00000760
 191    0.0000006  -0.00000882
 192    0.0000007  -0.00001192
 193    0.0000008  -0.00001540
 194    0.0000029  -0.00016727
 195    0.0000002  -0.00000142
 196    0.0000000  -0.00000016
 197    0.0000000  -0.00000025
 198    0.0000000  -0.00000003
 199    0.0003152  -0.00113367
 200    0.0000470  -0.00014108
 201    0.0000428  -0.00013109
 202    0.0000485  -0.00015294
 203    0.0000460  -0.00014100
 204    0.0000431  -0.00013128
 205    0.0001003  -0.00027029
 206    0.0003354  -0.00089215
 207    0.0000657  -0.00023082
 208    0.0002340  -0.00097881
 209    0.0002376  -0.00101137
 210    0.0000006  -0.00000796
 211    0.0000008  -0.00001682
 212    0.0000004  -0.00000571
 213    0.0000004  -0.00000623
 214    0.0000005  -0.00000538
 215    0.0000005  -0.00000833
 216    0.0000013  -0.00002025
 217    0.0000002  -0.00000124
 218    0.0000000  -0.00000017
 219    0.0000000  -0.00000021
 220    0.0000000  -0.00000002
 221    0.0002991  -0.00113394
 222    0.0000459  -0.00014522
 223    0.0000419  -0.00013208
 224    0.0000464  -0.00014643
 225    0.0000371  -0.00012862
 226    0.0000398  -0.00012136
 227    0.0000736  -0.00022453
 228    0.0001386  -0.00036117
 229    0.0000606  -0.00021836
 230    0.0002193  -0.00094042
 231    0.0002135  -0.00090973
 232    0.0000004  -0.00000522
 233    0.0000005  -0.00000668
 234    0.0000004  -0.00000542
 235    0.0000003  -0.00000405
 236    0.0000004  -0.00000457
 237    0.0000005  -0.00000701
 238    0.0000011  -0.00001838
 239    0.0000001  -0.00000117
 240    0.0000000  -0.00000017
 241    0.0000000  -0.00000015
 242    0.0000000  -0.00000002
 243    0.0002321  -0.00082338
 244    0.0000397  -0.00012956
 245    0.0000390  -0.00012365
 246    0.0000443  -0.00014791
 247    0.0000330  -0.00011850
 248    0.0000300  -0.00011279
 249    0.0000626  -0.00019499
 250    0.0000596  -0.00019036
 251    0.0000572  -0.00019531
 252    0.0000668  -0.00026290
 253    0.0000704  -0.00023996
 254    0.0000003  -0.00000302
 255    0.0000005  -0.00000659
 256    0.0000003  -0.00000297
 257    0.0000002  -0.00000210
 258    0.0000003  -0.00000259
 259    0.0000004  -0.00000419
 260    0.0000003  -0.00000337
 261    0.0000001  -0.00000108
 262    0.0000000  -0.00000013
 263    0.0000000  -0.00000010
 264    0.0000000  -0.00000002
 265    0.0001302  -0.00039244
 266    0.0000256  -0.00009520
 267    0.0000236  -0.00008396
 268    0.0000423  -0.00014401
 269    0.0000270  -0.00009936
 270    0.0000254  -0.00009149
 271    0.0000610  -0.00018446
 272    0.0000548  -0.00017586
 273    0.0000572  -0.00020148
 274    0.0000576  -0.00022266
 275    0.0000585  -0.00021841
 276    0.0000003  -0.00000275
 277    0.0000003  -0.00000356
 278    0.0000002  -0.00000220
 279    0.0000002  -0.00000182
 280    0.0000003  -0.00000240
 281    0.0000003  -0.00000247
 282    0.0000002  -0.00000174
 283    0.0000001  -0.00000084
 284    0.0000000  -0.00000008
 285    0.0000000  -0.00000007
 286    0.0000000  -0.00000002
 
----------------
 Final Energies 
----------------
Final NOF Total Energy =    -960.0606640
 
Total Orbital Internal Iterations = 10
Total Occupation Internal Iterations = 0
 
Elapsed time:   69.70 Seconds

---------------------------------
   Lowdin Population Analysis    
---------------------------------
 Idx  Atom   Population   Charge 
---------------------------------
  1    Cl    17.401      -0.401
  2     C     5.882       0.118
  3     H     1.105      -0.105
  4     H     1.105      -0.105
  5     H     1.105      -0.105
  6    Cl    17.402      -0.402

---------------------------------
   M Diagnostic: 0.03
---------------------------------

