Computing Integrals
Basis Set                                            = def2-qzvp
Auxiliary Basis Set                                  = def2-universal-jkfit
Gaussian Type                                        = Spherical
Elapsed time:    3.07 Seconds

Number of basis functions                   (NBF)    = 70
Number of auxiliary basis functions         (NBFAUX) = 128
Inactive Doubly occupied orbitals up to     (NO1)    = 0
No. considered Strongly Doubly occupied MOs (NDOC)   = 9
No. considered Strongly Singly occupied MOs (NSOC)   = 0
NO. of Weakly occ. per St. Doubly occ.  MOs (NCWO)   = 6
Dimension of the Nat. Orb. subspace         (NBF5)   = 63
No. of electrons                                     = 18
    No. of alpha electrons                           = 9
    No. of beta electrons                            = 9
Multiplicity                                         = 1

Geometry
========
Cl       0.0000000       0.0000000       0.0000000

No violations of the orthonormality
No violations of the orthonormality
 
PNOF8/ADABelief Calculation
==================
 
  Nitext  Nit_orb  Time   Nit_occ  Time         Eelec          Etot           Ediff      maxdiff    MaxGrad_orb  Grad_occ
     1      10    2.1e+01    0    2.5e+01  -460.12558024  -460.12558024 -10459.12558024   0.000965   3.9e-03   1.5e-04 0.02
 
RESULTS OF THE OCCUPATION OPTIMIZATION
========================================
   1    1.9999966  -104.55553459
   2    1.9994082  -10.23950146
   3    1.9992700  -7.71333690
   4    1.9992200  -7.71318828
   5    1.9991015  -7.71270518
   6    1.9836802  -0.75472231
   7    1.9756228  -0.17251459
   8    1.9706718  -0.17218546
   9    1.9702889  -0.17171395
  10    0.0096009  -0.01533484
  11    0.0096542  -0.01555510
  12    0.0105520  -0.01636949
  13    0.0077504  -0.02938923
  14    0.0006437  -0.01369180
  15    0.0005495  -0.01133032
  16    0.0005629  -0.01138630
  17    0.0004740  -0.01110431
  18    0.0000016  -0.00038698
  19    0.0093992  -0.01499687
  20    0.0094789  -0.01504784
  21    0.0096300  -0.02039556
  22    0.0021099  -0.01003057
  23    0.0001183  -0.00165866
  24    0.0001017  -0.00114358
  25    0.0001118  -0.00155909
  26    0.0000663  -0.00194916
  27    0.0000012  -0.00005421
  28    0.0087772  -0.01884855
  29    0.0086071  -0.01896126
  30    0.0023810  -0.00888097
  31    0.0020530  -0.00991046
  32    0.0000953  -0.00113394
  33    0.0000838  -0.00256191
  34    0.0000180  -0.00014823
  35    0.0000186  -0.00015053
  36    0.0000002  -0.00001476
  37    0.0006542  -0.00144467
  38    0.0006549  -0.00144310
  39    0.0007664  -0.00160880
  40    0.0020473  -0.01001307
  41    0.0000145  -0.00013540
  42    0.0000171  -0.00014447
  43    0.0000145  -0.00013636
  44    0.0000142  -0.00013819
  45    0.0000001  -0.00001226
  46    0.0006522  -0.00143878
  47    0.0006468  -0.00142634
  48    0.0007497  -0.00160046
  49    0.0020122  -0.00999291
  50    0.0000134  -0.00013060
  51    0.0000157  -0.00014027
  52    0.0000123  -0.00012803
  53    0.0000107  -0.00021070
  54    0.0000001  -0.00001179
  55    0.0006274  -0.00138312
  56    0.0002862  -0.00102334
  57    0.0002981  -0.00115503
  58    0.0003469  -0.00170868
  59    0.0000133  -0.00013059
  60    0.0000122  -0.00018354
  61    0.0000105  -0.00094389
  62    0.0000080  -0.00012598
  63    0.0000001  -0.00001107
 
----------------
 Final Energies 
----------------
Final NOF Total Energy =    -460.1255802
 
Total Orbital Internal Iterations = 10
Total Occupation Internal Iterations = 0
 
Elapsed time:   61.01 Seconds

---------------------------------
   Lowdin Population Analysis    
---------------------------------
 Idx  Atom   Population   Charge 
---------------------------------
  1    Cl    18.000      -1.000

---------------------------------
   M Diagnostic: 0.02
---------------------------------

