Computing Integrals
Basis Set                                            = def2-qzvp
Auxiliary Basis Set                                  = def2-universal-jkfit
Gaussian Type                                        = Spherical
Elapsed time:    1.74 Seconds

Number of basis functions                   (NBF)    = 117
Number of auxiliary basis functions         (NBFAUX) = 113
Inactive Doubly occupied orbitals up to     (NO1)    = 0
No. considered Strongly Doubly occupied MOs (NDOC)   = 5
No. considered Strongly Singly occupied MOs (NSOC)   = 0
NO. of Weakly occ. per St. Doubly occ.  MOs (NCWO)   = 22
Dimension of the Nat. Orb. subspace         (NBF5)   = 115
No. of electrons                                     = 10
    No. of alpha electrons                           = 5
    No. of beta electrons                            = 5
Multiplicity                                         = 1

Geometry
========
 O       0.0000000       0.0000000       0.3904848
 H      -0.7567076       0.0000000      -0.1952424
 H       0.7567076       0.0000000      -0.1952424

Orthonormality violations 13689, Maximum Violation 1181.692084
Trying to orthonormalize
No violations of the orthonormality
No violations of the orthonormality
 
PNOF8/ADABelief Calculation
==================
 
  Nitext  Nit_orb  Time   Nit_occ  Time         Eelec          Etot           Ediff      maxdiff    MaxGrad_orb  Grad_occ
     1      10    1.0e+01   26    1.2e+01   -84.30121996   -75.10351034 -10083.30121996   0.220270   8.8e-01   2.4e-04 0.03
     2      10    6.6e-01   15    2.2e-01   -84.66446899   -75.46675937    -0.36324904   0.345572   1.4e+00   2.2e-04 0.02
     3      10    9.2e-01   19    1.9e-01   -85.33167108   -76.13396146    -0.66720209   0.190401   7.6e-01   1.6e-04 0.02
     4      10    8.0e-01   17    1.7e-01   -85.48398675   -76.28627713    -0.15231567   0.164233   6.6e-01   2.1e-04 0.02
     5      10    9.2e-01   17    1.9e-01   -85.49251889   -76.29480927    -0.00853214   0.151815   6.1e-01   2.1e-04 0.02
     6      10    1.2e+00    9    1.1e-01   -85.51567685   -76.31796723    -0.02315796   0.132430   5.3e-01   1.5e-04 0.02
     7      10    6.3e-01    5    1.6e-01   -85.52990296   -76.33219334    -0.01422611   0.134692   5.4e-01   2.3e-04 0.02
     8      10    8.2e-01    6    1.4e-01   -85.53271313   -76.33500351    -0.00281017   0.187410   7.5e-01   1.8e-04 0.02
     9      10    9.2e-01    0    6.4e-02   -85.53283336   -76.33512374    -0.00012023   0.187410   7.5e-01   1.8e-04 0.02
    10      30    3.0e+00    6    1.4e-01   -85.57449346   -76.37678384    -0.04166010   0.013756   5.5e-02   1.6e-04 0.02
    11      30    3.3e+00    1    4.8e-02   -85.57548884   -76.37777922    -0.00099538   0.007920   3.2e-02   2.3e-04 0.02
    12      30    2.8e+00    5    6.3e-02   -85.57554284   -76.37783322    -0.00005400   0.005463   2.2e-02   1.8e-04 0.02
    13      30    2.8e+00    0    7.2e-02   -85.57555579   -76.37784617    -0.00001295   0.005463   2.2e-02   1.8e-04 0.02
    14      50    4.3e+00    1    6.6e-02   -85.57581807   -76.37810845    -0.00026228   0.000557   2.2e-03   1.7e-04 0.02
 
RESULTS OF THE OCCUPATION OPTIMIZATION
========================================
   1    1.9999834  -20.59488778
   2    1.9865489  -1.33378081
   3    1.9715614  -0.72106154
   4    1.9715887  -0.71918917
   5    1.9778429  -0.55136916
   6    0.0123675  -0.01947472
   7    0.0198120  -0.03043128
   8    0.0196806  -0.03031815
   9    0.0082673  -0.01994374
  10    0.0000144  -0.00055516
  11    0.0056089  -0.01034516
  12    0.0040457  -0.00828520
  13    0.0040112  -0.00823789
  14    0.0012232  -0.00528314
  15    0.0000007  -0.00001015
  16    0.0012689  -0.00374367
  17    0.0039271  -0.00819092
  18    0.0038691  -0.00815492
  19    0.0009002  -0.00304238
  20    0.0000007  -0.00000283
  21    0.0007608  -0.00345384
  22    0.0002629  -0.00086933
  23    0.0004113  -0.00114696
  24    0.0006810  -0.00247461
  25    0.0000004  -0.00003662
  26    0.0006621  -0.00173231
  27    0.0000891  -0.00035427
  28    0.0001487  -0.00052045
  29    0.0005599  -0.00172839
  30    0.0000003  -0.00000180
  31    0.0004509  -0.00133957
  32    0.0000700  -0.00028166
  33    0.0000954  -0.00036146
  34    0.0004690  -0.00149170
  35    0.0000000  -0.00000076
  36    0.0003497  -0.00100164
  37    0.0000651  -0.00021740
  38    0.0000620  -0.00017399
  39    0.0003243  -0.00113164
  40    0.0000000  -0.00000051
  41    0.0003108  -0.00090895
  42    0.0000337  -0.00014449
  43    0.0000330  -0.00016151
  44    0.0003089  -0.00098971
  45    0.0000000  -0.00000044
  46    0.0001052  -0.00039113
  47    0.0000252  -0.00013268
  48    0.0000316  -0.00014633
  49    0.0002802  -0.00093823
  50    0.0000000  -0.00000036
  51    0.0000840  -0.00031711
  52    0.0000235  -0.00008756
  53    0.0000261  -0.00012152
  54    0.0001497  -0.00163256
  55    0.0000000  -0.00000036
  56    0.0000545  -0.00019094
  57    0.0000139  -0.00006913
  58    0.0000168  -0.00007791
  59    0.0000791  -0.00041819
  60    0.0000000  -0.00000038
  61    0.0000319  -0.00014633
  62    0.0000126  -0.00005098
  63    0.0000144  -0.00005514
  64    0.0000403  -0.00017638
  65    0.0000000  -0.00000035
  66    0.0000202  -0.00010785
  67    0.0000082  -0.00003859
  68    0.0000088  -0.00004245
  69    0.0000353  -0.00016834
  70    0.0000000  -0.00000025
  71    0.0000180  -0.00010501
  72    0.0000066  -0.00002551
  73    0.0000066  -0.00002881
  74    0.0000343  -0.00016825
  75    0.0000000  -0.00000026
  76    0.0000148  -0.00006861
  77    0.0000036  -0.00001142
  78    0.0000064  -0.00003353
  79    0.0000221  -0.00011536
  80    0.0000000  -0.00000031
  81    0.0000138  -0.00006575
  82    0.0000027  -0.00000848
  83    0.0000047  -0.00001417
  84    0.0000211  -0.00011677
  85    0.0000000  -0.00000025
  86    0.0000102  -0.00005688
  87    0.0000021  -0.00000810
  88    0.0000036  -0.00001281
  89    0.0000181  -0.00011436
  90    0.0000000  -0.00000022
  91    0.0000076  -0.00004253
  92    0.0000018  -0.00000500
  93    0.0000021  -0.00000846
  94    0.0000118  -0.00006669
  95    0.0000000  -0.00000020
  96    0.0000064  -0.00003819
  97    0.0000016  -0.00000463
  98    0.0000019  -0.00000631
  99    0.0000088  -0.00005490
 100    0.0000000  -0.00000023
 101    0.0000044  -0.00001781
 102    0.0000015  -0.00000356
 103    0.0000018  -0.00000422
 104    0.0000067  -0.00004021
 105    0.0000000  -0.00000019
 106    0.0000034  -0.00001658
 107    0.0000012  -0.00000328
 108    0.0000015  -0.00000355
 109    0.0000050  -0.00003067
 110    0.0000000  -0.00000020
 111    0.0000028  -0.00001402
 112    0.0000011  -0.00000301
 113    0.0000011  -0.00000280
 114    0.0000048  -0.00002571
 115    0.0000000  -0.00000013
 
----------------
 Final Energies 
----------------
Final NOF Total Energy =     -76.3781085
 
Total Orbital Internal Iterations = 260
Total Occupation Internal Iterations = 127
 
Elapsed time:   55.50 Seconds

---------------------------------
   Lowdin Population Analysis    
---------------------------------
 Idx  Atom   Population   Charge 
---------------------------------
  1     O     7.341       0.659
  2     H     1.330      -0.330
  3     H     1.330      -0.330

---------------------------------
   M Diagnostic: 0.02
---------------------------------

