Computing Integrals
Basis Set                                            = def2-qzvp
Auxiliary Basis Set                                  = def2-universal-jkfit
Gaussian Type                                        = Spherical
Elapsed time:    2.46 Seconds

Number of basis functions                   (NBF)    = 200
Number of auxiliary basis functions         (NBFAUX) = 292
Inactive Doubly occupied orbitals up to     (NO1)    = 0
No. considered Strongly Doubly occupied MOs (NDOC)   = 17
No. considered Strongly Singly occupied MOs (NSOC)   = 0
NO. of Weakly occ. per St. Doubly occ.  MOs (NCWO)   = 10
Dimension of the Nat. Orb. subspace         (NBF5)   = 187
No. of electrons                                     = 34
    No. of alpha electrons                           = 17
    No. of beta electrons                            = 17
Multiplicity                                         = 1

Geometry
========
 S      -0.0687310       1.0220312      -0.4834061
 S       0.0687310      -1.0220312      -0.4834061
 H       0.8386269       1.2863190       0.4675986
 H      -0.8386269      -1.2863190       0.4675986

Orthonormality violations 13775, Maximum Violation 0.000073
Trying to orthonormalize
No violations of the orthonormality
No violations of the orthonormality
 
PNOF8/ADABelief Calculation
==================
 
  Nitext  Nit_orb  Time   Nit_occ  Time         Eelec          Etot           Ediff      maxdiff    MaxGrad_orb  Grad_occ
     1      10    1.1e+01   10    1.3e+01  -882.70322516  -797.29412144 -10881.70322516   0.001080   4.3e-03   2.6e-04 0.03
     2      20    3.6e+00    0    1.3e-01  -882.70347050  -797.29436678    -0.00024534   0.001080   4.3e-03   2.6e-04 0.03
     3      40    7.1e+00   11    6.8e-01  -882.70485129  -797.29574758    -0.00138080   0.007967   3.2e-02   1.9e-04 0.03
     4      40    7.1e+00    7    5.3e-01  -882.70536562  -797.29626191    -0.00051433   0.009873   3.9e-02   2.5e-04 0.03
     5      40    7.5e+00   10    6.3e-01  -882.70540549  -797.29630177    -0.00003986   0.009964   4.0e-02   2.3e-04 0.03
     6      40    7.1e+00    8    5.6e-01  -882.70561458  -797.29651087    -0.00020909   0.008794   3.5e-02   2.1e-04 0.03
     7      40    7.1e+00    6    4.8e-01  -882.70568586  -797.29658214    -0.00007128   0.008165   3.3e-02   1.9e-04 0.03
     8      40    7.5e+00    5    4.1e-01  -882.70580564  -797.29670192    -0.00011978   0.008220   3.3e-02   2.3e-04 0.03
     9      40    7.6e+00    0    1.8e-01  -882.70582401  -797.29672030    -0.00001838   0.008220   3.3e-02   2.3e-04 0.03
    10      60    1.1e+01    5    4.4e-01  -882.70651260  -797.29740889    -0.00068859   0.001002   4.0e-03   2.2e-04 0.03
    11      60    1.1e+01    5    4.0e-01  -882.70653345  -797.29742974    -0.00002085   0.002275   9.1e-03   2.2e-04 0.03
    12      60    1.1e+01    5    3.8e-01  -882.70659144  -797.29748773    -0.00005799   0.002132   8.5e-03   2.2e-04 0.03
    13      60    1.1e+01    4    2.9e-01  -882.70662743  -797.29752372    -0.00003599   0.002229   8.9e-03   2.8e-04 0.03
    14      60    1.1e+01    2    2.6e-01  -882.70666788  -797.29756417    -0.00004045   0.001926   7.7e-03   2.3e-04 0.03
    15      60    1.1e+01   11    7.2e-01  -882.70668904  -797.29758533    -0.00002116   0.002187   8.7e-03   1.8e-04 0.03
    16      60    1.1e+01    0    1.8e-01  -882.70673638  -797.29763267    -0.00004734   0.002094   8.4e-03   2.3e-04 0.03
    17      70    1.2e+01    2    2.7e-01  -882.70676359  -797.29765987    -0.00002721   0.001655   6.6e-03   2.4e-04 0.03
    18      70    1.3e+01    3    3.0e-01  -882.70678210  -797.29767839    -0.00001851   0.001227   4.9e-03   2.2e-04 0.03
    19      70    1.3e+01    0    1.2e-01  -882.70679985  -797.29769614    -0.00001775   0.001756   7.0e-03   2.0e-04 0.03
    20      80    1.4e+01    4    3.1e-01  -882.70681400  -797.29771029    -0.00001415   0.000952   3.8e-03   1.7e-04 0.03
 
RESULTS OF THE OCCUPATION OPTIMIZATION
========================================
   1    1.9999993  -92.04586144
   2    1.9999993  -92.04525984
   3    1.9998820  -9.00339791
   4    1.9998573  -9.00198509
   5    1.9989816  -6.71003613
   6    1.9989260  -6.69580569
   7    1.9988626  -6.69484658
   8    1.9985330  -6.69448397
   9    1.9991861  -6.69352298
  10    1.9991720  -6.69341053
  11    1.9830129  -1.06702165
  12    1.9817656  -0.89630951
  13    1.9728846  -0.57923022
  14    1.9689630  -0.57158071
  15    1.9672124  -0.53177069
  16    1.9729663  -0.42482758
  17    1.9711107  -0.42285769
  18    0.0100996  -0.01883939
  19    0.0079805  -0.01836364
  20    0.0216397  -0.04230969
  21    0.0163876  -0.02911378
  22    0.0160572  -0.02990064
  23    0.0063695  -0.02733410
  24    0.0049992  -0.02381404
  25    0.0007237  -0.01128609
  26    0.0006966  -0.01085676
  27    0.0008907  -0.01303022
  28    0.0005991  -0.01086978
  29    0.0008859  -0.01225662
  30    0.0009674  -0.01320470
  31    0.0001234  -0.00269110
  32    0.0000916  -0.00178410
  33    0.0000005  -0.00000714
  34    0.0000005  -0.00000761
  35    0.0084160  -0.01509850
  36    0.0074040  -0.01482341
  37    0.0063442  -0.01267763
  38    0.0071167  -0.01282535
  39    0.0056077  -0.01237916
  40    0.0035953  -0.01279363
  41    0.0042026  -0.01937968
  42    0.0000212  -0.00078511
  43    0.0000327  -0.00026567
  44    0.0005052  -0.00929870
  45    0.0004340  -0.00777898
  46    0.0000883  -0.00322543
  47    0.0000152  -0.00030483
  48    0.0000150  -0.00022755
  49    0.0000169  -0.00024663
  50    0.0000000  -0.00000133
  51    0.0000000  -0.00000125
  52    0.0074131  -0.01586883
  53    0.0068065  -0.01489968
  54    0.0038301  -0.00965855
  55    0.0056888  -0.01148933
  56    0.0020224  -0.00772957
  57    0.0020474  -0.00974471
  58    0.0022144  -0.01060828
  59    0.0000176  -0.00020577
  60    0.0000233  -0.00089995
  61    0.0000185  -0.00013525
  62    0.0000211  -0.00014575
  63    0.0000406  -0.00030010
  64    0.0000101  -0.00007686
  65    0.0000015  -0.00001202
  66    0.0000034  -0.00013040
  67    0.0000000  -0.00000116
  68    0.0000000  -0.00000063
  69    0.0008298  -0.00194910
  70    0.0025129  -0.00871521
  71    0.0004763  -0.00121073
  72    0.0009042  -0.00198319
  73    0.0012491  -0.00362517
  74    0.0020279  -0.00994592
  75    0.0020331  -0.00973900
  76    0.0000146  -0.00009959
  77    0.0000142  -0.00010669
  78    0.0000122  -0.00008786
  79    0.0000208  -0.00014223
  80    0.0000198  -0.00013691
  81    0.0000074  -0.00007047
  82    0.0000005  -0.00000696
  83    0.0000029  -0.00011613
  84    0.0000000  -0.00000065
  85    0.0000000  -0.00000066
  86    0.0007991  -0.00174631
  87    0.0008867  -0.00254649
  88    0.0001322  -0.00040188
  89    0.0004264  -0.00106932
  90    0.0007530  -0.00178471
  91    0.0019641  -0.00926240
  92    0.0019203  -0.00934708
  93    0.0000126  -0.00009248
  94    0.0000123  -0.00008825
  95    0.0000101  -0.00007557
  96    0.0000180  -0.00012287
  97    0.0000109  -0.00010437
  98    0.0000047  -0.00025159
  99    0.0000005  -0.00000641
 100    0.0000027  -0.00011102
 101    0.0000000  -0.00000062
 102    0.0000000  -0.00000065
 103    0.0004638  -0.00105196
 104    0.0005679  -0.00133978
 105    0.0001264  -0.00040094
 106    0.0002202  -0.00066808
 107    0.0005422  -0.00127297
 108    0.0014285  -0.00683714
 109    0.0007655  -0.00316932
 110    0.0000103  -0.00007908
 111    0.0000112  -0.00008545
 112    0.0000088  -0.00006777
 113    0.0000138  -0.00010709
 114    0.0000089  -0.00006798
 115    0.0000037  -0.00007212
 116    0.0000004  -0.00000537
 117    0.0000002  -0.00000291
 118    0.0000000  -0.00000051
 119    0.0000000  -0.00000013
 120    0.0003801  -0.00093037
 121    0.0003869  -0.00112734
 122    0.0000648  -0.00020113
 123    0.0000928  -0.00033695
 124    0.0003734  -0.00096944
 125    0.0002717  -0.00189905
 126    0.0002854  -0.00175004
 127    0.0000090  -0.00008027
 128    0.0000097  -0.00007734
 129    0.0000076  -0.00006166
 130    0.0000118  -0.00008849
 131    0.0000073  -0.00007150
 132    0.0000031  -0.00007745
 133    0.0000004  -0.00000528
 134    0.0000001  -0.00000251
 135    0.0000000  -0.00000043
 136    0.0000000  -0.00000011
 137    0.0002410  -0.00071655
 138    0.0002261  -0.00073848
 139    0.0000612  -0.00018695
 140    0.0000713  -0.00021139
 141    0.0002130  -0.00072339
 142    0.0002413  -0.00118657
 143    0.0002387  -0.00100088
 144    0.0000075  -0.00007682
 145    0.0000066  -0.00007840
 146    0.0000065  -0.00006024
 147    0.0000077  -0.00006425
 148    0.0000060  -0.00007049
 149    0.0000024  -0.00007359
 150    0.0000003  -0.00000419
 151    0.0000001  -0.00000149
 152    0.0000000  -0.00000037
 153    0.0000000  -0.00000008
 154    0.0001400  -0.00046665
 155    0.0001614  -0.00053225
 156    0.0000586  -0.00018410
 157    0.0000662  -0.00019333
 158    0.0001679  -0.00062694
 159    0.0001452  -0.00075805
 160    0.0001839  -0.00112589
 161    0.0000064  -0.00006666
 162    0.0000047  -0.00013355
 163    0.0000041  -0.00007183
 164    0.0000064  -0.00009688
 165    0.0000045  -0.00006734
 166    0.0000022  -0.00001774
 167    0.0000003  -0.00000420
 168    0.0000000  -0.00000143
 169    0.0000000  -0.00000039
 170    0.0000000  -0.00000005
 171    0.0001068  -0.00035816
 172    0.0001006  -0.00038546
 173    0.0000540  -0.00017254
 174    0.0000627  -0.00018285
 175    0.0001294  -0.00044865
 176    0.0001436  -0.00091604
 177    0.0001440  -0.00094795
 178    0.0000052  -0.00027663
 179    0.0000027  -0.00016559
 180    0.0000034  -0.00003050
 181    0.0000047  -0.00003961
 182    0.0000020  -0.00001701
 183    0.0000022  -0.00002060
 184    0.0000003  -0.00000393
 185    0.0000000  -0.00000095
 186    0.0000000  -0.00000034
 187    0.0000000  -0.00000004
 
----------------
 Final Energies 
----------------
Final NOF Total Energy =    -797.2977103
 
Total Orbital Internal Iterations = 1020
Total Occupation Internal Iterations = 98
 
Elapsed time:  231.44 Seconds

---------------------------------
   Lowdin Population Analysis    
---------------------------------
 Idx  Atom   Population   Charge 
---------------------------------
  1     S    15.730       0.270
  2     S    15.731       0.269
  3     H     1.268      -0.268
  4     H     1.270      -0.270

---------------------------------
   M Diagnostic: 0.03
---------------------------------

