Computing Integrals
Basis Set                                            = def2-qzvp
Auxiliary Basis Set                                  = def2-universal-jkfit
Gaussian Type                                        = Spherical
Elapsed time:    1.61 Seconds

Number of basis functions                   (NBF)    = 114
Number of auxiliary basis functions         (NBFAUX) = 154
Inactive Doubly occupied orbitals up to     (NO1)    = 0
No. considered Strongly Doubly occupied MOs (NDOC)   = 7
No. considered Strongly Singly occupied MOs (NSOC)   = 1
NO. of Weakly occ. per St. Doubly occ.  MOs (NCWO)   = 15
Dimension of the Nat. Orb. subspace         (NBF5)   = 113
No. of electrons                                     = 15
    No. of alpha electrons                           = 8
    No. of beta electrons                            = 7
Multiplicity                                         = 2

Geometry
========
 N       0.0000000       0.0000000       0.5729836
 O       0.0000000       0.0000000      -0.5729836

No violations of the orthonormality
No violations of the orthonormality
 
PNOF8/ADABelief Calculation
==================
 
  Nitext  Nit_orb  Time   Nit_occ  Time         Eelec          Etot           Ediff      maxdiff    MaxGrad_orb  Grad_occ
     1      10    1.0e+01    0    1.2e+01  -155.65157336  -129.79231491 -10154.65157336   0.000560   2.2e-03   2.4e-04 0.04
 
RESULTS OF THE OCCUPATION OPTIMIZATION
========================================
   1    1.9999433  -19.06429678
   2    1.9999457  -17.37352179
   3    1.9846288  -1.53179188
   4    1.9809087  -0.94804728
   5    1.9709245  -0.82401118
   6    1.9735786  -0.73451749
   7    1.9595003  -0.69405525
   8    1.0000000  -0.23993367
   9    0.0372074  -0.05614504
  10    0.0081836  -0.01418478
  11    0.0242237  -0.04423573
  12    0.0065725  -0.01551991
  13    0.0069167  -0.01962364
  14    0.0000402  -0.00106779
  15    0.0000388  -0.00122259
  16    0.0029488  -0.00650017
  17    0.0056540  -0.01020883
  18    0.0033091  -0.00799140
  19    0.0042904  -0.00862497
  20    0.0033587  -0.00809775
  21    0.0000035  -0.00008262
  22    0.0000047  -0.00009345
  23    0.0001876  -0.00060998
  24    0.0054651  -0.00980905
  25    0.0005546  -0.00184807
  26    0.0020862  -0.00523228
  27    0.0016856  -0.00684714
  28    0.0000033  -0.00007367
  29    0.0000041  -0.00009049
  30    0.0000244  -0.00011362
  31    0.0043747  -0.00767135
  32    0.0002837  -0.00092577
  33    0.0017637  -0.00426393
  34    0.0013221  -0.00397420
  35    0.0000027  -0.00005288
  36    0.0000024  -0.00005652
  37    0.0000207  -0.00010118
  38    0.0007469  -0.00218857
  39    0.0002582  -0.00084359
  40    0.0016213  -0.00373261
  41    0.0005413  -0.00426024
  42    0.0000024  -0.00004621
  43    0.0000012  -0.00003624
  44    0.0000165  -0.00008877
  45    0.0005107  -0.00139717
  46    0.0001259  -0.00046579
  47    0.0010420  -0.00297343
  48    0.0003494  -0.00135263
  49    0.0000006  -0.00002102
  50    0.0000011  -0.00002885
  51    0.0000139  -0.00008193
  52    0.0004377  -0.00121629
  53    0.0001145  -0.00036798
  54    0.0005671  -0.00452565
  55    0.0002802  -0.00109054
  56    0.0000004  -0.00001746
  57    0.0000009  -0.00002903
  58    0.0000125  -0.00007772
  59    0.0003329  -0.00098945
  60    0.0000700  -0.00031752
  61    0.0003671  -0.00121971
  62    0.0002420  -0.00083893
  63    0.0000003  -0.00001508
  64    0.0000008  -0.00002624
  65    0.0000123  -0.00007310
  66    0.0002464  -0.00066938
  67    0.0000275  -0.00014186
  68    0.0002888  -0.00123863
  69    0.0001644  -0.00069907
  70    0.0000002  -0.00001524
  71    0.0000006  -0.00002121
  72    0.0000111  -0.00007047
  73    0.0002105  -0.00063534
  74    0.0000271  -0.00013344
  75    0.0001348  -0.00046519
  76    0.0001509  -0.00065347
  77    0.0000002  -0.00000319
  78    0.0000006  -0.00001941
  79    0.0000103  -0.00007201
  80    0.0001552  -0.00046415
  81    0.0000213  -0.00011746
  82    0.0001341  -0.00050582
  83    0.0001350  -0.00058411
  84    0.0000002  -0.00000307
  85    0.0000004  -0.00003249
  86    0.0000099  -0.00005892
  87    0.0000373  -0.00019846
  88    0.0000165  -0.00009850
  89    0.0001070  -0.00042327
  90    0.0000990  -0.00046964
  91    0.0000001  -0.00000207
  92    0.0000004  -0.00001669
  93    0.0000091  -0.00005421
  94    0.0000252  -0.00016140
  95    0.0000150  -0.00009639
  96    0.0000581  -0.00029240
  97    0.0000790  -0.00048176
  98    0.0000001  -0.00000155
  99    0.0000003  -0.00001402
 100    0.0000080  -0.00005497
 101    0.0000221  -0.00013517
 102    0.0000142  -0.00009379
 103    0.0000310  -0.00017229
 104    0.0000262  -0.00013693
 105    0.0000001  -0.00000097
 106    0.0000003  -0.00000866
 107    0.0000074  -0.00004977
 108    0.0000192  -0.00009963
 109    0.0000141  -0.00007907
 110    0.0000272  -0.00014633
 111    0.0000206  -0.00012700
 112    0.0000001  -0.00000047
 113    0.0000001  -0.00000148
 
----------------
 Final Energies 
----------------
Final NOF Total Energy =    -129.7923149
 
Total Orbital Internal Iterations = 10
Total Occupation Internal Iterations = 0
 
Elapsed time:   28.19 Seconds

---------------------------------
   Lowdin Population Analysis    
---------------------------------
 Idx  Atom   Population   Charge 
---------------------------------
  1     N     7.133      -0.133
  2     O     7.867       0.133

---------------------------------
   M Diagnostic: 0.04
---------------------------------

