Computing Integrals
Basis Set                                            = def2-qzvp
Auxiliary Basis Set                                  = def2-universal-jkfit
Gaussian Type                                        = Spherical
Elapsed time:    1.82 Seconds

Number of basis functions                   (NBF)    = 127
Number of auxiliary basis functions         (NBFAUX) = 205
Inactive Doubly occupied orbitals up to     (NO1)    = 0
No. considered Strongly Doubly occupied MOs (NDOC)   = 13
No. considered Strongly Singly occupied MOs (NSOC)   = 0
NO. of Weakly occ. per St. Doubly occ.  MOs (NCWO)   = 8
Dimension of the Nat. Orb. subspace         (NBF5)   = 117
No. of electrons                                     = 26
    No. of alpha electrons                           = 13
    No. of beta electrons                            = 13
Multiplicity                                         = 1

Geometry
========
Cl       0.0000000       0.0000000       0.5629020
 F       0.0000000       0.0000000      -1.0632600

No violations of the orthonormality
No violations of the orthonormality
 
PNOF8/ADABelief Calculation
==================
 
  Nitext  Nit_orb  Time   Nit_occ  Time         Eelec          Etot           Ediff      maxdiff    MaxGrad_orb  Grad_occ
     1      10    1.0e+01    0    1.2e+01  -609.56585115  -559.77748614 -10608.56585115   0.000530   2.1e-03   2.4e-04 0.04
 
RESULTS OF THE OCCUPATION OPTIMIZATION
========================================
   1    1.9999978  -104.98841289
   2    1.9999774  -26.39988685
   3    1.9996126  -10.66997319
   4    1.9993446  -8.14463361
   5    1.9994387  -8.13843124
   6    1.9993102  -8.13704286
   7    1.9869644  -1.53954534
   8    1.9835611  -1.24741318
   9    1.9634662  -0.77284107
  10    1.9782267  -0.76940426
  11    1.9783192  -0.76907865
  12    1.9755903  -0.52034013
  13    1.9724869  -0.51757660
  14    0.0092132  -0.01794154
  15    0.0086474  -0.01837509
  16    0.0121608  -0.02417102
  17    0.0117293  -0.02379485
  18    0.0339599  -0.06665006
  19    0.0055788  -0.02232041
  20    0.0076422  -0.02904469
  21    0.0005499  -0.01237156
  22    0.0004643  -0.01070195
  23    0.0004655  -0.01065765
  24    0.0002913  -0.00750678
  25    0.0000060  -0.00017706
  26    0.0000015  -0.00017026
  27    0.0086708  -0.01759961
  28    0.0069489  -0.01869421
  29    0.0040044  -0.01093202
  30    0.0038760  -0.01050928
  31    0.0021159  -0.00626085
  32    0.0044696  -0.01431286
  33    0.0020409  -0.00983296
  34    0.0000731  -0.00085974
  35    0.0000246  -0.00025703
  36    0.0000740  -0.00255064
  37    0.0000531  -0.00155280
  38    0.0000031  -0.00036289
  39    0.0000002  -0.00004037
  40    0.0067047  -0.01824274
  41    0.0052483  -0.01391969
  42    0.0034751  -0.00929718
  43    0.0033754  -0.00924003
  44    0.0001889  -0.00084027
  45    0.0035388  -0.01409879
  46    0.0018061  -0.00887827
  47    0.0000160  -0.00016955
  48    0.0000173  -0.00022171
  49    0.0000601  -0.00146113
  50    0.0000083  -0.00018094
  51    0.0000028  -0.00008974
  52    0.0000001  -0.00000961
  53    0.0016793  -0.00689006
  54    0.0020769  -0.00886590
  55    0.0006522  -0.00238000
  56    0.0011667  -0.00541861
  57    0.0000924  -0.00044290
  58    0.0015505  -0.00753275
  59    0.0005056  -0.00459328
  60    0.0000124  -0.00014892
  61    0.0000154  -0.00016425
  62    0.0000173  -0.00016925
  63    0.0000077  -0.00011389
  64    0.0000026  -0.00009007
  65    0.0000001  -0.00000783
  66    0.0005402  -0.00142852
  67    0.0006496  -0.00169572
  68    0.0005977  -0.00306347
  69    0.0006380  -0.00235407
  70    0.0000607  -0.00019925
  71    0.0005984  -0.00202246
  72    0.0003173  -0.00150626
  73    0.0000116  -0.00013701
  74    0.0000128  -0.00083385
  75    0.0000119  -0.00013653
  76    0.0000074  -0.00013101
  77    0.0000023  -0.00006507
  78    0.0000001  -0.00000676
  79    0.0004699  -0.00137069
  80    0.0005623  -0.00148414
  81    0.0002892  -0.00103986
  82    0.0004948  -0.00155292
  83    0.0000449  -0.00017648
  84    0.0002646  -0.00125897
  85    0.0002716  -0.00124934
  86    0.0000098  -0.00012022
  87    0.0000098  -0.00015116
  88    0.0000096  -0.00012580
  89    0.0000070  -0.00011642
  90    0.0000022  -0.00005715
  91    0.0000001  -0.00000619
  92    0.0001414  -0.00068183
  93    0.0002174  -0.00098449
  94    0.0002535  -0.00100685
  95    0.0002527  -0.00102041
  96    0.0000362  -0.00015597
  97    0.0002328  -0.00110063
  98    0.0002420  -0.00116904
  99    0.0000091  -0.00011954
 100    0.0000090  -0.00014381
 101    0.0000093  -0.00012324
 102    0.0000064  -0.00009604
 103    0.0000019  -0.00005649
 104    0.0000001  -0.00000575
 105    0.0000936  -0.00046687
 106    0.0000589  -0.00030222
 107    0.0002479  -0.00100506
 108    0.0002404  -0.00099306
 109    0.0000348  -0.00015390
 110    0.0002053  -0.00097622
 111    0.0002100  -0.00103030
 112    0.0000078  -0.00010694
 113    0.0000082  -0.00011111
 114    0.0000078  -0.00010642
 115    0.0000063  -0.00009376
 116    0.0000018  -0.00005397
 117    0.0000001  -0.00000463
 
----------------
 Final Energies 
----------------
Final NOF Total Energy =    -559.7774861
 
Total Orbital Internal Iterations = 10
Total Occupation Internal Iterations = 0
 
Elapsed time:   28.12 Seconds

---------------------------------
   Lowdin Population Analysis    
---------------------------------
 Idx  Atom   Population   Charge 
---------------------------------
  1    Cl    16.893       0.107
  2     F     9.107      -0.107

---------------------------------
   M Diagnostic: 0.04
---------------------------------

