Computing Integrals
Basis Set                                            = def2-qzvp
Auxiliary Basis Set                                  = def2-universal-jkfit
Gaussian Type                                        = Spherical
Elapsed time:    2.86 Seconds

Number of basis functions                   (NBF)    = 150
Number of auxiliary basis functions         (NBFAUX) = 532
Inactive Doubly occupied orbitals up to     (NO1)    = 0
No. considered Strongly Doubly occupied MOs (NDOC)   = 35
No. considered Strongly Singly occupied MOs (NSOC)   = 0
NO. of Weakly occ. per St. Doubly occ.  MOs (NCWO)   = 3
Dimension of the Nat. Orb. subspace         (NBF5)   = 140
No. of electrons                                     = 70
    No. of alpha electrons                           = 35
    No. of beta electrons                            = 35
Multiplicity                                         = 1

Geometry
========
Br       0.0000000       0.0000000       1.1379300
Br       0.0000000       0.0000000      -1.1379300

No violations of the orthonormality
No violations of the orthonormality
 
PNOF8/ADABelief Calculation
==================
 
  Nitext  Nit_orb  Time   Nit_occ  Time         Eelec          Etot           Ediff      maxdiff    MaxGrad_orb  Grad_occ
     1      10    1.1e+01   32    1.2e+01 -5431.29991619 -5146.46659869 -15430.29991619   0.001627   3.8e-03   2.3e-04 0.03
 
RESULTS OF THE OCCUPATION OPTIMIZATION
========================================
   1    1.9999999  -490.05166786
   2    1.9999999  -490.04519833
   3    1.9999977  -65.39956818
   4    1.9999976  -65.39351871
   5    1.9999940  -58.63834058
   6    1.9999967  -58.63827951
   7    1.9999970  -58.63412437
   8    1.9999969  -58.63336902
   9    1.9999968  -58.63323346
  10    1.9999969  -58.63318673
  11    1.9999054  -9.91350775
  12    1.9998732  -9.91267640
  13    1.9996888  -7.52807344
  14    1.9996976  -7.52197368
  15    1.9996177  -7.51803508
  16    1.9996841  -7.51790686
  17    1.9997607  -7.51394785
  18    1.9997663  -7.51383966
  19    1.9949484  -3.26145124
  20    1.9972304  -3.26081048
  21    1.9974953  -3.25963511
  22    1.9932304  -3.25918459
  23    1.9971594  -3.25808896
  24    1.9969659  -3.25488790
  25    1.9966126  -3.25123336
  26    1.9969136  -3.24872345
  27    1.9972338  -3.24872212
  28    1.9973785  -3.24760604
  29    1.9794116  -1.04041995
  30    1.9795779  -1.03603929
  31    1.9657103  -0.58946828
  32    1.9725247  -0.47946501
  33    1.9730576  -0.47945972
  34    1.9727417  -0.47944895
  35    1.9731243  -0.47925626
  36    0.0098028  -0.03096300
  37    0.0097766  -0.03076681
  38    0.0097956  -0.03085385
  39    0.0099325  -0.03029424
  40    0.0324647  -0.06580264
  41    0.0103283  -0.03473499
  42    0.0102297  -0.03423817
  43    0.0012513  -0.01186673
  44    0.0013940  -0.01204249
  45    0.0014422  -0.00926767
  46    0.0014640  -0.00686027
  47    0.0016599  -0.00833225
  48    0.0014149  -0.01402390
  49    0.0057667  -0.03823695
  50    0.0012545  -0.00882582
  51    0.0014388  -0.01432368
  52    0.0039727  -0.02899559
  53    0.0001260  -0.00289131
  54    0.0001027  -0.00046632
  55    0.0001883  -0.00601333
  56    0.0002902  -0.00174306
  57    0.0001957  -0.00551232
  58    0.0001880  -0.00857959
  59    0.0000528  -0.00035483
  60    0.0000483  -0.00029362
  61    0.0000013  -0.00047049
  62    0.0000014  -0.00048551
  63    0.0000014  -0.00064265
  64    0.0000024  -0.00011981
  65    0.0000013  -0.00046476
  66    0.0000052  -0.00162948
  67    0.0000011  -0.00004564
  68    0.0000010  -0.00004534
  69    0.0000000  -0.00000533
  70    0.0000000  -0.00000527
  71    0.0093522  -0.03054539
  72    0.0096950  -0.03060100
  73    0.0094067  -0.03072566
  74    0.0097681  -0.03067702
  75    0.0009320  -0.00244012
  76    0.0085055  -0.03895016
  77    0.0094759  -0.04323896
  78    0.0012483  -0.00961020
  79    0.0012523  -0.00929811
  80    0.0009382  -0.00481837
  81    0.0012068  -0.01108544
  82    0.0008747  -0.00391307
  83    0.0007273  -0.00337947
  84    0.0005015  -0.00230672
  85    0.0007564  -0.00452232
  86    0.0012167  -0.00880890
  87    0.0005402  -0.00238438
  88    0.0000693  -0.00043998
  89    0.0000961  -0.00045321
  90    0.0000648  -0.00039555
  91    0.0000533  -0.00043235
  92    0.0000634  -0.00044431
  93    0.0000617  -0.00041248
  94    0.0000451  -0.00028655
  95    0.0000377  -0.00106420
  96    0.0000011  -0.00004445
  97    0.0000009  -0.00003845
  98    0.0000009  -0.00003651
  99    0.0000006  -0.00002642
 100    0.0000010  -0.00004677
 101    0.0000008  -0.00003328
 102    0.0000006  -0.00002732
 103    0.0000007  -0.00002973
 104    0.0000000  -0.00000369
 105    0.0000000  -0.00000309
 106    0.0077206  -0.03159949
 107    0.0077867  -0.03162733
 108    0.0077401  -0.03152614
 109    0.0077748  -0.03134101
 110    0.0008930  -0.00236560
 111    0.0015883  -0.00600365
 112    0.0008828  -0.00276137
 113    0.0001219  -0.00058917
 114    0.0001199  -0.00075385
 115    0.0007060  -0.00275986
 116    0.0007166  -0.00288467
 117    0.0004996  -0.00339885
 118    0.0006984  -0.00276989
 119    0.0005014  -0.00230562
 120    0.0004938  -0.00261909
 121    0.0001141  -0.00056652
 122    0.0005387  -0.00237882
 123    0.0000385  -0.00109671
 124    0.0000405  -0.00175543
 125    0.0000628  -0.00039078
 126    0.0000388  -0.00192109
 127    0.0000434  -0.00067503
 128    0.0000615  -0.00037994
 129    0.0000289  -0.00253806
 130    0.0000087  -0.00191725
 131    0.0000007  -0.00002966
 132    0.0000009  -0.00003600
 133    0.0000008  -0.00003324
 134    0.0000000  -0.00000421
 135    0.0000009  -0.00003803
 136    0.0000000  -0.00000552
 137    0.0000006  -0.00002531
 138    0.0000006  -0.00002388
 139    0.0000000  -0.00000332
 140    0.0000000  -0.00000247
 
----------------
 Final Energies 
----------------
Final NOF Total Energy =   -5146.4665987
 
Total Orbital Internal Iterations = 10
Total Occupation Internal Iterations = 32
 
Elapsed time:   29.94 Seconds

---------------------------------
   Lowdin Population Analysis    
---------------------------------
 Idx  Atom   Population   Charge 
---------------------------------
  1    Br    35.000       0.000
  2    Br    35.000      -0.000

---------------------------------
   M Diagnostic: 0.03
---------------------------------

