Computing Integrals
Basis Set                                            = def2-qzvp
Auxiliary Basis Set                                  = def2-universal-jkfit
Gaussian Type                                        = Spherical
Elapsed time:   14.60 Seconds

Number of basis functions                   (NBF)    = 574
Number of auxiliary basis functions         (NBFAUX) = 758
Inactive Doubly occupied orbitals up to     (NO1)    = 0
No. considered Strongly Doubly occupied MOs (NDOC)   = 47
No. considered Strongly Singly occupied MOs (NSOC)   = 0
NO. of Weakly occ. per St. Doubly occ.  MOs (NCWO)   = 11
Dimension of the Nat. Orb. subspace         (NBF5)   = 564
No. of electrons                                     = 94
    No. of alpha electrons                           = 47
    No. of beta electrons                            = 47
Multiplicity                                         = 1

Geometry
========
 I       0.0000000       0.0000000       1.5420400
 C       0.0000000       0.0000000      -0.5530040
 C       0.0000000       1.2055670      -1.2382030
 C       0.0000000       1.1991150      -2.6254240
 C       0.0000000       0.0000000      -3.3209690
 C       0.0000000      -1.1991150      -2.6254240
 C       0.0000000      -1.2055670      -1.2382030
 H       0.0000000       2.1423770      -0.6975470
 H       0.0000000       2.1396780      -3.1612290
 H       0.0000000       0.0000000      -4.4031950
 H       0.0000000      -2.1396780      -3.1612290
 H       0.0000000      -2.1423770      -0.6975470

No violations of the orthonormality
No violations of the orthonormality
 
PNOF8/ADABelief Calculation
==================
 
  Nitext  Nit_orb  Time   Nit_occ  Time         Eelec          Etot           Ediff      maxdiff    MaxGrad_orb  Grad_occ
     1      10    6.5e+01    0    3.5e+01 -3204.03580425 -2671.60236507 -13203.03580425   0.000545   2.2e-03   2.2e-04 0.98
 
RESULTS OF THE OCCUPATION OPTIMIZATION
========================================
   1    2.0000000  -149.45314655
   2    1.9999998  -64.71028175
   3    1.9999998  -64.70632637
   4    1.9999998  -64.70310206
   5    1.9999982  -26.22432120
   6    1.9999843  -11.22900455
   7    1.9999361  -11.10944281
   8    1.9999347  -11.10031611
   9    1.9999396  -11.06723028
  10    1.9999823  -11.03687925
  11    1.9999815  -11.02391539
  12    1.9999416  -10.99149969
  13    1.9999434  -10.95896627
  14    1.9999491  -10.80310707
  15    1.9999502  -10.75603922
  16    1.9999538  -10.69284692
  17    1.9999794  -10.68819403
  18    1.9999793  -10.67250166
  19    1.9999778  -10.58506194
  20    1.9997412  -5.01118987
  21    1.9991873  -4.17471488
  22    1.9991685  -4.15302958
  23    1.9991729  -4.09590097
  24    1.9991092  -4.07844064
  25    1.9991050  -4.07823464
  26    1.9991326  -4.07729893
  27    1.9990452  -4.07708429
  28    1.9803119  -1.11194330
  29    1.9818666  -1.04177691
  30    1.9785749  -0.94692869
  31    1.9654754  -0.90396383
  32    1.9647080  -0.90345539
  33    1.9759416  -0.90303112
  34    1.9783636  -0.90294535
  35    1.9769271  -0.88426095
  36    1.9734597  -0.72182090
  37    1.9750010  -0.67974164
  38    1.9755685  -0.67401837
  39    1.9749845  -0.66020726
  40    1.9733259  -0.63788165
  41    1.9741905  -0.63519607
  42    1.9725920  -0.63423092
  43    1.9674970  -0.45464099
  44    1.9614811  -0.43460503
  45    1.9659621  -0.43151994
  46    1.9662357  -0.42735132
  47    1.0181217  -0.17041489
  48    0.9818659  -0.16164007
  49    0.0300936  -0.03531253
  50    0.0273445  -0.03306824
  51    0.0363183  -0.04795700
  52    0.0236837  -0.03061709
  53    0.0168553  -0.02754956
  54    0.0126497  -0.01853380
  55    0.0149782  -0.02089746
  56    0.0090977  -0.01607027
  57    0.0131104  -0.01983647
  58    0.0115743  -0.01761063
  59    0.0087655  -0.01773086
  60    0.0147024  -0.02672910
  61    0.0147650  -0.02725854
  62    0.0059672  -0.01366304
  63    0.0311938  -0.03996693
  64    0.0325270  -0.04101846
  65    0.0133421  -0.02531664
  66    0.0074313  -0.01512572
  67    0.0124586  -0.02543144
  68    0.0008499  -0.00572939
  69    0.0007507  -0.00500106
  70    0.0007769  -0.00521398
  71    0.0007803  -0.00523233
  72    0.0007009  -0.00468556
  73    0.0007206  -0.00481017
  74    0.0006913  -0.00459690
  75    0.0002111  -0.00240583
  76    0.0000063  -0.00005563
  77    0.0000058  -0.00005085
  78    0.0000061  -0.00005394
  79    0.0000144  -0.00018275
  80    0.0000120  -0.00015474
  81    0.0000153  -0.00021347
  82    0.0000420  -0.00073949
  83    0.0000527  -0.00090660
  84    0.0000070  -0.00006420
  85    0.0000061  -0.00005436
  86    0.0000483  -0.00083987
  87    0.0000572  -0.00096426
  88    0.0000540  -0.00092811
  89    0.0000060  -0.00005160
  90    0.0000008  -0.00002425
  91    0.0000000  -0.00000057
  92    0.0000000  -0.00000057
  93    0.0000000  -0.00000048
  94    0.0000000  -0.00000019
  95    0.0000038  -0.00000318
  96    0.0008634  -0.00180329
  97    0.0039761  -0.00615330
  98    0.0006618  -0.00143707
  99    0.0051625  -0.00895089
 100    0.0049291  -0.00911341
 101    0.0049228  -0.00883515
 102    0.0048053  -0.00845623
 103    0.0057965  -0.01075085
 104    0.0050546  -0.00936530
 105    0.0048810  -0.00905787
 106    0.0053638  -0.01186147
 107    0.0031899  -0.00654215
 108    0.0023296  -0.00522011
 109    0.0052249  -0.01245946
 110    0.0026512  -0.00475315
 111    0.0006642  -0.00133098
 112    0.0026125  -0.00682988
 113    0.0035617  -0.00878632
 114    0.0021611  -0.00518292
 115    0.0000204  -0.00014199
 116    0.0000304  -0.00041984
 117    0.0000230  -0.00015734
 118    0.0000248  -0.00016959
 119    0.0000269  -0.00017932
 120    0.0000190  -0.00013821
 121    0.0000219  -0.00014930
 122    0.0000166  -0.00010832
 123    0.0000051  -0.00004675
 124    0.0000039  -0.00004067
 125    0.0000043  -0.00004501
 126    0.0000106  -0.00008328
 127    0.0000097  -0.00008424
 128    0.0000115  -0.00012827
 129    0.0000034  -0.00005074
 130    0.0000012  -0.00001412
 131    0.0000031  -0.00003573
 132    0.0000045  -0.00004761
 133    0.0000033  -0.00003316
 134    0.0000033  -0.00004270
 135    0.0000033  -0.00003368
 136    0.0000036  -0.00003797
 137    0.0000002  -0.00000177
 138    0.0000000  -0.00000035
 139    0.0000000  -0.00000035
 140    0.0000000  -0.00000036
 141    0.0000000  -0.00000006
 142    0.0000021  -0.00000106
 143    0.0007585  -0.00155999
 144    0.0009143  -0.00185302
 145    0.0005193  -0.00110425
 146    0.0013262  -0.00293448
 147    0.0032178  -0.00618710
 148    0.0034438  -0.00577919
 149    0.0035035  -0.00570805
 150    0.0045418  -0.00944774
 151    0.0020879  -0.00411391
 152    0.0038854  -0.00742368
 153    0.0049727  -0.01122114
 154    0.0028098  -0.00666162
 155    0.0013808  -0.00556957
 156    0.0050861  -0.01221946
 157    0.0004255  -0.00094148
 158    0.0004643  -0.00101502
 159    0.0022412  -0.00516522
 160    0.0028413  -0.00624027
 161    0.0017422  -0.00658002
 162    0.0000137  -0.00010680
 163    0.0000183  -0.00012615
 164    0.0000176  -0.00014921
 165    0.0000194  -0.00013551
 166    0.0000236  -0.00016196
 167    0.0000178  -0.00013112
 168    0.0000196  -0.00014097
 169    0.0000091  -0.00006646
 170    0.0000028  -0.00003653
 171    0.0000036  -0.00003756
 172    0.0000042  -0.00004201
 173    0.0000056  -0.00004955
 174    0.0000055  -0.00005641
 175    0.0000090  -0.00007701
 176    0.0000031  -0.00003581
 177    0.0000012  -0.00001326
 178    0.0000028  -0.00003496
 179    0.0000021  -0.00002342
 180    0.0000032  -0.00003400
 181    0.0000014  -0.00001560
 182    0.0000018  -0.00002103
 183    0.0000029  -0.00003420
 184    0.0000002  -0.00000147
 185    0.0000000  -0.00000028
 186    0.0000000  -0.00000030
 187    0.0000000  -0.00000034
 188    0.0000000  -0.00000007
 189    0.0000019  -0.00000063
 190    0.0005989  -0.00119172
 191    0.0007305  -0.00155279
 192    0.0003729  -0.00082921
 193    0.0010525  -0.00226120
 194    0.0009225  -0.00268546
 195    0.0019505  -0.00420901
 196    0.0020685  -0.00440500
 197    0.0029602  -0.00588208
 198    0.0017368  -0.00402216
 199    0.0028692  -0.00519768
 200    0.0047167  -0.01084532
 201    0.0010338  -0.00324474
 202    0.0009607  -0.00285346
 203    0.0045831  -0.01128849
 204    0.0004125  -0.00090686
 205    0.0004282  -0.00093191
 206    0.0014295  -0.00604988
 207    0.0018302  -0.00712537
 208    0.0013327  -0.00572579
 209    0.0000135  -0.00009871
 210    0.0000170  -0.00011982
 211    0.0000163  -0.00011820
 212    0.0000177  -0.00014234
 213    0.0000219  -0.00015561
 214    0.0000172  -0.00014572
 215    0.0000189  -0.00013394
 216    0.0000067  -0.00005310
 217    0.0000027  -0.00003540
 218    0.0000023  -0.00002618
 219    0.0000027  -0.00003858
 220    0.0000048  -0.00005885
 221    0.0000053  -0.00004955
 222    0.0000045  -0.00005157
 223    0.0000022  -0.00002557
 224    0.0000011  -0.00003366
 225    0.0000020  -0.00002286
 226    0.0000015  -0.00001538
 227    0.0000023  -0.00002851
 228    0.0000009  -0.00002798
 229    0.0000017  -0.00001958
 230    0.0000008  -0.00002498
 231    0.0000002  -0.00000146
 232    0.0000000  -0.00000023
 233    0.0000000  -0.00000027
 234    0.0000000  -0.00000031
 235    0.0000000  -0.00000007
 236    0.0000015  -0.00000047
 237    0.0004368  -0.00102593
 238    0.0004951  -0.00110409
 239    0.0002795  -0.00061547
 240    0.0007061  -0.00155052
 241    0.0005997  -0.00162001
 242    0.0013262  -0.00349619
 243    0.0004043  -0.00103618
 244    0.0012495  -0.00314958
 245    0.0008823  -0.00246442
 246    0.0005741  -0.00158444
 247    0.0016504  -0.00372309
 248    0.0004695  -0.00143662
 249    0.0008913  -0.00303545
 250    0.0013322  -0.00330029
 251    0.0003905  -0.00085611
 252    0.0001326  -0.00028317
 253    0.0008319  -0.00289101
 254    0.0010194  -0.00522988
 255    0.0008465  -0.00311885
 256    0.0000116  -0.00009421
 257    0.0000132  -0.00009422
 258    0.0000138  -0.00010286
 259    0.0000162  -0.00012960
 260    0.0000167  -0.00012418
 261    0.0000153  -0.00011464
 262    0.0000154  -0.00013554
 263    0.0000047  -0.00004091
 264    0.0000018  -0.00001864
 265    0.0000018  -0.00001932
 266    0.0000015  -0.00001787
 267    0.0000030  -0.00003618
 268    0.0000050  -0.00004846
 269    0.0000032  -0.00003460
 270    0.0000021  -0.00002836
 271    0.0000007  -0.00000743
 272    0.0000014  -0.00002133
 273    0.0000012  -0.00001575
 274    0.0000011  -0.00003017
 275    0.0000007  -0.00000739
 276    0.0000009  -0.00003941
 277    0.0000006  -0.00000656
 278    0.0000001  -0.00000113
 279    0.0000000  -0.00000023
 280    0.0000000  -0.00000024
 281    0.0000000  -0.00000031
 282    0.0000000  -0.00000007
 283    0.0000011  -0.00000019
 284    0.0004066  -0.00087911
 285    0.0002141  -0.00056016
 286    0.0001434  -0.00029768
 287    0.0002008  -0.00049928
 288    0.0003467  -0.00097978
 289    0.0006187  -0.00161258
 290    0.0002466  -0.00067959
 291    0.0003859  -0.00097008
 292    0.0006735  -0.00168452
 293    0.0003151  -0.00099509
 294    0.0003769  -0.00087685
 295    0.0002983  -0.00115097
 296    0.0003757  -0.00146690
 297    0.0006668  -0.00159684
 298    0.0000764  -0.00016326
 299    0.0000989  -0.00023056
 300    0.0004927  -0.00177657
 301    0.0004958  -0.00222655
 302    0.0003399  -0.00185668
 303    0.0000109  -0.00007895
 304    0.0000106  -0.00008016
 305    0.0000125  -0.00011229
 306    0.0000125  -0.00010114
 307    0.0000117  -0.00008751
 308    0.0000127  -0.00009448
 309    0.0000142  -0.00010547
 310    0.0000045  -0.00004022
 311    0.0000009  -0.00001178
 312    0.0000015  -0.00002071
 313    0.0000004  -0.00000471
 314    0.0000024  -0.00002634
 315    0.0000042  -0.00006078
 316    0.0000027  -0.00003031
 317    0.0000016  -0.00001866
 318    0.0000005  -0.00000546
 319    0.0000006  -0.00000616
 320    0.0000009  -0.00001723
 321    0.0000008  -0.00001663
 322    0.0000006  -0.00000843
 323    0.0000007  -0.00000994
 324    0.0000005  -0.00000603
 325    0.0000001  -0.00000092
 326    0.0000000  -0.00000019
 327    0.0000000  -0.00000020
 328    0.0000000  -0.00000018
 329    0.0000000  -0.00000004
 330    0.0000007  -0.00000018
 331    0.0002265  -0.00053242
 332    0.0001312  -0.00033562
 333    0.0001111  -0.00021538
 334    0.0001405  -0.00037474
 335    0.0002454  -0.00066408
 336    0.0003476  -0.00088920
 337    0.0001781  -0.00052510
 338    0.0003428  -0.00091147
 339    0.0002987  -0.00085583
 340    0.0002537  -0.00073797
 341    0.0003005  -0.00071457
 342    0.0002209  -0.00067323
 343    0.0003732  -0.00149131
 344    0.0004914  -0.00163423
 345    0.0000466  -0.00012371
 346    0.0000856  -0.00019602
 347    0.0001256  -0.00045677
 348    0.0002988  -0.00139951
 349    0.0002886  -0.00142310
 350    0.0000096  -0.00007362
 351    0.0000105  -0.00007985
 352    0.0000117  -0.00008963
 353    0.0000092  -0.00007235
 354    0.0000077  -0.00005938
 355    0.0000109  -0.00008011
 356    0.0000096  -0.00007292
 357    0.0000028  -0.00002450
 358    0.0000008  -0.00001416
 359    0.0000006  -0.00000743
 360    0.0000004  -0.00000448
 361    0.0000020  -0.00002239
 362    0.0000035  -0.00003980
 363    0.0000015  -0.00001681
 364    0.0000009  -0.00002497
 365    0.0000004  -0.00000452
 366    0.0000005  -0.00000518
 367    0.0000007  -0.00001020
 368    0.0000006  -0.00000776
 369    0.0000004  -0.00000441
 370    0.0000005  -0.00000485
 371    0.0000005  -0.00000566
 372    0.0000001  -0.00000070
 373    0.0000000  -0.00000017
 374    0.0000000  -0.00000016
 375    0.0000000  -0.00000018
 376    0.0000000  -0.00000005
 377    0.0000006  -0.00000020
 378    0.0001444  -0.00036908
 379    0.0000957  -0.00025354
 380    0.0000670  -0.00016368
 381    0.0001021  -0.00027937
 382    0.0001118  -0.00038708
 383    0.0002589  -0.00074188
 384    0.0001588  -0.00048988
 385    0.0002965  -0.00080953
 386    0.0002325  -0.00059944
 387    0.0002493  -0.00072979
 388    0.0001801  -0.00049991
 389    0.0001128  -0.00038213
 390    0.0003614  -0.00130851
 391    0.0004549  -0.00133311
 392    0.0000388  -0.00013475
 393    0.0000622  -0.00015805
 394    0.0001161  -0.00044962
 395    0.0002514  -0.00122665
 396    0.0002810  -0.00108951
 397    0.0000092  -0.00007332
 398    0.0000058  -0.00004698
 399    0.0000094  -0.00007272
 400    0.0000075  -0.00006118
 401    0.0000072  -0.00005753
 402    0.0000070  -0.00005527
 403    0.0000082  -0.00006896
 404    0.0000013  -0.00001279
 405    0.0000008  -0.00000976
 406    0.0000005  -0.00000523
 407    0.0000003  -0.00000337
 408    0.0000018  -0.00001988
 409    0.0000032  -0.00004145
 410    0.0000011  -0.00002519
 411    0.0000006  -0.00000642
 412    0.0000003  -0.00000252
 413    0.0000004  -0.00000477
 414    0.0000003  -0.00000275
 415    0.0000003  -0.00000306
 416    0.0000003  -0.00000249
 417    0.0000004  -0.00000418
 418    0.0000003  -0.00000220
 419    0.0000001  -0.00000062
 420    0.0000000  -0.00000013
 421    0.0000000  -0.00000012
 422    0.0000000  -0.00000015
 423    0.0000000  -0.00000005
 424    0.0000004  -0.00000030
 425    0.0001224  -0.00031247
 426    0.0000620  -0.00019294
 427    0.0000186  -0.00006585
 428    0.0000729  -0.00020332
 429    0.0000902  -0.00027062
 430    0.0001305  -0.00039321
 431    0.0001332  -0.00037019
 432    0.0001700  -0.00051760
 433    0.0001837  -0.00055921
 434    0.0001813  -0.00053223
 435    0.0000839  -0.00026921
 436    0.0001068  -0.00038579
 437    0.0000882  -0.00032119
 438    0.0001090  -0.00035066
 439    0.0000273  -0.00011088
 440    0.0000323  -0.00012309
 441    0.0000947  -0.00032145
 442    0.0001749  -0.00076712
 443    0.0000988  -0.00039101
 444    0.0000086  -0.00006556
 445    0.0000057  -0.00004800
 446    0.0000064  -0.00004928
 447    0.0000011  -0.00001230
 448    0.0000044  -0.00004517
 449    0.0000048  -0.00004493
 450    0.0000056  -0.00004548
 451    0.0000011  -0.00001106
 452    0.0000004  -0.00000462
 453    0.0000003  -0.00000368
 454    0.0000003  -0.00000285
 455    0.0000010  -0.00003059
 456    0.0000007  -0.00001218
 457    0.0000010  -0.00002400
 458    0.0000003  -0.00000291
 459    0.0000002  -0.00000176
 460    0.0000003  -0.00000225
 461    0.0000002  -0.00000185
 462    0.0000002  -0.00000230
 463    0.0000002  -0.00000210
 464    0.0000003  -0.00000322
 465    0.0000002  -0.00000149
 466    0.0000000  -0.00000052
 467    0.0000000  -0.00000012
 468    0.0000000  -0.00000011
 469    0.0000000  -0.00000013
 470    0.0000000  -0.00000004
 471    0.0000003  -0.00000037
 472    0.0000814  -0.00021740
 473    0.0000506  -0.00017616
 474    0.0000165  -0.00005793
 475    0.0000408  -0.00014454
 476    0.0000496  -0.00018812
 477    0.0000974  -0.00031591
 478    0.0001182  -0.00033172
 479    0.0001212  -0.00038076
 480    0.0000991  -0.00033655
 481    0.0001487  -0.00048701
 482    0.0000693  -0.00023784
 483    0.0000911  -0.00031908
 484    0.0000665  -0.00026387
 485    0.0000837  -0.00030441
 486    0.0000193  -0.00007568
 487    0.0000154  -0.00006244
 488    0.0000874  -0.00032255
 489    0.0001446  -0.00055300
 490    0.0000719  -0.00026790
 491    0.0000056  -0.00004732
 492    0.0000041  -0.00003949
 493    0.0000060  -0.00005277
 494    0.0000011  -0.00001843
 495    0.0000043  -0.00004190
 496    0.0000041  -0.00004523
 497    0.0000049  -0.00004499
 498    0.0000005  -0.00000515
 499    0.0000004  -0.00000383
 500    0.0000002  -0.00000169
 501    0.0000002  -0.00000131
 502    0.0000003  -0.00000305
 503    0.0000005  -0.00000521
 504    0.0000007  -0.00000889
 505    0.0000002  -0.00000230
 506    0.0000001  -0.00000092
 507    0.0000002  -0.00000168
 508    0.0000002  -0.00000130
 509    0.0000002  -0.00000219
 510    0.0000002  -0.00000186
 511    0.0000002  -0.00000152
 512    0.0000002  -0.00000140
 513    0.0000000  -0.00000041
 514    0.0000000  -0.00000011
 515    0.0000000  -0.00000010
 516    0.0000000  -0.00000012
 517    0.0000000  -0.00000004
 518    0.0000002  -0.00000044
 519    0.0000317  -0.00013316
 520    0.0000238  -0.00010241
 521    0.0000104  -0.00004480
 522    0.0000149  -0.00006572
 523    0.0000400  -0.00014694
 524    0.0000633  -0.00023841
 525    0.0000796  -0.00025792
 526    0.0000533  -0.00019419
 527    0.0000721  -0.00025485
 528    0.0000669  -0.00024628
 529    0.0000604  -0.00020988
 530    0.0000374  -0.00016242
 531    0.0000440  -0.00017972
 532    0.0000592  -0.00023328
 533    0.0000100  -0.00004536
 534    0.0000140  -0.00005593
 535    0.0000511  -0.00019172
 536    0.0000841  -0.00032404
 537    0.0000666  -0.00024969
 538    0.0000018  -0.00001932
 539    0.0000011  -0.00001370
 540    0.0000014  -0.00001497
 541    0.0000010  -0.00002258
 542    0.0000018  -0.00001874
 543    0.0000021  -0.00002083
 544    0.0000031  -0.00003645
 545    0.0000004  -0.00000376
 546    0.0000002  -0.00000194
 547    0.0000001  -0.00000094
 548    0.0000001  -0.00000121
 549    0.0000003  -0.00000273
 550    0.0000003  -0.00000210
 551    0.0000003  -0.00000310
 552    0.0000001  -0.00000114
 553    0.0000001  -0.00000069
 554    0.0000001  -0.00000089
 555    0.0000001  -0.00000091
 556    0.0000001  -0.00000087
 557    0.0000001  -0.00000133
 558    0.0000001  -0.00000113
 559    0.0000001  -0.00000119
 560    0.0000000  -0.00000040
 561    0.0000000  -0.00000009
 562    0.0000000  -0.00000008
 563    0.0000000  -0.00000010
 564    0.0000000  -0.00000004
 
----------------
 Final Energies 
----------------
Final NOF Total Energy =   -2671.6023651
 
Total Orbital Internal Iterations = 10
Total Occupation Internal Iterations = 0
 
Elapsed time:  131.60 Seconds

---------------------------------
   Lowdin Population Analysis    
---------------------------------
 Idx  Atom   Population   Charge 
---------------------------------
  1     I    52.540       0.460
  2     C     6.424      -0.424
  3     C     5.971       0.029
  4     C     5.935       0.065
  5     C     5.935       0.065
  6     C     5.935       0.065
  7     C     5.973       0.027
  8     H     1.057      -0.057
  9     H     1.057      -0.057
 10     H     1.057      -0.057
 11     H     1.058      -0.058
 12     H     1.059      -0.059

---------------------------------
   M Diagnostic: 0.98
---------------------------------

