Computing Integrals
Basis Set                                            = def2-qzvp
Auxiliary Basis Set                                  = def2-universal-jkfit
Gaussian Type                                        = Spherical
Elapsed time:    2.98 Seconds

Number of basis functions                   (NBF)    = 142
Number of auxiliary basis functions         (NBFAUX) = 254
Inactive Doubly occupied orbitals up to     (NO1)    = 0
No. considered Strongly Doubly occupied MOs (NDOC)   = 27
No. considered Strongly Singly occupied MOs (NSOC)   = 0
NO. of Weakly occ. per St. Doubly occ.  MOs (NCWO)   = 4
Dimension of the Nat. Orb. subspace         (NBF5)   = 135
No. of electrons                                     = 54
    No. of alpha electrons                           = 27
    No. of beta electrons                            = 27
Multiplicity                                         = 1

Geometry
========
Te       0.0000000       0.0000000       0.7695493
 H      -1.1553660       0.0000000      -0.3847747
 H       1.1553660       0.0000000      -0.3847747

No violations of the orthonormality
No violations of the orthonormality
 
PNOF8/ADABelief Calculation
==================
 
  Nitext  Nit_orb  Time   Nit_occ  Time         Eelec          Etot           Ediff      maxdiff    MaxGrad_orb  Grad_occ
     1      10    1.0e+01    0    1.2e+01 -2326.19711279 -2292.27082520 -12325.19711279   0.000382   1.5e-03   1.8e-04 0.03
 
RESULTS OF THE OCCUPATION OPTIMIZATION
========================================
   1    1.9999999  -141.02734178
   2    1.9999998  -61.84997938
   3    1.9999998  -61.84457579
   4    1.9999998  -61.83936334
   5    1.9999977  -24.94876122
   6    1.9999740  -9.79272067
   7    1.9999745  -9.78969174
   8    1.9999679  -9.73824156
   9    1.9999774  -9.72255253
  10    1.9999688  -9.70720685
  11    1.9999630  -9.69254205
  12    1.9999588  -9.66881045
  13    1.9999611  -9.66331371
  14    1.9996757  -4.96045529
  15    1.9987631  -3.82486057
  16    1.9991295  -3.82406749
  17    1.9987574  -3.82392984
  18    1.9990143  -3.82337224
  19    1.9992912  -3.82305641
  20    1.9989711  -3.82145964
  21    1.9978429  -3.81936732
  22    1.9811935  -0.93219151
  23    1.9744628  -0.90735905
  24    1.9735525  -0.90237034
  25    1.9723739  -0.71596371
  26    1.9650314  -0.39053072
  27    1.9650857  -0.38921006
  28    0.0234004  -0.02914554
  29    0.0233927  -0.02912815
  30    0.0207403  -0.02719319
  31    0.0192988  -0.02737811
  32    0.0179962  -0.02649744
  33    0.0084600  -0.01729671
  34    0.0019223  -0.01075822
  35    0.0008499  -0.00524749
  36    0.0005744  -0.00337752
  37    0.0007701  -0.00474880
  38    0.0010765  -0.00663636
  39    0.0006168  -0.00367215
  40    0.0011001  -0.00674376
  41    0.0001979  -0.00091518
  42    0.0000355  -0.00026511
  43    0.0000371  -0.00027179
  44    0.0000335  -0.00024727
  45    0.0000170  -0.00011164
  46    0.0000171  -0.00010993
  47    0.0000143  -0.00009885
  48    0.0000136  -0.00009541
  49    0.0000146  -0.00009849
  50    0.0000020  -0.00001976
  51    0.0000001  -0.00000164
  52    0.0000001  -0.00000170
  53    0.0000001  -0.00000173
  54    0.0000000  -0.00000056
  55    0.0052931  -0.00864267
  56    0.0052832  -0.00864788
  57    0.0051578  -0.01046570
  58    0.0058259  -0.01149971
  59    0.0050992  -0.01162305
  60    0.0050102  -0.01179091
  61    0.0001290  -0.00063033
  62    0.0000894  -0.00043617
  63    0.0001133  -0.00054213
  64    0.0001149  -0.00056554
  65    0.0001408  -0.00064762
  66    0.0001390  -0.00062940
  67    0.0000880  -0.00041492
  68    0.0000920  -0.00041958
  69    0.0000026  -0.00002514
  70    0.0000028  -0.00002512
  71    0.0000015  -0.00001594
  72    0.0000073  -0.00006402
  73    0.0000026  -0.00002394
  74    0.0000093  -0.00007850
  75    0.0000106  -0.00008355
  76    0.0000093  -0.00007887
  77    0.0000002  -0.00000222
  78    0.0000000  -0.00000065
  79    0.0000000  -0.00000074
  80    0.0000000  -0.00000074
  81    0.0000000  -0.00000023
  82    0.0051041  -0.00858586
  83    0.0050811  -0.00851316
  84    0.0009346  -0.00191225
  85    0.0007389  -0.00167485
  86    0.0018219  -0.00457170
  87    0.0046256  -0.01143555
  88    0.0000842  -0.00040245
  89    0.0000862  -0.00040425
  90    0.0000190  -0.00011794
  91    0.0000950  -0.00044552
  92    0.0000208  -0.00012432
  93    0.0000894  -0.00041881
  94    0.0000303  -0.00018319
  95    0.0000318  -0.00017798
  96    0.0000005  -0.00000509
  97    0.0000009  -0.00001141
  98    0.0000013  -0.00001362
  99    0.0000062  -0.00005825
 100    0.0000019  -0.00001611
 101    0.0000080  -0.00006494
 102    0.0000009  -0.00000828
 103    0.0000015  -0.00001518
 104    0.0000001  -0.00000132
 105    0.0000000  -0.00000044
 106    0.0000000  -0.00000054
 107    0.0000000  -0.00000037
 108    0.0000000  -0.00000018
 109    0.0011166  -0.00185854
 110    0.0012117  -0.00198501
 111    0.0007934  -0.00166711
 112    0.0005840  -0.00136551
 113    0.0006199  -0.00136948
 114    0.0007106  -0.00200486
 115    0.0000217  -0.00012478
 116    0.0000034  -0.00002911
 117    0.0000020  -0.00001722
 118    0.0000058  -0.00003897
 119    0.0000045  -0.00003368
 120    0.0000253  -0.00013778
 121    0.0000184  -0.00011233
 122    0.0000026  -0.00002332
 123    0.0000004  -0.00000318
 124    0.0000003  -0.00000279
 125    0.0000007  -0.00000653
 126    0.0000007  -0.00000581
 127    0.0000011  -0.00001276
 128    0.0000005  -0.00000311
 129    0.0000004  -0.00000313
 130    0.0000006  -0.00000583
 131    0.0000000  -0.00000103
 132    0.0000000  -0.00000032
 133    0.0000000  -0.00000034
 134    0.0000000  -0.00000032
 135    0.0000000  -0.00000010
 
----------------
 Final Energies 
----------------
Final NOF Total Energy =   -2292.2708252
 
Total Orbital Internal Iterations = 10
Total Occupation Internal Iterations = 0
 
Elapsed time:   28.69 Seconds

---------------------------------
   Lowdin Population Analysis    
---------------------------------
 Idx  Atom   Population   Charge 
---------------------------------
  1    Te    51.369       0.631
  2     H     1.316      -0.316
  3     H     1.315      -0.315

---------------------------------
   M Diagnostic: 0.03
---------------------------------

