Computing Integrals
Basis Set                                            = def2-qzvp
Auxiliary Basis Set                                  = def2-universal-jkfit
Gaussian Type                                        = Spherical
Elapsed time:    3.94 Seconds

Number of basis functions                   (NBF)    = 294
Number of auxiliary basis functions         (NBFAUX) = 258
Inactive Doubly occupied orbitals up to     (NO1)    = 0
No. considered Strongly Doubly occupied MOs (NDOC)   = 9
No. considered Strongly Singly occupied MOs (NSOC)   = 0
NO. of Weakly occ. per St. Doubly occ.  MOs (NCWO)   = 31
Dimension of the Nat. Orb. subspace         (NBF5)   = 288
No. of electrons                                     = 18
    No. of alpha electrons                           = 9
    No. of beta electrons                            = 9
Multiplicity                                         = 1

Geometry
========
 C      -0.0000000       0.0000000       0.7632579
 C      -0.0000000      -0.0000000      -0.7632579
 H      -0.8806855       0.5084640       1.1578428
 H       0.0000000      -1.0169281       1.1578428
 H       0.8806855       0.5084640       1.1578428
 H       0.8806855      -0.5084640      -1.1578428
 H      -0.8806855      -0.5084640      -1.1578428
 H       0.0000000       1.0169281      -1.1578428

Orthonormality violations 86436, Maximum Violation 2337.638004
Trying to orthonormalize
No violations of the orthonormality
No violations of the orthonormality
 
PNOF8/ADABelief Calculation
==================
 
  Nitext  Nit_orb  Time   Nit_occ  Time         Eelec          Etot           Ediff      maxdiff    MaxGrad_orb  Grad_occ
     1      10    2.5e+01   17    2.9e+01  -121.03333521   -78.75183148 -10120.03333521   0.195968   7.8e-01   2.1e-04 0.02
     2      10    3.2e+00   12    2.1e+00  -121.29497341   -79.01346968    -0.26163820   0.216021   8.6e-01   2.1e-04 0.02
     3      10    3.7e+00   11    1.9e+00  -121.35169636   -79.07019263    -0.05672295   0.149272   6.0e-01   1.5e-04 0.02
     4      10    3.4e+00    0    2.9e-01  -121.35281933   -79.07131561    -0.00112298   0.149271   6.0e-01   1.5e-04 0.02
     5      30    1.0e+01   11    1.8e+00  -122.01309511   -79.73159139    -0.66027578   0.018085   7.2e-02   1.7e-04 0.02
     6      30    9.5e+00    8    1.1e+00  -122.02094536   -79.73944164    -0.00785025   0.011883   4.8e-02   2.0e-04 0.02
     7      30    8.8e+00    5    9.5e-01  -122.02261035   -79.74110662    -0.00166499   0.009383   3.8e-02   2.0e-04 0.03
     8      30    8.8e+00    5    9.1e-01  -122.02291862   -79.74141489    -0.00030827   0.010075   4.0e-02   1.8e-04 0.03
     9      30    9.6e+00    5    1.1e+00  -122.02340749   -79.74190376    -0.00048887   0.008792   3.5e-02   1.7e-04 0.03
    10      30    8.2e+00    5    9.8e-01  -122.02369035   -79.74218663    -0.00028287   0.009137   3.7e-02   2.2e-04 0.03
    11      30    8.0e+00    5    8.9e-01  -122.02401083   -79.74250710    -0.00032047   0.009619   3.8e-02   2.0e-04 0.03
    12      30    1.0e+01    6    1.0e+00  -122.02418722   -79.74268349    -0.00017640   0.009413   3.8e-02   2.0e-04 0.03
    13      30    8.5e+00    5    9.2e-01  -122.02445292   -79.74294919    -0.00026570   0.009335   3.7e-02   1.9e-04 0.03
    14      30    9.7e+00    3    5.9e-01  -122.02449138   -79.74298765    -0.00003846   0.008969   3.6e-02   1.6e-04 0.03
    15      30    9.4e+00    0    2.9e-01  -122.02450437   -79.74300064    -0.00001299   0.008969   3.6e-02   1.6e-04 0.03
    16      50    1.3e+01    3    9.4e-01  -122.02517052   -79.74366679    -0.00066615   0.000925   3.7e-03   1.7e-04 0.03
 
RESULTS OF THE OCCUPATION OPTIMIZATION
========================================
   1    1.9999580  -11.22075038
   2    1.9999559  -11.22039144
   3    1.9812951  -0.96497973
   4    1.9797712  -0.89676238
   5    1.9729677  -0.57537069
   6    1.9716794  -0.57398046
   7    1.9718370  -0.57323763
   8    1.9726110  -0.56964618
   9    1.9727238  -0.55898629
  10    0.0228805  -0.03101437
  11    0.0156529  -0.01982913
  12    0.0159905  -0.01997918
  13    0.0157080  -0.01977269
  14    0.0161100  -0.02011045
  15    0.0120042  -0.01887882
  16    0.0117990  -0.01891266
  17    0.0000366  -0.00075786
  18    0.0000341  -0.00069985
  19    0.0011690  -0.00300095
  20    0.0047267  -0.00689097
  21    0.0051105  -0.00757209
  22    0.0050347  -0.00751787
  23    0.0047422  -0.00687499
  24    0.0038879  -0.00679294
  25    0.0030434  -0.00600561
  26    0.0000033  -0.00008565
  27    0.0000033  -0.00008887
  28    0.0009101  -0.00201471
  29    0.0028901  -0.00560215
  30    0.0046204  -0.00680164
  31    0.0046928  -0.00690994
  32    0.0022477  -0.00382502
  33    0.0013400  -0.00541834
  34    0.0011692  -0.00548093
  35    0.0000016  -0.00001273
  36    0.0000017  -0.00001013
  37    0.0008333  -0.00178134
  38    0.0021837  -0.00375727
  39    0.0011035  -0.00223712
  40    0.0010660  -0.00219559
  41    0.0010693  -0.00228536
  42    0.0010840  -0.00290095
  43    0.0010494  -0.00289750
  44    0.0000014  -0.00002056
  45    0.0000016  -0.00002017
  46    0.0007068  -0.00138925
  47    0.0009843  -0.00208141
  48    0.0003799  -0.00092597
  49    0.0004568  -0.00107364
  50    0.0008841  -0.00205034
  51    0.0006596  -0.00146744
  52    0.0003975  -0.00110864
  53    0.0000008  -0.00003590
  54    0.0000009  -0.00003898
  55    0.0002960  -0.00071163
  56    0.0002314  -0.00058369
  57    0.0002724  -0.00067378
  58    0.0003870  -0.00091273
  59    0.0005028  -0.00110975
  60    0.0003045  -0.00086374
  61    0.0003387  -0.00131442
  62    0.0000001  -0.00000116
  63    0.0000001  -0.00000126
  64    0.0002161  -0.00056941
  65    0.0001660  -0.00045251
  66    0.0001580  -0.00042169
  67    0.0002788  -0.00063661
  68    0.0004212  -0.00095501
  69    0.0002419  -0.00126456
  70    0.0002345  -0.00092303
  71    0.0000000  -0.00000074
  72    0.0000001  -0.00000094
  73    0.0000830  -0.00023879
  74    0.0001148  -0.00029122
  75    0.0001077  -0.00028087
  76    0.0001547  -0.00044339
  77    0.0003002  -0.00066459
  78    0.0002246  -0.00063155
  79    0.0001600  -0.00085736
  80    0.0000000  -0.00000073
  81    0.0000001  -0.00000080
  82    0.0000477  -0.00015286
  83    0.0000967  -0.00026676
  84    0.0000987  -0.00027717
  85    0.0001087  -0.00027779
  86    0.0002296  -0.00055031
  87    0.0001021  -0.00031004
  88    0.0001095  -0.00031906
  89    0.0000000  -0.00000046
  90    0.0000000  -0.00000055
  91    0.0000443  -0.00015221
  92    0.0000802  -0.00022623
  93    0.0000612  -0.00018336
  94    0.0000969  -0.00026317
  95    0.0001094  -0.00029039
  96    0.0000740  -0.00024652
  97    0.0001016  -0.00030317
  98    0.0000000  -0.00000046
  99    0.0000000  -0.00000046
 100    0.0000270  -0.00010296
 101    0.0000518  -0.00015905
 102    0.0000558  -0.00016513
 103    0.0000572  -0.00016223
 104    0.0000869  -0.00023367
 105    0.0000653  -0.00020086
 106    0.0000606  -0.00019495
 107    0.0000000  -0.00000043
 108    0.0000000  -0.00000037
 109    0.0000136  -0.00005192
 110    0.0000401  -0.00013120
 111    0.0000503  -0.00015024
 112    0.0000532  -0.00015444
 113    0.0000593  -0.00017196
 114    0.0000407  -0.00015109
 115    0.0000485  -0.00017375
 116    0.0000000  -0.00000034
 117    0.0000000  -0.00000035
 118    0.0000081  -0.00003603
 119    0.0000321  -0.00010766
 120    0.0000325  -0.00010903
 121    0.0000437  -0.00014606
 122    0.0000540  -0.00015736
 123    0.0000359  -0.00014440
 124    0.0000438  -0.00016510
 125    0.0000000  -0.00000030
 126    0.0000000  -0.00000036
 127    0.0000059  -0.00002737
 128    0.0000296  -0.00010384
 129    0.0000263  -0.00009320
 130    0.0000342  -0.00012058
 131    0.0000482  -0.00014326
 132    0.0000321  -0.00012114
 133    0.0000351  -0.00014017
 134    0.0000000  -0.00000028
 135    0.0000000  -0.00000030
 136    0.0000054  -0.00002062
 137    0.0000248  -0.00008483
 138    0.0000188  -0.00006889
 139    0.0000308  -0.00009772
 140    0.0000325  -0.00011025
 141    0.0000263  -0.00010220
 142    0.0000263  -0.00010341
 143    0.0000000  -0.00000024
 144    0.0000000  -0.00000026
 145    0.0000041  -0.00001449
 146    0.0000126  -0.00004804
 147    0.0000136  -0.00004878
 148    0.0000219  -0.00007318
 149    0.0000255  -0.00009327
 150    0.0000200  -0.00008038
 151    0.0000178  -0.00007225
 152    0.0000000  -0.00000026
 153    0.0000000  -0.00000025
 154    0.0000029  -0.00001147
 155    0.0000113  -0.00004224
 156    0.0000105  -0.00004062
 157    0.0000153  -0.00005817
 158    0.0000180  -0.00006566
 159    0.0000150  -0.00006366
 160    0.0000144  -0.00006277
 161    0.0000000  -0.00000020
 162    0.0000000  -0.00000021
 163    0.0000026  -0.00000854
 164    0.0000102  -0.00003793
 165    0.0000086  -0.00003482
 166    0.0000122  -0.00004588
 167    0.0000135  -0.00005315
 168    0.0000127  -0.00005435
 169    0.0000119  -0.00005320
 170    0.0000000  -0.00000019
 171    0.0000000  -0.00000021
 172    0.0000026  -0.00000753
 173    0.0000083  -0.00003334
 174    0.0000081  -0.00003346
 175    0.0000117  -0.00004059
 176    0.0000123  -0.00004606
 177    0.0000107  -0.00004490
 178    0.0000097  -0.00004612
 179    0.0000000  -0.00000017
 180    0.0000000  -0.00000021
 181    0.0000022  -0.00000687
 182    0.0000070  -0.00002763
 183    0.0000062  -0.00002439
 184    0.0000100  -0.00003751
 185    0.0000119  -0.00004320
 186    0.0000095  -0.00004300
 187    0.0000078  -0.00003991
 188    0.0000000  -0.00000014
 189    0.0000000  -0.00000019
 190    0.0000019  -0.00000421
 191    0.0000058  -0.00002144
 192    0.0000059  -0.00002258
 193    0.0000081  -0.00003346
 194    0.0000095  -0.00003697
 195    0.0000078  -0.00003975
 196    0.0000045  -0.00002374
 197    0.0000000  -0.00000013
 198    0.0000000  -0.00000018
 199    0.0000016  -0.00000302
 200    0.0000051  -0.00001979
 201    0.0000042  -0.00001303
 202    0.0000063  -0.00002390
 203    0.0000094  -0.00003655
 204    0.0000060  -0.00002955
 205    0.0000039  -0.00001978
 206    0.0000000  -0.00000012
 207    0.0000000  -0.00000015
 208    0.0000016  -0.00000253
 209    0.0000044  -0.00001507
 210    0.0000039  -0.00001293
 211    0.0000061  -0.00002324
 212    0.0000065  -0.00002724
 213    0.0000052  -0.00002716
 214    0.0000032  -0.00001441
 215    0.0000000  -0.00000013
 216    0.0000000  -0.00000013
 217    0.0000015  -0.00000203
 218    0.0000038  -0.00001225
 219    0.0000038  -0.00001154
 220    0.0000049  -0.00002017
 221    0.0000062  -0.00002494
 222    0.0000047  -0.00002379
 223    0.0000029  -0.00001342
 224    0.0000000  -0.00000013
 225    0.0000000  -0.00000012
 226    0.0000014  -0.00000242
 227    0.0000032  -0.00000934
 228    0.0000032  -0.00000875
 229    0.0000040  -0.00001316
 230    0.0000048  -0.00001614
 231    0.0000036  -0.00001643
 232    0.0000025  -0.00000999
 233    0.0000000  -0.00000012
 234    0.0000000  -0.00000014
 235    0.0000013  -0.00000173
 236    0.0000029  -0.00000814
 237    0.0000025  -0.00000443
 238    0.0000038  -0.00001174
 239    0.0000042  -0.00001346
 240    0.0000026  -0.00001184
 241    0.0000020  -0.00000717
 242    0.0000000  -0.00000010
 243    0.0000000  -0.00000013
 244    0.0000013  -0.00000156
 245    0.0000025  -0.00000567
 246    0.0000015  -0.00000215
 247    0.0000034  -0.00001032
 248    0.0000037  -0.00001125
 249    0.0000021  -0.00000773
 250    0.0000017  -0.00000542
 251    0.0000000  -0.00000009
 252    0.0000000  -0.00000012
 253    0.0000012  -0.00000170
 254    0.0000019  -0.00000279
 255    0.0000013  -0.00000157
 256    0.0000029  -0.00000582
 257    0.0000030  -0.00000722
 258    0.0000018  -0.00000650
 259    0.0000017  -0.00000437
 260    0.0000000  -0.00000010
 261    0.0000000  -0.00000011
 262    0.0000011  -0.00000149
 263    0.0000017  -0.00000184
 264    0.0000012  -0.00000140
 265    0.0000023  -0.00000335
 266    0.0000028  -0.00000565
 267    0.0000017  -0.00000347
 268    0.0000014  -0.00000277
 269    0.0000000  -0.00000010
 270    0.0000000  -0.00000011
 271    0.0000011  -0.00000148
 272    0.0000016  -0.00000200
 273    0.0000011  -0.00000127
 274    0.0000021  -0.00000224
 275    0.0000020  -0.00000273
 276    0.0000013  -0.00000233
 277    0.0000013  -0.00000261
 278    0.0000000  -0.00000009
 279    0.0000000  -0.00000011
 280    0.0000011  -0.00000162
 281    0.0000014  -0.00000184
 282    0.0000011  -0.00000171
 283    0.0000017  -0.00000149
 284    0.0000016  -0.00000202
 285    0.0000011  -0.00000222
 286    0.0000012  -0.00000231
 287    0.0000000  -0.00000008
 288    0.0000000  -0.00000010
 
----------------
 Final Energies 
----------------
Final NOF Total Energy =     -79.7436668
 
Total Orbital Internal Iterations = 420
Total Occupation Internal Iterations = 101
 
Elapsed time:  226.73 Seconds

---------------------------------
   Lowdin Population Analysis    
---------------------------------
 Idx  Atom   Population   Charge 
---------------------------------
  1     C     5.804       0.196
  2     C     5.804       0.196
  3     H     1.066      -0.066
  4     H     1.064      -0.064
  5     H     1.066      -0.066
  6     H     1.064      -0.064
  7     H     1.066      -0.066
  8     H     1.066      -0.066

---------------------------------
   M Diagnostic: 0.03
---------------------------------

