Computing Integrals
Basis Set                                            = def2-qzvp
Auxiliary Basis Set                                  = def2-universal-jkfit
Gaussian Type                                        = Spherical
Elapsed time:    1.74 Seconds

Number of basis functions                   (NBF)    = 147
Number of auxiliary basis functions         (NBFAUX) = 129
Inactive Doubly occupied orbitals up to     (NO1)    = 0
No. considered Strongly Doubly occupied MOs (NDOC)   = 4
No. considered Strongly Singly occupied MOs (NSOC)   = 1
NO. of Weakly occ. per St. Doubly occ.  MOs (NCWO)   = 35
Dimension of the Nat. Orb. subspace         (NBF5)   = 145
No. of electrons                                     = 9
    No. of alpha electrons                           = 5
    No. of beta electrons                            = 4
Multiplicity                                         = 2

Geometry
========
 C       0.0000000       0.0000000       0.0000000
 H       0.5398798      -0.9350993       0.0000000
 H       0.5398798       0.9350993       0.0000000
 H      -1.0797597       0.0000000       0.0000000

No violations of the orthonormality
No violations of the orthonormality
 
PNOF8/ADABelief Calculation
==================
 
  Nitext  Nit_orb  Time   Nit_occ  Time         Eelec          Etot           Ediff      maxdiff    MaxGrad_orb  Grad_occ
     1      10    1.0e+01    0    1.2e+01   -49.46895159   -39.79853100 -10048.46895159   0.000925   3.7e-03   1.7e-04 0.02
 
RESULTS OF THE OCCUPATION OPTIMIZATION
========================================
   1    1.9998902  -11.23391305
   2    1.9753805  -0.88477384
   3    1.9700218  -0.62039849
   4    1.9697154  -0.61908977
   5    1.0000000  -0.20718643
   6    0.0172803  -0.02040417
   7    0.0168301  -0.02015934
   8    0.0130123  -0.01880471
   9    0.0000950  -0.00195499
  10    0.0053449  -0.00718041
  11    0.0052539  -0.00715365
  12    0.0040649  -0.00683965
  13    0.0000068  -0.00017790
  14    0.0041237  -0.00583256
  15    0.0040588  -0.00575909
  16    0.0034254  -0.00575549
  17    0.0000029  -0.00002582
  18    0.0011462  -0.00220884
  19    0.0011420  -0.00222028
  20    0.0011343  -0.00433026
  21    0.0000022  -0.00001833
  22    0.0007875  -0.00160178
  23    0.0007774  -0.00165548
  24    0.0010752  -0.00314450
  25    0.0000019  -0.00005554
  26    0.0004649  -0.00090044
  27    0.0004808  -0.00092658
  28    0.0006153  -0.00145503
  29    0.0000003  -0.00001689
  30    0.0002962  -0.00063614
  31    0.0004009  -0.00088274
  32    0.0004386  -0.00094043
  33    0.0000001  -0.00000129
  34    0.0001894  -0.00042521
  35    0.0003060  -0.00064113
  36    0.0001673  -0.00043474
  37    0.0000000  -0.00000084
  38    0.0001653  -0.00042793
  39    0.0001953  -0.00042838
  40    0.0001577  -0.00040740
  41    0.0000000  -0.00000080
  42    0.0000856  -0.00021049
  43    0.0000927  -0.00026024
  44    0.0000951  -0.00028733
  45    0.0000000  -0.00000075
  46    0.0000758  -0.00019975
  47    0.0000738  -0.00019585
  48    0.0000791  -0.00021369
  49    0.0000000  -0.00000061
  50    0.0000743  -0.00019143
  51    0.0000711  -0.00018651
  52    0.0000618  -0.00017570
  53    0.0000000  -0.00000056
  54    0.0000659  -0.00018361
  55    0.0000569  -0.00017417
  56    0.0000549  -0.00017920
  57    0.0000000  -0.00000049
  58    0.0000290  -0.00010188
  59    0.0000480  -0.00013968
  60    0.0000453  -0.00014913
  61    0.0000000  -0.00000044
  62    0.0000259  -0.00008552
  63    0.0000397  -0.00011487
  64    0.0000362  -0.00010630
  65    0.0000000  -0.00000048
  66    0.0000188  -0.00007792
  67    0.0000239  -0.00009517
  68    0.0000300  -0.00010591
  69    0.0000000  -0.00000053
  70    0.0000178  -0.00006196
  71    0.0000156  -0.00004724
  72    0.0000224  -0.00008539
  73    0.0000000  -0.00000049
  74    0.0000112  -0.00003974
  75    0.0000134  -0.00004884
  76    0.0000183  -0.00006574
  77    0.0000000  -0.00000048
  78    0.0000106  -0.00003978
  79    0.0000123  -0.00004164
  80    0.0000133  -0.00004781
  81    0.0000000  -0.00000040
  82    0.0000104  -0.00003572
  83    0.0000110  -0.00003776
  84    0.0000117  -0.00004576
  85    0.0000000  -0.00000030
  86    0.0000086  -0.00003194
  87    0.0000110  -0.00003772
  88    0.0000104  -0.00004051
  89    0.0000000  -0.00000033
  90    0.0000073  -0.00003376
  91    0.0000094  -0.00003315
  92    0.0000098  -0.00004320
  93    0.0000000  -0.00000024
  94    0.0000070  -0.00002641
  95    0.0000072  -0.00002764
  96    0.0000070  -0.00002870
  97    0.0000000  -0.00000025
  98    0.0000064  -0.00002365
  99    0.0000068  -0.00002607
 100    0.0000054  -0.00002487
 101    0.0000000  -0.00000023
 102    0.0000055  -0.00001808
 103    0.0000066  -0.00002332
 104    0.0000044  -0.00001621
 105    0.0000000  -0.00000024
 106    0.0000054  -0.00001875
 107    0.0000054  -0.00001992
 108    0.0000038  -0.00001317
 109    0.0000000  -0.00000023
 110    0.0000042  -0.00001201
 111    0.0000051  -0.00001477
 112    0.0000035  -0.00001027
 113    0.0000000  -0.00000020
 114    0.0000029  -0.00000506
 115    0.0000042  -0.00000899
 116    0.0000029  -0.00000843
 117    0.0000000  -0.00000014
 118    0.0000026  -0.00000368
 119    0.0000040  -0.00000982
 120    0.0000027  -0.00000885
 121    0.0000000  -0.00000014
 122    0.0000022  -0.00000402
 123    0.0000035  -0.00000455
 124    0.0000024  -0.00000484
 125    0.0000000  -0.00000013
 126    0.0000022  -0.00000419
 127    0.0000032  -0.00000515
 128    0.0000021  -0.00000357
 129    0.0000000  -0.00000013
 130    0.0000020  -0.00000344
 131    0.0000025  -0.00000555
 132    0.0000018  -0.00000295
 133    0.0000000  -0.00000009
 134    0.0000017  -0.00000183
 135    0.0000022  -0.00000357
 136    0.0000017  -0.00000218
 137    0.0000000  -0.00000009
 138    0.0000016  -0.00000089
 139    0.0000018  -0.00000179
 140    0.0000015  -0.00000139
 141    0.0000000  -0.00000011
 142    0.0000015  -0.00000112
 143    0.0000017  -0.00000099
 144    0.0000012  -0.00000147
 145    0.0000000  -0.00000008
 
----------------
 Final Energies 
----------------
Final NOF Total Energy =     -39.7985310
 
Total Orbital Internal Iterations = 10
Total Occupation Internal Iterations = 0
 
Elapsed time:   28.57 Seconds

---------------------------------
   Lowdin Population Analysis    
---------------------------------
 Idx  Atom   Population   Charge 
---------------------------------
  1     C     5.583       0.417
  2     H     1.137      -0.137
  3     H     1.140      -0.140
  4     H     1.140      -0.140

---------------------------------
   M Diagnostic: 0.02
---------------------------------

