Computing Integrals
Basis Set                                            = def2-qzvp
Auxiliary Basis Set                                  = def2-universal-jkfit
Gaussian Type                                        = Spherical
Elapsed time:    2.71 Seconds

Number of basis functions                   (NBF)    = 147
Number of auxiliary basis functions         (NBFAUX) = 131
Inactive Doubly occupied orbitals up to     (NO1)    = 0
No. considered Strongly Doubly occupied MOs (NDOC)   = 4
No. considered Strongly Singly occupied MOs (NSOC)   = 1
NO. of Weakly occ. per St. Doubly occ.  MOs (NCWO)   = 35
Dimension of the Nat. Orb. subspace         (NBF5)   = 145
No. of electrons                                     = 9
    No. of alpha electrons                           = 5
    No. of beta electrons                            = 4
Multiplicity                                         = 2

Geometry
========
 N       0.0000000       0.0000000       0.0000000
 H       0.5094001      -0.8823069       0.0000000
 H       0.5094001       0.8823069       0.0000000
 H      -1.0188002       0.0000000       0.0000000

Orthonormality violations 7578, Maximum Violation 0.000062
Trying to orthonormalize
No violations of the orthonormality
No violations of the orthonormality
 
PNOF8/ADABelief Calculation
==================
 
  Nitext  Nit_orb  Time   Nit_occ  Time         Eelec          Etot           Ediff      maxdiff    MaxGrad_orb  Grad_occ
     1      10    2.1e+01    3    2.5e+01   -67.96003607   -56.15275678 -10066.96003607   0.001450   5.8e-03   1.9e-04 0.02
     2      20    2.9e+00    4    1.3e-01   -67.96100018   -56.15372090    -0.00096411   0.013141   5.3e-02   2.2e-04 0.02
     3      20    2.7e+00    3    7.3e-02   -67.96167658   -56.15439729    -0.00067639   0.008602   3.4e-02   1.9e-04 0.02
     4      20    2.8e+00    0    1.5e-02   -67.96171061   -56.15443132    -0.00003403   0.008602   3.4e-02   1.9e-04 0.02
     5      40    5.0e+00    1    3.8e-02   -67.96192180   -56.15464252    -0.00021120   0.000722   2.9e-03   1.9e-04 0.02
 
RESULTS OF THE OCCUPATION OPTIMIZATION
========================================
   1    1.9999327  -16.00907292
   2    1.9769590  -1.49073367
   3    1.9716145  -1.10644604
   4    1.9721456  -1.10269124
   5    1.0000000  -0.48123845
   6    0.0163926  -0.02642957
   7    0.0175060  -0.02747523
   8    0.0134059  -0.02562749
   9    0.0000579  -0.00167956
  10    0.0044032  -0.00857296
  11    0.0045679  -0.00867262
  12    0.0035699  -0.00799194
  13    0.0000036  -0.00010985
  14    0.0035319  -0.00712059
  15    0.0036708  -0.00718118
  16    0.0031598  -0.00715193
  17    0.0000025  -0.00002304
  18    0.0008715  -0.00290169
  19    0.0008650  -0.00232702
  20    0.0009646  -0.00516110
  21    0.0000021  -0.00001764
  22    0.0006307  -0.00191971
  23    0.0003838  -0.00102069
  24    0.0008382  -0.00303259
  25    0.0000008  -0.00004334
  26    0.0004886  -0.00132042
  27    0.0003212  -0.00096708
  28    0.0004468  -0.00131978
  29    0.0000001  -0.00000164
  30    0.0003815  -0.00101942
  31    0.0002770  -0.00081603
  32    0.0001746  -0.00061241
  33    0.0000001  -0.00000095
  34    0.0003441  -0.00092796
  35    0.0001913  -0.00065161
  36    0.0000887  -0.00033951
  37    0.0000000  -0.00000063
  38    0.0002703  -0.00081221
  39    0.0001152  -0.00040762
  40    0.0000816  -0.00031496
  41    0.0000000  -0.00000056
  42    0.0001722  -0.00057262
  43    0.0001089  -0.00035245
  44    0.0000552  -0.00022866
  45    0.0000000  -0.00000053
  46    0.0000786  -0.00029184
  47    0.0000647  -0.00025312
  48    0.0000530  -0.00020844
  49    0.0000000  -0.00000049
  50    0.0000503  -0.00017770
  51    0.0000615  -0.00021808
  52    0.0000452  -0.00018238
  53    0.0000000  -0.00000047
  54    0.0000375  -0.00015114
  55    0.0000555  -0.00019711
  56    0.0000290  -0.00014382
  57    0.0000000  -0.00000046
  58    0.0000327  -0.00013316
  59    0.0000367  -0.00015000
  60    0.0000177  -0.00010532
  61    0.0000000  -0.00000032
  62    0.0000265  -0.00011591
  63    0.0000268  -0.00012362
  64    0.0000162  -0.00008478
  65    0.0000000  -0.00000045
  66    0.0000229  -0.00009251
  67    0.0000231  -0.00011276
  68    0.0000152  -0.00007769
  69    0.0000000  -0.00000030
  70    0.0000204  -0.00008727
  71    0.0000146  -0.00006288
  72    0.0000084  -0.00004339
  73    0.0000000  -0.00000026
  74    0.0000134  -0.00006877
  75    0.0000128  -0.00005282
  76    0.0000083  -0.00004240
  77    0.0000000  -0.00000028
  78    0.0000112  -0.00005381
  79    0.0000109  -0.00004602
  80    0.0000078  -0.00004264
  81    0.0000000  -0.00000027
  82    0.0000104  -0.00004729
  83    0.0000099  -0.00004385
  84    0.0000066  -0.00003729
  85    0.0000000  -0.00000023
  86    0.0000087  -0.00004071
  87    0.0000096  -0.00003883
  88    0.0000060  -0.00003520
  89    0.0000000  -0.00000021
  90    0.0000079  -0.00003492
  91    0.0000087  -0.00003859
  92    0.0000056  -0.00003074
  93    0.0000000  -0.00000023
  94    0.0000074  -0.00003579
  95    0.0000067  -0.00003189
  96    0.0000050  -0.00002814
  97    0.0000000  -0.00000024
  98    0.0000067  -0.00002744
  99    0.0000060  -0.00002650
 100    0.0000042  -0.00002103
 101    0.0000000  -0.00000020
 102    0.0000055  -0.00002573
 103    0.0000048  -0.00002253
 104    0.0000038  -0.00001440
 105    0.0000000  -0.00000022
 106    0.0000048  -0.00001365
 107    0.0000037  -0.00000783
 108    0.0000036  -0.00001381
 109    0.0000000  -0.00000019
 110    0.0000038  -0.00000840
 111    0.0000033  -0.00000689
 112    0.0000035  -0.00001178
 113    0.0000000  -0.00000018
 114    0.0000034  -0.00000570
 115    0.0000033  -0.00000705
 116    0.0000031  -0.00001037
 117    0.0000000  -0.00000014
 118    0.0000031  -0.00000551
 119    0.0000030  -0.00000264
 120    0.0000027  -0.00000693
 121    0.0000000  -0.00000018
 122    0.0000027  -0.00000245
 123    0.0000025  -0.00000352
 124    0.0000022  -0.00000482
 125    0.0000000  -0.00000013
 126    0.0000024  -0.00000241
 127    0.0000023  -0.00000251
 128    0.0000020  -0.00000405
 129    0.0000000  -0.00000013
 130    0.0000023  -0.00000367
 131    0.0000023  -0.00000390
 132    0.0000020  -0.00000422
 133    0.0000000  -0.00000011
 134    0.0000019  -0.00000205
 135    0.0000021  -0.00000338
 136    0.0000017  -0.00000201
 137    0.0000000  -0.00000009
 138    0.0000017  -0.00000283
 139    0.0000019  -0.00000207
 140    0.0000016  -0.00000107
 141    0.0000000  -0.00000009
 142    0.0000016  -0.00000168
 143    0.0000019  -0.00000155
 144    0.0000013  -0.00000133
 145    0.0000000  -0.00000011
 
----------------
 Final Energies 
----------------
Final NOF Total Energy =     -56.1546425
 
Total Orbital Internal Iterations = 110
Total Occupation Internal Iterations = 11
 
Elapsed time:   78.01 Seconds

---------------------------------
   Lowdin Population Analysis    
---------------------------------
 Idx  Atom   Population   Charge 
---------------------------------
  1     N     5.811       1.189
  2     H     1.062      -0.062
  3     H     1.063      -0.063
  4     H     1.064      -0.064

---------------------------------
   M Diagnostic: 0.02
---------------------------------

