W4-11_135_cloo
/software/eb2024/easybuild/software/common/software/Julia/1.11.3-linux-x86_64/bin/julia
Job runing on nh029
Choosing scratch ...
Automatic scratch folder selection
/scratch/pobleyef/168509
/scratch/pobleyef/168509 directory
cp W4-11_135_cloo.jl W4-11_135_cloo.jld2 to  /scratch/pobleyef/168509/.
Computing Integrals
Elapsed time:    6.71 Seconds

Number of basis functions                   (NBF)    = 184
Number of auxiliary basis functions         (NBFAUX) = 282
Inactive Doubly occupied orbitals up to     (NO1)    = 0
No. considered Strongly Doubly occupied MOs (NDOC)   = 16
No. considered Strongly Singly occupied MOs (NSOC)   = 1
NO. of Weakly occ. per St. Doubly occ.  MOs (NCWO)   = 10
Dimension of the Nat. Orb. subspace         (NBF5)   = 177
No. of electrons                                     = 33
    No. of alpha electrons                           = 17
    No. of beta electrons                            = 16
Multiplicity                                         = 2

Geometry
========
Cl      -0.5609740      -0.9946370       0.0000000
 O       0.0000000       0.9587120       0.0000000
 O       1.1920690       1.1548920       0.0000000

No violations of the orthonormality
No violations of the orthonormality
 
PNOF9/ADABelief Calculation
==================
 
  Nitext  Nit_orb  Time   Nit_occ  Time         Eelec          Etot           Ediff      maxdiff    MaxGrad_orb  Grad_occ
     1      10    3.0e+01   96    3.8e+01  -698.48032841  -609.08876008 -10697.48032841   0.005533   1.6e-02   1.6e-04 0.04
     2      20    3.3e+00   62    2.6e+00  -699.30779940  -609.91623108    -0.82747099   0.687453   2.7e+00   2.3e-04 0.04
     3      20    3.3e+00   36    1.6e+00  -699.44800990  -610.05644157    -0.14021050   0.034641   1.4e-01   2.8e-04 0.04
     4      20    3.4e+00   43    1.8e+00  -699.46924291  -610.07767458    -0.02123301   0.076174   3.0e-01   2.5e-04 0.04
     5      20    3.4e+00   48    2.0e+00  -699.49642892  -610.10486059    -0.02718601   0.087971   3.5e-01   2.4e-04 0.04
     6      20    3.2e+00   30    1.3e+00  -699.51631088  -610.12474256    -0.01988197   0.092973   3.7e-01   2.4e-04 0.04
     7      20    3.4e+00   17    7.3e-01  -699.53900191  -610.14743359    -0.02269103   0.071503   2.9e-01   3.4e-04 0.04
     8      20    3.3e+00   36    1.5e+00  -699.54829189  -610.15672357    -0.00928998   0.074223   3.0e-01   2.6e-04 0.04
     9      20    3.5e+00   23    9.7e-01  -699.55566663  -610.16409830    -0.00737473   0.058784   2.4e-01   2.9e-04 0.04
    10      20    3.3e+00   29    1.2e+00  -699.55849503  -610.16692670    -0.00282840   0.099198   4.0e-01   2.6e-04 0.04
    11      20    3.2e+00   14    6.1e-01  -699.56270544  -610.17113712    -0.00421041   0.076702   3.1e-01   2.9e-04 0.04
    12      20    3.4e+00   27    1.1e+00  -699.56314625  -610.17157793    -0.00044081   0.100665   4.0e-01   2.4e-04 0.04
    13      20    3.4e+00    0    8.1e-02  -699.56351458  -610.17194625    -0.00036833   0.100665   4.0e-01   2.4e-04 0.04
    14      40    6.5e+00   12    5.5e-01  -699.58372783  -610.19215950    -0.02021325   0.008607   3.4e-02   2.9e-04 0.04
    15      40    6.6e+00   14    6.0e-01  -699.58444006  -610.19287173    -0.00071223   0.009283   3.7e-02   2.9e-04 0.04
    16      40    6.5e+00   24    1.0e+00  -699.58509352  -610.19352519    -0.00065346   0.014961   6.0e-02   2.2e-04 0.04
    17      40    6.6e+00    6    3.4e-01  -699.58574451  -610.19417619    -0.00065100   0.011873   4.7e-02   2.8e-04 0.04
    18      40    6.8e+00    6    3.5e-01  -699.58611384  -610.19454552    -0.00036933   0.013311   5.3e-02   3.4e-04 0.04
    19      40    6.6e+00   13    7.2e-01  -699.58653422  -610.19496590    -0.00042038   0.013053   5.2e-02   2.8e-04 0.04
    20      40    6.6e+00    6    3.6e-01  -699.58719026  -610.19562194    -0.00065604   0.010175   4.1e-02   2.4e-04 0.04
    21      40    6.6e+00   21    9.9e-01  -699.58762056  -610.19605224    -0.00043030   0.010541   4.2e-02   2.3e-04 0.04
    22      40    6.5e+00    5    2.9e-01  -699.58799554  -610.19642721    -0.00037497   0.011874   4.7e-02   2.2e-04 0.04
    23      40    6.9e+00    6    3.7e-01  -699.58820926  -610.19664094    -0.00021372   0.009208   3.7e-02   2.3e-04 0.04
    24      40    6.6e+00    8    4.1e-01  -699.58827048  -610.19670215    -0.00006122   0.008344   3.3e-02   2.2e-04 0.04
    25      40    6.5e+00    1    1.9e-01  -699.58847348  -610.19690516    -0.00020301   0.007241   2.9e-02   2.6e-04 0.04
    26      40    6.6e+00    6    3.5e-01  -699.58850378  -610.19693546    -0.00003030   0.007384   3.0e-02   2.8e-04 0.04
    27      40    6.9e+00   10    5.5e-01  -699.58861167  -610.19704335    -0.00010789   0.007047   2.8e-02   2.8e-04 0.04
    28      40    6.7e+00    3    2.5e-01  -699.58874948  -610.19718115    -0.00013780   0.007523   3.0e-02   2.7e-04 0.04
    29      40    6.8e+00   11    5.2e-01  -699.58878440  -610.19721607    -0.00003492   0.006995   2.8e-02   2.4e-04 0.04
    30      40    6.8e+00    6    3.4e-01  -699.58888151  -610.19731319    -0.00009712   0.007126   2.9e-02   2.1e-04 0.04
    31      40    6.9e+00   11    5.5e-01  -699.58889635  -610.19732802    -0.00001483   0.007719   3.1e-02   1.9e-04 0.04
    32      40    6.6e+00    3    2.1e-01  -699.58904010  -610.19747178    -0.00014376   0.007983   3.2e-02   2.5e-04 0.04
    33      40    6.8e+00    1    1.8e-01  -699.58910488  -610.19753655    -0.00006477   0.007680   3.1e-02   2.7e-04 0.04
    34      40    6.5e+00    0    1.1e-01  -699.58910595  -610.19753763    -0.00000108   0.007680   3.1e-02   2.7e-04 0.04
    35      60    9.9e+00    9    4.5e-01  -699.58963136  -610.19806304    -0.00052541   0.000611   2.4e-03   3.3e-04 0.04
 
RESULTS OF THE OCCUPATION OPTIMIZATION
========================================
   1    1.9999988  -104.93764051
   2    1.9999616  -20.78424649
   3    1.9999645  -20.78251002
   4    1.9995996  -10.62160505
   5    1.9993244  -8.09461563
   6    1.9994631  -8.09182022
   7    1.9993042  -8.08953978
   8    1.9856487  -1.64732357
   9    1.9832896  -1.17216606
  10    1.9826656  -1.09867749
  11    1.9664293  -0.87812781
  12    1.9733681  -0.78001173
  13    1.9783124  -0.76971644
  14    1.9569619  -0.51808821
  15    1.9725469  -0.51024700
  16    1.9685350  -0.50711747
  17    1.0000000  -0.32302792
  18    0.0104470  -0.01780596
  19    0.0083663  -0.01660673
  20    0.0425965  -0.07482111
  21    0.0064451  -0.01427564
  22    0.0091315  -0.01638209
  23    0.0319368  -0.05890731
  24    0.0077656  -0.02715163
  25    0.0061114  -0.01955445
  26    0.0057555  -0.02211742
  27    0.0005730  -0.01265478
  28    0.0004432  -0.01018964
  29    0.0004877  -0.01079940
  30    0.0003296  -0.00846675
  31    0.0000098  -0.00014816
  32    0.0000142  -0.00030373
  33    0.0000008  -0.00003216
  34    0.0102902  -0.01755279
  35    0.0081353  -0.01620109
  36    0.0001697  -0.00059998
  37    0.0055274  -0.01589374
  38    0.0048999  -0.00943328
  39    0.0009001  -0.00309918
  40    0.0028440  -0.00967085
  41    0.0046100  -0.01604466
  42    0.0022567  -0.00839375
  43    0.0000482  -0.00112678
  44    0.0000155  -0.00093971
  45    0.0000766  -0.00334936
  46    0.0000268  -0.00071099
  47    0.0000042  -0.00007674
  48    0.0000039  -0.00006441
  49    0.0000001  -0.00002232
  50    0.0090944  -0.01563997
  51    0.0071320  -0.01885044
  52    0.0000605  -0.00020160
  53    0.0040790  -0.00935544
  54    0.0044788  -0.00861573
  55    0.0001995  -0.00071889
  56    0.0020822  -0.00860207
  57    0.0021041  -0.00941071
  58    0.0020942  -0.00814774
  59    0.0000135  -0.00013664
  60    0.0000140  -0.00020731
  61    0.0000480  -0.00075402
  62    0.0000078  -0.00014956
  63    0.0000039  -0.00006755
  64    0.0000036  -0.00006086
  65    0.0000001  -0.00001920
  66    0.0005265  -0.00126868
  67    0.0019954  -0.00765870
  68    0.0000375  -0.00013965
  69    0.0037587  -0.00869210
  70    0.0042181  -0.00815341
  71    0.0001428  -0.00056292
  72    0.0018794  -0.00801102
  73    0.0019410  -0.00896654
  74    0.0019425  -0.00753649
  75    0.0000110  -0.00011740
  76    0.0000125  -0.00012977
  77    0.0000181  -0.00020210
  78    0.0000070  -0.00008553
  79    0.0000034  -0.00005943
  80    0.0000033  -0.00006700
  81    0.0000001  -0.00000289
  82    0.0004843  -0.00121592
  83    0.0006509  -0.00163132
  84    0.0000352  -0.00013795
  85    0.0006316  -0.00208752
  86    0.0019647  -0.00523627
  87    0.0001146  -0.00049808
  88    0.0013771  -0.00618833
  89    0.0005318  -0.00165235
  90    0.0010107  -0.00384820
  91    0.0000107  -0.00011763
  92    0.0000115  -0.00013140
  93    0.0000096  -0.00011155
  94    0.0000058  -0.00007961
  95    0.0000031  -0.00007703
  96    0.0000029  -0.00008502
  97    0.0000000  -0.00000207
  98    0.0002246  -0.00087714
  99    0.0006461  -0.00162366
 100    0.0000327  -0.00013574
 101    0.0003628  -0.00124154
 102    0.0006352  -0.00181911
 103    0.0000956  -0.00046143
 104    0.0005064  -0.00312740
 105    0.0005117  -0.00329994
 106    0.0005154  -0.00482240
 107    0.0000098  -0.00011593
 108    0.0000097  -0.00010505
 109    0.0000085  -0.00009785
 110    0.0000051  -0.00007129
 111    0.0000031  -0.00013425
 112    0.0000028  -0.00007180
 113    0.0000000  -0.00000204
 114    0.0001500  -0.00061237
 115    0.0002155  -0.00086552
 116    0.0000308  -0.00012878
 117    0.0003462  -0.00116361
 118    0.0004539  -0.00144448
 119    0.0000914  -0.00044296
 120    0.0003670  -0.00161288
 121    0.0003781  -0.00154425
 122    0.0002615  -0.00104270
 123    0.0000094  -0.00010575
 124    0.0000083  -0.00010762
 125    0.0000073  -0.00008773
 126    0.0000050  -0.00007148
 127    0.0000030  -0.00009252
 128    0.0000025  -0.00018740
 129    0.0000000  -0.00000185
 130    0.0001496  -0.00060797
 131    0.0001437  -0.00063174
 132    0.0000285  -0.00012082
 133    0.0002690  -0.00090491
 134    0.0003691  -0.00114636
 135    0.0000355  -0.00019262
 136    0.0002170  -0.00096947
 137    0.0002470  -0.00101751
 138    0.0002270  -0.00097361
 139    0.0000075  -0.00008961
 140    0.0000076  -0.00008786
 141    0.0000071  -0.00008620
 142    0.0000047  -0.00006795
 143    0.0000023  -0.00009921
 144    0.0000019  -0.00005619
 145    0.0000000  -0.00000154
 146    0.0000588  -0.00020102
 147    0.0001152  -0.00054142
 148    0.0000245  -0.00010104
 149    0.0002141  -0.00078384
 150    0.0002812  -0.00087257
 151    0.0000280  -0.00014339
 152    0.0001680  -0.00084635
 153    0.0001446  -0.00101701
 154    0.0002038  -0.00092403
 155    0.0000067  -0.00008062
 156    0.0000073  -0.00008705
 157    0.0000068  -0.00008267
 158    0.0000046  -0.00006142
 159    0.0000017  -0.00003430
 160    0.0000017  -0.00003254
 161    0.0000000  -0.00000121
 162    0.0000396  -0.00012939
 163    0.0000526  -0.00022742
 164    0.0000221  -0.00009338
 165    0.0000537  -0.00023742
 166    0.0001997  -0.00071883
 167    0.0000263  -0.00012662
 168    0.0001277  -0.00071438
 169    0.0001306  -0.00069885
 170    0.0000841  -0.00053344
 171    0.0000058  -0.00007376
 172    0.0000072  -0.00008297
 173    0.0000059  -0.00007589
 174    0.0000038  -0.00031194
 175    0.0000011  -0.00002832
 176    0.0000015  -0.00002947
 177    0.0000000  -0.00000111
 
----------------
 Final Energies 
----------------
Final NOF Total Energy =    -610.1980630
 
Total Orbital Internal Iterations = 1150
Total Occupation Internal Iterations = 643
 
Elapsed time:  312.84 Seconds

---------------------------------
   Lowdin Population Analysis    
---------------------------------
 Idx  Atom   Population   Charge 
---------------------------------
  1    Cl    17.005      -0.005
  2     O     8.034      -0.034
  3     O     7.961       0.039

---------------------------------
   M Diagnostic: 0.04
---------------------------------

Recovering execution output...
Moving from /scratch/pobleyef/168509 to /home-nas/pobleyef/Poison-Set/ncwomax/P30-5/GNOFm/arina.168509
mkdir -p /home-nas/pobleyef/Poison-Set/ncwomax/P30-5/GNOFm/arina.168509
mv /scratch/pobleyef/168509/* /home-nas/pobleyef/Poison-Set/ncwomax/P30-5/GNOFm/arina.168509
