Computing Integrals
Basis Set                                            = def2-qzvp
Auxiliary Basis Set                                  = def2-universal-jkfit
Gaussian Type                                        = Spherical
Elapsed time:    1.68 Seconds

Number of basis functions                   (NBF)    = 87
Number of auxiliary basis functions         (NBFAUX) = 95
Inactive Doubly occupied orbitals up to     (NO1)    = 0
No. considered Strongly Doubly occupied MOs (NDOC)   = 5
No. considered Strongly Singly occupied MOs (NSOC)   = 0
NO. of Weakly occ. per St. Doubly occ.  MOs (NCWO)   = 16
Dimension of the Nat. Orb. subspace         (NBF5)   = 85
No. of electrons                                     = 10
    No. of alpha electrons                           = 5
    No. of beta electrons                            = 5
Multiplicity                                         = 1

Geometry
========
 O       0.0000000       0.0000000      -0.4822198
 H       0.0000000       0.0000000       0.4822198

No violations of the orthonormality
No violations of the orthonormality
 
PNOF8/ADABelief Calculation
==================
 
  Nitext  Nit_orb  Time   Nit_occ  Time         Eelec          Etot           Ediff      maxdiff    MaxGrad_orb  Grad_occ
     1      10    9.1e+00    0    1.2e+01   -80.10786189   -75.71836045 -10079.10786189   0.000969   3.9e-03   2.3e-04 0.03
 
RESULTS OF THE OCCUPATION OPTIMIZATION
========================================
   1    1.9999790  -20.19236652
   2    1.9844881  -0.88828010
   3    1.9685631  -0.32131091
   4    1.9753240  -0.14202527
   5    1.9749864  -0.14181965
   6    0.0162476  -0.01954083
   7    0.0162541  -0.01960957
   8    0.0226692  -0.02846270
   9    0.0090332  -0.02036984
  10    0.0000173  -0.00062218
  11    0.0046371  -0.00767230
  12    0.0048756  -0.00758452
  13    0.0043578  -0.00724396
  14    0.0036556  -0.00775880
  15    0.0000018  -0.00002578
  16    0.0016120  -0.00389548
  17    0.0011845  -0.00313995
  18    0.0038037  -0.00677074
  19    0.0007682  -0.00405835
  20    0.0000012  -0.00002316
  21    0.0011593  -0.00307879
  22    0.0008809  -0.00320932
  23    0.0003356  -0.00088342
  24    0.0005607  -0.00155665
  25    0.0000002  -0.00003166
  26    0.0003542  -0.00091699
  27    0.0003568  -0.00096109
  28    0.0000846  -0.00021569
  29    0.0004577  -0.00138971
  30    0.0000001  -0.00000260
  31    0.0003302  -0.00083548
  32    0.0003506  -0.00094471
  33    0.0000396  -0.00014362
  34    0.0003593  -0.00113243
  35    0.0000001  -0.00000211
  36    0.0003152  -0.00085590
  37    0.0003270  -0.00086010
  38    0.0000396  -0.00014302
  39    0.0003099  -0.00096094
  40    0.0000001  -0.00000182
  41    0.0001289  -0.00044179
  42    0.0002362  -0.00073094
  43    0.0000349  -0.00014414
  44    0.0001424  -0.00149076
  45    0.0000000  -0.00000101
  46    0.0001033  -0.00031184
  47    0.0001034  -0.00031123
  48    0.0000215  -0.00012859
  49    0.0000816  -0.00027049
  50    0.0000000  -0.00000104
  51    0.0000282  -0.00015115
  52    0.0000200  -0.00009467
  53    0.0000199  -0.00012399
  54    0.0000343  -0.00019769
  55    0.0000000  -0.00000089
  56    0.0000199  -0.00009865
  57    0.0000193  -0.00011075
  58    0.0000096  -0.00004848
  59    0.0000229  -0.00011794
  60    0.0000000  -0.00000083
  61    0.0000187  -0.00008625
  62    0.0000184  -0.00009229
  63    0.0000083  -0.00001948
  64    0.0000211  -0.00011674
  65    0.0000000  -0.00000088
  66    0.0000182  -0.00009365
  67    0.0000152  -0.00008338
  68    0.0000039  -0.00001900
  69    0.0000207  -0.00011376
  70    0.0000000  -0.00000070
  71    0.0000173  -0.00009163
  72    0.0000140  -0.00007585
  73    0.0000034  -0.00001644
  74    0.0000201  -0.00011102
  75    0.0000000  -0.00000070
  76    0.0000132  -0.00006730
  77    0.0000117  -0.00006116
  78    0.0000028  -0.00000869
  79    0.0000168  -0.00010380
  80    0.0000000  -0.00000068
  81    0.0000102  -0.00004896
  82    0.0000084  -0.00004739
  83    0.0000026  -0.00000818
  84    0.0000076  -0.00005476
  85    0.0000000  -0.00000067
 
----------------
 Final Energies 
----------------
Final NOF Total Energy =     -75.7183605
 
Total Orbital Internal Iterations = 10
Total Occupation Internal Iterations = 0
 
Elapsed time:   27.01 Seconds

---------------------------------
   Lowdin Population Analysis    
---------------------------------
 Idx  Atom   Population   Charge 
---------------------------------
  1     O     8.380      -0.380
  2     H     1.620      -0.620

---------------------------------
   M Diagnostic: 0.03
---------------------------------

