Computing Integrals
Basis Set                                            = def2-qzvp
Auxiliary Basis Set                                  = def2-universal-jkfit
Gaussian Type                                        = Spherical
Elapsed time:    3.03 Seconds

Number of basis functions                   (NBF)    = 184
Number of auxiliary basis functions         (NBFAUX) = 282
Inactive Doubly occupied orbitals up to     (NO1)    = 0
No. considered Strongly Doubly occupied MOs (NDOC)   = 17
No. considered Strongly Singly occupied MOs (NSOC)   = 0
NO. of Weakly occ. per St. Doubly occ.  MOs (NCWO)   = 9
Dimension of the Nat. Orb. subspace         (NBF5)   = 170
No. of electrons                                     = 34
    No. of alpha electrons                           = 17
    No. of beta electrons                            = 17
Multiplicity                                         = 1

Geometry
========
 S       0.0000000       0.0000000       0.5566340
 F       0.0000000       1.2128210      -0.4947860
 F       0.0000000      -1.2128210      -0.4947860

No violations of the orthonormality
No violations of the orthonormality
 
PNOF8/ADABelief Calculation
==================
 
  Nitext  Nit_orb  Time   Nit_occ  Time         Eelec          Etot           Ediff      maxdiff    MaxGrad_orb  Grad_occ
     1      10    2.2e+01    0    2.6e+01  -710.20815031  -597.58954352 -10709.20815031   0.000618   2.5e-03   2.4e-04 0.03
 
RESULTS OF THE OCCUPATION OPTIMIZATION
========================================
   1    1.9999979  -92.16134511
   2    1.9999724  -26.38905435
   3    1.9999737  -26.38902857
   4    1.9996375  -9.09335835
   5    1.9992468  -6.81498800
   6    1.9993292  -6.80130734
   7    1.9992247  -6.79335862
   8    1.9862008  -1.67337862
   9    1.9858966  -1.64817584
  10    1.9827231  -1.01069797
  11    1.9790343  -0.77364227
  12    1.9781961  -0.77092658
  13    1.9779615  -0.76449541
  14    1.9783705  -0.75845043
  15    1.9671112  -0.74573332
  16    1.9671781  -0.74328321
  17    1.9749654  -0.42721058
  18    0.0096226  -0.01697257
  19    0.0297714  -0.05802318
  20    0.0297797  -0.05803041
  21    0.0110732  -0.02189988
  22    0.0120731  -0.02338104
  23    0.0109441  -0.02262690
  24    0.0103424  -0.02105704
  25    0.0053192  -0.02110725
  26    0.0070059  -0.02479248
  27    0.0067657  -0.02534043
  28    0.0006812  -0.01110342
  29    0.0004635  -0.00775012
  30    0.0005668  -0.01059619
  31    0.0002866  -0.00551397
  32    0.0000048  -0.00009739
  33    0.0000049  -0.00010646
  34    0.0000012  -0.00005038
  35    0.0080507  -0.01883688
  36    0.0023879  -0.00726268
  37    0.0024996  -0.00737114
  38    0.0047390  -0.01306060
  39    0.0043394  -0.01186405
  40    0.0039712  -0.01109765
  41    0.0048071  -0.01363326
  42    0.0038276  -0.01364285
  43    0.0029432  -0.01030525
  44    0.0030242  -0.01088258
  45    0.0000178  -0.00029577
  46    0.0000777  -0.00293443
  47    0.0000720  -0.00069436
  48    0.0000191  -0.00034396
  49    0.0000039  -0.00010313
  50    0.0000038  -0.00012995
  51    0.0000002  -0.00004062
  52    0.0053645  -0.01256971
  53    0.0001968  -0.00081530
  54    0.0001980  -0.00084600
  55    0.0039837  -0.01000367
  56    0.0038582  -0.00983331
  57    0.0036249  -0.01062269
  58    0.0037766  -0.01051291
  59    0.0029680  -0.01122509
  60    0.0027757  -0.01069422
  61    0.0012403  -0.00639019
  62    0.0000149  -0.00075021
  63    0.0000586  -0.00145873
  64    0.0000482  -0.00128155
  65    0.0000110  -0.00027309
  66    0.0000038  -0.00010063
  67    0.0000036  -0.00019520
  68    0.0000002  -0.00003761
  69    0.0005518  -0.00137820
  70    0.0001778  -0.00075022
  71    0.0001751  -0.00073760
  72    0.0006432  -0.00247362
  73    0.0006264  -0.00243965
  74    0.0019449  -0.00755699
  75    0.0006585  -0.00259634
  76    0.0018416  -0.00853027
  77    0.0005095  -0.00498539
  78    0.0009791  -0.00443398
  79    0.0000116  -0.00016383
  80    0.0000138  -0.00016960
  81    0.0000122  -0.00016600
  82    0.0000081  -0.00011184
  83    0.0000037  -0.00016111
  84    0.0000030  -0.00017655
  85    0.0000001  -0.00000674
  86    0.0005156  -0.00140821
  87    0.0001282  -0.00052753
  88    0.0000984  -0.00040914
  89    0.0005324  -0.00171347
  90    0.0004676  -0.00162864
  91    0.0005894  -0.00225215
  92    0.0005139  -0.00157772
  93    0.0014696  -0.00644428
  94    0.0002632  -0.00119587
  95    0.0006762  -0.00435255
  96    0.0000106  -0.00014946
  97    0.0000129  -0.00015939
  98    0.0000122  -0.00015652
  99    0.0000080  -0.00011246
 100    0.0000033  -0.00025819
 101    0.0000029  -0.00007601
 102    0.0000001  -0.00000613
 103    0.0003495  -0.00108843
 104    0.0000863  -0.00035002
 105    0.0000704  -0.00023877
 106    0.0002779  -0.00108743
 107    0.0002724  -0.00104572
 108    0.0002574  -0.00104156
 109    0.0002913  -0.00117791
 110    0.0011651  -0.00633314
 111    0.0002607  -0.00118373
 112    0.0004421  -0.00384732
 113    0.0000103  -0.00013698
 114    0.0000123  -0.00015589
 115    0.0000113  -0.00014360
 116    0.0000076  -0.00010721
 117    0.0000021  -0.00004999
 118    0.0000028  -0.00006429
 119    0.0000001  -0.00000531
 120    0.0002838  -0.00100596
 121    0.0000415  -0.00014859
 122    0.0000343  -0.00015140
 123    0.0002729  -0.00107100
 124    0.0002574  -0.00100233
 125    0.0002423  -0.00100007
 126    0.0002777  -0.00108133
 127    0.0004433  -0.00201037
 128    0.0002458  -0.00115922
 129    0.0002391  -0.00111687
 130    0.0000100  -0.00013003
 131    0.0000111  -0.00014076
 132    0.0000103  -0.00012834
 133    0.0000075  -0.00010562
 134    0.0000019  -0.00004355
 135    0.0000026  -0.00006028
 136    0.0000001  -0.00000480
 137    0.0001629  -0.00066419
 138    0.0000191  -0.00009934
 139    0.0000194  -0.00010643
 140    0.0000550  -0.00025323
 141    0.0000990  -0.00046366
 142    0.0001897  -0.00085935
 143    0.0002561  -0.00103948
 144    0.0001980  -0.00095262
 145    0.0000548  -0.00034417
 146    0.0002313  -0.00108195
 147    0.0000095  -0.00011946
 148    0.0000106  -0.00012782
 149    0.0000102  -0.00012331
 150    0.0000074  -0.00010425
 151    0.0000016  -0.00004476
 152    0.0000022  -0.00007597
 153    0.0000001  -0.00000425
 154    0.0001333  -0.00058065
 155    0.0000130  -0.00010340
 156    0.0000139  -0.00010463
 157    0.0000523  -0.00022400
 158    0.0000450  -0.00021365
 159    0.0000401  -0.00019979
 160    0.0000423  -0.00019648
 161    0.0000444  -0.00020830
 162    0.0000445  -0.00025292
 163    0.0002013  -0.00099168
 164    0.0000092  -0.00011250
 165    0.0000104  -0.00012370
 166    0.0000099  -0.00012356
 167    0.0000073  -0.00010467
 168    0.0000011  -0.00002142
 169    0.0000018  -0.00004828
 170    0.0000001  -0.00000395
 
----------------
 Final Energies 
----------------
Final NOF Total Energy =    -597.5895435
 
Total Orbital Internal Iterations = 10
Total Occupation Internal Iterations = 0
 
Elapsed time:   62.43 Seconds

---------------------------------
   Lowdin Population Analysis    
---------------------------------
 Idx  Atom   Population   Charge 
---------------------------------
  1     S    16.008      -0.008
  2     F     8.996       0.004
  3     F     8.995       0.005

---------------------------------
   M Diagnostic: 0.03
---------------------------------

