Computing Integrals
Basis Set                                            = def2-qzvp
Auxiliary Basis Set                                  = def2-universal-jkfit
Gaussian Type                                        = Spherical
Elapsed time:    7.76 Seconds

Number of basis functions                   (NBF)    = 475
Number of auxiliary basis functions         (NBFAUX) = 579
Inactive Doubly occupied orbitals up to     (NO1)    = 0
No. considered Strongly Doubly occupied MOs (NDOC)   = 27
No. considered Strongly Singly occupied MOs (NSOC)   = 0
NO. of Weakly occ. per St. Doubly occ.  MOs (NCWO)   = 16
Dimension of the Nat. Orb. subspace         (NBF5)   = 459
No. of electrons                                     = 54
    No. of alpha electrons                           = 27
    No. of beta electrons                            = 27
Multiplicity                                         = 1

Geometry
========
 C      -0.1499300      -1.0366670       0.0000000
 S       0.5689550       0.4243550       0.0000000
 F      -0.1499300       1.3095180       1.1445480
 F      -0.1499300       1.3095180      -1.1445480
 B      -1.6788000      -1.2010680       0.0000000
 H      -2.1250400      -2.3021090       0.0000000
 H      -2.3960060      -0.2526020       0.0000000
 B       0.9394340      -2.1060630       0.0000000
 H       0.6194520      -3.2503040       0.0000000
 H       2.0934610      -1.8003310       0.0000000

Orthonormality violations 76485, Maximum Violation 0.000086
Trying to orthonormalize
No violations of the orthonormality
No violations of the orthonormality
 
PNOF8/ADABelief Calculation
==================
 
  Nitext  Nit_orb  Time   Nit_occ  Time         Eelec          Etot           Ediff      maxdiff    MaxGrad_orb  Grad_occ
     1      10    4.1e+01   23    3.9e+01  -977.56180910  -687.65093762 -10976.56180910   0.001262   5.0e-03   2.4e-04 0.03
     2      20    4.0e+01    0    1.8e+00  -977.56261077  -687.65173929    -0.00080167   0.001262   5.0e-03   2.4e-04 0.03
     3      40    7.6e+01   10    6.9e+00  -977.57064515  -687.65977368    -0.00803438   0.010055   4.0e-02   2.6e-04 0.03
     4      40    7.6e+01   14    9.0e+00  -977.57313723  -687.66226575    -0.00249208   0.007785   3.1e-02   2.8e-04 0.03
     5      40    7.6e+01    5    4.4e+00  -977.57434487  -687.66347339    -0.00120764   0.007795   3.1e-02   2.7e-04 0.03
     6      40    7.6e+01   16    1.0e+01  -977.57484721  -687.66397573    -0.00050234   0.008527   3.4e-02   2.4e-04 0.03
     7      40    7.6e+01    5    4.3e+00  -977.57517688  -687.66430541    -0.00032968   0.007715   3.1e-02   2.2e-04 0.03
     8      40    7.6e+01    7    5.3e+00  -977.57527759  -687.66440611    -0.00010071   0.008940   3.6e-02   2.6e-04 0.03
     9      40    7.6e+01    5    4.3e+00  -977.57548197  -687.66461050    -0.00020438   0.008674   3.5e-02   2.4e-04 0.03
    10      40    7.6e+01   13    8.5e+00  -977.57570101  -687.66482954    -0.00021904   0.009118   3.6e-02   2.1e-04 0.03
    11      40    7.6e+01    5    4.3e+00  -977.57588135  -687.66500987    -0.00018034   0.008621   3.4e-02   1.6e-04 0.03
    12      40    7.6e+01    5    4.3e+00  -977.57603660  -687.66516512    -0.00015525   0.008696   3.5e-02   2.2e-04 0.03
    13      40    7.6e+01    5    4.3e+00  -977.57615752  -687.66528604    -0.00012092   0.007587   3.0e-02   2.1e-04 0.03
    14      40    7.6e+01    7    5.3e+00  -977.57627645  -687.66540497    -0.00011893   0.008484   3.4e-02   2.9e-04 0.03
    15      40    7.6e+01    5    4.3e+00  -977.57632021  -687.66544874    -0.00004376   0.008204   3.3e-02   2.4e-04 0.03
    16      40    7.7e+01   16    9.9e+00  -977.57647704  -687.66560556    -0.00015682   0.008027   3.2e-02   2.2e-04 0.03
    17      40    7.6e+01    0    1.8e+00  -977.57652322  -687.66565174    -0.00004618   0.008027   3.2e-02   2.2e-04 0.03
    18      60    1.1e+02    4    3.8e+00  -977.57784110  -687.66696962    -0.00131787   0.000713   2.9e-03   1.8e-04 0.03
 
RESULTS OF THE OCCUPATION OPTIMIZATION
========================================
   1    1.9999993  -92.23349081
   2    1.9999936  -26.39381851
   3    1.9999939  -26.39381663
   4    1.9999694  -11.23728378
   5    1.9998645  -8.29310341
   6    1.9998832  -8.24297115
   7    1.9998734  -7.85994835
   8    1.9994378  -6.87898186
   9    1.9994590  -6.86739860
  10    1.9993841  -6.86548569
  11    1.9867701  -1.68042014
  12    1.9865672  -1.65437186
  13    1.9840022  -1.11644640
  14    1.9794133  -0.86923473
  15    1.9789601  -0.78490975
  16    1.9786481  -0.78342367
  17    1.9787069  -0.75860365
  18    1.9778436  -0.73017765
  19    1.9781778  -0.71363876
  20    1.9667824  -0.69034291
  21    1.9782721  -0.67855954
  22    1.9667291  -0.65196018
  23    1.9777603  -0.64872482
  24    1.9723234  -0.60148165
  25    1.9738863  -0.55042774
  26    1.9712238  -0.53473439
  27    1.9713943  -0.51674287
  28    0.0123708  -0.01411646
  29    0.0117621  -0.01282020
  30    0.0138530  -0.02160827
  31    0.0243542  -0.04037557
  32    0.0096434  -0.01493175
  33    0.0306637  -0.05751407
  34    0.0058691  -0.01353175
  35    0.0303555  -0.05805151
  36    0.0095396  -0.01442763
  37    0.0118326  -0.02267910
  38    0.0110264  -0.02202677
  39    0.0110068  -0.02193406
  40    0.0108307  -0.02176069
  41    0.0112182  -0.02085660
  42    0.0056266  -0.02146582
  43    0.0069491  -0.02434124
  44    0.0069529  -0.02533424
  45    0.0003458  -0.00564304
  46    0.0004244  -0.00701367
  47    0.0005571  -0.00955830
  48    0.0000825  -0.00131474
  49    0.0000819  -0.00126624
  50    0.0000788  -0.00128317
  51    0.0000275  -0.00063592
  52    0.0000036  -0.00015504
  53    0.0000057  -0.00006676
  54    0.0000005  -0.00000867
  55    0.0104075  -0.01396982
  56    0.0103375  -0.01309172
  57    0.0045181  -0.00825214
  58    0.0022080  -0.00561571
  59    0.0034260  -0.00664259
  60    0.0022545  -0.00626751
  61    0.0056817  -0.01297805
  62    0.0024634  -0.00702280
  63    0.0038440  -0.00714548
  64    0.0041146  -0.01118365
  65    0.0043136  -0.01203024
  66    0.0043995  -0.01241993
  67    0.0040587  -0.01148481
  68    0.0027415  -0.00788528
  69    0.0031111  -0.01192468
  70    0.0029785  -0.01100569
  71    0.0028221  -0.01125828
  72    0.0002429  -0.00580253
  73    0.0000530  -0.00185252
  74    0.0000006  -0.00001263
  75    0.0000123  -0.00023828
  76    0.0000097  -0.00013765
  77    0.0000161  -0.00054192
  78    0.0000023  -0.00006600
  79    0.0000016  -0.00002706
  80    0.0000005  -0.00005374
  81    0.0000001  -0.00000084
  82    0.0034135  -0.00554820
  83    0.0038654  -0.00577448
  84    0.0028287  -0.00501587
  85    0.0005896  -0.00144898
  86    0.0022664  -0.00433351
  87    0.0001333  -0.00043892
  88    0.0046315  -0.01186058
  89    0.0001843  -0.00067178
  90    0.0021136  -0.00344903
  91    0.0038326  -0.00984180
  92    0.0039278  -0.01017782
  93    0.0035348  -0.00983795
  94    0.0037796  -0.01009956
  95    0.0024332  -0.00627007
  96    0.0026521  -0.01200002
  97    0.0010621  -0.00704620
  98    0.0011559  -0.00534197
  99    0.0000115  -0.00023185
 100    0.0000521  -0.00142478
 101    0.0000005  -0.00000912
 102    0.0000106  -0.00013949
 103    0.0000084  -0.00009968
 104    0.0000123  -0.00033126
 105    0.0000004  -0.00001085
 106    0.0000006  -0.00003787
 107    0.0000001  -0.00000153
 108    0.0000000  -0.00000046
 109    0.0010966  -0.00192540
 110    0.0012221  -0.00211527
 111    0.0015445  -0.00352734
 112    0.0001038  -0.00032780
 113    0.0022220  -0.00486163
 114    0.0001222  -0.00039478
 115    0.0043775  -0.01133943
 116    0.0001216  -0.00041376
 117    0.0018917  -0.00396025
 118    0.0009311  -0.00333494
 119    0.0006591  -0.00247764
 120    0.0010018  -0.00380077
 121    0.0007879  -0.00324418
 122    0.0014434  -0.00463584
 123    0.0016779  -0.00760987
 124    0.0007776  -0.00505793
 125    0.0008393  -0.00514034
 126    0.0000093  -0.00016286
 127    0.0000035  -0.00018734
 128    0.0000004  -0.00002881
 129    0.0000092  -0.00014167
 130    0.0000075  -0.00016809
 131    0.0000090  -0.00008530
 132    0.0000001  -0.00000133
 133    0.0000001  -0.00000190
 134    0.0000001  -0.00000102
 135    0.0000000  -0.00000036
 136    0.0002988  -0.00061878
 137    0.0003000  -0.00061702
 138    0.0012697  -0.00302722
 139    0.0000819  -0.00024106
 140    0.0015276  -0.00353116
 141    0.0000324  -0.00009884
 142    0.0005760  -0.00160160
 143    0.0000261  -0.00008262
 144    0.0013788  -0.00314601
 145    0.0004661  -0.00157189
 146    0.0003682  -0.00127045
 147    0.0006308  -0.00229974
 148    0.0005925  -0.00214377
 149    0.0008496  -0.00298246
 150    0.0015750  -0.00753075
 151    0.0005115  -0.00439413
 152    0.0005251  -0.00461007
 153    0.0000024  -0.00006334
 154    0.0000018  -0.00002790
 155    0.0000003  -0.00000704
 156    0.0000052  -0.00009687
 157    0.0000061  -0.00021752
 158    0.0000070  -0.00006764
 159    0.0000001  -0.00000081
 160    0.0000001  -0.00000177
 161    0.0000000  -0.00000055
 162    0.0000000  -0.00000031
 163    0.0002371  -0.00057611
 164    0.0002725  -0.00057628
 165    0.0007522  -0.00189353
 166    0.0000719  -0.00022234
 167    0.0008036  -0.00204855
 168    0.0000116  -0.00004790
 169    0.0001783  -0.00070736
 170    0.0000103  -0.00004254
 171    0.0008170  -0.00229323
 172    0.0002979  -0.00111858
 173    0.0002694  -0.00102212
 174    0.0002778  -0.00108800
 175    0.0004419  -0.00145204
 176    0.0005585  -0.00156705
 177    0.0005076  -0.00347938
 178    0.0002756  -0.00130448
 179    0.0002653  -0.00124194
 180    0.0000011  -0.00002568
 181    0.0000012  -0.00002232
 182    0.0000003  -0.00000510
 183    0.0000028  -0.00015144
 184    0.0000009  -0.00001690
 185    0.0000026  -0.00008533
 186    0.0000000  -0.00000063
 187    0.0000000  -0.00000013
 188    0.0000000  -0.00000018
 189    0.0000000  -0.00000029
 190    0.0001491  -0.00034914
 191    0.0002478  -0.00059514
 192    0.0005822  -0.00130795
 193    0.0000570  -0.00018457
 194    0.0005897  -0.00143235
 195    0.0000087  -0.00003876
 196    0.0000796  -0.00028291
 197    0.0000078  -0.00003782
 198    0.0005493  -0.00137780
 199    0.0002612  -0.00098711
 200    0.0002474  -0.00093450
 201    0.0002671  -0.00104812
 202    0.0002858  -0.00108606
 203    0.0004050  -0.00130642
 204    0.0002315  -0.00105658
 205    0.0002617  -0.00116183
 206    0.0002608  -0.00118289
 207    0.0000009  -0.00002347
 208    0.0000009  -0.00001974
 209    0.0000003  -0.00000527
 210    0.0000014  -0.00002377
 211    0.0000006  -0.00001049
 212    0.0000023  -0.00003423
 213    0.0000000  -0.00000057
 214    0.0000000  -0.00000011
 215    0.0000000  -0.00000014
 216    0.0000000  -0.00000031
 217    0.0001161  -0.00030065
 218    0.0001953  -0.00047581
 219    0.0001695  -0.00047921
 220    0.0000440  -0.00015272
 221    0.0004940  -0.00122855
 222    0.0000072  -0.00003515
 223    0.0000768  -0.00027380
 224    0.0000072  -0.00003601
 225    0.0004242  -0.00102943
 226    0.0002464  -0.00094303
 227    0.0002425  -0.00096145
 228    0.0000587  -0.00024043
 229    0.0001091  -0.00048081
 230    0.0002961  -0.00108178
 231    0.0002008  -0.00095043
 232    0.0002512  -0.00112475
 233    0.0002421  -0.00118387
 234    0.0000004  -0.00000820
 235    0.0000006  -0.00001030
 236    0.0000003  -0.00000432
 237    0.0000007  -0.00001213
 238    0.0000005  -0.00000845
 239    0.0000015  -0.00002304
 240    0.0000000  -0.00000051
 241    0.0000000  -0.00000007
 242    0.0000000  -0.00000011
 243    0.0000000  -0.00000030
 244    0.0001106  -0.00027600
 245    0.0001321  -0.00029667
 246    0.0001627  -0.00049062
 247    0.0000372  -0.00012574
 248    0.0003838  -0.00104709
 249    0.0000066  -0.00003541
 250    0.0000570  -0.00019588
 251    0.0000065  -0.00003343
 252    0.0003305  -0.00090342
 253    0.0000337  -0.00013550
 254    0.0001101  -0.00051146
 255    0.0000452  -0.00017649
 256    0.0000271  -0.00011837
 257    0.0001928  -0.00070968
 258    0.0001335  -0.00070746
 259    0.0002451  -0.00111915
 260    0.0000469  -0.00027203
 261    0.0000003  -0.00000704
 262    0.0000006  -0.00000957
 263    0.0000003  -0.00000408
 264    0.0000006  -0.00001018
 265    0.0000003  -0.00000399
 266    0.0000013  -0.00001637
 267    0.0000000  -0.00000043
 268    0.0000000  -0.00000004
 269    0.0000000  -0.00000010
 270    0.0000000  -0.00000028
 271    0.0000966  -0.00024364
 272    0.0001134  -0.00026495
 273    0.0000930  -0.00026467
 274    0.0000284  -0.00010114
 275    0.0002861  -0.00095935
 276    0.0000060  -0.00003154
 277    0.0000465  -0.00017028
 278    0.0000058  -0.00002869
 279    0.0002993  -0.00091075
 280    0.0000252  -0.00011014
 281    0.0000251  -0.00011771
 282    0.0000259  -0.00011529
 283    0.0000238  -0.00011391
 284    0.0000966  -0.00037625
 285    0.0000652  -0.00030940
 286    0.0000197  -0.00016235
 287    0.0000187  -0.00015745
 288    0.0000003  -0.00000436
 289    0.0000005  -0.00000897
 290    0.0000003  -0.00000417
 291    0.0000005  -0.00001117
 292    0.0000003  -0.00000327
 293    0.0000011  -0.00001887
 294    0.0000000  -0.00000042
 295    0.0000000  -0.00000004
 296    0.0000000  -0.00000010
 297    0.0000000  -0.00000024
 298    0.0000874  -0.00022840
 299    0.0001089  -0.00026675
 300    0.0000690  -0.00021455
 301    0.0000235  -0.00008079
 302    0.0002143  -0.00069354
 303    0.0000048  -0.00002818
 304    0.0000420  -0.00015629
 305    0.0000055  -0.00003117
 306    0.0002471  -0.00082122
 307    0.0000231  -0.00010117
 308    0.0000226  -0.00012120
 309    0.0000204  -0.00012076
 310    0.0000198  -0.00012770
 311    0.0000893  -0.00029884
 312    0.0000556  -0.00023761
 313    0.0000183  -0.00014338
 314    0.0000186  -0.00015766
 315    0.0000003  -0.00000419
 316    0.0000004  -0.00000761
 317    0.0000003  -0.00000422
 318    0.0000003  -0.00000323
 319    0.0000002  -0.00000257
 320    0.0000009  -0.00001474
 321    0.0000000  -0.00000023
 322    0.0000000  -0.00000004
 323    0.0000000  -0.00000007
 324    0.0000000  -0.00000027
 325    0.0000841  -0.00022577
 326    0.0000861  -0.00022383
 327    0.0000642  -0.00019086
 328    0.0000210  -0.00007611
 329    0.0001525  -0.00050511
 330    0.0000044  -0.00002574
 331    0.0000355  -0.00013155
 332    0.0000051  -0.00002681
 333    0.0001417  -0.00046422
 334    0.0000203  -0.00011236
 335    0.0000194  -0.00010735
 336    0.0000191  -0.00011997
 337    0.0000185  -0.00011050
 338    0.0000791  -0.00028361
 339    0.0000479  -0.00020695
 340    0.0000176  -0.00014174
 341    0.0000173  -0.00013226
 342    0.0000002  -0.00000238
 343    0.0000004  -0.00000689
 344    0.0000003  -0.00000373
 345    0.0000002  -0.00000216
 346    0.0000001  -0.00000185
 347    0.0000007  -0.00001198
 348    0.0000000  -0.00000020
 349    0.0000000  -0.00000003
 350    0.0000000  -0.00000007
 351    0.0000000  -0.00000021
 352    0.0000594  -0.00016921
 353    0.0000815  -0.00021686
 354    0.0000600  -0.00017145
 355    0.0000157  -0.00006378
 356    0.0001444  -0.00045810
 357    0.0000042  -0.00002422
 358    0.0000286  -0.00011394
 359    0.0000050  -0.00002619
 360    0.0001162  -0.00035526
 361    0.0000191  -0.00010656
 362    0.0000178  -0.00010876
 363    0.0000170  -0.00010072
 364    0.0000168  -0.00010959
 365    0.0000560  -0.00018225
 366    0.0000448  -0.00019938
 367    0.0000166  -0.00013090
 368    0.0000167  -0.00013021
 369    0.0000001  -0.00000218
 370    0.0000004  -0.00000654
 371    0.0000003  -0.00000352
 372    0.0000001  -0.00000194
 373    0.0000001  -0.00000137
 374    0.0000006  -0.00000977
 375    0.0000000  -0.00000019
 376    0.0000000  -0.00000003
 377    0.0000000  -0.00000005
 378    0.0000000  -0.00000021
 379    0.0000335  -0.00010786
 380    0.0000238  -0.00008076
 381    0.0000570  -0.00017515
 382    0.0000146  -0.00006866
 383    0.0000346  -0.00013230
 384    0.0000040  -0.00002436
 385    0.0000178  -0.00011052
 386    0.0000047  -0.00002508
 387    0.0000523  -0.00017891
 388    0.0000189  -0.00010927
 389    0.0000160  -0.00009631
 390    0.0000161  -0.00010737
 391    0.0000166  -0.00010836
 392    0.0000518  -0.00018469
 393    0.0000351  -0.00017027
 394    0.0000163  -0.00012952
 395    0.0000164  -0.00013019
 396    0.0000001  -0.00000209
 397    0.0000004  -0.00000604
 398    0.0000003  -0.00000331
 399    0.0000001  -0.00000172
 400    0.0000001  -0.00000117
 401    0.0000006  -0.00001038
 402    0.0000000  -0.00000019
 403    0.0000000  -0.00000002
 404    0.0000000  -0.00000005
 405    0.0000000  -0.00000019
 406    0.0000253  -0.00007951
 407    0.0000147  -0.00005368
 408    0.0000499  -0.00014928
 409    0.0000132  -0.00005601
 410    0.0000282  -0.00011553
 411    0.0000038  -0.00002332
 412    0.0000157  -0.00010440
 413    0.0000045  -0.00002492
 414    0.0000407  -0.00014541
 415    0.0000172  -0.00009534
 416    0.0000149  -0.00008875
 417    0.0000156  -0.00009923
 418    0.0000162  -0.00011094
 419    0.0000443  -0.00017022
 420    0.0000167  -0.00012929
 421    0.0000161  -0.00012340
 422    0.0000160  -0.00012496
 423    0.0000001  -0.00000169
 424    0.0000004  -0.00000579
 425    0.0000003  -0.00000349
 426    0.0000001  -0.00000122
 427    0.0000001  -0.00000111
 428    0.0000005  -0.00000716
 429    0.0000000  -0.00000017
 430    0.0000000  -0.00000002
 431    0.0000000  -0.00000006
 432    0.0000000  -0.00000019
 433    0.0000195  -0.00006788
 434    0.0000131  -0.00004956
 435    0.0000401  -0.00012254
 436    0.0000126  -0.00005350
 437    0.0000231  -0.00010896
 438    0.0000036  -0.00002105
 439    0.0000144  -0.00010190
 440    0.0000043  -0.00002410
 441    0.0000363  -0.00012573
 442    0.0000165  -0.00009521
 443    0.0000128  -0.00007717
 444    0.0000155  -0.00009577
 445    0.0000150  -0.00010238
 446    0.0000313  -0.00012638
 447    0.0000164  -0.00012871
 448    0.0000158  -0.00012350
 449    0.0000159  -0.00012141
 450    0.0000001  -0.00000164
 451    0.0000004  -0.00000565
 452    0.0000002  -0.00000280
 453    0.0000001  -0.00000096
 454    0.0000001  -0.00000108
 455    0.0000004  -0.00000681
 456    0.0000000  -0.00000017
 457    0.0000000  -0.00000002
 458    0.0000000  -0.00000005
 459    0.0000000  -0.00000019
 
----------------
 Final Energies 
----------------
Final NOF Total Energy =    -687.6669696
 
Total Orbital Internal Iterations = 690
Total Occupation Internal Iterations = 145
 
Elapsed time: 1585.90 Seconds

---------------------------------
   Lowdin Population Analysis    
---------------------------------
 Idx  Atom   Population   Charge 
---------------------------------
  1     C     6.262      -0.262
  2     S    15.484       0.516
  3     F     8.926       0.074
  4     F     8.925       0.075
  5     B     5.049      -0.049
  6     H     1.049      -0.049
  7     H     1.059      -0.059
  8     B     5.140      -0.140
  9     H     1.049      -0.049
 10     H     1.057      -0.057

---------------------------------
   M Diagnostic: 0.03
---------------------------------

