Computing Integrals
Basis Set                                            = def2-qzvp
Auxiliary Basis Set                                  = def2-universal-jkfit
Gaussian Type                                        = Spherical
Elapsed time:    2.55 Seconds

Number of basis functions                   (NBF)    = 204
Number of auxiliary basis functions         (NBFAUX) = 208
Inactive Doubly occupied orbitals up to     (NO1)    = 0
No. considered Strongly Doubly occupied MOs (NDOC)   = 10
No. considered Strongly Singly occupied MOs (NSOC)   = 0
NO. of Weakly occ. per St. Doubly occ.  MOs (NCWO)   = 1
Dimension of the Nat. Orb. subspace         (NBF5)   = 20
No. of electrons                                     = 20
    No. of alpha electrons                           = 10
    No. of beta electrons                            = 10
Multiplicity                                         = 1

Geometry
========
 F      -0.2051159       1.1919457      -0.6962901
 N      -1.0714682      -0.0091258       1.5027946
 H      -0.6175728      -0.9169838       1.4741486
 H      -0.6009001       0.4868762       2.2535558
 H      -0.7630722       0.4831850       0.6081727

No violations of the orthonormality
No violations of the orthonormality
 
PNOF7/ADABelief Calculation
==================
 
  Nitext  Nit_orb  Time   Nit_occ  Time         Eelec          Etot           Ediff      maxdiff    MaxGrad_orb  Grad_occ
     1      10    1.0e+01    0    1.2e+01  -186.29916761  -155.86688947 -10185.29916761   0.000736   2.9e-03   5.0e-05 0.02
 
RESULTS OF THE OCCUPATION OPTIMIZATION
========================================
   1    1.9998362  -25.86802479
   2    1.9996972  -15.31939731
   3    1.9764780  -0.57449012
   4    1.9758570  -0.56092035
   5    1.9839435  -0.56058736
   6    1.9884930  -0.52323553
   7    1.9864803  -0.47365471
   8    1.9861718  -0.46873648
   9    1.9864125  -0.46830705
  10    1.9787030  -0.33419598
  11    0.0212970  -0.01194331
  12    0.0135875  -0.01239867
  13    0.0138282  -0.01261307
  14    0.0135197  -0.01247596
  15    0.0115070  -0.01158411
  16    0.0160565  -0.01278343
  17    0.0241430  -0.01701733
  18    0.0235220  -0.01691095
  19    0.0003028  -0.00791722
  20    0.0001638  -0.00723689
 
----------------
 Final Energies 
----------------
Final NOF Total Energy =    -155.8668895
 
Total Orbital Internal Iterations = 10
Total Occupation Internal Iterations = 0
 
Elapsed time:   28.06 Seconds

---------------------------------
   Lowdin Population Analysis    
---------------------------------
 Idx  Atom   Population   Charge 
---------------------------------
  1     F     9.708      -0.708
  2     N     6.521       0.479
  3     H     1.233      -0.233
  4     H     1.234      -0.234
  5     H     1.305      -0.305

---------------------------------
   M Diagnostic: 0.02
---------------------------------

