Computing Integrals
Basis Set                                            = def2-qzvp
Auxiliary Basis Set                                  = def2-universal-jkfit
Gaussian Type                                        = Spherical
Elapsed time:    1.82 Seconds

Number of basis functions                   (NBF)    = 147
Number of auxiliary basis functions         (NBFAUX) = 131
Inactive Doubly occupied orbitals up to     (NO1)    = 0
No. considered Strongly Doubly occupied MOs (NDOC)   = 5
No. considered Strongly Singly occupied MOs (NSOC)   = 0
NO. of Weakly occ. per St. Doubly occ.  MOs (NCWO)   = 1
Dimension of the Nat. Orb. subspace         (NBF5)   = 10
No. of electrons                                     = 10
    No. of alpha electrons                           = 5
    No. of beta electrons                            = 5
Multiplicity                                         = 1

Geometry
========
 N      -1.0714682      -0.0091258       1.5027946
 H      -0.6175728      -0.9169838       1.4741486
 H      -0.6009001       0.4868762       2.2535558
 H      -0.7630722       0.4831850       0.6081727

Orthonormality violations 16227, Maximum Violation 0.000179
Trying to orthonormalize
No violations of the orthonormality
No violations of the orthonormality
 
PNOF7/ADABelief Calculation
==================
 
  Nitext  Nit_orb  Time   Nit_occ  Time         Eelec          Etot           Ediff      maxdiff    MaxGrad_orb  Grad_occ
     1      10    9.3e+00    0    1.2e+01   -68.04846974   -56.31005718 -10067.04846974   0.000023   9.0e-05   7.0e-05 0.03
 
RESULTS OF THE OCCUPATION OPTIMIZATION
========================================
   1    1.9996958  -15.53836281
   2    1.9771412  -0.78155931
   3    1.9771435  -0.78154204
   4    1.9720085  -0.73402204
   5    1.9827398  -0.57425611
   6    0.0172602  -0.01257967
   7    0.0279915  -0.02131969
   8    0.0228565  -0.01904040
   9    0.0228588  -0.01904122
  10    0.0003042  -0.00798067
 
----------------
 Final Energies 
----------------
Final NOF Total Energy =     -56.3100572
 
Total Orbital Internal Iterations = 10
Total Occupation Internal Iterations = 0
 
Elapsed time:   28.38 Seconds

---------------------------------
   Lowdin Population Analysis    
---------------------------------
 Idx  Atom   Population   Charge 
---------------------------------
  1     N     6.471       0.529
  2     H     1.198      -0.198
  3     H     1.198      -0.198
  4     H     1.133      -0.133

---------------------------------
   M Diagnostic: 0.03
---------------------------------

