Computing Integrals
Basis Set                                            = def2-qzvp
Auxiliary Basis Set                                  = def2-universal-jkfit
Gaussian Type                                        = Spherical
Elapsed time:    1.96 Seconds

Number of basis functions                   (NBF)    = 113
Number of auxiliary basis functions         (NBFAUX) = 237
Inactive Doubly occupied orbitals up to     (NO1)    = 0
No. considered Strongly Doubly occupied MOs (NDOC)   = 14
No. considered Strongly Singly occupied MOs (NSOC)   = 0
NO. of Weakly occ. per St. Doubly occ.  MOs (NCWO)   = 1
Dimension of the Nat. Orb. subspace         (NBF5)   = 28
No. of electrons                                     = 28
    No. of alpha electrons                           = 14
    No. of beta electrons                            = 14
Multiplicity                                         = 1

Geometry
========
 K       0.0000000       0.0000000      -1.0888710
 F       0.0000000       0.0000000       1.0888710

No violations of the orthonormality
No violations of the orthonormality
 
PNOF7/ADABelief Calculation
==================
 
  Nitext  Nit_orb  Time   Nit_occ  Time         Eelec          Etot           Ediff      maxdiff    MaxGrad_orb  Grad_occ
     1      10    9.5e+00    0    1.2e+01  -740.37023239  -698.81842437 -10739.37023239   0.000496   2.0e-03   2.1e-04 0.01
 
RESULTS OF THE OCCUPATION OPTIMIZATION
========================================
   1    1.9999616  -119.45798611
   2    1.9998353  -26.06139323
   3    1.9999983  -22.80129612
   4    1.9999881  -16.12554835
   5    1.9999826  -12.46799990
   6    1.9999838  -11.47247786
   7    1.9961881  -1.50153063
   8    1.9920475  -1.08778779
   9    1.9902552  -0.99730049
  10    1.9900238  -0.98513404
  11    1.9882270  -0.69297777
  12    1.9859449  -0.67853513
  13    1.9856651  -0.67177862
  14    1.9855587  -0.66598533
  15    0.0144413  -0.01438767
  16    0.0143349  -0.01438886
  17    0.0140551  -0.01429267
  18    0.0117730  -0.01277697
  19    0.0099762  -0.00940812
  20    0.0097448  -0.00936506
  21    0.0079525  -0.00845481
  22    0.0038119  -0.00524503
  23    0.0000162  -0.00017750
  24    0.0000174  -0.00019398
  25    0.0000119  -0.00020439
  26    0.0000017  -0.00009969
  27    0.0001647  -0.00728154
  28    0.0000384  -0.00840003
 
----------------
 Final Energies 
----------------
Final NOF Total Energy =    -698.8184244
 
Total Orbital Internal Iterations = 10
Total Occupation Internal Iterations = 0
 
Elapsed time:   27.57 Seconds

---------------------------------
   Lowdin Population Analysis    
---------------------------------
 Idx  Atom   Population   Charge 
---------------------------------
  1     K    18.432       0.568
  2     F     9.568      -0.568

---------------------------------
   M Diagnostic: 0.01
---------------------------------

