Computing Integrals
Basis Set                                            = def2-qzvp
Auxiliary Basis Set                                  = def2-universal-jkfit
Gaussian Type                                        = Spherical
Elapsed time:    1.72 Seconds

Number of basis functions                   (NBF)    = 117
Number of auxiliary basis functions         (NBFAUX) = 113
Inactive Doubly occupied orbitals up to     (NO1)    = 0
No. considered Strongly Doubly occupied MOs (NDOC)   = 5
No. considered Strongly Singly occupied MOs (NSOC)   = 1
NO. of Weakly occ. per St. Doubly occ.  MOs (NCWO)   = 1
Dimension of the Nat. Orb. subspace         (NBF5)   = 11
No. of electrons                                     = 11
    No. of alpha electrons                           = 6
    No. of beta electrons                            = 5
Multiplicity                                         = 2

Geometry
========
 H       0.1465678      -0.2472646       0.0000000
 F       0.0000000       1.2115485       0.0000000
 H      -0.1465678      -0.9642839       0.0000000

Orthonormality violations 4084, Maximum Violation 0.000186
Trying to orthonormalize
No violations of the orthonormality
No violations of the orthonormality
 
PNOF7/ADABelief Calculation
==================
 
  Nitext  Nit_orb  Time   Nit_occ  Time         Eelec          Etot           Ediff      maxdiff    MaxGrad_orb  Grad_occ
     1      10    9.3e+00    0    1.2e+01  -106.73744761  -100.62205761 -10105.73744761   0.000014   5.4e-05   9.9e-05 0.04
 
RESULTS OF THE OCCUPATION OPTIMIZATION
========================================
   1    1.9998337  -26.36273826
   2    1.9884583  -1.02315827
   3    1.9882995  -1.01851911
   4    1.9882207  -1.01736950
   5    1.9628885  -0.65761908
   6    1.0000000  -0.40019206
   7    0.0371115  -0.02076889
   8    0.0117793  -0.01383472
   9    0.0117005  -0.01379884
  10    0.0115417  -0.01365241
  11    0.0001663  -0.00727963
 
----------------
 Final Energies 
----------------
Final NOF Total Energy =    -100.6220576
 
Total Orbital Internal Iterations = 10
Total Occupation Internal Iterations = 0
 
Elapsed time:   28.71 Seconds

---------------------------------
   Lowdin Population Analysis    
---------------------------------
 Idx  Atom   Population   Charge 
---------------------------------
  1     H     1.139      -0.139
  2     F     8.912       0.088
  3     H     0.949       0.051

---------------------------------
   M Diagnostic: 0.04
---------------------------------

