Computing Integrals
Basis Set                                            = def2-qzvp
Auxiliary Basis Set                                  = def2-universal-jkfit
Gaussian Type                                        = Spherical
Elapsed time:    1.75 Seconds

Number of basis functions                   (NBF)    = 147
Number of auxiliary basis functions         (NBFAUX) = 129
Inactive Doubly occupied orbitals up to     (NO1)    = 0
No. considered Strongly Doubly occupied MOs (NDOC)   = 4
No. considered Strongly Singly occupied MOs (NSOC)   = 1
NO. of Weakly occ. per St. Doubly occ.  MOs (NCWO)   = 1
Dimension of the Nat. Orb. subspace         (NBF5)   = 9
No. of electrons                                     = 9
    No. of alpha electrons                           = 5
    No. of beta electrons                            = 4
Multiplicity                                         = 2

Geometry
========
 C       0.0000000       0.0000000       0.0000000
 H       0.5386581       0.9329832       0.0000000
 H       0.5386581      -0.9329832       0.0000000
 H      -1.0773162       0.0000000       0.0000000

Orthonormality violations 10202, Maximum Violation 0.000090
Trying to orthonormalize
No violations of the orthonormality
No violations of the orthonormality
 
PNOF7/ADABelief Calculation
==================
 
  Nitext  Nit_orb  Time   Nit_occ  Time         Eelec          Etot           Ediff      maxdiff    MaxGrad_orb  Grad_occ
     1      10    9.3e+00    0    1.2e+01   -49.34901277   -39.65665892 -10048.34901277   0.000017   7.0e-05   1.6e-04 0.03
 
RESULTS OF THE OCCUPATION OPTIMIZATION
========================================
   1    1.9995355  -11.20724241
   2    1.9736172  -0.69337490
   3    1.9734898  -0.69324093
   4    1.9732256  -0.69296339
   5    1.0000000  -0.19891542
   6    0.0267744  -0.01847634
   7    0.0265102  -0.01839580
   8    0.0263828  -0.01835683
   9    0.0004645  -0.00858129
 
----------------
 Final Energies 
----------------
Final NOF Total Energy =     -39.6566589
 
Total Orbital Internal Iterations = 10
Total Occupation Internal Iterations = 0
 
Elapsed time:   28.22 Seconds

---------------------------------
   Lowdin Population Analysis    
---------------------------------
 Idx  Atom   Population   Charge 
---------------------------------
  1     C     5.569       0.431
  2     H     1.144      -0.144
  3     H     1.143      -0.143
  4     H     1.143      -0.143

---------------------------------
   M Diagnostic: 0.03
---------------------------------

