Computing Integrals
Basis Set                                            = def2-qzvp
Auxiliary Basis Set                                  = def2-universal-jkfit
Gaussian Type                                        = Spherical
Elapsed time:    1.75 Seconds

Number of basis functions                   (NBF)    = 177
Number of auxiliary basis functions         (NBFAUX) = 147
Inactive Doubly occupied orbitals up to     (NO1)    = 0
No. considered Strongly Doubly occupied MOs (NDOC)   = 5
No. considered Strongly Singly occupied MOs (NSOC)   = 0
NO. of Weakly occ. per St. Doubly occ.  MOs (NCWO)   = 1
Dimension of the Nat. Orb. subspace         (NBF5)   = 10
No. of electrons                                     = 10
    No. of alpha electrons                           = 5
    No. of beta electrons                            = 5
Multiplicity                                         = 1

Geometry
========
 C       0.0000000       0.0000000       0.0000000
 H       0.6278371      -0.6278371       0.6278371
 H      -0.6278371       0.6278371       0.6278371
 H      -0.6278371      -0.6278371      -0.6278371
 H       0.6278371       0.6278371      -0.6278371

Orthonormality violations 19974, Maximum Violation 0.000129
Trying to orthonormalize
No violations of the orthonormality
No violations of the orthonormality
 
PNOF7/ADABelief Calculation
==================
 
  Nitext  Nit_orb  Time   Nit_occ  Time         Eelec          Etot           Ediff      maxdiff    MaxGrad_orb  Grad_occ
     1      10    9.3e+00    0    1.2e+01   -53.76432690   -40.29740651 -10052.76432690   0.000013   5.1e-05   8.2e-06 0.02
 
RESULTS OF THE OCCUPATION OPTIMIZATION
========================================
   1    1.9995728  -11.18973416
   2    1.9784144  -0.65435068
   3    1.9784043  -0.65432930
   4    1.9784017  -0.65432405
   5    1.9784009  -0.65432145
   6    0.0215991  -0.01572947
   7    0.0215983  -0.01572926
   8    0.0215957  -0.01572840
   9    0.0215856  -0.01572538
  10    0.0004272  -0.00814991
 
----------------
 Final Energies 
----------------
Final NOF Total Energy =     -40.2974065
 
Total Orbital Internal Iterations = 10
Total Occupation Internal Iterations = 0
 
Elapsed time:   28.61 Seconds

---------------------------------
   Lowdin Population Analysis    
---------------------------------
 Idx  Atom   Population   Charge 
---------------------------------
  1     C     5.687       0.313
  2     H     1.078      -0.078
  3     H     1.078      -0.078
  4     H     1.078      -0.078
  5     H     1.078      -0.078

---------------------------------
   M Diagnostic: 0.02
---------------------------------

