Computing Integrals
Basis Set                                            = def2-qzvp
Auxiliary Basis Set                                  = def2-universal-jkfit
Gaussian Type                                        = Spherical
Elapsed time:    2.85 Seconds

Number of basis functions                   (NBF)    = 234
Number of auxiliary basis functions         (NBFAUX) = 224
Inactive Doubly occupied orbitals up to     (NO1)    = 0
No. considered Strongly Doubly occupied MOs (NDOC)   = 8
No. considered Strongly Singly occupied MOs (NSOC)   = 2
NO. of Weakly occ. per St. Doubly occ.  MOs (NCWO)   = 1
Dimension of the Nat. Orb. subspace         (NBF5)   = 18
No. of electrons                                     = 18
    No. of alpha electrons                           = 10
    No. of beta electrons                            = 8
Multiplicity                                         = 3

Geometry
========
 C       0.0008704      -0.5056106       0.0000000
 H      -1.0553769      -0.7480585       0.0000000
 H       0.5207479      -0.7707125       0.9124497
 H       0.5207479      -0.7707125      -0.9124497
 H       0.0121404       0.7967756       0.0000000
 O       0.0008704       1.9983186       0.0000000

Orthonormality violations 18645, Maximum Violation 0.000062
Trying to orthonormalize
No violations of the orthonormality
No violations of the orthonormality
 
PNOF7/ADABelief Calculation
==================
 
  Nitext  Nit_orb  Time   Nit_occ  Time         Eelec          Etot           Ediff      maxdiff    MaxGrad_orb  Grad_occ
     1      10    1.0e+01    0    1.2e+01  -146.05310018  -115.14283313 -10145.05310018   0.000020   8.2e-05   1.0e-04 0.05
 
RESULTS OF THE OCCUPATION OPTIMIZATION
========================================
   1    1.9997631  -20.61283112
   2    1.9995500  -11.23611164
   3    1.9805433  -0.88271092
   4    1.9804327  -0.88174917
   5    1.9753323  -0.71342432
   6    1.9752306  -0.71334634
   7    1.9751850  -0.71303641
   8    1.9459519  -0.70037581
   9    1.0000000  -0.34324134
  10    1.0000000  -0.26021342
  11    0.0540481  -0.02701514
  12    0.0248150  -0.01787754
  13    0.0247694  -0.01786038
  14    0.0246677  -0.01782900
  15    0.0195673  -0.01582887
  16    0.0194567  -0.01578749
  17    0.0004500  -0.00841268
  18    0.0002369  -0.00792192
 
----------------
 Final Energies 
----------------
Final NOF Total Energy =    -115.1428331
 
Total Orbital Internal Iterations = 10
Total Occupation Internal Iterations = 0
 
Elapsed time:   29.42 Seconds

---------------------------------
   Lowdin Population Analysis    
---------------------------------
 Idx  Atom   Population   Charge 
---------------------------------
  1     C     5.583       0.417
  2     H     1.086      -0.086
  3     H     1.087      -0.087
  4     H     1.087      -0.087
  5     H     1.384      -0.384
  6     O     7.772       0.228

---------------------------------
   M Diagnostic: 0.05
---------------------------------

