Computing Integrals
Basis Set                                            = def2-qzvp
Auxiliary Basis Set                                  = def2-universal-jkfit
Gaussian Type                                        = Spherical
Elapsed time:    1.67 Seconds

Number of basis functions                   (NBF)    = 87
Number of auxiliary basis functions         (NBFAUX) = 95
Inactive Doubly occupied orbitals up to     (NO1)    = 0
No. considered Strongly Doubly occupied MOs (NDOC)   = 4
No. considered Strongly Singly occupied MOs (NSOC)   = 1
NO. of Weakly occ. per St. Doubly occ.  MOs (NCWO)   = 1
Dimension of the Nat. Orb. subspace         (NBF5)   = 9
No. of electrons                                     = 9
    No. of alpha electrons                           = 5
    No. of beta electrons                            = 4
Multiplicity                                         = 2

Geometry
========
 O       0.0000000       0.0000000       0.4844483
 H       0.0000000       0.0000000      -0.4844483

Orthonormality violations 2430, Maximum Violation 0.000063
Trying to orthonormalize
No violations of the orthonormality
No violations of the orthonormality
 
PNOF7/ADABelief Calculation
==================
 
  Nitext  Nit_orb  Time   Nit_occ  Time         Eelec          Etot           Ediff      maxdiff    MaxGrad_orb  Grad_occ
     1      10    9.1e+00    0    1.2e+01   -79.87880825   -75.50949869 -10078.87880825   0.000020   8.0e-05   1.1e-04 0.03
 
RESULTS OF THE OCCUPATION OPTIMIZATION
========================================
   1    1.9997723  -20.61531218
   2    1.9680773  -0.90439374
   3    1.9836664  -0.83983898
   4    1.9835922  -0.83914730
   5    1.0000000  -0.34511021
   6    0.0164078  -0.01447686
   7    0.0163336  -0.01445010
   8    0.0319227  -0.02763254
   9    0.0002277  -0.00774356
 
----------------
 Final Energies 
----------------
Final NOF Total Energy =     -75.5094987
 
Total Orbital Internal Iterations = 10
Total Occupation Internal Iterations = 0
 
Elapsed time:   28.05 Seconds

---------------------------------
   Lowdin Population Analysis    
---------------------------------
 Idx  Atom   Population   Charge 
---------------------------------
  1     O     7.587       0.413
  2     H     1.413      -0.413

---------------------------------
   M Diagnostic: 0.03
---------------------------------

