Computing Integrals
Basis Set                                            = def2-qzvp
Auxiliary Basis Set                                  = def2-universal-jkfit
Gaussian Type                                        = Spherical
Elapsed time:   11.66 Seconds

Number of basis functions                   (NBF)    = 642
Number of auxiliary basis functions         (NBFAUX) = 634
Inactive Doubly occupied orbitals up to     (NO1)    = 0
No. considered Strongly Doubly occupied MOs (NDOC)   = 25
No. considered Strongly Singly occupied MOs (NSOC)   = 0
NO. of Weakly occ. per St. Doubly occ.  MOs (NCWO)   = 1
Dimension of the Nat. Orb. subspace         (NBF5)   = 50
No. of electrons                                     = 50
    No. of alpha electrons                           = 25
    No. of beta electrons                            = 25
Multiplicity                                         = 1

Geometry
========
 C      -1.4389280      -0.1098150       0.5320710
 H      -2.4723350       0.0745730       0.8248840
 O      -1.4725270      -1.0835520      -0.5024510
 C      -0.7982190       1.2040860       0.0870420
 H      -1.4570380       1.6941530      -0.6322070
 H      -0.7309590       1.8612060       0.9598960
 C       0.5916280       1.0561430      -0.5438030
 H       1.0126080       2.0524650      -0.6999240
 H       0.5035310       0.5962270      -1.5304770
 H      -0.5860970      -1.4623720      -0.5039450
 H      -0.9167790      -0.5057240       1.4080120
 C       1.5807110       0.2380840       0.2816880
 H       2.6061380       0.4720480      -0.0111360
 H       1.4811300       0.4692730       1.3425220
 O       1.3607170      -1.1796070       0.1661890
 H       1.8431270      -1.4775620      -0.6095270

Orthonormality violations 219517, Maximum Violation 0.000264
Trying to orthonormalize
No violations of the orthonormality
No violations of the orthonormality
 
PNOF7/ADABelief Calculation
==================
 
  Nitext  Nit_orb  Time   Nit_occ  Time         Eelec          Etot           Ediff      maxdiff    MaxGrad_orb  Grad_occ
     1      10    1.6e+01    0    1.2e+01  -571.98841617  -307.56993675 -10570.98841617   0.000018   7.1e-05   9.1e-05 0.03
 
RESULTS OF THE OCCUPATION OPTIMIZATION
========================================
   1    1.9997810  -20.56080275
   2    1.9997808  -20.52447067
   3    1.9995644  -11.26498960
   4    1.9995644  -11.24093111
   5    1.9995684  -11.20808268
   6    1.9995683  -11.20049031
   7    1.9751345  -0.87367296
   8    1.9777054  -0.85505288
   9    1.9893743  -0.81688706
  10    1.9668738  -0.81438578
  11    1.9679741  -0.79312771
  12    1.9881296  -0.78014803
  13    1.9879119  -0.74858037
  14    1.9879227  -0.74397051
  15    1.9752437  -0.71766417
  16    1.9776305  -0.70124228
  17    1.9750896  -0.69919589
  18    1.9775429  -0.69570259
  19    1.9745767  -0.69192383
  20    1.9776091  -0.67534872
  21    1.9777461  -0.67362453
  22    1.9774274  -0.67213388
  23    1.9778214  -0.67171072
  24    1.9777006  -0.66634454
  25    1.9777570  -0.66275593
  26    0.0222430  -0.01625651
  27    0.0222994  -0.01627971
  28    0.0221786  -0.01629529
  29    0.0225726  -0.01672149
  30    0.0222539  -0.01633837
  31    0.0223909  -0.01663589
  32    0.0254233  -0.01838344
  33    0.0224571  -0.01693030
  34    0.0249104  -0.01837682
  35    0.0223695  -0.01690879
  36    0.0247563  -0.01853085
  37    0.0120773  -0.01196390
  38    0.0120881  -0.01204640
  39    0.0118704  -0.01207309
  40    0.0320259  -0.02597552
  41    0.0331262  -0.02696912
  42    0.0106257  -0.01132704
  43    0.0222946  -0.02078971
  44    0.0248655  -0.02259223
  45    0.0004317  -0.00821112
  46    0.0004316  -0.00821033
  47    0.0004356  -0.00826847
  48    0.0004356  -0.00827411
  49    0.0002192  -0.00762112
  50    0.0002190  -0.00762115
 
----------------
 Final Energies 
----------------
Final NOF Total Energy =    -307.5699367
 
Total Orbital Internal Iterations = 10
Total Occupation Internal Iterations = 0
 
Elapsed time:   38.18 Seconds

---------------------------------
   Lowdin Population Analysis    
---------------------------------
 Idx  Atom   Population   Charge 
---------------------------------
  1     C     6.104      -0.104
  2     H     1.063      -0.063
  3     O     7.437       0.563
  4     C     5.912       0.088
  5     H     1.050      -0.050
  6     H     1.048      -0.048
  7     C     5.912       0.088
  8     H     1.049      -0.049
  9     H     1.050      -0.050
 10     H     1.365      -0.365
 11     H     1.062      -0.062
 12     C     6.076      -0.076
 13     H     1.065      -0.065
 14     H     1.057      -0.057
 15     O     7.410       0.590
 16     H     1.340      -0.340

---------------------------------
   M Diagnostic: 0.03
---------------------------------

