Computing Integrals
Basis Set                                            = def2-qzvp
Auxiliary Basis Set                                  = def2-universal-jkfit
Gaussian Type                                        = Spherical
Elapsed time:    3.67 Seconds

Number of basis functions                   (NBF)    = 257
Number of auxiliary basis functions         (NBFAUX) = 367
Inactive Doubly occupied orbitals up to     (NO1)    = 0
No. considered Strongly Doubly occupied MOs (NDOC)   = 21
No. considered Strongly Singly occupied MOs (NSOC)   = 0
NO. of Weakly occ. per St. Doubly occ.  MOs (NCWO)   = 1
Dimension of the Nat. Orb. subspace         (NBF5)   = 42
No. of electrons                                     = 42
    No. of alpha electrons                           = 21
    No. of beta electrons                            = 21
Multiplicity                                         = 1

Geometry
========
Cl       0.0000000       1.4939925       0.8346445
 C       0.0000000       0.0000000      -0.1555982
Cl       0.0000000      -1.4939925       0.8346445
 H       0.8986495       0.0000000      -0.7568453
 H      -0.8986495       0.0000000      -0.7568453

No violations of the orthonormality
No violations of the orthonormality
 
PNOF7/ADABelief Calculation
==================
 
  Nitext  Nit_orb  Time   Nit_occ  Time         Eelec          Etot           Ediff      maxdiff    MaxGrad_orb  Grad_occ
     1      10    1.1e+01    0    1.2e+01 -1091.11272681  -958.29085453 -11090.11272681   0.003834   1.5e-02   1.8e-04 0.05
     2      30    4.7e+00    0    5.4e-02 -1091.11272681  -958.29085453     0.00000000   0.003834   1.5e-02   1.8e-04 0.05
     3      50    7.7e+00    0    3.5e-02 -1091.11272681  -958.29085453     0.00000000   0.003834   1.5e-02   1.8e-04 0.05
     4      70    1.0e+01    0    2.5e-02 -1091.11279604  -958.29092376    -0.00006923   0.001916   7.7e-03   1.6e-04 0.05
     5      80    1.2e+01    0    3.3e-02 -1091.11279604  -958.29092376     0.00000000   0.001916   7.7e-03   1.6e-04 0.05
     6      95    1.3e+01    0    2.6e-02 -1091.11281989  -958.29094761    -0.00002385   0.000496   2.0e-03   1.6e-04 0.05
 
RESULTS OF THE OCCUPATION OPTIMIZATION
========================================
   1    1.9999733  -103.72709397
   2    1.9999528  -97.98297687
   3    1.9999622  -16.97804378
   4    1.9995602  -11.33516239
   5    1.9997220  -8.96487019
   6    1.9997315  -8.93929429
   7    1.9997311  -8.93581832
   8    1.9997273  -8.93410693
   9    1.9997603  -8.33659871
  10    1.9997609  -8.18468935
  11    1.9997685  -8.01626178
  12    1.9777742  -0.75630030
  13    1.9777933  -0.75623861
  14    1.9895392  -0.71059129
  15    1.9894528  -0.70391049
  16    1.9892229  -0.70283653
  17    1.9893886  -0.70237692
  18    1.9890489  -0.69511871
  19    1.9887880  -0.69060942
  20    1.9507250  -0.67202933
  21    1.9497236  -0.66984343
  22    0.0502764  -0.02866279
  23    0.0492750  -0.02826584
  24    0.0112120  -0.00817137
  25    0.0109511  -0.00809002
  26    0.0106114  -0.00797205
  27    0.0107771  -0.00805993
  28    0.0105472  -0.00795950
  29    0.0104608  -0.00788511
  30    0.0222067  -0.01743879
  31    0.0222258  -0.01744744
  32    0.0002315  -0.00317824
  33    0.0002391  -0.00326454
  34    0.0002397  -0.00324863
  35    0.0002727  -0.00355492
  36    0.0002689  -0.00353631
  37    0.0002685  -0.00353380
  38    0.0002780  -0.00357378
  39    0.0004398  -0.00831800
  40    0.0000378  -0.00073213
  41    0.0000472  -0.00835836
  42    0.0000267  -0.00572467
 
----------------
 Final Energies 
----------------
Final NOF Total Energy =    -958.2909476
 
Total Orbital Internal Iterations = 335
Total Occupation Internal Iterations = 0
 
Elapsed time:   77.72 Seconds

---------------------------------
   Lowdin Population Analysis    
---------------------------------
 Idx  Atom   Population   Charge 
---------------------------------
  1    Cl    16.614       0.386
  2     C     6.533      -0.533
  3    Cl    16.614       0.386
  4     H     1.120      -0.120
  5     H     1.120      -0.120

---------------------------------
   M Diagnostic: 0.05
---------------------------------

