Computing Integrals
Basis Set                                            = def2-qzvp
Auxiliary Basis Set                                  = def2-universal-jkfit
Gaussian Type                                        = Spherical
Elapsed time:    1.69 Seconds

Number of basis functions                   (NBF)    = 100
Number of auxiliary basis functions         (NBFAUX) = 146
Inactive Doubly occupied orbitals up to     (NO1)    = 0
No. considered Strongly Doubly occupied MOs (NDOC)   = 9
No. considered Strongly Singly occupied MOs (NSOC)   = 0
NO. of Weakly occ. per St. Doubly occ.  MOs (NCWO)   = 1
Dimension of the Nat. Orb. subspace         (NBF5)   = 18
No. of electrons                                     = 18
    No. of alpha electrons                           = 9
    No. of beta electrons                            = 9
Multiplicity                                         = 1

Geometry
========
Cl       0.0000000       0.0000000      -0.6414757
 H       0.0000000       0.0000000       0.6414757

No violations of the orthonormality
No violations of the orthonormality
 
PNOF7/ADABelief Calculation
==================
 
  Nitext  Nit_orb  Time   Nit_occ  Time         Eelec          Etot           Ediff      maxdiff    MaxGrad_orb  Grad_occ
     1      10    9.2e+00    0    1.2e+01  -467.19638484  -460.18443289 -10466.19638484   0.000734   2.9e-03   8.3e-05 0.02
 
RESULTS OF THE OCCUPATION OPTIMIZATION
========================================
   1    1.9999734  -103.72046505
   2    1.9997329  -8.95254252
   3    1.9997434  -8.95007855
   4    1.9997460  -8.94804543
   5    1.9997365  -8.94391844
   6    1.9758213  -0.75378736
   7    1.9887881  -0.69183175
   8    1.9881860  -0.66527957
   9    1.9880704  -0.66031678
  10    0.0119296  -0.00857035
  11    0.0118140  -0.00854892
  12    0.0112119  -0.00838628
  13    0.0241787  -0.01739951
  14    0.0002635  -0.00347046
  15    0.0002540  -0.00340407
  16    0.0002566  -0.00343163
  17    0.0002671  -0.00349693
  18    0.0000266  -0.00571473
 
----------------
 Final Energies 
----------------
Final NOF Total Energy =    -460.1844329
 
Total Orbital Internal Iterations = 10
Total Occupation Internal Iterations = 0
 
Elapsed time:   27.13 Seconds

---------------------------------
   Lowdin Population Analysis    
---------------------------------
 Idx  Atom   Population   Charge 
---------------------------------
  1    Cl    16.629       0.371
  2     H     1.371      -0.371

---------------------------------
   M Diagnostic: 0.02
---------------------------------

