Computing Integrals
Basis Set                                            = def2-qzvp
Auxiliary Basis Set                                  = def2-universal-jkfit
Gaussian Type                                        = Spherical
Elapsed time:    1.63 Seconds

Number of basis functions                   (NBF)    = 114
Number of auxiliary basis functions         (NBFAUX) = 154
Inactive Doubly occupied orbitals up to     (NO1)    = 0
No. considered Strongly Doubly occupied MOs (NDOC)   = 7
No. considered Strongly Singly occupied MOs (NSOC)   = 2
NO. of Weakly occ. per St. Doubly occ.  MOs (NCWO)   = 1
Dimension of the Nat. Orb. subspace         (NBF5)   = 16
No. of electrons                                     = 16
    No. of alpha electrons                           = 9
    No. of beta electrons                            = 7
Multiplicity                                         = 3

Geometry
========
 O       0.0000000       0.0000000      -0.6096935
 O       0.0000000       0.0000000       0.6096935

Orthonormality violations 4087, Maximum Violation 0.000091
Trying to orthonormalize
No violations of the orthonormality
No violations of the orthonormality
 
PNOF7/ADABelief Calculation
==================
 
  Nitext  Nit_orb  Time   Nit_occ  Time         Eelec          Etot           Ediff      maxdiff    MaxGrad_orb  Grad_occ
     1      10    9.5e+00    0    1.2e+01  -177.60541497  -149.83140061 -10176.60541497   0.000024   9.4e-05   7.6e-05 0.05
 
RESULTS OF THE OCCUPATION OPTIMIZATION
========================================
   1    1.9997646  -20.71275213
   2    1.9997643  -20.71267156
   3    1.9501213  -0.99783577
   4    1.9825251  -0.99730633
   5    1.9824026  -0.99574575
   6    1.9823906  -0.99554321
   7    1.9823488  -0.99434111
   8    1.0000000  -0.30634660
   9    1.0000000  -0.30634559
  10    0.0176512  -0.01203977
  11    0.0176094  -0.01203315
  12    0.0175974  -0.01203098
  13    0.0174749  -0.01200495
  14    0.0498787  -0.04427228
  15    0.0002357  -0.00792134
  16    0.0002354  -0.00791887
 
----------------
 Final Energies 
----------------
Final NOF Total Energy =    -149.8314006
 
Total Orbital Internal Iterations = 10
Total Occupation Internal Iterations = 0
 
Elapsed time:   28.56 Seconds

---------------------------------
   Lowdin Population Analysis    
---------------------------------
 Idx  Atom   Population   Charge 
---------------------------------
  1     O     8.000      -0.000
  2     O     8.000       0.000

---------------------------------
   M Diagnostic: 0.05
---------------------------------

