Computing Integrals
Basis Set                                            = def2-qzvp
Auxiliary Basis Set                                  = def2-universal-jkfit
Gaussian Type                                        = Spherical
Elapsed time:    1.80 Seconds

Number of basis functions                   (NBF)    = 160
Number of auxiliary basis functions         (NBFAUX) = 182
Inactive Doubly occupied orbitals up to     (NO1)    = 0
No. considered Strongly Doubly occupied MOs (NDOC)   = 8
No. considered Strongly Singly occupied MOs (NSOC)   = 0
NO. of Weakly occ. per St. Doubly occ.  MOs (NCWO)   = 1
Dimension of the Nat. Orb. subspace         (NBF5)   = 16
No. of electrons                                     = 16
    No. of alpha electrons                           = 8
    No. of beta electrons                            = 8
Multiplicity                                         = 1

Geometry
========
Al      -0.0000000       0.0000000       0.0000000
 H      -0.7926514       1.3729124       0.0000000
 H      -0.7926514      -1.3729124       0.0000000
 H       1.5853027       0.0000000       0.0000000

Orthonormality violations 4268, Maximum Violation 0.000028
Trying to orthonormalize
No violations of the orthonormality
No violations of the orthonormality
 
PNOF7/ADABelief Calculation
==================
 
  Nitext  Nit_orb  Time   Nit_occ  Time         Eelec          Etot           Ediff      maxdiff    MaxGrad_orb  Grad_occ
     1      10    9.7e+00    0    1.2e+01  -257.32722225  -243.73081023 -10256.32722225   0.000013   5.1e-05   1.5e-04 0.02
 
RESULTS OF THE OCCUPATION OPTIMIZATION
========================================
   1    1.9999489  -58.27755649
   2    1.9987584  -3.69475262
   3    1.9987519  -3.69329633
   4    1.9987405  -3.69123822
   5    1.9985162  -3.65171049
   6    1.9786847  -0.48506495
   7    1.9786660  -0.48506120
   8    1.9784480  -0.48498303
   9    0.0215520  -0.01208946
  10    0.0213340  -0.01202665
  11    0.0213153  -0.01202132
  12    0.0014838  -0.00734134
  13    0.0012595  -0.00646565
  14    0.0012481  -0.00643904
  15    0.0012416  -0.00642704
  16    0.0000511  -0.00594127
 
----------------
 Final Energies 
----------------
Final NOF Total Energy =    -243.7308102
 
Total Orbital Internal Iterations = 10
Total Occupation Internal Iterations = 0
 
Elapsed time:   28.65 Seconds

---------------------------------
   Lowdin Population Analysis    
---------------------------------
 Idx  Atom   Population   Charge 
---------------------------------
  1    Al    12.545       0.455
  2     H     1.152      -0.152
  3     H     1.152      -0.152
  4     H     1.152      -0.152

---------------------------------
   M Diagnostic: 0.02
---------------------------------

