Computing Integrals
Basis Set                                            = def2-qzvp
Auxiliary Basis Set                                  = def2-universal-jkfit
Gaussian Type                                        = Spherical
Elapsed time:    3.22 Seconds

Number of basis functions                   (NBF)    = 244
Number of auxiliary basis functions         (NBFAUX) = 314
Inactive Doubly occupied orbitals up to     (NO1)    = 0
No. considered Strongly Doubly occupied MOs (NDOC)   = 16
No. considered Strongly Singly occupied MOs (NSOC)   = 0
NO. of Weakly occ. per St. Doubly occ.  MOs (NCWO)   = 1
Dimension of the Nat. Orb. subspace         (NBF5)   = 32
No. of electrons                                     = 32
    No. of alpha electrons                           = 16
    No. of beta electrons                            = 16
Multiplicity                                         = 1

Geometry
========
 H      -1.6666499       0.0000000      -0.7937658
 C      -0.6032500       0.0000000      -0.7937658
 C       0.6032500       0.0000000      -0.7937658
 H       1.6666499       0.0000000      -0.7937658
Ar       0.0000000       0.0000000       3.1750633

No violations of the orthonormality
No violations of the orthonormality
 
PNOF7/ADABelief Calculation
==================
 
  Nitext  Nit_orb  Time   Nit_occ  Time         Eelec          Etot           Ediff      maxdiff    MaxGrad_orb  Grad_occ
     1      10    1.1e+01    0    1.2e+01  -661.48442643  -603.86834540 -10660.48442643   0.000496   2.0e-03   2.0e-04 0.11
 
RESULTS OF THE OCCUPATION OPTIMIZATION
========================================
   1    1.9999726  -116.03338601
   2    1.9995469  -11.20605542
   3    1.9995464  -11.20604598
   4    1.9997782  -10.92854852
   5    1.9997827  -10.90977913
   6    1.9997880  -10.86143210
   7    1.9997725  -10.81743575
   8    1.9901587  -0.98325829
   9    1.9909721  -0.85230939
  10    1.9907127  -0.84555678
  11    1.9747390  -0.75267674
  12    1.9747072  -0.75265436
  13    1.9895702  -0.73711933
  14    1.9890440  -0.71655920
  15    1.8927307  -0.41761255
  16    1.8926356  -0.41761086
  17    0.1073644  -0.03781568
  18    0.1072693  -0.03780757
  19    0.0109560  -0.00837008
  20    0.0104298  -0.00826149
  21    0.0252928  -0.01837415
  22    0.0252610  -0.01836365
  23    0.0092873  -0.00842644
  24    0.0090279  -0.00832716
  25    0.0098413  -0.00943226
  26    0.0002275  -0.00316642
  27    0.0002120  -0.00312112
  28    0.0002173  -0.00310596
  29    0.0002218  -0.00316111
  30    0.0004536  -0.00850395
  31    0.0004531  -0.00850112
  32    0.0000274  -0.00640336
 
----------------
 Final Energies 
----------------
Final NOF Total Energy =    -603.8683454
 
Total Orbital Internal Iterations = 10
Total Occupation Internal Iterations = 0
 
Elapsed time:   28.77 Seconds

---------------------------------
   Lowdin Population Analysis    
---------------------------------
 Idx  Atom   Population   Charge 
---------------------------------
  1     H     1.148      -0.148
  2     C     5.856       0.144
  3     C     5.856       0.144
  4     H     1.148      -0.148
  5    Ar    17.993       0.007

---------------------------------
   M Diagnostic: 0.11
---------------------------------

