Computing Integrals
Basis Set                                            = def2-qzvp
Auxiliary Basis Set                                  = def2-universal-jkfit
Gaussian Type                                        = Spherical
Elapsed time:    1.92 Seconds

Number of basis functions                   (NBF)    = 174
Number of auxiliary basis functions         (NBFAUX) = 186
Inactive Doubly occupied orbitals up to     (NO1)    = 0
No. considered Strongly Doubly occupied MOs (NDOC)   = 7
No. considered Strongly Singly occupied MOs (NSOC)   = 0
NO. of Weakly occ. per St. Doubly occ.  MOs (NCWO)   = 1
Dimension of the Nat. Orb. subspace         (NBF5)   = 14
No. of electrons                                     = 14
    No. of alpha electrons                           = 7
    No. of beta electrons                            = 7
Multiplicity                                         = 1

Geometry
========
 H       0.0000000       0.0000000       1.6666499
 C       0.0000000       0.0000000       0.6032500
 C       0.0000000       0.0000000      -0.6032500
 H       0.0000000       0.0000000      -1.6666499

Orthonormality violations 64, Maximum Violation 0.000005
Trying to orthonormalize
No violations of the orthonormality
No violations of the orthonormality
 
PNOF7/ADABelief Calculation
==================
 
  Nitext  Nit_orb  Time   Nit_occ  Time         Eelec          Etot           Ediff      maxdiff    MaxGrad_orb  Grad_occ
     1      10    9.5e+00    0    1.2e+01  -101.70703032   -76.98947001 -10100.70703032   0.000022   8.7e-05   1.3e-04 0.11
 
RESULTS OF THE OCCUPATION OPTIMIZATION
========================================
   1    1.9995458  -11.20605298
   2    1.9995482  -11.20603330
   3    1.9902421  -0.98356448
   4    1.9748709  -0.75266886
   5    1.9746003  -0.75253539
   6    1.8929117  -0.41761094
   7    1.8928386  -0.41760678
   8    0.1071614  -0.03775778
   9    0.1070883  -0.03774446
  10    0.0253997  -0.01841209
  11    0.0251291  -0.01831606
  12    0.0097579  -0.00939856
  13    0.0004518  -0.00849340
  14    0.0004542  -0.00850749
 
----------------
 Final Energies 
----------------
Final NOF Total Energy =     -76.9894700
 
Total Orbital Internal Iterations = 10
Total Occupation Internal Iterations = 0
 
Elapsed time:   28.68 Seconds

---------------------------------
   Lowdin Population Analysis    
---------------------------------
 Idx  Atom   Population   Charge 
---------------------------------
  1     H     1.148      -0.148
  2     C     5.852       0.148
  3     C     5.852       0.148
  4     H     1.148      -0.148

---------------------------------
   M Diagnostic: 0.11
---------------------------------

