Computing Integrals
Basis Set                                            = def2-qzvp
Auxiliary Basis Set                                  = def2-universal-jkfit
Gaussian Type                                        = Spherical
Elapsed time:    1.52 Seconds

Number of basis functions                   (NBF)    = 57
Number of auxiliary basis functions         (NBFAUX) = 77
Inactive Doubly occupied orbitals up to     (NO1)    = 0
No. considered Strongly Doubly occupied MOs (NDOC)   = 2
No. considered Strongly Singly occupied MOs (NSOC)   = 3
NO. of Weakly occ. per St. Doubly occ.  MOs (NCWO)   = 1
Dimension of the Nat. Orb. subspace         (NBF5)   = 7
No. of electrons                                     = 7
    No. of alpha electrons                           = 5
    No. of beta electrons                            = 2
Multiplicity                                         = 4

Geometry
========
 N       0.0000000       0.0000000       0.0000000

No violations of the orthonormality
No violations of the orthonormality
 
PNOF7/ADABelief Calculation
==================
 
  Nitext  Nit_orb  Time   Nit_occ  Time         Eelec          Etot           Ediff      maxdiff    MaxGrad_orb  Grad_occ
     1      10    9.2e+00    0    1.2e+01   -54.45926363   -54.45926363 -10053.45926363   0.000012   4.8e-05   2.6e-05 0.04
 
RESULTS OF THE OCCUPATION OPTIMIZATION
========================================
   1    1.9996594  -15.63292378
   2    1.9640769  -0.96676531
   3    1.0000000  -0.29763555
   4    1.0000000  -0.29763554
   5    1.0000000  -0.29763554
   6    0.0359231  -0.01507761
   7    0.0003406  -0.00842252
 
----------------
 Final Energies 
----------------
Final NOF Total Energy =     -54.4592636
 
Total Orbital Internal Iterations = 10
Total Occupation Internal Iterations = 0
 
Elapsed time:   27.01 Seconds

---------------------------------
   Lowdin Population Analysis    
---------------------------------
 Idx  Atom   Population   Charge 
---------------------------------
  1     N     7.000      -0.000

---------------------------------
   M Diagnostic: 0.04
---------------------------------

