Computing Integrals
Basis Set                                            = def2-qzvp
Auxiliary Basis Set                                  = def2-universal-jkfit
Gaussian Type                                        = Spherical
Elapsed time:    1.70 Seconds

Number of basis functions                   (NBF)    = 70
Number of auxiliary basis functions         (NBFAUX) = 128
Inactive Doubly occupied orbitals up to     (NO1)    = 0
No. considered Strongly Doubly occupied MOs (NDOC)   = 6
No. considered Strongly Singly occupied MOs (NSOC)   = 1
NO. of Weakly occ. per St. Doubly occ.  MOs (NCWO)   = 1
Dimension of the Nat. Orb. subspace         (NBF5)   = 13
No. of electrons                                     = 13
    No. of alpha electrons                           = 7
    No. of beta electrons                            = 6
Multiplicity                                         = 2

Geometry
========
Al       0.0000000       0.0000000       0.0000000

No violations of the orthonormality
No violations of the orthonormality
 
PNOF7/ADABelief Calculation
==================
 
  Nitext  Nit_orb  Time   Nit_occ  Time         Eelec          Etot           Ediff      maxdiff    MaxGrad_orb  Grad_occ
     1      10    9.2e+00    0    1.2e+01  -241.95195154  -241.95195154 -10240.95195154   0.000025   9.8e-05   1.0e-04 0.13
 
RESULTS OF THE OCCUPATION OPTIMIZATION
========================================
   1    1.9999477  -58.33142449
   2    1.9986159  -3.70205226
   3    1.9985131  -3.68978787
   4    1.9984676  -3.68370093
   5    1.9983719  -3.67219886
   6    1.8728698  -0.39140311
   7    1.0000000  -0.11576397
   8    0.1271302  -0.03239749
   9    0.0016281  -0.00780481
  10    0.0015324  -0.00744109
  11    0.0014869  -0.00726754
  12    0.0013841  -0.00684032
  13    0.0000523  -0.00602116
 
----------------
 Final Energies 
----------------
Final NOF Total Energy =    -241.9519515
 
Total Orbital Internal Iterations = 10
Total Occupation Internal Iterations = 0
 
Elapsed time:   26.97 Seconds

---------------------------------
   Lowdin Population Analysis    
---------------------------------
 Idx  Atom   Population   Charge 
---------------------------------
  1    Al    13.000      -0.000

---------------------------------
   M Diagnostic: 0.13
---------------------------------

