Computing Integrals
Basis Set                                            = def2-qzvp
Auxiliary Basis Set                                  = def2-universal-jkfit
Gaussian Type                                        = Spherical
Elapsed time:    1.62 Seconds

Number of basis functions                   (NBF)    = 70
Number of auxiliary basis functions         (NBFAUX) = 128
Inactive Doubly occupied orbitals up to     (NO1)    = 0
No. considered Strongly Doubly occupied MOs (NDOC)   = 6
No. considered Strongly Singly occupied MOs (NSOC)   = 2
NO. of Weakly occ. per St. Doubly occ.  MOs (NCWO)   = 1
Dimension of the Nat. Orb. subspace         (NBF5)   = 14
No. of electrons                                     = 14
    No. of alpha electrons                           = 8
    No. of beta electrons                            = 6
Multiplicity                                         = 3

Geometry
========
Si       0.0000000       0.0000000       0.0000000

No violations of the orthonormality
No violations of the orthonormality
 
PNOF7/ADABelief Calculation
==================
 
  Nitext  Nit_orb  Time   Nit_occ  Time         Eelec          Etot           Ediff      maxdiff    MaxGrad_orb  Grad_occ
     1      10    9.1e+00    0    1.2e+01  -288.95441366  -288.95441366 -10287.95441366   0.000016   6.3e-05   1.3e-04 0.16
 
RESULTS OF THE OCCUPATION OPTIMIZATION
========================================
   1    1.9999565  -68.56054671
   2    1.9989260  -4.79698403
   3    1.9989233  -4.79693324
   4    1.9988626  -4.78092871
   5    1.9988572  -4.77933027
   6    1.8389099  -0.53606728
   7    1.0000000  -0.16119174
   8    1.0000000  -0.16118476
   9    0.1610901  -0.04981124
  10    0.0011428  -0.00712843
  11    0.0011374  -0.00711589
  12    0.0010767  -0.00678390
  13    0.0010740  -0.00675887
  14    0.0000435  -0.00589674
 
----------------
 Final Energies 
----------------
Final NOF Total Energy =    -288.9544137
 
Total Orbital Internal Iterations = 10
Total Occupation Internal Iterations = 0
 
Elapsed time:   26.90 Seconds

---------------------------------
   Lowdin Population Analysis    
---------------------------------
 Idx  Atom   Population   Charge 
---------------------------------
  1    Si    14.000      -0.000

---------------------------------
   M Diagnostic: 0.16
---------------------------------

