Computing Integrals
Basis Set                                            = def2-qzvp
Auxiliary Basis Set                                  = def2-universal-jkfit
Gaussian Type                                        = Spherical
Elapsed time:    9.09 Seconds

Number of basis functions                   (NBF)    = 241
Number of auxiliary basis functions         (NBFAUX) = 359
Inactive Doubly occupied orbitals up to     (NO1)    = 0
No. considered Strongly Doubly occupied MOs (NDOC)   = 20
No. considered Strongly Singly occupied MOs (NSOC)   = 0
NO. of Weakly occ. per St. Doubly occ.  MOs (NCWO)   = 1
Dimension of the Nat. Orb. subspace         (NBF5)   = 40
No. of electrons                                     = 40
    No. of alpha electrons                           = 20
    No. of beta electrons                            = 20
Multiplicity                                         = 1

Geometry
========
Al       0.0000000       0.0000000       0.0000000
 F       0.0000000       1.6317660       0.0000000
 F       1.4131500      -0.8158830       0.0000000
 F      -1.4131500      -0.8158830       0.0000000

Orthonormality violations 8875, Maximum Violation 0.000025
Trying to orthonormalize
No violations of the orthonormality
No violations of the orthonormality
 
PNOF7/ADABelief Calculation
==================
 
  Nitext  Nit_orb  Time   Nit_occ  Time         Eelec          Etot           Ediff      maxdiff    MaxGrad_orb  Grad_occ
     1      10    5.8e+01    0    2.5e+01  -700.24082918  -540.91513583 -10699.24082918   0.000020   7.9e-05   2.1e-04 0.01
 
RESULTS OF THE OCCUPATION OPTIMIZATION
========================================
   1    1.9999494  -58.33184786
   2    1.9998393  -26.27882845
   3    1.9998394  -26.27877391
   4    1.9998394  -26.27875594
   5    1.9988346  -3.75600215
   6    1.9988287  -3.75476558
   7    1.9988249  -3.75393899
   8    1.9986495  -3.73079484
   9    1.9867069  -0.94157468
  10    1.9866238  -0.94000010
  11    1.9865620  -0.93943326
  12    1.9865403  -0.93856612
  13    1.9864668  -0.93758060
  14    1.9863622  -0.93682605
  15    1.9900000  -0.91317020
  16    1.9900078  -0.91305529
  17    1.9899664  -0.91246977
  18    1.9899049  -0.91160193
  19    1.9898480  -0.91043773
  20    1.9898044  -0.90978382
  21    0.0101956  -0.01271268
  22    0.0101520  -0.01269379
  23    0.0100951  -0.01266566
  24    0.0100336  -0.01262542
  25    0.0099922  -0.01260574
  26    0.0100000  -0.01261368
  27    0.0136378  -0.01576560
  28    0.0135332  -0.01571458
  29    0.0134597  -0.01568089
  30    0.0134380  -0.01567413
  31    0.0133762  -0.01564438
  32    0.0132931  -0.01560860
  33    0.0013505  -0.00689710
  34    0.0011751  -0.00622378
  35    0.0011713  -0.00621603
  36    0.0011654  -0.00620371
  37    0.0001606  -0.00718317
  38    0.0001606  -0.00718349
  39    0.0001607  -0.00718455
  40    0.0000506  -0.00591076
 
----------------
 Final Energies 
----------------
Final NOF Total Energy =    -540.9151358
 
Total Orbital Internal Iterations = 10
Total Occupation Internal Iterations = 0
 
Elapsed time:  105.66 Seconds

---------------------------------
   Lowdin Population Analysis    
---------------------------------
 Idx  Atom   Population   Charge 
---------------------------------
  1    Al    13.808      -0.808
  2     F     8.731       0.269
  3     F     8.731       0.269
  4     F     8.731       0.269

---------------------------------
   M Diagnostic: 0.01
---------------------------------

