Computing Integrals
Basis Set                                            = def2-qzvp
Auxiliary Basis Set                                  = def2-universal-jkfit
Gaussian Type                                        = Spherical
Elapsed time:    3.99 Seconds

Number of basis functions                   (NBF)    = 70
Number of auxiliary basis functions         (NBFAUX) = 128
Inactive Doubly occupied orbitals up to     (NO1)    = 0
No. considered Strongly Doubly occupied MOs (NDOC)   = 6
No. considered Strongly Singly occupied MOs (NSOC)   = 3
NO. of Weakly occ. per St. Doubly occ.  MOs (NCWO)   = 1
Dimension of the Nat. Orb. subspace         (NBF5)   = 15
No. of electrons                                     = 15
    No. of alpha electrons                           = 9
    No. of beta electrons                            = 6
Multiplicity                                         = 4

Geometry
========
 P       0.0000000       0.0000000       0.0000000

No violations of the orthonormality
No violations of the orthonormality
 
PNOF7/ADABelief Calculation
==================
 
  Nitext  Nit_orb  Time   Nit_occ  Time         Eelec          Etot           Ediff      maxdiff    MaxGrad_orb  Grad_occ
     1      10    2.0e+01    0    2.3e+01  -340.80111161  -340.80111161 -10339.80111161   0.000012   5.0e-05   1.5e-04 0.05
 
RESULTS OF THE OCCUPATION OPTIMIZATION
========================================
   1    1.9999640  -79.62643724
   2    1.9991791  -6.01745306
   3    1.9991711  -6.01359346
   4    1.9991681  -6.01223952
   5    1.9991622  -6.00943480
   6    1.9545518  -0.70392272
   7    1.0000000  -0.20851418
   8    1.0000000  -0.20527332
   9    1.0000000  -0.20506866
  10    0.0454482  -0.01484118
  11    0.0008378  -0.00661489
  12    0.0008319  -0.00659805
  13    0.0008289  -0.00658936
  14    0.0008209  -0.00656625
  15    0.0000360  -0.00577151
 
----------------
 Final Energies 
----------------
Final NOF Total Energy =    -340.8011116
 
Total Orbital Internal Iterations = 10
Total Occupation Internal Iterations = 0
 
Elapsed time:   56.52 Seconds

---------------------------------
   Lowdin Population Analysis    
---------------------------------
 Idx  Atom   Population   Charge 
---------------------------------
  1     P    15.000      -0.000

---------------------------------
   M Diagnostic: 0.05
---------------------------------

