Computing Integrals
Basis Set                                            = def2-qzvp
Auxiliary Basis Set                                  = def2-universal-jkfit
Gaussian Type                                        = Spherical
Elapsed time:    1.76 Seconds

Number of basis functions                   (NBF)    = 117
Number of auxiliary basis functions         (NBFAUX) = 113
Inactive Doubly occupied orbitals up to     (NO1)    = 0
No. considered Strongly Doubly occupied MOs (NDOC)   = 5
No. considered Strongly Singly occupied MOs (NSOC)   = 0
NO. of Weakly occ. per St. Doubly occ.  MOs (NCWO)   = 1
Dimension of the Nat. Orb. subspace         (NBF5)   = 10
No. of electrons                                     = 10
    No. of alpha electrons                           = 5
    No. of beta electrons                            = 5
Multiplicity                                         = 1

Geometry
========
 O       0.0000000       0.0000000      -0.3893611
 H       0.7629844       0.0000000       0.1946806
 H      -0.7629844       0.0000000       0.1946806

Orthonormality violations 8294, Maximum Violation 0.000071
Trying to orthonormalize
No violations of the orthonormality
No violations of the orthonormality
 
PNOF7/ADABelief Calculation
==================
 
  Nitext  Nit_orb  Time   Nit_occ  Time         Eelec          Etot           Ediff      maxdiff    MaxGrad_orb  Grad_occ
     1      10    9.2e+00    0    1.2e+01   -85.31315326   -76.15465482 -10084.31315326   0.000023   9.1e-05   2.1e-04 0.02
 
RESULTS OF THE OCCUPATION OPTIMIZATION
========================================
   1    1.9997818  -20.55606137
   2    1.9756921  -0.86658629
   3    1.9755477  -0.86577545
   4    1.9877790  -0.76004651
   5    1.9877634  -0.75982072
   6    0.0122366  -0.01232058
   7    0.0122210  -0.01231440
   8    0.0244523  -0.02219715
   9    0.0243079  -0.02214531
  10    0.0002182  -0.00760776
 
----------------
 Final Energies 
----------------
Final NOF Total Energy =     -76.1546548
 
Total Orbital Internal Iterations = 10
Total Occupation Internal Iterations = 0
 
Elapsed time:   28.22 Seconds

---------------------------------
   Lowdin Population Analysis    
---------------------------------
 Idx  Atom   Population   Charge 
---------------------------------
  1     O     7.348       0.652
  2     H     1.326      -0.326
  3     H     1.326      -0.326

---------------------------------
   M Diagnostic: 0.02
---------------------------------

