Computing Integrals
Basis Set                                            = def2-qzvp
Auxiliary Basis Set                                  = def2-universal-jkfit
Gaussian Type                                        = Spherical
Elapsed time:    3.45 Seconds

Number of basis functions                   (NBF)    = 231
Number of auxiliary basis functions         (NBFAUX) = 265
Inactive Doubly occupied orbitals up to     (NO1)    = 0
No. considered Strongly Doubly occupied MOs (NDOC)   = 12
No. considered Strongly Singly occupied MOs (NSOC)   = 0
NO. of Weakly occ. per St. Doubly occ.  MOs (NCWO)   = 1
Dimension of the Nat. Orb. subspace         (NBF5)   = 24
No. of electrons                                     = 24
    No. of alpha electrons                           = 12
    No. of beta electrons                            = 12
Multiplicity                                         = 1

Geometry
========
 C       0.0000000       0.4210350       0.0000000
 H      -0.3830630       1.4480420       0.0000000
 H      -0.6595560      -1.3436440       0.0000000
 O       1.1585180       0.1170880       0.0000000
 O      -1.0281910      -0.4459140       0.0000000

Orthonormality violations 28177, Maximum Violation 0.000117
Trying to orthonormalize
No violations of the orthonormality
No violations of the orthonormality
 
PNOF7/ADABelief Calculation
==================
 
  Nitext  Nit_orb  Time   Nit_occ  Time         Eelec          Etot           Ediff      maxdiff    MaxGrad_orb  Grad_occ
     1      10    1.0e+01    0    1.2e+01  -259.30258914  -189.06781280 -10258.30258914   0.000019   7.6e-05   1.1e-04 0.10
 
RESULTS OF THE OCCUPATION OPTIMIZATION
========================================
   1    1.9997824  -20.60139696
   2    1.9997845  -20.57262325
   3    1.9995613  -11.36141696
   4    1.9851758  -1.14969684
   5    1.9781891  -0.97746362
   6    1.9761438  -0.90766035
   7    1.9890671  -0.82406728
   8    1.9889006  -0.82184304
   9    1.9871385  -0.79269282
  10    1.9874226  -0.78875882
  11    1.9779749  -0.76500544
  12    1.9007660  -0.56055058
  13    0.0992340  -0.04807570
  14    0.0220251  -0.01738687
  15    0.0125774  -0.01219626
  16    0.0128615  -0.01245040
  17    0.0110994  -0.01128104
  18    0.0109329  -0.01121924
  19    0.0238562  -0.02234557
  20    0.0218109  -0.02196105
  21    0.0148242  -0.01783616
  22    0.0004387  -0.00835036
  23    0.0002155  -0.00752385
  24    0.0002176  -0.00759637
 
----------------
 Final Energies 
----------------
Final NOF Total Energy =    -189.0678128
 
Total Orbital Internal Iterations = 10
Total Occupation Internal Iterations = 0
 
Elapsed time:   29.53 Seconds

---------------------------------
   Lowdin Population Analysis    
---------------------------------
 Idx  Atom   Population   Charge 
---------------------------------
  1     C     6.504      -0.504
  2     H     1.094      -0.094
  3     H     1.293      -0.293
  4     O     7.713       0.287
  5     O     7.396       0.604

---------------------------------
   M Diagnostic: 0.10
---------------------------------

