Computing Integrals
Basis Set                                            = def2-qzvp
Auxiliary Basis Set                                  = def2-universal-jkfit
Gaussian Type                                        = Spherical
Elapsed time:    1.66 Seconds

Number of basis functions                   (NBF)    = 100
Number of auxiliary basis functions         (NBFAUX) = 146
Inactive Doubly occupied orbitals up to     (NO1)    = 0
No. considered Strongly Doubly occupied MOs (NDOC)   = 9
No. considered Strongly Singly occupied MOs (NSOC)   = 0
NO. of Weakly occ. per St. Doubly occ.  MOs (NCWO)   = 10
Dimension of the Nat. Orb. subspace         (NBF5)   = 99
No. of electrons                                     = 18
    No. of alpha electrons                           = 9
    No. of beta electrons                            = 9
Multiplicity                                         = 1

Geometry
========
 S       0.7716119       1.3262688      -0.9387166
 H      -0.1907513       1.8427406      -1.7174752

Orthonormality violations 2189, Maximum Violation 0.000048
Trying to orthonormalize
No violations of the orthonormality
No violations of the orthonormality
 
PNOF5/ADABelief Calculation
==================
 
  Nitext  Nit_orb  Time   Nit_occ  Time         Eelec          Etot           Ediff      maxdiff    MaxGrad_orb  Grad_occ
     1      10    9.9e+00    0    1.2e+01  -404.57451355  -398.26258186 -10403.57451355   0.000097   3.9e-04   1.6e-04 0.02
 
RESULTS OF THE OCCUPATION OPTIMIZATION
========================================
   1    1.9999495  -89.45002056
   2    1.9998157  -8.81089126
   3    1.9997678  -8.26371435
   4    1.9994064  -6.42668855
   5    1.9992762  -6.36693082
   6    1.9814854  -0.42000780
   7    1.9817896  -0.24724901
   8    1.9789945  -0.24631573
   9    1.9789173  -0.24468423
  10    0.0101322  -0.00505135
  11    0.0101046  -0.00505040
  12    0.0103186  -0.00514242
  13    0.0099148  -0.00682191
  14    0.0002684  -0.00317163
  15    0.0002737  -0.00315062
  16    0.0002288  -0.00284425
  17    0.0001822  -0.00235576
  18    0.0000377  -0.00655871
  19    0.0063042  -0.00330045
  20    0.0063066  -0.00330452
  21    0.0058927  -0.00316954
  22    0.0043963  -0.00360784
  23    0.0001986  -0.00196478
  24    0.0001932  -0.00199924
  25    0.0000008  -0.00000315
  26    0.0000004  -0.00000069
  27    0.0000054  -0.00057504
  28    0.0037795  -0.00223092
  29    0.0037397  -0.00222249
  30    0.0011262  -0.00101858
  31    0.0018570  -0.00182242
  32    0.0001284  -0.00126054
  33    0.0001221  -0.00123475
  34    0.0000005  -0.00000029
  35    0.0000004  -0.00000067
  36    0.0000031  -0.00032064
  37    0.0005390  -0.00049849
  38    0.0005177  -0.00048144
  39    0.0003518  -0.00037006
  40    0.0018269  -0.00178780
  41    0.0001228  -0.00121689
  42    0.0000017  -0.00000430
  43    0.0000005  -0.00000053
  44    0.0000003  -0.00000092
  45    0.0000030  -0.00031023
  46    0.0001207  -0.00014130
  47    0.0001148  -0.00014590
  48    0.0001525  -0.00018277
  49    0.0001213  -0.00016991
  50    0.0000013  -0.00000387
  51    0.0000008  -0.00000121
  52    0.0000004  0.00000030
  53    0.0000002  0.00000072
  54    0.0000011  -0.00028672
  55    0.0000700  -0.00010895
  56    0.0000820  -0.00011161
  57    0.0001188  -0.00015308
  58    0.0001194  -0.00016826
  59    0.0000012  -0.00000184
  60    0.0000007  0.00000013
  61    0.0000003  0.00000023
  62    0.0000002  0.00000061
  63    0.0000001  0.00000030
  64    0.0000518  -0.00009633
  65    0.0000577  -0.00010070
  66    0.0001043  -0.00011883
  67    0.0000795  -0.00013083
  68    0.0000011  -0.00000124
  69    0.0000004  0.00000046
  70    0.0000003  -0.00000069
  71    0.0000002  0.00000053
  72    0.0000001  0.00000026
  73    0.0000405  -0.00007922
  74    0.0000356  -0.00007601
  75    0.0000806  -0.00009904
  76    0.0000691  -0.00011343
  77    0.0000008  0.00000024
  78    0.0000004  0.00000047
  79    0.0000002  0.00000067
  80    0.0000002  0.00000052
  81    0.0000001  0.00000024
  82    0.0000291  -0.00006252
  83    0.0000328  -0.00006552
  84    0.0000474  -0.00007927
  85    0.0000686  -0.00011211
  86    0.0000006  0.00000029
  87    0.0000004  0.00000044
  88    0.0000002  0.00000066
  89    0.0000001  0.00000049
  90    0.0000001  0.00000024
  91    0.0000157  -0.00001895
  92    0.0000140  -0.00001754
  93    0.0000174  -0.00001884
  94    0.0000619  -0.00013531
  95    0.0000006  0.00000012
  96    0.0000003  0.00000047
  97    0.0000002  0.00000064
  98    0.0000001  0.00000046
  99    0.0000000  0.00000022
 
----------------
 Final Energies 
----------------
Final NOF Total Energy =    -398.2625819
 
Total Orbital Internal Iterations = 10
Total Occupation Internal Iterations = 0
 
Elapsed time:   28.97 Seconds

---------------------------------
   Lowdin Population Analysis    
---------------------------------
 Idx  Atom   Population   Charge 
---------------------------------
  1     S    16.578      -0.578
  2     H     1.422      -0.422

---------------------------------
   M Diagnostic: 0.02
---------------------------------

