Computing Integrals
Basis Set                                            = def2-qzvp
Auxiliary Basis Set                                  = def2-universal-jkfit
Gaussian Type                                        = Spherical
Elapsed time:    8.02 Seconds

Number of basis functions                   (NBF)    = 247
Number of auxiliary basis functions         (NBFAUX) = 277
Inactive Doubly occupied orbitals up to     (NO1)    = 0
No. considered Strongly Doubly occupied MOs (NDOC)   = 14
No. considered Strongly Singly occupied MOs (NSOC)   = 0
NO. of Weakly occ. per St. Doubly occ.  MOs (NCWO)   = 16
Dimension of the Nat. Orb. subspace         (NBF5)   = 238
No. of electrons                                     = 28
    No. of alpha electrons                           = 14
    No. of beta electrons                            = 14
Multiplicity                                         = 1

Geometry
========
 S       0.7716119       1.3262688      -0.9387166
 H      -0.1907513       1.8427406      -1.7174752
 N      -1.1495506      -0.0399443       1.5977359
 H      -0.7993897      -0.9919745       1.5888383
 H      -0.7131478       0.3976979       2.4021449
 H      -0.7006725       0.4080986       0.7846342

Orthonormality violations 23478, Maximum Violation 0.000126
Trying to orthonormalize
No violations of the orthonormality
No violations of the orthonormality
 
PNOF5/ADABelief Calculation
==================
 
  Nitext  Nit_orb  Time   Nit_occ  Time         Eelec          Etot           Ediff      maxdiff    MaxGrad_orb  Grad_occ
     1      10    1.5e+01    0    1.3e+01  -499.23935825  -454.61928077 -10498.23935825   0.000095   3.8e-04   1.7e-04 0.02
 
RESULTS OF THE OCCUPATION OPTIMIZATION
========================================
   1    1.9999328  -82.28654918
   2    1.9999989  -18.05323438
   3    1.9996407  -15.37589334
   4    1.9993173  -6.34861454
   5    1.9995666  -6.34729355
   6    1.9994464  -6.34626870
   7    1.9791548  -0.62988231
   8    1.9791204  -0.62983577
   9    1.9818445  -0.61630134
  10    1.9812783  -0.43484599
  11    1.9845381  -0.39902756
  12    1.9814552  -0.26555349
  13    1.9795397  -0.26539435
  14    1.9817259  -0.26486132
  15    0.0099352  -0.00511547
  16    0.0090685  -0.00478859
  17    0.0098800  -0.00509722
  18    0.0124587  -0.00916540
  19    0.0101276  -0.00699560
  20    0.0131603  -0.01155738
  21    0.0153995  -0.01288956
  22    0.0153424  -0.01286930
  23    0.0002636  -0.00316919
  24    0.0002720  -0.00324834
  25    0.0002714  -0.00322619
  26    0.0002612  -0.00720922
  27    0.0000004  -0.00001787
  28    0.0000561  -0.00828297
  29    0.0056465  -0.00314645
  30    0.0061847  -0.00337163
  31    0.0056567  -0.00315860
  32    0.0011151  -0.00137854
  33    0.0042433  -0.00354474
  34    0.0022786  -0.00290478
  35    0.0027590  -0.00328847
  36    0.0027765  -0.00329627
  37    0.0001634  -0.00159504
  38    0.0001587  -0.00155860
  39    0.0001614  -0.00157383
  40    0.0000352  -0.00069983
  41    0.0000001  -0.00000022
  42    0.0000032  -0.00031231
  43    0.0017062  -0.00134250
  44    0.0039664  -0.00236390
  45    0.0020010  -0.00149900
  46    0.0007266  -0.00098738
  47    0.0019551  -0.00188143
  48    0.0012004  -0.00166906
  49    0.0012214  -0.00166584
  50    0.0012239  -0.00166701
  51    0.0001248  -0.00123283
  52    0.0000007  0.00000035
  53    0.0001259  -0.00123976
  54    0.0000339  -0.00067418
  55    0.0000001  0.00000019
  56    0.0000030  -0.00029326
  57    0.0004528  -0.00042834
  58    0.0010086  -0.00076038
  59    0.0004599  -0.00043632
  60    0.0006615  -0.00092879
  61    0.0018128  -0.00177607
  62    0.0011174  -0.00157770
  63    0.0010798  -0.00152140
  64    0.0010823  -0.00152274
  65    0.0000005  0.00000041
  66    0.0000002  0.00000032
  67    0.0001213  -0.00119740
  68    0.0000233  -0.00046588
  69    0.0000001  0.00000018
  70    0.0000030  -0.00028692
  71    0.0001729  -0.00019866
  72    0.0000668  -0.00010613
  73    0.0001690  -0.00019476
  74    0.0001090  -0.00022285
  75    0.0001147  -0.00016489
  76    0.0000786  -0.00019334
  77    0.0000767  -0.00018201
  78    0.0000778  -0.00018286
  79    0.0000002  0.00000037
  80    0.0000002  0.00000031
  81    0.0000008  -0.00000022
  82    0.0000033  -0.00021732
  83    0.0000000  0.00000017
  84    0.0000016  -0.00042768
  85    0.0001073  -0.00013789
  86    0.0000512  -0.00008970
  87    0.0001132  -0.00013884
  88    0.0001056  -0.00021688
  89    0.0001096  -0.00016179
  90    0.0000697  -0.00016738
  91    0.0000689  -0.00017009
  92    0.0000690  -0.00016712
  93    0.0000002  0.00000036
  94    0.0000002  0.00000037
  95    0.0000005  0.00000053
  96    0.0000006  -0.00000494
  97    0.0000000  0.00000018
  98    0.0000001  0.00000027
  99    0.0000993  -0.00011657
 100    0.0000386  -0.00008356
 101    0.0000865  -0.00011147
 102    0.0000945  -0.00019096
 103    0.0000748  -0.00012676
 104    0.0000559  -0.00015668
 105    0.0000685  -0.00016091
 106    0.0000690  -0.00016422
 107    0.0000002  0.00000037
 108    0.0000002  0.00000037
 109    0.0000003  0.00000039
 110    0.0000005  -0.00000426
 111    0.0000000  0.00000017
 112    0.0000000  0.00000014
 113    0.0000494  -0.00008348
 114    0.0000285  -0.00007387
 115    0.0000741  -0.00009215
 116    0.0000833  -0.00017633
 117    0.0000639  -0.00010938
 118    0.0000507  -0.00013511
 119    0.0000516  -0.00012675
 120    0.0000505  -0.00012602
 121    0.0000001  0.00000033
 122    0.0000002  0.00000037
 123    0.0000002  0.00000039
 124    0.0000003  -0.00000264
 125    0.0000000  0.00000017
 126    0.0000000  0.00000013
 127    0.0000467  -0.00007687
 128    0.0000178  -0.00004764
 129    0.0000357  -0.00007091
 130    0.0000633  -0.00017126
 131    0.0000608  -0.00011636
 132    0.0000492  -0.00012011
 133    0.0000473  -0.00011456
 134    0.0000477  -0.00011480
 135    0.0000001  0.00000030
 136    0.0000001  0.00000035
 137    0.0000002  0.00000040
 138    0.0000002  -0.00000150
 139    0.0000000  0.00000018
 140    0.0000000  0.00000011
 141    0.0000151  -0.00001617
 142    0.0000083  -0.00001421
 143    0.0000159  -0.00001682
 144    0.0000098  -0.00002855
 145    0.0000601  -0.00012010
 146    0.0000271  -0.00008359
 147    0.0000354  -0.00011158
 148    0.0000358  -0.00011200
 149    0.0000001  0.00000027
 150    0.0000001  0.00000034
 151    0.0000001  0.00000034
 152    0.0000002  -0.00000135
 153    0.0000000  0.00000017
 154    0.0000000  0.00000010
 155    0.0000110  -0.00001333
 156    0.0000058  -0.00001164
 157    0.0000136  -0.00001544
 158    0.0000083  -0.00002592
 159    0.0000288  -0.00006660
 160    0.0000196  -0.00006797
 161    0.0000226  -0.00007025
 162    0.0000221  -0.00006991
 163    0.0000001  0.00000029
 164    0.0000001  0.00000035
 165    0.0000001  0.00000036
 166    0.0000002  -0.00000897
 167    0.0000000  0.00000017
 168    0.0000000  0.00000008
 169    0.0000106  -0.00001572
 170    0.0000043  -0.00000708
 171    0.0000111  -0.00001529
 172    0.0000082  -0.00002611
 173    0.0000282  -0.00006615
 174    0.0000135  -0.00004331
 175    0.0000157  -0.00004789
 176    0.0000147  -0.00004728
 177    0.0000001  0.00000028
 178    0.0000001  0.00000035
 179    0.0000001  0.00000035
 180    0.0000001  0.00000017
 181    0.0000000  0.00000017
 182    0.0000000  0.00000007
 183    0.0000076  -0.00001262
 184    0.0000034  -0.00000287
 185    0.0000090  -0.00001519
 186    0.0000065  -0.00002241
 187    0.0000211  -0.00004762
 188    0.0000121  -0.00004064
 189    0.0000122  -0.00004157
 190    0.0000123  -0.00004180
 191    0.0000001  0.00000027
 192    0.0000001  0.00000035
 193    0.0000001  0.00000035
 194    0.0000001  0.00000029
 195    0.0000000  0.00000017
 196    0.0000000  0.00000007
 197    0.0000063  -0.00000613
 198    0.0000031  -0.00000072
 199    0.0000080  -0.00001082
 200    0.0000048  -0.00001815
 201    0.0000083  -0.00002289
 202    0.0000085  -0.00002880
 203    0.0000082  -0.00002944
 204    0.0000082  -0.00002944
 205    0.0000001  0.00000028
 206    0.0000001  0.00000033
 207    0.0000001  0.00000034
 208    0.0000001  0.00000020
 209    0.0000000  0.00000017
 210    0.0000000  0.00000006
 211    0.0000041  -0.00000739
 212    0.0000028  -0.00000054
 213    0.0000064  -0.00000757
 214    0.0000040  -0.00001655
 215    0.0000072  -0.00002191
 216    0.0000079  -0.00002901
 217    0.0000076  -0.00002778
 218    0.0000073  -0.00002749
 219    0.0000001  0.00000028
 220    0.0000001  0.00000028
 221    0.0000001  0.00000032
 222    0.0000001  0.00000020
 223    0.0000000  0.00000016
 224    0.0000000  0.00000006
 225    0.0000030  -0.00000086
 226    0.0000015  -0.00000070
 227    0.0000050  -0.00000512
 228    0.0000029  -0.00001266
 229    0.0000054  -0.00001433
 230    0.0000061  -0.00002238
 231    0.0000052  -0.00002093
 232    0.0000056  -0.00002123
 233    0.0000001  0.00000027
 234    0.0000001  0.00000025
 235    0.0000001  0.00000029
 236    0.0000001  0.00000015
 237    0.0000000  0.00000013
 238    0.0000000  0.00000005
 
----------------
 Final Energies 
----------------
Final NOF Total Energy =    -454.6192808
 
Total Orbital Internal Iterations = 10
Total Occupation Internal Iterations = 0
 
Elapsed time:   38.16 Seconds

---------------------------------
   Lowdin Population Analysis    
---------------------------------
 Idx  Atom   Population   Charge 
---------------------------------
  1     S    16.445      -0.445
  2     H     1.413      -0.413
  3     N     6.475       0.525
  4     H     1.214      -0.214
  5     H     1.214      -0.214
  6     H     1.240      -0.240

---------------------------------
   M Diagnostic: 0.02
---------------------------------

