Computing Integrals
Basis Set                                            = def2-qzvp
Auxiliary Basis Set                                  = def2-universal-jkfit
Gaussian Type                                        = Spherical
Elapsed time:    1.67 Seconds

Number of basis functions                   (NBF)    = 70
Number of auxiliary basis functions         (NBFAUX) = 128
Inactive Doubly occupied orbitals up to     (NO1)    = 0
No. considered Strongly Doubly occupied MOs (NDOC)   = 9
No. considered Strongly Singly occupied MOs (NSOC)   = 0
NO. of Weakly occ. per St. Doubly occ.  MOs (NCWO)   = 6
Dimension of the Nat. Orb. subspace         (NBF5)   = 63
No. of electrons                                     = 18
    No. of alpha electrons                           = 9
    No. of beta electrons                            = 9
Multiplicity                                         = 1

Geometry
========
Cl       0.0000000       0.0000000       0.0000000

No violations of the orthonormality
No violations of the orthonormality
 
PNOF5/ADABelief Calculation
==================
 
  Nitext  Nit_orb  Time   Nit_occ  Time         Eelec          Etot           Ediff      maxdiff    MaxGrad_orb  Grad_occ
     1      10    9.0e+00    0    1.2e+01  -459.67366243  -459.67366243 -10458.67366243   0.000096   3.8e-04   1.8e-04 0.01
 
RESULTS OF THE OCCUPATION OPTIMIZATION
========================================
   1    1.9999293  -94.31385839
   2    1.9999961  -20.41467855
   3    1.9995288  -7.68362860
   4    1.9995500  -7.68352763
   5    1.9996676  -7.68311125
   6    1.9894373  -0.32352030
   7    1.9867043  -0.31720932
   8    1.9840827  -0.31596496
   9    1.9841431  -0.31398502
  10    0.0079894  -0.00508646
  11    0.0079118  -0.00505562
  12    0.0082589  -0.00522610
  13    0.0082994  -0.00530349
  14    0.0001857  -0.00232121
  15    0.0001809  -0.00230962
  16    0.0001938  -0.00234504
  17    0.0000030  -0.00004035
  18    0.0000503  -0.00838586
  19    0.0039538  -0.00271530
  20    0.0038684  -0.00268055
  21    0.0035939  -0.00255308
  22    0.0008396  -0.00095766
  23    0.0001413  -0.00184400
  24    0.0001510  -0.00180949
  25    0.0001579  -0.00205876
  26    0.0000003  -0.00000551
  27    0.0000063  -0.00072063
  28    0.0032901  -0.00238049
  29    0.0035304  -0.00251208
  30    0.0008118  -0.00093824
  31    0.0007303  -0.00086478
  32    0.0000021  -0.00002998
  33    0.0001125  -0.00134937
  34    0.0001150  -0.00136937
  35    0.0000002  -0.00000029
  36    0.0000063  -0.00071738
  37    0.0004573  -0.00052697
  38    0.0004819  -0.00054697
  39    0.0003934  -0.00045452
  40    0.0003531  -0.00039979
  41    0.0000016  -0.00000354
  42    0.0000030  -0.00007243
  43    0.0000019  -0.00001192
  44    0.0000001  -0.00000032
  45    0.0000063  -0.00071371
  46    0.0000986  -0.00012146
  47    0.0000930  -0.00012030
  48    0.0001563  -0.00020238
  49    0.0001748  -0.00022831
  50    0.0000009  -0.00000026
  51    0.0000015  -0.00000251
  52    0.0000015  -0.00000368
  53    0.0000001  -0.00000051
  54    0.0000014  -0.00043218
  55    0.0000677  -0.00010621
  56    0.0000318  -0.00007651
  57    0.0000813  -0.00012379
  58    0.0001657  -0.00021737
  59    0.0000008  -0.00000015
  60    0.0000010  -0.00000003
  61    0.0000012  -0.00000003
  62    0.0000001  -0.00000004
  63    0.0000001  0.00000016
 
----------------
 Final Energies 
----------------
Final NOF Total Energy =    -459.6736624
 
Total Orbital Internal Iterations = 10
Total Occupation Internal Iterations = 0
 
Elapsed time:   26.63 Seconds

---------------------------------
   Lowdin Population Analysis    
---------------------------------
 Idx  Atom   Population   Charge 
---------------------------------
  1    Cl    18.000      -1.000

---------------------------------
   M Diagnostic: 0.01
---------------------------------

