Computing Integrals
Basis Set                                            = def2-qzvp
Auxiliary Basis Set                                  = def2-universal-jkfit
Gaussian Type                                        = Spherical
Elapsed time:    3.60 Seconds

Number of basis functions                   (NBF)    = 287
Number of auxiliary basis functions         (NBFAUX) = 385
Inactive Doubly occupied orbitals up to     (NO1)    = 0
No. considered Strongly Doubly occupied MOs (NDOC)   = 22
No. considered Strongly Singly occupied MOs (NSOC)   = 0
NO. of Weakly occ. per St. Doubly occ.  MOs (NCWO)   = 12
Dimension of the Nat. Orb. subspace         (NBF5)   = 286
No. of electrons                                     = 44
    No. of alpha electrons                           = 22
    No. of beta electrons                            = 22
Multiplicity                                         = 1

Geometry
========
Cl      -0.0002746       0.0192429       2.3225374
 C       0.0002134       0.0002029      -0.0000524
 H       0.7609800      -0.7510163       0.0064136
 H      -1.0307506      -0.2830071       0.0021836
 H       0.2704285       1.0346447      -0.0086604
Cl      -0.0005966      -0.0200671      -2.3224218

Orthonormality violations 29677, Maximum Violation 0.000167
Trying to orthonormalize
No violations of the orthonormality
No violations of the orthonormality
 
PNOF5/ADABelief Calculation
==================
 
  Nitext  Nit_orb  Time   Nit_occ  Time         Eelec          Etot           Ediff      maxdiff    MaxGrad_orb  Grad_occ
     1      10    1.5e+01    0    1.2e+01 -1069.30425285  -959.02491488 -11068.30425285   0.000098   3.9e-04   1.4e-04 0.02
 
RESULTS OF THE OCCUPATION OPTIMIZATION
========================================
   1    1.9999295  -94.84276703
   2    1.9999317  -94.20506318
   3    1.9999995  -20.69616057
   4    1.9999961  -19.82300515
   5    1.9994408  -11.17610114
   6    1.9998127  -8.00357520
   7    1.9994204  -7.77181076
   8    1.9996803  -7.76992505
   9    1.9995293  -7.76988048
  10    1.9994537  -7.76843492
  11    1.9995662  -7.76838835
  12    1.9785796  -0.60547648
  13    1.9785931  -0.60546492
  14    1.9785762  -0.60545042
  15    1.9914923  -0.45052754
  16    1.9914806  -0.44898474
  17    1.9866450  -0.41322895
  18    1.9873344  -0.41292149
  19    1.9863875  -0.41252698
  20    1.9849940  -0.40843700
  21    1.9846110  -0.40559648
  22    1.9842731  -0.40409948
  23    0.0073703  -0.00514123
  24    0.0073442  -0.00512866
  25    0.0073020  -0.00512407
  26    0.0073540  -0.00518685
  27    0.0074366  -0.00524222
  28    0.0073282  -0.00518562
  29    0.0064362  -0.00488034
  30    0.0064376  -0.00489152
  31    0.0134794  -0.01093215
  32    0.0134387  -0.01091824
  33    0.0134724  -0.01092923
  34    0.0001824  -0.00235714
  35    0.0001807  -0.00237922
  36    0.0001858  -0.00221502
  37    0.0001842  -0.00233966
  38    0.0001851  -0.00221467
  39    0.0001867  -0.00243990
  40    0.0003741  -0.00744610
  41    0.0000036  -0.00011807
  42    0.0000001  -0.00000866
  43    0.0000483  -0.00817976
  44    0.0000492  -0.00828722
  45    0.0040895  -0.00306014
  46    0.0040583  -0.00304205
  47    0.0039261  -0.00299209
  48    0.0037967  -0.00293358
  49    0.0035409  -0.00279748
  50    0.0037303  -0.00290021
  51    0.0007710  -0.00090946
  52    0.0007374  -0.00088803
  53    0.0031019  -0.00332900
  54    0.0031076  -0.00333022
  55    0.0031024  -0.00332934
  56    0.0001359  -0.00168563
  57    0.0001395  -0.00167705
  58    0.0001720  -0.00232592
  59    0.0001334  -0.00171293
  60    0.0001676  -0.00220976
  61    0.0000001  -0.00000035
  62    0.0000656  -0.00088091
  63    0.0000001  -0.00000385
  64    0.0000001  0.00000020
  65    0.0000062  -0.00070509
  66    0.0000076  -0.00088059
  67    0.0033834  -0.00263190
  68    0.0032006  -0.00253876
  69    0.0029846  -0.00243130
  70    0.0017294  -0.00169581
  71    0.0009785  -0.00110960
  72    0.0015638  -0.00156861
  73    0.0007447  -0.00088158
  74    0.0007311  -0.00087631
  75    0.0025253  -0.00303364
  76    0.0025345  -0.00303669
  77    0.0025263  -0.00303445
  78    0.0001138  -0.00136848
  79    0.0001178  -0.00139010
  80    0.0001113  -0.00132510
  81    0.0000003  -0.00000106
  82    0.0001182  -0.00139399
  83    0.0000001  0.00000025
  84    0.0000555  -0.00081625
  85    0.0000000  0.00000012
  86    0.0000000  0.00000015
  87    0.0000061  -0.00070201
  88    0.0000061  -0.00070412
  89    0.0007345  -0.00072193
  90    0.0005909  -0.00064747
  91    0.0005193  -0.00059788
  92    0.0003980  -0.00047288
  93    0.0002925  -0.00036132
  94    0.0003842  -0.00045977
  95    0.0003628  -0.00046447
  96    0.0003378  -0.00044025
  97    0.0017343  -0.00215315
  98    0.0017421  -0.00215660
  99    0.0017356  -0.00215363
 100    0.0000004  -0.00000121
 101    0.0001064  -0.00129899
 102    0.0000004  -0.00000042
 103    0.0000002  0.00000017
 104    0.0001067  -0.00131889
 105    0.0000001  0.00000018
 106    0.0000555  -0.00081594
 107    0.0000000  0.00000010
 108    0.0000000  0.00000014
 109    0.0000061  -0.00069567
 110    0.0000061  -0.00069856
 111    0.0000386  -0.00007876
 112    0.0000495  -0.00010200
 113    0.0000762  -0.00013357
 114    0.0001015  -0.00016254
 115    0.0001288  -0.00019410
 116    0.0001039  -0.00016466
 117    0.0000633  -0.00011886
 118    0.0000779  -0.00013221
 119    0.0001231  -0.00023162
 120    0.0001237  -0.00023194
 121    0.0001230  -0.00023147
 122    0.0000003  0.00000012
 123    0.0000007  -0.00000381
 124    0.0000002  0.00000021
 125    0.0000002  0.00000020
 126    0.0000005  0.00000007
 127    0.0000000  0.00000016
 128    0.0000057  -0.00027998
 129    0.0000000  0.00000010
 130    0.0000000  0.00000013
 131    0.0000014  -0.00042787
 132    0.0000013  -0.00041206
 133    0.0000352  -0.00007594
 134    0.0000437  -0.00008555
 135    0.0000665  -0.00010736
 136    0.0000804  -0.00013656
 137    0.0001231  -0.00018521
 138    0.0000885  -0.00014726
 139    0.0000480  -0.00010048
 140    0.0000721  -0.00012552
 141    0.0000969  -0.00019926
 142    0.0000968  -0.00019828
 143    0.0000970  -0.00019930
 144    0.0000002  0.00000024
 145    0.0000003  0.00000014
 146    0.0000002  0.00000023
 147    0.0000002  0.00000022
 148    0.0000004  0.00000001
 149    0.0000000  0.00000015
 150    0.0000006  -0.00000724
 151    0.0000000  0.00000010
 152    0.0000000  0.00000013
 153    0.0000000  0.00000016
 154    0.0000000  0.00000015
 155    0.0000315  -0.00007781
 156    0.0000415  -0.00008301
 157    0.0000477  -0.00008582
 158    0.0000524  -0.00008508
 159    0.0000486  -0.00008437
 160    0.0000536  -0.00008608
 161    0.0000305  -0.00006867
 162    0.0000377  -0.00007434
 163    0.0000949  -0.00018249
 164    0.0000961  -0.00018415
 165    0.0000952  -0.00018274
 166    0.0000002  0.00000019
 167    0.0000002  0.00000021
 168    0.0000002  0.00000029
 169    0.0000002  0.00000026
 170    0.0000003  0.00000012
 171    0.0000000  0.00000016
 172    0.0000006  -0.00000507
 173    0.0000000  0.00000009
 174    0.0000000  0.00000013
 175    0.0000000  0.00000012
 176    0.0000000  0.00000012
 177    0.0000170  -0.00005985
 178    0.0000258  -0.00007085
 179    0.0000330  -0.00007670
 180    0.0000452  -0.00008316
 181    0.0000459  -0.00008366
 182    0.0000465  -0.00008363
 183    0.0000237  -0.00006270
 184    0.0000371  -0.00007322
 185    0.0000907  -0.00018352
 186    0.0000906  -0.00018362
 187    0.0000908  -0.00018332
 188    0.0000001  0.00000031
 189    0.0000002  0.00000025
 190    0.0000001  0.00000033
 191    0.0000002  0.00000026
 192    0.0000002  0.00000021
 193    0.0000000  0.00000016
 194    0.0000004  -0.00000468
 195    0.0000000  0.00000009
 196    0.0000000  0.00000013
 197    0.0000000  0.00000009
 198    0.0000000  0.00000009
 199    0.0000121  -0.00004327
 200    0.0000181  -0.00005338
 201    0.0000283  -0.00006317
 202    0.0000323  -0.00006154
 203    0.0000362  -0.00006886
 204    0.0000301  -0.00006046
 205    0.0000158  -0.00003977
 206    0.0000204  -0.00004015
 207    0.0000722  -0.00016462
 208    0.0000720  -0.00016452
 209    0.0000724  -0.00016453
 210    0.0000001  0.00000030
 211    0.0000002  0.00000034
 212    0.0000001  0.00000032
 213    0.0000002  0.00000026
 214    0.0000002  0.00000025
 215    0.0000000  0.00000015
 216    0.0000004  -0.00000428
 217    0.0000000  0.00000009
 218    0.0000000  0.00000012
 219    0.0000000  0.00000008
 220    0.0000000  0.00000009
 221    0.0000062  -0.00001437
 222    0.0000081  -0.00001859
 223    0.0000086  -0.00001850
 224    0.0000090  -0.00001671
 225    0.0000134  -0.00001561
 226    0.0000095  -0.00001490
 227    0.0000086  -0.00001808
 228    0.0000067  -0.00000970
 229    0.0000486  -0.00012747
 230    0.0000488  -0.00012774
 231    0.0000486  -0.00012758
 232    0.0000001  0.00000033
 233    0.0000001  0.00000029
 234    0.0000001  0.00000031
 235    0.0000002  0.00000028
 236    0.0000002  0.00000031
 237    0.0000000  0.00000015
 238    0.0000003  -0.00000398
 239    0.0000000  0.00000009
 240    0.0000000  0.00000012
 241    0.0000000  0.00000008
 242    0.0000000  0.00000008
 243    0.0000049  -0.00001089
 244    0.0000052  -0.00001152
 245    0.0000072  -0.00001185
 246    0.0000077  -0.00001138
 247    0.0000111  -0.00001544
 248    0.0000090  -0.00001590
 249    0.0000076  -0.00001094
 250    0.0000065  -0.00001253
 251    0.0000284  -0.00008485
 252    0.0000294  -0.00008547
 253    0.0000289  -0.00008530
 254    0.0000001  0.00000030
 255    0.0000001  0.00000030
 256    0.0000001  0.00000030
 257    0.0000002  0.00000030
 258    0.0000001  0.00000032
 259    0.0000000  0.00000015
 260    0.0000003  -0.00001416
 261    0.0000000  0.00000009
 262    0.0000000  0.00000011
 263    0.0000000  0.00000008
 264    0.0000000  0.00000008
 265    0.0000038  -0.00000899
 266    0.0000033  -0.00000891
 267    0.0000065  -0.00000801
 268    0.0000059  -0.00000902
 269    0.0000101  -0.00001652
 270    0.0000074  -0.00001316
 271    0.0000072  -0.00000849
 272    0.0000054  -0.00000776
 273    0.0000281  -0.00008304
 274    0.0000265  -0.00008214
 275    0.0000277  -0.00008294
 276    0.0000001  0.00000031
 277    0.0000001  0.00000035
 278    0.0000001  0.00000033
 279    0.0000002  0.00000032
 280    0.0000001  0.00000030
 281    0.0000000  0.00000014
 282    0.0000002  0.00000001
 283    0.0000000  0.00000009
 284    0.0000000  0.00000011
 285    0.0000000  0.00000007
 286    0.0000000  0.00000007
 
----------------
 Final Energies 
----------------
Final NOF Total Energy =    -959.0249149
 
Total Orbital Internal Iterations = 10
Total Occupation Internal Iterations = 0
 
Elapsed time:   36.71 Seconds

---------------------------------
   Lowdin Population Analysis    
---------------------------------
 Idx  Atom   Population   Charge 
---------------------------------
  1    Cl    17.428      -0.428
  2     C     5.848       0.152
  3     H     1.099      -0.099
  4     H     1.099      -0.099
  5     H     1.099      -0.099
  6    Cl    17.428      -0.428

---------------------------------
   M Diagnostic: 0.02
---------------------------------

