Computing Integrals
Basis Set                                            = def2-qzvp
Auxiliary Basis Set                                  = def2-universal-jkfit
Gaussian Type                                        = Spherical
Elapsed time:    2.64 Seconds

Number of basis functions                   (NBF)    = 217
Number of auxiliary basis functions         (NBFAUX) = 257
Inactive Doubly occupied orbitals up to     (NO1)    = 0
No. considered Strongly Doubly occupied MOs (NDOC)   = 13
No. considered Strongly Singly occupied MOs (NSOC)   = 0
NO. of Weakly occ. per St. Doubly occ.  MOs (NCWO)   = 15
Dimension of the Nat. Orb. subspace         (NBF5)   = 208
No. of electrons                                     = 26
    No. of alpha electrons                           = 13
    No. of beta electrons                            = 13
Multiplicity                                         = 1

Geometry
========
 C       0.0000000       0.0000000      -0.1499170
Cl       0.0000000       0.0000000       1.6328018
 H      -0.5139978      -0.8902703      -0.4942949
 H      -0.5139978       0.8902703      -0.4942949
 H       1.0279956       0.0000000      -0.4942949

Orthonormality violations 26228, Maximum Violation 0.000190
Trying to orthonormalize
No violations of the orthonormality
No violations of the orthonormality
 
PNOF5/ADABelief Calculation
==================
 
  Nitext  Nit_orb  Time   Nit_occ  Time         Eelec          Etot           Ediff      maxdiff    MaxGrad_orb  Grad_occ
     1      10    1.1e+01    0    1.2e+01  -550.74706239  -499.36867623 -10549.74706239   0.000098   3.9e-04   1.9e-04 0.02
 
RESULTS OF THE OCCUPATION OPTIMIZATION
========================================
   1    1.9999303  -95.37404823
   2    1.9999948  -19.66773128
   3    1.9994488  -11.28451694
   4    1.9997969  -8.36543061
   5    1.9995423  -8.00846523
   6    1.9994286  -8.00759973
   7    1.9874594  -0.79391953
   8    1.9783887  -0.71712484
   9    1.9783749  -0.71708918
  10    1.9782855  -0.71699909
  11    1.9872571  -0.65479320
  12    1.9856688  -0.64715915
  13    1.9842908  -0.64075586
  14    0.0063574  -0.00552943
  15    0.0061867  -0.00545649
  16    0.0059671  -0.00538264
  17    0.0140438  -0.01184323
  18    0.0139676  -0.01181890
  19    0.0139656  -0.01181687
  20    0.0101695  -0.00944173
  21    0.0001820  -0.00218899
  22    0.0001913  -0.00233022
  23    0.0002019  -0.00264169
  24    0.0003854  -0.00762769
  25    0.0000049  -0.00013922
  26    0.0000485  -0.00822096
  27    0.0053207  -0.00459562
  28    0.0052393  -0.00455056
  29    0.0048182  -0.00432270
  30    0.0033028  -0.00375357
  31    0.0033011  -0.00375554
  32    0.0032954  -0.00375249
  33    0.0009156  -0.00126056
  34    0.0001662  -0.00224027
  35    0.0001491  -0.00203997
  36    0.0000006  0.00000033
  37    0.0000529  -0.00077892
  38    0.0000001  -0.00000323
  39    0.0000079  -0.00094212
  40    0.0029936  -0.00284615
  41    0.0020485  -0.00219048
  42    0.0010531  -0.00139241
  43    0.0019556  -0.00238386
  44    0.0019612  -0.00239264
  45    0.0019562  -0.00238798
  46    0.0006657  -0.00100756
  47    0.0001167  -0.00139460
  48    0.0001149  -0.00140131
  49    0.0000001  0.00000012
  50    0.0000529  -0.00077829
  51    0.0000000  0.00000013
  52    0.0000059  -0.00067925
  53    0.0008148  -0.00095020
  54    0.0004938  -0.00067063
  55    0.0003802  -0.00055253
  56    0.0018076  -0.00222277
  57    0.0017971  -0.00221712
  58    0.0017949  -0.00221613
  59    0.0006289  -0.00098004
  60    0.0001041  -0.00131241
  61    0.0000011  0.00000041
  62    0.0000001  0.00000017
  63    0.0000506  -0.00072596
  64    0.0000000  0.00000009
  65    0.0000058  -0.00067284
  66    0.0000680  -0.00015034
  67    0.0001261  -0.00022067
  68    0.0001712  -0.00026376
  69    0.0001097  -0.00021029
  70    0.0001085  -0.00020964
  71    0.0001086  -0.00020977
  72    0.0000470  -0.00011060
  73    0.0000005  0.00000019
  74    0.0000003  0.00000010
  75    0.0000001  0.00000016
  76    0.0000059  -0.00028623
  77    0.0000000  0.00000008
  78    0.0000013  -0.00040055
  79    0.0000442  -0.00010949
  80    0.0000749  -0.00014410
  81    0.0001327  -0.00020783
  82    0.0001019  -0.00020187
  83    0.0000996  -0.00020053
  84    0.0001011  -0.00020157
  85    0.0000375  -0.00009865
  86    0.0000003  0.00000017
  87    0.0000002  0.00000019
  88    0.0000001  0.00000016
  89    0.0000008  -0.00000455
  90    0.0000000  0.00000007
  91    0.0000001  0.00000021
  92    0.0000371  -0.00009439
  93    0.0000579  -0.00010767
  94    0.0000550  -0.00010552
  95    0.0000843  -0.00016960
  96    0.0000840  -0.00016941
  97    0.0000845  -0.00017035
  98    0.0000169  -0.00004939
  99    0.0000003  0.00000009
 100    0.0000002  0.00000026
 101    0.0000000  0.00000016
 102    0.0000007  -0.00000444
 103    0.0000000  0.00000007
 104    0.0000001  0.00000016
 105    0.0000305  -0.00007619
 106    0.0000425  -0.00008706
 107    0.0000481  -0.00009118
 108    0.0000839  -0.00017117
 109    0.0000836  -0.00017059
 110    0.0000830  -0.00017000
 111    0.0000162  -0.00004723
 112    0.0000002  0.00000018
 113    0.0000001  0.00000024
 114    0.0000000  0.00000015
 115    0.0000004  -0.00000349
 116    0.0000000  0.00000005
 117    0.0000000  0.00000011
 118    0.0000159  -0.00005357
 119    0.0000262  -0.00006635
 120    0.0000410  -0.00008094
 121    0.0000761  -0.00016438
 122    0.0000755  -0.00016430
 123    0.0000758  -0.00016440
 124    0.0000105  -0.00002921
 125    0.0000002  0.00000016
 126    0.0000001  0.00000020
 127    0.0000000  0.00000015
 128    0.0000004  -0.00000283
 129    0.0000000  0.00000005
 130    0.0000000  0.00000008
 131    0.0000083  -0.00001833
 132    0.0000099  -0.00001790
 133    0.0000182  -0.00002156
 134    0.0000508  -0.00014124
 135    0.0000506  -0.00014098
 136    0.0000503  -0.00014073
 137    0.0000082  -0.00001995
 138    0.0000002  0.00000019
 139    0.0000001  0.00000022
 140    0.0000000  0.00000015
 141    0.0000004  -0.00001639
 142    0.0000000  0.00000005
 143    0.0000000  0.00000007
 144    0.0000059  -0.00001345
 145    0.0000082  -0.00001512
 146    0.0000143  -0.00001748
 147    0.0000302  -0.00008183
 148    0.0000301  -0.00008194
 149    0.0000301  -0.00008184
 150    0.0000075  -0.00001908
 151    0.0000002  0.00000022
 152    0.0000001  0.00000023
 153    0.0000000  0.00000015
 154    0.0000003  -0.00000233
 155    0.0000000  0.00000005
 156    0.0000000  0.00000007
 157    0.0000052  -0.00000605
 158    0.0000066  -0.00001145
 159    0.0000133  -0.00001852
 160    0.0000261  -0.00007364
 161    0.0000260  -0.00007385
 162    0.0000261  -0.00007385
 163    0.0000055  -0.00001641
 164    0.0000001  0.00000019
 165    0.0000001  0.00000022
 166    0.0000000  0.00000015
 167    0.0000002  0.00000016
 168    0.0000000  0.00000004
 169    0.0000000  0.00000005
 170    0.0000033  -0.00000482
 171    0.0000043  -0.00000709
 172    0.0000117  -0.00001846
 173    0.0000243  -0.00007065
 174    0.0000243  -0.00007057
 175    0.0000228  -0.00006951
 176    0.0000043  -0.00001323
 177    0.0000001  0.00000024
 178    0.0000001  0.00000022
 179    0.0000000  0.00000014
 180    0.0000002  0.00000005
 181    0.0000000  0.00000004
 182    0.0000000  0.00000005
 183    0.0000026  -0.00000099
 184    0.0000038  -0.00000328
 185    0.0000111  -0.00001589
 186    0.0000092  -0.00002819
 187    0.0000089  -0.00002810
 188    0.0000092  -0.00002851
 189    0.0000038  -0.00001029
 190    0.0000001  0.00000024
 191    0.0000001  0.00000020
 192    0.0000000  0.00000014
 193    0.0000002  0.00000006
 194    0.0000000  0.00000004
 195    0.0000000  0.00000004
 196    0.0000017  -0.00000041
 197    0.0000027  -0.00000170
 198    0.0000077  -0.00000797
 199    0.0000081  -0.00002779
 200    0.0000068  -0.00002666
 201    0.0000077  -0.00002709
 202    0.0000034  -0.00000788
 203    0.0000001  0.00000024
 204    0.0000001  0.00000021
 205    0.0000000  0.00000014
 206    0.0000001  0.00000013
 207    0.0000000  0.00000003
 208    0.0000000  0.00000005
 
----------------
 Final Energies 
----------------
Final NOF Total Energy =    -499.3686762
 
Total Orbital Internal Iterations = 10
Total Occupation Internal Iterations = 0
 
Elapsed time:   31.29 Seconds

---------------------------------
   Lowdin Population Analysis    
---------------------------------
 Idx  Atom   Population   Charge 
---------------------------------
  1     C     6.070      -0.070
  2    Cl    16.645       0.355
  3     H     1.095      -0.095
  4     H     1.095      -0.095
  5     H     1.095      -0.095

---------------------------------
   M Diagnostic: 0.02
---------------------------------

