Computing Integrals
Basis Set                                            = def2-qzvp
Auxiliary Basis Set                                  = def2-universal-jkfit
Gaussian Type                                        = Spherical
Elapsed time:    3.10 Seconds

Number of basis functions                   (NBF)    = 200
Number of auxiliary basis functions         (NBFAUX) = 292
Inactive Doubly occupied orbitals up to     (NO1)    = 0
No. considered Strongly Doubly occupied MOs (NDOC)   = 17
No. considered Strongly Singly occupied MOs (NSOC)   = 0
NO. of Weakly occ. per St. Doubly occ.  MOs (NCWO)   = 10
Dimension of the Nat. Orb. subspace         (NBF5)   = 187
No. of electrons                                     = 34
    No. of alpha electrons                           = 17
    No. of beta electrons                            = 17
Multiplicity                                         = 1

Geometry
========
 S       1.0572291       0.0000000      -0.6622784
 S      -1.0572291       0.0000000      -0.6622784
 H       1.2093176       0.0000000       0.6627105
 H      -1.2093176       0.0000000       0.6627105

Orthonormality violations 3895, Maximum Violation 0.000021
Trying to orthonormalize
No violations of the orthonormality
No violations of the orthonormality
 
PNOF5/ADABelief Calculation
==================
 
  Nitext  Nit_orb  Time   Nit_occ  Time         Eelec          Etot           Ediff      maxdiff    MaxGrad_orb  Grad_occ
     1      10    1.1e+01    0    1.2e+01  -879.92197474  -796.48847599 -10878.92197474   0.000099   4.0e-04   1.6e-04 0.02
 
RESULTS OF THE OCCUPATION OPTIMIZATION
========================================
   1    1.9999518  -90.11379678
   2    1.9999328  -82.53668356
   3    1.9999996  -18.44305330
   4    1.9997968  -8.77993429
   5    1.9997691  -8.45275127
   6    1.9994048  -6.94441871
   7    1.9993035  -6.69833527
   8    1.9995695  -6.67286802
   9    1.9994307  -6.67177959
  10    1.9993440  -6.66316543
  11    1.9919499  -0.76024637
  12    1.9817370  -0.73595739
  13    1.9815211  -0.73551097
  14    1.9778779  -0.57254259
  15    1.9773351  -0.57149810
  16    1.9775279  -0.57139228
  17    1.9775023  -0.57116887
  18    0.0096526  -0.00658718
  19    0.0099676  -0.00672200
  20    0.0100368  -0.00675144
  21    0.0098265  -0.00666336
  22    0.0102104  -0.00882374
  23    0.0100276  -0.00872150
  24    0.0048959  -0.00483607
  25    0.0002316  -0.00291590
  26    0.0003002  -0.00348640
  27    0.0002748  -0.00330041
  28    0.0002503  -0.00304923
  29    0.0002995  -0.00352305
  30    0.0002296  -0.00291628
  31    0.0002016  -0.00261255
  32    0.0000002  -0.00000679
  33    0.0000562  -0.00828921
  34    0.0000358  -0.00630827
  35    0.0063984  -0.00494925
  36    0.0064690  -0.00496589
  37    0.0064426  -0.00495968
  38    0.0064056  -0.00494668
  39    0.0031868  -0.00336531
  40    0.0032565  -0.00342370
  41    0.0015133  -0.00174287
  42    0.0001712  -0.00170705
  43    0.0001449  -0.00145710
  44    0.0001531  -0.00154756
  45    0.0001970  -0.00201326
  46    0.0001738  -0.00180615
  47    0.0000002  -0.00000267
  48    0.0000003  -0.00000378
  49    0.0000001  0.00000008
  50    0.0000035  -0.00034003
  51    0.0000048  -0.00050892
  52    0.0051143  -0.00394423
  53    0.0049518  -0.00386735
  54    0.0050614  -0.00392780
  55    0.0046831  -0.00373200
  56    0.0030179  -0.00325555
  57    0.0029020  -0.00316839
  58    0.0008404  -0.00103712
  59    0.0001268  -0.00125804
  60    0.0001211  -0.00121710
  61    0.0000005  -0.00000642
  62    0.0001245  -0.00124668
  63    0.0001194  -0.00123102
  64    0.0000002  -0.00000040
  65    0.0000002  -0.00000040
  66    0.0000000  0.00000006
  67    0.0000032  -0.00031182
  68    0.0000036  -0.00038409
  69    0.0007891  -0.00084603
  70    0.0005589  -0.00066508
  71    0.0006199  -0.00072450
  72    0.0006168  -0.00072548
  73    0.0016152  -0.00195594
  74    0.0015993  -0.00194451
  75    0.0006781  -0.00089807
  76    0.0001233  -0.00124733
  77    0.0000010  -0.00000922
  78    0.0000004  -0.00000011
  79    0.0001215  -0.00122759
  80    0.0000008  -0.00000257
  81    0.0000001  -0.00000014
  82    0.0000002  -0.00000013
  83    0.0000000  0.00000005
  84    0.0000025  -0.00024431
  85    0.0000028  -0.00029016
  86    0.0002112  -0.00028041
  87    0.0001995  -0.00027443
  88    0.0001920  -0.00026973
  89    0.0002263  -0.00028979
  90    0.0001098  -0.00019524
  91    0.0001125  -0.00019854
  92    0.0000332  -0.00010299
  93    0.0000008  -0.00000715
  94    0.0000006  -0.00000161
  95    0.0000003  -0.00000025
  96    0.0000009  -0.00000303
  97    0.0000006  -0.00000134
  98    0.0000001  -0.00000003
  99    0.0000002  -0.00000006
 100    0.0000000  0.00000005
 101    0.0000016  -0.00042705
 102    0.0000010  -0.00027647
 103    0.0001328  -0.00018904
 104    0.0001226  -0.00018860
 105    0.0001036  -0.00017687
 106    0.0001459  -0.00020013
 107    0.0000885  -0.00016820
 108    0.0001048  -0.00018005
 109    0.0000265  -0.00006743
 110    0.0000006  -0.00000134
 111    0.0000005  -0.00000013
 112    0.0000003  -0.00000020
 113    0.0000006  -0.00000128
 114    0.0000003  -0.00000048
 115    0.0000001  0.00000011
 116    0.0000002  0.00000012
 117    0.0000000  0.00000005
 118    0.0000001  0.00000019
 119    0.0000001  0.00000018
 120    0.0000671  -0.00011155
 121    0.0000730  -0.00011362
 122    0.0000768  -0.00011477
 123    0.0000783  -0.00011705
 124    0.0000712  -0.00013736
 125    0.0000751  -0.00014550
 126    0.0000199  -0.00005496
 127    0.0000006  -0.00000108
 128    0.0000003  -0.00000013
 129    0.0000003  0.00000007
 130    0.0000005  -0.00000109
 131    0.0000003  0.00000005
 132    0.0000001  0.00000015
 133    0.0000002  0.00000013
 134    0.0000000  0.00000003
 135    0.0000000  0.00000012
 136    0.0000000  0.00000014
 137    0.0000642  -0.00010312
 138    0.0000650  -0.00010231
 139    0.0000662  -0.00010201
 140    0.0000718  -0.00010691
 141    0.0000670  -0.00012565
 142    0.0000690  -0.00012788
 143    0.0000174  -0.00004950
 144    0.0000005  0.00000004
 145    0.0000003  0.00000006
 146    0.0000002  0.00000007
 147    0.0000005  0.00000007
 148    0.0000002  -0.00000002
 149    0.0000001  0.00000015
 150    0.0000002  0.00000014
 151    0.0000000  0.00000005
 152    0.0000000  0.00000010
 153    0.0000000  0.00000012
 154    0.0000515  -0.00008682
 155    0.0000465  -0.00008378
 156    0.0000398  -0.00008157
 157    0.0000413  -0.00008138
 158    0.0000654  -0.00012264
 159    0.0000687  -0.00012589
 160    0.0000145  -0.00003203
 161    0.0000003  -0.00000004
 162    0.0000002  0.00000020
 163    0.0000002  0.00000021
 164    0.0000004  -0.00000000
 165    0.0000002  0.00000011
 166    0.0000001  0.00000012
 167    0.0000001  0.00000015
 168    0.0000000  0.00000005
 169    0.0000000  0.00000007
 170    0.0000000  0.00000007
 171    0.0000165  -0.00002878
 172    0.0000180  -0.00003080
 173    0.0000259  -0.00003365
 174    0.0000265  -0.00003397
 175    0.0000467  -0.00011911
 176    0.0000476  -0.00011989
 177    0.0000109  -0.00003455
 178    0.0000003  -0.00000003
 179    0.0000002  0.00000022
 180    0.0000002  0.00000021
 181    0.0000003  -0.00000003
 182    0.0000001  0.00000014
 183    0.0000001  0.00000024
 184    0.0000001  0.00000011
 185    0.0000000  0.00000005
 186    0.0000000  0.00000006
 187    0.0000000  0.00000006
 
----------------
 Final Energies 
----------------
Final NOF Total Energy =    -796.4884760
 
Total Orbital Internal Iterations = 10
Total Occupation Internal Iterations = 0
 
Elapsed time:   30.63 Seconds

---------------------------------
   Lowdin Population Analysis    
---------------------------------
 Idx  Atom   Population   Charge 
---------------------------------
  1     S    15.719       0.281
  2     S    15.719       0.281
  3     H     1.281      -0.281
  4     H     1.281      -0.281

---------------------------------
   M Diagnostic: 0.02
---------------------------------

