Computing Integrals
Basis Set                                            = def2-qzvp
Auxiliary Basis Set                                  = def2-universal-jkfit
Gaussian Type                                        = Spherical
Elapsed time:    1.61 Seconds

Number of basis functions                   (NBF)    = 114
Number of auxiliary basis functions         (NBFAUX) = 154
Inactive Doubly occupied orbitals up to     (NO1)    = 0
No. considered Strongly Doubly occupied MOs (NDOC)   = 7
No. considered Strongly Singly occupied MOs (NSOC)   = 1
NO. of Weakly occ. per St. Doubly occ.  MOs (NCWO)   = 15
Dimension of the Nat. Orb. subspace         (NBF5)   = 113
No. of electrons                                     = 15
    No. of alpha electrons                           = 8
    No. of beta electrons                            = 7
Multiplicity                                         = 2

Geometry
========
 N       0.0000000       0.0000000       0.5729836
 O       0.0000000       0.0000000      -0.5729836

Orthonormality violations 4135, Maximum Violation 0.000119
Trying to orthonormalize
No violations of the orthonormality
No violations of the orthonormality
 
PNOF5/ADABelief Calculation
==================
 
  Nitext  Nit_orb  Time   Nit_occ  Time         Eelec          Etot           Ediff      maxdiff    MaxGrad_orb  Grad_occ
     1      10    1.0e+01    0    1.2e+01  -155.29569442  -129.43643597 -10154.29569442   0.000089   3.6e-04   1.7e-04 0.09
 
RESULTS OF THE OCCUPATION OPTIMIZATION
========================================
   1    1.9997813  -20.65871162
   2    1.9996384  -15.68721204
   3    1.9897796  -1.33888938
   4    1.9938066  -0.91880571
   5    1.9938273  -0.91852153
   6    1.9916294  -0.83500804
   7    1.9145352  -0.66489669
   8    1.0000000  -0.21560442
   9    0.0849638  -0.04768499
  10    0.0053310  -0.00608441
  11    0.0044748  -0.00619116
  12    0.0044961  -0.00621258
  13    0.0078184  -0.01260259
  14    0.0002586  -0.00720189
  15    0.0001826  -0.00682049
  16    0.0004386  -0.00059000
  17    0.0008070  -0.00134108
  18    0.0005685  -0.00124708
  19    0.0005709  -0.00125122
  20    0.0010623  -0.00256571
  21    0.0000347  -0.00065054
  22    0.0000166  -0.00044218
  23    0.0000346  -0.00005551
  24    0.0007664  -0.00131224
  25    0.0004734  -0.00105166
  26    0.0004827  -0.00105892
  27    0.0006641  -0.00161889
  28    0.0000344  -0.00064415
  29    0.0000121  -0.00035951
  30    0.0000103  -0.00001568
  31    0.0005084  -0.00092572
  32    0.0003234  -0.00081224
  33    0.0003250  -0.00081402
  34    0.0005193  -0.00135100
  35    0.0000269  -0.00054534
  36    0.0000034  -0.00008622
  37    0.0000068  -0.00001555
  38    0.0003481  -0.00060461
  39    0.0000857  -0.00025577
  40    0.0000809  -0.00025227
  41    0.0000430  -0.00015223
  42    0.0000038  -0.00022859
  43    0.0000022  -0.00015026
  44    0.0000035  -0.00001510
  45    0.0002869  -0.00052186
  46    0.0000730  -0.00023029
  47    0.0000761  -0.00023190
  48    0.0000275  -0.00013181
  49    0.0000008  -0.00000568
  50    0.0000004  -0.00000393
  51    0.0000021  -0.00001014
  52    0.0000755  -0.00016826
  53    0.0000659  -0.00017516
  54    0.0000693  -0.00017826
  55    0.0000258  -0.00008961
  56    0.0000005  -0.00000473
  57    0.0000002  -0.00000279
  58    0.0000011  -0.00000486
  59    0.0000588  -0.00015053
  60    0.0000398  -0.00014071
  61    0.0000383  -0.00013865
  62    0.0000164  -0.00009540
  63    0.0000004  -0.00000421
  64    0.0000002  -0.00000187
  65    0.0000011  -0.00000512
  66    0.0000478  -0.00014533
  67    0.0000346  -0.00011711
  68    0.0000266  -0.00010899
  69    0.0000132  -0.00008041
  70    0.0000003  -0.00000295
  71    0.0000002  0.00000013
  72    0.0000007  -0.00000335
  73    0.0000294  -0.00007411
  74    0.0000159  -0.00004152
  75    0.0000070  -0.00002853
  76    0.0000109  -0.00004001
  77    0.0000003  -0.00000171
  78    0.0000002  -0.00000045
  79    0.0000005  -0.00000269
  80    0.0000265  -0.00007279
  81    0.0000045  -0.00002441
  82    0.0000055  -0.00002458
  83    0.0000056  -0.00002061
  84    0.0000003  -0.00000020
  85    0.0000001  0.00000019
  86    0.0000005  -0.00000245
  87    0.0000245  -0.00007601
  88    0.0000043  -0.00002340
  89    0.0000046  -0.00002442
  90    0.0000045  -0.00001661
  91    0.0000002  -0.00001095
  92    0.0000001  0.00000026
  93    0.0000004  -0.00000218
  94    0.0000228  -0.00006446
  95    0.0000031  -0.00001917
  96    0.0000037  -0.00001934
  97    0.0000036  -0.00001845
  98    0.0000002  0.00000016
  99    0.0000001  0.00000010
 100    0.0000004  -0.00000115
 101    0.0000194  -0.00005891
 102    0.0000030  -0.00001772
 103    0.0000036  -0.00001535
 104    0.0000033  -0.00001418
 105    0.0000002  0.00000039
 106    0.0000001  -0.00000777
 107    0.0000003  -0.00000083
 108    0.0000180  -0.00005090
 109    0.0000027  -0.00001376
 110    0.0000031  -0.00001354
 111    0.0000025  -0.00001051
 112    0.0000001  -0.00000088
 113    0.0000000  0.00000008
 
----------------
 Final Energies 
----------------
Final NOF Total Energy =    -129.4364360
 
Total Orbital Internal Iterations = 10
Total Occupation Internal Iterations = 0
 
Elapsed time:   29.67 Seconds

---------------------------------
   Lowdin Population Analysis    
---------------------------------
 Idx  Atom   Population   Charge 
---------------------------------
  1     N     7.121      -0.121
  2     O     7.879       0.121

---------------------------------
   M Diagnostic: 0.09
---------------------------------

