Computing Integrals
Basis Set                                            = def2-qzvp
Auxiliary Basis Set                                  = def2-universal-jkfit
Gaussian Type                                        = Spherical
Elapsed time:    1.61 Seconds

Number of basis functions                   (NBF)    = 114
Number of auxiliary basis functions         (NBFAUX) = 154
Inactive Doubly occupied orbitals up to     (NO1)    = 0
No. considered Strongly Doubly occupied MOs (NDOC)   = 7
No. considered Strongly Singly occupied MOs (NSOC)   = 2
NO. of Weakly occ. per St. Doubly occ.  MOs (NCWO)   = 15
Dimension of the Nat. Orb. subspace         (NBF5)   = 114
No. of electrons                                     = 16
    No. of alpha electrons                           = 9
    No. of beta electrons                            = 7
Multiplicity                                         = 3

Geometry
========
 N       0.0000000       0.0000000       0.6348700
 O       0.0000000       0.0000000      -0.6348700

Orthonormality violations 2, Maximum Violation 0.000001
Trying to orthonormalize
No violations of the orthonormality
No violations of the orthonormality
 
PNOF5/ADABelief Calculation
==================
 
  Nitext  Nit_orb  Time   Nit_occ  Time         Eelec          Etot           Ediff      maxdiff    MaxGrad_orb  Grad_occ
     1      10    1.1e+01    0    1.2e+01  -152.72743138  -129.38890152 -10151.72743138   0.000098   3.9e-04   1.7e-04 0.02
 
RESULTS OF THE OCCUPATION OPTIMIZATION
========================================
   1    1.9997945  -20.22734053
   2    1.9996292  -15.31243417
   3    1.9833366  -0.74035908
   4    1.9909101  -0.50819669
   5    1.9916295  -0.44059824
   6    1.9915851  -0.43934342
   7    1.9918498  -0.43866589
   8    1.0000000  -0.05527858
   9    1.0000000  -0.05507588
  10    0.0066320  -0.00638356
  11    0.0067234  -0.00640530
  12    0.0066952  -0.00640263
  13    0.0062086  -0.00560680
  14    0.0138551  -0.01451065
  15    0.0002667  -0.00729139
  16    0.0001861  -0.00686370
  17    0.0006227  -0.00103543
  18    0.0006291  -0.00105523
  19    0.0006041  -0.00103853
  20    0.0006801  -0.00100857
  21    0.0013410  -0.00228858
  22    0.0000353  -0.00064791
  23    0.0000161  -0.00041657
  24    0.0004509  -0.00077709
  25    0.0004344  -0.00077735
  26    0.0004280  -0.00077081
  27    0.0005471  -0.00082734
  28    0.0006586  -0.00123412
  29    0.0000349  -0.00064210
  30    0.0000019  -0.00016002
  31    0.0002655  -0.00064022
  32    0.0004114  -0.00075710
  33    0.0004178  -0.00076005
  34    0.0005260  -0.00082072
  35    0.0006454  -0.00121778
  36    0.0000270  -0.00052897
  37    0.0000002  -0.00000093
  38    0.0000617  -0.00014944
  39    0.0000441  -0.00013534
  40    0.0000476  -0.00013914
  41    0.0003700  -0.00052725
  42    0.0000430  -0.00011311
  43    0.0000038  -0.00023381
  44    0.0000002  -0.00000026
  45    0.0000413  -0.00011763
  46    0.0000436  -0.00012762
  47    0.0000429  -0.00012233
  48    0.0003533  -0.00052586
  49    0.0000424  -0.00011161
  50    0.0000005  -0.00000545
  51    0.0000002  -0.00000003
  52    0.0000394  -0.00012093
  53    0.0000372  -0.00011784
  54    0.0000383  -0.00011730
  55    0.0001311  -0.00018786
  56    0.0000253  -0.00009009
  57    0.0000005  -0.00000517
  58    0.0000001  -0.00000005
  59    0.0000141  -0.00006654
  60    0.0000358  -0.00010998
  61    0.0000353  -0.00011127
  62    0.0001134  -0.00017868
  63    0.0000228  -0.00007430
  64    0.0000004  -0.00000387
  65    0.0000001  0.00000008
  66    0.0000066  -0.00005100
  67    0.0000309  -0.00008857
  68    0.0000332  -0.00009359
  69    0.0000458  -0.00012849
  70    0.0000083  -0.00005166
  71    0.0000004  -0.00000353
  72    0.0000001  0.00000037
  73    0.0000040  -0.00003386
  74    0.0000113  -0.00005221
  75    0.0000134  -0.00005504
  76    0.0000279  -0.00006570
  77    0.0000062  -0.00001979
  78    0.0000003  -0.00000349
  79    0.0000001  0.00000037
  80    0.0000035  -0.00001562
  81    0.0000036  -0.00001509
  82    0.0000037  -0.00001507
  83    0.0000244  -0.00006480
  84    0.0000035  -0.00001498
  85    0.0000002  -0.00000884
  86    0.0000001  -0.00000127
  87    0.0000023  -0.00001213
  88    0.0000035  -0.00001303
  89    0.0000035  -0.00001372
  90    0.0000218  -0.00006274
  91    0.0000033  -0.00001427
  92    0.0000002  -0.00000067
  93    0.0000001  -0.00000465
  94    0.0000021  -0.00000955
  95    0.0000029  -0.00001183
  96    0.0000028  -0.00001213
  97    0.0000190  -0.00006042
  98    0.0000032  -0.00001353
  99    0.0000002  0.00000024
 100    0.0000001  0.00000029
 101    0.0000021  -0.00000840
 102    0.0000027  -0.00001000
 103    0.0000025  -0.00000988
 104    0.0000170  -0.00005264
 105    0.0000030  -0.00000559
 106    0.0000002  0.00000053
 107    0.0000001  0.00000022
 108    0.0000018  -0.00000624
 109    0.0000008  -0.00000261
 110    0.0000023  -0.00000849
 111    0.0000045  -0.00003721
 112    0.0000023  -0.00000508
 113    0.0000001  -0.00000135
 114    0.0000001  0.00000016
 
----------------
 Final Energies 
----------------
Final NOF Total Energy =    -129.3889015
 
Total Orbital Internal Iterations = 10
Total Occupation Internal Iterations = 0
 
Elapsed time:   30.08 Seconds

---------------------------------
   Lowdin Population Analysis    
---------------------------------
 Idx  Atom   Population   Charge 
---------------------------------
  1     N     7.522      -0.522
  2     O     8.478      -0.478

---------------------------------
   M Diagnostic: 0.02
---------------------------------

