Computing Integrals
Basis Set                                            = def2-qzvp
Auxiliary Basis Set                                  = def2-universal-jkfit
Gaussian Type                                        = Spherical
Elapsed time:    1.76 Seconds

Number of basis functions                   (NBF)    = 114
Number of auxiliary basis functions         (NBFAUX) = 154
Inactive Doubly occupied orbitals up to     (NO1)    = 0
No. considered Strongly Doubly occupied MOs (NDOC)   = 7
No. considered Strongly Singly occupied MOs (NSOC)   = 0
NO. of Weakly occ. per St. Doubly occ.  MOs (NCWO)   = 15
Dimension of the Nat. Orb. subspace         (NBF5)   = 112
No. of electrons                                     = 14
    No. of alpha electrons                           = 7
    No. of beta electrons                            = 7
Multiplicity                                         = 1

Geometry
========
 N       0.0000000       0.0000000      -0.5454291
 N       0.0000000       0.0000000       0.5454291

No violations of the orthonormality
No violations of the orthonormality
 
PNOF5/ADABelief Calculation
==================
 
  Nitext  Nit_orb  Time   Nit_occ  Time         Eelec          Etot           Ediff      maxdiff    MaxGrad_orb  Grad_occ
     1      10    1.0e+01    0    1.2e+01  -132.91084899  -109.14091378 -10131.91084899   0.000988   4.0e-03   1.7e-04 0.06
 
RESULTS OF THE OCCUPATION OPTIMIZATION
========================================
   1    1.9996599  -15.63891111
   2    1.9996601  -15.63878130
   3    1.9948439  -1.41146710
   4    1.9904500  -0.77722854
   5    1.9904526  -0.77713464
   6    1.9380857  -0.63114218
   7    1.9389407  -0.62885518
   8    0.0590363  -0.03275660
   9    0.0577469  -0.03211941
  10    0.0064682  -0.00708453
  11    0.0064688  -0.00707787
  12    0.0036830  -0.00696893
  13    0.0002559  -0.00715514
  14    0.0002556  -0.00715211
  15    0.0019607  -0.00171715
  16    0.0019036  -0.00167081
  17    0.0009030  -0.00149996
  18    0.0008916  -0.00149331
  19    0.0009231  -0.00233815
  20    0.0000276  -0.00052276
  21    0.0000274  -0.00052089
  22    0.0000263  -0.00006747
  23    0.0013941  -0.00143899
  24    0.0007313  -0.00123169
  25    0.0007255  -0.00122718
  26    0.0001805  -0.00059720
  27    0.0000251  -0.00049518
  28    0.0000257  -0.00050268
  29    0.0000211  -0.00005600
  30    0.0008485  -0.00089660
  31    0.0007156  -0.00122976
  32    0.0007147  -0.00122671
  33    0.0001780  -0.00059706
  34    0.0000249  -0.00050153
  35    0.0000249  -0.00050096
  36    0.0000030  -0.00001477
  37    0.0000043  -0.00001793
  38    0.0002142  -0.00043655
  39    0.0002119  -0.00043436
  40    0.0000447  -0.00015481
  41    0.0000040  -0.00022527
  42    0.0000040  -0.00022505
  43    0.0000022  -0.00001321
  44    0.0000042  -0.00001524
  45    0.0002083  -0.00043041
  46    0.0002090  -0.00043206
  47    0.0000391  -0.00013509
  48    0.0000004  -0.00000355
  49    0.0000004  -0.00000376
  50    0.0000018  -0.00001016
  51    0.0000036  -0.00001554
  52    0.0001033  -0.00017930
  53    0.0001130  -0.00018660
  54    0.0000247  -0.00012639
  55    0.0000004  -0.00000341
  56    0.0000003  -0.00000371
  57    0.0000014  -0.00000702
  58    0.0000016  -0.00000834
  59    0.0000642  -0.00017775
  60    0.0000597  -0.00017396
  61    0.0000238  -0.00012626
  62    0.0000003  -0.00000392
  63    0.0000003  -0.00000294
  64    0.0000012  -0.00000602
  65    0.0000013  -0.00000521
  66    0.0000389  -0.00012995
  67    0.0000594  -0.00014918
  68    0.0000200  -0.00006115
  69    0.0000003  -0.00000254
  70    0.0000003  -0.00000220
  71    0.0000010  -0.00000531
  72    0.0000011  -0.00000559
  73    0.0000289  -0.00006796
  74    0.0000252  -0.00006667
  75    0.0000111  -0.00007789
  76    0.0000002  -0.00000161
  77    0.0000002  -0.00000201
  78    0.0000009  -0.00000510
  79    0.0000011  -0.00000467
  80    0.0000211  -0.00006331
  81    0.0000214  -0.00006353
  82    0.0000096  -0.00005311
  83    0.0000002  -0.00000890
  84    0.0000002  -0.00000590
  85    0.0000009  -0.00000468
  86    0.0000010  -0.00000388
  87    0.0000157  -0.00004886
  88    0.0000155  -0.00004863
  89    0.0000071  -0.00004791
  90    0.0000002  -0.00000075
  91    0.0000002  -0.00000500
  92    0.0000009  -0.00000384
  93    0.0000010  -0.00000373
  94    0.0000152  -0.00004649
  95    0.0000148  -0.00004571
  96    0.0000044  -0.00002051
  97    0.0000002  0.00000012
  98    0.0000002  0.00000018
  99    0.0000008  -0.00000333
 100    0.0000010  -0.00000388
 101    0.0000102  -0.00004241
 102    0.0000105  -0.00004261
 103    0.0000043  -0.00001381
 104    0.0000002  -0.00000153
 105    0.0000002  0.00000037
 106    0.0000008  -0.00000239
 107    0.0000009  -0.00000331
 108    0.0000092  -0.00004242
 109    0.0000089  -0.00004002
 110    0.0000026  -0.00000916
 111    0.0000002  0.00000018
 112    0.0000002  -0.00000062
 
----------------
 Final Energies 
----------------
Final NOF Total Energy =    -109.1409138
 
Total Orbital Internal Iterations = 10
Total Occupation Internal Iterations = 0
 
Elapsed time:   28.49 Seconds

---------------------------------
   Lowdin Population Analysis    
---------------------------------
 Idx  Atom   Population   Charge 
---------------------------------
  1     N     7.000      -0.000
  2     N     7.000       0.000

---------------------------------
   M Diagnostic: 0.06
---------------------------------

