Computing Integrals
Basis Set                                            = def2-qzvp
Auxiliary Basis Set                                  = def2-universal-jkfit
Gaussian Type                                        = Spherical
Elapsed time:    3.94 Seconds

Number of basis functions                   (NBF)    = 150
Number of auxiliary basis functions         (NBFAUX) = 532
Inactive Doubly occupied orbitals up to     (NO1)    = 0
No. considered Strongly Doubly occupied MOs (NDOC)   = 35
No. considered Strongly Singly occupied MOs (NSOC)   = 0
NO. of Weakly occ. per St. Doubly occ.  MOs (NCWO)   = 3
Dimension of the Nat. Orb. subspace         (NBF5)   = 140
No. of electrons                                     = 70
    No. of alpha electrons                           = 35
    No. of beta electrons                            = 35
Multiplicity                                         = 1

Geometry
========
Br       0.0000000       0.0000000       1.1379300
Br       0.0000000       0.0000000      -1.1379300

No violations of the orthonormality
No violations of the orthonormality
 
PNOF5/ADABelief Calculation
==================
 
  Nitext  Nit_orb  Time   Nit_occ  Time         Eelec          Etot           Ediff      maxdiff    MaxGrad_orb  Grad_occ
     1      10    1.1e+01    0    1.2e+01 -5429.96077080 -5145.12745330 -15428.96077080   0.000100   4.0e-04   9.9e-05 0.01
 
RESULTS OF THE OCCUPATION OPTIMIZATION
========================================
   1    1.9999895  -424.51477869
   2    1.9999894  -424.39266640
   3    1.9999999  -130.45986929
   4    1.9999999  -130.33882702
   5    1.9999998  -58.51951226
   6    1.9999998  -58.51822876
   7    1.9999998  -58.51651742
   8    1.9999998  -58.51493220
   9    1.9999998  -58.51283767
  10    1.9999998  -58.51283763
  11    1.9995646  -5.67467664
  12    1.9995641  -5.67361494
  13    1.9995639  -5.67302062
  14    1.9995641  -5.67267963
  15    1.9994485  -5.58621609
  16    1.9994477  -5.58502386
  17    1.9994480  -5.58465231
  18    1.9994482  -5.58360787
  19    1.9995023  -5.54145615
  20    1.9995021  -5.53952930
  21    1.9995020  -5.53944915
  22    1.9995026  -5.53583190
  23    1.9995324  -5.23795714
  24    1.9995334  -5.23459824
  25    1.9994310  -5.22443518
  26    1.9994299  -5.21999877
  27    1.9994099  -5.10512956
  28    1.9994095  -5.10224850
  29    1.9973567  -0.82088668
  30    1.9874932  -0.62873291
  31    1.9875545  -0.62856986
  32    1.9875336  -0.62840190
  33    1.9874924  -0.62832382
  34    1.9875349  -0.62826360
  35    1.9875173  -0.62823852
  36    0.0061494  -0.00491702
  37    0.0061387  -0.00491122
  38    0.0062623  -0.00497873
  39    0.0061321  -0.00490700
  40    0.0061226  -0.00490308
  41    0.0062495  -0.00497229
  42    0.0010891  -0.00151901
  43    0.0005837  -0.00435785
  44    0.0005834  -0.00435654
  45    0.0005628  -0.00431326
  46    0.0005618  -0.00430995
  47    0.0004611  -0.00367843
  48    0.0004618  -0.00368033
  49    0.0004916  -0.00406176
  50    0.0004921  -0.00406461
  51    0.0004924  -0.00406510
  52    0.0004919  -0.00406480
  53    0.0005458  -0.00444591
  54    0.0005461  -0.00444744
  55    0.0005463  -0.00444969
  56    0.0005458  -0.00444404
  57    0.0004303  -0.00372514
  58    0.0004308  -0.00372770
  59    0.0004304  -0.00372409
  60    0.0004303  -0.00372469
  61    0.0000001  0.00000002
  62    0.0000001  0.00000002
  63    0.0000001  0.00000002
  64    0.0000001  0.00000001
  65    0.0000001  0.00000001
  66    0.0000001  0.00000001
  67    0.0000000  -0.00001105
  68    0.0000000  -0.00001088
  69    0.0000103  -0.00780803
  70    0.0000102  -0.00779158
  71    0.0042854  -0.00377517
  72    0.0042768  -0.00377028
  73    0.0042219  -0.00374808
  74    0.0042852  -0.00377518
  75    0.0042772  -0.00377095
  76    0.0042313  -0.00375242
  77    0.0007798  -0.00102355
  78    0.0000037  -0.00003492
  79    0.0000037  -0.00003494
  80    0.0000046  -0.00004571
  81    0.0000045  -0.00004547
  82    0.0000033  -0.00002998
  83    0.0000034  -0.00003058
  84    0.0000035  -0.00003519
  85    0.0000036  -0.00003581
  86    0.0000039  -0.00003732
  87    0.0000039  -0.00003731
  88    0.0000044  -0.00004442
  89    0.0000044  -0.00004465
  90    0.0000044  -0.00004458
  91    0.0000042  -0.00004338
  92    0.0000031  -0.00003303
  93    0.0000033  -0.00003399
  94    0.0000032  -0.00003300
  95    0.0000032  -0.00003318
  96    0.0000001  0.00000001
  97    0.0000000  0.00000001
  98    0.0000000  0.00000001
  99    0.0000000  0.00000001
 100    0.0000001  0.00000003
 101    0.0000000  0.00000003
 102    0.0000000  0.00000003
 103    0.0000000  0.00000002
 104    0.0000003  -0.00034886
 105    0.0000003  -0.00034737
 106    0.0020479  -0.00202195
 107    0.0020496  -0.00202403
 108    0.0020234  -0.00200248
 109    0.0020491  -0.00202326
 110    0.0020458  -0.00202111
 111    0.0020260  -0.00200420
 112    0.0007743  -0.00101862
 113    0.0000031  -0.00001469
 114    0.0000030  -0.00001412
 115    0.0000027  -0.00001302
 116    0.0000026  -0.00001281
 117    0.0000022  -0.00001065
 118    0.0000024  -0.00001095
 119    0.0000023  -0.00001061
 120    0.0000023  -0.00001077
 121    0.0000015  -0.00000641
 122    0.0000019  -0.00000773
 123    0.0000016  -0.00000622
 124    0.0000015  -0.00000585
 125    0.0000016  -0.00000529
 126    0.0000015  -0.00000438
 127    0.0000025  -0.00001046
 128    0.0000021  -0.00000854
 129    0.0000024  -0.00001063
 130    0.0000019  -0.00000904
 131    0.0000000  0.00000003
 132    0.0000000  0.00000002
 133    0.0000000  0.00000002
 134    0.0000000  0.00000002
 135    0.0000000  0.00000002
 136    0.0000000  0.00000002
 137    0.0000000  0.00000002
 138    0.0000000  0.00000003
 139    0.0000000  0.00000002
 140    0.0000000  0.00000002
 
----------------
 Final Energies 
----------------
Final NOF Total Energy =   -5145.1274533
 
Total Orbital Internal Iterations = 10
Total Occupation Internal Iterations = 0
 
Elapsed time:   29.06 Seconds

---------------------------------
   Lowdin Population Analysis    
---------------------------------
 Idx  Atom   Population   Charge 
---------------------------------
  1    Br    35.000       0.000
  2    Br    35.000      -0.000

---------------------------------
   M Diagnostic: 0.01
---------------------------------

