Computing Integrals
Basis Set                                            = def2-qzvp
Auxiliary Basis Set                                  = def2-universal-jkfit
Gaussian Type                                        = Spherical
Elapsed time:    1.85 Seconds

Number of basis functions                   (NBF)    = 127
Number of auxiliary basis functions         (NBFAUX) = 205
Inactive Doubly occupied orbitals up to     (NO1)    = 0
No. considered Strongly Doubly occupied MOs (NDOC)   = 13
No. considered Strongly Singly occupied MOs (NSOC)   = 0
NO. of Weakly occ. per St. Doubly occ.  MOs (NCWO)   = 8
Dimension of the Nat. Orb. subspace         (NBF5)   = 117
No. of electrons                                     = 26
    No. of alpha electrons                           = 13
    No. of beta electrons                            = 13
Multiplicity                                         = 1

Geometry
========
Cl       0.0000000       0.0000000       0.5629020
 F       0.0000000       0.0000000      -1.0632600

Orthonormality violations 823, Maximum Violation 0.000011
Trying to orthonormalize
No violations of the orthonormality
No violations of the orthonormality
 
PNOF5/ADABelief Calculation
==================
 
  Nitext  Nit_orb  Time   Nit_occ  Time         Eelec          Etot           Ediff      maxdiff    MaxGrad_orb  Grad_occ
     1      10    1.0e+01    0    1.2e+01  -608.90338882  -559.11502381 -10607.90338882   0.000097   3.9e-04   2.0e-04 0.03
 
RESULTS OF THE OCCUPATION OPTIMIZATION
========================================
   1    1.9999302  -94.67897554
   2    1.9998555  -26.33080535
   3    1.9999969  -20.89994408
   4    1.9995090  -8.12698175
   5    1.9995848  -8.10027856
   6    1.9996986  -8.09969121
   7    1.9928407  -0.99952216
   8    1.9928404  -0.99920420
   9    1.9927956  -0.99782628
  10    1.9670971  -0.92142844
  11    1.9871907  -0.73252619
  12    1.9871739  -0.73221765
  13    1.9859106  -0.72170083
  14    0.0062438  -0.00585339
  15    0.0060228  -0.00574338
  16    0.0059970  -0.00573119
  17    0.0317824  -0.02911652
  18    0.0055672  -0.00907509
  19    0.0055706  -0.00907879
  20    0.0055592  -0.00907055
  21    0.0001705  -0.00217022
  22    0.0001690  -0.00215223
  23    0.0002131  -0.00273327
  24    0.0000025  -0.00009042
  25    0.0001332  -0.00635302
  26    0.0000502  -0.00837758
  27    0.0042649  -0.00421276
  28    0.0041944  -0.00420391
  29    0.0042106  -0.00421435
  30    0.0008276  -0.00138995
  31    0.0006357  -0.00169426
  32    0.0006176  -0.00167083
  33    0.0006240  -0.00168066
  34    0.0001281  -0.00178456
  35    0.0001310  -0.00177741
  36    0.0001591  -0.00195641
  37    0.0000002  -0.00000453
  38    0.0000078  -0.00024917
  39    0.0000068  -0.00078087
  40    0.0024665  -0.00264577
  41    0.0016222  -0.00200699
  42    0.0016188  -0.00200409
  43    0.0001643  -0.00039568
  44    0.0004696  -0.00126019
  45    0.0004445  -0.00121200
  46    0.0004473  -0.00122036
  47    0.0000007  -0.00000454
  48    0.0001125  -0.00139554
  49    0.0001158  -0.00138522
  50    0.0000001  0.00000019
  51    0.0000013  -0.00013283
  52    0.0000056  -0.00064542
  53    0.0008448  -0.00109348
  54    0.0006008  -0.00087204
  55    0.0005965  -0.00086960
  56    0.0000844  -0.00028289
  57    0.0003794  -0.00110224
  58    0.0003760  -0.00109884
  59    0.0003747  -0.00109726
  60    0.0000005  -0.00000256
  61    0.0000009  -0.00000582
  62    0.0000012  -0.00000996
  63    0.0000001  0.00000014
  64    0.0000011  -0.00003306
  65    0.0000056  -0.00064237
  66    0.0001019  -0.00021286
  67    0.0001677  -0.00029226
  68    0.0001683  -0.00029313
  69    0.0000262  -0.00008207
  70    0.0000468  -0.00019313
  71    0.0000467  -0.00019399
  72    0.0000467  -0.00019350
  73    0.0000005  -0.00000034
  74    0.0000007  -0.00000143
  75    0.0000008  -0.00000276
  76    0.0000001  0.00000012
  77    0.0000006  -0.00002308
  78    0.0000014  -0.00043734
  79    0.0000738  -0.00017694
  80    0.0001161  -0.00021533
  81    0.0001160  -0.00021520
  82    0.0000079  -0.00002667
  83    0.0000417  -0.00018186
  84    0.0000404  -0.00018169
  85    0.0000409  -0.00018161
  86    0.0000004  0.00000001
  87    0.0000004  -0.00000031
  88    0.0000005  -0.00000023
  89    0.0000001  0.00000023
  90    0.0000002  -0.00000413
  91    0.0000001  0.00000013
  92    0.0000525  -0.00010417
  93    0.0000566  -0.00010787
  94    0.0000571  -0.00010851
  95    0.0000060  -0.00002541
  96    0.0000361  -0.00017495
  97    0.0000357  -0.00017040
  98    0.0000397  -0.00018216
  99    0.0000003  0.00000005
 100    0.0000003  -0.00000005
 101    0.0000003  -0.00000017
 102    0.0000000  0.00000023
 103    0.0000002  -0.00000386
 104    0.0000000  0.00000024
 105    0.0000410  -0.00009040
 106    0.0000454  -0.00009297
 107    0.0000450  -0.00009297
 108    0.0000040  -0.00001579
 109    0.0000279  -0.00014547
 110    0.0000281  -0.00014836
 111    0.0000269  -0.00014431
 112    0.0000003  0.00000022
 113    0.0000003  0.00000009
 114    0.0000003  -0.00000006
 115    0.0000000  0.00000023
 116    0.0000001  -0.00000420
 117    0.0000000  0.00000018
 
----------------
 Final Energies 
----------------
Final NOF Total Energy =    -559.1150238
 
Total Orbital Internal Iterations = 10
Total Occupation Internal Iterations = 0
 
Elapsed time:   29.16 Seconds

---------------------------------
   Lowdin Population Analysis    
---------------------------------
 Idx  Atom   Population   Charge 
---------------------------------
  1    Cl    16.877       0.123
  2     F     9.123      -0.123

---------------------------------
   M Diagnostic: 0.03
---------------------------------

