Computing Integrals
Basis Set                                            = def2-qzvp
Auxiliary Basis Set                                  = def2-universal-jkfit
Gaussian Type                                        = Spherical
Elapsed time:    2.03 Seconds

Number of basis functions                   (NBF)    = 142
Number of auxiliary basis functions         (NBFAUX) = 254
Inactive Doubly occupied orbitals up to     (NO1)    = 0
No. considered Strongly Doubly occupied MOs (NDOC)   = 27
No. considered Strongly Singly occupied MOs (NSOC)   = 0
NO. of Weakly occ. per St. Doubly occ.  MOs (NCWO)   = 4
Dimension of the Nat. Orb. subspace         (NBF5)   = 135
No. of electrons                                     = 54
    No. of alpha electrons                           = 27
    No. of beta electrons                            = 27
Multiplicity                                         = 1

Geometry
========
Te       0.0000000       0.0000000       0.7695493
 H      -1.1553660       0.0000000      -0.3847747
 H       1.1553660       0.0000000      -0.3847747

No violations of the orthonormality
No violations of the orthonormality
 
PNOF5/ADABelief Calculation
==================
 
  Nitext  Nit_orb  Time   Nit_occ  Time         Eelec          Etot           Ediff      maxdiff    MaxGrad_orb  Grad_occ
     1      10    1.0e+01    0    1.2e+01 -2325.81155529 -2291.88526770 -12324.81155529   0.000488   2.0e-03   1.5e-04 0.02
 
RESULTS OF THE OCCUPATION OPTIMIZATION
========================================
   1    2.0000000  -140.98002588
   2    1.9999999  -61.10403010
   3    1.9999999  -61.09261282
   4    1.9999999  -61.06670548
   5    1.9999998  -24.74465349
   6    1.9999992  -9.22149318
   7    1.9999990  -9.08981284
   8    1.9999964  -8.91464933
   9    1.9999988  -8.77009194
  10    1.9999988  -8.76851748
  11    1.9999972  -8.67774259
  12    1.9999764  -7.53597481
  13    1.9999678  -6.58434058
  14    1.9999682  -6.49511423
  15    1.9999585  -6.37976597
  16    1.9999550  -5.85895263
  17    1.9999551  -5.58719278
  18    1.9999618  -5.57926875
  19    1.9999505  -5.03009378
  20    1.9999534  -4.73500209
  21    1.9999381  -4.67436069
  22    1.9924124  -0.76898075
  23    1.9873512  -0.75625893
  24    1.9756260  -0.69150535
  25    1.9756901  -0.68130323
  26    1.9821039  -0.67018106
  27    1.9814124  -0.66783124
  28    0.0077608  -0.00645192
  29    0.0068218  -0.00582925
  30    0.0157717  -0.01198566
  31    0.0154805  -0.01192328
  32    0.0073294  -0.00639074
  33    0.0034243  -0.00348730
  34    0.0000609  -0.00042275
  35    0.0000458  -0.00034216
  36    0.0000485  -0.00035421
  37    0.0000373  -0.00031003
  38    0.0000441  -0.00035198
  39    0.0000441  -0.00036319
  40    0.0000408  -0.00034009
  41    0.0000311  -0.00026385
  42    0.0000315  -0.00028767
  43    0.0000229  -0.00020820
  44    0.0000024  -0.00002704
  45    0.0000009  -0.00001573
  46    0.0000009  -0.00001222
  47    0.0000032  -0.00002496
  48    0.0000007  -0.00001153
  49    0.0000005  -0.00000221
  50    0.0000001  0.00000016
  51    0.0000000  0.00000007
  52    0.0000000  0.00000006
  53    0.0000000  0.00000007
  54    0.0000000  0.00000003
  55    0.0057385  -0.00504737
  56    0.0061234  -0.00535341
  57    0.0033781  -0.00341007
  58    0.0034662  -0.00341653
  59    0.0033494  -0.00343577
  60    0.0022153  -0.00253665
  61    0.0000004  -0.00000059
  62    0.0000003  -0.00000064
  63    0.0000004  -0.00000052
  64    0.0000003  -0.00000055
  65    0.0000003  -0.00000069
  66    0.0000003  -0.00000101
  67    0.0000003  -0.00000084
  68    0.0000003  -0.00000062
  69    0.0000003  -0.00000066
  70    0.0000002  -0.00000045
  71    0.0000001  -0.00000055
  72    0.0000001  -0.00000012
  73    0.0000001  0.00000012
  74    0.0000002  -0.00000086
  75    0.0000001  -0.00000003
  76    0.0000001  -0.00000047
  77    0.0000000  0.00000011
  78    0.0000000  0.00000006
  79    0.0000000  0.00000006
  80    0.0000000  0.00000006
  81    0.0000000  0.00000003
  82    0.0043832  -0.00404965
  83    0.0042436  -0.00395930
  84    0.0026798  -0.00284137
  85    0.0029710  -0.00319149
  86    0.0014992  -0.00182844
  87    0.0015654  -0.00192901
  88    0.0000003  -0.00000004
  89    0.0000003  0.00000009
  90    0.0000003  -0.00000007
  91    0.0000003  0.00000005
  92    0.0000003  0.00000008
  93    0.0000003  0.00000012
  94    0.0000002  0.00000006
  95    0.0000002  -0.00000014
  96    0.0000003  -0.00000007
  97    0.0000002  -0.00000017
  98    0.0000001  -0.00000021
  99    0.0000001  0.00000013
 100    0.0000001  -0.00000001
 101    0.0000001  -0.00000044
 102    0.0000001  0.00000017
 103    0.0000001  0.00000013
 104    0.0000000  0.00000009
 105    0.0000000  0.00000006
 106    0.0000000  0.00000005
 107    0.0000000  0.00000006
 108    0.0000000  0.00000003
 109    0.0007051  -0.00088057
 110    0.0007073  -0.00088656
 111    0.0024803  -0.00262642
 112    0.0024563  -0.00260128
 113    0.0004708  -0.00066730
 114    0.0003826  -0.00057275
 115    0.0000003  0.00000010
 116    0.0000002  0.00000016
 117    0.0000003  0.00000009
 118    0.0000002  0.00000013
 119    0.0000002  0.00000014
 120    0.0000002  0.00000014
 121    0.0000002  0.00000003
 122    0.0000002  0.00000003
 123    0.0000002  0.00000011
 124    0.0000002  0.00000005
 125    0.0000001  0.00000004
 126    0.0000001  0.00000015
 127    0.0000001  0.00000018
 128    0.0000001  0.00000007
 129    0.0000001  0.00000024
 130    0.0000001  0.00000018
 131    0.0000000  0.00000010
 132    0.0000000  0.00000005
 133    0.0000000  0.00000006
 134    0.0000000  0.00000005
 135    0.0000000  0.00000003
 
----------------
 Final Energies 
----------------
Final NOF Total Energy =   -2291.8852677
 
Total Orbital Internal Iterations = 10
Total Occupation Internal Iterations = 0
 
Elapsed time:   28.37 Seconds

---------------------------------
   Lowdin Population Analysis    
---------------------------------
 Idx  Atom   Population   Charge 
---------------------------------
  1    Te    51.398       0.602
  2     H     1.300      -0.300
  3     H     1.302      -0.302

---------------------------------
   M Diagnostic: 0.02
---------------------------------

