Computing Integrals
Basis Set                                            = def2-qzvp
Auxiliary Basis Set                                  = def2-universal-jkfit
Gaussian Type                                        = Spherical
Elapsed time:    2.62 Seconds

Number of basis functions                   (NBF)    = 60
Number of auxiliary basis functions         (NBFAUX) = 46
Inactive Doubly occupied orbitals up to     (NO1)    = 0
No. considered Strongly Doubly occupied MOs (NDOC)   = 1
No. considered Strongly Singly occupied MOs (NSOC)   = 1
NO. of Weakly occ. per St. Doubly occ.  MOs (NCWO)   = 58
Dimension of the Nat. Orb. subspace         (NBF5)   = 60
No. of electrons                                     = 3
    No. of alpha electrons                           = 2
    No. of beta electrons                            = 1
Multiplicity                                         = 2

Geometry
========
He       0.0000000       0.0000000      -0.8056528
He       0.0000000       0.0000000       0.8056528

Orthonormality violations 130, Maximum Violation 0.000004
Trying to orthonormalize
No violations of the orthonormality
No violations of the orthonormality
 
PNOF5/ADABelief Calculation
==================
 
  Nitext  Nit_orb  Time   Nit_occ  Time         Eelec          Etot           Ediff      maxdiff    MaxGrad_orb  Grad_occ
     1      10    2.2e+01    0    2.6e+01    -6.22514149    -4.91148348 -10005.22514149   0.000061   2.4e-04   9.3e-05 0.01
 
RESULTS OF THE OCCUPATION OPTIMIZATION
========================================
   1    1.9867127  -1.33063684
   2    1.0000000  -0.93767343
   3    0.0059820  -0.01012117
   4    0.0023243  -0.00428493
   5    0.0021947  -0.00408072
   6    0.0021902  -0.00407780
   7    0.0000847  -0.00035041
   8    0.0000676  -0.00029824
   9    0.0000659  -0.00027303
  10    0.0000652  -0.00027218
  11    0.0000454  -0.00017433
  12    0.0000434  -0.00016957
  13    0.0000415  -0.00016596
  14    0.0000407  -0.00016440
  15    0.0000355  -0.00015396
  16    0.0000164  -0.00003124
  17    0.0000163  -0.00002987
  18    0.0000127  -0.00002485
  19    0.0000106  -0.00004586
  20    0.0000057  -0.00002862
  21    0.0000048  -0.00003660
  22    0.0000047  -0.00003848
  23    0.0000040  -0.00003094
  24    0.0000037  -0.00003092
  25    0.0000036  -0.00003179
  26    0.0000033  -0.00003132
  27    0.0000031  -0.00002579
  28    0.0000026  -0.00000699
  29    0.0000021  -0.00000892
  30    0.0000016  -0.00000029
  31    0.0000013  -0.00000096
  32    0.0000011  -0.00000032
  33    0.0000009  -0.00000100
  34    0.0000009  -0.00000037
  35    0.0000007  -0.00000043
  36    0.0000007  -0.00000085
  37    0.0000006  -0.00000029
  38    0.0000005  -0.00000010
  39    0.0000004  0.00000189
  40    0.0000004  0.00000154
  41    0.0000004  0.00000155
  42    0.0000003  0.00000141
  43    0.0000003  0.00000120
  44    0.0000003  0.00000126
  45    0.0000003  0.00000110
  46    0.0000002  0.00000082
  47    0.0000002  0.00000093
  48    0.0000001  0.00000086
  49    0.0000001  0.00000087
  50    0.0000001  0.00000075
  51    0.0000001  0.00000068
  52    0.0000001  0.00000063
  53    0.0000001  0.00000063
  54    0.0000001  0.00000148
  55    0.0000001  0.00000149
  56    0.0000001  0.00000142
  57    0.0000001  0.00000135
  58    0.0000001  0.00000131
  59    0.0000001  0.00000131
  60    0.0000000  0.00000083
 
----------------
 Final Energies 
----------------
Final NOF Total Energy =      -4.9114835
 
Total Orbital Internal Iterations = 10
Total Occupation Internal Iterations = 0
 
Elapsed time:   66.33 Seconds

---------------------------------
   Lowdin Population Analysis    
---------------------------------
 Idx  Atom   Population   Charge 
---------------------------------
  1    He     1.110       0.890
  2    He     1.890       0.110

---------------------------------
   M Diagnostic: 0.01
---------------------------------

