Computing Integrals
Basis Set                                            = def2-qzvp
Auxiliary Basis Set                                  = def2-universal-jkfit
Gaussian Type                                        = Spherical
Elapsed time:    3.13 Seconds

Number of basis functions                   (NBF)    = 184
Number of auxiliary basis functions         (NBFAUX) = 282
Inactive Doubly occupied orbitals up to     (NO1)    = 0
No. considered Strongly Doubly occupied MOs (NDOC)   = 16
No. considered Strongly Singly occupied MOs (NSOC)   = 1
NO. of Weakly occ. per St. Doubly occ.  MOs (NCWO)   = 10
Dimension of the Nat. Orb. subspace         (NBF5)   = 177
No. of electrons                                     = 33
    No. of alpha electrons                           = 17
    No. of beta electrons                            = 16
Multiplicity                                         = 2

Geometry
========
Cl      -0.5609740      -0.9946370       0.0000000
 O       0.0000000       0.9587120       0.0000000
 O       1.1920690       1.1548920       0.0000000

Orthonormality violations 1301, Maximum Violation 0.000010
Trying to orthonormalize
No violations of the orthonormality
No violations of the orthonormality
 
PNOF5/ADABelief Calculation
==================
 
  Nitext  Nit_orb  Time   Nit_occ  Time         Eelec          Etot           Ediff      maxdiff    MaxGrad_orb  Grad_occ
     1      10    2.4e+01    0    2.7e+01  -698.74568587  -609.35411755 -10697.74568587   0.000100   4.0e-04   2.0e-04 0.20
 
RESULTS OF THE OCCUPATION OPTIMIZATION
========================================
   1    1.9999299  -94.69445115
   2    1.9999967  -20.79596594
   3    1.9997702  -20.71638492
   4    1.9997699  -20.69277716
   5    1.9996563  -8.07624502
   6    1.9996676  -8.05805746
   7    1.9994335  -8.05330338
   8    1.9813047  -1.22033239
   9    1.9943272  -0.99159943
  10    1.9943364  -0.99141132
  11    1.9927293  -0.94619376
  12    1.9928826  -0.94545701
  13    1.9895234  -0.73282766
  14    1.9898038  -0.73033271
  15    1.9855921  -0.69363106
  16    1.7954839  -0.53670412
  17    1.0000000  -0.30161019
  18    0.2045058  -0.08606619
  19    0.0058327  -0.00542928
  20    0.0053595  -0.00522187
  21    0.0053282  -0.00522839
  22    0.0049753  -0.00708062
  23    0.0050675  -0.00725178
  24    0.0039159  -0.00590676
  25    0.0039336  -0.00591715
  26    0.0167377  -0.02169481
  27    0.0001933  -0.00227858
  28    0.0001811  -0.00219550
  29    0.0002023  -0.00262519
  30    0.0001848  -0.00683707
  31    0.0001858  -0.00688017
  32    0.0000029  -0.00009725
  33    0.0000501  -0.00836376
  34    0.0000036  -0.00002298
  35    0.0030768  -0.00305279
  36    0.0026223  -0.00283996
  37    0.0021681  -0.00235140
  38    0.0006907  -0.00151105
  39    0.0007328  -0.00159856
  40    0.0006007  -0.00136280
  41    0.0005971  -0.00135855
  42    0.0011103  -0.00237701
  43    0.0001465  -0.00207064
  44    0.0001499  -0.00205973
  45    0.0001397  -0.00165876
  46    0.0000220  -0.00053313
  47    0.0000217  -0.00053530
  48    0.0000001  -0.00000268
  49    0.0000068  -0.00078798
  50    0.0000015  -0.00000864
  51    0.0029833  -0.00294361
  52    0.0009942  -0.00136096
  53    0.0018319  -0.00205748
  54    0.0006552  -0.00136231
  55    0.0006462  -0.00137215
  56    0.0004539  -0.00107132
  57    0.0004524  -0.00106964
  58    0.0004368  -0.00110501
  59    0.0001160  -0.00139200
  60    0.0000006  -0.00000556
  61    0.0000005  -0.00000529
  62    0.0000175  -0.00045323
  63    0.0000166  -0.00043035
  64    0.0000001  0.00000019
  65    0.0000059  -0.00067421
  66    0.0000013  -0.00000689
  67    0.0022173  -0.00226524
  68    0.0006397  -0.00091834
  69    0.0006634  -0.00094911
  70    0.0004440  -0.00106222
  71    0.0004577  -0.00110002
  72    0.0003663  -0.00092290
  73    0.0003629  -0.00091807
  74    0.0003453  -0.00094496
  75    0.0001085  -0.00134070
  76    0.0000002  -0.00000031
  77    0.0000003  -0.00000165
  78    0.0000026  -0.00013051
  79    0.0000024  -0.00016655
  80    0.0000000  0.00000018
  81    0.0000058  -0.00065265
  82    0.0000011  -0.00000591
  83    0.0001153  -0.00021381
  84    0.0002025  -0.00035070
  85    0.0001984  -0.00035084
  86    0.0001032  -0.00031119
  87    0.0001064  -0.00032243
  88    0.0001035  -0.00030584
  89    0.0000986  -0.00030535
  90    0.0000242  -0.00010261
  91    0.0000008  -0.00000697
  92    0.0000002  -0.00000009
  93    0.0000002  -0.00000063
  94    0.0000022  -0.00009975
  95    0.0000022  -0.00005675
  96    0.0000000  0.00000018
  97    0.0000014  -0.00043540
  98    0.0000010  -0.00000445
  99    0.0000655  -0.00017131
 100    0.0001742  -0.00029985
 101    0.0001316  -0.00024857
 102    0.0000939  -0.00029238
 103    0.0001026  -0.00031147
 104    0.0000858  -0.00028087
 105    0.0000944  -0.00028666
 106    0.0000144  -0.00006538
 107    0.0000004  -0.00000121
 108    0.0000001  0.00000017
 109    0.0000002  -0.00000021
 110    0.0000003  -0.00000493
 111    0.0000003  -0.00000423
 112    0.0000000  0.00000017
 113    0.0000000  0.00000018
 114    0.0000006  -0.00000381
 115    0.0000479  -0.00010023
 116    0.0000922  -0.00013500
 117    0.0000671  -0.00011913
 118    0.0000669  -0.00018023
 119    0.0000639  -0.00017952
 120    0.0000634  -0.00017660
 121    0.0000583  -0.00017222
 122    0.0000091  -0.00005824
 123    0.0000003  -0.00000009
 124    0.0000001  0.00000035
 125    0.0000002  -0.00000012
 126    0.0000002  -0.00000462
 127    0.0000003  -0.00000391
 128    0.0000000  0.00000017
 129    0.0000000  0.00000016
 130    0.0000005  -0.00000324
 131    0.0000279  -0.00007136
 132    0.0000523  -0.00009735
 133    0.0000460  -0.00009118
 134    0.0000390  -0.00014702
 135    0.0000453  -0.00016250
 136    0.0000366  -0.00013510
 137    0.0000371  -0.00013523
 138    0.0000074  -0.00003665
 139    0.0000002  0.00000000
 140    0.0000001  0.00000034
 141    0.0000001  -0.00000006
 142    0.0000002  -0.00000329
 143    0.0000002  -0.00000345
 144    0.0000000  0.00000015
 145    0.0000000  0.00000013
 146    0.0000003  -0.00000239
 147    0.0000239  -0.00006331
 148    0.0000348  -0.00007929
 149    0.0000250  -0.00006789
 150    0.0000311  -0.00014799
 151    0.0000370  -0.00015932
 152    0.0000269  -0.00012506
 153    0.0000289  -0.00012910
 154    0.0000053  -0.00003227
 155    0.0000002  0.00000004
 156    0.0000001  0.00000035
 157    0.0000001  0.00000017
 158    0.0000002  -0.00000282
 159    0.0000002  -0.00000256
 160    0.0000000  0.00000016
 161    0.0000000  0.00000011
 162    0.0000003  -0.00000210
 163    0.0000172  -0.00003784
 164    0.0000244  -0.00005050
 165    0.0000170  -0.00004146
 166    0.0000181  -0.00004929
 167    0.0000113  -0.00004486
 168    0.0000106  -0.00003809
 169    0.0000095  -0.00004006
 170    0.0000049  -0.00002943
 171    0.0000002  0.00000013
 172    0.0000001  0.00000033
 173    0.0000001  0.00000032
 174    0.0000001  -0.00000825
 175    0.0000001  -0.00000853
 176    0.0000000  0.00000015
 177    0.0000000  0.00000009
 
----------------
 Final Energies 
----------------
Final NOF Total Energy =    -609.3541175
 
Total Orbital Internal Iterations = 10
Total Occupation Internal Iterations = 0
 
Elapsed time:   70.47 Seconds

---------------------------------
   Lowdin Population Analysis    
---------------------------------
 Idx  Atom   Population   Charge 
---------------------------------
  1    Cl    16.959       0.041
  2     O     8.073      -0.073
  3     O     7.968       0.032

---------------------------------
   M Diagnostic: 0.20
---------------------------------

