Computing Integrals
Basis Set                                            = def2-qzvp
Auxiliary Basis Set                                  = def2-universal-jkfit
Gaussian Type                                        = Spherical
Elapsed time:    1.63 Seconds

Number of basis functions                   (NBF)    = 70
Number of auxiliary basis functions         (NBFAUX) = 128
Inactive Doubly occupied orbitals up to     (NO1)    = 0
No. considered Strongly Doubly occupied MOs (NDOC)   = 7
No. considered Strongly Singly occupied MOs (NSOC)   = 2
NO. of Weakly occ. per St. Doubly occ.  MOs (NCWO)   = 8
Dimension of the Nat. Orb. subspace         (NBF5)   = 65
No. of electrons                                     = 16
    No. of alpha electrons                           = 9
    No. of beta electrons                            = 7
Multiplicity                                         = 3

Geometry
========
 S       0.0000000       0.0000000       0.0000000

No violations of the orthonormality
No violations of the orthonormality
 
PNOF5/ADABelief Calculation
==================
 
  Nitext  Nit_orb  Time   Nit_occ  Time         Eelec          Etot           Ediff      maxdiff    MaxGrad_orb  Grad_occ
     1      10    9.0e+00    0    1.2e+01  -397.57957837  -397.57957837 -10396.57957837   0.000098   3.9e-04   1.7e-04 0.01
 
RESULTS OF THE OCCUPATION OPTIMIZATION
========================================
   1    1.9999613  -91.37574391
   2    1.9995662  -7.59188995
   3    1.9995787  -7.59133904
   4    1.9996101  -7.51430479
   5    1.9994287  -6.99796151
   6    1.9875939  -0.68221502
   7    1.9851130  -0.65678921
   8    1.0000000  -0.24002055
   9    1.0000000  -0.24001210
  10    0.0059670  -0.00506830
  11    0.0055693  -0.00482549
  12    0.0003142  -0.00362064
  13    0.0002336  -0.00290878
  14    0.0002725  -0.00325768
  15    0.0002848  -0.00339943
  16    0.0000309  -0.00564357
  17    0.0027799  -0.00255939
  18    0.0021206  -0.00216327
  19    0.0001233  -0.00125839
  20    0.0001542  -0.00174183
  21    0.0001461  -0.00164200
  22    0.0001465  -0.00163815
  23    0.0000037  -0.00039031
  24    0.0027590  -0.00255104
  25    0.0020773  -0.00213994
  26    0.0001133  -0.00118085
  27    0.0000006  -0.00000180
  28    0.0000008  -0.00000578
  29    0.0000009  -0.00000713
  30    0.0000031  -0.00032298
  31    0.0020884  -0.00192516
  32    0.0009022  -0.00112268
  33    0.0000171  -0.00030678
  34    0.0000003  -0.00000213
  35    0.0000006  -0.00000381
  36    0.0000003  -0.00000155
  37    0.0000009  -0.00024748
  38    0.0005969  -0.00069076
  39    0.0007731  -0.00080657
  40    0.0000018  -0.00000758
  41    0.0000003  -0.00000052
  42    0.0000003  -0.00000114
  43    0.0000003  -0.00000073
  44    0.0000001  -0.00000004
  45    0.0005878  -0.00068148
  46    0.0007087  -0.00077999
  47    0.0000006  -0.00000127
  48    0.0000003  -0.00000042
  49    0.0000003  -0.00000018
  50    0.0000003  -0.00000031
  51    0.0000000  0.00000004
  52    0.0000591  -0.00011710
  53    0.0001310  -0.00016117
  54    0.0000005  -0.00000072
  55    0.0000003  -0.00000025
  56    0.0000003  -0.00000028
  57    0.0000003  -0.00000049
  58    0.0000000  0.00000005
  59    0.0000489  -0.00010754
  60    0.0001237  -0.00015344
  61    0.0000005  -0.00000022
  62    0.0000002  -0.00000004
  63    0.0000003  -0.00000015
  64    0.0000003  -0.00000011
  65    0.0000000  0.00000005
 
----------------
 Final Energies 
----------------
Final NOF Total Energy =    -397.5795784
 
Total Orbital Internal Iterations = 10
Total Occupation Internal Iterations = 0
 
Elapsed time:   26.73 Seconds

---------------------------------
   Lowdin Population Analysis    
---------------------------------
 Idx  Atom   Population   Charge 
---------------------------------
  1     S    16.000      -0.000

---------------------------------
   M Diagnostic: 0.01
---------------------------------

