Computing Integrals
Basis Set                                            = def2-qzvp
Auxiliary Basis Set                                  = def2-universal-jkfit
Gaussian Type                                        = Spherical
Elapsed time:    2.23 Seconds

Number of basis functions                   (NBF)    = 204
Number of auxiliary basis functions         (NBFAUX) = 208
Inactive Doubly occupied orbitals up to     (NO1)    = 0
No. considered Strongly Doubly occupied MOs (NDOC)   = 10
No. considered Strongly Singly occupied MOs (NSOC)   = 0
NO. of Weakly occ. per St. Doubly occ.  MOs (NCWO)   = 19
Dimension of the Nat. Orb. subspace         (NBF5)   = 200
No. of electrons                                     = 20
    No. of alpha electrons                           = 10
    No. of beta electrons                            = 10
Multiplicity                                         = 1

Geometry
========
 H      -0.0913883      -0.2448128       0.0130826
 H       1.5272733       0.3383121       0.6525543
 O      -1.2208378      -0.2356182       0.0613147
 O       1.2462132      -0.2206110      -0.0771381
 H      -1.4612604       0.3627299      -0.6498135

Orthonormality violations 17644, Maximum Violation 0.000112
Trying to orthonormalize
No violations of the orthonormality
No violations of the orthonormality
 
PNOF5/ADABelief Calculation
==================
 
  Nitext  Nit_orb  Time   Nit_occ  Time         Eelec          Etot           Ediff      maxdiff    MaxGrad_orb  Grad_occ
     1      10    1.1e+01    0    1.2e+01  -184.90146800  -151.73312008 -10183.90146800   0.000099   4.0e-04   1.9e-04 0.02
 
RESULTS OF THE OCCUPATION OPTIMIZATION
========================================
   1    1.9997862  -20.27748229
   2    1.9997962  -20.22817976
   3    1.9783011  -0.62463195
   4    1.9873796  -0.57547320
   5    1.9773128  -0.57121236
   6    1.9897450  -0.47750717
   7    1.9876315  -0.44763170
   8    1.9875616  -0.44591688
   9    1.9863977  -0.38946984
  10    1.9862448  -0.38923752
  11    0.0115831  -0.00980825
  12    0.0114597  -0.00975291
  13    0.0103539  -0.00953410
  14    0.0102683  -0.00948463
  15    0.0078391  -0.00805021
  16    0.0184056  -0.01505263
  17    0.0093360  -0.00963363
  18    0.0175918  -0.01521683
  19    0.0001825  -0.00676426
  20    0.0001842  -0.00680722
  21    0.0008641  -0.00135564
  22    0.0008542  -0.00133934
  23    0.0008275  -0.00137979
  24    0.0008087  -0.00136805
  25    0.0009517  -0.00155583
  26    0.0022963  -0.00288050
  27    0.0015449  -0.00221094
  28    0.0021564  -0.00283688
  29    0.0000175  -0.00046089
  30    0.0000178  -0.00046926
  31    0.0005195  -0.00091010
  32    0.0005232  -0.00091644
  33    0.0005282  -0.00095450
  34    0.0005292  -0.00095451
  35    0.0006132  -0.00103494
  36    0.0008997  -0.00132314
  37    0.0007366  -0.00122011
  38    0.0008816  -0.00134335
  39    0.0000020  -0.00015783
  40    0.0000077  -0.00022039
  41    0.0005169  -0.00092233
  42    0.0004735  -0.00088938
  43    0.0004511  -0.00087340
  44    0.0004425  -0.00086758
  45    0.0005645  -0.00101469
  46    0.0007982  -0.00123538
  47    0.0007185  -0.00118958
  48    0.0007748  -0.00124676
  49    0.0000002  -0.00000203
  50    0.0000022  -0.00016275
  51    0.0000671  -0.00016962
  52    0.0000774  -0.00017419
  53    0.0000652  -0.00018016
  54    0.0000724  -0.00017950
  55    0.0000648  -0.00018777
  56    0.0000652  -0.00018053
  57    0.0000671  -0.00019121
  58    0.0000642  -0.00018284
  59    0.0000001  -0.00000095
  60    0.0000003  -0.00000295
  61    0.0000618  -0.00016699
  62    0.0000633  -0.00017115
  63    0.0000624  -0.00017168
  64    0.0000592  -0.00016700
  65    0.0000575  -0.00015269
  66    0.0000520  -0.00011805
  67    0.0000541  -0.00015463
  68    0.0000511  -0.00012106
  69    0.0000001  0.00000020
  70    0.0000002  -0.00000106
  71    0.0000396  -0.00012458
  72    0.0000577  -0.00015243
  73    0.0000553  -0.00015465
  74    0.0000592  -0.00017443
  75    0.0000530  -0.00013620
  76    0.0000343  -0.00010041
  77    0.0000527  -0.00014728
  78    0.0000506  -0.00012740
  79    0.0000001  -0.00000003
  80    0.0000001  -0.00000027
  81    0.0000320  -0.00010743
  82    0.0000338  -0.00011082
  83    0.0000327  -0.00011448
  84    0.0000588  -0.00015581
  85    0.0000494  -0.00013835
  86    0.0000331  -0.00008439
  87    0.0000309  -0.00009900
  88    0.0000334  -0.00008757
  89    0.0000001  0.00000020
  90    0.0000001  0.00000032
  91    0.0000298  -0.00010432
  92    0.0000297  -0.00010295
  93    0.0000220  -0.00009995
  94    0.0000318  -0.00011514
  95    0.0000182  -0.00008207
  96    0.0000278  -0.00007616
  97    0.0000246  -0.00008513
  98    0.0000232  -0.00007467
  99    0.0000001  -0.00000002
 100    0.0000001  0.00000024
 101    0.0000163  -0.00006436
 102    0.0000101  -0.00005432
 103    0.0000149  -0.00006401
 104    0.0000097  -0.00004636
 105    0.0000132  -0.00006556
 106    0.0000256  -0.00008590
 107    0.0000180  -0.00006916
 108    0.0000216  -0.00008024
 109    0.0000001  -0.00000033
 110    0.0000001  -0.00000619
 111    0.0000060  -0.00000930
 112    0.0000045  -0.00001390
 113    0.0000054  -0.00001322
 114    0.0000059  -0.00001368
 115    0.0000074  -0.00002090
 116    0.0000143  -0.00005950
 117    0.0000116  -0.00003400
 118    0.0000138  -0.00005879
 119    0.0000001  -0.00000085
 120    0.0000001  -0.00000131
 121    0.0000036  -0.00001278
 122    0.0000029  -0.00001210
 123    0.0000034  -0.00001355
 124    0.0000050  -0.00001535
 125    0.0000054  -0.00001505
 126    0.0000087  -0.00002981
 127    0.0000071  -0.00002013
 128    0.0000085  -0.00002939
 129    0.0000001  -0.00000066
 130    0.0000001  0.00000023
 131    0.0000031  -0.00001283
 132    0.0000027  -0.00001176
 133    0.0000033  -0.00000994
 134    0.0000041  -0.00001386
 135    0.0000041  -0.00001757
 136    0.0000062  -0.00002596
 137    0.0000049  -0.00001937
 138    0.0000071  -0.00002768
 139    0.0000001  -0.00000003
 140    0.0000001  0.00000025
 141    0.0000029  -0.00000945
 142    0.0000025  -0.00001040
 143    0.0000031  -0.00000910
 144    0.0000030  -0.00001003
 145    0.0000035  -0.00001187
 146    0.0000044  -0.00001821
 147    0.0000039  -0.00001464
 148    0.0000054  -0.00002098
 149    0.0000001  -0.00000062
 150    0.0000001  0.00000026
 151    0.0000026  -0.00000893
 152    0.0000022  -0.00000688
 153    0.0000025  -0.00000876
 154    0.0000025  -0.00001246
 155    0.0000028  -0.00001019
 156    0.0000044  -0.00001828
 157    0.0000035  -0.00001530
 158    0.0000042  -0.00001847
 159    0.0000001  -0.00000004
 160    0.0000001  0.00000029
 161    0.0000023  -0.00000834
 162    0.0000016  -0.00000384
 163    0.0000025  -0.00000738
 164    0.0000025  -0.00000629
 165    0.0000023  -0.00000695
 166    0.0000038  -0.00001609
 167    0.0000020  -0.00001124
 168    0.0000038  -0.00001689
 169    0.0000001  -0.00000014
 170    0.0000001  0.00000019
 171    0.0000020  -0.00000432
 172    0.0000013  -0.00000218
 173    0.0000020  -0.00000504
 174    0.0000022  -0.00000603
 175    0.0000019  -0.00000414
 176    0.0000029  -0.00000754
 177    0.0000016  -0.00000687
 178    0.0000029  -0.00000756
 179    0.0000001  -0.00000017
 180    0.0000001  0.00000028
 181    0.0000013  -0.00000166
 182    0.0000011  -0.00000023
 183    0.0000018  -0.00000488
 184    0.0000019  -0.00000437
 185    0.0000015  -0.00000402
 186    0.0000026  -0.00000672
 187    0.0000012  -0.00000454
 188    0.0000026  -0.00000642
 189    0.0000001  0.00000029
 190    0.0000001  0.00000025
 191    0.0000011  -0.00000084
 192    0.0000010  0.00000036
 193    0.0000014  0.00000012
 194    0.0000016  -0.00000013
 195    0.0000013  -0.00000173
 196    0.0000021  -0.00000467
 197    0.0000011  -0.00000184
 198    0.0000020  -0.00000467
 199    0.0000001  -0.00000116
 200    0.0000001  0.00000020
 
----------------
 Final Energies 
----------------
Final NOF Total Energy =    -151.7331201
 
Total Orbital Internal Iterations = 10
Total Occupation Internal Iterations = 0
 
Elapsed time:   30.55 Seconds

---------------------------------
   Lowdin Population Analysis    
---------------------------------
 Idx  Atom   Population   Charge 
---------------------------------
  1     H     1.472      -0.472
  2     H     1.517      -0.517
  3     O     7.658       0.342
  4     O     7.911       0.089
  5     H     1.442      -0.442

---------------------------------
   M Diagnostic: 0.02
---------------------------------

