Computing Integrals
Basis Set                                            = def2-qzvp
Auxiliary Basis Set                                  = def2-universal-jkfit
Gaussian Type                                        = Spherical
Elapsed time:    2.53 Seconds

Number of basis functions                   (NBF)    = 184
Number of auxiliary basis functions         (NBFAUX) = 282
Inactive Doubly occupied orbitals up to     (NO1)    = 0
No. considered Strongly Doubly occupied MOs (NDOC)   = 17
No. considered Strongly Singly occupied MOs (NSOC)   = 0
NO. of Weakly occ. per St. Doubly occ.  MOs (NCWO)   = 9
Dimension of the Nat. Orb. subspace         (NBF5)   = 170
No. of electrons                                     = 34
    No. of alpha electrons                           = 17
    No. of beta electrons                            = 17
Multiplicity                                         = 1

Geometry
========
 S       0.0000000       0.0000000       0.5566340
 F       0.0000000       1.2128210      -0.4947860
 F       0.0000000      -1.2128210      -0.4947860

Orthonormality violations 669, Maximum Violation 0.000008
Trying to orthonormalize
No violations of the orthonormality
No violations of the orthonormality
 
PNOF5/ADABelief Calculation
==================
 
  Nitext  Nit_orb  Time   Nit_occ  Time         Eelec          Etot           Ediff      maxdiff    MaxGrad_orb  Grad_occ
     1      10    1.1e+01    0    1.2e+01  -709.37321443  -596.75460763 -10708.37321443   0.000095   3.8e-04   2.2e-04 0.02
 
RESULTS OF THE OCCUPATION OPTIMIZATION
========================================
   1    1.9999330  -82.75752097
   2    1.9998579  -26.32198587
   3    1.9998594  -26.32182406
   4    1.9999987  -18.46008486
   5    1.9994396  -6.79881367
   6    1.9992850  -6.79217083
   7    1.9996205  -6.77307417
   8    1.9854892  -1.06335843
   9    1.9855018  -1.06308855
  10    1.9922673  -0.96890205
  11    1.9925603  -0.96716915
  12    1.9922608  -0.96704967
  13    1.9925271  -0.96670513
  14    1.9924601  -0.96443368
  15    1.9924794  -0.96271043
  16    1.9749369  -0.64969601
  17    1.9749488  -0.64969373
  18    0.0112054  -0.00830567
  19    0.0112314  -0.00831665
  20    0.0059257  -0.00926582
  21    0.0059940  -0.00931511
  22    0.0058397  -0.00919809
  23    0.0062820  -0.00962765
  24    0.0057842  -0.00915709
  25    0.0062973  -0.00964190
  26    0.0129961  -0.01634295
  27    0.0130005  -0.01634731
  28    0.0001984  -0.00269741
  29    0.0003108  -0.00358497
  30    0.0002994  -0.00350449
  31    0.0000004  -0.00000937
  32    0.0001337  -0.00637261
  33    0.0001335  -0.00637055
  34    0.0000558  -0.00826665
  35    0.0076040  -0.00615648
  36    0.0076144  -0.00616119
  37    0.0006256  -0.00162239
  38    0.0006265  -0.00161362
  39    0.0006031  -0.00159396
  40    0.0005939  -0.00153546
  41    0.0006203  -0.00163319
  42    0.0005893  -0.00153203
  43    0.0007173  -0.00159965
  44    0.0007381  -0.00161985
  45    0.0001777  -0.00176334
  46    0.0001529  -0.00152753
  47    0.0001347  -0.00138022
  48    0.0000003  0.00000007
  49    0.0000035  -0.00011750
  50    0.0000041  -0.00013664
  51    0.0000037  -0.00036553
  52    0.0047916  -0.00427932
  53    0.0047708  -0.00427227
  54    0.0004664  -0.00121364
  55    0.0004359  -0.00116270
  56    0.0004538  -0.00120093
  57    0.0004196  -0.00109724
  58    0.0004648  -0.00123465
  59    0.0003937  -0.00105214
  60    0.0003914  -0.00086301
  61    0.0003971  -0.00087136
  62    0.0000014  -0.00000784
  63    0.0001248  -0.00124839
  64    0.0001228  -0.00123675
  65    0.0000002  0.00000003
  66    0.0000014  -0.00013216
  67    0.0000018  -0.00005046
  68    0.0000035  -0.00034184
  69    0.0008198  -0.00104191
  70    0.0008213  -0.00104286
  71    0.0003883  -0.00111439
  72    0.0003331  -0.00101369
  73    0.0004112  -0.00114509
  74    0.0003194  -0.00095281
  75    0.0004069  -0.00113765
  76    0.0003092  -0.00093288
  77    0.0003339  -0.00078786
  78    0.0003125  -0.00075722
  79    0.0000009  -0.00000189
  80    0.0001229  -0.00123651
  81    0.0000011  -0.00000812
  82    0.0000001  0.00000017
  83    0.0000006  -0.00002654
  84    0.0000014  -0.00013112
  85    0.0000022  -0.00020676
  86    0.0002830  -0.00037730
  87    0.0002813  -0.00037617
  88    0.0000448  -0.00018029
  89    0.0000416  -0.00017575
  90    0.0000449  -0.00018028
  91    0.0000435  -0.00017640
  92    0.0000459  -0.00018253
  93    0.0000419  -0.00017474
  94    0.0000275  -0.00012609
  95    0.0000237  -0.00011378
  96    0.0000003  0.00000002
  97    0.0000014  -0.00001150
  98    0.0000009  -0.00000145
  99    0.0000001  0.00000021
 100    0.0000005  -0.00002206
 101    0.0000005  -0.00002066
 102    0.0000016  -0.00042104
 103    0.0001615  -0.00024844
 104    0.0001620  -0.00024900
 105    0.0000291  -0.00014224
 106    0.0000402  -0.00017180
 107    0.0000382  -0.00017419
 108    0.0000299  -0.00013991
 109    0.0000406  -0.00017299
 110    0.0000335  -0.00015433
 111    0.0000146  -0.00007281
 112    0.0000143  -0.00007156
 113    0.0000003  0.00000006
 114    0.0000010  -0.00000231
 115    0.0000005  -0.00000020
 116    0.0000001  0.00000030
 117    0.0000003  -0.00000457
 118    0.0000003  -0.00000437
 119    0.0000001  0.00000023
 120    0.0000774  -0.00012436
 121    0.0000735  -0.00012262
 122    0.0000185  -0.00011547
 123    0.0000290  -0.00013491
 124    0.0000307  -0.00014032
 125    0.0000273  -0.00013406
 126    0.0000324  -0.00014860
 127    0.0000309  -0.00013987
 128    0.0000067  -0.00004640
 129    0.0000104  -0.00005320
 130    0.0000002  0.00000022
 131    0.0000004  0.00000004
 132    0.0000004  0.00000004
 133    0.0000001  0.00000022
 134    0.0000002  -0.00000395
 135    0.0000002  -0.00000399
 136    0.0000001  0.00000027
 137    0.0000670  -0.00011152
 138    0.0000657  -0.00011100
 139    0.0000124  -0.00009054
 140    0.0000285  -0.00013875
 141    0.0000280  -0.00013990
 142    0.0000133  -0.00008329
 143    0.0000269  -0.00013230
 144    0.0000247  -0.00012407
 145    0.0000060  -0.00002700
 146    0.0000083  -0.00003286
 147    0.0000002  0.00000024
 148    0.0000004  -0.00000002
 149    0.0000003  -0.00000010
 150    0.0000001  0.00000029
 151    0.0000002  -0.00000304
 152    0.0000002  -0.00000302
 153    0.0000000  0.00000021
 154    0.0000416  -0.00007713
 155    0.0000427  -0.00007770
 156    0.0000100  -0.00007404
 157    0.0000112  -0.00008226
 158    0.0000232  -0.00012343
 159    0.0000103  -0.00007194
 160    0.0000178  -0.00010910
 161    0.0000122  -0.00007878
 162    0.0000047  -0.00002525
 163    0.0000059  -0.00002638
 164    0.0000001  0.00000022
 165    0.0000004  0.00000000
 166    0.0000003  0.00000022
 167    0.0000001  0.00000025
 168    0.0000001  -0.00000574
 169    0.0000001  -0.00000573
 170    0.0000000  0.00000018
 
----------------
 Final Energies 
----------------
Final NOF Total Energy =    -596.7546076
 
Total Orbital Internal Iterations = 10
Total Occupation Internal Iterations = 0
 
Elapsed time:   30.54 Seconds

---------------------------------
   Lowdin Population Analysis    
---------------------------------
 Idx  Atom   Population   Charge 
---------------------------------
  1     S    15.966       0.034
  2     F     9.017      -0.017
  3     F     9.017      -0.017

---------------------------------
   M Diagnostic: 0.02
---------------------------------

